This file contains any messages produced by compilers while
running configure, to aid debugging if configure makes a mistake.

It was created by configure, which was
generated by GNU Autoconf 2.68.  Invocation command line was

  $ ./configure --build=x86_64-pc-linux-gnu --host=arm-linux-eabi

## --------- ##
## Platform. ##
## --------- ##

hostname = mj10777-01-l
uname -m = x86_64
uname -r = 3.2.0-56-generic
uname -s = Linux
uname -v = #86-Ubuntu SMP Wed Oct 23 09:20:45 UTC 2013

/usr/bin/uname -p = unknown
/bin/uname -X     = unknown

/bin/arch              = unknown
/usr/bin/arch -k       = unknown
/usr/convex/getsysinfo = unknown
/usr/bin/hostinfo      = unknown
/bin/machine           = unknown
/usr/bin/oslevel       = unknown
/bin/universe          = unknown

PATH: /usr/local/pgsql/bin
PATH: /usr/local/pgsql/bin
PATH: /home/mj10777/bin
PATH: /usr/local/pgsql/bin
PATH: /usr/lib/lightdm/lightdm
PATH: /usr/local/sbin
PATH: /usr/local/bin
PATH: /usr/sbin
PATH: /usr/bin
PATH: /sbin
PATH: /bin
PATH: /usr/games
PATH: /home/mj10777/000_links/gnu_source/qt_dev/Qt5.1.0/5.1.0/gcc_64/bin
PATH: /home/mj10777/000_links/gnu_source/adt-bundle-linux/sdk
PATH: /home/mj10777/000_links/gnu_source/adt-bundle-linux/sdk/tools/home/mj10777/gnu_source/adt-bundle-linux/sdk/platform-tools
PATH: /home/mj10777/gnu_source/adt-bundle-linux/sdk/tools
PATH: /home/mj10777/gnu_source/adt-bundle-linux/android-ndk-r8e


## ----------- ##
## Core tests. ##
## ----------- ##

configure:2173: checking whether make sets $(MAKE)
configure:2195: result: yes
configure:2216: checking for arm-linux-eabi-gcc
configure:2246: result: no
configure:2256: checking for gcc
configure:2272: found /usr/bin/gcc
configure:2283: result: gcc
configure:2295: WARNING: using cross tools not prefixed with host triplet
configure:2512: checking for C compiler version
configure:2521: gcc --version >&5
gcc (Ubuntu 4.8.1-2ubuntu1~12.04) 4.8.1
Copyright (C) 2013 Free Software Foundation, Inc.
This is free software; see the source for copying conditions.  There is NO
warranty; not even for MERCHANTABILITY or FITNESS FOR A PARTICULAR PURPOSE.

configure:2532: $? = 0
configure:2521: gcc -v >&5
Using built-in specs.
COLLECT_GCC=gcc
COLLECT_LTO_WRAPPER=/usr/lib/gcc/x86_64-linux-gnu/4.8/lto-wrapper
Target: x86_64-linux-gnu
Configured with: ../src/configure -v --with-pkgversion='Ubuntu 4.8.1-2ubuntu1~12.04' --with-bugurl=file:///usr/share/doc/gcc-4.8/README.Bugs --enable-languages=c,c++,java,go,d,fortran,objc,obj-c++ --prefix=/usr --program-suffix=-4.8 --enable-shared --enable-linker-build-id --libexecdir=/usr/lib --without-included-gettext --enable-threads=posix --with-gxx-include-dir=/usr/include/c++/4.8 --libdir=/usr/lib --enable-nls --with-sysroot=/ --enable-clocale=gnu --enable-libstdcxx-debug --enable-libstdcxx-time=yes --enable-gnu-unique-object --enable-plugin --with-system-zlib --disable-browser-plugin --enable-java-awt=gtk --enable-gtk-cairo --with-java-home=/usr/lib/jvm/java-1.5.0-gcj-4.8-amd64/jre --enable-java-home --with-jvm-root-dir=/usr/lib/jvm/java-1.5.0-gcj-4.8-amd64 --with-jvm-jar-dir=/usr/lib/jvm-exports/java-1.5.0-gcj-4.8-amd64 --with-arch-directory=amd64 --with-ecj-jar=/usr/share/java/eclipse-ecj.jar --enable-objc-gc --enable-multiarch --disable-werror --with-arch-32=i686 --with-abi=m64 --with-multilib-list=m32,m64 --with-tune=generic --enable-checking=release --build=x86_64-linux-gnu --host=x86_64-linux-gnu --target=x86_64-linux-gnu
Thread model: posix
gcc version 4.8.1 (Ubuntu 4.8.1-2ubuntu1~12.04) 
configure:2532: $? = 0
configure:2521: gcc -V >&5
gcc: error: unrecognized command line option '-V'
gcc: fatal error: no input files
compilation terminated.
configure:2532: $? = 4
configure:2521: gcc -qversion >&5
gcc: error: unrecognized command line option '-qversion'
gcc: fatal error: no input files
compilation terminated.
configure:2532: $? = 4
configure:2552: checking whether the C compiler works
configure:2574: gcc    conftest.c  >&5
configure:2578: $? = 0
configure:2626: result: yes
configure:2629: checking for C compiler default output file name
configure:2631: result: a.out
configure:2637: checking for suffix of executables
configure:2644: gcc -o conftest    conftest.c  >&5
configure:2648: $? = 0
configure:2670: result: 
configure:2692: checking whether we are cross compiling
configure:2730: result: yes
configure:2735: checking for suffix of object files
configure:2757: gcc -c   conftest.c >&5
configure:2761: $? = 0
configure:2782: result: o
configure:2786: checking whether we are using the GNU C compiler
configure:2805: gcc -c   conftest.c >&5
configure:2805: $? = 0
configure:2814: result: yes
configure:2823: checking whether gcc accepts -g
configure:2843: gcc -c -g  conftest.c >&5
configure:2843: $? = 0
configure:2884: result: yes
configure:2901: checking for gcc option to accept ISO C89
configure:2965: gcc  -c -g -O2  conftest.c >&5
configure:2965: $? = 0
configure:2978: result: none needed
configure:3003: checking how to run the C preprocessor
configure:3034: gcc -E  conftest.c
configure:3034: $? = 0
configure:3048: gcc -E  conftest.c
conftest.c:9:28: fatal error: ac_nonexistent.h: No such file or directory
 #include <ac_nonexistent.h>
                            ^
compilation terminated.
configure:3048: $? = 1
configure: failed program was:
| /* confdefs.h */
| #define PACKAGE_NAME ""
| #define PACKAGE_TARNAME ""
| #define PACKAGE_VERSION ""
| #define PACKAGE_STRING ""
| #define PACKAGE_BUGREPORT ""
| #define PACKAGE_URL ""
| /* end confdefs.h.  */
| #include <ac_nonexistent.h>
configure:3073: result: gcc -E
configure:3093: gcc -E  conftest.c
configure:3093: $? = 0
configure:3107: gcc -E  conftest.c
conftest.c:9:28: fatal error: ac_nonexistent.h: No such file or directory
 #include <ac_nonexistent.h>
                            ^
compilation terminated.
configure:3107: $? = 1
configure: failed program was:
| /* confdefs.h */
| #define PACKAGE_NAME ""
| #define PACKAGE_TARNAME ""
| #define PACKAGE_VERSION ""
| #define PACKAGE_STRING ""
| #define PACKAGE_BUGREPORT ""
| #define PACKAGE_URL ""
| /* end confdefs.h.  */
| #include <ac_nonexistent.h>
configure:3149: checking for a BSD-compatible install
configure:3217: result: /usr/bin/install -c
configure:3234: checking build system type
configure:3248: result: x86_64-pc-linux-gnu
configure:3268: checking host system type
configure:3281: result: arm-linux-eabi
configure:3304: checking whether to activate relocatable installation
configure:3319: result: no
configure:3356: checking for grep that handles long lines and -e
configure:3414: result: /bin/grep
configure:3419: checking for egrep
configure:3481: result: /bin/grep -E
configure:3486: checking for ANSI C header files
configure:3506: gcc -c -g -O2  conftest.c >&5
configure:3506: $? = 0
configure:3590: result: yes
configure:3603: checking for sys/types.h
configure:3603: gcc -c -g -O2  conftest.c >&5
configure:3603: $? = 0
configure:3603: result: yes
configure:3603: checking for sys/stat.h
configure:3603: gcc -c -g -O2  conftest.c >&5
configure:3603: $? = 0
configure:3603: result: yes
configure:3603: checking for stdlib.h
configure:3603: gcc -c -g -O2  conftest.c >&5
configure:3603: $? = 0
configure:3603: result: yes
configure:3603: checking for string.h
configure:3603: gcc -c -g -O2  conftest.c >&5
configure:3603: $? = 0
configure:3603: result: yes
configure:3603: checking for memory.h
configure:3603: gcc -c -g -O2  conftest.c >&5
configure:3603: $? = 0
configure:3603: result: yes
configure:3603: checking for strings.h
configure:3603: gcc -c -g -O2  conftest.c >&5
configure:3603: $? = 0
configure:3603: result: yes
configure:3603: checking for inttypes.h
configure:3603: gcc -c -g -O2  conftest.c >&5
configure:3603: $? = 0
configure:3603: result: yes
configure:3603: checking for stdint.h
configure:3603: gcc -c -g -O2  conftest.c >&5
configure:3603: $? = 0
configure:3603: result: yes
configure:3603: checking for unistd.h
configure:3603: gcc -c -g -O2  conftest.c >&5
configure:3603: $? = 0
configure:3603: result: yes
configure:3616: checking minix/config.h usability
configure:3616: gcc -c -g -O2  conftest.c >&5
conftest.c:53:26: fatal error: minix/config.h: No such file or directory
 #include <minix/config.h>
                          ^
compilation terminated.
configure:3616: $? = 1
configure: failed program was:
| /* confdefs.h */
| #define PACKAGE_NAME ""
| #define PACKAGE_TARNAME ""
| #define PACKAGE_VERSION ""
| #define PACKAGE_STRING ""
| #define PACKAGE_BUGREPORT ""
| #define PACKAGE_URL ""
| #define INSTALLPREFIX "/usr/local"
| #define STDC_HEADERS 1
| #define HAVE_SYS_TYPES_H 1
| #define HAVE_SYS_STAT_H 1
| #define HAVE_STDLIB_H 1
| #define HAVE_STRING_H 1
| #define HAVE_MEMORY_H 1
| #define HAVE_STRINGS_H 1
| #define HAVE_INTTYPES_H 1
| #define HAVE_STDINT_H 1
| #define HAVE_UNISTD_H 1
| /* end confdefs.h.  */
| #include <stdio.h>
| #ifdef HAVE_SYS_TYPES_H
| # include <sys/types.h>
| #endif
| #ifdef HAVE_SYS_STAT_H
| # include <sys/stat.h>
| #endif
| #ifdef STDC_HEADERS
| # include <stdlib.h>
| # include <stddef.h>
| #else
| # ifdef HAVE_STDLIB_H
| #  include <stdlib.h>
| # endif
| #endif
| #ifdef HAVE_STRING_H
| # if !defined STDC_HEADERS && defined HAVE_MEMORY_H
| #  include <memory.h>
| # endif
| # include <string.h>
| #endif
| #ifdef HAVE_STRINGS_H
| # include <strings.h>
| #endif
| #ifdef HAVE_INTTYPES_H
| # include <inttypes.h>
| #endif
| #ifdef HAVE_STDINT_H
| # include <stdint.h>
| #endif
| #ifdef HAVE_UNISTD_H
| # include <unistd.h>
| #endif
| #include <minix/config.h>
configure:3616: result: no
configure:3616: checking minix/config.h presence
configure:3616: gcc -E  conftest.c
conftest.c:20:26: fatal error: minix/config.h: No such file or directory
 #include <minix/config.h>
                          ^
compilation terminated.
configure:3616: $? = 1
configure: failed program was:
| /* confdefs.h */
| #define PACKAGE_NAME ""
| #define PACKAGE_TARNAME ""
| #define PACKAGE_VERSION ""
| #define PACKAGE_STRING ""
| #define PACKAGE_BUGREPORT ""
| #define PACKAGE_URL ""
| #define INSTALLPREFIX "/usr/local"
| #define STDC_HEADERS 1
| #define HAVE_SYS_TYPES_H 1
| #define HAVE_SYS_STAT_H 1
| #define HAVE_STDLIB_H 1
| #define HAVE_STRING_H 1
| #define HAVE_MEMORY_H 1
| #define HAVE_STRINGS_H 1
| #define HAVE_INTTYPES_H 1
| #define HAVE_STDINT_H 1
| #define HAVE_UNISTD_H 1
| /* end confdefs.h.  */
| #include <minix/config.h>
configure:3616: result: no
configure:3616: checking for minix/config.h
configure:3616: result: no
configure:3637: checking whether it is safe to define __EXTENSIONS__
configure:3655: gcc -c -g -O2  conftest.c >&5
configure:3655: $? = 0
configure:3662: result: yes
configure:3728: checking how to print strings
configure:3755: result: printf
configure:3776: checking for a sed that does not truncate output
configure:3840: result: /bin/sed
configure:3858: checking for fgrep
configure:3920: result: /bin/grep -F
configure:3955: checking for ld used by gcc
configure:4022: result: /usr/bin/ld
configure:4029: checking if the linker (/usr/bin/ld) is GNU ld
configure:4044: result: yes
configure:4056: checking for BSD- or MS-compatible name lister (nm)
configure:4105: result: no
configure:4119: checking for arm-linux-eabi-dumpbin
configure:4149: result: no
configure:4119: checking for arm-linux-eabi-link
configure:4149: result: no
configure:4163: checking for dumpbin
configure:4193: result: no
configure:4163: checking for link
configure:4179: found /usr/bin/link
configure:4190: result: link -dump
configure:4235: checking the name lister (nm) interface
configure:4242: gcc -c -g -O2  conftest.c >&5
configure:4245: nm "conftest.o"
configure:4248: output
0000000000000000 B some_variable
configure:4255: result: BSD nm
configure:4258: checking whether ln -s works
configure:4262: result: yes
configure:4270: checking the maximum length of command line arguments
configure:4395: result: 1572864
configure:4412: checking whether the shell understands some XSI constructs
configure:4422: result: yes
configure:4426: checking whether the shell understands "+="
configure:4432: result: yes
configure:4467: checking how to convert x86_64-pc-linux-gnu file names to arm-linux-eabi format
configure:4507: result: func_convert_file_noop
configure:4514: checking how to convert x86_64-pc-linux-gnu file names to toolchain format
configure:4534: result: func_convert_file_noop
configure:4541: checking for /usr/bin/ld option to reload object files
configure:4548: result: -r
configure:4582: checking for arm-linux-eabi-objdump
configure:4612: result: no
configure:4622: checking for objdump
configure:4638: found /usr/bin/objdump
configure:4649: result: objdump
configure:4678: checking how to recognize dependent libraries
configure:4880: result: unknown
configure:4925: checking for arm-linux-eabi-dlltool
configure:4955: result: no
configure:4965: checking for dlltool
configure:4995: result: no
configure:5022: checking how to associate runtime and link libraries
configure:5049: result: printf %s\n
configure:5065: checking for arm-linux-eabi-ar
configure:5095: result: no
configure:5109: checking for ar
configure:5125: found /usr/bin/ar
configure:5136: result: ar
configure:5173: checking for archiver @FILE support
configure:5190: gcc -c -g -O2  conftest.c >&5
configure:5190: $? = 0
configure:5193: ar cru libconftest.a @conftest.lst >&5
configure:5196: $? = 0
configure:5201: ar cru libconftest.a @conftest.lst >&5
ar: conftest.o: No such file or directory
configure:5204: $? = 1
configure:5216: result: @
configure:5234: checking for arm-linux-eabi-strip
configure:5264: result: no
configure:5274: checking for strip
configure:5290: found /usr/bin/strip
configure:5301: result: strip
configure:5333: checking for arm-linux-eabi-ranlib
configure:5363: result: no
configure:5373: checking for ranlib
configure:5389: found /usr/bin/ranlib
configure:5400: result: ranlib
configure:5477: checking for gawk
configure:5493: found /usr/bin/gawk
configure:5504: result: gawk
configure:5544: checking command to parse nm output from gcc object
configure:5663: gcc -c -g -O2  conftest.c >&5
configure:5666: $? = 0
configure:5670: nm conftest.o \| sed -n -e 's/^.*[ ]\([ABCDGIRSTW][ABCDGIRSTW]*\)[ ][ ]*\([_A-Za-z][_A-Za-z0-9]*\)$/\1 \2 \2/p' | sed '/ __gnu_lto/d' \> conftest.nm
configure:5673: $? = 0
configure:5739: gcc -o conftest -g -O2   conftest.c conftstm.o >&5
configure:5742: $? = 0
configure:5780: result: ok
configure:5817: checking for sysroot
configure:5847: result: no
configure:6050: checking for arm-linux-eabi-mt
configure:6080: result: no
configure:6090: checking for mt
configure:6106: found /bin/mt
configure:6117: result: mt
configure:6140: checking if mt is a manifest tool
configure:6146: mt '-?'
configure:6154: result: no
configure:6783: checking for dlfcn.h
configure:6783: gcc -c -g -O2  conftest.c >&5
configure:6783: $? = 0
configure:6783: result: yes
configure:7268: checking for objdir
configure:7283: result: .libs
configure:7554: checking if gcc supports -fno-rtti -fno-exceptions
configure:7572: gcc -c -g -O2  -fno-rtti -fno-exceptions conftest.c >&5
cc1: warning: command line option '-fno-rtti' is valid for C++/ObjC++ but not for C [enabled by default]
configure:7576: $? = 0
configure:7589: result: no
configure:7899: checking for gcc option to produce PIC
configure:7906: result: -fPIC -DPIC
configure:7914: checking if gcc PIC flag -fPIC -DPIC works
configure:7932: gcc -c -g -O2  -fPIC -DPIC -DPIC conftest.c >&5
configure:7936: $? = 0
configure:7949: result: yes
configure:7978: checking if gcc static flag -static works
configure:8006: result: yes
configure:8021: checking if gcc supports -c -o file.o
configure:8042: gcc -c -g -O2  -o out/conftest2.o conftest.c >&5
configure:8046: $? = 0
configure:8068: result: yes
configure:8076: checking if gcc supports -c -o file.o
configure:8123: result: yes
configure:8156: checking whether the gcc linker (/usr/bin/ld) supports shared libraries
configure:9314: result: yes
configure:9351: checking whether -lc should be explicitly linked in
configure:9359: gcc -c -g -O2  conftest.c >&5
configure:9362: $? = 0
configure:9377: gcc -shared  -fPIC -DPIC conftest.o  -v -Wl,-soname -Wl,conftest -o conftest 2\>\&1 \| /bin/grep  -lc  \>/dev/null 2\>\&1
configure:9380: $? = 0
configure:9394: result: no
configure:9559: checking dynamic linker characteristics
configure:10295: result: no
configure:10402: checking how to hardcode library paths into programs
configure:10427: result: immediate
configure:10967: checking whether stripping libraries is possible
configure:10972: result: yes
configure:11007: checking if libtool supports shared libraries
configure:11009: result: no
configure:11012: checking whether to build shared libraries
configure:11033: result: no
configure:11036: checking whether to build static libraries
configure:11040: result: yes
configure:11080: checking for simple visibility declarations
configure:11102: gcc -c -g -O2 -fvisibility=hidden  conftest.c >&5
configure:11102: $? = 0
configure:11111: result: yes
configure:11129: checking for nl_langinfo and CODESET
configure:11145: gcc -o conftest -g -O2   conftest.c  >&5
configure:11145: $? = 0
configure:11154: result: yes
configure:11164: checking for working fcntl.h
configure:11236: result: cross-compiling
configure:11260: checking whether we are using the GNU C Library 2.1 or newer
configure:11287: result: yes
configure:11295: checking for setlocale
configure:11295: gcc -o conftest -g -O2   conftest.c  >&5
configure:11295: $? = 0
configure:11295: result: yes
configure:11427: creating ./config.status

## ---------------------- ##
## Running config.status. ##
## ---------------------- ##

This file was extended by config.status, which was
generated by GNU Autoconf 2.68.  Invocation command line was

  CONFIG_FILES    = 
  CONFIG_HEADERS  = 
  CONFIG_LINKS    = 
  CONFIG_COMMANDS = 
  $ ./config.status 

on mj10777-01-l

config.status:1073: creating Makefile
config.status:1073: creating lib/Makefile
config.status:1073: creating include/localcharset.h
config.status:1073: creating include/localcharset.h.inst
config.status:1073: creating config.h
config.status:1248: config.h is unchanged
config.status:1262: executing libtool commands

## ---------------- ##
## Cache variables. ##
## ---------------- ##

ac_cv_build=x86_64-pc-linux-gnu
ac_cv_c_compiler_gnu=yes
ac_cv_env_CC_set=
ac_cv_env_CC_value=
ac_cv_env_CFLAGS_set=
ac_cv_env_CFLAGS_value=
ac_cv_env_CPPFLAGS_set=
ac_cv_env_CPPFLAGS_value=
ac_cv_env_CPP_set=
ac_cv_env_CPP_value=
ac_cv_env_LDFLAGS_set=
ac_cv_env_LDFLAGS_value=
ac_cv_env_LIBS_set=
ac_cv_env_LIBS_value=
ac_cv_env_build_alias_set=set
ac_cv_env_build_alias_value=x86_64-pc-linux-gnu
ac_cv_env_host_alias_set=set
ac_cv_env_host_alias_value=arm-linux-eabi
ac_cv_env_target_alias_set=
ac_cv_env_target_alias_value=
ac_cv_func_setlocale=yes
ac_cv_gnu_library_2_1=yes
ac_cv_header_dlfcn_h=yes
ac_cv_header_inttypes_h=yes
ac_cv_header_memory_h=yes
ac_cv_header_minix_config_h=no
ac_cv_header_stdc=yes
ac_cv_header_stdint_h=yes
ac_cv_header_stdlib_h=yes
ac_cv_header_string_h=yes
ac_cv_header_strings_h=yes
ac_cv_header_sys_stat_h=yes
ac_cv_header_sys_types_h=yes
ac_cv_header_unistd_h=yes
ac_cv_host=arm-linux-eabi
ac_cv_objext=o
ac_cv_path_EGREP='/bin/grep -E'
ac_cv_path_FGREP='/bin/grep -F'
ac_cv_path_GREP=/bin/grep
ac_cv_path_SED=/bin/sed
ac_cv_path_install='/usr/bin/install -c'
ac_cv_prog_AWK=gawk
ac_cv_prog_CPP='gcc -E'
ac_cv_prog_ac_ct_AR=ar
ac_cv_prog_ac_ct_CC=gcc
ac_cv_prog_ac_ct_DUMPBIN='link -dump'
ac_cv_prog_ac_ct_MANIFEST_TOOL=mt
ac_cv_prog_ac_ct_OBJDUMP=objdump
ac_cv_prog_ac_ct_RANLIB=ranlib
ac_cv_prog_ac_ct_STRIP=strip
ac_cv_prog_cc_c89=
ac_cv_prog_cc_g=yes
ac_cv_prog_make_make_set=yes
ac_cv_safe_to_define___extensions__=yes
am_cv_langinfo_codeset=yes
gl_cv_cc_visibility=yes
gl_cv_header_working_fcntl_h=cross-compiling
lt_cv_ar_at_file=@
lt_cv_archive_cmds_need_lc=no
lt_cv_deplibs_check_method=unknown
lt_cv_file_magic_cmd='$MAGIC_CMD'
lt_cv_file_magic_test_file=
lt_cv_ld_reload_flag=-r
lt_cv_nm_interface='BSD nm'
lt_cv_objdir=.libs
lt_cv_path_LD=/usr/bin/ld
lt_cv_path_NM=no
lt_cv_path_mainfest_tool=no
lt_cv_prog_compiler_c_o=yes
lt_cv_prog_compiler_pic='-fPIC -DPIC'
lt_cv_prog_compiler_pic_works=yes
lt_cv_prog_compiler_rtti_exceptions=no
lt_cv_prog_compiler_static_works=yes
lt_cv_prog_gnu_ld=yes
lt_cv_sharedlib_from_linklib_cmd='printf %s\n'
lt_cv_sys_global_symbol_pipe='sed -n -e '\''s/^.*[	 ]\([ABCDGIRSTW][ABCDGIRSTW]*\)[	 ][	 ]*\([_A-Za-z][_A-Za-z0-9]*\)$/\1 \2 \2/p'\'' | sed '\''/ __gnu_lto/d'\'''
lt_cv_sys_global_symbol_to_c_name_address='sed -n -e '\''s/^: \([^ ]*\)[ ]*$/  {\"\1\", (void *) 0},/p'\'' -e '\''s/^[ABCDGIRSTW]* \([^ ]*\) \([^ ]*\)$/  {"\2", (void *) \&\2},/p'\'''
lt_cv_sys_global_symbol_to_c_name_address_lib_prefix='sed -n -e '\''s/^: \([^ ]*\)[ ]*$/  {\"\1\", (void *) 0},/p'\'' -e '\''s/^[ABCDGIRSTW]* \([^ ]*\) \(lib[^ ]*\)$/  {"\2", (void *) \&\2},/p'\'' -e '\''s/^[ABCDGIRSTW]* \([^ ]*\) \([^ ]*\)$/  {"lib\2", (void *) \&\2},/p'\'''
lt_cv_sys_global_symbol_to_cdecl='sed -n -e '\''s/^T .* \(.*\)$/extern int \1();/p'\'' -e '\''s/^[ABCDGIRSTW]* .* \(.*\)$/extern char \1;/p'\'''
lt_cv_sys_max_cmd_len=1572864
lt_cv_to_host_file_cmd=func_convert_file_noop
lt_cv_to_tool_file_cmd=func_convert_file_noop

## ----------------- ##
## Output variables. ##
## ----------------- ##

AR='ar'
AS='as'
AWK='gawk'
CC='gcc'
CFLAGS='-g -O2'
CFLAG_VISIBILITY='-fvisibility=hidden'
CPP='gcc -E'
CPPFLAGS=''
DEFS='-DHAVE_CONFIG_H'
DLLTOOL='false'
DSYMUTIL=''
DUMPBIN=':'
ECHO_C=''
ECHO_N='-n'
ECHO_T=''
EGREP='/bin/grep -E'
EXEEXT=''
FGREP='/bin/grep -F'
GLIBC21='yes'
GREP='/bin/grep'
HAVE_VISIBILITY='1'
INSTALL_DATA='${INSTALL} -m 644'
INSTALL_PROGRAM='${INSTALL}'
INSTALL_SCRIPT='${INSTALL}'
LD='/usr/bin/ld'
LDFLAGS=''
LIBOBJS=''
LIBS=''
LIBTOOL='/bin/bash $(top_builddir)/libtool'
LIPO=''
LN_S='ln -s'
LTLIBOBJS=''
MANIFEST_TOOL=':'
NM='nm'
NMEDIT=''
OBJDUMP='objdump'
OBJEXT='o'
OTOOL64=''
OTOOL=''
PACKAGE=''
PACKAGE_BUGREPORT=''
PACKAGE_NAME=''
PACKAGE_STRING=''
PACKAGE_TARNAME=''
PACKAGE_URL=''
PACKAGE_VERSION=''
PATH_SEPARATOR=':'
RANLIB='ranlib'
RELOCATABLE='no'
SED='/bin/sed'
SET_MAKE=''
SHELL='/bin/bash'
STRIP='strip'
VERSION=''
ac_ct_AR='ar'
ac_ct_CC='gcc'
ac_ct_DUMPBIN='link -dump'
bindir='${exec_prefix}/bin'
build='x86_64-pc-linux-gnu'
build_alias='x86_64-pc-linux-gnu'
build_cpu='x86_64'
build_os='linux-gnu'
build_vendor='pc'
datadir='${datarootdir}'
datarootdir='${prefix}/share'
docdir='${datarootdir}/doc/${PACKAGE}'
dvidir='${docdir}'
exec_prefix='${prefix}'
host='arm-linux-eabi'
host_alias='arm-linux-eabi'
host_cpu='arm'
host_os='eabi'
host_vendor='linux'
htmldir='${docdir}'
includedir='${prefix}/include'
infodir='${datarootdir}/info'
libdir='${exec_prefix}/lib'
libexecdir='${exec_prefix}/libexec'
localedir='${datarootdir}/locale'
localstatedir='${prefix}/var'
mandir='${datarootdir}/man'
oldincludedir='/usr/include'
pdfdir='${docdir}'
prefix='/usr/local'
program_transform_name='s,x,x,'
psdir='${docdir}'
sbindir='${exec_prefix}/sbin'
sharedstatedir='${prefix}/com'
sysconfdir='${prefix}/etc'
target_alias=''

## ----------- ##
## confdefs.h. ##
## ----------- ##

/* confdefs.h */
#define PACKAGE_NAME ""
#define PACKAGE_TARNAME ""
#define PACKAGE_VERSION ""
#define PACKAGE_STRING ""
#define PACKAGE_BUGREPORT ""
#define PACKAGE_URL ""
#define INSTALLPREFIX "/usr/local"
#define STDC_HEADERS 1
#define HAVE_SYS_TYPES_H 1
#define HAVE_SYS_STAT_H 1
#define HAVE_STDLIB_H 1
#define HAVE_STRING_H 1
#define HAVE_MEMORY_H 1
#define HAVE_STRINGS_H 1
#define HAVE_INTTYPES_H 1
#define HAVE_STDINT_H 1
#define HAVE_UNISTD_H 1
#define __EXTENSIONS__ 1
#define _ALL_SOURCE 1
#define _GNU_SOURCE 1
#define _POSIX_PTHREAD_SEMANTICS 1
#define _TANDEM_SOURCE 1
#define HAVE_DLFCN_H 1
#define LT_OBJDIR ".libs/"
#define HAVE_VISIBILITY 1
#define HAVE_LANGINFO_CODESET 1
#define HAVE_WORKING_O_NOATIME 0
#define HAVE_WORKING_O_NOFOLLOW 0
#define HAVE_SETLOCALE 1

configure: exit 0
