This file contains any messages produced by compilers while
running configure, to aid debugging if configure makes a mistake.

It was created by libspatialite configure 4.1.1, which was
generated by GNU Autoconf 2.69.  Invocation command line was

  $ ./configure --build=x86_64-pc-linux-gnu --host=arm-linux-eabi --enable-geosadvanced=yes --enable-geostrunk=yes

## --------- ##
## Platform. ##
## --------- ##

hostname = mj10777-01-l
uname -m = x86_64
uname -r = 3.2.0-56-generic
uname -s = Linux
uname -v = #86-Ubuntu SMP Wed Oct 23 09:20:45 UTC 2013

/usr/bin/uname -p = unknown
/bin/uname -X     = unknown

/bin/arch              = unknown
/usr/bin/arch -k       = unknown
/usr/convex/getsysinfo = unknown
/usr/bin/hostinfo      = unknown
/bin/machine           = unknown
/usr/bin/oslevel       = unknown
/bin/universe          = unknown

PATH: /usr/local/pgsql/bin
PATH: /usr/local/pgsql/bin
PATH: /home/mj10777/bin
PATH: /usr/local/pgsql/bin
PATH: /usr/lib/lightdm/lightdm
PATH: /usr/local/sbin
PATH: /usr/local/bin
PATH: /usr/sbin
PATH: /usr/bin
PATH: /sbin
PATH: /bin
PATH: /usr/games
PATH: /home/mj10777/000_links/gnu_source/qt_dev/Qt5.1.0/5.1.0/gcc_64/bin
PATH: /home/mj10777/000_links/gnu_source/adt-bundle-linux/sdk
PATH: /home/mj10777/000_links/gnu_source/adt-bundle-linux/sdk/tools/home/mj10777/000_links/gnu_source/adt-bundle-linux/sdk/platform-tools
PATH: /home/mj10777/000_links/gnu_source/adt-bundle-linux/sdk/tools
PATH: /home/mj10777/000_links/gnu_source/adt-bundle-linux/android-ndk-r9c
PATH: /home/mj10777/000_links/gnu_source/adt-bundle-linux/apache-ant/bin


## ----------- ##
## Core tests. ##
## ----------- ##

configure:2511: checking for a BSD-compatible install
configure:2579: result: /usr/bin/install -c
configure:2590: checking whether build environment is sane
configure:2645: result: yes
configure:2704: checking for arm-linux-eabi-strip
configure:2734: result: no
configure:2744: checking for strip
configure:2760: found /usr/bin/strip
configure:2771: result: strip
configure:2783: WARNING: using cross tools not prefixed with host triplet
configure:2796: checking for a thread-safe mkdir -p
configure:2835: result: /bin/mkdir -p
configure:2842: checking for gawk
configure:2858: found /usr/bin/gawk
configure:2869: result: gawk
configure:2880: checking whether make sets $(MAKE)
configure:2902: result: yes
configure:2989: checking whether to enable maintainer-specific portions of Makefiles
configure:2998: result: no
configure:3058: checking for style of include used by make
configure:3086: result: GNU
configure:3117: checking for arm-linux-eabi-gcc
configure:3147: result: no
configure:3157: checking for gcc
configure:3173: found /usr/bin/gcc
configure:3184: result: gcc
configure:3413: checking for C compiler version
configure:3422: gcc --version >&5
gcc (Ubuntu 4.8.1-2ubuntu1~12.04) 4.8.1
Copyright (C) 2013 Free Software Foundation, Inc.
This is free software; see the source for copying conditions.  There is NO
warranty; not even for MERCHANTABILITY or FITNESS FOR A PARTICULAR PURPOSE.

configure:3433: $? = 0
configure:3422: gcc -v >&5
Using built-in specs.
COLLECT_GCC=gcc
COLLECT_LTO_WRAPPER=/usr/lib/gcc/x86_64-linux-gnu/4.8/lto-wrapper
Target: x86_64-linux-gnu
Configured with: ../src/configure -v --with-pkgversion='Ubuntu 4.8.1-2ubuntu1~12.04' --with-bugurl=file:///usr/share/doc/gcc-4.8/README.Bugs --enable-languages=c,c++,java,go,d,fortran,objc,obj-c++ --prefix=/usr --program-suffix=-4.8 --enable-shared --enable-linker-build-id --libexecdir=/usr/lib --without-included-gettext --enable-threads=posix --with-gxx-include-dir=/usr/include/c++/4.8 --libdir=/usr/lib --enable-nls --with-sysroot=/ --enable-clocale=gnu --enable-libstdcxx-debug --enable-libstdcxx-time=yes --enable-gnu-unique-object --enable-plugin --with-system-zlib --disable-browser-plugin --enable-java-awt=gtk --enable-gtk-cairo --with-java-home=/usr/lib/jvm/java-1.5.0-gcj-4.8-amd64/jre --enable-java-home --with-jvm-root-dir=/usr/lib/jvm/java-1.5.0-gcj-4.8-amd64 --with-jvm-jar-dir=/usr/lib/jvm-exports/java-1.5.0-gcj-4.8-amd64 --with-arch-directory=amd64 --with-ecj-jar=/usr/share/java/eclipse-ecj.jar --enable-objc-gc --enable-multiarch --disable-werror --with-arch-32=i686 --with-abi=m64 --with-multilib-list=m32,m64 --with-tune=generic --enable-checking=release --build=x86_64-linux-gnu --host=x86_64-linux-gnu --target=x86_64-linux-gnu
Thread model: posix
gcc version 4.8.1 (Ubuntu 4.8.1-2ubuntu1~12.04) 
configure:3433: $? = 0
configure:3422: gcc -V >&5
gcc: error: unrecognized command line option '-V'
gcc: fatal error: no input files
compilation terminated.
configure:3433: $? = 4
configure:3422: gcc -qversion >&5
gcc: error: unrecognized command line option '-qversion'
gcc: fatal error: no input files
compilation terminated.
configure:3433: $? = 4
configure:3453: checking whether the C compiler works
configure:3475: gcc    conftest.c  >&5
configure:3479: $? = 0
configure:3527: result: yes
configure:3530: checking for C compiler default output file name
configure:3532: result: a.out
configure:3538: checking for suffix of executables
configure:3545: gcc -o conftest    conftest.c  >&5
configure:3549: $? = 0
configure:3571: result: 
configure:3593: checking whether we are cross compiling
configure:3631: result: yes
configure:3636: checking for suffix of object files
configure:3658: gcc -c   conftest.c >&5
configure:3662: $? = 0
configure:3683: result: o
configure:3687: checking whether we are using the GNU C compiler
configure:3706: gcc -c   conftest.c >&5
configure:3706: $? = 0
configure:3715: result: yes
configure:3724: checking whether gcc accepts -g
configure:3744: gcc -c -g  conftest.c >&5
configure:3744: $? = 0
configure:3785: result: yes
configure:3802: checking for gcc option to accept ISO C89
configure:3865: gcc  -c -g -O2  conftest.c >&5
configure:3865: $? = 0
configure:3878: result: none needed
configure:3900: checking dependency style of gcc
configure:4011: result: gcc3
configure:4032: checking how to run the C preprocessor
configure:4063: gcc -E  conftest.c
configure:4063: $? = 0
configure:4077: gcc -E  conftest.c
conftest.c:15:28: fatal error: ac_nonexistent.h: No such file or directory
 #include <ac_nonexistent.h>
                            ^
compilation terminated.
configure:4077: $? = 1
configure: failed program was:
| /* confdefs.h */
| #define PACKAGE_NAME "libspatialite"
| #define PACKAGE_TARNAME "libspatialite"
| #define PACKAGE_VERSION "4.1.1"
| #define PACKAGE_STRING "libspatialite 4.1.1"
| #define PACKAGE_BUGREPORT "a.furieri@lqt.it"
| #define PACKAGE_URL ""
| #define PACKAGE "libspatialite"
| #define VERSION "4.1.1"
| #define _LARGE_FILE 1
| #define _FILE_OFFSET_BITS 64
| #define _LARGEFILE_SOURCE 1
| #define NDEBUG 1
| /* end confdefs.h.  */
| #include <ac_nonexistent.h>
configure:4102: result: gcc -E
configure:4122: gcc -E  conftest.c
configure:4122: $? = 0
configure:4136: gcc -E  conftest.c
conftest.c:15:28: fatal error: ac_nonexistent.h: No such file or directory
 #include <ac_nonexistent.h>
                            ^
compilation terminated.
configure:4136: $? = 1
configure: failed program was:
| /* confdefs.h */
| #define PACKAGE_NAME "libspatialite"
| #define PACKAGE_TARNAME "libspatialite"
| #define PACKAGE_VERSION "4.1.1"
| #define PACKAGE_STRING "libspatialite 4.1.1"
| #define PACKAGE_BUGREPORT "a.furieri@lqt.it"
| #define PACKAGE_URL ""
| #define PACKAGE "libspatialite"
| #define VERSION "4.1.1"
| #define _LARGE_FILE 1
| #define _FILE_OFFSET_BITS 64
| #define _LARGEFILE_SOURCE 1
| #define NDEBUG 1
| /* end confdefs.h.  */
| #include <ac_nonexistent.h>
configure:4165: checking for grep that handles long lines and -e
configure:4223: result: /bin/grep
configure:4228: checking for egrep
configure:4290: result: /bin/grep -E
configure:4295: checking for ANSI C header files
configure:4315: gcc -c -g -O2  conftest.c >&5
configure:4315: $? = 0
configure:4399: result: yes
configure:4412: checking for sys/types.h
configure:4412: gcc -c -g -O2  conftest.c >&5
configure:4412: $? = 0
configure:4412: result: yes
configure:4412: checking for sys/stat.h
configure:4412: gcc -c -g -O2  conftest.c >&5
configure:4412: $? = 0
configure:4412: result: yes
configure:4412: checking for stdlib.h
configure:4412: gcc -c -g -O2  conftest.c >&5
configure:4412: $? = 0
configure:4412: result: yes
configure:4412: checking for string.h
configure:4412: gcc -c -g -O2  conftest.c >&5
configure:4412: $? = 0
configure:4412: result: yes
configure:4412: checking for memory.h
configure:4412: gcc -c -g -O2  conftest.c >&5
configure:4412: $? = 0
configure:4412: result: yes
configure:4412: checking for strings.h
configure:4412: gcc -c -g -O2  conftest.c >&5
configure:4412: $? = 0
configure:4412: result: yes
configure:4412: checking for inttypes.h
configure:4412: gcc -c -g -O2  conftest.c >&5
configure:4412: $? = 0
configure:4412: result: yes
configure:4412: checking for stdint.h
configure:4412: gcc -c -g -O2  conftest.c >&5
configure:4412: $? = 0
configure:4412: result: yes
configure:4412: checking for unistd.h
configure:4412: gcc -c -g -O2  conftest.c >&5
configure:4412: $? = 0
configure:4412: result: yes
configure:4426: checking for stdlib.h
configure:4426: result: yes
configure:4440: checking stdio.h usability
configure:4440: gcc -c -g -O2  conftest.c >&5
configure:4440: $? = 0
configure:4440: result: yes
configure:4440: checking stdio.h presence
configure:4440: gcc -E  conftest.c
configure:4440: $? = 0
configure:4440: result: yes
configure:4440: checking for stdio.h
configure:4440: result: yes
configure:4454: checking for string.h
configure:4454: result: yes
configure:4468: checking for memory.h
configure:4468: result: yes
configure:4482: checking math.h usability
configure:4482: gcc -c -g -O2  conftest.c >&5
configure:4482: $? = 0
configure:4482: result: yes
configure:4482: checking math.h presence
configure:4482: gcc -E  conftest.c
configure:4482: $? = 0
configure:4482: result: yes
configure:4482: checking for math.h
configure:4482: result: yes
configure:4496: checking float.h usability
configure:4496: gcc -c -g -O2  conftest.c >&5
configure:4496: $? = 0
configure:4496: result: yes
configure:4496: checking float.h presence
configure:4496: gcc -E  conftest.c
configure:4496: $? = 0
configure:4496: result: yes
configure:4496: checking for float.h
configure:4496: result: yes
configure:4510: checking fcntl.h usability
configure:4510: gcc -c -g -O2  conftest.c >&5
configure:4510: $? = 0
configure:4510: result: yes
configure:4510: checking fcntl.h presence
configure:4510: gcc -E  conftest.c
configure:4510: $? = 0
configure:4510: result: yes
configure:4510: checking for fcntl.h
configure:4510: result: yes
configure:4524: checking for inttypes.h
configure:4524: result: yes
configure:4538: checking stddef.h usability
configure:4538: gcc -c -g -O2  conftest.c >&5
configure:4538: $? = 0
configure:4538: result: yes
configure:4538: checking stddef.h presence
configure:4538: gcc -E  conftest.c
configure:4538: $? = 0
configure:4538: result: yes
configure:4538: checking for stddef.h
configure:4538: result: yes
configure:4552: checking for stdint.h
configure:4552: result: yes
configure:4566: checking sys/time.h usability
configure:4566: gcc -c -g -O2  conftest.c >&5
configure:4566: $? = 0
configure:4566: result: yes
configure:4566: checking sys/time.h presence
configure:4566: gcc -E  conftest.c
configure:4566: $? = 0
configure:4566: result: yes
configure:4566: checking for sys/time.h
configure:4566: result: yes
configure:4580: checking for unistd.h
configure:4580: result: yes
configure:4594: checking sqlite3.h usability
configure:4594: gcc -c -g -O2  conftest.c >&5
configure:4594: $? = 0
configure:4594: result: yes
configure:4594: checking sqlite3.h presence
configure:4594: gcc -E  conftest.c
configure:4594: $? = 0
configure:4594: result: yes
configure:4594: checking for sqlite3.h
configure:4594: result: yes
configure:4608: checking sqlite3ext.h usability
configure:4608: gcc -c -g -O2  conftest.c >&5
configure:4608: $? = 0
configure:4608: result: yes
configure:4608: checking sqlite3ext.h presence
configure:4608: gcc -E  conftest.c
configure:4608: $? = 0
configure:4608: result: yes
configure:4608: checking for sqlite3ext.h
configure:4608: result: yes
configure:4622: checking zlib.h usability
configure:4622: gcc -c -g -O2  conftest.c >&5
configure:4622: $? = 0
configure:4622: result: yes
configure:4622: checking zlib.h presence
configure:4622: gcc -E  conftest.c
configure:4622: $? = 0
configure:4622: result: yes
configure:4622: checking for zlib.h
configure:4622: result: yes
configure:4651: checking for arm-linux-eabi-g++
configure:4681: result: no
configure:4651: checking for arm-linux-eabi-c++
configure:4681: result: no
configure:4651: checking for arm-linux-eabi-gpp
configure:4681: result: no
configure:4651: checking for arm-linux-eabi-aCC
configure:4681: result: no
configure:4651: checking for arm-linux-eabi-CC
configure:4681: result: no
configure:4651: checking for arm-linux-eabi-cxx
configure:4681: result: no
configure:4651: checking for arm-linux-eabi-cc++
configure:4681: result: no
configure:4651: checking for arm-linux-eabi-cl.exe
configure:4681: result: no
configure:4651: checking for arm-linux-eabi-FCC
configure:4681: result: no
configure:4651: checking for arm-linux-eabi-KCC
configure:4681: result: no
configure:4651: checking for arm-linux-eabi-RCC
configure:4681: result: no
configure:4651: checking for arm-linux-eabi-xlC_r
configure:4681: result: no
configure:4651: checking for arm-linux-eabi-xlC
configure:4681: result: no
configure:4695: checking for g++
configure:4711: found /usr/bin/g++
configure:4722: result: g++
configure:4749: checking for C++ compiler version
configure:4758: g++ --version >&5
g++ (Ubuntu 4.8.1-2ubuntu1~12.04) 4.8.1
Copyright (C) 2013 Free Software Foundation, Inc.
This is free software; see the source for copying conditions.  There is NO
warranty; not even for MERCHANTABILITY or FITNESS FOR A PARTICULAR PURPOSE.

configure:4769: $? = 0
configure:4758: g++ -v >&5
Using built-in specs.
COLLECT_GCC=g++
COLLECT_LTO_WRAPPER=/usr/lib/gcc/x86_64-linux-gnu/4.8/lto-wrapper
Target: x86_64-linux-gnu
Configured with: ../src/configure -v --with-pkgversion='Ubuntu 4.8.1-2ubuntu1~12.04' --with-bugurl=file:///usr/share/doc/gcc-4.8/README.Bugs --enable-languages=c,c++,java,go,d,fortran,objc,obj-c++ --prefix=/usr --program-suffix=-4.8 --enable-shared --enable-linker-build-id --libexecdir=/usr/lib --without-included-gettext --enable-threads=posix --with-gxx-include-dir=/usr/include/c++/4.8 --libdir=/usr/lib --enable-nls --with-sysroot=/ --enable-clocale=gnu --enable-libstdcxx-debug --enable-libstdcxx-time=yes --enable-gnu-unique-object --enable-plugin --with-system-zlib --disable-browser-plugin --enable-java-awt=gtk --enable-gtk-cairo --with-java-home=/usr/lib/jvm/java-1.5.0-gcj-4.8-amd64/jre --enable-java-home --with-jvm-root-dir=/usr/lib/jvm/java-1.5.0-gcj-4.8-amd64 --with-jvm-jar-dir=/usr/lib/jvm-exports/java-1.5.0-gcj-4.8-amd64 --with-arch-directory=amd64 --with-ecj-jar=/usr/share/java/eclipse-ecj.jar --enable-objc-gc --enable-multiarch --disable-werror --with-arch-32=i686 --with-abi=m64 --with-multilib-list=m32,m64 --with-tune=generic --enable-checking=release --build=x86_64-linux-gnu --host=x86_64-linux-gnu --target=x86_64-linux-gnu
Thread model: posix
gcc version 4.8.1 (Ubuntu 4.8.1-2ubuntu1~12.04) 
configure:4769: $? = 0
configure:4758: g++ -V >&5
g++: error: unrecognized command line option '-V'
g++: fatal error: no input files
compilation terminated.
configure:4769: $? = 4
configure:4758: g++ -qversion >&5
g++: error: unrecognized command line option '-qversion'
g++: fatal error: no input files
compilation terminated.
configure:4769: $? = 4
configure:4773: checking whether we are using the GNU C++ compiler
configure:4792: g++ -c   conftest.cpp >&5
configure:4792: $? = 0
configure:4801: result: yes
configure:4810: checking whether g++ accepts -g
configure:4830: g++ -c -g  conftest.cpp >&5
configure:4830: $? = 0
configure:4871: result: yes
configure:4896: checking dependency style of g++
configure:5007: result: gcc3
configure:5030: checking for arm-linux-eabi-gcc
configure:5057: result: gcc
configure:5326: checking for C compiler version
configure:5335: gcc --version >&5
gcc (Ubuntu 4.8.1-2ubuntu1~12.04) 4.8.1
Copyright (C) 2013 Free Software Foundation, Inc.
This is free software; see the source for copying conditions.  There is NO
warranty; not even for MERCHANTABILITY or FITNESS FOR A PARTICULAR PURPOSE.

configure:5346: $? = 0
configure:5335: gcc -v >&5
Using built-in specs.
COLLECT_GCC=gcc
COLLECT_LTO_WRAPPER=/usr/lib/gcc/x86_64-linux-gnu/4.8/lto-wrapper
Target: x86_64-linux-gnu
Configured with: ../src/configure -v --with-pkgversion='Ubuntu 4.8.1-2ubuntu1~12.04' --with-bugurl=file:///usr/share/doc/gcc-4.8/README.Bugs --enable-languages=c,c++,java,go,d,fortran,objc,obj-c++ --prefix=/usr --program-suffix=-4.8 --enable-shared --enable-linker-build-id --libexecdir=/usr/lib --without-included-gettext --enable-threads=posix --with-gxx-include-dir=/usr/include/c++/4.8 --libdir=/usr/lib --enable-nls --with-sysroot=/ --enable-clocale=gnu --enable-libstdcxx-debug --enable-libstdcxx-time=yes --enable-gnu-unique-object --enable-plugin --with-system-zlib --disable-browser-plugin --enable-java-awt=gtk --enable-gtk-cairo --with-java-home=/usr/lib/jvm/java-1.5.0-gcj-4.8-amd64/jre --enable-java-home --with-jvm-root-dir=/usr/lib/jvm/java-1.5.0-gcj-4.8-amd64 --with-jvm-jar-dir=/usr/lib/jvm-exports/java-1.5.0-gcj-4.8-amd64 --with-arch-directory=amd64 --with-ecj-jar=/usr/share/java/eclipse-ecj.jar --enable-objc-gc --enable-multiarch --disable-werror --with-arch-32=i686 --with-abi=m64 --with-multilib-list=m32,m64 --with-tune=generic --enable-checking=release --build=x86_64-linux-gnu --host=x86_64-linux-gnu --target=x86_64-linux-gnu
Thread model: posix
gcc version 4.8.1 (Ubuntu 4.8.1-2ubuntu1~12.04) 
configure:5346: $? = 0
configure:5335: gcc -V >&5
gcc: error: unrecognized command line option '-V'
gcc: fatal error: no input files
compilation terminated.
configure:5346: $? = 4
configure:5335: gcc -qversion >&5
gcc: error: unrecognized command line option '-qversion'
gcc: fatal error: no input files
compilation terminated.
configure:5346: $? = 4
configure:5350: checking whether we are using the GNU C compiler
configure:5378: result: yes
configure:5387: checking whether gcc accepts -g
configure:5448: result: yes
configure:5465: checking for gcc option to accept ISO C89
configure:5541: result: none needed
configure:5563: checking dependency style of gcc
configure:5674: result: gcc3
configure:5694: checking how to run the C preprocessor
configure:5764: result: gcc -E
configure:5784: gcc -E  conftest.c
configure:5784: $? = 0
configure:5798: gcc -E  conftest.c
conftest.c:40:28: fatal error: ac_nonexistent.h: No such file or directory
 #include <ac_nonexistent.h>
                            ^
compilation terminated.
configure:5798: $? = 1
configure: failed program was:
| /* confdefs.h */
| #define PACKAGE_NAME "libspatialite"
| #define PACKAGE_TARNAME "libspatialite"
| #define PACKAGE_VERSION "4.1.1"
| #define PACKAGE_STRING "libspatialite 4.1.1"
| #define PACKAGE_BUGREPORT "a.furieri@lqt.it"
| #define PACKAGE_URL ""
| #define PACKAGE "libspatialite"
| #define VERSION "4.1.1"
| #define _LARGE_FILE 1
| #define _FILE_OFFSET_BITS 64
| #define _LARGEFILE_SOURCE 1
| #define NDEBUG 1
| #define STDC_HEADERS 1
| #define HAVE_SYS_TYPES_H 1
| #define HAVE_SYS_STAT_H 1
| #define HAVE_STDLIB_H 1
| #define HAVE_STRING_H 1
| #define HAVE_MEMORY_H 1
| #define HAVE_STRINGS_H 1
| #define HAVE_INTTYPES_H 1
| #define HAVE_STDINT_H 1
| #define HAVE_UNISTD_H 1
| #define HAVE_STDLIB_H 1
| #define HAVE_STDIO_H 1
| #define HAVE_STRING_H 1
| #define HAVE_MEMORY_H 1
| #define HAVE_MATH_H 1
| #define HAVE_FLOAT_H 1
| #define HAVE_FCNTL_H 1
| #define HAVE_INTTYPES_H 1
| #define HAVE_STDDEF_H 1
| #define HAVE_STDINT_H 1
| #define HAVE_SYS_TIME_H 1
| #define HAVE_UNISTD_H 1
| #define HAVE_SQLITE3_H 1
| #define HAVE_SQLITE3EXT_H 1
| #define HAVE_ZLIB_H 1
| /* end confdefs.h.  */
| #include <ac_nonexistent.h>
configure:5827: checking whether ln -s works
configure:5831: result: yes
configure:5838: checking whether make sets $(MAKE)
configure:5860: result: yes
configure:5873: checking build system type
configure:5887: result: x86_64-pc-linux-gnu
configure:5907: checking host system type
configure:5920: result: arm-linux-eabi
configure:6289: checking how to print strings
configure:6316: result: printf
configure:6337: checking for a sed that does not truncate output
configure:6401: result: /bin/sed
configure:6419: checking for fgrep
configure:6481: result: /bin/grep -F
configure:6516: checking for ld used by gcc
configure:6583: result: /usr/bin/ld
configure:6590: checking if the linker (/usr/bin/ld) is GNU ld
configure:6605: result: yes
configure:6617: checking for BSD- or MS-compatible name lister (nm)
configure:6666: result: no
configure:6680: checking for arm-linux-eabi-dumpbin
configure:6710: result: no
configure:6680: checking for arm-linux-eabi-link
configure:6710: result: no
configure:6724: checking for dumpbin
configure:6754: result: no
configure:6724: checking for link
configure:6740: found /usr/bin/link
configure:6751: result: link -dump
configure:6796: checking the name lister (nm) interface
configure:6803: gcc -c -g -O2  conftest.c >&5
configure:6806: nm "conftest.o"
configure:6809: output
0000000000000000 B some_variable
configure:6816: result: BSD nm
configure:6820: checking the maximum length of command line arguments
configure:6945: result: 1572864
configure:6962: checking whether the shell understands some XSI constructs
configure:6972: result: yes
configure:6976: checking whether the shell understands "+="
configure:6982: result: yes
configure:7017: checking how to convert x86_64-pc-linux-gnu file names to arm-linux-eabi format
configure:7057: result: func_convert_file_noop
configure:7064: checking how to convert x86_64-pc-linux-gnu file names to toolchain format
configure:7084: result: func_convert_file_noop
configure:7091: checking for /usr/bin/ld option to reload object files
configure:7098: result: -r
configure:7132: checking for arm-linux-eabi-objdump
configure:7159: result: objdump
configure:7228: checking how to recognize dependent libraries
configure:7430: result: unknown
configure:7475: checking for arm-linux-eabi-dlltool
configure:7502: result: dlltool
configure:7572: checking how to associate runtime and link libraries
configure:7599: result: printf %s\n
configure:7615: checking for arm-linux-eabi-ar
configure:7645: result: no
configure:7659: checking for ar
configure:7675: found /usr/bin/ar
configure:7686: result: ar
configure:7723: checking for archiver @FILE support
configure:7740: gcc -c -g -O2  conftest.c >&5
configure:7740: $? = 0
configure:7743: ar cru libconftest.a @conftest.lst >&5
configure:7746: $? = 0
configure:7751: ar cru libconftest.a @conftest.lst >&5
ar: conftest.o: No such file or directory
configure:7754: $? = 1
configure:7766: result: @
configure:7784: checking for arm-linux-eabi-strip
configure:7811: result: strip
configure:7883: checking for arm-linux-eabi-ranlib
configure:7913: result: no
configure:7923: checking for ranlib
configure:7939: found /usr/bin/ranlib
configure:7950: result: ranlib
configure:8052: checking command to parse nm output from gcc object
configure:8171: gcc -c -g -O2  conftest.c >&5
configure:8174: $? = 0
configure:8178: nm conftest.o \| sed -n -e 's/^.*[ ]\([ABCDGIRSTW][ABCDGIRSTW]*\)[ ][ ]*\([_A-Za-z][_A-Za-z0-9]*\)$/\1 \2 \2/p' | sed '/ __gnu_lto/d' \> conftest.nm
configure:8181: $? = 0
configure:8247: gcc -o conftest -g -O2   conftest.c conftstm.o >&5
configure:8250: $? = 0
configure:8288: result: ok
configure:8325: checking for sysroot
configure:8355: result: no
configure:8558: checking for arm-linux-eabi-mt
configure:8588: result: no
configure:8598: checking for mt
configure:8614: found /bin/mt
configure:8625: result: mt
configure:8648: checking if mt is a manifest tool
configure:8654: mt '-?'
configure:8662: result: no
configure:9291: checking for dlfcn.h
configure:9291: gcc -c -g -O2  conftest.c >&5
configure:9291: $? = 0
configure:9291: result: yes
configure:9487: checking for objdir
configure:9502: result: .libs
configure:9773: checking if gcc supports -fno-rtti -fno-exceptions
configure:9791: gcc -c -g -O2  -fno-rtti -fno-exceptions conftest.c >&5
cc1: warning: command line option '-fno-rtti' is valid for C++/ObjC++ but not for C [enabled by default]
configure:9795: $? = 0
configure:9808: result: no
configure:10118: checking for gcc option to produce PIC
configure:10125: result: -fPIC -DPIC
configure:10133: checking if gcc PIC flag -fPIC -DPIC works
configure:10151: gcc -c -g -O2  -fPIC -DPIC -DPIC conftest.c >&5
configure:10155: $? = 0
configure:10168: result: yes
configure:10197: checking if gcc static flag -static works
configure:10225: result: yes
configure:10240: checking if gcc supports -c -o file.o
configure:10261: gcc -c -g -O2  -o out/conftest2.o conftest.c >&5
configure:10265: $? = 0
configure:10287: result: yes
configure:10295: checking if gcc supports -c -o file.o
configure:10342: result: yes
configure:10375: checking whether the gcc linker (/usr/bin/ld) supports shared libraries
configure:11533: result: yes
configure:11570: checking whether -lc should be explicitly linked in
configure:11578: gcc -c -g -O2  conftest.c >&5
configure:11581: $? = 0
configure:11596: gcc -shared  -fPIC -DPIC conftest.o  -v -Wl,-soname -Wl,conftest -o conftest 2\>\&1 \| /bin/grep  -lc  \>/dev/null 2\>\&1
configure:11599: $? = 0
configure:11613: result: no
configure:11778: checking dynamic linker characteristics
configure:12518: result: no
configure:12625: checking how to hardcode library paths into programs
configure:12650: result: immediate
configure:13190: checking whether stripping libraries is possible
configure:13195: result: yes
configure:13230: checking if libtool supports shared libraries
configure:13232: result: no
configure:13235: checking whether to build shared libraries
configure:13256: result: no
configure:13259: checking whether to build static libraries
configure:13263: result: yes
configure:13286: checking how to run the C++ preprocessor
configure:13313: g++ -E  conftest.cpp
configure:13313: $? = 0
configure:13327: g++ -E  conftest.cpp
conftest.cpp:42:28: fatal error: ac_nonexistent.h: No such file or directory
 #include <ac_nonexistent.h>
                            ^
compilation terminated.
configure:13327: $? = 1
configure: failed program was:
| /* confdefs.h */
| #define PACKAGE_NAME "libspatialite"
| #define PACKAGE_TARNAME "libspatialite"
| #define PACKAGE_VERSION "4.1.1"
| #define PACKAGE_STRING "libspatialite 4.1.1"
| #define PACKAGE_BUGREPORT "a.furieri@lqt.it"
| #define PACKAGE_URL ""
| #define PACKAGE "libspatialite"
| #define VERSION "4.1.1"
| #define _LARGE_FILE 1
| #define _FILE_OFFSET_BITS 64
| #define _LARGEFILE_SOURCE 1
| #define NDEBUG 1
| #define STDC_HEADERS 1
| #define HAVE_SYS_TYPES_H 1
| #define HAVE_SYS_STAT_H 1
| #define HAVE_STDLIB_H 1
| #define HAVE_STRING_H 1
| #define HAVE_MEMORY_H 1
| #define HAVE_STRINGS_H 1
| #define HAVE_INTTYPES_H 1
| #define HAVE_STDINT_H 1
| #define HAVE_UNISTD_H 1
| #define HAVE_STDLIB_H 1
| #define HAVE_STDIO_H 1
| #define HAVE_STRING_H 1
| #define HAVE_MEMORY_H 1
| #define HAVE_MATH_H 1
| #define HAVE_FLOAT_H 1
| #define HAVE_FCNTL_H 1
| #define HAVE_INTTYPES_H 1
| #define HAVE_STDDEF_H 1
| #define HAVE_STDINT_H 1
| #define HAVE_SYS_TIME_H 1
| #define HAVE_UNISTD_H 1
| #define HAVE_SQLITE3_H 1
| #define HAVE_SQLITE3EXT_H 1
| #define HAVE_ZLIB_H 1
| #define HAVE_DLFCN_H 1
| #define LT_OBJDIR ".libs/"
| /* end confdefs.h.  */
| #include <ac_nonexistent.h>
configure:13352: result: g++ -E
configure:13372: g++ -E  conftest.cpp
configure:13372: $? = 0
configure:13386: g++ -E  conftest.cpp
conftest.cpp:42:28: fatal error: ac_nonexistent.h: No such file or directory
 #include <ac_nonexistent.h>
                            ^
compilation terminated.
configure:13386: $? = 1
configure: failed program was:
| /* confdefs.h */
| #define PACKAGE_NAME "libspatialite"
| #define PACKAGE_TARNAME "libspatialite"
| #define PACKAGE_VERSION "4.1.1"
| #define PACKAGE_STRING "libspatialite 4.1.1"
| #define PACKAGE_BUGREPORT "a.furieri@lqt.it"
| #define PACKAGE_URL ""
| #define PACKAGE "libspatialite"
| #define VERSION "4.1.1"
| #define _LARGE_FILE 1
| #define _FILE_OFFSET_BITS 64
| #define _LARGEFILE_SOURCE 1
| #define NDEBUG 1
| #define STDC_HEADERS 1
| #define HAVE_SYS_TYPES_H 1
| #define HAVE_SYS_STAT_H 1
| #define HAVE_STDLIB_H 1
| #define HAVE_STRING_H 1
| #define HAVE_MEMORY_H 1
| #define HAVE_STRINGS_H 1
| #define HAVE_INTTYPES_H 1
| #define HAVE_STDINT_H 1
| #define HAVE_UNISTD_H 1
| #define HAVE_STDLIB_H 1
| #define HAVE_STDIO_H 1
| #define HAVE_STRING_H 1
| #define HAVE_MEMORY_H 1
| #define HAVE_MATH_H 1
| #define HAVE_FLOAT_H 1
| #define HAVE_FCNTL_H 1
| #define HAVE_INTTYPES_H 1
| #define HAVE_STDDEF_H 1
| #define HAVE_STDINT_H 1
| #define HAVE_SYS_TIME_H 1
| #define HAVE_UNISTD_H 1
| #define HAVE_SQLITE3_H 1
| #define HAVE_SQLITE3EXT_H 1
| #define HAVE_ZLIB_H 1
| #define HAVE_DLFCN_H 1
| #define LT_OBJDIR ".libs/"
| /* end confdefs.h.  */
| #include <ac_nonexistent.h>
configure:13556: checking for ld used by g++
configure:13623: result: /usr/bin/ld
configure:13630: checking if the linker (/usr/bin/ld) is GNU ld
configure:13645: result: yes
configure:13700: checking whether the g++ linker (/usr/bin/ld) supports shared libraries
configure:14704: result: no
configure:14739: g++ -c -g -O2  conftest.cpp >&5
configure:14742: $? = 0
configure:15262: checking for g++ option to produce PIC
configure:15269: result: -fPIC -DPIC
configure:15277: checking if g++ PIC flag -fPIC -DPIC works
configure:15295: g++ -c -g -O2  -fPIC -DPIC -DPIC conftest.cpp >&5
configure:15299: $? = 0
configure:15312: result: yes
configure:15335: checking if g++ static flag -static works
configure:15363: result: yes
configure:15375: checking if g++ supports -c -o file.o
configure:15396: g++ -c -g -O2  -o out/conftest2.o conftest.cpp >&5
configure:15400: $? = 0
configure:15422: result: yes
configure:15427: checking if g++ supports -c -o file.o
configure:15474: result: yes
configure:15504: checking whether the g++ linker (/usr/bin/ld) supports shared libraries
configure:15538: result: no
configure:15681: checking dynamic linker characteristics
configure:16355: result: no
configure:16408: checking how to hardcode library paths into programs
configure:16433: result: immediate
configure:16494: checking for an ANSI C-conforming const
configure:16560: gcc -c -g -O2  conftest.c >&5
configure:16560: $? = 0
configure:16567: result: yes
configure:16575: checking for off_t
configure:16575: gcc -c -g -O2  conftest.c >&5
configure:16575: $? = 0
configure:16575: gcc -c -g -O2  conftest.c >&5
conftest.c: In function 'main':
conftest.c:78:20: error: expected expression before ')' token
 if (sizeof ((off_t)))
                    ^
configure:16575: $? = 1
configure: failed program was:
| /* confdefs.h */
| #define PACKAGE_NAME "libspatialite"
| #define PACKAGE_TARNAME "libspatialite"
| #define PACKAGE_VERSION "4.1.1"
| #define PACKAGE_STRING "libspatialite 4.1.1"
| #define PACKAGE_BUGREPORT "a.furieri@lqt.it"
| #define PACKAGE_URL ""
| #define PACKAGE "libspatialite"
| #define VERSION "4.1.1"
| #define _LARGE_FILE 1
| #define _FILE_OFFSET_BITS 64
| #define _LARGEFILE_SOURCE 1
| #define NDEBUG 1
| #define STDC_HEADERS 1
| #define HAVE_SYS_TYPES_H 1
| #define HAVE_SYS_STAT_H 1
| #define HAVE_STDLIB_H 1
| #define HAVE_STRING_H 1
| #define HAVE_MEMORY_H 1
| #define HAVE_STRINGS_H 1
| #define HAVE_INTTYPES_H 1
| #define HAVE_STDINT_H 1
| #define HAVE_UNISTD_H 1
| #define HAVE_STDLIB_H 1
| #define HAVE_STDIO_H 1
| #define HAVE_STRING_H 1
| #define HAVE_MEMORY_H 1
| #define HAVE_MATH_H 1
| #define HAVE_FLOAT_H 1
| #define HAVE_FCNTL_H 1
| #define HAVE_INTTYPES_H 1
| #define HAVE_STDDEF_H 1
| #define HAVE_STDINT_H 1
| #define HAVE_SYS_TIME_H 1
| #define HAVE_UNISTD_H 1
| #define HAVE_SQLITE3_H 1
| #define HAVE_SQLITE3EXT_H 1
| #define HAVE_ZLIB_H 1
| #define HAVE_DLFCN_H 1
| #define LT_OBJDIR ".libs/"
| /* end confdefs.h.  */
| #include <stdio.h>
| #ifdef HAVE_SYS_TYPES_H
| # include <sys/types.h>
| #endif
| #ifdef HAVE_SYS_STAT_H
| # include <sys/stat.h>
| #endif
| #ifdef STDC_HEADERS
| # include <stdlib.h>
| # include <stddef.h>
| #else
| # ifdef HAVE_STDLIB_H
| #  include <stdlib.h>
| # endif
| #endif
| #ifdef HAVE_STRING_H
| # if !defined STDC_HEADERS && defined HAVE_MEMORY_H
| #  include <memory.h>
| # endif
| # include <string.h>
| #endif
| #ifdef HAVE_STRINGS_H
| # include <strings.h>
| #endif
| #ifdef HAVE_INTTYPES_H
| # include <inttypes.h>
| #endif
| #ifdef HAVE_STDINT_H
| # include <stdint.h>
| #endif
| #ifdef HAVE_UNISTD_H
| # include <unistd.h>
| #endif
| int
| main ()
| {
| if (sizeof ((off_t)))
| 	    return 0;
|   ;
|   return 0;
| }
configure:16575: result: yes
configure:16586: checking for size_t
configure:16586: gcc -c -g -O2  conftest.c >&5
configure:16586: $? = 0
configure:16586: gcc -c -g -O2  conftest.c >&5
conftest.c: In function 'main':
conftest.c:78:21: error: expected expression before ')' token
 if (sizeof ((size_t)))
                     ^
configure:16586: $? = 1
configure: failed program was:
| /* confdefs.h */
| #define PACKAGE_NAME "libspatialite"
| #define PACKAGE_TARNAME "libspatialite"
| #define PACKAGE_VERSION "4.1.1"
| #define PACKAGE_STRING "libspatialite 4.1.1"
| #define PACKAGE_BUGREPORT "a.furieri@lqt.it"
| #define PACKAGE_URL ""
| #define PACKAGE "libspatialite"
| #define VERSION "4.1.1"
| #define _LARGE_FILE 1
| #define _FILE_OFFSET_BITS 64
| #define _LARGEFILE_SOURCE 1
| #define NDEBUG 1
| #define STDC_HEADERS 1
| #define HAVE_SYS_TYPES_H 1
| #define HAVE_SYS_STAT_H 1
| #define HAVE_STDLIB_H 1
| #define HAVE_STRING_H 1
| #define HAVE_MEMORY_H 1
| #define HAVE_STRINGS_H 1
| #define HAVE_INTTYPES_H 1
| #define HAVE_STDINT_H 1
| #define HAVE_UNISTD_H 1
| #define HAVE_STDLIB_H 1
| #define HAVE_STDIO_H 1
| #define HAVE_STRING_H 1
| #define HAVE_MEMORY_H 1
| #define HAVE_MATH_H 1
| #define HAVE_FLOAT_H 1
| #define HAVE_FCNTL_H 1
| #define HAVE_INTTYPES_H 1
| #define HAVE_STDDEF_H 1
| #define HAVE_STDINT_H 1
| #define HAVE_SYS_TIME_H 1
| #define HAVE_UNISTD_H 1
| #define HAVE_SQLITE3_H 1
| #define HAVE_SQLITE3EXT_H 1
| #define HAVE_ZLIB_H 1
| #define HAVE_DLFCN_H 1
| #define LT_OBJDIR ".libs/"
| /* end confdefs.h.  */
| #include <stdio.h>
| #ifdef HAVE_SYS_TYPES_H
| # include <sys/types.h>
| #endif
| #ifdef HAVE_SYS_STAT_H
| # include <sys/stat.h>
| #endif
| #ifdef STDC_HEADERS
| # include <stdlib.h>
| # include <stddef.h>
| #else
| # ifdef HAVE_STDLIB_H
| #  include <stdlib.h>
| # endif
| #endif
| #ifdef HAVE_STRING_H
| # if !defined STDC_HEADERS && defined HAVE_MEMORY_H
| #  include <memory.h>
| # endif
| # include <string.h>
| #endif
| #ifdef HAVE_STRINGS_H
| # include <strings.h>
| #endif
| #ifdef HAVE_INTTYPES_H
| # include <inttypes.h>
| #endif
| #ifdef HAVE_STDINT_H
| # include <stdint.h>
| #endif
| #ifdef HAVE_UNISTD_H
| # include <unistd.h>
| #endif
| int
| main ()
| {
| if (sizeof ((size_t)))
| 	    return 0;
|   ;
|   return 0;
| }
configure:16586: result: yes
configure:16597: checking whether time.h and sys/time.h may both be included
configure:16617: gcc -c -g -O2  conftest.c >&5
configure:16617: $? = 0
configure:16624: result: yes
configure:16632: checking whether struct tm is in sys/time.h or time.h
configure:16652: gcc -c -g -O2  conftest.c >&5
configure:16652: $? = 0
configure:16659: result: time.h
configure:16667: checking for working volatile
configure:16686: gcc -c -g -O2  conftest.c >&5
configure:16686: $? = 0
configure:16693: result: yes
configure:16703: checking whether lstat correctly handles trailing slash
configure:16746: result: no
configure:16765: checking whether lstat accepts an empty string
configure:16795: result: yes
configure:16811: checking whether lstat correctly handles trailing slash
configure:16854: result: no
configure:16873: checking for working memcmp
configure:16926: result: no
configure:16935: checking whether stat accepts an empty string
configure:16965: result: yes
configure:16983: checking for strftime
configure:16983: gcc -o conftest -g -O2   conftest.c  >&5
conftest.c:68:6: warning: conflicting types for built-in function 'strftime' [enabled by default]
 char strftime ();
      ^
configure:16983: $? = 0
configure:16983: result: yes
configure:17039: checking for memset
configure:17039: gcc -o conftest -g -O2   conftest.c  >&5
conftest.c:69:6: warning: conflicting types for built-in function 'memset' [enabled by default]
 char memset ();
      ^
configure:17039: $? = 0
configure:17039: result: yes
configure:17039: checking for sqrt
configure:17039: gcc -o conftest -g -O2   conftest.c  >&5
conftest.c:70:6: warning: conflicting types for built-in function 'sqrt' [enabled by default]
 char sqrt ();
      ^
/tmp/ccCGMF98.o: In function `main':
/home/mj10777/000_links/geopaparazzi/geopaparazzi.eu/libjsqlite-spatialite-android/libjsqlite-spatialite-android/spatialite-android-library/jni/libspatialite-4.1.1/conftest.c:81: undefined reference to `sqrt'
collect2: error: ld returned 1 exit status
configure:17039: $? = 1
configure: failed program was:
| /* confdefs.h */
| #define PACKAGE_NAME "libspatialite"
| #define PACKAGE_TARNAME "libspatialite"
| #define PACKAGE_VERSION "4.1.1"
| #define PACKAGE_STRING "libspatialite 4.1.1"
| #define PACKAGE_BUGREPORT "a.furieri@lqt.it"
| #define PACKAGE_URL ""
| #define PACKAGE "libspatialite"
| #define VERSION "4.1.1"
| #define _LARGE_FILE 1
| #define _FILE_OFFSET_BITS 64
| #define _LARGEFILE_SOURCE 1
| #define NDEBUG 1
| #define STDC_HEADERS 1
| #define HAVE_SYS_TYPES_H 1
| #define HAVE_SYS_STAT_H 1
| #define HAVE_STDLIB_H 1
| #define HAVE_STRING_H 1
| #define HAVE_MEMORY_H 1
| #define HAVE_STRINGS_H 1
| #define HAVE_INTTYPES_H 1
| #define HAVE_STDINT_H 1
| #define HAVE_UNISTD_H 1
| #define HAVE_STDLIB_H 1
| #define HAVE_STDIO_H 1
| #define HAVE_STRING_H 1
| #define HAVE_MEMORY_H 1
| #define HAVE_MATH_H 1
| #define HAVE_FLOAT_H 1
| #define HAVE_FCNTL_H 1
| #define HAVE_INTTYPES_H 1
| #define HAVE_STDDEF_H 1
| #define HAVE_STDINT_H 1
| #define HAVE_SYS_TIME_H 1
| #define HAVE_UNISTD_H 1
| #define HAVE_SQLITE3_H 1
| #define HAVE_SQLITE3EXT_H 1
| #define HAVE_ZLIB_H 1
| #define HAVE_DLFCN_H 1
| #define LT_OBJDIR ".libs/"
| #define TIME_WITH_SYS_TIME 1
| #define HAVE_LSTAT_EMPTY_STRING_BUG 1
| #define HAVE_STAT_EMPTY_STRING_BUG 1
| #define HAVE_STRFTIME 1
| #define HAVE_MEMSET 1
| /* end confdefs.h.  */
| /* Define sqrt to an innocuous variant, in case <limits.h> declares sqrt.
|    For example, HP-UX 11i <limits.h> declares gettimeofday.  */
| #define sqrt innocuous_sqrt
| 
| /* System header to define __stub macros and hopefully few prototypes,
|     which can conflict with char sqrt (); below.
|     Prefer <limits.h> to <assert.h> if __STDC__ is defined, since
|     <limits.h> exists even on freestanding compilers.  */
| 
| #ifdef __STDC__
| # include <limits.h>
| #else
| # include <assert.h>
| #endif
| 
| #undef sqrt
| 
| /* Override any GCC internal prototype to avoid an error.
|    Use char because int might match the return type of a GCC
|    builtin and then its argument prototype would still apply.  */
| #ifdef __cplusplus
| extern "C"
| #endif
| char sqrt ();
| /* The GNU C library defines this for functions which it implements
|     to always fail with ENOSYS.  Some functions are actually named
|     something starting with __ and the normal name is an alias.  */
| #if defined __stub_sqrt || defined __stub___sqrt
| choke me
| #endif
| 
| int
| main ()
| {
| return sqrt ();
|   ;
|   return 0;
| }
configure:17039: result: no
configure:17039: checking for strcasecmp
configure:17039: gcc -o conftest -g -O2   conftest.c  >&5
conftest.c:70:6: warning: conflicting types for built-in function 'strcasecmp' [enabled by default]
 char strcasecmp ();
      ^
configure:17039: $? = 0
configure:17039: result: yes
configure:17039: checking for strerror
configure:17039: gcc -o conftest -g -O2   conftest.c  >&5
configure:17039: $? = 0
configure:17039: result: yes
configure:17039: checking for strncasecmp
configure:17039: gcc -o conftest -g -O2   conftest.c  >&5
conftest.c:72:6: warning: conflicting types for built-in function 'strncasecmp' [enabled by default]
 char strncasecmp ();
      ^
configure:17039: $? = 0
configure:17039: result: yes
configure:17039: checking for strstr
configure:17039: gcc -o conftest -g -O2   conftest.c  >&5
conftest.c:73:6: warning: conflicting types for built-in function 'strstr' [enabled by default]
 char strstr ();
      ^
configure:17039: $? = 0
configure:17039: result: yes
configure:17039: checking for fdatasync
configure:17039: gcc -o conftest -g -O2   conftest.c  >&5
configure:17039: $? = 0
configure:17039: result: yes
configure:17039: checking for ftruncate
configure:17039: gcc -o conftest -g -O2   conftest.c  >&5
configure:17039: $? = 0
configure:17039: result: yes
configure:17039: checking for getcwd
configure:17039: gcc -o conftest -g -O2   conftest.c  >&5
configure:17039: $? = 0
configure:17039: result: yes
configure:17039: checking for gettimeofday
configure:17039: gcc -o conftest -g -O2   conftest.c  >&5
configure:17039: $? = 0
configure:17039: result: yes
configure:17039: checking for localtime_r
configure:17039: gcc -o conftest -g -O2   conftest.c  >&5
configure:17039: $? = 0
configure:17039: result: yes
configure:17039: checking for memmove
configure:17039: gcc -o conftest -g -O2   conftest.c  >&5
conftest.c:79:6: warning: conflicting types for built-in function 'memmove' [enabled by default]
 char memmove ();
      ^
configure:17039: $? = 0
configure:17039: result: yes
configure:17039: checking for strerror
configure:17039: result: yes
configure:17050: checking for sqlite3_prepare_v2 in -lsqlite3
configure:17075: gcc -o conftest -g -O2   conftest.c -lsqlite3 -lm  >&5
configure:17075: $? = 0
configure:17084: result: yes
configure:17097: checking for inflateInit_ in -lz
configure:17122: gcc -o conftest -g -O2   conftest.c -lz -lm -lsqlite3  >&5
configure:17122: $? = 0
configure:17131: result: yes
configure:17241: checking proj_api.h usability
configure:17241: gcc -c -g -O2  conftest.c >&5
configure:17241: $? = 0
configure:17241: result: yes
configure:17241: checking proj_api.h presence
configure:17241: gcc -E  conftest.c
configure:17241: $? = 0
configure:17241: result: yes
configure:17241: checking for proj_api.h
configure:17241: result: yes
configure:17253: checking for library containing pj_init_plus
configure:17284: gcc -o conftest -g -O2   conftest.c -lz -lsqlite3  >&5
/tmp/ccyOCBVk.o: In function `main':
/home/mj10777/000_links/geopaparazzi/geopaparazzi.eu/libjsqlite-spatialite-android/libjsqlite-spatialite-android/spatialite-android-library/jni/libspatialite-4.1.1/conftest.c:73: undefined reference to `pj_init_plus'
collect2: error: ld returned 1 exit status
configure:17284: $? = 1
configure: failed program was:
| /* confdefs.h */
| #define PACKAGE_NAME "libspatialite"
| #define PACKAGE_TARNAME "libspatialite"
| #define PACKAGE_VERSION "4.1.1"
| #define PACKAGE_STRING "libspatialite 4.1.1"
| #define PACKAGE_BUGREPORT "a.furieri@lqt.it"
| #define PACKAGE_URL ""
| #define PACKAGE "libspatialite"
| #define VERSION "4.1.1"
| #define _LARGE_FILE 1
| #define _FILE_OFFSET_BITS 64
| #define _LARGEFILE_SOURCE 1
| #define NDEBUG 1
| #define STDC_HEADERS 1
| #define HAVE_SYS_TYPES_H 1
| #define HAVE_SYS_STAT_H 1
| #define HAVE_STDLIB_H 1
| #define HAVE_STRING_H 1
| #define HAVE_MEMORY_H 1
| #define HAVE_STRINGS_H 1
| #define HAVE_INTTYPES_H 1
| #define HAVE_STDINT_H 1
| #define HAVE_UNISTD_H 1
| #define HAVE_STDLIB_H 1
| #define HAVE_STDIO_H 1
| #define HAVE_STRING_H 1
| #define HAVE_MEMORY_H 1
| #define HAVE_MATH_H 1
| #define HAVE_FLOAT_H 1
| #define HAVE_FCNTL_H 1
| #define HAVE_INTTYPES_H 1
| #define HAVE_STDDEF_H 1
| #define HAVE_STDINT_H 1
| #define HAVE_SYS_TIME_H 1
| #define HAVE_UNISTD_H 1
| #define HAVE_SQLITE3_H 1
| #define HAVE_SQLITE3EXT_H 1
| #define HAVE_ZLIB_H 1
| #define HAVE_DLFCN_H 1
| #define LT_OBJDIR ".libs/"
| #define TIME_WITH_SYS_TIME 1
| #define HAVE_LSTAT_EMPTY_STRING_BUG 1
| #define HAVE_STAT_EMPTY_STRING_BUG 1
| #define HAVE_STRFTIME 1
| #define HAVE_MEMSET 1
| #define HAVE_STRCASECMP 1
| #define HAVE_STRERROR 1
| #define HAVE_STRNCASECMP 1
| #define HAVE_STRSTR 1
| #define HAVE_FDATASYNC 1
| #define HAVE_FTRUNCATE 1
| #define HAVE_GETCWD 1
| #define HAVE_GETTIMEOFDAY 1
| #define HAVE_LOCALTIME_R 1
| #define HAVE_MEMMOVE 1
| #define HAVE_STRERROR 1
| #define HAVE_LIBSQLITE3 1
| #define HAVE_LIBZ 1
| #define OMIT_GEOCALLBACKS 1
| #define HAVE_PROJ_API_H 1
| /* end confdefs.h.  */
| 
| /* Override any GCC internal prototype to avoid an error.
|    Use char because int might match the return type of a GCC
|    builtin and then its argument prototype would still apply.  */
| #ifdef __cplusplus
| extern "C"
| #endif
| char pj_init_plus ();
| int
| main ()
| {
| return pj_init_plus ();
|   ;
|   return 0;
| }
configure:17284: gcc -o conftest -g -O2   conftest.c -lproj -lm -lz -lsqlite3  >&5
configure:17284: $? = 0
configure:17301: result: -lproj
configure:17330: checking iconv.h usability
configure:17330: gcc -c -g -O2  conftest.c >&5
configure:17330: $? = 0
configure:17330: result: yes
configure:17330: checking iconv.h presence
configure:17330: gcc -E  conftest.c
configure:17330: $? = 0
configure:17330: result: yes
configure:17330: checking for iconv.h
configure:17330: result: yes
configure:17344: checking for library containing iconv
configure:17375: gcc -o conftest -g -O2   conftest.c -lproj -lz -lsqlite3  >&5
configure:17375: $? = 0
configure:17392: result: none required
configure:17459: checking for library containing locale_charset
configure:17490: gcc -o conftest -g -O2   conftest.c -lproj -lz -lsqlite3  >&5
/tmp/ccZOaVP1.o: In function `main':
/home/mj10777/000_links/geopaparazzi/geopaparazzi.eu/libjsqlite-spatialite-android/libjsqlite-spatialite-android/spatialite-android-library/jni/libspatialite-4.1.1/conftest.c:74: undefined reference to `locale_charset'
collect2: error: ld returned 1 exit status
configure:17490: $? = 1
configure: failed program was:
| /* confdefs.h */
| #define PACKAGE_NAME "libspatialite"
| #define PACKAGE_TARNAME "libspatialite"
| #define PACKAGE_VERSION "4.1.1"
| #define PACKAGE_STRING "libspatialite 4.1.1"
| #define PACKAGE_BUGREPORT "a.furieri@lqt.it"
| #define PACKAGE_URL ""
| #define PACKAGE "libspatialite"
| #define VERSION "4.1.1"
| #define _LARGE_FILE 1
| #define _FILE_OFFSET_BITS 64
| #define _LARGEFILE_SOURCE 1
| #define NDEBUG 1
| #define STDC_HEADERS 1
| #define HAVE_SYS_TYPES_H 1
| #define HAVE_SYS_STAT_H 1
| #define HAVE_STDLIB_H 1
| #define HAVE_STRING_H 1
| #define HAVE_MEMORY_H 1
| #define HAVE_STRINGS_H 1
| #define HAVE_INTTYPES_H 1
| #define HAVE_STDINT_H 1
| #define HAVE_UNISTD_H 1
| #define HAVE_STDLIB_H 1
| #define HAVE_STDIO_H 1
| #define HAVE_STRING_H 1
| #define HAVE_MEMORY_H 1
| #define HAVE_MATH_H 1
| #define HAVE_FLOAT_H 1
| #define HAVE_FCNTL_H 1
| #define HAVE_INTTYPES_H 1
| #define HAVE_STDDEF_H 1
| #define HAVE_STDINT_H 1
| #define HAVE_SYS_TIME_H 1
| #define HAVE_UNISTD_H 1
| #define HAVE_SQLITE3_H 1
| #define HAVE_SQLITE3EXT_H 1
| #define HAVE_ZLIB_H 1
| #define HAVE_DLFCN_H 1
| #define LT_OBJDIR ".libs/"
| #define TIME_WITH_SYS_TIME 1
| #define HAVE_LSTAT_EMPTY_STRING_BUG 1
| #define HAVE_STAT_EMPTY_STRING_BUG 1
| #define HAVE_STRFTIME 1
| #define HAVE_MEMSET 1
| #define HAVE_STRCASECMP 1
| #define HAVE_STRERROR 1
| #define HAVE_STRNCASECMP 1
| #define HAVE_STRSTR 1
| #define HAVE_FDATASYNC 1
| #define HAVE_FTRUNCATE 1
| #define HAVE_GETCWD 1
| #define HAVE_GETTIMEOFDAY 1
| #define HAVE_LOCALTIME_R 1
| #define HAVE_MEMMOVE 1
| #define HAVE_STRERROR 1
| #define HAVE_LIBSQLITE3 1
| #define HAVE_LIBZ 1
| #define OMIT_GEOCALLBACKS 1
| #define HAVE_PROJ_API_H 1
| #define HAVE_ICONV_H 1
| /* end confdefs.h.  */
| 
| /* Override any GCC internal prototype to avoid an error.
|    Use char because int might match the return type of a GCC
|    builtin and then its argument prototype would still apply.  */
| #ifdef __cplusplus
| extern "C"
| #endif
| char locale_charset ();
| int
| main ()
| {
| return locale_charset ();
|   ;
|   return 0;
| }
configure:17490: gcc -o conftest -g -O2   conftest.c -lcharset  -lproj -lz -lsqlite3  >&5
configure:17490: $? = 0
configure:17507: result: -lcharset
configure:17592: checking freexl.h usability
configure:17592: gcc -c -g -O2  conftest.c >&5
configure:17592: $? = 0
configure:17592: result: yes
configure:17592: checking freexl.h presence
configure:17592: gcc -E  conftest.c
configure:17592: $? = 0
configure:17592: result: yes
configure:17592: checking for freexl.h
configure:17592: result: yes
configure:17604: checking for library containing freexl_open
configure:17635: gcc -o conftest -g -O2   conftest.c -lcharset -lproj -lz -lsqlite3  >&5
/tmp/ccVWIBRv.o: In function `main':
/home/mj10777/000_links/geopaparazzi/geopaparazzi.eu/libjsqlite-spatialite-android/libjsqlite-spatialite-android/spatialite-android-library/jni/libspatialite-4.1.1/conftest.c:75: undefined reference to `freexl_open'
collect2: error: ld returned 1 exit status
configure:17635: $? = 1
configure: failed program was:
| /* confdefs.h */
| #define PACKAGE_NAME "libspatialite"
| #define PACKAGE_TARNAME "libspatialite"
| #define PACKAGE_VERSION "4.1.1"
| #define PACKAGE_STRING "libspatialite 4.1.1"
| #define PACKAGE_BUGREPORT "a.furieri@lqt.it"
| #define PACKAGE_URL ""
| #define PACKAGE "libspatialite"
| #define VERSION "4.1.1"
| #define _LARGE_FILE 1
| #define _FILE_OFFSET_BITS 64
| #define _LARGEFILE_SOURCE 1
| #define NDEBUG 1
| #define STDC_HEADERS 1
| #define HAVE_SYS_TYPES_H 1
| #define HAVE_SYS_STAT_H 1
| #define HAVE_STDLIB_H 1
| #define HAVE_STRING_H 1
| #define HAVE_MEMORY_H 1
| #define HAVE_STRINGS_H 1
| #define HAVE_INTTYPES_H 1
| #define HAVE_STDINT_H 1
| #define HAVE_UNISTD_H 1
| #define HAVE_STDLIB_H 1
| #define HAVE_STDIO_H 1
| #define HAVE_STRING_H 1
| #define HAVE_MEMORY_H 1
| #define HAVE_MATH_H 1
| #define HAVE_FLOAT_H 1
| #define HAVE_FCNTL_H 1
| #define HAVE_INTTYPES_H 1
| #define HAVE_STDDEF_H 1
| #define HAVE_STDINT_H 1
| #define HAVE_SYS_TIME_H 1
| #define HAVE_UNISTD_H 1
| #define HAVE_SQLITE3_H 1
| #define HAVE_SQLITE3EXT_H 1
| #define HAVE_ZLIB_H 1
| #define HAVE_DLFCN_H 1
| #define LT_OBJDIR ".libs/"
| #define TIME_WITH_SYS_TIME 1
| #define HAVE_LSTAT_EMPTY_STRING_BUG 1
| #define HAVE_STAT_EMPTY_STRING_BUG 1
| #define HAVE_STRFTIME 1
| #define HAVE_MEMSET 1
| #define HAVE_STRCASECMP 1
| #define HAVE_STRERROR 1
| #define HAVE_STRNCASECMP 1
| #define HAVE_STRSTR 1
| #define HAVE_FDATASYNC 1
| #define HAVE_FTRUNCATE 1
| #define HAVE_GETCWD 1
| #define HAVE_GETTIMEOFDAY 1
| #define HAVE_LOCALTIME_R 1
| #define HAVE_MEMMOVE 1
| #define HAVE_STRERROR 1
| #define HAVE_LIBSQLITE3 1
| #define HAVE_LIBZ 1
| #define OMIT_GEOCALLBACKS 1
| #define HAVE_PROJ_API_H 1
| #define HAVE_ICONV_H 1
| #define HAVE_FREEXL_H 1
| /* end confdefs.h.  */
| 
| /* Override any GCC internal prototype to avoid an error.
|    Use char because int might match the return type of a GCC
|    builtin and then its argument prototype would still apply.  */
| #ifdef __cplusplus
| extern "C"
| #endif
| char freexl_open ();
| int
| main ()
| {
| return freexl_open ();
|   ;
|   return 0;
| }
configure:17635: gcc -o conftest -g -O2   conftest.c -lfreexl -lm -lcharset -lproj -lz -lsqlite3  >&5
configure:17635: $? = 0
configure:17652: result: -lfreexl
configure:17710: checking for geos-config
configure:17728: found /usr/local/bin/geos-config
configure:17740: result: /usr/local/bin/geos-config
configure:17775: checking geos_c.h usability
configure:17775: gcc -c -g -O2 -I/usr/local/include conftest.c >&5
configure:17775: $? = 0
configure:17775: result: yes
configure:17775: checking geos_c.h presence
configure:17775: gcc -E -I/usr/local/include conftest.c
configure:17775: $? = 0
configure:17775: result: yes
configure:17775: checking for geos_c.h
configure:17775: result: yes
configure:17791: checking for library containing GEOSTopologyPreserveSimplify
configure:17822: gcc -o conftest -g -O2   conftest.c -L/usr/local/lib >&5
/tmp/ccWoPkQT.o: In function `main':
/home/mj10777/000_links/geopaparazzi/geopaparazzi.eu/libjsqlite-spatialite-android/libjsqlite-spatialite-android/spatialite-android-library/jni/libspatialite-4.1.1/conftest.c:76: undefined reference to `GEOSTopologyPreserveSimplify'
collect2: error: ld returned 1 exit status
configure:17822: $? = 1
configure: failed program was:
| /* confdefs.h */
| #define PACKAGE_NAME "libspatialite"
| #define PACKAGE_TARNAME "libspatialite"
| #define PACKAGE_VERSION "4.1.1"
| #define PACKAGE_STRING "libspatialite 4.1.1"
| #define PACKAGE_BUGREPORT "a.furieri@lqt.it"
| #define PACKAGE_URL ""
| #define PACKAGE "libspatialite"
| #define VERSION "4.1.1"
| #define _LARGE_FILE 1
| #define _FILE_OFFSET_BITS 64
| #define _LARGEFILE_SOURCE 1
| #define NDEBUG 1
| #define STDC_HEADERS 1
| #define HAVE_SYS_TYPES_H 1
| #define HAVE_SYS_STAT_H 1
| #define HAVE_STDLIB_H 1
| #define HAVE_STRING_H 1
| #define HAVE_MEMORY_H 1
| #define HAVE_STRINGS_H 1
| #define HAVE_INTTYPES_H 1
| #define HAVE_STDINT_H 1
| #define HAVE_UNISTD_H 1
| #define HAVE_STDLIB_H 1
| #define HAVE_STDIO_H 1
| #define HAVE_STRING_H 1
| #define HAVE_MEMORY_H 1
| #define HAVE_MATH_H 1
| #define HAVE_FLOAT_H 1
| #define HAVE_FCNTL_H 1
| #define HAVE_INTTYPES_H 1
| #define HAVE_STDDEF_H 1
| #define HAVE_STDINT_H 1
| #define HAVE_SYS_TIME_H 1
| #define HAVE_UNISTD_H 1
| #define HAVE_SQLITE3_H 1
| #define HAVE_SQLITE3EXT_H 1
| #define HAVE_ZLIB_H 1
| #define HAVE_DLFCN_H 1
| #define LT_OBJDIR ".libs/"
| #define TIME_WITH_SYS_TIME 1
| #define HAVE_LSTAT_EMPTY_STRING_BUG 1
| #define HAVE_STAT_EMPTY_STRING_BUG 1
| #define HAVE_STRFTIME 1
| #define HAVE_MEMSET 1
| #define HAVE_STRCASECMP 1
| #define HAVE_STRERROR 1
| #define HAVE_STRNCASECMP 1
| #define HAVE_STRSTR 1
| #define HAVE_FDATASYNC 1
| #define HAVE_FTRUNCATE 1
| #define HAVE_GETCWD 1
| #define HAVE_GETTIMEOFDAY 1
| #define HAVE_LOCALTIME_R 1
| #define HAVE_MEMMOVE 1
| #define HAVE_STRERROR 1
| #define HAVE_LIBSQLITE3 1
| #define HAVE_LIBZ 1
| #define OMIT_GEOCALLBACKS 1
| #define HAVE_PROJ_API_H 1
| #define HAVE_ICONV_H 1
| #define HAVE_FREEXL_H 1
| #define HAVE_GEOS_C_H 1
| /* end confdefs.h.  */
| 
| /* Override any GCC internal prototype to avoid an error.
|    Use char because int might match the return type of a GCC
|    builtin and then its argument prototype would still apply.  */
| #ifdef __cplusplus
| extern "C"
| #endif
| char GEOSTopologyPreserveSimplify ();
| int
| main ()
| {
| return GEOSTopologyPreserveSimplify ();
|   ;
|   return 0;
| }
configure:17822: gcc -o conftest -g -O2   conftest.c -lgeos_c  -L/usr/local/lib >&5
configure:17822: $? = 0
configure:17839: result: -lgeos_c
configure:17863: checking for library containing GEOSCoveredBy
configure:17894: gcc -o conftest -g -O2   conftest.c -lfreexl -lcharset -lproj -lz -lsqlite3 -L/usr/local/lib -lgeos_c >&5
configure:17894: $? = 0
configure:17911: result: none required
configure:17936: checking for library containing GEOSDelaunayTriangulation
configure:17967: gcc -o conftest -g -O2   conftest.c -lfreexl -lcharset -lproj -lz -lsqlite3 -L/usr/local/lib -lgeos_c >&5
configure:17967: $? = 0
configure:17984: result: none required
configure:18511: checking that generated files are newer than configure
configure:18517: result: done
configure:18572: creating ./config.status

## ---------------------- ##
## Running config.status. ##
## ---------------------- ##

This file was extended by libspatialite config.status 4.1.1, which was
generated by GNU Autoconf 2.69.  Invocation command line was

  CONFIG_FILES    = 
  CONFIG_HEADERS  = 
  CONFIG_LINKS    = 
  CONFIG_COMMANDS = 
  $ ./config.status 

on mj10777-01-l

config.status:1241: creating Makefile
config.status:1241: creating src/Makefile
config.status:1241: creating src/headers/Makefile
config.status:1241: creating src/gaiaaux/Makefile
config.status:1241: creating src/gaiaexif/Makefile
config.status:1241: creating src/gaiageo/Makefile
config.status:1241: creating src/gaiageo/flex/Makefile
config.status:1241: creating src/gaiageo/lemon/Makefile
config.status:1241: creating src/gaiageo/lemon/lemon_src/Makefile
config.status:1241: creating src/geopackage/Makefile
config.status:1241: creating src/spatialite/Makefile
config.status:1241: creating src/shapefiles/Makefile
config.status:1241: creating src/dxf/Makefile
config.status:1241: creating src/md5/Makefile
config.status:1241: creating src/srsinit/Makefile
config.status:1241: creating src/srsinit/epsg_update/Makefile
config.status:1241: creating src/virtualtext/Makefile
config.status:1241: creating src/wfs/Makefile
config.status:1241: creating test/Makefile
config.status:1241: creating test/sql_stmt_tests/Makefile
config.status:1241: creating test/sql_stmt_geos_tests/Makefile
config.status:1241: creating test/sql_stmt_geosadvanced_tests/Makefile
config.status:1241: creating test/sql_stmt_geostrunk_tests/Makefile
config.status:1241: creating test/sql_stmt_proj_tests/Makefile
config.status:1241: creating test/sql_stmt_mathsql_tests/Makefile
config.status:1241: creating test/sql_stmt_lwgeom_tests/Makefile
config.status:1241: creating test/sql_stmt_libxml2_tests/Makefile
config.status:1241: creating test/sql_stmt_security_tests/Makefile
config.status:1241: creating test/sql_stmt_xmlsec_tests/Makefile
config.status:1241: creating examples/Makefile
config.status:1241: creating Doxyfile
config.status:1241: creating spatialite.pc
config.status:1241: creating config.h
config.status:1470: executing depfiles commands
config.status:1470: executing libtool commands

## ---------------- ##
## Cache variables. ##
## ---------------- ##

ac_cv_build=x86_64-pc-linux-gnu
ac_cv_c_compiler_gnu=yes
ac_cv_c_const=yes
ac_cv_c_volatile=yes
ac_cv_cxx_compiler_gnu=yes
ac_cv_env_CCC_set=
ac_cv_env_CCC_value=
ac_cv_env_CC_set=
ac_cv_env_CC_value=
ac_cv_env_CFLAGS_set=
ac_cv_env_CFLAGS_value=
ac_cv_env_CPPFLAGS_set=
ac_cv_env_CPPFLAGS_value=
ac_cv_env_CPP_set=
ac_cv_env_CPP_value=
ac_cv_env_CXXCPP_set=
ac_cv_env_CXXCPP_value=
ac_cv_env_CXXFLAGS_set=
ac_cv_env_CXXFLAGS_value=
ac_cv_env_CXX_set=
ac_cv_env_CXX_value=
ac_cv_env_LDFLAGS_set=
ac_cv_env_LDFLAGS_value=
ac_cv_env_LIBS_set=
ac_cv_env_LIBS_value=
ac_cv_env_LIBXML2_CFLAGS_set=
ac_cv_env_LIBXML2_CFLAGS_value=
ac_cv_env_LIBXML2_LIBS_set=
ac_cv_env_LIBXML2_LIBS_value=
ac_cv_env_PKG_CONFIG_LIBDIR_set=
ac_cv_env_PKG_CONFIG_LIBDIR_value=
ac_cv_env_PKG_CONFIG_PATH_set=
ac_cv_env_PKG_CONFIG_PATH_value=
ac_cv_env_PKG_CONFIG_set=
ac_cv_env_PKG_CONFIG_value=
ac_cv_env_build_alias_set=set
ac_cv_env_build_alias_value=x86_64-pc-linux-gnu
ac_cv_env_host_alias_set=set
ac_cv_env_host_alias_value=arm-linux-eabi
ac_cv_env_target_alias_set=
ac_cv_env_target_alias_value=
ac_cv_func_fdatasync=yes
ac_cv_func_ftruncate=yes
ac_cv_func_getcwd=yes
ac_cv_func_gettimeofday=yes
ac_cv_func_localtime_r=yes
ac_cv_func_lstat_dereferences_slashed_symlink=no
ac_cv_func_lstat_empty_string_bug=yes
ac_cv_func_memcmp_working=no
ac_cv_func_memmove=yes
ac_cv_func_memset=yes
ac_cv_func_sqrt=no
ac_cv_func_stat_empty_string_bug=yes
ac_cv_func_strcasecmp=yes
ac_cv_func_strerror=yes
ac_cv_func_strftime=yes
ac_cv_func_strncasecmp=yes
ac_cv_func_strstr=yes
ac_cv_header_dlfcn_h=yes
ac_cv_header_fcntl_h=yes
ac_cv_header_float_h=yes
ac_cv_header_freexl_h=yes
ac_cv_header_geos_c_h=yes
ac_cv_header_iconv_h=yes
ac_cv_header_inttypes_h=yes
ac_cv_header_math_h=yes
ac_cv_header_memory_h=yes
ac_cv_header_proj_api_h=yes
ac_cv_header_sqlite3_h=yes
ac_cv_header_sqlite3ext_h=yes
ac_cv_header_stdc=yes
ac_cv_header_stddef_h=yes
ac_cv_header_stdint_h=yes
ac_cv_header_stdio_h=yes
ac_cv_header_stdlib_h=yes
ac_cv_header_string_h=yes
ac_cv_header_strings_h=yes
ac_cv_header_sys_stat_h=yes
ac_cv_header_sys_time_h=yes
ac_cv_header_sys_types_h=yes
ac_cv_header_time=yes
ac_cv_header_unistd_h=yes
ac_cv_header_zlib_h=yes
ac_cv_host=arm-linux-eabi
ac_cv_lib_sqlite3_sqlite3_prepare_v2=yes
ac_cv_lib_z_inflateInit_=yes
ac_cv_objext=o
ac_cv_path_EGREP='/bin/grep -E'
ac_cv_path_FGREP='/bin/grep -F'
ac_cv_path_GEOSCONFIG=/usr/local/bin/geos-config
ac_cv_path_GREP=/bin/grep
ac_cv_path_SED=/bin/sed
ac_cv_path_install='/usr/bin/install -c'
ac_cv_path_mkdir=/bin/mkdir
ac_cv_prog_AWK=gawk
ac_cv_prog_CC=gcc
ac_cv_prog_CPP='gcc -E'
ac_cv_prog_CXXCPP='g++ -E'
ac_cv_prog_DLLTOOL=dlltool
ac_cv_prog_OBJDUMP=objdump
ac_cv_prog_STRIP=strip
ac_cv_prog_ac_ct_AR=ar
ac_cv_prog_ac_ct_CC=gcc
ac_cv_prog_ac_ct_CXX=g++
ac_cv_prog_ac_ct_DUMPBIN='link -dump'
ac_cv_prog_ac_ct_MANIFEST_TOOL=mt
ac_cv_prog_ac_ct_RANLIB=ranlib
ac_cv_prog_ac_ct_STRIP=strip
ac_cv_prog_cc_c89=
ac_cv_prog_cc_g=yes
ac_cv_prog_cxx_g=yes
ac_cv_prog_make_make_set=yes
ac_cv_search_GEOSCoveredBy='none required'
ac_cv_search_GEOSDelaunayTriangulation='none required'
ac_cv_search_GEOSTopologyPreserveSimplify=-lgeos_c
ac_cv_search_freexl_open=-lfreexl
ac_cv_search_iconv='none required'
ac_cv_search_locale_charset=-lcharset
ac_cv_search_pj_init_plus=-lproj
ac_cv_struct_tm=time.h
ac_cv_type_off_t=yes
ac_cv_type_size_t=yes
am_cv_CC_dependencies_compiler_type=gcc3
am_cv_CXX_dependencies_compiler_type=gcc3
lt_cv_ar_at_file=@
lt_cv_archive_cmds_need_lc=no
lt_cv_deplibs_check_method=unknown
lt_cv_file_magic_cmd='$MAGIC_CMD'
lt_cv_file_magic_test_file=
lt_cv_ld_reload_flag=-r
lt_cv_nm_interface='BSD nm'
lt_cv_objdir=.libs
lt_cv_path_LD=/usr/bin/ld
lt_cv_path_LDCXX=/usr/bin/ld
lt_cv_path_NM=no
lt_cv_path_mainfest_tool=no
lt_cv_prog_compiler_c_o=yes
lt_cv_prog_compiler_c_o_CXX=yes
lt_cv_prog_compiler_pic='-fPIC -DPIC'
lt_cv_prog_compiler_pic_CXX='-fPIC -DPIC'
lt_cv_prog_compiler_pic_works=yes
lt_cv_prog_compiler_pic_works_CXX=yes
lt_cv_prog_compiler_rtti_exceptions=no
lt_cv_prog_compiler_static_works=yes
lt_cv_prog_compiler_static_works_CXX=yes
lt_cv_prog_gnu_ld=yes
lt_cv_prog_gnu_ldcxx=yes
lt_cv_sharedlib_from_linklib_cmd='printf %s\n'
lt_cv_sys_global_symbol_pipe='sed -n -e '\''s/^.*[	 ]\([ABCDGIRSTW][ABCDGIRSTW]*\)[	 ][	 ]*\([_A-Za-z][_A-Za-z0-9]*\)$/\1 \2 \2/p'\'' | sed '\''/ __gnu_lto/d'\'''
lt_cv_sys_global_symbol_to_c_name_address='sed -n -e '\''s/^: \([^ ]*\)[ ]*$/  {\"\1\", (void *) 0},/p'\'' -e '\''s/^[ABCDGIRSTW]* \([^ ]*\) \([^ ]*\)$/  {"\2", (void *) \&\2},/p'\'''
lt_cv_sys_global_symbol_to_c_name_address_lib_prefix='sed -n -e '\''s/^: \([^ ]*\)[ ]*$/  {\"\1\", (void *) 0},/p'\'' -e '\''s/^[ABCDGIRSTW]* \([^ ]*\) \(lib[^ ]*\)$/  {"\2", (void *) \&\2},/p'\'' -e '\''s/^[ABCDGIRSTW]* \([^ ]*\) \([^ ]*\)$/  {"lib\2", (void *) \&\2},/p'\'''
lt_cv_sys_global_symbol_to_cdecl='sed -n -e '\''s/^T .* \(.*\)$/extern int \1();/p'\'' -e '\''s/^[ABCDGIRSTW]* .* \(.*\)$/extern char \1;/p'\'''
lt_cv_sys_max_cmd_len=1572864
lt_cv_to_host_file_cmd=func_convert_file_noop
lt_cv_to_tool_file_cmd=func_convert_file_noop

## ----------------- ##
## Output variables. ##
## ----------------- ##

ACLOCAL='${SHELL} /home/mj10777/000_links/geopaparazzi/geopaparazzi.eu/libjsqlite-spatialite-android/libjsqlite-spatialite-android/spatialite-android-library/jni/libspatialite-4.1.1/missing --run aclocal-1.12'
AMDEPBACKSLASH='\'
AMDEP_FALSE='#'
AMDEP_TRUE=''
AMTAR='$${TAR-tar}'
ANDROID_FALSE=''
ANDROID_TRUE='#'
AR='ar'
AS='as'
AUTOCONF='${SHELL} /home/mj10777/000_links/geopaparazzi/geopaparazzi.eu/libjsqlite-spatialite-android/libjsqlite-spatialite-android/spatialite-android-library/jni/libspatialite-4.1.1/missing --run autoconf'
AUTOHEADER='${SHELL} /home/mj10777/000_links/geopaparazzi/geopaparazzi.eu/libjsqlite-spatialite-android/libjsqlite-spatialite-android/spatialite-android-library/jni/libspatialite-4.1.1/missing --run autoheader'
AUTOMAKE='${SHELL} /home/mj10777/000_links/geopaparazzi/geopaparazzi.eu/libjsqlite-spatialite-android/libjsqlite-spatialite-android/spatialite-android-library/jni/libspatialite-4.1.1/missing --run automake-1.12'
AWK='gawk'
CC='gcc'
CCDEPMODE='depmode=gcc3'
CFLAGS='-g -O2'
CPP='gcc -E'
CPPFLAGS=''
CXX='g++'
CXXCPP='g++ -E'
CXXDEPMODE='depmode=gcc3'
CXXFLAGS='-g -O2'
CYGPATH_W='echo'
DEFS='-DHAVE_CONFIG_H'
DEPDIR='.deps'
DLLTOOL='dlltool'
DSYMUTIL=''
DUMPBIN=':'
ECHO_C=''
ECHO_N='-n'
ECHO_T=''
EGREP='/bin/grep -E'
ENABLE_EXAMPLES_FALSE='#'
ENABLE_EXAMPLES_TRUE=''
ENABLE_GEOPACKAGE_FALSE=''
ENABLE_GEOPACKAGE_TRUE='#'
EXEEXT=''
FGREP='/bin/grep -F'
GEOSCONFIG='/usr/local/bin/geos-config'
GEOS_CFLAGS='-I/usr/local/include'
GEOS_LDFLAGS='-L/usr/local/lib'
GREP='/bin/grep'
INSTALL_DATA='${INSTALL} -m 644'
INSTALL_PROGRAM='${INSTALL}'
INSTALL_SCRIPT='${INSTALL}'
INSTALL_STRIP_PROGRAM='$(install_sh) -c -s'
LD='/usr/bin/ld'
LDFLAGS=''
LIBOBJS=' ${LIBOBJDIR}lstat$U.o ${LIBOBJDIR}memcmp$U.o ${LIBOBJDIR}stat$U.o'
LIBS='-lfreexl -lcharset -lproj -lz -lsqlite3 -L/usr/local/lib -lgeos_c'
LIBTOOL='$(SHELL) $(top_builddir)/libtool'
LIBXML2_CFLAGS=''
LIBXML2_LIBS=''
LIPO=''
LN_S='ln -s'
LTLIBOBJS=' ${LIBOBJDIR}lstat$U.lo ${LIBOBJDIR}memcmp$U.lo ${LIBOBJDIR}stat$U.lo'
MACOSX_FALSE=''
MACOSX_TRUE='#'
MAINT='#'
MAINTAINER_MODE_FALSE=''
MAINTAINER_MODE_TRUE='#'
MAKEINFO='${SHELL} /home/mj10777/000_links/geopaparazzi/geopaparazzi.eu/libjsqlite-spatialite-android/libjsqlite-spatialite-android/spatialite-android-library/jni/libspatialite-4.1.1/missing --run makeinfo'
MANIFEST_TOOL=':'
MINGW_FALSE=''
MINGW_TRUE='#'
MKDIR_P='/bin/mkdir -p'
NM='nm'
NMEDIT=''
OBJDUMP='objdump'
OBJEXT='o'
OTOOL64=''
OTOOL=''
PACKAGE='libspatialite'
PACKAGE_BUGREPORT='a.furieri@lqt.it'
PACKAGE_NAME='libspatialite'
PACKAGE_STRING='libspatialite 4.1.1'
PACKAGE_TARNAME='libspatialite'
PACKAGE_URL=''
PACKAGE_VERSION='4.1.1'
PATH_SEPARATOR=':'
PKG_CONFIG=''
PKG_CONFIG_LIBDIR=''
PKG_CONFIG_PATH=''
RANLIB='ranlib'
SED='/bin/sed'
SET_MAKE=''
SHELL='/bin/bash'
STRIP='strip'
VERSION='4.1.1'
ac_ct_AR='ar'
ac_ct_CC='gcc'
ac_ct_CXX='g++'
ac_ct_DUMPBIN='link -dump'
am__EXEEXT_FALSE=''
am__EXEEXT_TRUE='#'
am__fastdepCC_FALSE='#'
am__fastdepCC_TRUE=''
am__fastdepCXX_FALSE='#'
am__fastdepCXX_TRUE=''
am__include='include'
am__isrc=''
am__leading_dot='.'
am__nodep='_no'
am__quote=''
am__tar='$${TAR-tar} chof - "$$tardir"'
am__untar='$${TAR-tar} xf -'
bindir='${exec_prefix}/bin'
build='x86_64-pc-linux-gnu'
build_alias='x86_64-pc-linux-gnu'
build_cpu='x86_64'
build_os='linux-gnu'
build_vendor='pc'
datadir='${datarootdir}'
datarootdir='${prefix}/share'
docdir='${datarootdir}/doc/${PACKAGE_TARNAME}'
dvidir='${docdir}'
exec_prefix='${prefix}'
host='arm-linux-eabi'
host_alias='arm-linux-eabi'
host_cpu='arm'
host_os='eabi'
host_vendor='linux'
htmldir='${docdir}'
includedir='${prefix}/include'
infodir='${datarootdir}/info'
install_sh='${SHELL} /home/mj10777/000_links/geopaparazzi/geopaparazzi.eu/libjsqlite-spatialite-android/libjsqlite-spatialite-android/spatialite-android-library/jni/libspatialite-4.1.1/install-sh'
libdir='${exec_prefix}/lib'
libexecdir='${exec_prefix}/libexec'
localedir='${datarootdir}/locale'
localstatedir='${prefix}/var'
mandir='${datarootdir}/man'
mkdir_p='$(MKDIR_P)'
oldincludedir='/usr/include'
pdfdir='${docdir}'
prefix='/usr/local'
program_transform_name='s,x,x,'
psdir='${docdir}'
sbindir='${exec_prefix}/sbin'
sharedstatedir='${prefix}/com'
sysconfdir='${prefix}/etc'
target_alias=''

## ----------- ##
## confdefs.h. ##
## ----------- ##

/* confdefs.h */
#define PACKAGE_NAME "libspatialite"
#define PACKAGE_TARNAME "libspatialite"
#define PACKAGE_VERSION "4.1.1"
#define PACKAGE_STRING "libspatialite 4.1.1"
#define PACKAGE_BUGREPORT "a.furieri@lqt.it"
#define PACKAGE_URL ""
#define PACKAGE "libspatialite"
#define VERSION "4.1.1"
#define _LARGE_FILE 1
#define _FILE_OFFSET_BITS 64
#define _LARGEFILE_SOURCE 1
#define NDEBUG 1
#define STDC_HEADERS 1
#define HAVE_SYS_TYPES_H 1
#define HAVE_SYS_STAT_H 1
#define HAVE_STDLIB_H 1
#define HAVE_STRING_H 1
#define HAVE_MEMORY_H 1
#define HAVE_STRINGS_H 1
#define HAVE_INTTYPES_H 1
#define HAVE_STDINT_H 1
#define HAVE_UNISTD_H 1
#define HAVE_STDLIB_H 1
#define HAVE_STDIO_H 1
#define HAVE_STRING_H 1
#define HAVE_MEMORY_H 1
#define HAVE_MATH_H 1
#define HAVE_FLOAT_H 1
#define HAVE_FCNTL_H 1
#define HAVE_INTTYPES_H 1
#define HAVE_STDDEF_H 1
#define HAVE_STDINT_H 1
#define HAVE_SYS_TIME_H 1
#define HAVE_UNISTD_H 1
#define HAVE_SQLITE3_H 1
#define HAVE_SQLITE3EXT_H 1
#define HAVE_ZLIB_H 1
#define HAVE_DLFCN_H 1
#define LT_OBJDIR ".libs/"
#define TIME_WITH_SYS_TIME 1
#define HAVE_LSTAT_EMPTY_STRING_BUG 1
#define HAVE_STAT_EMPTY_STRING_BUG 1
#define HAVE_STRFTIME 1
#define HAVE_MEMSET 1
#define HAVE_STRCASECMP 1
#define HAVE_STRERROR 1
#define HAVE_STRNCASECMP 1
#define HAVE_STRSTR 1
#define HAVE_FDATASYNC 1
#define HAVE_FTRUNCATE 1
#define HAVE_GETCWD 1
#define HAVE_GETTIMEOFDAY 1
#define HAVE_LOCALTIME_R 1
#define HAVE_MEMMOVE 1
#define HAVE_STRERROR 1
#define HAVE_LIBSQLITE3 1
#define HAVE_LIBZ 1
#define OMIT_GEOCALLBACKS 1
#define HAVE_PROJ_API_H 1
#define HAVE_ICONV_H 1
#define HAVE_FREEXL_H 1
#define HAVE_GEOS_C_H 1
#define GEOS_ADVANCED 1
#define GEOS_TRUNK 1

configure: exit 0
