This file contains any messages produced by compilers while
running configure, to aid debugging if configure makes a mistake.

It was created by FreeType configure 2.5.3, which was
generated by GNU Autoconf 2.69.  Invocation command line was

  $ ./configure --build=x86_64-pc-linux-gnu --host=arm-linux-eabi

## --------- ##
## Platform. ##
## --------- ##

hostname = mj10777-01-l
uname -m = x86_64
uname -r = 3.2.0-56-generic
uname -s = Linux
uname -v = #86-Ubuntu SMP Wed Oct 23 09:20:45 UTC 2013

/usr/bin/uname -p = unknown
/bin/uname -X     = unknown

/bin/arch              = unknown
/usr/bin/arch -k       = unknown
/usr/convex/getsysinfo = unknown
/usr/bin/hostinfo      = unknown
/bin/machine           = unknown
/usr/bin/oslevel       = unknown
/bin/universe          = unknown

PATH: /usr/local/pgsql/bin
PATH: /usr/local/pgsql/bin
PATH: /home/mj10777/bin
PATH: /usr/local/pgsql/bin
PATH: /usr/lib/lightdm/lightdm
PATH: /usr/local/sbin
PATH: /usr/local/bin
PATH: /usr/sbin
PATH: /usr/bin
PATH: /sbin
PATH: /bin
PATH: /usr/games
PATH: /home/mj10777/000_links/gnu_source/qt_dev/Qt5.1.0/5.1.0/gcc_64/bin
PATH: /home/mj10777/000_links/gnu_source/adt-bundle-linux/sdk
PATH: /home/mj10777/000_links/gnu_source/adt-bundle-linux/sdk/tools/home/mj10777/000_links/gnu_source/adt-bundle-linux/sdk/platform-tools
PATH: /home/mj10777/000_links/gnu_source/adt-bundle-linux/sdk/tools
PATH: /home/mj10777/000_links/gnu_source/adt-bundle-linux/android-ndk-r9d
PATH: /home/mj10777/000_links/gnu_source/adt-bundle-linux/apache-ant/bin


## ----------- ##
## Core tests. ##
## ----------- ##

configure:2530: checking build system type
configure:2544: result: x86_64-pc-linux-gnu
configure:2564: checking host system type
configure:2577: result: arm-linux-eabi
configure:2609: checking for arm-linux-eabi-gcc
configure:2639: result: no
configure:2649: checking for gcc
configure:2665: found /usr/bin/gcc
configure:2676: result: gcc
configure:2688: WARNING: using cross tools not prefixed with host triplet
configure:2905: checking for C compiler version
configure:2914: gcc --version >&5
gcc (Ubuntu 4.8.1-2ubuntu1~12.04) 4.8.1
Copyright (C) 2013 Free Software Foundation, Inc.
This is free software; see the source for copying conditions.  There is NO
warranty; not even for MERCHANTABILITY or FITNESS FOR A PARTICULAR PURPOSE.

configure:2925: $? = 0
configure:2914: gcc -v >&5
Using built-in specs.
COLLECT_GCC=gcc
COLLECT_LTO_WRAPPER=/usr/lib/gcc/x86_64-linux-gnu/4.8/lto-wrapper
Target: x86_64-linux-gnu
Configured with: ../src/configure -v --with-pkgversion='Ubuntu 4.8.1-2ubuntu1~12.04' --with-bugurl=file:///usr/share/doc/gcc-4.8/README.Bugs --enable-languages=c,c++,java,go,d,fortran,objc,obj-c++ --prefix=/usr --program-suffix=-4.8 --enable-shared --enable-linker-build-id --libexecdir=/usr/lib --without-included-gettext --enable-threads=posix --with-gxx-include-dir=/usr/include/c++/4.8 --libdir=/usr/lib --enable-nls --with-sysroot=/ --enable-clocale=gnu --enable-libstdcxx-debug --enable-libstdcxx-time=yes --enable-gnu-unique-object --enable-plugin --with-system-zlib --disable-browser-plugin --enable-java-awt=gtk --enable-gtk-cairo --with-java-home=/usr/lib/jvm/java-1.5.0-gcj-4.8-amd64/jre --enable-java-home --with-jvm-root-dir=/usr/lib/jvm/java-1.5.0-gcj-4.8-amd64 --with-jvm-jar-dir=/usr/lib/jvm-exports/java-1.5.0-gcj-4.8-amd64 --with-arch-directory=amd64 --with-ecj-jar=/usr/share/java/eclipse-ecj.jar --enable-objc-gc --enable-multiarch --disable-werror --with-arch-32=i686 --with-abi=m64 --with-multilib-list=m32,m64 --with-tune=generic --enable-checking=release --build=x86_64-linux-gnu --host=x86_64-linux-gnu --target=x86_64-linux-gnu
Thread model: posix
gcc version 4.8.1 (Ubuntu 4.8.1-2ubuntu1~12.04) 
configure:2925: $? = 0
configure:2914: gcc -V >&5
gcc: error: unrecognized command line option '-V'
gcc: fatal error: no input files
compilation terminated.
configure:2925: $? = 4
configure:2914: gcc -qversion >&5
gcc: error: unrecognized command line option '-qversion'
gcc: fatal error: no input files
compilation terminated.
configure:2925: $? = 4
configure:2945: checking whether the C compiler works
configure:2967: gcc    conftest.c  >&5
configure:2971: $? = 0
configure:3019: result: yes
configure:3022: checking for C compiler default output file name
configure:3024: result: a.out
configure:3030: checking for suffix of executables
configure:3037: gcc -o conftest    conftest.c  >&5
configure:3041: $? = 0
configure:3063: result: 
configure:3085: checking whether we are cross compiling
configure:3123: result: yes
configure:3128: checking for suffix of object files
configure:3150: gcc -c   conftest.c >&5
configure:3154: $? = 0
configure:3175: result: o
configure:3179: checking whether we are using the GNU C compiler
configure:3198: gcc -c   conftest.c >&5
configure:3198: $? = 0
configure:3207: result: yes
configure:3216: checking whether gcc accepts -g
configure:3236: gcc -c -g  conftest.c >&5
configure:3236: $? = 0
configure:3277: result: yes
configure:3294: checking for gcc option to accept ISO C89
configure:3357: gcc  -c -g -O2  conftest.c >&5
configure:3357: $? = 0
configure:3370: result: none needed
configure:3395: checking how to run the C preprocessor
configure:3426: gcc -E  conftest.c
configure:3426: $? = 0
configure:3440: gcc -E  conftest.c
conftest.c:9:28: fatal error: ac_nonexistent.h: No such file or directory
 #include <ac_nonexistent.h>
                            ^
compilation terminated.
configure:3440: $? = 1
configure: failed program was:
| /* confdefs.h */
| #define PACKAGE_NAME "FreeType"
| #define PACKAGE_TARNAME "freetype"
| #define PACKAGE_VERSION "2.5.3"
| #define PACKAGE_STRING "FreeType 2.5.3"
| #define PACKAGE_BUGREPORT "freetype@nongnu.org"
| #define PACKAGE_URL ""
| /* end confdefs.h.  */
| #include <ac_nonexistent.h>
configure:3465: result: gcc -E
configure:3485: gcc -E  conftest.c
configure:3485: $? = 0
configure:3499: gcc -E  conftest.c
conftest.c:9:28: fatal error: ac_nonexistent.h: No such file or directory
 #include <ac_nonexistent.h>
                            ^
compilation terminated.
configure:3499: $? = 1
configure: failed program was:
| /* confdefs.h */
| #define PACKAGE_NAME "FreeType"
| #define PACKAGE_TARNAME "freetype"
| #define PACKAGE_VERSION "2.5.3"
| #define PACKAGE_STRING "FreeType 2.5.3"
| #define PACKAGE_BUGREPORT "freetype@nongnu.org"
| #define PACKAGE_URL ""
| /* end confdefs.h.  */
| #include <ac_nonexistent.h>
configure:3540: checking for arm-linux-eabi-pkg-config
configure:3573: result: no
configure:3583: checking for pkg-config
configure:3601: found /usr/bin/pkg-config
configure:3613: result: /usr/bin/pkg-config
configure:3638: checking pkg-config is at least version 0.24
configure:3641: result: yes
configure:3696: checking how to print strings
configure:3723: result: printf
configure:3744: checking for a sed that does not truncate output
configure:3808: result: /bin/sed
configure:3826: checking for grep that handles long lines and -e
configure:3884: result: /bin/grep
configure:3889: checking for egrep
configure:3951: result: /bin/grep -E
configure:3956: checking for fgrep
configure:4018: result: /bin/grep -F
configure:4053: checking for ld used by gcc
configure:4120: result: /usr/bin/ld
configure:4127: checking if the linker (/usr/bin/ld) is GNU ld
configure:4142: result: yes
configure:4154: checking for BSD- or MS-compatible name lister (nm)
configure:4203: result: no
configure:4217: checking for arm-linux-eabi-dumpbin
configure:4247: result: no
configure:4217: checking for arm-linux-eabi-link
configure:4247: result: no
configure:4261: checking for dumpbin
configure:4291: result: no
configure:4261: checking for link
configure:4277: found /usr/bin/link
configure:4288: result: link -dump
configure:4333: checking the name lister (nm) interface
configure:4340: gcc -c -g -O2  conftest.c >&5
configure:4343: nm "conftest.o"
configure:4346: output
0000000000000000 B some_variable
configure:4353: result: BSD nm
configure:4356: checking whether ln -s works
configure:4360: result: yes
configure:4368: checking the maximum length of command line arguments
configure:4499: result: 3458764513820540925
configure:4547: checking how to convert x86_64-pc-linux-gnu file names to arm-linux-eabi format
configure:4587: result: func_convert_file_noop
configure:4594: checking how to convert x86_64-pc-linux-gnu file names to toolchain format
configure:4614: result: func_convert_file_noop
configure:4621: checking for /usr/bin/ld option to reload object files
configure:4628: result: -r
configure:4662: checking for arm-linux-eabi-objdump
configure:4692: result: no
configure:4702: checking for objdump
configure:4718: found /usr/bin/objdump
configure:4729: result: objdump
configure:4758: checking how to recognize dependent libraries
configure:4955: result: unknown
configure:5000: checking for arm-linux-eabi-dlltool
configure:5030: result: no
configure:5040: checking for dlltool
configure:5070: result: no
configure:5097: checking how to associate runtime and link libraries
configure:5124: result: printf %s\n
configure:5141: checking for arm-linux-eabi-ar
configure:5171: result: no
configure:5185: checking for ar
configure:5201: found /usr/bin/ar
configure:5212: result: ar
configure:5249: checking for archiver @FILE support
configure:5266: gcc -c -g -O2  conftest.c >&5
configure:5266: $? = 0
configure:5269: ar cru libconftest.a @conftest.lst >&5
configure:5272: $? = 0
configure:5277: ar cru libconftest.a @conftest.lst >&5
ar: conftest.o: No such file or directory
configure:5280: $? = 1
configure:5292: result: @
configure:5310: checking for arm-linux-eabi-strip
configure:5340: result: no
configure:5350: checking for strip
configure:5366: found /usr/bin/strip
configure:5377: result: strip
configure:5409: checking for arm-linux-eabi-ranlib
configure:5439: result: no
configure:5449: checking for ranlib
configure:5465: found /usr/bin/ranlib
configure:5476: result: ranlib
configure:5553: checking for gawk
configure:5569: found /usr/bin/gawk
configure:5580: result: gawk
configure:5620: checking command to parse nm output from gcc object
configure:5773: gcc -c -g -O2  conftest.c >&5
configure:5776: $? = 0
configure:5780: nm conftest.o \| sed -n -e 's/^.*[ ]\([ABCDGIRSTW][ABCDGIRSTW]*\)[ ][ ]*\([_A-Za-z][_A-Za-z0-9]*\)$/\1 \2 \2/p' | sed '/ __gnu_lto/d' \> conftest.nm
configure:5783: $? = 0
configure:5849: gcc -o conftest -g -O2   conftest.c conftstm.o >&5
configure:5852: $? = 0
configure:5890: result: ok
configure:5937: checking for sysroot
configure:5967: result: no
configure:6240: checking for arm-linux-eabi-mt
configure:6270: result: no
configure:6280: checking for mt
configure:6296: found /bin/mt
configure:6307: result: mt
configure:6330: checking if mt is a manifest tool
configure:6336: mt '-?'
configure:6344: result: no
configure:6982: checking for ANSI C header files
configure:7002: gcc -c -g -O2  conftest.c >&5
configure:7002: $? = 0
configure:7086: result: yes
configure:7099: checking for sys/types.h
configure:7099: gcc -c -g -O2  conftest.c >&5
configure:7099: $? = 0
configure:7099: result: yes
configure:7099: checking for sys/stat.h
configure:7099: gcc -c -g -O2  conftest.c >&5
configure:7099: $? = 0
configure:7099: result: yes
configure:7099: checking for stdlib.h
configure:7099: gcc -c -g -O2  conftest.c >&5
configure:7099: $? = 0
configure:7099: result: yes
configure:7099: checking for string.h
configure:7099: gcc -c -g -O2  conftest.c >&5
configure:7099: $? = 0
configure:7099: result: yes
configure:7099: checking for memory.h
configure:7099: gcc -c -g -O2  conftest.c >&5
configure:7099: $? = 0
configure:7099: result: yes
configure:7099: checking for strings.h
configure:7099: gcc -c -g -O2  conftest.c >&5
configure:7099: $? = 0
configure:7099: result: yes
configure:7099: checking for inttypes.h
configure:7099: gcc -c -g -O2  conftest.c >&5
configure:7099: $? = 0
configure:7099: result: yes
configure:7099: checking for stdint.h
configure:7099: gcc -c -g -O2  conftest.c >&5
configure:7099: $? = 0
configure:7099: result: yes
configure:7099: checking for unistd.h
configure:7099: gcc -c -g -O2  conftest.c >&5
configure:7099: $? = 0
configure:7099: result: yes
configure:7113: checking for dlfcn.h
configure:7113: gcc -c -g -O2  conftest.c >&5
configure:7113: $? = 0
configure:7113: result: yes
configure:7615: checking for objdir
configure:7630: result: .libs
configure:7897: checking if gcc supports -fno-rtti -fno-exceptions
configure:7915: gcc -c -g -O2  -fno-rtti -fno-exceptions conftest.c >&5
cc1: warning: command line option '-fno-rtti' is valid for C++/ObjC++ but not for C [enabled by default]
configure:7919: $? = 0
configure:7932: result: no
configure:8280: checking for gcc option to produce PIC
configure:8287: result: -fPIC -DPIC
configure:8295: checking if gcc PIC flag -fPIC -DPIC works
configure:8313: gcc -c -g -O2  -fPIC -DPIC -DPIC conftest.c >&5
configure:8317: $? = 0
configure:8330: result: yes
configure:8359: checking if gcc static flag -static works
configure:8387: result: yes
configure:8402: checking if gcc supports -c -o file.o
configure:8423: gcc -c -g -O2  -o out/conftest2.o conftest.c >&5
configure:8427: $? = 0
configure:8449: result: yes
configure:8457: checking if gcc supports -c -o file.o
configure:8504: result: yes
configure:8537: checking whether the gcc linker (/usr/bin/ld) supports shared libraries
configure:9685: result: yes
configure:9722: checking whether -lc should be explicitly linked in
configure:9730: gcc -c -g -O2  conftest.c >&5
configure:9733: $? = 0
configure:9748: gcc -shared  -fPIC -DPIC conftest.o  -v -Wl,-soname -Wl,conftest -o conftest 2\>\&1 \| /bin/grep  -lc  \>/dev/null 2\>\&1
configure:9751: $? = 0
configure:9765: result: no
configure:9925: checking dynamic linker characteristics
configure:10663: result: no
configure:10770: checking how to hardcode library paths into programs
configure:10795: result: immediate
configure:11343: checking whether stripping libraries is possible
configure:11348: result: yes
configure:11383: checking if libtool supports shared libraries
configure:11385: result: no
configure:11388: checking whether to build shared libraries
configure:11409: result: no
configure:11412: checking whether to build static libraries
configure:11416: result: yes
configure:11460: checking for x86_64-pc-linux-gnu-gcc
configure:11490: result: no
configure:11497: checking for gcc
configure:11513: found /usr/bin/gcc
configure:11524: result: gcc
configure:11534: checking for gcc
configure:11578: result: gcc
configure:11588: checking for suffix of native executables
configure:11602: result: 
configure:11617: checking for rmdir
configure:11633: found /bin/rmdir
configure:11644: result: rmdir
configure:11672: checking for a BSD-compatible install
configure:11740: result: /usr/bin/install -c
configure:11762: checking for ANSI C header files
configure:11866: result: yes
configure:11877: checking fcntl.h usability
configure:11877: gcc -c -g -O2  conftest.c >&5
configure:11877: $? = 0
configure:11877: result: yes
configure:11877: checking fcntl.h presence
configure:11877: gcc -E  conftest.c
configure:11877: $? = 0
configure:11877: result: yes
configure:11877: checking for fcntl.h
configure:11877: result: yes
configure:11877: checking for unistd.h
configure:11877: result: yes
configure:11891: checking for an ANSI C-conforming const
configure:11957: gcc -c -g -O2  conftest.c >&5
configure:11957: $? = 0
configure:11964: result: yes
configure:11976: checking size of int
configure:11981: gcc -c -g -O2  conftest.c >&5
configure:11981: $? = 0
configure:11981: gcc -c -g -O2  conftest.c >&5
conftest.c: In function 'main':
conftest.c:60:12: error: size of array 'test_array' is negative
 static int test_array [1 - 2 * !(((long int) (sizeof (int))) <= 0)];
            ^
configure:11981: $? = 1
configure: failed program was:
| /* confdefs.h */
| #define PACKAGE_NAME "FreeType"
| #define PACKAGE_TARNAME "freetype"
| #define PACKAGE_VERSION "2.5.3"
| #define PACKAGE_STRING "FreeType 2.5.3"
| #define PACKAGE_BUGREPORT "freetype@nongnu.org"
| #define PACKAGE_URL ""
| #define STDC_HEADERS 1
| #define HAVE_SYS_TYPES_H 1
| #define HAVE_SYS_STAT_H 1
| #define HAVE_STDLIB_H 1
| #define HAVE_STRING_H 1
| #define HAVE_MEMORY_H 1
| #define HAVE_STRINGS_H 1
| #define HAVE_INTTYPES_H 1
| #define HAVE_STDINT_H 1
| #define HAVE_UNISTD_H 1
| #define HAVE_DLFCN_H 1
| #define LT_OBJDIR ".libs/"
| #define STDC_HEADERS 1
| #define HAVE_FCNTL_H 1
| #define HAVE_UNISTD_H 1
| /* end confdefs.h.  */
| #include <stdio.h>
| #ifdef HAVE_SYS_TYPES_H
| # include <sys/types.h>
| #endif
| #ifdef HAVE_SYS_STAT_H
| # include <sys/stat.h>
| #endif
| #ifdef STDC_HEADERS
| # include <stdlib.h>
| # include <stddef.h>
| #else
| # ifdef HAVE_STDLIB_H
| #  include <stdlib.h>
| # endif
| #endif
| #ifdef HAVE_STRING_H
| # if !defined STDC_HEADERS && defined HAVE_MEMORY_H
| #  include <memory.h>
| # endif
| # include <string.h>
| #endif
| #ifdef HAVE_STRINGS_H
| # include <strings.h>
| #endif
| #ifdef HAVE_INTTYPES_H
| # include <inttypes.h>
| #endif
| #ifdef HAVE_STDINT_H
| # include <stdint.h>
| #endif
| #ifdef HAVE_UNISTD_H
| # include <unistd.h>
| #endif
| int
| main ()
| {
| static int test_array [1 - 2 * !(((long int) (sizeof (int))) <= 0)];
| test_array [0] = 0;
| return test_array [0];
| 
|   ;
|   return 0;
| }
configure:11981: gcc -c -g -O2  conftest.c >&5
conftest.c: In function 'main':
conftest.c:60:12: error: size of array 'test_array' is negative
 static int test_array [1 - 2 * !(((long int) (sizeof (int))) <= 1)];
            ^
configure:11981: $? = 1
configure: failed program was:
| /* confdefs.h */
| #define PACKAGE_NAME "FreeType"
| #define PACKAGE_TARNAME "freetype"
| #define PACKAGE_VERSION "2.5.3"
| #define PACKAGE_STRING "FreeType 2.5.3"
| #define PACKAGE_BUGREPORT "freetype@nongnu.org"
| #define PACKAGE_URL ""
| #define STDC_HEADERS 1
| #define HAVE_SYS_TYPES_H 1
| #define HAVE_SYS_STAT_H 1
| #define HAVE_STDLIB_H 1
| #define HAVE_STRING_H 1
| #define HAVE_MEMORY_H 1
| #define HAVE_STRINGS_H 1
| #define HAVE_INTTYPES_H 1
| #define HAVE_STDINT_H 1
| #define HAVE_UNISTD_H 1
| #define HAVE_DLFCN_H 1
| #define LT_OBJDIR ".libs/"
| #define STDC_HEADERS 1
| #define HAVE_FCNTL_H 1
| #define HAVE_UNISTD_H 1
| /* end confdefs.h.  */
| #include <stdio.h>
| #ifdef HAVE_SYS_TYPES_H
| # include <sys/types.h>
| #endif
| #ifdef HAVE_SYS_STAT_H
| # include <sys/stat.h>
| #endif
| #ifdef STDC_HEADERS
| # include <stdlib.h>
| # include <stddef.h>
| #else
| # ifdef HAVE_STDLIB_H
| #  include <stdlib.h>
| # endif
| #endif
| #ifdef HAVE_STRING_H
| # if !defined STDC_HEADERS && defined HAVE_MEMORY_H
| #  include <memory.h>
| # endif
| # include <string.h>
| #endif
| #ifdef HAVE_STRINGS_H
| # include <strings.h>
| #endif
| #ifdef HAVE_INTTYPES_H
| # include <inttypes.h>
| #endif
| #ifdef HAVE_STDINT_H
| # include <stdint.h>
| #endif
| #ifdef HAVE_UNISTD_H
| # include <unistd.h>
| #endif
| int
| main ()
| {
| static int test_array [1 - 2 * !(((long int) (sizeof (int))) <= 1)];
| test_array [0] = 0;
| return test_array [0];
| 
|   ;
|   return 0;
| }
configure:11981: gcc -c -g -O2  conftest.c >&5
conftest.c: In function 'main':
conftest.c:60:12: error: size of array 'test_array' is negative
 static int test_array [1 - 2 * !(((long int) (sizeof (int))) <= 3)];
            ^
configure:11981: $? = 1
configure: failed program was:
| /* confdefs.h */
| #define PACKAGE_NAME "FreeType"
| #define PACKAGE_TARNAME "freetype"
| #define PACKAGE_VERSION "2.5.3"
| #define PACKAGE_STRING "FreeType 2.5.3"
| #define PACKAGE_BUGREPORT "freetype@nongnu.org"
| #define PACKAGE_URL ""
| #define STDC_HEADERS 1
| #define HAVE_SYS_TYPES_H 1
| #define HAVE_SYS_STAT_H 1
| #define HAVE_STDLIB_H 1
| #define HAVE_STRING_H 1
| #define HAVE_MEMORY_H 1
| #define HAVE_STRINGS_H 1
| #define HAVE_INTTYPES_H 1
| #define HAVE_STDINT_H 1
| #define HAVE_UNISTD_H 1
| #define HAVE_DLFCN_H 1
| #define LT_OBJDIR ".libs/"
| #define STDC_HEADERS 1
| #define HAVE_FCNTL_H 1
| #define HAVE_UNISTD_H 1
| /* end confdefs.h.  */
| #include <stdio.h>
| #ifdef HAVE_SYS_TYPES_H
| # include <sys/types.h>
| #endif
| #ifdef HAVE_SYS_STAT_H
| # include <sys/stat.h>
| #endif
| #ifdef STDC_HEADERS
| # include <stdlib.h>
| # include <stddef.h>
| #else
| # ifdef HAVE_STDLIB_H
| #  include <stdlib.h>
| # endif
| #endif
| #ifdef HAVE_STRING_H
| # if !defined STDC_HEADERS && defined HAVE_MEMORY_H
| #  include <memory.h>
| # endif
| # include <string.h>
| #endif
| #ifdef HAVE_STRINGS_H
| # include <strings.h>
| #endif
| #ifdef HAVE_INTTYPES_H
| # include <inttypes.h>
| #endif
| #ifdef HAVE_STDINT_H
| # include <stdint.h>
| #endif
| #ifdef HAVE_UNISTD_H
| # include <unistd.h>
| #endif
| int
| main ()
| {
| static int test_array [1 - 2 * !(((long int) (sizeof (int))) <= 3)];
| test_array [0] = 0;
| return test_array [0];
| 
|   ;
|   return 0;
| }
configure:11981: gcc -c -g -O2  conftest.c >&5
configure:11981: $? = 0
configure:11981: gcc -c -g -O2  conftest.c >&5
configure:11981: $? = 0
configure:11981: gcc -c -g -O2  conftest.c >&5
configure:11981: $? = 0
configure:11995: result: 4
configure:12009: checking size of long
configure:12014: gcc -c -g -O2  conftest.c >&5
configure:12014: $? = 0
configure:12014: gcc -c -g -O2  conftest.c >&5
conftest.c: In function 'main':
conftest.c:61:12: error: size of array 'test_array' is negative
 static int test_array [1 - 2 * !(((long int) (sizeof (long))) <= 0)];
            ^
configure:12014: $? = 1
configure: failed program was:
| /* confdefs.h */
| #define PACKAGE_NAME "FreeType"
| #define PACKAGE_TARNAME "freetype"
| #define PACKAGE_VERSION "2.5.3"
| #define PACKAGE_STRING "FreeType 2.5.3"
| #define PACKAGE_BUGREPORT "freetype@nongnu.org"
| #define PACKAGE_URL ""
| #define STDC_HEADERS 1
| #define HAVE_SYS_TYPES_H 1
| #define HAVE_SYS_STAT_H 1
| #define HAVE_STDLIB_H 1
| #define HAVE_STRING_H 1
| #define HAVE_MEMORY_H 1
| #define HAVE_STRINGS_H 1
| #define HAVE_INTTYPES_H 1
| #define HAVE_STDINT_H 1
| #define HAVE_UNISTD_H 1
| #define HAVE_DLFCN_H 1
| #define LT_OBJDIR ".libs/"
| #define STDC_HEADERS 1
| #define HAVE_FCNTL_H 1
| #define HAVE_UNISTD_H 1
| #define SIZEOF_INT 4
| /* end confdefs.h.  */
| #include <stdio.h>
| #ifdef HAVE_SYS_TYPES_H
| # include <sys/types.h>
| #endif
| #ifdef HAVE_SYS_STAT_H
| # include <sys/stat.h>
| #endif
| #ifdef STDC_HEADERS
| # include <stdlib.h>
| # include <stddef.h>
| #else
| # ifdef HAVE_STDLIB_H
| #  include <stdlib.h>
| # endif
| #endif
| #ifdef HAVE_STRING_H
| # if !defined STDC_HEADERS && defined HAVE_MEMORY_H
| #  include <memory.h>
| # endif
| # include <string.h>
| #endif
| #ifdef HAVE_STRINGS_H
| # include <strings.h>
| #endif
| #ifdef HAVE_INTTYPES_H
| # include <inttypes.h>
| #endif
| #ifdef HAVE_STDINT_H
| # include <stdint.h>
| #endif
| #ifdef HAVE_UNISTD_H
| # include <unistd.h>
| #endif
| int
| main ()
| {
| static int test_array [1 - 2 * !(((long int) (sizeof (long))) <= 0)];
| test_array [0] = 0;
| return test_array [0];
| 
|   ;
|   return 0;
| }
configure:12014: gcc -c -g -O2  conftest.c >&5
conftest.c: In function 'main':
conftest.c:61:12: error: size of array 'test_array' is negative
 static int test_array [1 - 2 * !(((long int) (sizeof (long))) <= 1)];
            ^
configure:12014: $? = 1
configure: failed program was:
| /* confdefs.h */
| #define PACKAGE_NAME "FreeType"
| #define PACKAGE_TARNAME "freetype"
| #define PACKAGE_VERSION "2.5.3"
| #define PACKAGE_STRING "FreeType 2.5.3"
| #define PACKAGE_BUGREPORT "freetype@nongnu.org"
| #define PACKAGE_URL ""
| #define STDC_HEADERS 1
| #define HAVE_SYS_TYPES_H 1
| #define HAVE_SYS_STAT_H 1
| #define HAVE_STDLIB_H 1
| #define HAVE_STRING_H 1
| #define HAVE_MEMORY_H 1
| #define HAVE_STRINGS_H 1
| #define HAVE_INTTYPES_H 1
| #define HAVE_STDINT_H 1
| #define HAVE_UNISTD_H 1
| #define HAVE_DLFCN_H 1
| #define LT_OBJDIR ".libs/"
| #define STDC_HEADERS 1
| #define HAVE_FCNTL_H 1
| #define HAVE_UNISTD_H 1
| #define SIZEOF_INT 4
| /* end confdefs.h.  */
| #include <stdio.h>
| #ifdef HAVE_SYS_TYPES_H
| # include <sys/types.h>
| #endif
| #ifdef HAVE_SYS_STAT_H
| # include <sys/stat.h>
| #endif
| #ifdef STDC_HEADERS
| # include <stdlib.h>
| # include <stddef.h>
| #else
| # ifdef HAVE_STDLIB_H
| #  include <stdlib.h>
| # endif
| #endif
| #ifdef HAVE_STRING_H
| # if !defined STDC_HEADERS && defined HAVE_MEMORY_H
| #  include <memory.h>
| # endif
| # include <string.h>
| #endif
| #ifdef HAVE_STRINGS_H
| # include <strings.h>
| #endif
| #ifdef HAVE_INTTYPES_H
| # include <inttypes.h>
| #endif
| #ifdef HAVE_STDINT_H
| # include <stdint.h>
| #endif
| #ifdef HAVE_UNISTD_H
| # include <unistd.h>
| #endif
| int
| main ()
| {
| static int test_array [1 - 2 * !(((long int) (sizeof (long))) <= 1)];
| test_array [0] = 0;
| return test_array [0];
| 
|   ;
|   return 0;
| }
configure:12014: gcc -c -g -O2  conftest.c >&5
conftest.c: In function 'main':
conftest.c:61:12: error: size of array 'test_array' is negative
 static int test_array [1 - 2 * !(((long int) (sizeof (long))) <= 3)];
            ^
configure:12014: $? = 1
configure: failed program was:
| /* confdefs.h */
| #define PACKAGE_NAME "FreeType"
| #define PACKAGE_TARNAME "freetype"
| #define PACKAGE_VERSION "2.5.3"
| #define PACKAGE_STRING "FreeType 2.5.3"
| #define PACKAGE_BUGREPORT "freetype@nongnu.org"
| #define PACKAGE_URL ""
| #define STDC_HEADERS 1
| #define HAVE_SYS_TYPES_H 1
| #define HAVE_SYS_STAT_H 1
| #define HAVE_STDLIB_H 1
| #define HAVE_STRING_H 1
| #define HAVE_MEMORY_H 1
| #define HAVE_STRINGS_H 1
| #define HAVE_INTTYPES_H 1
| #define HAVE_STDINT_H 1
| #define HAVE_UNISTD_H 1
| #define HAVE_DLFCN_H 1
| #define LT_OBJDIR ".libs/"
| #define STDC_HEADERS 1
| #define HAVE_FCNTL_H 1
| #define HAVE_UNISTD_H 1
| #define SIZEOF_INT 4
| /* end confdefs.h.  */
| #include <stdio.h>
| #ifdef HAVE_SYS_TYPES_H
| # include <sys/types.h>
| #endif
| #ifdef HAVE_SYS_STAT_H
| # include <sys/stat.h>
| #endif
| #ifdef STDC_HEADERS
| # include <stdlib.h>
| # include <stddef.h>
| #else
| # ifdef HAVE_STDLIB_H
| #  include <stdlib.h>
| # endif
| #endif
| #ifdef HAVE_STRING_H
| # if !defined STDC_HEADERS && defined HAVE_MEMORY_H
| #  include <memory.h>
| # endif
| # include <string.h>
| #endif
| #ifdef HAVE_STRINGS_H
| # include <strings.h>
| #endif
| #ifdef HAVE_INTTYPES_H
| # include <inttypes.h>
| #endif
| #ifdef HAVE_STDINT_H
| # include <stdint.h>
| #endif
| #ifdef HAVE_UNISTD_H
| # include <unistd.h>
| #endif
| int
| main ()
| {
| static int test_array [1 - 2 * !(((long int) (sizeof (long))) <= 3)];
| test_array [0] = 0;
| return test_array [0];
| 
|   ;
|   return 0;
| }
configure:12014: gcc -c -g -O2  conftest.c >&5
conftest.c: In function 'main':
conftest.c:61:12: error: size of array 'test_array' is negative
 static int test_array [1 - 2 * !(((long int) (sizeof (long))) <= 7)];
            ^
configure:12014: $? = 1
configure: failed program was:
| /* confdefs.h */
| #define PACKAGE_NAME "FreeType"
| #define PACKAGE_TARNAME "freetype"
| #define PACKAGE_VERSION "2.5.3"
| #define PACKAGE_STRING "FreeType 2.5.3"
| #define PACKAGE_BUGREPORT "freetype@nongnu.org"
| #define PACKAGE_URL ""
| #define STDC_HEADERS 1
| #define HAVE_SYS_TYPES_H 1
| #define HAVE_SYS_STAT_H 1
| #define HAVE_STDLIB_H 1
| #define HAVE_STRING_H 1
| #define HAVE_MEMORY_H 1
| #define HAVE_STRINGS_H 1
| #define HAVE_INTTYPES_H 1
| #define HAVE_STDINT_H 1
| #define HAVE_UNISTD_H 1
| #define HAVE_DLFCN_H 1
| #define LT_OBJDIR ".libs/"
| #define STDC_HEADERS 1
| #define HAVE_FCNTL_H 1
| #define HAVE_UNISTD_H 1
| #define SIZEOF_INT 4
| /* end confdefs.h.  */
| #include <stdio.h>
| #ifdef HAVE_SYS_TYPES_H
| # include <sys/types.h>
| #endif
| #ifdef HAVE_SYS_STAT_H
| # include <sys/stat.h>
| #endif
| #ifdef STDC_HEADERS
| # include <stdlib.h>
| # include <stddef.h>
| #else
| # ifdef HAVE_STDLIB_H
| #  include <stdlib.h>
| # endif
| #endif
| #ifdef HAVE_STRING_H
| # if !defined STDC_HEADERS && defined HAVE_MEMORY_H
| #  include <memory.h>
| # endif
| # include <string.h>
| #endif
| #ifdef HAVE_STRINGS_H
| # include <strings.h>
| #endif
| #ifdef HAVE_INTTYPES_H
| # include <inttypes.h>
| #endif
| #ifdef HAVE_STDINT_H
| # include <stdint.h>
| #endif
| #ifdef HAVE_UNISTD_H
| # include <unistd.h>
| #endif
| int
| main ()
| {
| static int test_array [1 - 2 * !(((long int) (sizeof (long))) <= 7)];
| test_array [0] = 0;
| return test_array [0];
| 
|   ;
|   return 0;
| }
configure:12014: gcc -c -g -O2  conftest.c >&5
configure:12014: $? = 0
configure:12014: gcc -c -g -O2  conftest.c >&5
configure:12014: $? = 0
configure:12014: gcc -c -g -O2  conftest.c >&5
configure:12014: $? = 0
configure:12014: gcc -c -g -O2  conftest.c >&5
configure:12014: $? = 0
configure:12028: result: 8
configure:12042: checking whether cpp computation of bit length in ftconfig.in works
configure:12099: result: yes
configure:12137: checking for stdlib.h
configure:12137: result: yes
configure:12137: checking for unistd.h
configure:12137: result: yes
configure:12137: checking for sys/param.h
configure:12137: gcc -c -g -O2  conftest.c >&5
configure:12137: $? = 0
configure:12137: result: yes
configure:12157: checking for getpagesize
configure:12157: gcc -o conftest -g -O2   conftest.c  >&5
configure:12157: $? = 0
configure:12157: result: yes
configure:12166: checking for working mmap
configure:12323: result: no
configure:12391: checking for memcpy
configure:12391: gcc -o conftest -g -O2   conftest.c  >&5
conftest.c:53:6: warning: conflicting types for built-in function 'memcpy' [enabled by default]
 char memcpy ();
      ^
configure:12391: $? = 0
configure:12391: result: yes
configure:12391: checking for memmove
configure:12391: gcc -o conftest -g -O2   conftest.c  >&5
conftest.c:54:6: warning: conflicting types for built-in function 'memmove' [enabled by default]
 char memmove ();
      ^
configure:12391: $? = 0
configure:12391: result: yes
configure:12440: checking gcc compiler flag -pedantic to assure ANSI C works correctly
configure:12467: gcc -c -g -O2  -pedantic  conftest.c >&5
configure:12467: $? = 0
configure:12468: result: ok, add it to XX_ANSIFLAGS
configure:12440: checking gcc compiler flag -ansi to assure ANSI C works correctly
configure:12467: gcc -c -g -O2  -pedantic -ansi  conftest.c >&5
configure:12467: $? = 0
configure:12468: result: ok, add it to XX_ANSIFLAGS
configure:12532: $PKG_CONFIG --exists --print-errors "$zlib_pkg"
configure:12535: $? = 0
configure:12542: checking for ZLIB
configure:12549: $PKG_CONFIG --exists --print-errors "$zlib_pkg"
configure:12552: $? = 0
configure:12566: $PKG_CONFIG --exists --print-errors "$zlib_pkg"
configure:12569: $? = 0
configure:12607: result: yes
configure:12702: $PKG_CONFIG --exists --print-errors "$bzip2_pkg"
Package bzip2 was not found in the pkg-config search path.
Perhaps you should add the directory containing `bzip2.pc'
to the PKG_CONFIG_PATH environment variable
No package 'bzip2' found
configure:12705: $? = 1
configure:12712: checking for BZIP2
configure:12719: $PKG_CONFIG --exists --print-errors "$bzip2_pkg"
Package bzip2 was not found in the pkg-config search path.
Perhaps you should add the directory containing `bzip2.pc'
to the PKG_CONFIG_PATH environment variable
No package 'bzip2' found
configure:12722: $? = 1
configure:12736: $PKG_CONFIG --exists --print-errors "$bzip2_pkg"
Package bzip2 was not found in the pkg-config search path.
Perhaps you should add the directory containing `bzip2.pc'
to the PKG_CONFIG_PATH environment variable
No package 'bzip2' found
configure:12739: $? = 1
configure:12753: result: no
No package 'bzip2' found
configure:12797: checking for BZ2_bzDecompress in -lbz2
configure:12822: gcc -o conftest -g -O2   conftest.c -lbz2   >&5
configure:12822: $? = 0
configure:12831: result: yes
configure:12834: checking bzlib.h usability
configure:12834: gcc -c -g -O2  conftest.c >&5
configure:12834: $? = 0
configure:12834: result: yes
configure:12834: checking bzlib.h presence
configure:12834: gcc -E  conftest.c
configure:12834: $? = 0
configure:12834: result: yes
configure:12834: checking for bzlib.h
configure:12834: result: yes
configure:12872: $PKG_CONFIG --exists --print-errors "$libpng_pkg"
configure:12875: $? = 0
configure:12882: checking for LIBPNG
configure:12889: $PKG_CONFIG --exists --print-errors "$libpng_pkg"
configure:12892: $? = 0
configure:12906: $PKG_CONFIG --exists --print-errors "$libpng_pkg"
configure:12909: $? = 0
configure:12947: result: yes
configure:13008: $PKG_CONFIG --exists --print-errors "$harfbuzz_pkg"
Package harfbuzz was not found in the pkg-config search path.
Perhaps you should add the directory containing `harfbuzz.pc'
to the PKG_CONFIG_PATH environment variable
No package 'harfbuzz' found
configure:13011: $? = 1
configure:13018: checking for HARFBUZZ
configure:13025: $PKG_CONFIG --exists --print-errors "$harfbuzz_pkg"
Package harfbuzz was not found in the pkg-config search path.
Perhaps you should add the directory containing `harfbuzz.pc'
to the PKG_CONFIG_PATH environment variable
No package 'harfbuzz' found
configure:13028: $? = 1
configure:13042: $PKG_CONFIG --exists --print-errors "$harfbuzz_pkg"
Package harfbuzz was not found in the pkg-config search path.
Perhaps you should add the directory containing `harfbuzz.pc'
to the PKG_CONFIG_PATH environment variable
No package 'harfbuzz' found
configure:13045: $? = 1
configure:13059: result: no
No package 'harfbuzz' found
configure:13916: creating ./config.status

## ---------------------- ##
## Running config.status. ##
## ---------------------- ##

This file was extended by FreeType config.status 2.5.3, which was
generated by GNU Autoconf 2.69.  Invocation command line was

  CONFIG_FILES    = 
  CONFIG_HEADERS  = 
  CONFIG_LINKS    = 
  CONFIG_COMMANDS = 
  $ ./config.status 

on mj10777-01-l

config.status:1078: creating unix-cc.mk
config.status:1078: creating unix-def.mk
config.status:1078: creating ftconfig.h
config.status:1267: executing libtool commands
configure:15864:

Library configuration:
  external zlib: yes (pkg-config)
  bzip2:         yes (autoconf test)
  libpng:        yes (pkg-config)
  harfbuzz:      no


## ---------------- ##
## Cache variables. ##
## ---------------- ##

ac_cv_build=x86_64-pc-linux-gnu
ac_cv_c_compiler_gnu=yes
ac_cv_c_const=yes
ac_cv_env_BZIP2_CFLAGS_set=
ac_cv_env_BZIP2_CFLAGS_value=
ac_cv_env_BZIP2_LIBS_set=
ac_cv_env_BZIP2_LIBS_value=
ac_cv_env_CC_set=
ac_cv_env_CC_value=
ac_cv_env_CFLAGS_set=
ac_cv_env_CFLAGS_value=
ac_cv_env_CPPFLAGS_set=
ac_cv_env_CPPFLAGS_value=
ac_cv_env_CPP_set=
ac_cv_env_CPP_value=
ac_cv_env_HARFBUZZ_CFLAGS_set=
ac_cv_env_HARFBUZZ_CFLAGS_value=
ac_cv_env_HARFBUZZ_LIBS_set=
ac_cv_env_HARFBUZZ_LIBS_value=
ac_cv_env_LDFLAGS_set=
ac_cv_env_LDFLAGS_value=
ac_cv_env_LIBPNG_CFLAGS_set=
ac_cv_env_LIBPNG_CFLAGS_value=
ac_cv_env_LIBPNG_LIBS_set=
ac_cv_env_LIBPNG_LIBS_value=
ac_cv_env_LIBS_set=
ac_cv_env_LIBS_value=
ac_cv_env_PKG_CONFIG_LIBDIR_set=
ac_cv_env_PKG_CONFIG_LIBDIR_value=
ac_cv_env_PKG_CONFIG_PATH_set=
ac_cv_env_PKG_CONFIG_PATH_value=
ac_cv_env_PKG_CONFIG_set=
ac_cv_env_PKG_CONFIG_value=
ac_cv_env_ZLIB_CFLAGS_set=
ac_cv_env_ZLIB_CFLAGS_value=
ac_cv_env_ZLIB_LIBS_set=
ac_cv_env_ZLIB_LIBS_value=
ac_cv_env_build_alias_set=set
ac_cv_env_build_alias_value=x86_64-pc-linux-gnu
ac_cv_env_host_alias_set=set
ac_cv_env_host_alias_value=arm-linux-eabi
ac_cv_env_target_alias_set=
ac_cv_env_target_alias_value=
ac_cv_func_getpagesize=yes
ac_cv_func_memcpy=yes
ac_cv_func_memmove=yes
ac_cv_func_mmap_fixed_mapped=no
ac_cv_header_bzlib_h=yes
ac_cv_header_dlfcn_h=yes
ac_cv_header_fcntl_h=yes
ac_cv_header_inttypes_h=yes
ac_cv_header_memory_h=yes
ac_cv_header_stdc=yes
ac_cv_header_stdint_h=yes
ac_cv_header_stdlib_h=yes
ac_cv_header_string_h=yes
ac_cv_header_strings_h=yes
ac_cv_header_sys_param_h=yes
ac_cv_header_sys_stat_h=yes
ac_cv_header_sys_types_h=yes
ac_cv_header_unistd_h=yes
ac_cv_host=arm-linux-eabi
ac_cv_lib_bz2_BZ2_bzDecompress=yes
ac_cv_objext=o
ac_cv_path_EGREP='/bin/grep -E'
ac_cv_path_FGREP='/bin/grep -F'
ac_cv_path_GREP=/bin/grep
ac_cv_path_SED=/bin/sed
ac_cv_path_ac_pt_PKG_CONFIG=/usr/bin/pkg-config
ac_cv_path_install='/usr/bin/install -c'
ac_cv_prog_AWK=gawk
ac_cv_prog_CC_BUILD=gcc
ac_cv_prog_CPP='gcc -E'
ac_cv_prog_RMDIR=rmdir
ac_cv_prog_ac_ct_AR=ar
ac_cv_prog_ac_ct_CC=gcc
ac_cv_prog_ac_ct_DUMPBIN='link -dump'
ac_cv_prog_ac_ct_MANIFEST_TOOL=mt
ac_cv_prog_ac_ct_OBJDUMP=objdump
ac_cv_prog_ac_ct_RANLIB=ranlib
ac_cv_prog_ac_ct_STRIP=strip
ac_cv_prog_cc_c89=
ac_cv_prog_cc_g=yes
ac_cv_sizeof_int=4
ac_cv_sizeof_long=8
lt_cv_ar_at_file=@
lt_cv_archive_cmds_need_lc=no
lt_cv_deplibs_check_method=unknown
lt_cv_file_magic_cmd='$MAGIC_CMD'
lt_cv_file_magic_test_file=
lt_cv_ld_reload_flag=-r
lt_cv_nm_interface='BSD nm'
lt_cv_objdir=.libs
lt_cv_path_LD=/usr/bin/ld
lt_cv_path_NM=no
lt_cv_path_mainfest_tool=no
lt_cv_prog_compiler_c_o=yes
lt_cv_prog_compiler_pic='-fPIC -DPIC'
lt_cv_prog_compiler_pic_works=yes
lt_cv_prog_compiler_rtti_exceptions=no
lt_cv_prog_compiler_static_works=yes
lt_cv_prog_gnu_ld=yes
lt_cv_sharedlib_from_linklib_cmd='printf %s\n'
lt_cv_sys_global_symbol_pipe='sed -n -e '\''s/^.*[	 ]\([ABCDGIRSTW][ABCDGIRSTW]*\)[	 ][	 ]*\([_A-Za-z][_A-Za-z0-9]*\)$/\1 \2 \2/p'\'' | sed '\''/ __gnu_lto/d'\'''
lt_cv_sys_global_symbol_to_c_name_address='sed -n -e '\''s/^: \(.*\) .*$/  {"\1", (void *) 0},/p'\'' -e '\''s/^[ABCDGIRSTW][ABCDGIRSTW]* .* \(.*\)$/  {"\1", (void *) \&\1},/p'\'''
lt_cv_sys_global_symbol_to_c_name_address_lib_prefix='sed -n -e '\''s/^: \(.*\) .*$/  {"\1", (void *) 0},/p'\'' -e '\''s/^[ABCDGIRSTW][ABCDGIRSTW]* .* \(lib.*\)$/  {"\1", (void *) \&\1},/p'\'' -e '\''s/^[ABCDGIRSTW][ABCDGIRSTW]* .* \(.*\)$/  {"lib\1", (void *) \&\1},/p'\'''
lt_cv_sys_global_symbol_to_cdecl='sed -n -e '\''s/^T .* \(.*\)$/extern int \1();/p'\'' -e '\''s/^[ABCDGIRSTW][ABCDGIRSTW]* .* \(.*\)$/extern char \1;/p'\'''
lt_cv_sys_global_symbol_to_import=
lt_cv_sys_max_cmd_len=3458764513820540925
lt_cv_to_host_file_cmd=func_convert_file_noop
lt_cv_to_tool_file_cmd=func_convert_file_noop
pkg_cv_LIBPNG_CFLAGS='-I/usr/local/include/libpng16  '
pkg_cv_LIBPNG_LIBS='-L/usr/local/lib -lpng16  '
pkg_cv_ZLIB_CFLAGS=' '
pkg_cv_ZLIB_LIBS='-lz  '

## ----------------- ##
## Output variables. ##
## ----------------- ##

AR='ar'
AS='as'
AWK='gawk'
BZIP2_CFLAGS=''
BZIP2_LIBS='-lbz2'
CC='gcc'
CC_BUILD='gcc'
CFLAGS='-g -O2   -DFT_CONFIG_OPTION_SYSTEM_ZLIB  -DFT_CONFIG_OPTION_USE_BZIP2 -I/usr/local/include/libpng16   -DFT_CONFIG_OPTION_USE_PNG'
CPP='gcc -E'
CPPFLAGS=''
DEFS='-DHAVE_CONFIG_H'
DLLTOOL='false'
DSYMUTIL=''
DUMPBIN=':'
ECHO_C=''
ECHO_N='-n'
ECHO_T=''
EGREP='/bin/grep -E'
EXEEXT=''
EXEEXT_BUILD=''
FGREP='/bin/grep -F'
FTSYS_SRC='$(BASE_DIR)/ftsystem.c'
GREP='/bin/grep'
HARFBUZZ_CFLAGS=''
HARFBUZZ_LIBS=''
INSTALL_DATA='${INSTALL} -m 644'
INSTALL_PROGRAM='${INSTALL}'
INSTALL_SCRIPT='${INSTALL}'
LD='/usr/bin/ld'
LDFLAGS=' -lz   -lbz2 -L/usr/local/lib -lpng16  '
LIBOBJS=''
LIBPNG_CFLAGS='-I/usr/local/include/libpng16  '
LIBPNG_LIBS='-L/usr/local/lib -lpng16  '
LIBS=''
LIBSSTATIC_CONFIG='-lfreetype -lz -lbz2 -L/usr/local/lib -lpng16 -lz -lm'
LIBS_CONFIG='-lfreetype -lz -lbz2 -L/usr/local/lib -lpng16'
LIBS_PRIVATE='-lbz2'
LIBTOOL='$(SHELL) $(top_builddir)/libtool'
LIPO=''
LN_S='ln -s'
LTLIBOBJS=''
MANIFEST_TOOL=':'
NM='nm'
NMEDIT=''
OBJDUMP='objdump'
OBJEXT='o'
OTOOL64=''
OTOOL=''
PACKAGE_BUGREPORT='freetype@nongnu.org'
PACKAGE_NAME='FreeType'
PACKAGE_STRING='FreeType 2.5.3'
PACKAGE_TARNAME='freetype'
PACKAGE_URL=''
PACKAGE_VERSION='2.5.3'
PATH_SEPARATOR=':'
PKG_CONFIG='/usr/bin/pkg-config'
PKG_CONFIG_LIBDIR=''
PKG_CONFIG_PATH=''
RANLIB='ranlib'
REQUIRES_PRIVATE='zlib, libpng'
RMDIR='rmdir'
SED='/bin/sed'
SHELL='/bin/bash'
STRIP='strip'
XX_ANSIFLAGS=' -pedantic -ansi'
XX_CFLAGS='-Wall'
ZLIB_CFLAGS=' '
ZLIB_LIBS='-lz  '
ac_ct_AR='ar'
ac_ct_CC='gcc'
ac_ct_DUMPBIN='link -dump'
bindir='${exec_prefix}/bin'
build='x86_64-pc-linux-gnu'
build_alias='x86_64-pc-linux-gnu'
build_cpu='x86_64'
build_libtool_libs=''
build_os='linux-gnu'
build_vendor='pc'
datadir='${datarootdir}'
datarootdir='${prefix}/share'
docdir='${datarootdir}/doc/${PACKAGE_TARNAME}'
dvidir='${docdir}'
exec_prefix='${prefix}'
ft_version='17.2.11'
ftmac_c=''
hardcode_libdir_flag_spec='$wl-rpath $wl$libdir'
host='arm-linux-eabi'
host_alias='arm-linux-eabi'
host_cpu='arm'
host_os='eabi'
host_vendor='linux'
htmldir='${docdir}'
includedir='${prefix}/include'
infodir='${datarootdir}/info'
libdir='${exec_prefix}/lib'
libexecdir='${exec_prefix}/libexec'
localedir='${datarootdir}/locale'
localstatedir='${prefix}/var'
mandir='${datarootdir}/man'
oldincludedir='/usr/include'
pdfdir='${docdir}'
prefix='/usr/local'
program_transform_name='s,x,x,'
psdir='${docdir}'
sbindir='${exec_prefix}/sbin'
sharedstatedir='${prefix}/com'
sysconfdir='${prefix}/etc'
target_alias=''
version_info='17:2:11'
wl='-Wl,'

## ----------- ##
## confdefs.h. ##
## ----------- ##

/* confdefs.h */
#define PACKAGE_NAME "FreeType"
#define PACKAGE_TARNAME "freetype"
#define PACKAGE_VERSION "2.5.3"
#define PACKAGE_STRING "FreeType 2.5.3"
#define PACKAGE_BUGREPORT "freetype@nongnu.org"
#define PACKAGE_URL ""
#define STDC_HEADERS 1
#define HAVE_SYS_TYPES_H 1
#define HAVE_SYS_STAT_H 1
#define HAVE_STDLIB_H 1
#define HAVE_STRING_H 1
#define HAVE_MEMORY_H 1
#define HAVE_STRINGS_H 1
#define HAVE_INTTYPES_H 1
#define HAVE_STDINT_H 1
#define HAVE_UNISTD_H 1
#define HAVE_DLFCN_H 1
#define LT_OBJDIR ".libs/"
#define STDC_HEADERS 1
#define HAVE_FCNTL_H 1
#define HAVE_UNISTD_H 1
#define SIZEOF_INT 4
#define SIZEOF_LONG 8
#define HAVE_STDLIB_H 1
#define HAVE_UNISTD_H 1
#define HAVE_SYS_PARAM_H 1
#define HAVE_GETPAGESIZE 1
#define HAVE_MEMCPY 1
#define HAVE_MEMMOVE 1

configure: exit 0
