This file contains any messages produced by compilers while
running configure, to aid debugging if configure makes a mistake.

It was created by libwebp configure 0.6.1, which was
generated by GNU Autoconf 2.69.  Invocation command line was

  $ ./configure --build=x86_64-pc-linux-gnu --host=arm-linux-eabi

## --------- ##
## Platform. ##
## --------- ##

hostname = mj10777-01-l
uname -m = x86_64
uname -r = 3.16.0-38-generic
uname -s = Linux
uname -v = #52-Ubuntu SMP Thu May 7 10:51:21 UTC 2015

/usr/bin/uname -p = unknown
/bin/uname -X     = unknown

/bin/arch              = unknown
/usr/bin/arch -k       = unknown
/usr/convex/getsysinfo = unknown
/usr/bin/hostinfo      = unknown
/bin/machine           = unknown
/usr/bin/oslevel       = unknown
/bin/universe          = unknown

PATH: /home/mj10777/bin
PATH: /home/mj10777/000_links/apps_local/bin
PATH: /home/mj10777/000_links/apps_local/libQt592/bin
PATH: /home/mj10777/000_links/apps_local/gdal_git_master/bin
PATH: /home/mj10777/000_links/gnu_source/adt-bundle-linux/sdk
PATH: /home/mj10777/000_links/gnu_source/adt-bundle-linux/sdk/tools
PATH: /home/mj10777/000_links/gnu_source/adt-bundle-linux/sdk/platform-tools
PATH: /home/mj10777/000_links/gnu_source/adt-bundle-linux/ndk/android-ndk-r16b
PATH: /home/mj10777/000_links/gnu_source/adt-bundle-linux/apache-ant/bin
PATH: /home/mj10777/000_links/gnu_source/adt-bundle-linux/android-studio/bin
PATH: /usr/local/bin
PATH: /usr/bin
PATH: /usr/local/pgsql/bin
PATH: /home/mj10777/bin
PATH: /usr/local/pgsql/bin
PATH: /usr/local/sbin
PATH: /usr/local/bin
PATH: /usr/sbin
PATH: /usr/bin
PATH: /sbin
PATH: /bin
PATH: /usr/games
PATH: /usr/local/games
PATH: /home/mj10777/bin
PATH: /usr/local/java/jdk1.8.0_11/bin


## ----------- ##
## Core tests. ##
## ----------- ##

configure:2366: checking build system type
configure:2380: result: x86_64-pc-linux-gnu
configure:2400: checking host system type
configure:2413: result: arm-linux-eabi
configure:2450: checking for a BSD-compatible install
configure:2518: result: /usr/bin/install -c
configure:2529: checking whether build environment is sane
configure:2584: result: yes
configure:2643: checking for arm-linux-eabi-strip
configure:2673: result: no
configure:2683: checking for strip
configure:2699: found /usr/bin/strip
configure:2710: result: strip
configure:2722: WARNING: using cross tools not prefixed with host triplet
configure:2735: checking for a thread-safe mkdir -p
configure:2774: result: /bin/mkdir -p
configure:2781: checking for gawk
configure:2797: found /usr/bin/gawk
configure:2808: result: gawk
configure:2819: checking whether make sets $(MAKE)
configure:2841: result: yes
configure:2870: checking whether make supports nested variables
configure:2887: result: yes
configure:3025: checking for style of include used by make
configure:3053: result: GNU
configure:3084: checking for arm-linux-eabi-gcc
configure:3114: result: no
configure:3124: checking for gcc
configure:3140: found /usr/bin/gcc
configure:3151: result: gcc
configure:3380: checking for C compiler version
configure:3389: gcc --version >&5
gcc (Ubuntu 4.9.1-16ubuntu6) 4.9.1
Copyright (C) 2014 Free Software Foundation, Inc.
This is free software; see the source for copying conditions.  There is NO
warranty; not even for MERCHANTABILITY or FITNESS FOR A PARTICULAR PURPOSE.

configure:3400: $? = 0
configure:3389: gcc -v >&5
Using built-in specs.
COLLECT_GCC=gcc
COLLECT_LTO_WRAPPER=/usr/lib/gcc/x86_64-linux-gnu/4.9/lto-wrapper
Target: x86_64-linux-gnu
Configured with: ../src/configure -v --with-pkgversion='Ubuntu 4.9.1-16ubuntu6' --with-bugurl=file:///usr/share/doc/gcc-4.9/README.Bugs --enable-languages=c,c++,java,go,d,fortran,objc,obj-c++ --prefix=/usr --program-suffix=-4.9 --enable-shared --enable-linker-build-id --libexecdir=/usr/lib --without-included-gettext --enable-threads=posix --with-gxx-include-dir=/usr/include/c++/4.9 --libdir=/usr/lib --enable-nls --with-sysroot=/ --enable-clocale=gnu --enable-libstdcxx-debug --enable-libstdcxx-time=yes --enable-gnu-unique-object --disable-vtable-verify --enable-plugin --with-system-zlib --disable-browser-plugin --enable-java-awt=gtk --enable-gtk-cairo --with-java-home=/usr/lib/jvm/java-1.5.0-gcj-4.9-amd64/jre --enable-java-home --with-jvm-root-dir=/usr/lib/jvm/java-1.5.0-gcj-4.9-amd64 --with-jvm-jar-dir=/usr/lib/jvm-exports/java-1.5.0-gcj-4.9-amd64 --with-arch-directory=amd64 --with-ecj-jar=/usr/share/java/eclipse-ecj.jar --enable-objc-gc --enable-multiarch --disable-werror --with-arch-32=i686 --with-abi=m64 --with-multilib-list=m32,m64,mx32 --enable-multilib --with-tune=generic --enable-checking=release --build=x86_64-linux-gnu --host=x86_64-linux-gnu --target=x86_64-linux-gnu
Thread model: posix
gcc version 4.9.1 (Ubuntu 4.9.1-16ubuntu6) 
configure:3400: $? = 0
configure:3389: gcc -V >&5
gcc: error: unrecognized command line option '-V'
gcc: fatal error: no input files
compilation terminated.
configure:3400: $? = 4
configure:3389: gcc -qversion >&5
gcc: error: unrecognized command line option '-qversion'
gcc: fatal error: no input files
compilation terminated.
configure:3400: $? = 4
configure:3420: checking whether the C compiler works
configure:3442: gcc    conftest.c  >&5
configure:3446: $? = 0
configure:3494: result: yes
configure:3497: checking for C compiler default output file name
configure:3499: result: a.out
configure:3505: checking for suffix of executables
configure:3512: gcc -o conftest    conftest.c  >&5
configure:3516: $? = 0
configure:3538: result: 
configure:3560: checking whether we are cross compiling
configure:3598: result: yes
configure:3603: checking for suffix of object files
configure:3625: gcc -c   conftest.c >&5
configure:3629: $? = 0
configure:3650: result: o
configure:3654: checking whether we are using the GNU C compiler
configure:3673: gcc -c   conftest.c >&5
configure:3673: $? = 0
configure:3682: result: yes
configure:3691: checking whether gcc accepts -g
configure:3711: gcc -c -g  conftest.c >&5
configure:3711: $? = 0
configure:3752: result: yes
configure:3769: checking for gcc option to accept ISO C89
configure:3832: gcc  -c -g -O2  conftest.c >&5
configure:3832: $? = 0
configure:3845: result: none needed
configure:3870: checking whether gcc understands -c and -o together
configure:3892: gcc -c conftest.c -o conftest2.o
configure:3895: $? = 0
configure:3892: gcc -c conftest.c -o conftest2.o
configure:3895: $? = 0
configure:3907: result: yes
configure:3926: checking dependency style of gcc
configure:4037: result: gcc3
configure:4058: checking for arm-linux-eabi-ar
configure:4088: result: no
configure:4058: checking for arm-linux-eabi-lib
configure:4088: result: no
configure:4058: checking for arm-linux-eabi-link
configure:4088: result: no
configure:4102: checking for ar
configure:4118: found /usr/bin/ar
configure:4129: result: ar
configure:4155: checking the archiver (ar) interface
configure:4171: gcc -c -g -O2  conftest.c >&5
configure:4171: $? = 0
configure:4173: ar cru libconftest.a conftest.o >&5
configure:4176: $? = 0
configure:4204: result: ar
configure:4271: checking how to print strings
configure:4298: result: printf
configure:4319: checking for a sed that does not truncate output
configure:4383: result: /bin/sed
configure:4401: checking for grep that handles long lines and -e
configure:4459: result: /bin/grep
configure:4464: checking for egrep
configure:4526: result: /bin/grep -E
configure:4531: checking for fgrep
configure:4593: result: /bin/grep -F
configure:4628: checking for ld used by gcc
configure:4695: result: /usr/bin/ld
configure:4702: checking if the linker (/usr/bin/ld) is GNU ld
configure:4717: result: yes
configure:4729: checking for BSD- or MS-compatible name lister (nm)
configure:4778: result: no
configure:4792: checking for arm-linux-eabi-dumpbin
configure:4822: result: no
configure:4792: checking for arm-linux-eabi-link
configure:4822: result: no
configure:4836: checking for dumpbin
configure:4866: result: no
configure:4836: checking for link
configure:4852: found /usr/bin/link
configure:4863: result: link -dump
configure:4908: checking the name lister (nm) interface
configure:4915: gcc -c -g -O2  conftest.c >&5
configure:4918: nm "conftest.o"
configure:4921: output
0000000000000000 B some_variable
configure:4928: result: BSD nm
configure:4931: checking whether ln -s works
configure:4935: result: yes
configure:4943: checking the maximum length of command line arguments
configure:5074: result: 1572864
configure:5091: checking whether the shell understands some XSI constructs
configure:5101: result: yes
configure:5105: checking whether the shell understands "+="
configure:5111: result: yes
configure:5146: checking how to convert x86_64-pc-linux-gnu file names to arm-linux-eabi format
configure:5186: result: func_convert_file_noop
configure:5193: checking how to convert x86_64-pc-linux-gnu file names to toolchain format
configure:5213: result: func_convert_file_noop
configure:5220: checking for /usr/bin/ld option to reload object files
configure:5227: result: -r
configure:5261: checking for arm-linux-eabi-objdump
configure:5291: result: no
configure:5301: checking for objdump
configure:5317: found /usr/bin/objdump
configure:5328: result: objdump
configure:5360: checking how to recognize dependent libraries
configure:5558: result: unknown
configure:5603: checking for arm-linux-eabi-dlltool
configure:5633: result: no
configure:5643: checking for dlltool
configure:5673: result: no
configure:5703: checking how to associate runtime and link libraries
configure:5730: result: printf %s\n
configure:5746: checking for arm-linux-eabi-ar
configure:5773: result: ar
configure:5854: checking for archiver @FILE support
configure:5871: gcc -c -g -O2  conftest.c >&5
configure:5871: $? = 0
configure:5874: ar cru libconftest.a @conftest.lst >&5
configure:5877: $? = 0
configure:5882: ar cru libconftest.a @conftest.lst >&5
ar: conftest.o: No such file or directory
configure:5885: $? = 1
configure:5897: result: @
configure:5915: checking for arm-linux-eabi-strip
configure:5942: result: strip
configure:6014: checking for arm-linux-eabi-ranlib
configure:6044: result: no
configure:6054: checking for ranlib
configure:6070: found /usr/bin/ranlib
configure:6081: result: ranlib
configure:6183: checking command to parse nm output from gcc object
configure:6303: gcc -c -g -O2  conftest.c >&5
configure:6306: $? = 0
configure:6310: nm conftest.o \| sed -n -e 's/^.*[ ]\([ABCDGIRSTW][ABCDGIRSTW]*\)[ ][ ]*\([_A-Za-z][_A-Za-z0-9]*\)$/\1 \2 \2/p' | sed '/ __gnu_lto/d' \> conftest.nm
configure:6313: $? = 0
configure:6379: gcc -o conftest -g -O2   conftest.c conftstm.o >&5
configure:6382: $? = 0
configure:6420: result: ok
configure:6457: checking for sysroot
configure:6487: result: no
configure:6716: checking for arm-linux-eabi-mt
configure:6746: result: no
configure:6756: checking for mt
configure:6772: found /bin/mt
configure:6783: result: mt
configure:6806: checking if mt is a manifest tool
configure:6812: mt '-?'
configure:6820: result: no
configure:7462: checking how to run the C preprocessor
configure:7493: gcc -E  conftest.c
configure:7493: $? = 0
configure:7507: gcc -E  conftest.c
conftest.c:11:28: fatal error: ac_nonexistent.h: No such file or directory
 #include <ac_nonexistent.h>
                            ^
compilation terminated.
configure:7507: $? = 1
configure: failed program was:
| /* confdefs.h */
| #define PACKAGE_NAME "libwebp"
| #define PACKAGE_TARNAME "libwebp"
| #define PACKAGE_VERSION "0.6.1"
| #define PACKAGE_STRING "libwebp 0.6.1"
| #define PACKAGE_BUGREPORT "https://bugs.chromium.org/p/webp"
| #define PACKAGE_URL "http://developers.google.com/speed/webp"
| #define PACKAGE "libwebp"
| #define VERSION "0.6.1"
| /* end confdefs.h.  */
| #include <ac_nonexistent.h>
configure:7532: result: gcc -E
configure:7552: gcc -E  conftest.c
configure:7552: $? = 0
configure:7566: gcc -E  conftest.c
conftest.c:11:28: fatal error: ac_nonexistent.h: No such file or directory
 #include <ac_nonexistent.h>
                            ^
compilation terminated.
configure:7566: $? = 1
configure: failed program was:
| /* confdefs.h */
| #define PACKAGE_NAME "libwebp"
| #define PACKAGE_TARNAME "libwebp"
| #define PACKAGE_VERSION "0.6.1"
| #define PACKAGE_STRING "libwebp 0.6.1"
| #define PACKAGE_BUGREPORT "https://bugs.chromium.org/p/webp"
| #define PACKAGE_URL "http://developers.google.com/speed/webp"
| #define PACKAGE "libwebp"
| #define VERSION "0.6.1"
| /* end confdefs.h.  */
| #include <ac_nonexistent.h>
configure:7595: checking for ANSI C header files
configure:7615: gcc -c -g -O2  conftest.c >&5
configure:7615: $? = 0
configure:7699: result: yes
configure:7712: checking for sys/types.h
configure:7712: gcc -c -g -O2  conftest.c >&5
configure:7712: $? = 0
configure:7712: result: yes
configure:7712: checking for sys/stat.h
configure:7712: gcc -c -g -O2  conftest.c >&5
configure:7712: $? = 0
configure:7712: result: yes
configure:7712: checking for stdlib.h
configure:7712: gcc -c -g -O2  conftest.c >&5
configure:7712: $? = 0
configure:7712: result: yes
configure:7712: checking for string.h
configure:7712: gcc -c -g -O2  conftest.c >&5
configure:7712: $? = 0
configure:7712: result: yes
configure:7712: checking for memory.h
configure:7712: gcc -c -g -O2  conftest.c >&5
configure:7712: $? = 0
configure:7712: result: yes
configure:7712: checking for strings.h
configure:7712: gcc -c -g -O2  conftest.c >&5
configure:7712: $? = 0
configure:7712: result: yes
configure:7712: checking for inttypes.h
configure:7712: gcc -c -g -O2  conftest.c >&5
configure:7712: $? = 0
configure:7712: result: yes
configure:7712: checking for stdint.h
configure:7712: gcc -c -g -O2  conftest.c >&5
configure:7712: $? = 0
configure:7712: result: yes
configure:7712: checking for unistd.h
configure:7712: gcc -c -g -O2  conftest.c >&5
configure:7712: $? = 0
configure:7712: result: yes
configure:7726: checking for dlfcn.h
configure:7726: gcc -c -g -O2  conftest.c >&5
configure:7726: $? = 0
configure:7726: result: yes
configure:7932: checking for objdir
configure:7947: result: .libs
configure:8218: checking if gcc supports -fno-rtti -fno-exceptions
configure:8236: gcc -c -g -O2  -fno-rtti -fno-exceptions conftest.c >&5
cc1: warning: command line option '-fno-rtti' is valid for C++/ObjC++ but not for C
configure:8240: $? = 0
configure:8253: result: no
configure:8580: checking for gcc option to produce PIC
configure:8587: result: -fPIC -DPIC
configure:8595: checking if gcc PIC flag -fPIC -DPIC works
configure:8613: gcc -c -g -O2  -fPIC -DPIC -DPIC conftest.c >&5
configure:8617: $? = 0
configure:8630: result: yes
configure:8659: checking if gcc static flag -static works
configure:8687: result: yes
configure:8702: checking if gcc supports -c -o file.o
configure:8723: gcc -c -g -O2  -o out/conftest2.o conftest.c >&5
configure:8727: $? = 0
configure:8749: result: yes
configure:8757: checking if gcc supports -c -o file.o
configure:8804: result: yes
configure:8837: checking whether the gcc linker (/usr/bin/ld) supports shared libraries
configure:9994: result: yes
configure:10031: checking whether -lc should be explicitly linked in
configure:10039: gcc -c -g -O2  conftest.c >&5
configure:10042: $? = 0
configure:10057: gcc -shared  -fPIC -DPIC conftest.o  -v -Wl,-soname -Wl,conftest -o conftest 2\>\&1 \| /bin/grep  -lc  \>/dev/null 2\>\&1
configure:10060: $? = 0
configure:10074: result: no
configure:10234: checking dynamic linker characteristics
configure:10968: result: no
configure:11075: checking how to hardcode library paths into programs
configure:11100: result: immediate
configure:11640: checking whether stripping libraries is possible
configure:11645: result: yes
configure:11680: checking if libtool supports shared libraries
configure:11682: result: no
configure:11685: checking whether to build shared libraries
configure:11706: result: no
configure:11709: checking whether to build static libraries
configure:11713: result: yes
configure:11750: checking for a sed that does not truncate output
configure:11814: result: /bin/sed
configure:11832: checking whether make supports nested variables
configure:11849: result: yes
configure:11861: checking whether byte ordering is bigendian
configure:11876: gcc -c -g -O2  conftest.c >&5
conftest.c:24:9: error: unknown type name 'not'
         not a universal capable compiler
         ^
conftest.c:24:15: error: expected '=', ',', ';', 'asm' or '__attribute__' before 'universal'
         not a universal capable compiler
               ^
conftest.c:24:15: error: unknown type name 'universal'
configure:11876: $? = 1
configure: failed program was:
| /* confdefs.h */
| #define PACKAGE_NAME "libwebp"
| #define PACKAGE_TARNAME "libwebp"
| #define PACKAGE_VERSION "0.6.1"
| #define PACKAGE_STRING "libwebp 0.6.1"
| #define PACKAGE_BUGREPORT "https://bugs.chromium.org/p/webp"
| #define PACKAGE_URL "http://developers.google.com/speed/webp"
| #define PACKAGE "libwebp"
| #define VERSION "0.6.1"
| #define STDC_HEADERS 1
| #define HAVE_SYS_TYPES_H 1
| #define HAVE_SYS_STAT_H 1
| #define HAVE_STDLIB_H 1
| #define HAVE_STRING_H 1
| #define HAVE_MEMORY_H 1
| #define HAVE_STRINGS_H 1
| #define HAVE_INTTYPES_H 1
| #define HAVE_STDINT_H 1
| #define HAVE_UNISTD_H 1
| #define HAVE_DLFCN_H 1
| #define LT_OBJDIR ".libs/"
| /* end confdefs.h.  */
| #ifndef __APPLE_CC__
| 	       not a universal capable compiler
| 	     #endif
| 	     typedef int dummy;
| 
configure:11921: gcc -c -g -O2  conftest.c >&5
configure:11921: $? = 0
configure:11939: gcc -c -g -O2  conftest.c >&5
conftest.c: In function 'main':
conftest.c:30:4: error: unknown type name 'not'
    not big endian
    ^
conftest.c:30:12: error: expected '=', ',', ';', 'asm' or '__attribute__' before 'endian'
    not big endian
            ^
configure:11939: $? = 1
configure: failed program was:
| /* confdefs.h */
| #define PACKAGE_NAME "libwebp"
| #define PACKAGE_TARNAME "libwebp"
| #define PACKAGE_VERSION "0.6.1"
| #define PACKAGE_STRING "libwebp 0.6.1"
| #define PACKAGE_BUGREPORT "https://bugs.chromium.org/p/webp"
| #define PACKAGE_URL "http://developers.google.com/speed/webp"
| #define PACKAGE "libwebp"
| #define VERSION "0.6.1"
| #define STDC_HEADERS 1
| #define HAVE_SYS_TYPES_H 1
| #define HAVE_SYS_STAT_H 1
| #define HAVE_STDLIB_H 1
| #define HAVE_STRING_H 1
| #define HAVE_MEMORY_H 1
| #define HAVE_STRINGS_H 1
| #define HAVE_INTTYPES_H 1
| #define HAVE_STDINT_H 1
| #define HAVE_UNISTD_H 1
| #define HAVE_DLFCN_H 1
| #define LT_OBJDIR ".libs/"
| /* end confdefs.h.  */
| #include <sys/types.h>
| 		#include <sys/param.h>
| 
| int
| main ()
| {
| #if BYTE_ORDER != BIG_ENDIAN
| 		 not big endian
| 		#endif
| 
|   ;
|   return 0;
| }
configure:12067: result: no
configure:12098: checking whether asserts are enabled
configure:12108: result: no
configure:12125: checking whether gcc supports -fvisibility=hidden
configure:12131: gcc -c -Werror -fvisibility=hidden  conftest.c >&5
configure:12131: $? = 0
configure:12132: result: yes
configure:12143: checking whether gcc supports -Wall
configure:12149: gcc -c -Werror -Wall  conftest.c >&5
configure:12149: $? = 0
configure:12150: result: yes
configure:12161: checking whether gcc supports -Wconstant-conversion
configure:12167: gcc -c -Werror -Wconstant-conversion  conftest.c >&5
gcc: error: unrecognized command line option '-Wconstant-conversion'
configure:12167: $? = 1
configure: failed program was:
| /* confdefs.h */
| #define PACKAGE_NAME "libwebp"
| #define PACKAGE_TARNAME "libwebp"
| #define PACKAGE_VERSION "0.6.1"
| #define PACKAGE_STRING "libwebp 0.6.1"
| #define PACKAGE_BUGREPORT "https://bugs.chromium.org/p/webp"
| #define PACKAGE_URL "http://developers.google.com/speed/webp"
| #define PACKAGE "libwebp"
| #define VERSION "0.6.1"
| #define STDC_HEADERS 1
| #define HAVE_SYS_TYPES_H 1
| #define HAVE_SYS_STAT_H 1
| #define HAVE_STDLIB_H 1
| #define HAVE_STRING_H 1
| #define HAVE_MEMORY_H 1
| #define HAVE_STRINGS_H 1
| #define HAVE_INTTYPES_H 1
| #define HAVE_STDINT_H 1
| #define HAVE_UNISTD_H 1
| #define HAVE_DLFCN_H 1
| #define LT_OBJDIR ".libs/"
| /* end confdefs.h.  */
| int main(void) { return 0; }
configure:12172: result: no
configure:12179: checking whether gcc supports -Wdeclaration-after-statement
configure:12185: gcc -c -Werror -Wdeclaration-after-statement  conftest.c >&5
configure:12185: $? = 0
configure:12186: result: yes
configure:12197: checking whether gcc supports -Wextra
configure:12203: gcc -c -Werror -Wextra  conftest.c >&5
configure:12203: $? = 0
configure:12204: result: yes
configure:12215: checking whether gcc supports -Wfloat-conversion
configure:12221: gcc -c -Werror -Wfloat-conversion  conftest.c >&5
configure:12221: $? = 0
configure:12222: result: yes
configure:12233: checking whether gcc supports -Wformat -Wformat-nonliteral
configure:12239: gcc -c -Werror -Wformat -Wformat-nonliteral  conftest.c >&5
configure:12239: $? = 0
configure:12240: result: yes
configure:12251: checking whether gcc supports -Wformat -Wformat-security
configure:12257: gcc -c -Werror -Wformat -Wformat-security  conftest.c >&5
configure:12257: $? = 0
configure:12258: result: yes
configure:12269: checking whether gcc supports -Wmissing-declarations
configure:12275: gcc -c -Werror -Wmissing-declarations  conftest.c >&5
configure:12275: $? = 0
configure:12276: result: yes
configure:12287: checking whether gcc supports -Wmissing-prototypes
configure:12293: gcc -c -Werror -Wmissing-prototypes  conftest.c >&5
configure:12293: $? = 0
configure:12294: result: yes
configure:12305: checking whether gcc supports -Wold-style-definition
configure:12311: gcc -c -Werror -Wold-style-definition  conftest.c >&5
configure:12311: $? = 0
configure:12312: result: yes
configure:12323: checking whether gcc supports -Wparentheses-equality
configure:12329: gcc -c -Werror -Wparentheses-equality  conftest.c >&5
gcc: error: unrecognized command line option '-Wparentheses-equality'
configure:12329: $? = 1
configure: failed program was:
| /* confdefs.h */
| #define PACKAGE_NAME "libwebp"
| #define PACKAGE_TARNAME "libwebp"
| #define PACKAGE_VERSION "0.6.1"
| #define PACKAGE_STRING "libwebp 0.6.1"
| #define PACKAGE_BUGREPORT "https://bugs.chromium.org/p/webp"
| #define PACKAGE_URL "http://developers.google.com/speed/webp"
| #define PACKAGE "libwebp"
| #define VERSION "0.6.1"
| #define STDC_HEADERS 1
| #define HAVE_SYS_TYPES_H 1
| #define HAVE_SYS_STAT_H 1
| #define HAVE_STDLIB_H 1
| #define HAVE_STRING_H 1
| #define HAVE_MEMORY_H 1
| #define HAVE_STRINGS_H 1
| #define HAVE_INTTYPES_H 1
| #define HAVE_STDINT_H 1
| #define HAVE_UNISTD_H 1
| #define HAVE_DLFCN_H 1
| #define LT_OBJDIR ".libs/"
| /* end confdefs.h.  */
| int main(void) { return 0; }
configure:12334: result: no
configure:12341: checking whether gcc supports -Wshadow
configure:12347: gcc -c -Werror -Wshadow  conftest.c >&5
configure:12347: $? = 0
configure:12348: result: yes
configure:12359: checking whether gcc supports -Wshorten-64-to-32
configure:12365: gcc -c -Werror -Wshorten-64-to-32  conftest.c >&5
gcc: error: unrecognized command line option '-Wshorten-64-to-32'
configure:12365: $? = 1
configure: failed program was:
| /* confdefs.h */
| #define PACKAGE_NAME "libwebp"
| #define PACKAGE_TARNAME "libwebp"
| #define PACKAGE_VERSION "0.6.1"
| #define PACKAGE_STRING "libwebp 0.6.1"
| #define PACKAGE_BUGREPORT "https://bugs.chromium.org/p/webp"
| #define PACKAGE_URL "http://developers.google.com/speed/webp"
| #define PACKAGE "libwebp"
| #define VERSION "0.6.1"
| #define STDC_HEADERS 1
| #define HAVE_SYS_TYPES_H 1
| #define HAVE_SYS_STAT_H 1
| #define HAVE_STDLIB_H 1
| #define HAVE_STRING_H 1
| #define HAVE_MEMORY_H 1
| #define HAVE_STRINGS_H 1
| #define HAVE_INTTYPES_H 1
| #define HAVE_STDINT_H 1
| #define HAVE_UNISTD_H 1
| #define HAVE_DLFCN_H 1
| #define LT_OBJDIR ".libs/"
| /* end confdefs.h.  */
| int main(void) { return 0; }
configure:12370: result: no
configure:12377: checking whether gcc supports -Wundef
configure:12383: gcc -c -Werror -Wundef  conftest.c >&5
configure:12383: $? = 0
configure:12384: result: yes
configure:12395: checking whether gcc supports -Wunreachable-code
configure:12401: gcc -c -Werror -Wunreachable-code  conftest.c >&5
configure:12401: $? = 0
configure:12402: result: yes
configure:12413: checking whether gcc supports -Wunused-but-set-variable
configure:12419: gcc -c -Werror -Wunused-but-set-variable  conftest.c >&5
configure:12419: $? = 0
configure:12420: result: yes
configure:12431: checking whether gcc supports -Wunused
configure:12437: gcc -c -Werror -Wunused  conftest.c >&5
configure:12437: $? = 0
configure:12438: result: yes
configure:12449: checking whether gcc supports -Wvla
configure:12455: gcc -c -Werror -Wvla  conftest.c >&5
configure:12455: $? = 0
configure:12456: result: yes
configure:12558: checking whether gcc supports -mavx2
configure:12564: gcc -c -Werror -mavx2  conftest.c >&5
configure:12564: $? = 0
configure:12565: result: yes
configure:12578: checking for immintrin.h
configure:12578: gcc -c -g -O2  -mavx2  conftest.c >&5
configure:12578: $? = 0
configure:12578: result: yes
configure:12608: checking whether gcc supports -msse4.1
configure:12614: gcc -c -Werror -msse4.1  conftest.c >&5
configure:12614: $? = 0
configure:12615: result: yes
configure:12628: checking smmintrin.h usability
configure:12628: gcc -c -g -O2   -msse4.1  conftest.c >&5
configure:12628: $? = 0
configure:12628: result: yes
configure:12628: checking smmintrin.h presence
configure:12628: gcc -E  conftest.c
configure:12628: $? = 0
configure:12628: result: yes
configure:12628: checking for smmintrin.h
configure:12628: result: yes
configure:12654: checking whether gcc supports -msse2
configure:12660: gcc -c -Werror -msse2  conftest.c >&5
configure:12660: $? = 0
configure:12661: result: yes
configure:12674: checking emmintrin.h usability
configure:12674: gcc -c -g -O2   -msse2  conftest.c >&5
configure:12674: $? = 0
configure:12674: result: yes
configure:12674: checking emmintrin.h presence
configure:12674: gcc -E  conftest.c
configure:12674: $? = 0
configure:12674: result: yes
configure:12674: checking for emmintrin.h
configure:12674: result: yes
configure:12712: checking whether gcc supports 
configure:12718: gcc -c -Werror   conftest.c >&5
configure:12718: $? = 0
configure:12719: result: yes
configure:12741: gcc -c -g -O2     conftest.c >&5
conftest.c:27:32: fatal error: arm_neon.h: No such file or directory
           #include <arm_neon.h>
                                ^
compilation terminated.
configure:12741: $? = 1
configure: failed program was:
| /* confdefs.h */
| #define PACKAGE_NAME "libwebp"
| #define PACKAGE_TARNAME "libwebp"
| #define PACKAGE_VERSION "0.6.1"
| #define PACKAGE_STRING "libwebp 0.6.1"
| #define PACKAGE_BUGREPORT "https://bugs.chromium.org/p/webp"
| #define PACKAGE_URL "http://developers.google.com/speed/webp"
| #define PACKAGE "libwebp"
| #define VERSION "0.6.1"
| #define STDC_HEADERS 1
| #define HAVE_SYS_TYPES_H 1
| #define HAVE_SYS_STAT_H 1
| #define HAVE_STDLIB_H 1
| #define HAVE_STRING_H 1
| #define HAVE_MEMORY_H 1
| #define HAVE_STRINGS_H 1
| #define HAVE_INTTYPES_H 1
| #define HAVE_STDINT_H 1
| #define HAVE_UNISTD_H 1
| #define HAVE_DLFCN_H 1
| #define LT_OBJDIR ".libs/"
| #define WEBP_HAVE_AVX2 1
| #define WEBP_HAVE_SSE41 1
| #define WEBP_HAVE_SSE2 1
| /* end confdefs.h.  */
| 
|           #include <arm_neon.h>
|           int main(void) {
|             int8x8_t v = vdup_n_s8(0);
|             (void)v;
|             return 0;
|           }
configure:12712: checking whether gcc supports -mfpu=neon
configure:12718: gcc -c -Werror -mfpu=neon  conftest.c >&5
gcc: error: unrecognized command line option '-mfpu=neon'
configure:12718: $? = 1
configure: failed program was:
| /* confdefs.h */
| #define PACKAGE_NAME "libwebp"
| #define PACKAGE_TARNAME "libwebp"
| #define PACKAGE_VERSION "0.6.1"
| #define PACKAGE_STRING "libwebp 0.6.1"
| #define PACKAGE_BUGREPORT "https://bugs.chromium.org/p/webp"
| #define PACKAGE_URL "http://developers.google.com/speed/webp"
| #define PACKAGE "libwebp"
| #define VERSION "0.6.1"
| #define STDC_HEADERS 1
| #define HAVE_SYS_TYPES_H 1
| #define HAVE_SYS_STAT_H 1
| #define HAVE_STDLIB_H 1
| #define HAVE_STRING_H 1
| #define HAVE_MEMORY_H 1
| #define HAVE_STRINGS_H 1
| #define HAVE_INTTYPES_H 1
| #define HAVE_STDINT_H 1
| #define HAVE_UNISTD_H 1
| #define HAVE_DLFCN_H 1
| #define LT_OBJDIR ".libs/"
| #define WEBP_HAVE_AVX2 1
| #define WEBP_HAVE_SSE41 1
| #define WEBP_HAVE_SSE2 1
| /* end confdefs.h.  */
| int main(void) { return 0; }
configure:12723: result: no
configure:12741: gcc -c -g -O2    conftest.c >&5
conftest.c:27:32: fatal error: arm_neon.h: No such file or directory
           #include <arm_neon.h>
                                ^
compilation terminated.
configure:12741: $? = 1
configure: failed program was:
| /* confdefs.h */
| #define PACKAGE_NAME "libwebp"
| #define PACKAGE_TARNAME "libwebp"
| #define PACKAGE_VERSION "0.6.1"
| #define PACKAGE_STRING "libwebp 0.6.1"
| #define PACKAGE_BUGREPORT "https://bugs.chromium.org/p/webp"
| #define PACKAGE_URL "http://developers.google.com/speed/webp"
| #define PACKAGE "libwebp"
| #define VERSION "0.6.1"
| #define STDC_HEADERS 1
| #define HAVE_SYS_TYPES_H 1
| #define HAVE_SYS_STAT_H 1
| #define HAVE_STDLIB_H 1
| #define HAVE_STRING_H 1
| #define HAVE_MEMORY_H 1
| #define HAVE_STRINGS_H 1
| #define HAVE_INTTYPES_H 1
| #define HAVE_STDINT_H 1
| #define HAVE_UNISTD_H 1
| #define HAVE_DLFCN_H 1
| #define LT_OBJDIR ".libs/"
| #define WEBP_HAVE_AVX2 1
| #define WEBP_HAVE_SSE41 1
| #define WEBP_HAVE_SSE2 1
| /* end confdefs.h.  */
| 
|           #include <arm_neon.h>
|           int main(void) {
|             int8x8_t v = vdup_n_s8(0);
|             (void)v;
|             return 0;
|           }
configure:12827: checking for __builtin_bswap16
configure:12840: gcc -o conftest -g -O2   conftest.c  >&5
configure:12840: $? = 0
configure:12841: result: yes
configure:12864: checking for __builtin_bswap32
configure:12877: gcc -o conftest -g -O2   conftest.c  >&5
configure:12877: $? = 0
configure:12878: result: yes
configure:12901: checking for __builtin_bswap64
configure:12914: gcc -o conftest -g -O2   conftest.c  >&5
configure:12914: $? = 0
configure:12915: result: yes
configure:12941: checking for threading support...
configure:13055: checking if compiler needs -Werror to reject unknown flags
configure:13071: gcc -c -g -O2 -Werror -Wunknown-warning-option -Wsizeof-array-argument  conftest.c >&5
gcc: error: unrecognized command line option '-Wunknown-warning-option'
gcc: error: unrecognized command line option '-Wsizeof-array-argument'
configure:13071: $? = 1
configure: failed program was:
| /* confdefs.h */
| #define PACKAGE_NAME "libwebp"
| #define PACKAGE_TARNAME "libwebp"
| #define PACKAGE_VERSION "0.6.1"
| #define PACKAGE_STRING "libwebp 0.6.1"
| #define PACKAGE_BUGREPORT "https://bugs.chromium.org/p/webp"
| #define PACKAGE_URL "http://developers.google.com/speed/webp"
| #define PACKAGE "libwebp"
| #define VERSION "0.6.1"
| #define STDC_HEADERS 1
| #define HAVE_SYS_TYPES_H 1
| #define HAVE_SYS_STAT_H 1
| #define HAVE_STDLIB_H 1
| #define HAVE_STRING_H 1
| #define HAVE_MEMORY_H 1
| #define HAVE_STRINGS_H 1
| #define HAVE_INTTYPES_H 1
| #define HAVE_STDINT_H 1
| #define HAVE_UNISTD_H 1
| #define HAVE_DLFCN_H 1
| #define LT_OBJDIR ".libs/"
| #define WEBP_HAVE_AVX2 1
| #define WEBP_HAVE_SSE41 1
| #define WEBP_HAVE_SSE2 1
| #define HAVE_BUILTIN_BSWAP16 1
| #define HAVE_BUILTIN_BSWAP32 1
| #define HAVE_BUILTIN_BSWAP64 1
| /* end confdefs.h.  */
| int foo(void);
| int
| main ()
| {
| foo()
|   ;
|   return 0;
| }
configure:13076: result: no
configure:13142: checking for the pthreads library -lpthreads
configure:13180: gcc -o conftest -g -O2     conftest.c -lpthreads  >&5
/usr/bin/ld: cannot find -lpthreads
collect2: error: ld returned 1 exit status
configure:13180: $? = 1
configure: failed program was:
| /* confdefs.h */
| #define PACKAGE_NAME "libwebp"
| #define PACKAGE_TARNAME "libwebp"
| #define PACKAGE_VERSION "0.6.1"
| #define PACKAGE_STRING "libwebp 0.6.1"
| #define PACKAGE_BUGREPORT "https://bugs.chromium.org/p/webp"
| #define PACKAGE_URL "http://developers.google.com/speed/webp"
| #define PACKAGE "libwebp"
| #define VERSION "0.6.1"
| #define STDC_HEADERS 1
| #define HAVE_SYS_TYPES_H 1
| #define HAVE_SYS_STAT_H 1
| #define HAVE_STDLIB_H 1
| #define HAVE_STRING_H 1
| #define HAVE_MEMORY_H 1
| #define HAVE_STRINGS_H 1
| #define HAVE_INTTYPES_H 1
| #define HAVE_STDINT_H 1
| #define HAVE_UNISTD_H 1
| #define HAVE_DLFCN_H 1
| #define LT_OBJDIR ".libs/"
| #define WEBP_HAVE_AVX2 1
| #define WEBP_HAVE_SSE41 1
| #define WEBP_HAVE_SSE2 1
| #define HAVE_BUILTIN_BSWAP16 1
| #define HAVE_BUILTIN_BSWAP32 1
| #define HAVE_BUILTIN_BSWAP64 1
| /* end confdefs.h.  */
| #include <pthread.h>
|                         static void routine(void *a) { a = 0; }
|                         static void *start_routine(void *a) { return a; }
| int
| main ()
| {
| pthread_t th; pthread_attr_t attr;
|                         pthread_create(&th, 0, start_routine, 0);
|                         pthread_join(th, 0);
|                         pthread_attr_init(&attr);
|                         pthread_cleanup_push(routine, 0);
|                         pthread_cleanup_pop(0) /* ; */
|   ;
|   return 0;
| }
configure:13189: result: no
configure:13087: checking whether pthreads work without any flags
configure:13180: gcc -o conftest -g -O2     conftest.c   >&5
/tmp/ccuR0BFl.o: In function `main':
/home/mj10777/000_links/geopaparazzi/geopaparazzi.eu/libjsqlite-spatialite-android/libjsqlite-spatialite-android/spatialite-android-library/jni/libwebp-0.6.1/conftest.c:36: undefined reference to `pthread_create'
/home/mj10777/000_links/geopaparazzi/geopaparazzi.eu/libjsqlite-spatialite-android/libjsqlite-spatialite-android/spatialite-android-library/jni/libwebp-0.6.1/conftest.c:37: undefined reference to `pthread_join'
/home/mj10777/000_links/geopaparazzi/geopaparazzi.eu/libjsqlite-spatialite-android/libjsqlite-spatialite-android/spatialite-android-library/jni/libwebp-0.6.1/conftest.c:39: undefined reference to `__pthread_register_cancel'
/home/mj10777/000_links/geopaparazzi/geopaparazzi.eu/libjsqlite-spatialite-android/libjsqlite-spatialite-android/spatialite-android-library/jni/libwebp-0.6.1/conftest.c:40: undefined reference to `__pthread_unregister_cancel'
collect2: error: ld returned 1 exit status
configure:13180: $? = 1
configure: failed program was:
| /* confdefs.h */
| #define PACKAGE_NAME "libwebp"
| #define PACKAGE_TARNAME "libwebp"
| #define PACKAGE_VERSION "0.6.1"
| #define PACKAGE_STRING "libwebp 0.6.1"
| #define PACKAGE_BUGREPORT "https://bugs.chromium.org/p/webp"
| #define PACKAGE_URL "http://developers.google.com/speed/webp"
| #define PACKAGE "libwebp"
| #define VERSION "0.6.1"
| #define STDC_HEADERS 1
| #define HAVE_SYS_TYPES_H 1
| #define HAVE_SYS_STAT_H 1
| #define HAVE_STDLIB_H 1
| #define HAVE_STRING_H 1
| #define HAVE_MEMORY_H 1
| #define HAVE_STRINGS_H 1
| #define HAVE_INTTYPES_H 1
| #define HAVE_STDINT_H 1
| #define HAVE_UNISTD_H 1
| #define HAVE_DLFCN_H 1
| #define LT_OBJDIR ".libs/"
| #define WEBP_HAVE_AVX2 1
| #define WEBP_HAVE_SSE41 1
| #define WEBP_HAVE_SSE2 1
| #define HAVE_BUILTIN_BSWAP16 1
| #define HAVE_BUILTIN_BSWAP32 1
| #define HAVE_BUILTIN_BSWAP64 1
| /* end confdefs.h.  */
| #include <pthread.h>
|                         static void routine(void *a) { a = 0; }
|                         static void *start_routine(void *a) { return a; }
| int
| main ()
| {
| pthread_t th; pthread_attr_t attr;
|                         pthread_create(&th, 0, start_routine, 0);
|                         pthread_join(th, 0);
|                         pthread_attr_init(&attr);
|                         pthread_cleanup_push(routine, 0);
|                         pthread_cleanup_pop(0) /* ; */
|   ;
|   return 0;
| }
configure:13189: result: no
configure:13092: checking whether pthreads work with -Kthread
configure:13180: gcc -o conftest -g -O2 -Kthread    conftest.c   >&5
gcc: error: unrecognized command line option '-Kthread'
configure:13180: $? = 1
configure: failed program was:
| /* confdefs.h */
| #define PACKAGE_NAME "libwebp"
| #define PACKAGE_TARNAME "libwebp"
| #define PACKAGE_VERSION "0.6.1"
| #define PACKAGE_STRING "libwebp 0.6.1"
| #define PACKAGE_BUGREPORT "https://bugs.chromium.org/p/webp"
| #define PACKAGE_URL "http://developers.google.com/speed/webp"
| #define PACKAGE "libwebp"
| #define VERSION "0.6.1"
| #define STDC_HEADERS 1
| #define HAVE_SYS_TYPES_H 1
| #define HAVE_SYS_STAT_H 1
| #define HAVE_STDLIB_H 1
| #define HAVE_STRING_H 1
| #define HAVE_MEMORY_H 1
| #define HAVE_STRINGS_H 1
| #define HAVE_INTTYPES_H 1
| #define HAVE_STDINT_H 1
| #define HAVE_UNISTD_H 1
| #define HAVE_DLFCN_H 1
| #define LT_OBJDIR ".libs/"
| #define WEBP_HAVE_AVX2 1
| #define WEBP_HAVE_SSE41 1
| #define WEBP_HAVE_SSE2 1
| #define HAVE_BUILTIN_BSWAP16 1
| #define HAVE_BUILTIN_BSWAP32 1
| #define HAVE_BUILTIN_BSWAP64 1
| /* end confdefs.h.  */
| #include <pthread.h>
|                         static void routine(void *a) { a = 0; }
|                         static void *start_routine(void *a) { return a; }
| int
| main ()
| {
| pthread_t th; pthread_attr_t attr;
|                         pthread_create(&th, 0, start_routine, 0);
|                         pthread_join(th, 0);
|                         pthread_attr_init(&attr);
|                         pthread_cleanup_push(routine, 0);
|                         pthread_cleanup_pop(0) /* ; */
|   ;
|   return 0;
| }
configure:13189: result: no
configure:13092: checking whether pthreads work with -kthread
configure:13180: gcc -o conftest -g -O2 -kthread    conftest.c   >&5
gcc: error: unrecognized command line option '-kthread'
configure:13180: $? = 1
configure: failed program was:
| /* confdefs.h */
| #define PACKAGE_NAME "libwebp"
| #define PACKAGE_TARNAME "libwebp"
| #define PACKAGE_VERSION "0.6.1"
| #define PACKAGE_STRING "libwebp 0.6.1"
| #define PACKAGE_BUGREPORT "https://bugs.chromium.org/p/webp"
| #define PACKAGE_URL "http://developers.google.com/speed/webp"
| #define PACKAGE "libwebp"
| #define VERSION "0.6.1"
| #define STDC_HEADERS 1
| #define HAVE_SYS_TYPES_H 1
| #define HAVE_SYS_STAT_H 1
| #define HAVE_STDLIB_H 1
| #define HAVE_STRING_H 1
| #define HAVE_MEMORY_H 1
| #define HAVE_STRINGS_H 1
| #define HAVE_INTTYPES_H 1
| #define HAVE_STDINT_H 1
| #define HAVE_UNISTD_H 1
| #define HAVE_DLFCN_H 1
| #define LT_OBJDIR ".libs/"
| #define WEBP_HAVE_AVX2 1
| #define WEBP_HAVE_SSE41 1
| #define WEBP_HAVE_SSE2 1
| #define HAVE_BUILTIN_BSWAP16 1
| #define HAVE_BUILTIN_BSWAP32 1
| #define HAVE_BUILTIN_BSWAP64 1
| /* end confdefs.h.  */
| #include <pthread.h>
|                         static void routine(void *a) { a = 0; }
|                         static void *start_routine(void *a) { return a; }
| int
| main ()
| {
| pthread_t th; pthread_attr_t attr;
|                         pthread_create(&th, 0, start_routine, 0);
|                         pthread_join(th, 0);
|                         pthread_attr_init(&attr);
|                         pthread_cleanup_push(routine, 0);
|                         pthread_cleanup_pop(0) /* ; */
|   ;
|   return 0;
| }
configure:13189: result: no
configure:13142: checking for the pthreads library -llthread
configure:13180: gcc -o conftest -g -O2     conftest.c -llthread  >&5
/usr/bin/ld: cannot find -llthread
collect2: error: ld returned 1 exit status
configure:13180: $? = 1
configure: failed program was:
| /* confdefs.h */
| #define PACKAGE_NAME "libwebp"
| #define PACKAGE_TARNAME "libwebp"
| #define PACKAGE_VERSION "0.6.1"
| #define PACKAGE_STRING "libwebp 0.6.1"
| #define PACKAGE_BUGREPORT "https://bugs.chromium.org/p/webp"
| #define PACKAGE_URL "http://developers.google.com/speed/webp"
| #define PACKAGE "libwebp"
| #define VERSION "0.6.1"
| #define STDC_HEADERS 1
| #define HAVE_SYS_TYPES_H 1
| #define HAVE_SYS_STAT_H 1
| #define HAVE_STDLIB_H 1
| #define HAVE_STRING_H 1
| #define HAVE_MEMORY_H 1
| #define HAVE_STRINGS_H 1
| #define HAVE_INTTYPES_H 1
| #define HAVE_STDINT_H 1
| #define HAVE_UNISTD_H 1
| #define HAVE_DLFCN_H 1
| #define LT_OBJDIR ".libs/"
| #define WEBP_HAVE_AVX2 1
| #define WEBP_HAVE_SSE41 1
| #define WEBP_HAVE_SSE2 1
| #define HAVE_BUILTIN_BSWAP16 1
| #define HAVE_BUILTIN_BSWAP32 1
| #define HAVE_BUILTIN_BSWAP64 1
| /* end confdefs.h.  */
| #include <pthread.h>
|                         static void routine(void *a) { a = 0; }
|                         static void *start_routine(void *a) { return a; }
| int
| main ()
| {
| pthread_t th; pthread_attr_t attr;
|                         pthread_create(&th, 0, start_routine, 0);
|                         pthread_join(th, 0);
|                         pthread_attr_init(&attr);
|                         pthread_cleanup_push(routine, 0);
|                         pthread_cleanup_pop(0) /* ; */
|   ;
|   return 0;
| }
configure:13189: result: no
configure:13092: checking whether pthreads work with -pthread
configure:13180: gcc -o conftest -g -O2 -pthread    conftest.c   >&5
configure:13180: $? = 0
configure:13189: result: yes
configure:13208: checking for joinable pthread attribute
configure:13223: gcc -o conftest -g -O2 -pthread   conftest.c   >&5
configure:13223: $? = 0
configure:13229: result: PTHREAD_CREATE_JOINABLE
configure:13239: checking if more special flags are required for pthreads
configure:13254: result: no
configure:13260: checking for PTHREAD_PRIO_INHERIT
configure:13277: gcc -o conftest -g -O2 -pthread   conftest.c   >&5
configure:13277: $? = 0
configure:13286: result: yes
configure:13398: checking if threading is enabled... yes
configure:13455: checking GL/glut.h usability
configure:13455: gcc -c -g -O2 -pthread   conftest.c >&5
configure:13455: $? = 0
configure:13455: result: yes
configure:13455: checking GL/glut.h presence
configure:13455: gcc -E   conftest.c
configure:13455: $? = 0
configure:13455: result: yes
configure:13455: checking for GL/glut.h
configure:13455: result: yes
configure:13494: checking for library containing glBegin
configure:13525: gcc -o conftest -g -O2 -pthread    conftest.c    >&5
/tmp/ccJPnPtU.o: In function `main':
/home/mj10777/000_links/geopaparazzi/geopaparazzi.eu/libjsqlite-spatialite-android/libjsqlite-spatialite-android/spatialite-android-library/jni/libwebp-0.6.1/conftest.c:43: undefined reference to `glBegin'
collect2: error: ld returned 1 exit status
configure:13525: $? = 1
configure: failed program was:
| /* confdefs.h */
| #define PACKAGE_NAME "libwebp"
| #define PACKAGE_TARNAME "libwebp"
| #define PACKAGE_VERSION "0.6.1"
| #define PACKAGE_STRING "libwebp 0.6.1"
| #define PACKAGE_BUGREPORT "https://bugs.chromium.org/p/webp"
| #define PACKAGE_URL "http://developers.google.com/speed/webp"
| #define PACKAGE "libwebp"
| #define VERSION "0.6.1"
| #define STDC_HEADERS 1
| #define HAVE_SYS_TYPES_H 1
| #define HAVE_SYS_STAT_H 1
| #define HAVE_STDLIB_H 1
| #define HAVE_STRING_H 1
| #define HAVE_MEMORY_H 1
| #define HAVE_STRINGS_H 1
| #define HAVE_INTTYPES_H 1
| #define HAVE_STDINT_H 1
| #define HAVE_UNISTD_H 1
| #define HAVE_DLFCN_H 1
| #define LT_OBJDIR ".libs/"
| #define WEBP_HAVE_AVX2 1
| #define WEBP_HAVE_SSE41 1
| #define WEBP_HAVE_SSE2 1
| #define HAVE_BUILTIN_BSWAP16 1
| #define HAVE_BUILTIN_BSWAP32 1
| #define HAVE_BUILTIN_BSWAP64 1
| #define HAVE_PTHREAD_PRIO_INHERIT 1
| #define WEBP_USE_THREAD 1
| #define HAVE_GL_GLUT_H 1
| /* end confdefs.h.  */
| 
| /* Override any GCC internal prototype to avoid an error.
|    Use char because int might match the return type of a GCC
|    builtin and then its argument prototype would still apply.  */
| #ifdef __cplusplus
| extern "C"
| #endif
| char glBegin ();
| int
| main ()
| {
| return glBegin ();
|   ;
|   return 0;
| }
configure:13525: gcc -o conftest -g -O2 -pthread    conftest.c -lGL     >&5
configure:13525: $? = 0
configure:13542: result: -lGL
configure:13579: gcc -o conftest -g -O2 -pthread    conftest.c  >&5
/tmp/ccK5OnUn.o: In function `main':
/home/mj10777/000_links/geopaparazzi/geopaparazzi.eu/libjsqlite-spatialite-android/libjsqlite-spatialite-android/spatialite-android-library/jni/libwebp-0.6.1/conftest.c:45: undefined reference to `glOrtho'
/home/mj10777/000_links/geopaparazzi/geopaparazzi.eu/libjsqlite-spatialite-android/libjsqlite-spatialite-android/spatialite-android-library/jni/libwebp-0.6.1/conftest.c:46: undefined reference to `glutMainLoop'
collect2: error: ld returned 1 exit status
configure:13579: $? = 1
configure: failed program was:
| /* confdefs.h */
| #define PACKAGE_NAME "libwebp"
| #define PACKAGE_TARNAME "libwebp"
| #define PACKAGE_VERSION "0.6.1"
| #define PACKAGE_STRING "libwebp 0.6.1"
| #define PACKAGE_BUGREPORT "https://bugs.chromium.org/p/webp"
| #define PACKAGE_URL "http://developers.google.com/speed/webp"
| #define PACKAGE "libwebp"
| #define VERSION "0.6.1"
| #define STDC_HEADERS 1
| #define HAVE_SYS_TYPES_H 1
| #define HAVE_SYS_STAT_H 1
| #define HAVE_STDLIB_H 1
| #define HAVE_STRING_H 1
| #define HAVE_MEMORY_H 1
| #define HAVE_STRINGS_H 1
| #define HAVE_INTTYPES_H 1
| #define HAVE_STDINT_H 1
| #define HAVE_UNISTD_H 1
| #define HAVE_DLFCN_H 1
| #define LT_OBJDIR ".libs/"
| #define WEBP_HAVE_AVX2 1
| #define WEBP_HAVE_SSE41 1
| #define WEBP_HAVE_SSE2 1
| #define HAVE_BUILTIN_BSWAP16 1
| #define HAVE_BUILTIN_BSWAP32 1
| #define HAVE_BUILTIN_BSWAP64 1
| #define HAVE_PTHREAD_PRIO_INHERIT 1
| #define WEBP_USE_THREAD 1
| #define HAVE_GL_GLUT_H 1
| /* end confdefs.h.  */
| 
|              #ifdef __cplusplus
|              # define EXTERN_C extern "C"
|              #else
|              # define EXTERN_C
|              #endif
|              EXTERN_C char glOrtho();
|              EXTERN_C char glutMainLoop();
| 
| int
| main ()
| {
| 
|              glOrtho();
|              glutMainLoop();
| 
|   ;
|   return 0;
| }
| 
configure:13579: gcc -o conftest -g -O2 -pthread    conftest.c -lglut >&5
/usr/bin/ld: /tmp/ccwkbNAD.o: undefined reference to symbol 'glOrtho'
/usr/lib/x86_64-linux-gnu/mesa/libGL.so.1: error adding symbols: DSO missing from command line
collect2: error: ld returned 1 exit status
configure:13579: $? = 1
configure: failed program was:
| /* confdefs.h */
| #define PACKAGE_NAME "libwebp"
| #define PACKAGE_TARNAME "libwebp"
| #define PACKAGE_VERSION "0.6.1"
| #define PACKAGE_STRING "libwebp 0.6.1"
| #define PACKAGE_BUGREPORT "https://bugs.chromium.org/p/webp"
| #define PACKAGE_URL "http://developers.google.com/speed/webp"
| #define PACKAGE "libwebp"
| #define VERSION "0.6.1"
| #define STDC_HEADERS 1
| #define HAVE_SYS_TYPES_H 1
| #define HAVE_SYS_STAT_H 1
| #define HAVE_STDLIB_H 1
| #define HAVE_STRING_H 1
| #define HAVE_MEMORY_H 1
| #define HAVE_STRINGS_H 1
| #define HAVE_INTTYPES_H 1
| #define HAVE_STDINT_H 1
| #define HAVE_UNISTD_H 1
| #define HAVE_DLFCN_H 1
| #define LT_OBJDIR ".libs/"
| #define WEBP_HAVE_AVX2 1
| #define WEBP_HAVE_SSE41 1
| #define WEBP_HAVE_SSE2 1
| #define HAVE_BUILTIN_BSWAP16 1
| #define HAVE_BUILTIN_BSWAP32 1
| #define HAVE_BUILTIN_BSWAP64 1
| #define HAVE_PTHREAD_PRIO_INHERIT 1
| #define WEBP_USE_THREAD 1
| #define HAVE_GL_GLUT_H 1
| /* end confdefs.h.  */
| 
|              #ifdef __cplusplus
|              # define EXTERN_C extern "C"
|              #else
|              # define EXTERN_C
|              #endif
|              EXTERN_C char glOrtho();
|              EXTERN_C char glutMainLoop();
| 
| int
| main ()
| {
| 
|              glOrtho();
|              glutMainLoop();
| 
|   ;
|   return 0;
| }
| 
configure:13579: gcc -o conftest -g -O2 -pthread    conftest.c -lglut -lGL >&5
configure:13579: $? = 0
configure:13651: checking SDL/SDL.h usability
configure:13651: gcc -c -g -O2 -pthread   conftest.c >&5
conftest.c:66:21: fatal error: SDL/SDL.h: No such file or directory
 #include <SDL/SDL.h>
                     ^
compilation terminated.
configure:13651: $? = 1
configure: failed program was:
| /* confdefs.h */
| #define PACKAGE_NAME "libwebp"
| #define PACKAGE_TARNAME "libwebp"
| #define PACKAGE_VERSION "0.6.1"
| #define PACKAGE_STRING "libwebp 0.6.1"
| #define PACKAGE_BUGREPORT "https://bugs.chromium.org/p/webp"
| #define PACKAGE_URL "http://developers.google.com/speed/webp"
| #define PACKAGE "libwebp"
| #define VERSION "0.6.1"
| #define STDC_HEADERS 1
| #define HAVE_SYS_TYPES_H 1
| #define HAVE_SYS_STAT_H 1
| #define HAVE_STDLIB_H 1
| #define HAVE_STRING_H 1
| #define HAVE_MEMORY_H 1
| #define HAVE_STRINGS_H 1
| #define HAVE_INTTYPES_H 1
| #define HAVE_STDINT_H 1
| #define HAVE_UNISTD_H 1
| #define HAVE_DLFCN_H 1
| #define LT_OBJDIR ".libs/"
| #define WEBP_HAVE_AVX2 1
| #define WEBP_HAVE_SSE41 1
| #define WEBP_HAVE_SSE2 1
| #define HAVE_BUILTIN_BSWAP16 1
| #define HAVE_BUILTIN_BSWAP32 1
| #define HAVE_BUILTIN_BSWAP64 1
| #define HAVE_PTHREAD_PRIO_INHERIT 1
| #define WEBP_USE_THREAD 1
| #define HAVE_GL_GLUT_H 1
| #define WEBP_HAVE_GL 1
| /* end confdefs.h.  */
| #include <stdio.h>
| #ifdef HAVE_SYS_TYPES_H
| # include <sys/types.h>
| #endif
| #ifdef HAVE_SYS_STAT_H
| # include <sys/stat.h>
| #endif
| #ifdef STDC_HEADERS
| # include <stdlib.h>
| # include <stddef.h>
| #else
| # ifdef HAVE_STDLIB_H
| #  include <stdlib.h>
| # endif
| #endif
| #ifdef HAVE_STRING_H
| # if !defined STDC_HEADERS && defined HAVE_MEMORY_H
| #  include <memory.h>
| # endif
| # include <string.h>
| #endif
| #ifdef HAVE_STRINGS_H
| # include <strings.h>
| #endif
| #ifdef HAVE_INTTYPES_H
| # include <inttypes.h>
| #endif
| #ifdef HAVE_STDINT_H
| # include <stdint.h>
| #endif
| #ifdef HAVE_UNISTD_H
| # include <unistd.h>
| #endif
| #include <SDL/SDL.h>
configure:13651: result: no
configure:13651: checking SDL/SDL.h presence
configure:13651: gcc -E   conftest.c
conftest.c:33:21: fatal error: SDL/SDL.h: No such file or directory
 #include <SDL/SDL.h>
                     ^
compilation terminated.
configure:13651: $? = 1
configure: failed program was:
| /* confdefs.h */
| #define PACKAGE_NAME "libwebp"
| #define PACKAGE_TARNAME "libwebp"
| #define PACKAGE_VERSION "0.6.1"
| #define PACKAGE_STRING "libwebp 0.6.1"
| #define PACKAGE_BUGREPORT "https://bugs.chromium.org/p/webp"
| #define PACKAGE_URL "http://developers.google.com/speed/webp"
| #define PACKAGE "libwebp"
| #define VERSION "0.6.1"
| #define STDC_HEADERS 1
| #define HAVE_SYS_TYPES_H 1
| #define HAVE_SYS_STAT_H 1
| #define HAVE_STDLIB_H 1
| #define HAVE_STRING_H 1
| #define HAVE_MEMORY_H 1
| #define HAVE_STRINGS_H 1
| #define HAVE_INTTYPES_H 1
| #define HAVE_STDINT_H 1
| #define HAVE_UNISTD_H 1
| #define HAVE_DLFCN_H 1
| #define LT_OBJDIR ".libs/"
| #define WEBP_HAVE_AVX2 1
| #define WEBP_HAVE_SSE41 1
| #define WEBP_HAVE_SSE2 1
| #define HAVE_BUILTIN_BSWAP16 1
| #define HAVE_BUILTIN_BSWAP32 1
| #define HAVE_BUILTIN_BSWAP64 1
| #define HAVE_PTHREAD_PRIO_INHERIT 1
| #define WEBP_USE_THREAD 1
| #define HAVE_GL_GLUT_H 1
| #define WEBP_HAVE_GL 1
| /* end confdefs.h.  */
| #include <SDL/SDL.h>
configure:13651: result: no
configure:13651: checking for SDL/SDL.h
configure:13651: result: no
configure:13655: checking SDL.h usability
configure:13655: gcc -c -g -O2 -pthread   conftest.c >&5
conftest.c:66:17: fatal error: SDL.h: No such file or directory
 #include <SDL.h>
                 ^
compilation terminated.
configure:13655: $? = 1
configure: failed program was:
| /* confdefs.h */
| #define PACKAGE_NAME "libwebp"
| #define PACKAGE_TARNAME "libwebp"
| #define PACKAGE_VERSION "0.6.1"
| #define PACKAGE_STRING "libwebp 0.6.1"
| #define PACKAGE_BUGREPORT "https://bugs.chromium.org/p/webp"
| #define PACKAGE_URL "http://developers.google.com/speed/webp"
| #define PACKAGE "libwebp"
| #define VERSION "0.6.1"
| #define STDC_HEADERS 1
| #define HAVE_SYS_TYPES_H 1
| #define HAVE_SYS_STAT_H 1
| #define HAVE_STDLIB_H 1
| #define HAVE_STRING_H 1
| #define HAVE_MEMORY_H 1
| #define HAVE_STRINGS_H 1
| #define HAVE_INTTYPES_H 1
| #define HAVE_STDINT_H 1
| #define HAVE_UNISTD_H 1
| #define HAVE_DLFCN_H 1
| #define LT_OBJDIR ".libs/"
| #define WEBP_HAVE_AVX2 1
| #define WEBP_HAVE_SSE41 1
| #define WEBP_HAVE_SSE2 1
| #define HAVE_BUILTIN_BSWAP16 1
| #define HAVE_BUILTIN_BSWAP32 1
| #define HAVE_BUILTIN_BSWAP64 1
| #define HAVE_PTHREAD_PRIO_INHERIT 1
| #define WEBP_USE_THREAD 1
| #define HAVE_GL_GLUT_H 1
| #define WEBP_HAVE_GL 1
| /* end confdefs.h.  */
| #include <stdio.h>
| #ifdef HAVE_SYS_TYPES_H
| # include <sys/types.h>
| #endif
| #ifdef HAVE_SYS_STAT_H
| # include <sys/stat.h>
| #endif
| #ifdef STDC_HEADERS
| # include <stdlib.h>
| # include <stddef.h>
| #else
| # ifdef HAVE_STDLIB_H
| #  include <stdlib.h>
| # endif
| #endif
| #ifdef HAVE_STRING_H
| # if !defined STDC_HEADERS && defined HAVE_MEMORY_H
| #  include <memory.h>
| # endif
| # include <string.h>
| #endif
| #ifdef HAVE_STRINGS_H
| # include <strings.h>
| #endif
| #ifdef HAVE_INTTYPES_H
| # include <inttypes.h>
| #endif
| #ifdef HAVE_STDINT_H
| # include <stdint.h>
| #endif
| #ifdef HAVE_UNISTD_H
| # include <unistd.h>
| #endif
| #include <SDL.h>
configure:13655: result: no
configure:13655: checking SDL.h presence
configure:13655: gcc -E   conftest.c
conftest.c:33:17: fatal error: SDL.h: No such file or directory
 #include <SDL.h>
                 ^
compilation terminated.
configure:13655: $? = 1
configure: failed program was:
| /* confdefs.h */
| #define PACKAGE_NAME "libwebp"
| #define PACKAGE_TARNAME "libwebp"
| #define PACKAGE_VERSION "0.6.1"
| #define PACKAGE_STRING "libwebp 0.6.1"
| #define PACKAGE_BUGREPORT "https://bugs.chromium.org/p/webp"
| #define PACKAGE_URL "http://developers.google.com/speed/webp"
| #define PACKAGE "libwebp"
| #define VERSION "0.6.1"
| #define STDC_HEADERS 1
| #define HAVE_SYS_TYPES_H 1
| #define HAVE_SYS_STAT_H 1
| #define HAVE_STDLIB_H 1
| #define HAVE_STRING_H 1
| #define HAVE_MEMORY_H 1
| #define HAVE_STRINGS_H 1
| #define HAVE_INTTYPES_H 1
| #define HAVE_STDINT_H 1
| #define HAVE_UNISTD_H 1
| #define HAVE_DLFCN_H 1
| #define LT_OBJDIR ".libs/"
| #define WEBP_HAVE_AVX2 1
| #define WEBP_HAVE_SSE41 1
| #define WEBP_HAVE_SSE2 1
| #define HAVE_BUILTIN_BSWAP16 1
| #define HAVE_BUILTIN_BSWAP32 1
| #define HAVE_BUILTIN_BSWAP64 1
| #define HAVE_PTHREAD_PRIO_INHERIT 1
| #define WEBP_USE_THREAD 1
| #define HAVE_GL_GLUT_H 1
| #define WEBP_HAVE_GL 1
| /* end confdefs.h.  */
| #include <SDL.h>
configure:13655: result: no
configure:13655: checking for SDL.h
configure:13655: result: no
configure:13659: WARNING: SDL library not available - no sdl.h
configure:13755: checking for libpng-config
configure:13773: found /usr/local/bin/libpng-config
configure:13785: result: /usr/local/bin/libpng-config
configure:13818: checking png.h usability
configure:13818: gcc -c -g -O2 -pthread -I/usr/local/include/libpng16  conftest.c >&5
configure:13818: $? = 0
configure:13818: result: yes
configure:13818: checking png.h presence
configure:13818: gcc -E -I/usr/local/include/libpng16  conftest.c
configure:13818: $? = 0
configure:13818: result: yes
configure:13818: checking for png.h
configure:13818: result: yes
configure:13820: checking for library containing png_get_libpng_ver
configure:13851: gcc -o conftest -g -O2 -pthread -I/usr/local/include/libpng16   conftest.c -L/usr/local/lib -lpng16   >&5
configure:13851: $? = 0
configure:13868: result: none required
configure:13931: checking jpeglib.h usability
configure:13931: gcc -c -g -O2 -pthread   conftest.c >&5
configure:13931: $? = 0
configure:13931: result: yes
configure:13931: checking jpeglib.h presence
configure:13931: gcc -E   conftest.c
configure:13931: $? = 0
configure:13931: result: yes
configure:13931: checking for jpeglib.h
configure:13931: result: yes
configure:13933: checking for jpeg_set_defaults in -ljpeg
configure:13958: gcc -o conftest -g -O2 -pthread    conftest.c -ljpeg     >&5
configure:13958: $? = 0
configure:13967: result: yes
configure:14022: checking tiffio.h usability
configure:14022: gcc -c -g -O2 -pthread   conftest.c >&5
configure:14022: $? = 0
configure:14022: result: yes
configure:14022: checking tiffio.h presence
configure:14022: gcc -E   conftest.c
configure:14022: $? = 0
configure:14022: result: yes
configure:14022: checking for tiffio.h
configure:14022: result: yes
configure:14024: checking for TIFFGetVersion in -ltiff
configure:14049: gcc -o conftest -g -O2 -pthread    conftest.c -ltiff     >&5
configure:14049: $? = 0
configure:14058: result: yes
configure:14113: checking gif_lib.h usability
configure:14113: gcc -c -g -O2 -pthread   conftest.c >&5
configure:14113: $? = 0
configure:14113: result: yes
configure:14113: checking gif_lib.h presence
configure:14113: gcc -E   conftest.c
configure:14113: $? = 0
configure:14113: result: yes
configure:14113: checking for gif_lib.h
configure:14113: result: yes
configure:14115: checking for DGifOpenFileHandle in -lgif
configure:14140: gcc -o conftest -g -O2 -pthread    conftest.c -lgif     >&5
configure:14140: $? = 0
configure:14149: result: yes
configure:14313: checking if --enable-swap-16bit-csp option is specified
configure:14323: result: no
configure:14329: checking if --enable-experimental option is specified
configure:14342: result: no
configure:14350: checking if --disable-near-lossless option is specified
configure:14366: result: no
configure:14370: checking whether libwebpmux is to be built
configure:14377: result: no
configure:14388: checking whether libwebpdemux is to be built
configure:14395: result: no
configure:14406: checking whether decoder library is to be built
configure:14413: result: no
configure:14424: checking whether libwebpextras is to be built
configure:14431: result: no
configure:14559: checking that generated files are newer than configure
configure:14565: result: done
configure:14629: creating ./config.status

## ---------------------- ##
## Running config.status. ##
## ---------------------- ##

This file was extended by libwebp config.status 0.6.1, which was
generated by GNU Autoconf 2.69.  Invocation command line was

  CONFIG_FILES    = 
  CONFIG_HEADERS  = 
  CONFIG_LINKS    = 
  CONFIG_COMMANDS = 
  $ ./config.status 

on mj10777-01-l

config.status:1161: creating Makefile
config.status:1161: creating src/Makefile
config.status:1161: creating man/Makefile
config.status:1161: creating examples/Makefile
config.status:1161: creating extras/Makefile
config.status:1161: creating imageio/Makefile
config.status:1161: creating src/dec/Makefile
config.status:1161: creating src/enc/Makefile
config.status:1161: creating src/dsp/Makefile
config.status:1161: creating src/demux/Makefile
config.status:1161: creating src/mux/Makefile
config.status:1161: creating src/utils/Makefile
config.status:1161: creating src/libwebp.pc
config.status:1161: creating src/libwebpdecoder.pc
config.status:1161: creating src/demux/libwebpdemux.pc
config.status:1161: creating src/mux/libwebpmux.pc
config.status:1161: creating src/webp/config.h
config.status:1390: executing depfiles commands
config.status:1390: executing libtool commands
configure:16905:
WebP Configuration Summary
--------------------------

Shared libraries: no
Static libraries: yes
Threading support: yes
libwebp: yes
libwebpdecoder: no
libwebpdemux: no
libwebpmux: no
libwebpextras: no

Tools:
cwebp : yes
  Input format support
  ====================
  JPEG : yes
  PNG  : yes
  TIFF : yes
  WIC  : no
dwebp : yes
  Output format support
  =====================
  PNG  : yes
  WIC  : no
GIF support : yes
anim_diff   : no
gif2webp    : no
img2webp    : no
webpmux     : no
vwebp       : no
webpinfo    : no
SDL support : no
vwebp_sdl   : no


## ---------------- ##
## Cache variables. ##
## ---------------- ##

ac_cv_build=x86_64-pc-linux-gnu
ac_cv_c_bigendian=no
ac_cv_c_compiler_gnu=yes
ac_cv_env_CC_set=
ac_cv_env_CC_value=
ac_cv_env_CFLAGS_set=
ac_cv_env_CFLAGS_value=
ac_cv_env_CPPFLAGS_set=
ac_cv_env_CPPFLAGS_value=
ac_cv_env_CPP_set=
ac_cv_env_CPP_value=
ac_cv_env_LDFLAGS_set=
ac_cv_env_LDFLAGS_value=
ac_cv_env_LIBS_set=
ac_cv_env_LIBS_value=
ac_cv_env_build_alias_set=set
ac_cv_env_build_alias_value=x86_64-pc-linux-gnu
ac_cv_env_host_alias_set=set
ac_cv_env_host_alias_value=arm-linux-eabi
ac_cv_env_target_alias_set=
ac_cv_env_target_alias_value=
ac_cv_header_GL_glut_h=yes
ac_cv_header_SDL_SDL_h=no
ac_cv_header_SDL_h=no
ac_cv_header_dlfcn_h=yes
ac_cv_header_emmintrin_h=yes
ac_cv_header_gif_lib_h=yes
ac_cv_header_immintrin_h=yes
ac_cv_header_inttypes_h=yes
ac_cv_header_jpeglib_h=yes
ac_cv_header_memory_h=yes
ac_cv_header_png_h=yes
ac_cv_header_smmintrin_h=yes
ac_cv_header_stdc=yes
ac_cv_header_stdint_h=yes
ac_cv_header_stdlib_h=yes
ac_cv_header_string_h=yes
ac_cv_header_strings_h=yes
ac_cv_header_sys_stat_h=yes
ac_cv_header_sys_types_h=yes
ac_cv_header_tiffio_h=yes
ac_cv_header_unistd_h=yes
ac_cv_host=arm-linux-eabi
ac_cv_lib_gif_DGifOpenFileHandle=yes
ac_cv_lib_jpeg_jpeg_set_defaults=yes
ac_cv_lib_tiff_TIFFGetVersion=yes
ac_cv_objext=o
ac_cv_path_EGREP='/bin/grep -E'
ac_cv_path_FGREP='/bin/grep -F'
ac_cv_path_GREP=/bin/grep
ac_cv_path_LIBPNG_CONFIG=/usr/local/bin/libpng-config
ac_cv_path_SED=/bin/sed
ac_cv_path_install='/usr/bin/install -c'
ac_cv_path_mkdir=/bin/mkdir
ac_cv_prog_AR=ar
ac_cv_prog_AWK=gawk
ac_cv_prog_CPP='gcc -E'
ac_cv_prog_STRIP=strip
ac_cv_prog_ac_ct_AR=ar
ac_cv_prog_ac_ct_CC=gcc
ac_cv_prog_ac_ct_DUMPBIN='link -dump'
ac_cv_prog_ac_ct_MANIFEST_TOOL=mt
ac_cv_prog_ac_ct_OBJDUMP=objdump
ac_cv_prog_ac_ct_RANLIB=ranlib
ac_cv_prog_ac_ct_STRIP=strip
ac_cv_prog_cc_c89=
ac_cv_prog_cc_g=yes
ac_cv_prog_make_make_set=yes
ac_cv_search_glBegin=-lGL
ac_cv_search_png_get_libpng_ver='none required'
am_cv_CC_dependencies_compiler_type=gcc3
am_cv_ar_interface=ar
am_cv_make_support_nested_variables=yes
am_cv_prog_cc_c_o=yes
ax_cv_PTHREAD_PRIO_INHERIT=yes
lt_cv_ar_at_file=@
lt_cv_archive_cmds_need_lc=no
lt_cv_deplibs_check_method=unknown
lt_cv_file_magic_cmd='$MAGIC_CMD'
lt_cv_file_magic_test_file=
lt_cv_ld_reload_flag=-r
lt_cv_nm_interface='BSD nm'
lt_cv_objdir=.libs
lt_cv_path_LD=/usr/bin/ld
lt_cv_path_NM=no
lt_cv_path_mainfest_tool=no
lt_cv_prog_compiler_c_o=yes
lt_cv_prog_compiler_pic='-fPIC -DPIC'
lt_cv_prog_compiler_pic_works=yes
lt_cv_prog_compiler_rtti_exceptions=no
lt_cv_prog_compiler_static_works=yes
lt_cv_prog_gnu_ld=yes
lt_cv_sharedlib_from_linklib_cmd='printf %s\n'
lt_cv_sys_global_symbol_pipe='sed -n -e '\''s/^.*[	 ]\([ABCDGIRSTW][ABCDGIRSTW]*\)[	 ][	 ]*\([_A-Za-z][_A-Za-z0-9]*\)$/\1 \2 \2/p'\'' | sed '\''/ __gnu_lto/d'\'''
lt_cv_sys_global_symbol_to_c_name_address='sed -n -e '\''s/^: \([^ ]*\)[ ]*$/  {\"\1\", (void *) 0},/p'\'' -e '\''s/^[ABCDGIRSTW]* \([^ ]*\) \([^ ]*\)$/  {"\2", (void *) \&\2},/p'\'''
lt_cv_sys_global_symbol_to_c_name_address_lib_prefix='sed -n -e '\''s/^: \([^ ]*\)[ ]*$/  {\"\1\", (void *) 0},/p'\'' -e '\''s/^[ABCDGIRSTW]* \([^ ]*\) \(lib[^ ]*\)$/  {"\2", (void *) \&\2},/p'\'' -e '\''s/^[ABCDGIRSTW]* \([^ ]*\) \([^ ]*\)$/  {"lib\2", (void *) \&\2},/p'\'''
lt_cv_sys_global_symbol_to_cdecl='sed -n -e '\''s/^T .* \(.*\)$/extern int \1();/p'\'' -e '\''s/^[ABCDGIRSTW]* .* \(.*\)$/extern char \1;/p'\'''
lt_cv_sys_max_cmd_len=1572864
lt_cv_to_host_file_cmd=func_convert_file_noop
lt_cv_to_tool_file_cmd=func_convert_file_noop

## ----------------- ##
## Output variables. ##
## ----------------- ##

ACLOCAL='${SHELL} /home/mj10777/000_links/geopaparazzi/geopaparazzi.eu/libjsqlite-spatialite-android/libjsqlite-spatialite-android/spatialite-android-library/jni/libwebp-0.6.1/missing aclocal-1.14'
AMDEPBACKSLASH='\'
AMDEP_FALSE='#'
AMDEP_TRUE=''
AMTAR='$${TAR-tar}'
AM_BACKSLASH='\'
AM_CFLAGS=' -fvisibility=hidden -Wall -Wdeclaration-after-statement -Wextra -Wfloat-conversion -Wformat -Wformat-nonliteral -Wformat -Wformat-security -Wmissing-declarations -Wmissing-prototypes -Wold-style-definition -Wshadow -Wundef -Wunreachable-code -Wunused-but-set-variable -Wunused -Wvla'
AM_CPPFLAGS=' -DNDEBUG'
AM_DEFAULT_V='$(AM_DEFAULT_VERBOSITY)'
AM_DEFAULT_VERBOSITY='0'
AM_V='$(V)'
AR='ar'
AUTOCONF='${SHELL} /home/mj10777/000_links/geopaparazzi/geopaparazzi.eu/libjsqlite-spatialite-android/libjsqlite-spatialite-android/spatialite-android-library/jni/libwebp-0.6.1/missing autoconf'
AUTOHEADER='${SHELL} /home/mj10777/000_links/geopaparazzi/geopaparazzi.eu/libjsqlite-spatialite-android/libjsqlite-spatialite-android/spatialite-android-library/jni/libwebp-0.6.1/missing autoheader'
AUTOMAKE='${SHELL} /home/mj10777/000_links/geopaparazzi/geopaparazzi.eu/libjsqlite-spatialite-android/libjsqlite-spatialite-android/spatialite-android-library/jni/libwebp-0.6.1/missing automake-1.14'
AVX2_FLAGS=' -mavx2'
AWK='gawk'
BUILD_ANIMDIFF_FALSE=''
BUILD_ANIMDIFF_TRUE='#'
BUILD_GIF2WEBP_FALSE=''
BUILD_GIF2WEBP_TRUE='#'
BUILD_IMG2WEBP_FALSE=''
BUILD_IMG2WEBP_TRUE='#'
BUILD_LIBWEBPDECODER_FALSE=''
BUILD_LIBWEBPDECODER_TRUE='#'
BUILD_VWEBP_FALSE=''
BUILD_VWEBP_SDL_FALSE=''
BUILD_VWEBP_SDL_TRUE='#'
BUILD_VWEBP_TRUE='#'
BUILD_WEBPINFO_FALSE=''
BUILD_WEBPINFO_TRUE='#'
CC='gcc'
CCDEPMODE='depmode=gcc3'
CFLAGS='-g -O2 -pthread'
CPP='gcc -E'
CPPFLAGS=''
CYGPATH_W='echo'
DEFS='-DHAVE_CONFIG_H'
DEPDIR='.deps'
DLLTOOL='false'
DSYMUTIL=''
DUMPBIN=':'
ECHO_C=''
ECHO_N='-n'
ECHO_T=''
EGREP='/bin/grep -E'
EXEEXT=''
FGREP='/bin/grep -F'
GIF_INCLUDES=''
GIF_LIBS=' -lgif'
GL_INCLUDES=''
GL_LIBS=' -lglut -lGL'
GREP='/bin/grep'
INSTALL_DATA='${INSTALL} -m 644'
INSTALL_PROGRAM='${INSTALL}'
INSTALL_SCRIPT='${INSTALL}'
INSTALL_STRIP_PROGRAM='$(install_sh) -c -s'
JPEG_INCLUDES=' -DWEBP_HAVE_JPEG'
JPEG_LIBS=' -ljpeg'
LD='/usr/bin/ld'
LDFLAGS=''
LIBOBJS=''
LIBPNG_CONFIG='/usr/local/bin/libpng-config'
LIBS=' '
LIBTOOL='$(SHELL) $(top_builddir)/libtool'
LIPO=''
LN_S='ln -s'
LTLIBOBJS=''
MAKEINFO='${SHELL} /home/mj10777/000_links/geopaparazzi/geopaparazzi.eu/libjsqlite-spatialite-android/libjsqlite-spatialite-android/spatialite-android-library/jni/libwebp-0.6.1/missing makeinfo'
MANIFEST_TOOL=':'
MKDIR_P='/bin/mkdir -p'
NEON_FLAGS=''
NM='nm'
NMEDIT=''
OBJDUMP='objdump'
OBJEXT='o'
OTOOL64=''
OTOOL=''
PACKAGE='libwebp'
PACKAGE_BUGREPORT='https://bugs.chromium.org/p/webp'
PACKAGE_NAME='libwebp'
PACKAGE_STRING='libwebp 0.6.1'
PACKAGE_TARNAME='libwebp'
PACKAGE_URL='http://developers.google.com/speed/webp'
PACKAGE_VERSION='0.6.1'
PATH_SEPARATOR=':'
PNG_INCLUDES='-I/usr/local/include/libpng16 -DWEBP_HAVE_PNG'
PNG_LIBS='-L/usr/local/lib -lpng16'
PTHREAD_CC='gcc'
PTHREAD_CFLAGS='-pthread'
PTHREAD_LIBS=''
RANLIB='ranlib'
SDL_INCLUDES=''
SDL_LIBS=''
SED='/bin/sed'
SET_MAKE=''
SHELL='/bin/bash'
SSE2_FLAGS='  -msse2'
SSE41_FLAGS='  -msse4.1'
STRIP='strip'
TIFF_INCLUDES=' -DWEBP_HAVE_TIFF'
TIFF_LIBS=' -ltiff'
USE_EXPERIMENTAL_CODE=''
USE_SWAP_16BIT_CSP=''
VERSION='0.6.1'
WANT_DEMUX_FALSE=''
WANT_DEMUX_TRUE='#'
WANT_EXTRAS_FALSE=''
WANT_EXTRAS_TRUE='#'
WANT_MUX_FALSE=''
WANT_MUX_TRUE='#'
ac_ct_AR='ar'
ac_ct_CC='gcc'
ac_ct_DUMPBIN='link -dump'
am__EXEEXT_FALSE=''
am__EXEEXT_TRUE='#'
am__fastdepCC_FALSE='#'
am__fastdepCC_TRUE=''
am__include='include'
am__isrc=''
am__leading_dot='.'
am__nodep='_no'
am__quote=''
am__tar='$${TAR-tar} chof - "$$tardir"'
am__untar='$${TAR-tar} xf -'
ax_pthread_config=''
bindir='${exec_prefix}/bin'
build='x86_64-pc-linux-gnu'
build_alias='x86_64-pc-linux-gnu'
build_cpu='x86_64'
build_os='linux-gnu'
build_vendor='pc'
datadir='${datarootdir}'
datarootdir='${prefix}/share'
docdir='${datarootdir}/doc/${PACKAGE_TARNAME}'
dvidir='${docdir}'
exec_prefix='${prefix}'
host='arm-linux-eabi'
host_alias='arm-linux-eabi'
host_cpu='arm'
host_os='eabi'
host_vendor='linux'
htmldir='${docdir}'
includedir='${prefix}/include'
infodir='${datarootdir}/info'
install_sh='${SHELL} /home/mj10777/000_links/geopaparazzi/geopaparazzi.eu/libjsqlite-spatialite-android/libjsqlite-spatialite-android/spatialite-android-library/jni/libwebp-0.6.1/install-sh'
libdir='${exec_prefix}/lib'
libexecdir='${exec_prefix}/libexec'
localedir='${datarootdir}/locale'
localstatedir='${prefix}/var'
mandir='${datarootdir}/man'
mkdir_p='$(MKDIR_P)'
oldincludedir='/usr/include'
pdfdir='${docdir}'
pkgconfigdir='${libdir}/pkgconfig'
prefix='/usr/local'
program_transform_name='s,x,x,'
psdir='${docdir}'
sbindir='${exec_prefix}/sbin'
sharedstatedir='${prefix}/com'
sysconfdir='${prefix}/etc'
target_alias=''

## ----------- ##
## confdefs.h. ##
## ----------- ##

/* confdefs.h */
#define PACKAGE_NAME "libwebp"
#define PACKAGE_TARNAME "libwebp"
#define PACKAGE_VERSION "0.6.1"
#define PACKAGE_STRING "libwebp 0.6.1"
#define PACKAGE_BUGREPORT "https://bugs.chromium.org/p/webp"
#define PACKAGE_URL "http://developers.google.com/speed/webp"
#define PACKAGE "libwebp"
#define VERSION "0.6.1"
#define STDC_HEADERS 1
#define HAVE_SYS_TYPES_H 1
#define HAVE_SYS_STAT_H 1
#define HAVE_STDLIB_H 1
#define HAVE_STRING_H 1
#define HAVE_MEMORY_H 1
#define HAVE_STRINGS_H 1
#define HAVE_INTTYPES_H 1
#define HAVE_STDINT_H 1
#define HAVE_UNISTD_H 1
#define HAVE_DLFCN_H 1
#define LT_OBJDIR ".libs/"
#define WEBP_HAVE_AVX2 1
#define WEBP_HAVE_SSE41 1
#define WEBP_HAVE_SSE2 1
#define HAVE_BUILTIN_BSWAP16 1
#define HAVE_BUILTIN_BSWAP32 1
#define HAVE_BUILTIN_BSWAP64 1
#define HAVE_PTHREAD_PRIO_INHERIT 1
#define WEBP_USE_THREAD 1
#define HAVE_GL_GLUT_H 1
#define WEBP_HAVE_GL 1
#define WEBP_HAVE_PNG 1
#define WEBP_HAVE_JPEG 1
#define WEBP_HAVE_TIFF 1
#define WEBP_HAVE_GIF 1
#define WEBP_NEAR_LOSSLESS 1

configure: exit 0
