This file contains any messages produced by compilers while
running configure, to aid debugging if configure makes a mistake.

It was created by libgeotiff configure 1.4.0, which was
generated by GNU Autoconf 2.65.  Invocation command line was

  $ ./configure --build=x86_64-pc-linux-gnu --host=arm-linux-eabi

## --------- ##
## Platform. ##
## --------- ##

hostname = mj10777-01-l
uname -m = x86_64
uname -r = 3.2.0-56-generic
uname -s = Linux
uname -v = #86-Ubuntu SMP Wed Oct 23 09:20:45 UTC 2013

/usr/bin/uname -p = unknown
/bin/uname -X     = unknown

/bin/arch              = unknown
/usr/bin/arch -k       = unknown
/usr/convex/getsysinfo = unknown
/usr/bin/hostinfo      = unknown
/bin/machine           = unknown
/usr/bin/oslevel       = unknown
/bin/universe          = unknown

PATH: /usr/local/pgsql/bin
PATH: /usr/local/pgsql/bin
PATH: /home/mj10777/bin
PATH: /usr/local/pgsql/bin
PATH: /usr/lib/lightdm/lightdm
PATH: /usr/local/sbin
PATH: /usr/local/bin
PATH: /usr/sbin
PATH: /usr/bin
PATH: /sbin
PATH: /bin
PATH: /usr/games
PATH: /home/mj10777/000_links/gnu_source/qt_dev/Qt5.1.0/5.1.0/gcc_64/bin
PATH: /home/mj10777/000_links/gnu_source/adt-bundle-linux/sdk
PATH: /home/mj10777/000_links/gnu_source/adt-bundle-linux/sdk/tools/home/mj10777/000_links/gnu_source/adt-bundle-linux/sdk/platform-tools
PATH: /home/mj10777/000_links/gnu_source/adt-bundle-linux/sdk/tools
PATH: /home/mj10777/000_links/gnu_source/adt-bundle-linux/android-ndk-r9c
PATH: /home/mj10777/000_links/gnu_source/adt-bundle-linux/apache-ant/bin


## ----------- ##
## Core tests. ##
## ----------- ##

configure:2579: checking build system type
configure:2593: result: x86_64-pc-linux-gnu
configure:2638: checking for a BSD-compatible install
configure:2706: result: /usr/bin/install -c
configure:2717: checking whether build environment is sane
configure:2767: result: yes
configure:2816: checking for arm-linux-eabi-strip
configure:2846: result: no
configure:2856: checking for strip
configure:2872: found /usr/bin/strip
configure:2883: result: strip
configure:2895: WARNING: using cross tools not prefixed with host triplet
configure:2908: checking for a thread-safe mkdir -p
configure:2947: result: /bin/mkdir -p
configure:2960: checking for gawk
configure:2976: found /usr/bin/gawk
configure:2987: result: gawk
configure:2998: checking whether make sets $(MAKE)
configure:3020: result: yes
configure:3101: checking whether to enable maintainer-specific portions of Makefiles
configure:3110: result: no
configure:3131: checking for arm-linux-eabi-gcc
configure:3161: result: no
configure:3171: checking for gcc
configure:3187: found /usr/bin/gcc
configure:3198: result: gcc
configure:3427: checking for C compiler version
configure:3436: gcc --version >&5
gcc (Ubuntu 4.8.1-2ubuntu1~12.04) 4.8.1
Copyright (C) 2013 Free Software Foundation, Inc.
This is free software; see the source for copying conditions.  There is NO
warranty; not even for MERCHANTABILITY or FITNESS FOR A PARTICULAR PURPOSE.

configure:3447: $? = 0
configure:3436: gcc -v >&5
Using built-in specs.
COLLECT_GCC=gcc
COLLECT_LTO_WRAPPER=/usr/lib/gcc/x86_64-linux-gnu/4.8/lto-wrapper
Target: x86_64-linux-gnu
Configured with: ../src/configure -v --with-pkgversion='Ubuntu 4.8.1-2ubuntu1~12.04' --with-bugurl=file:///usr/share/doc/gcc-4.8/README.Bugs --enable-languages=c,c++,java,go,d,fortran,objc,obj-c++ --prefix=/usr --program-suffix=-4.8 --enable-shared --enable-linker-build-id --libexecdir=/usr/lib --without-included-gettext --enable-threads=posix --with-gxx-include-dir=/usr/include/c++/4.8 --libdir=/usr/lib --enable-nls --with-sysroot=/ --enable-clocale=gnu --enable-libstdcxx-debug --enable-libstdcxx-time=yes --enable-gnu-unique-object --enable-plugin --with-system-zlib --disable-browser-plugin --enable-java-awt=gtk --enable-gtk-cairo --with-java-home=/usr/lib/jvm/java-1.5.0-gcj-4.8-amd64/jre --enable-java-home --with-jvm-root-dir=/usr/lib/jvm/java-1.5.0-gcj-4.8-amd64 --with-jvm-jar-dir=/usr/lib/jvm-exports/java-1.5.0-gcj-4.8-amd64 --with-arch-directory=amd64 --with-ecj-jar=/usr/share/java/eclipse-ecj.jar --enable-objc-gc --enable-multiarch --disable-werror --with-arch-32=i686 --with-abi=m64 --with-multilib-list=m32,m64 --with-tune=generic --enable-checking=release --build=x86_64-linux-gnu --host=x86_64-linux-gnu --target=x86_64-linux-gnu
Thread model: posix
gcc version 4.8.1 (Ubuntu 4.8.1-2ubuntu1~12.04) 
configure:3447: $? = 0
configure:3436: gcc -V >&5
gcc: error: unrecognized command line option '-V'
gcc: fatal error: no input files
compilation terminated.
configure:3447: $? = 4
configure:3436: gcc -qversion >&5
gcc: error: unrecognized command line option '-qversion'
gcc: fatal error: no input files
compilation terminated.
configure:3447: $? = 4
configure:3467: checking whether the C compiler works
configure:3489: gcc    conftest.c  >&5
configure:3493: $? = 0
configure:3542: result: yes
configure:3545: checking for C compiler default output file name
configure:3547: result: a.out
configure:3553: checking for suffix of executables
configure:3560: gcc -o conftest    conftest.c  >&5
configure:3564: $? = 0
configure:3586: result: 
configure:3608: checking whether we are cross compiling
configure:3646: result: yes
configure:3651: checking for suffix of object files
configure:3673: gcc -c   conftest.c >&5
configure:3677: $? = 0
configure:3698: result: o
configure:3702: checking whether we are using the GNU C compiler
configure:3721: gcc -c   conftest.c >&5
configure:3721: $? = 0
configure:3730: result: yes
configure:3739: checking whether gcc accepts -g
configure:3759: gcc -c -g  conftest.c >&5
configure:3759: $? = 0
configure:3800: result: yes
configure:3817: checking for gcc option to accept ISO C89
configure:3881: gcc  -c -g -O2  conftest.c >&5
configure:3881: $? = 0
configure:3894: result: none needed
configure:3925: checking for style of include used by make
configure:3953: result: GNU
configure:3978: checking dependency style of gcc
configure:4088: result: gcc3
configure:4117: checking for arm-linux-eabi-g++
configure:4147: result: no
configure:4117: checking for arm-linux-eabi-c++
configure:4147: result: no
configure:4117: checking for arm-linux-eabi-gpp
configure:4147: result: no
configure:4117: checking for arm-linux-eabi-aCC
configure:4147: result: no
configure:4117: checking for arm-linux-eabi-CC
configure:4147: result: no
configure:4117: checking for arm-linux-eabi-cxx
configure:4147: result: no
configure:4117: checking for arm-linux-eabi-cc++
configure:4147: result: no
configure:4117: checking for arm-linux-eabi-cl.exe
configure:4147: result: no
configure:4117: checking for arm-linux-eabi-FCC
configure:4147: result: no
configure:4117: checking for arm-linux-eabi-KCC
configure:4147: result: no
configure:4117: checking for arm-linux-eabi-RCC
configure:4147: result: no
configure:4117: checking for arm-linux-eabi-xlC_r
configure:4147: result: no
configure:4117: checking for arm-linux-eabi-xlC
configure:4147: result: no
configure:4161: checking for g++
configure:4177: found /usr/bin/g++
configure:4188: result: g++
configure:4215: checking for C++ compiler version
configure:4224: g++ --version >&5
g++ (Ubuntu 4.8.1-2ubuntu1~12.04) 4.8.1
Copyright (C) 2013 Free Software Foundation, Inc.
This is free software; see the source for copying conditions.  There is NO
warranty; not even for MERCHANTABILITY or FITNESS FOR A PARTICULAR PURPOSE.

configure:4235: $? = 0
configure:4224: g++ -v >&5
Using built-in specs.
COLLECT_GCC=g++
COLLECT_LTO_WRAPPER=/usr/lib/gcc/x86_64-linux-gnu/4.8/lto-wrapper
Target: x86_64-linux-gnu
Configured with: ../src/configure -v --with-pkgversion='Ubuntu 4.8.1-2ubuntu1~12.04' --with-bugurl=file:///usr/share/doc/gcc-4.8/README.Bugs --enable-languages=c,c++,java,go,d,fortran,objc,obj-c++ --prefix=/usr --program-suffix=-4.8 --enable-shared --enable-linker-build-id --libexecdir=/usr/lib --without-included-gettext --enable-threads=posix --with-gxx-include-dir=/usr/include/c++/4.8 --libdir=/usr/lib --enable-nls --with-sysroot=/ --enable-clocale=gnu --enable-libstdcxx-debug --enable-libstdcxx-time=yes --enable-gnu-unique-object --enable-plugin --with-system-zlib --disable-browser-plugin --enable-java-awt=gtk --enable-gtk-cairo --with-java-home=/usr/lib/jvm/java-1.5.0-gcj-4.8-amd64/jre --enable-java-home --with-jvm-root-dir=/usr/lib/jvm/java-1.5.0-gcj-4.8-amd64 --with-jvm-jar-dir=/usr/lib/jvm-exports/java-1.5.0-gcj-4.8-amd64 --with-arch-directory=amd64 --with-ecj-jar=/usr/share/java/eclipse-ecj.jar --enable-objc-gc --enable-multiarch --disable-werror --with-arch-32=i686 --with-abi=m64 --with-multilib-list=m32,m64 --with-tune=generic --enable-checking=release --build=x86_64-linux-gnu --host=x86_64-linux-gnu --target=x86_64-linux-gnu
Thread model: posix
gcc version 4.8.1 (Ubuntu 4.8.1-2ubuntu1~12.04) 
configure:4235: $? = 0
configure:4224: g++ -V >&5
g++: error: unrecognized command line option '-V'
g++: fatal error: no input files
compilation terminated.
configure:4235: $? = 4
configure:4224: g++ -qversion >&5
g++: error: unrecognized command line option '-qversion'
g++: fatal error: no input files
compilation terminated.
configure:4235: $? = 4
configure:4239: checking whether we are using the GNU C++ compiler
configure:4258: g++ -c   conftest.cpp >&5
configure:4258: $? = 0
configure:4267: result: yes
configure:4276: checking whether g++ accepts -g
configure:4296: g++ -c -g  conftest.cpp >&5
configure:4296: $? = 0
configure:4337: result: yes
configure:4362: checking dependency style of g++
configure:4472: result: gcc3
configure:4492: checking how to run the C++ preprocessor
configure:4519: g++ -E  conftest.cpp
configure:4519: $? = 0
configure:4533: g++ -E  conftest.cpp
conftest.cpp:11:28: fatal error: ac_nonexistent.h: No such file or directory
 #include <ac_nonexistent.h>
                            ^
compilation terminated.
configure:4533: $? = 1
configure: failed program was:
| /* confdefs.h */
| #define PACKAGE_NAME "libgeotiff"
| #define PACKAGE_TARNAME "libgeotiff"
| #define PACKAGE_VERSION "1.4.0"
| #define PACKAGE_STRING "libgeotiff 1.4.0"
| #define PACKAGE_BUGREPORT "warmerdam@pobox.com"
| #define PACKAGE_URL ""
| #define PACKAGE "libgeotiff"
| #define VERSION "1.4.0"
| /* end confdefs.h.  */
| #include <ac_nonexistent.h>
configure:4558: result: g++ -E
configure:4578: g++ -E  conftest.cpp
configure:4578: $? = 0
configure:4592: g++ -E  conftest.cpp
conftest.cpp:11:28: fatal error: ac_nonexistent.h: No such file or directory
 #include <ac_nonexistent.h>
                            ^
compilation terminated.
configure:4592: $? = 1
configure: failed program was:
| /* confdefs.h */
| #define PACKAGE_NAME "libgeotiff"
| #define PACKAGE_TARNAME "libgeotiff"
| #define PACKAGE_VERSION "1.4.0"
| #define PACKAGE_STRING "libgeotiff 1.4.0"
| #define PACKAGE_BUGREPORT "warmerdam@pobox.com"
| #define PACKAGE_URL ""
| #define PACKAGE "libgeotiff"
| #define VERSION "1.4.0"
| /* end confdefs.h.  */
| #include <ac_nonexistent.h>
configure:4621: checking whether ln -s works
configure:4625: result: yes
configure:4632: checking whether make sets $(MAKE)
configure:4654: result: yes
configure:4688: checking host system type
configure:4701: result: arm-linux-eabi
configure:4721: checking for a sed that does not truncate output
configure:4785: result: /bin/sed
configure:4803: checking for grep that handles long lines and -e
configure:4861: result: /bin/grep
configure:4866: checking for egrep
configure:4928: result: /bin/grep -E
configure:4933: checking for fgrep
configure:4995: result: /bin/grep -F
configure:5030: checking for ld used by gcc
configure:5097: result: /usr/bin/ld
configure:5104: checking if the linker (/usr/bin/ld) is GNU ld
configure:5119: result: yes
configure:5131: checking for BSD- or MS-compatible name lister (nm)
configure:5180: result: no
configure:5191: checking for arm-linux-eabi-dumpbin
configure:5221: result: no
configure:5191: checking for arm-linux-eabi-link
configure:5221: result: no
configure:5235: checking for dumpbin
configure:5265: result: no
configure:5235: checking for link
configure:5251: found /usr/bin/link
configure:5262: result: link -dump -symbols
configure:5298: checking the name lister (link -dump -symbols) interface
configure:5305: gcc -c -g -O2  conftest.c >&5
configure:5308: link -dump -symbols "conftest.o"
link: invalid option -- 'd'
Try `link --help' for more information.
configure:5311: output
configure:5318: result: BSD nm
configure:5322: checking the maximum length of command line arguments
configure:5442: result: 1572864
configure:5459: checking whether the shell understands some XSI constructs
configure:5469: result: yes
configure:5473: checking whether the shell understands "+="
configure:5479: result: yes
configure:5514: checking for /usr/bin/ld option to reload object files
configure:5521: result: -r
configure:5550: checking for arm-linux-eabi-objdump
configure:5580: result: no
configure:5590: checking for objdump
configure:5606: found /usr/bin/objdump
configure:5617: result: objdump
configure:5649: checking how to recognize dependent libraries
configure:5845: result: unknown
configure:5865: checking for arm-linux-eabi-ar
configure:5895: result: no
configure:5905: checking for ar
configure:5921: found /usr/bin/ar
configure:5932: result: ar
configure:5970: checking for arm-linux-eabi-strip
configure:5997: result: strip
configure:6069: checking for arm-linux-eabi-ranlib
configure:6099: result: no
configure:6109: checking for ranlib
configure:6125: found /usr/bin/ranlib
configure:6136: result: ranlib
configure:6226: checking command to parse link -dump -symbols output from gcc object
configure:6344: gcc -c -g -O2  conftest.c >&5
configure:6347: $? = 0
configure:6351: link -dump -symbols conftest.o \| sed -n -e 's/^.*[	 ]\([BCDEGRST][BCDEGRST]*\)[	 ][	 ]*\([_A-Za-z][_A-Za-z0-9]*\)$/\1 \2 \2/p' \> conftest.nm
link: invalid option -- 'd'
Try `link --help' for more information.
configure:6354: $? = 0
cannot run sed -n -e 's/^.*[	 ]\([BCDEGRST][BCDEGRST]*\)[	 ][	 ]*\([_A-Za-z][_A-Za-z0-9]*\)$/\1 \2 \2/p'
configure:6344: gcc -c -g -O2  conftest.c >&5
configure:6347: $? = 0
configure:6351: link -dump -symbols conftest.o \| sed -n -e 's/^.*[	 ]\([BCDEGRST][BCDEGRST]*\)[	 ][	 ]*_\([_A-Za-z][_A-Za-z0-9]*\)$/\1 _\2 \2/p' \> conftest.nm
link: invalid option -- 'd'
Try `link --help' for more information.
configure:6354: $? = 0
cannot run sed -n -e 's/^.*[	 ]\([BCDEGRST][BCDEGRST]*\)[	 ][	 ]*_\([_A-Za-z][_A-Za-z0-9]*\)$/\1 _\2 \2/p'
configure:6446: result: failed
configure:7258: checking how to run the C preprocessor
configure:7289: gcc -E  conftest.c
configure:7289: $? = 0
configure:7303: gcc -E  conftest.c
conftest.c:11:28: fatal error: ac_nonexistent.h: No such file or directory
 #include <ac_nonexistent.h>
                            ^
compilation terminated.
configure:7303: $? = 1
configure: failed program was:
| /* confdefs.h */
| #define PACKAGE_NAME "libgeotiff"
| #define PACKAGE_TARNAME "libgeotiff"
| #define PACKAGE_VERSION "1.4.0"
| #define PACKAGE_STRING "libgeotiff 1.4.0"
| #define PACKAGE_BUGREPORT "warmerdam@pobox.com"
| #define PACKAGE_URL ""
| #define PACKAGE "libgeotiff"
| #define VERSION "1.4.0"
| /* end confdefs.h.  */
| #include <ac_nonexistent.h>
configure:7328: result: gcc -E
configure:7348: gcc -E  conftest.c
configure:7348: $? = 0
configure:7362: gcc -E  conftest.c
conftest.c:11:28: fatal error: ac_nonexistent.h: No such file or directory
 #include <ac_nonexistent.h>
                            ^
compilation terminated.
configure:7362: $? = 1
configure: failed program was:
| /* confdefs.h */
| #define PACKAGE_NAME "libgeotiff"
| #define PACKAGE_TARNAME "libgeotiff"
| #define PACKAGE_VERSION "1.4.0"
| #define PACKAGE_STRING "libgeotiff 1.4.0"
| #define PACKAGE_BUGREPORT "warmerdam@pobox.com"
| #define PACKAGE_URL ""
| #define PACKAGE "libgeotiff"
| #define VERSION "1.4.0"
| /* end confdefs.h.  */
| #include <ac_nonexistent.h>
configure:7391: checking for ANSI C header files
configure:7411: gcc -c -g -O2  conftest.c >&5
configure:7411: $? = 0
configure:7495: result: yes
configure:7508: checking for sys/types.h
configure:7508: gcc -c -g -O2  conftest.c >&5
configure:7508: $? = 0
configure:7508: result: yes
configure:7508: checking for sys/stat.h
configure:7508: gcc -c -g -O2  conftest.c >&5
configure:7508: $? = 0
configure:7508: result: yes
configure:7508: checking for stdlib.h
configure:7508: gcc -c -g -O2  conftest.c >&5
configure:7508: $? = 0
configure:7508: result: yes
configure:7508: checking for string.h
configure:7508: gcc -c -g -O2  conftest.c >&5
configure:7508: $? = 0
configure:7508: result: yes
configure:7508: checking for memory.h
configure:7508: gcc -c -g -O2  conftest.c >&5
configure:7508: $? = 0
configure:7508: result: yes
configure:7508: checking for strings.h
configure:7508: gcc -c -g -O2  conftest.c >&5
configure:7508: $? = 0
configure:7508: result: yes
configure:7508: checking for inttypes.h
configure:7508: gcc -c -g -O2  conftest.c >&5
configure:7508: $? = 0
configure:7508: result: yes
configure:7508: checking for stdint.h
configure:7508: gcc -c -g -O2  conftest.c >&5
configure:7508: $? = 0
configure:7508: result: yes
configure:7508: checking for unistd.h
configure:7508: gcc -c -g -O2  conftest.c >&5
configure:7508: $? = 0
configure:7508: result: yes
configure:7523: checking for dlfcn.h
configure:7523: gcc -c -g -O2  conftest.c >&5
configure:7523: $? = 0
configure:7523: result: yes
configure:7648: checking for C++ compiler version
configure:7657: g++ --version >&5
g++ (Ubuntu 4.8.1-2ubuntu1~12.04) 4.8.1
Copyright (C) 2013 Free Software Foundation, Inc.
This is free software; see the source for copying conditions.  There is NO
warranty; not even for MERCHANTABILITY or FITNESS FOR A PARTICULAR PURPOSE.

configure:7668: $? = 0
configure:7657: g++ -v >&5
Using built-in specs.
COLLECT_GCC=g++
COLLECT_LTO_WRAPPER=/usr/lib/gcc/x86_64-linux-gnu/4.8/lto-wrapper
Target: x86_64-linux-gnu
Configured with: ../src/configure -v --with-pkgversion='Ubuntu 4.8.1-2ubuntu1~12.04' --with-bugurl=file:///usr/share/doc/gcc-4.8/README.Bugs --enable-languages=c,c++,java,go,d,fortran,objc,obj-c++ --prefix=/usr --program-suffix=-4.8 --enable-shared --enable-linker-build-id --libexecdir=/usr/lib --without-included-gettext --enable-threads=posix --with-gxx-include-dir=/usr/include/c++/4.8 --libdir=/usr/lib --enable-nls --with-sysroot=/ --enable-clocale=gnu --enable-libstdcxx-debug --enable-libstdcxx-time=yes --enable-gnu-unique-object --enable-plugin --with-system-zlib --disable-browser-plugin --enable-java-awt=gtk --enable-gtk-cairo --with-java-home=/usr/lib/jvm/java-1.5.0-gcj-4.8-amd64/jre --enable-java-home --with-jvm-root-dir=/usr/lib/jvm/java-1.5.0-gcj-4.8-amd64 --with-jvm-jar-dir=/usr/lib/jvm-exports/java-1.5.0-gcj-4.8-amd64 --with-arch-directory=amd64 --with-ecj-jar=/usr/share/java/eclipse-ecj.jar --enable-objc-gc --enable-multiarch --disable-werror --with-arch-32=i686 --with-abi=m64 --with-multilib-list=m32,m64 --with-tune=generic --enable-checking=release --build=x86_64-linux-gnu --host=x86_64-linux-gnu --target=x86_64-linux-gnu
Thread model: posix
gcc version 4.8.1 (Ubuntu 4.8.1-2ubuntu1~12.04) 
configure:7668: $? = 0
configure:7657: g++ -V >&5
g++: error: unrecognized command line option '-V'
g++: fatal error: no input files
compilation terminated.
configure:7668: $? = 4
configure:7657: g++ -qversion >&5
g++: error: unrecognized command line option '-qversion'
g++: fatal error: no input files
compilation terminated.
configure:7668: $? = 4
configure:7672: checking whether we are using the GNU C++ compiler
configure:7700: result: yes
configure:7709: checking whether g++ accepts -g
configure:7770: result: yes
configure:7795: checking dependency style of g++
configure:7905: result: gcc3
configure:7928: checking how to run the C++ preprocessor
configure:7994: result: g++ -E
configure:8014: g++ -E  conftest.cpp
configure:8014: $? = 0
configure:8028: g++ -E  conftest.cpp
conftest.cpp:22:28: fatal error: ac_nonexistent.h: No such file or directory
 #include <ac_nonexistent.h>
                            ^
compilation terminated.
configure:8028: $? = 1
configure: failed program was:
| /* confdefs.h */
| #define PACKAGE_NAME "libgeotiff"
| #define PACKAGE_TARNAME "libgeotiff"
| #define PACKAGE_VERSION "1.4.0"
| #define PACKAGE_STRING "libgeotiff 1.4.0"
| #define PACKAGE_BUGREPORT "warmerdam@pobox.com"
| #define PACKAGE_URL ""
| #define PACKAGE "libgeotiff"
| #define VERSION "1.4.0"
| #define STDC_HEADERS 1
| #define HAVE_SYS_TYPES_H 1
| #define HAVE_SYS_STAT_H 1
| #define HAVE_STDLIB_H 1
| #define HAVE_STRING_H 1
| #define HAVE_MEMORY_H 1
| #define HAVE_STRINGS_H 1
| #define HAVE_INTTYPES_H 1
| #define HAVE_STDINT_H 1
| #define HAVE_UNISTD_H 1
| #define HAVE_DLFCN_H 1
| /* end confdefs.h.  */
| #include <ac_nonexistent.h>
configure:8234: checking for objdir
configure:8249: result: .libs
configure:8541: checking if gcc supports -fno-rtti -fno-exceptions
configure:8559: gcc -c -g -O2  -fno-rtti -fno-exceptions conftest.c >&5
cc1: warning: command line option '-fno-rtti' is valid for C++/ObjC++ but not for C [enabled by default]
configure:8563: $? = 0
configure:8576: result: no
configure:8596: checking for gcc option to produce PIC
configure:8868: result: -fPIC -DPIC
configure:8880: checking if gcc PIC flag -fPIC -DPIC works
configure:8898: gcc -c -g -O2  -fPIC -DPIC -DPIC conftest.c >&5
configure:8902: $? = 0
configure:8915: result: yes
configure:8939: checking if gcc static flag -static works
configure:8967: result: yes
configure:8982: checking if gcc supports -c -o file.o
configure:9003: gcc -c -g -O2  -o out/conftest2.o conftest.c >&5
configure:9007: $? = 0
configure:9029: result: yes
configure:9037: checking if gcc supports -c -o file.o
configure:9084: result: yes
configure:9117: checking whether the gcc linker (/usr/bin/ld) supports shared libraries
configure:10108: result: yes
configure:10145: checking whether -lc should be explicitly linked in
configure:10150: gcc -c -g -O2  conftest.c >&5
configure:10153: $? = 0
configure:10168: gcc -shared conftest.o  -v -Wl,-soname -Wl,conftest -o conftest 2\>\&1 \| /bin/grep  -lc  \>/dev/null 2\>\&1
configure:10171: $? = 0
configure:10183: result: no
configure:10347: checking dynamic linker characteristics
configure:11010: result: no
configure:11112: checking how to hardcode library paths into programs
configure:11137: result: immediate
configure:11657: checking whether stripping libraries is possible
configure:11662: result: yes
configure:11697: checking if libtool supports shared libraries
configure:11699: result: no
configure:11702: checking whether to build shared libraries
configure:11723: result: no
configure:11726: checking whether to build static libraries
configure:11730: result: yes
configure:11880: checking for ld used by g++
configure:11947: result: /usr/bin/ld
configure:11954: checking if the linker (/usr/bin/ld) is GNU ld
configure:11969: result: yes
configure:12024: checking whether the g++ linker (/usr/bin/ld) supports shared libraries
configure:12937: result: no
configure:12965: g++ -c -g -O2  conftest.cpp >&5
configure:12968: $? = 0
configure:13150: checking for g++ option to produce PIC
configure:13467: result: -fPIC -DPIC
configure:13476: checking if g++ PIC flag -fPIC -DPIC works
configure:13494: g++ -c -g -O2  -fPIC -DPIC -DPIC conftest.cpp >&5
configure:13498: $? = 0
configure:13511: result: yes
configure:13532: checking if g++ static flag -static works
configure:13560: result: yes
configure:13572: checking if g++ supports -c -o file.o
configure:13593: g++ -c -g -O2  -o out/conftest2.o conftest.cpp >&5
configure:13597: $? = 0
configure:13619: result: yes
configure:13624: checking if g++ supports -c -o file.o
configure:13671: result: yes
configure:13701: checking whether the g++ linker (/usr/bin/ld) supports shared libraries
configure:13730: result: no
configure:13867: checking dynamic linker characteristics
configure:14478: result: no
configure:14529: checking how to hardcode library paths into programs
configure:14554: result: immediate
configure:14626: checking for string.h
configure:14626: result: yes
configure:14640: checking stdio.h usability
configure:14640: gcc -c -g -O2  conftest.c >&5
configure:14640: $? = 0
configure:14640: result: yes
configure:14640: checking stdio.h presence
configure:14640: gcc -E  conftest.c
configure:14640: $? = 0
configure:14640: result: yes
configure:14640: checking for stdio.h
configure:14640: result: yes
configure:14654: checking for stdlib.h
configure:14654: result: yes
configure:14669: checking locale.h usability
configure:14669: gcc -c -g -O2  conftest.c >&5
configure:14669: $? = 0
configure:14669: result: yes
configure:14669: checking locale.h presence
configure:14669: gcc -E  conftest.c
configure:14669: $? = 0
configure:14669: result: yes
configure:14669: checking for locale.h
configure:14669: result: yes
configure:14692: checking for debug enabled
configure:14703: result: no
configure:14708: checking for exp in -lm
configure:14733: gcc -o conftest -g -O2 -O3 -DNDEBUG   conftest.c -lm    >&5
conftest.c:34:6: warning: conflicting types for built-in function 'exp' [enabled by default]
 char exp ();
      ^
configure:14733: $? = 0
configure:14742: result: yes
configure:14865: checking for zlib
configure:14867: result: no
configure:14910: checking for jpeg
configure:14912: result: no
configure:15106: checking for TIFFOpen in -ltiff
configure:15131: gcc -o conftest -g -O2 -O3 -DNDEBUG   conftest.c -ltiff -lm -lm   >&5
configure:15131: $? = 0
configure:15140: result: yes
configure:15150: checking for TIFFMergeFieldInfo in -ltiff
configure:15175: gcc -o conftest -g -O2 -O3 -DNDEBUG   conftest.c -ltiff -lm -lm   >&5
configure:15175: $? = 0
configure:15184: result: yes
configure:15269: checking for pj_init in -lproj
configure:15294: gcc -o conftest -g -O2 -O3 -DNDEBUG   conftest.c -lproj -lm -lm   -ltiff >&5
configure:15294: $? = 0
configure:15303: result: yes
configure:15316: checking proj_api.h usability
configure:15316: gcc -c -g -O2 -O3 -DNDEBUG  conftest.c >&5
configure:15316: $? = 0
configure:15316: result: yes
configure:15316: checking proj_api.h presence
configure:15316: gcc -E  conftest.c
configure:15316: $? = 0
configure:15316: result: yes
configure:15316: checking for proj_api.h
configure:15316: result: yes
configure:15365: checking if EPSG tables will be read from .csv files
configure:15367: result: no
configure:15447: checking for arm-linux-eabi-doxygen
configure:15480: result: no
configure:15490: checking for doxygen
configure:15508: found /usr/bin/doxygen
configure:15520: result: /usr/bin/doxygen
configure:15553: checking for arm-linux-eabi-perl
configure:15586: result: no
configure:15596: checking for perl
configure:15614: found /usr/bin/perl
configure:15626: result: /usr/bin/perl
configure:15726: checking for arm-linux-eabi-dot
configure:15759: result: no
configure:15769: checking for dot
configure:15787: found /usr/bin/dot
configure:15799: result: /usr/bin/dot
configure:17566: creating ./config.status

## ---------------------- ##
## Running config.status. ##
## ---------------------- ##

This file was extended by libgeotiff config.status 1.4.0, which was
generated by GNU Autoconf 2.65.  Invocation command line was

  CONFIG_FILES    = 
  CONFIG_HEADERS  = 
  CONFIG_LINKS    = 
  CONFIG_COMMANDS = 
  $ ./config.status 

on mj10777-01-l

config.status:1212: creating Makefile
config.status:1212: creating libxtiff/Makefile
config.status:1212: creating bin/Makefile
config.status:1212: creating man/Makefile
config.status:1212: creating man/man1/Makefile
config.status:1212: creating cmake/Makefile
config.status:1212: creating geo_config.h
config.status:1384: geo_config.h is unchanged
config.status:1432: executing depfiles commands
config.status:1432: executing libtool commands

## ---------------- ##
## Cache variables. ##
## ---------------- ##

ac_cv_build=x86_64-pc-linux-gnu
ac_cv_c_compiler_gnu=yes
ac_cv_cxx_compiler_gnu=yes
ac_cv_env_CCC_set=
ac_cv_env_CCC_value=
ac_cv_env_CC_set=
ac_cv_env_CC_value=
ac_cv_env_CFLAGS_set=
ac_cv_env_CFLAGS_value=
ac_cv_env_CPPFLAGS_set=
ac_cv_env_CPPFLAGS_value=
ac_cv_env_CPP_set=
ac_cv_env_CPP_value=
ac_cv_env_CXXCPP_set=
ac_cv_env_CXXCPP_value=
ac_cv_env_CXXFLAGS_set=
ac_cv_env_CXXFLAGS_value=
ac_cv_env_CXX_set=
ac_cv_env_CXX_value=
ac_cv_env_DOXYGEN_PAPER_SIZE_set=
ac_cv_env_DOXYGEN_PAPER_SIZE_value=
ac_cv_env_LDFLAGS_set=
ac_cv_env_LDFLAGS_value=
ac_cv_env_LIBS_set=
ac_cv_env_LIBS_value=
ac_cv_env_build_alias_set=set
ac_cv_env_build_alias_value=x86_64-pc-linux-gnu
ac_cv_env_host_alias_set=set
ac_cv_env_host_alias_value=arm-linux-eabi
ac_cv_env_target_alias_set=
ac_cv_env_target_alias_value=
ac_cv_header_dlfcn_h=yes
ac_cv_header_inttypes_h=yes
ac_cv_header_locale_h=yes
ac_cv_header_memory_h=yes
ac_cv_header_proj_api_h=yes
ac_cv_header_stdc=yes
ac_cv_header_stdint_h=yes
ac_cv_header_stdio_h=yes
ac_cv_header_stdlib_h=yes
ac_cv_header_string_h=yes
ac_cv_header_strings_h=yes
ac_cv_header_sys_stat_h=yes
ac_cv_header_sys_types_h=yes
ac_cv_header_unistd_h=yes
ac_cv_host=arm-linux-eabi
ac_cv_lib_m_exp=yes
ac_cv_lib_proj_pj_init=yes
ac_cv_lib_tiff_TIFFMergeFieldInfo=yes
ac_cv_lib_tiff_TIFFOpen=yes
ac_cv_objext=o
ac_cv_path_EGREP='/bin/grep -E'
ac_cv_path_FGREP='/bin/grep -F'
ac_cv_path_GREP=/bin/grep
ac_cv_path_SED=/bin/sed
ac_cv_path_ac_pt_DX_DOT=/usr/bin/dot
ac_cv_path_ac_pt_DX_DOXYGEN=/usr/bin/doxygen
ac_cv_path_ac_pt_DX_PERL=/usr/bin/perl
ac_cv_path_install='/usr/bin/install -c'
ac_cv_path_mkdir=/bin/mkdir
ac_cv_prog_AWK=gawk
ac_cv_prog_CPP='gcc -E'
ac_cv_prog_CXXCPP='g++ -E'
ac_cv_prog_STRIP=strip
ac_cv_prog_ac_ct_AR=ar
ac_cv_prog_ac_ct_CC=gcc
ac_cv_prog_ac_ct_CXX=g++
ac_cv_prog_ac_ct_DUMPBIN='link -dump -symbols'
ac_cv_prog_ac_ct_OBJDUMP=objdump
ac_cv_prog_ac_ct_RANLIB=ranlib
ac_cv_prog_ac_ct_STRIP=strip
ac_cv_prog_cc_c89=
ac_cv_prog_cc_g=yes
ac_cv_prog_cxx_g=yes
ac_cv_prog_make_make_set=yes
am_cv_CC_dependencies_compiler_type=gcc3
am_cv_CXX_dependencies_compiler_type=gcc3
lt_cv_deplibs_check_method=unknown
lt_cv_file_magic_cmd='$MAGIC_CMD'
lt_cv_file_magic_test_file=
lt_cv_ld_reload_flag=-r
lt_cv_nm_interface='BSD nm'
lt_cv_objdir=.libs
lt_cv_path_LD=/usr/bin/ld
lt_cv_path_LDCXX=/usr/bin/ld
lt_cv_path_NM=no
lt_cv_prog_compiler_c_o=yes
lt_cv_prog_compiler_c_o_CXX=yes
lt_cv_prog_compiler_pic_works=yes
lt_cv_prog_compiler_pic_works_CXX=yes
lt_cv_prog_compiler_rtti_exceptions=no
lt_cv_prog_compiler_static_works=yes
lt_cv_prog_compiler_static_works_CXX=yes
lt_cv_prog_gnu_ld=yes
lt_cv_prog_gnu_ldcxx=yes
lt_cv_sys_global_symbol_pipe=
lt_cv_sys_global_symbol_to_c_name_address='sed -n -e '\''s/^: \([^ ]*\) $/  {\"\1\", (void *) 0},/p'\'' -e '\''s/^[BCDEGRST]* \([^ ]*\) \([^ ]*\)$/  {"\2", (void *) \&\2},/p'\'''
lt_cv_sys_global_symbol_to_c_name_address_lib_prefix='sed -n -e '\''s/^: \([^ ]*\) $/  {\"\1\", (void *) 0},/p'\'' -e '\''s/^[BCDEGRST]* \([^ ]*\) \(lib[^ ]*\)$/  {"\2", (void *) \&\2},/p'\'' -e '\''s/^[BCDEGRST]* \([^ ]*\) \([^ ]*\)$/  {"lib\2", (void *) \&\2},/p'\'''
lt_cv_sys_global_symbol_to_cdecl=
lt_cv_sys_max_cmd_len=1572864

## ----------------- ##
## Output variables. ##
## ----------------- ##

ACLOCAL='${SHELL} /home/mj10777/000_links/geopaparazzi/geopaparazzi.eu/libjsqlite-spatialite-android/libjsqlite-spatialite-android/spatialite-android-library/jni/libgeotiff-1.4.0/missing --run aclocal-1.11'
AMDEPBACKSLASH='\'
AMDEP_FALSE='#'
AMDEP_TRUE=''
AMTAR='${SHELL} /home/mj10777/000_links/geopaparazzi/geopaparazzi.eu/libjsqlite-spatialite-android/libjsqlite-spatialite-android/spatialite-android-library/jni/libgeotiff-1.4.0/missing --run tar'
AR='ar'
AUTOCONF='${SHELL} /home/mj10777/000_links/geopaparazzi/geopaparazzi.eu/libjsqlite-spatialite-android/libjsqlite-spatialite-android/spatialite-android-library/jni/libgeotiff-1.4.0/missing --run autoconf'
AUTOHEADER='${SHELL} /home/mj10777/000_links/geopaparazzi/geopaparazzi.eu/libjsqlite-spatialite-android/libjsqlite-spatialite-android/spatialite-android-library/jni/libgeotiff-1.4.0/missing --run autoheader'
AUTOMAKE='${SHELL} /home/mj10777/000_links/geopaparazzi/geopaparazzi.eu/libjsqlite-spatialite-android/libjsqlite-spatialite-android/spatialite-android-library/jni/libgeotiff-1.4.0/missing --run automake-1.11'
AWK='gawk'
CC='gcc'
CCDEPMODE='depmode=gcc3'
CFLAGS='-g -O2 -O3 -DNDEBUG'
CPP='gcc -E'
CPPFLAGS=''
CSV_IS_CONFIG_FALSE=''
CSV_IS_CONFIG_TRUE='#'
CXX='g++'
CXXCPP='g++ -E'
CXXDEPMODE='depmode=gcc3'
CXXFLAGS='-g -O2 -O3 -DNDEBUG'
CYGPATH_W='echo'
DEFS='-DHAVE_CONFIG_H'
DEPDIR='.deps'
DOXYGEN_PAPER_SIZE=''
DSYMUTIL=''
DUMPBIN='link -dump -symbols'
DX_COND_chi_FALSE=''
DX_COND_chi_TRUE='#'
DX_COND_chm_FALSE=''
DX_COND_chm_TRUE='#'
DX_COND_doc_FALSE='#'
DX_COND_doc_TRUE=''
DX_COND_dot_FALSE='#'
DX_COND_dot_TRUE=''
DX_COND_html_FALSE='#'
DX_COND_html_TRUE=''
DX_COND_latex_FALSE=''
DX_COND_latex_TRUE='#'
DX_COND_man_FALSE='#'
DX_COND_man_TRUE=''
DX_COND_pdf_FALSE=''
DX_COND_pdf_TRUE='#'
DX_COND_ps_FALSE=''
DX_COND_ps_TRUE='#'
DX_COND_rtf_FALSE=''
DX_COND_rtf_TRUE='#'
DX_COND_xml_FALSE=''
DX_COND_xml_TRUE='#'
DX_CONFIG='docs/Doxyfile'
DX_DOCDIR='docs/output'
DX_DOT='/usr/bin/dot'
DX_DOXYGEN='/usr/bin/doxygen'
DX_DVIPS=''
DX_EGREP=''
DX_ENV=' SRCDIR='\''.'\'' PROJECT='\''libgeotiff'\'' DOCDIR='\''docs/output'\'' VERSION='\''1.4.0'\'' PERL_PATH='\''/usr/bin/perl'\'' HAVE_DOT='\''YES'\'' DOT_PATH='\''/usr/bin'\'' GENERATE_MAN='\''YES'\'' GENERATE_RTF='\''NO'\'' GENERATE_XML='\''NO'\'' GENERATE_HTMLHELP='\''NO'\'' GENERATE_CHI='\''NO'\'' GENERATE_HTML='\''YES'\'' GENERATE_LATEX='\''NO'\'''
DX_FLAG_DX_CURRENT_FEATURE=''
DX_FLAG_chi='0'
DX_FLAG_chm='0'
DX_FLAG_doc='1'
DX_FLAG_dot='1'
DX_FLAG_html='1'
DX_FLAG_man='1'
DX_FLAG_pdf='0'
DX_FLAG_ps='0'
DX_FLAG_rtf='0'
DX_FLAG_xml='0'
DX_HHC=''
DX_LATEX=''
DX_MAKEINDEX=''
DX_PDFLATEX=''
DX_PERL='/usr/bin/perl'
DX_PROJECT='libgeotiff'
ECHO_C=''
ECHO_N='-n'
ECHO_T=''
EGREP='/bin/grep -E'
EXEEXT=''
FGREP='/bin/grep -F'
GREP='/bin/grep'
HAVE_LIBPROJ=''
INSTALL_DATA='${INSTALL} -m 644'
INSTALL_PROGRAM='${INSTALL}'
INSTALL_SCRIPT='${INSTALL}'
INSTALL_STRIP_PROGRAM='$(install_sh) -c -s'
JPEG_INC=''
JPEG_IS_CONFIG_FALSE=''
JPEG_IS_CONFIG_TRUE='#'
JPEG_PREFIX=''
LD='/usr/bin/ld'
LDFLAGS=''
LIBOBJS=''
LIBS='-lproj -lm   -ltiff'
LIBTOOL='$(SHELL) $(top_builddir)/libtool'
LIPO=''
LN_S='ln -s'
LTLIBOBJS=''
MAINT='#'
MAINTAINER_MODE_FALSE=''
MAINTAINER_MODE_TRUE='#'
MAKEINFO='${SHELL} /home/mj10777/000_links/geopaparazzi/geopaparazzi.eu/libjsqlite-spatialite-android/libjsqlite-spatialite-android/spatialite-android-library/jni/libgeotiff-1.4.0/missing --run makeinfo'
MKDIR_P='/bin/mkdir -p'
NM='link -dump -symbols'
NMEDIT=''
OBJDUMP='objdump'
OBJEXT='o'
OTOOL64=''
OTOOL=''
PACKAGE='libgeotiff'
PACKAGE_BUGREPORT='warmerdam@pobox.com'
PACKAGE_NAME='libgeotiff'
PACKAGE_STRING='libgeotiff 1.4.0'
PACKAGE_TARNAME='libgeotiff'
PACKAGE_URL=''
PACKAGE_VERSION='1.4.0'
PATH_SEPARATOR=':'
PROJECTS_H_IS_CONFIG_FALSE='#'
PROJECTS_H_IS_CONFIG_TRUE=''
PROJ_INC=''
PROJ_IS_CONFIG_FALSE='#'
PROJ_IS_CONFIG_TRUE=''
RANLIB='ranlib'
RELEASE_VERSION='1.4.0'
SED='/bin/sed'
SET_MAKE=''
SHELL='/bin/bash'
STRIP='strip'
TIFF_INC=''
TIFF_IS_CONFIG_FALSE='#'
TIFF_IS_CONFIG_TRUE=''
TIFF_PREFIX=''
VERSION='1.4.0'
ZIP_INC=''
ZIP_IS_CONFIG_FALSE=''
ZIP_IS_CONFIG_TRUE='#'
ZIP_PREFIX=''
ac_ct_CC='gcc'
ac_ct_CXX='g++'
ac_ct_DUMPBIN='link -dump -symbols'
am__EXEEXT_FALSE=''
am__EXEEXT_TRUE='#'
am__fastdepCC_FALSE='#'
am__fastdepCC_TRUE=''
am__fastdepCXX_FALSE='#'
am__fastdepCXX_TRUE=''
am__include='include'
am__isrc=''
am__leading_dot='.'
am__quote=''
am__tar='${AMTAR} chof - "$$tardir"'
am__untar='${AMTAR} xf -'
bindir='${exec_prefix}/bin'
build='x86_64-pc-linux-gnu'
build_alias='x86_64-pc-linux-gnu'
build_cpu='x86_64'
build_os='linux-gnu'
build_vendor='pc'
datadir='${datarootdir}'
datarootdir='${prefix}/share'
docdir='${datarootdir}/doc/${PACKAGE_TARNAME}'
dvidir='${docdir}'
exec_prefix='${prefix}'
host='arm-linux-eabi'
host_alias='arm-linux-eabi'
host_cpu='arm'
host_os='eabi'
host_vendor='linux'
htmldir='${docdir}'
includedir='${prefix}/include'
infodir='${datarootdir}/info'
install_sh='${SHELL} /home/mj10777/000_links/geopaparazzi/geopaparazzi.eu/libjsqlite-spatialite-android/libjsqlite-spatialite-android/spatialite-android-library/jni/libgeotiff-1.4.0/install-sh'
libdir='${exec_prefix}/lib'
libexecdir='${exec_prefix}/libexec'
localedir='${datarootdir}/locale'
localstatedir='${prefix}/var'
lt_ECHO='echo'
mandir='${datarootdir}/man'
mkdir_p='/bin/mkdir -p'
oldincludedir='/usr/include'
pdfdir='${docdir}'
prefix='/usr/local'
program_transform_name='s,x,x,'
psdir='${docdir}'
sbindir='${exec_prefix}/sbin'
sharedstatedir='${prefix}/com'
sysconfdir='${prefix}/etc'
target_alias=''

## ----------- ##
## confdefs.h. ##
## ----------- ##

/* confdefs.h */
#define PACKAGE_NAME "libgeotiff"
#define PACKAGE_TARNAME "libgeotiff"
#define PACKAGE_VERSION "1.4.0"
#define PACKAGE_STRING "libgeotiff 1.4.0"
#define PACKAGE_BUGREPORT "warmerdam@pobox.com"
#define PACKAGE_URL ""
#define PACKAGE "libgeotiff"
#define VERSION "1.4.0"
#define STDC_HEADERS 1
#define HAVE_SYS_TYPES_H 1
#define HAVE_SYS_STAT_H 1
#define HAVE_STDLIB_H 1
#define HAVE_STRING_H 1
#define HAVE_MEMORY_H 1
#define HAVE_STRINGS_H 1
#define HAVE_INTTYPES_H 1
#define HAVE_STDINT_H 1
#define HAVE_UNISTD_H 1
#define HAVE_DLFCN_H 1
#define LT_OBJDIR ".libs/"
#define HAVE_STRING_H 1
#define HAVE_STDIO_H 1
#define HAVE_STDLIB_H 1
#define HAVE_LOCALE_H 1
#define HAVE_LIBM 1
#define HAVE_LIBPROJ 1
#define HAVE_PROJ_API_H 1

configure: exit 0
