This file contains any messages produced by compilers while
running configure, to aid debugging if configure makes a mistake.

It was created by libspatialite configure 4.2.1-rc2, which was
generated by GNU Autoconf 2.69.  Invocation command line was

  $ ./configure --enable-examples=no --build=x86_64-pc-linux-gnu --host=arm-linux-eabi

## --------- ##
## Platform. ##
## --------- ##

hostname = mj10777-01-l
uname -m = x86_64
uname -r = 3.16.0-28-generic
uname -s = Linux
uname -v = #38-Ubuntu SMP Fri Dec 12 17:37:40 UTC 2014

/usr/bin/uname -p = unknown
/bin/uname -X     = unknown

/bin/arch              = unknown
/usr/bin/arch -k       = unknown
/usr/convex/getsysinfo = unknown
/usr/bin/hostinfo      = unknown
/bin/machine           = unknown
/usr/bin/oslevel       = unknown
/bin/universe          = unknown

PATH: /usr/local/pgsql/bin
PATH: /usr/local/pgsql/bin
PATH: /home/mj10777/bin
PATH: /usr/local/pgsql/bin
PATH: /usr/lib/lightdm/lightdm
PATH: /usr/local/sbin
PATH: /usr/local/bin
PATH: /usr/sbin
PATH: /usr/bin
PATH: /sbin
PATH: /bin
PATH: /usr/games
PATH: /home/mj10777/000_links/gnu_source/qt_dev/Qt5.1.0/5.1.0/gcc_64/bin
PATH: /home/mj10777/000_links/gnu_source/adt-bundle-linux/sdk
PATH: /home/mj10777/000_links/gnu_source/adt-bundle-linux/sdk/tools
PATH: /home/mj10777/000_links/gnu_source/adt-bundle-linux/sdk/platform-tools
PATH: /home/mj10777/000_links/gnu_source/adt-bundle-linux/sdk/tools
PATH: /home/mj10777/000_links/gnu_source/adt-bundle-linux/android-ndk-r9d
PATH: /home/mj10777/000_links/gnu_source/adt-bundle-linux/apache-ant/bin
PATH: /home/mj10777/000_links/gnu_source/adt-bundle-linux/android-studio/bin


## ----------- ##
## Core tests. ##
## ----------- ##

configure:2514: checking for a BSD-compatible install
configure:2582: result: /usr/bin/install -c
configure:2593: checking whether build environment is sane
configure:2648: result: yes
configure:2686: WARNING: 'missing' script is too old or missing
configure:2707: checking for arm-linux-eabi-strip
configure:2737: result: no
configure:2747: checking for strip
configure:2763: found /usr/bin/strip
configure:2774: result: strip
configure:2786: WARNING: using cross tools not prefixed with host triplet
configure:2799: checking for a thread-safe mkdir -p
configure:2838: result: /bin/mkdir -p
configure:2845: checking for gawk
configure:2861: found /usr/bin/gawk
configure:2872: result: gawk
configure:2883: checking whether make sets $(MAKE)
configure:2905: result: yes
configure:2934: checking whether make supports nested variables
configure:2951: result: yes
configure:3077: checking whether to enable maintainer-specific portions of Makefiles
configure:3086: result: no
configure:3147: checking for style of include used by make
configure:3175: result: GNU
configure:3206: checking for arm-linux-eabi-gcc
configure:3236: result: no
configure:3246: checking for gcc
configure:3262: found /usr/bin/gcc
configure:3273: result: gcc
configure:3502: checking for C compiler version
configure:3511: gcc --version >&5
gcc (Ubuntu 4.9.1-16ubuntu6) 4.9.1
Copyright (C) 2014 Free Software Foundation, Inc.
This is free software; see the source for copying conditions.  There is NO
warranty; not even for MERCHANTABILITY or FITNESS FOR A PARTICULAR PURPOSE.

configure:3522: $? = 0
configure:3511: gcc -v >&5
Using built-in specs.
COLLECT_GCC=gcc
COLLECT_LTO_WRAPPER=/usr/lib/gcc/x86_64-linux-gnu/4.9/lto-wrapper
Target: x86_64-linux-gnu
Configured with: ../src/configure -v --with-pkgversion='Ubuntu 4.9.1-16ubuntu6' --with-bugurl=file:///usr/share/doc/gcc-4.9/README.Bugs --enable-languages=c,c++,java,go,d,fortran,objc,obj-c++ --prefix=/usr --program-suffix=-4.9 --enable-shared --enable-linker-build-id --libexecdir=/usr/lib --without-included-gettext --enable-threads=posix --with-gxx-include-dir=/usr/include/c++/4.9 --libdir=/usr/lib --enable-nls --with-sysroot=/ --enable-clocale=gnu --enable-libstdcxx-debug --enable-libstdcxx-time=yes --enable-gnu-unique-object --disable-vtable-verify --enable-plugin --with-system-zlib --disable-browser-plugin --enable-java-awt=gtk --enable-gtk-cairo --with-java-home=/usr/lib/jvm/java-1.5.0-gcj-4.9-amd64/jre --enable-java-home --with-jvm-root-dir=/usr/lib/jvm/java-1.5.0-gcj-4.9-amd64 --with-jvm-jar-dir=/usr/lib/jvm-exports/java-1.5.0-gcj-4.9-amd64 --with-arch-directory=amd64 --with-ecj-jar=/usr/share/java/eclipse-ecj.jar --enable-objc-gc --enable-multiarch --disable-werror --with-arch-32=i686 --with-abi=m64 --with-multilib-list=m32,m64,mx32 --enable-multilib --with-tune=generic --enable-checking=release --build=x86_64-linux-gnu --host=x86_64-linux-gnu --target=x86_64-linux-gnu
Thread model: posix
gcc version 4.9.1 (Ubuntu 4.9.1-16ubuntu6) 
configure:3522: $? = 0
configure:3511: gcc -V >&5
gcc: error: unrecognized command line option '-V'
gcc: fatal error: no input files
compilation terminated.
configure:3522: $? = 4
configure:3511: gcc -qversion >&5
gcc: error: unrecognized command line option '-qversion'
gcc: fatal error: no input files
compilation terminated.
configure:3522: $? = 4
configure:3542: checking whether the C compiler works
configure:3564: gcc    conftest.c  >&5
configure:3568: $? = 0
configure:3616: result: yes
configure:3619: checking for C compiler default output file name
configure:3621: result: a.out
configure:3627: checking for suffix of executables
configure:3634: gcc -o conftest    conftest.c  >&5
configure:3638: $? = 0
configure:3660: result: 
configure:3682: checking whether we are cross compiling
configure:3720: result: yes
configure:3725: checking for suffix of object files
configure:3747: gcc -c   conftest.c >&5
configure:3751: $? = 0
configure:3772: result: o
configure:3776: checking whether we are using the GNU C compiler
configure:3795: gcc -c   conftest.c >&5
configure:3795: $? = 0
configure:3804: result: yes
configure:3813: checking whether gcc accepts -g
configure:3833: gcc -c -g  conftest.c >&5
configure:3833: $? = 0
configure:3874: result: yes
configure:3891: checking for gcc option to accept ISO C89
configure:3954: gcc  -c -g -O2  conftest.c >&5
configure:3954: $? = 0
configure:3967: result: none needed
configure:3992: checking whether gcc understands -c and -o together
configure:4014: gcc -c conftest.c -o conftest2.o
configure:4017: $? = 0
configure:4014: gcc -c conftest.c -o conftest2.o
configure:4017: $? = 0
configure:4029: result: yes
configure:4048: checking dependency style of gcc
configure:4159: result: gcc3
configure:4180: checking how to run the C preprocessor
configure:4211: gcc -E  conftest.c
configure:4211: $? = 0
configure:4225: gcc -E  conftest.c
conftest.c:15:28: fatal error: ac_nonexistent.h: No such file or directory
 #include <ac_nonexistent.h>
                            ^
compilation terminated.
configure:4225: $? = 1
configure: failed program was:
| /* confdefs.h */
| #define PACKAGE_NAME "libspatialite"
| #define PACKAGE_TARNAME "libspatialite"
| #define PACKAGE_VERSION "4.2.1-rc2"
| #define PACKAGE_STRING "libspatialite 4.2.1-rc2"
| #define PACKAGE_BUGREPORT "a.furieri@lqt.it"
| #define PACKAGE_URL ""
| #define PACKAGE "libspatialite"
| #define VERSION "4.2.1-rc2"
| #define _LARGE_FILE 1
| #define _FILE_OFFSET_BITS 64
| #define _LARGEFILE_SOURCE 1
| #define NDEBUG 1
| /* end confdefs.h.  */
| #include <ac_nonexistent.h>
configure:4250: result: gcc -E
configure:4270: gcc -E  conftest.c
configure:4270: $? = 0
configure:4284: gcc -E  conftest.c
conftest.c:15:28: fatal error: ac_nonexistent.h: No such file or directory
 #include <ac_nonexistent.h>
                            ^
compilation terminated.
configure:4284: $? = 1
configure: failed program was:
| /* confdefs.h */
| #define PACKAGE_NAME "libspatialite"
| #define PACKAGE_TARNAME "libspatialite"
| #define PACKAGE_VERSION "4.2.1-rc2"
| #define PACKAGE_STRING "libspatialite 4.2.1-rc2"
| #define PACKAGE_BUGREPORT "a.furieri@lqt.it"
| #define PACKAGE_URL ""
| #define PACKAGE "libspatialite"
| #define VERSION "4.2.1-rc2"
| #define _LARGE_FILE 1
| #define _FILE_OFFSET_BITS 64
| #define _LARGEFILE_SOURCE 1
| #define NDEBUG 1
| /* end confdefs.h.  */
| #include <ac_nonexistent.h>
configure:4313: checking for grep that handles long lines and -e
configure:4371: result: /bin/grep
configure:4376: checking for egrep
configure:4438: result: /bin/grep -E
configure:4443: checking for ANSI C header files
configure:4463: gcc -c -g -O2  conftest.c >&5
configure:4463: $? = 0
configure:4547: result: yes
configure:4560: checking for sys/types.h
configure:4560: gcc -c -g -O2  conftest.c >&5
configure:4560: $? = 0
configure:4560: result: yes
configure:4560: checking for sys/stat.h
configure:4560: gcc -c -g -O2  conftest.c >&5
configure:4560: $? = 0
configure:4560: result: yes
configure:4560: checking for stdlib.h
configure:4560: gcc -c -g -O2  conftest.c >&5
configure:4560: $? = 0
configure:4560: result: yes
configure:4560: checking for string.h
configure:4560: gcc -c -g -O2  conftest.c >&5
configure:4560: $? = 0
configure:4560: result: yes
configure:4560: checking for memory.h
configure:4560: gcc -c -g -O2  conftest.c >&5
configure:4560: $? = 0
configure:4560: result: yes
configure:4560: checking for strings.h
configure:4560: gcc -c -g -O2  conftest.c >&5
configure:4560: $? = 0
configure:4560: result: yes
configure:4560: checking for inttypes.h
configure:4560: gcc -c -g -O2  conftest.c >&5
configure:4560: $? = 0
configure:4560: result: yes
configure:4560: checking for stdint.h
configure:4560: gcc -c -g -O2  conftest.c >&5
configure:4560: $? = 0
configure:4560: result: yes
configure:4560: checking for unistd.h
configure:4560: gcc -c -g -O2  conftest.c >&5
configure:4560: $? = 0
configure:4560: result: yes
configure:4574: checking for stdlib.h
configure:4574: result: yes
configure:4588: checking stdio.h usability
configure:4588: gcc -c -g -O2  conftest.c >&5
configure:4588: $? = 0
configure:4588: result: yes
configure:4588: checking stdio.h presence
configure:4588: gcc -E  conftest.c
configure:4588: $? = 0
configure:4588: result: yes
configure:4588: checking for stdio.h
configure:4588: result: yes
configure:4602: checking for string.h
configure:4602: result: yes
configure:4616: checking for memory.h
configure:4616: result: yes
configure:4630: checking math.h usability
configure:4630: gcc -c -g -O2  conftest.c >&5
configure:4630: $? = 0
configure:4630: result: yes
configure:4630: checking math.h presence
configure:4630: gcc -E  conftest.c
configure:4630: $? = 0
configure:4630: result: yes
configure:4630: checking for math.h
configure:4630: result: yes
configure:4644: checking float.h usability
configure:4644: gcc -c -g -O2  conftest.c >&5
configure:4644: $? = 0
configure:4644: result: yes
configure:4644: checking float.h presence
configure:4644: gcc -E  conftest.c
configure:4644: $? = 0
configure:4644: result: yes
configure:4644: checking for float.h
configure:4644: result: yes
configure:4658: checking fcntl.h usability
configure:4658: gcc -c -g -O2  conftest.c >&5
configure:4658: $? = 0
configure:4658: result: yes
configure:4658: checking fcntl.h presence
configure:4658: gcc -E  conftest.c
configure:4658: $? = 0
configure:4658: result: yes
configure:4658: checking for fcntl.h
configure:4658: result: yes
configure:4672: checking for inttypes.h
configure:4672: result: yes
configure:4686: checking stddef.h usability
configure:4686: gcc -c -g -O2  conftest.c >&5
configure:4686: $? = 0
configure:4686: result: yes
configure:4686: checking stddef.h presence
configure:4686: gcc -E  conftest.c
configure:4686: $? = 0
configure:4686: result: yes
configure:4686: checking for stddef.h
configure:4686: result: yes
configure:4700: checking for stdint.h
configure:4700: result: yes
configure:4714: checking sys/time.h usability
configure:4714: gcc -c -g -O2  conftest.c >&5
configure:4714: $? = 0
configure:4714: result: yes
configure:4714: checking sys/time.h presence
configure:4714: gcc -E  conftest.c
configure:4714: $? = 0
configure:4714: result: yes
configure:4714: checking for sys/time.h
configure:4714: result: yes
configure:4728: checking for unistd.h
configure:4728: result: yes
configure:4742: checking sqlite3.h usability
configure:4742: gcc -c -g -O2  conftest.c >&5
configure:4742: $? = 0
configure:4742: result: yes
configure:4742: checking sqlite3.h presence
configure:4742: gcc -E  conftest.c
configure:4742: $? = 0
configure:4742: result: yes
configure:4742: checking for sqlite3.h
configure:4742: result: yes
configure:4756: checking sqlite3ext.h usability
configure:4756: gcc -c -g -O2  conftest.c >&5
configure:4756: $? = 0
configure:4756: result: yes
configure:4756: checking sqlite3ext.h presence
configure:4756: gcc -E  conftest.c
configure:4756: $? = 0
configure:4756: result: yes
configure:4756: checking for sqlite3ext.h
configure:4756: result: yes
configure:4770: checking zlib.h usability
configure:4770: gcc -c -g -O2  conftest.c >&5
configure:4770: $? = 0
configure:4770: result: yes
configure:4770: checking zlib.h presence
configure:4770: gcc -E  conftest.c
configure:4770: $? = 0
configure:4770: result: yes
configure:4770: checking for zlib.h
configure:4770: result: yes
configure:4799: checking for arm-linux-eabi-g++
configure:4829: result: no
configure:4799: checking for arm-linux-eabi-c++
configure:4829: result: no
configure:4799: checking for arm-linux-eabi-gpp
configure:4829: result: no
configure:4799: checking for arm-linux-eabi-aCC
configure:4829: result: no
configure:4799: checking for arm-linux-eabi-CC
configure:4829: result: no
configure:4799: checking for arm-linux-eabi-cxx
configure:4829: result: no
configure:4799: checking for arm-linux-eabi-cc++
configure:4829: result: no
configure:4799: checking for arm-linux-eabi-cl.exe
configure:4829: result: no
configure:4799: checking for arm-linux-eabi-FCC
configure:4829: result: no
configure:4799: checking for arm-linux-eabi-KCC
configure:4829: result: no
configure:4799: checking for arm-linux-eabi-RCC
configure:4829: result: no
configure:4799: checking for arm-linux-eabi-xlC_r
configure:4829: result: no
configure:4799: checking for arm-linux-eabi-xlC
configure:4829: result: no
configure:4843: checking for g++
configure:4859: found /usr/bin/g++
configure:4870: result: g++
configure:4897: checking for C++ compiler version
configure:4906: g++ --version >&5
g++ (Ubuntu 4.9.1-16ubuntu6) 4.9.1
Copyright (C) 2014 Free Software Foundation, Inc.
This is free software; see the source for copying conditions.  There is NO
warranty; not even for MERCHANTABILITY or FITNESS FOR A PARTICULAR PURPOSE.

configure:4917: $? = 0
configure:4906: g++ -v >&5
Using built-in specs.
COLLECT_GCC=g++
COLLECT_LTO_WRAPPER=/usr/lib/gcc/x86_64-linux-gnu/4.9/lto-wrapper
Target: x86_64-linux-gnu
Configured with: ../src/configure -v --with-pkgversion='Ubuntu 4.9.1-16ubuntu6' --with-bugurl=file:///usr/share/doc/gcc-4.9/README.Bugs --enable-languages=c,c++,java,go,d,fortran,objc,obj-c++ --prefix=/usr --program-suffix=-4.9 --enable-shared --enable-linker-build-id --libexecdir=/usr/lib --without-included-gettext --enable-threads=posix --with-gxx-include-dir=/usr/include/c++/4.9 --libdir=/usr/lib --enable-nls --with-sysroot=/ --enable-clocale=gnu --enable-libstdcxx-debug --enable-libstdcxx-time=yes --enable-gnu-unique-object --disable-vtable-verify --enable-plugin --with-system-zlib --disable-browser-plugin --enable-java-awt=gtk --enable-gtk-cairo --with-java-home=/usr/lib/jvm/java-1.5.0-gcj-4.9-amd64/jre --enable-java-home --with-jvm-root-dir=/usr/lib/jvm/java-1.5.0-gcj-4.9-amd64 --with-jvm-jar-dir=/usr/lib/jvm-exports/java-1.5.0-gcj-4.9-amd64 --with-arch-directory=amd64 --with-ecj-jar=/usr/share/java/eclipse-ecj.jar --enable-objc-gc --enable-multiarch --disable-werror --with-arch-32=i686 --with-abi=m64 --with-multilib-list=m32,m64,mx32 --enable-multilib --with-tune=generic --enable-checking=release --build=x86_64-linux-gnu --host=x86_64-linux-gnu --target=x86_64-linux-gnu
Thread model: posix
gcc version 4.9.1 (Ubuntu 4.9.1-16ubuntu6) 
configure:4917: $? = 0
configure:4906: g++ -V >&5
g++: error: unrecognized command line option '-V'
g++: fatal error: no input files
compilation terminated.
configure:4917: $? = 4
configure:4906: g++ -qversion >&5
g++: error: unrecognized command line option '-qversion'
g++: fatal error: no input files
compilation terminated.
configure:4917: $? = 4
configure:4921: checking whether we are using the GNU C++ compiler
configure:4940: g++ -c   conftest.cpp >&5
configure:4940: $? = 0
configure:4949: result: yes
configure:4958: checking whether g++ accepts -g
configure:4978: g++ -c -g  conftest.cpp >&5
configure:4978: $? = 0
configure:5019: result: yes
configure:5044: checking dependency style of g++
configure:5155: result: gcc3
configure:5178: checking for arm-linux-eabi-gcc
configure:5205: result: gcc
configure:5474: checking for C compiler version
configure:5483: gcc --version >&5
gcc (Ubuntu 4.9.1-16ubuntu6) 4.9.1
Copyright (C) 2014 Free Software Foundation, Inc.
This is free software; see the source for copying conditions.  There is NO
warranty; not even for MERCHANTABILITY or FITNESS FOR A PARTICULAR PURPOSE.

configure:5494: $? = 0
configure:5483: gcc -v >&5
Using built-in specs.
COLLECT_GCC=gcc
COLLECT_LTO_WRAPPER=/usr/lib/gcc/x86_64-linux-gnu/4.9/lto-wrapper
Target: x86_64-linux-gnu
Configured with: ../src/configure -v --with-pkgversion='Ubuntu 4.9.1-16ubuntu6' --with-bugurl=file:///usr/share/doc/gcc-4.9/README.Bugs --enable-languages=c,c++,java,go,d,fortran,objc,obj-c++ --prefix=/usr --program-suffix=-4.9 --enable-shared --enable-linker-build-id --libexecdir=/usr/lib --without-included-gettext --enable-threads=posix --with-gxx-include-dir=/usr/include/c++/4.9 --libdir=/usr/lib --enable-nls --with-sysroot=/ --enable-clocale=gnu --enable-libstdcxx-debug --enable-libstdcxx-time=yes --enable-gnu-unique-object --disable-vtable-verify --enable-plugin --with-system-zlib --disable-browser-plugin --enable-java-awt=gtk --enable-gtk-cairo --with-java-home=/usr/lib/jvm/java-1.5.0-gcj-4.9-amd64/jre --enable-java-home --with-jvm-root-dir=/usr/lib/jvm/java-1.5.0-gcj-4.9-amd64 --with-jvm-jar-dir=/usr/lib/jvm-exports/java-1.5.0-gcj-4.9-amd64 --with-arch-directory=amd64 --with-ecj-jar=/usr/share/java/eclipse-ecj.jar --enable-objc-gc --enable-multiarch --disable-werror --with-arch-32=i686 --with-abi=m64 --with-multilib-list=m32,m64,mx32 --enable-multilib --with-tune=generic --enable-checking=release --build=x86_64-linux-gnu --host=x86_64-linux-gnu --target=x86_64-linux-gnu
Thread model: posix
gcc version 4.9.1 (Ubuntu 4.9.1-16ubuntu6) 
configure:5494: $? = 0
configure:5483: gcc -V >&5
gcc: error: unrecognized command line option '-V'
gcc: fatal error: no input files
compilation terminated.
configure:5494: $? = 4
configure:5483: gcc -qversion >&5
gcc: error: unrecognized command line option '-qversion'
gcc: fatal error: no input files
compilation terminated.
configure:5494: $? = 4
configure:5498: checking whether we are using the GNU C compiler
configure:5526: result: yes
configure:5535: checking whether gcc accepts -g
configure:5596: result: yes
configure:5613: checking for gcc option to accept ISO C89
configure:5689: result: none needed
configure:5714: checking whether gcc understands -c and -o together
configure:5751: result: yes
configure:5770: checking dependency style of gcc
configure:5881: result: gcc3
configure:5901: checking how to run the C preprocessor
configure:5971: result: gcc -E
configure:5991: gcc -E  conftest.c
configure:5991: $? = 0
configure:6005: gcc -E  conftest.c
conftest.c:40:28: fatal error: ac_nonexistent.h: No such file or directory
 #include <ac_nonexistent.h>
                            ^
compilation terminated.
configure:6005: $? = 1
configure: failed program was:
| /* confdefs.h */
| #define PACKAGE_NAME "libspatialite"
| #define PACKAGE_TARNAME "libspatialite"
| #define PACKAGE_VERSION "4.2.1-rc2"
| #define PACKAGE_STRING "libspatialite 4.2.1-rc2"
| #define PACKAGE_BUGREPORT "a.furieri@lqt.it"
| #define PACKAGE_URL ""
| #define PACKAGE "libspatialite"
| #define VERSION "4.2.1-rc2"
| #define _LARGE_FILE 1
| #define _FILE_OFFSET_BITS 64
| #define _LARGEFILE_SOURCE 1
| #define NDEBUG 1
| #define STDC_HEADERS 1
| #define HAVE_SYS_TYPES_H 1
| #define HAVE_SYS_STAT_H 1
| #define HAVE_STDLIB_H 1
| #define HAVE_STRING_H 1
| #define HAVE_MEMORY_H 1
| #define HAVE_STRINGS_H 1
| #define HAVE_INTTYPES_H 1
| #define HAVE_STDINT_H 1
| #define HAVE_UNISTD_H 1
| #define HAVE_STDLIB_H 1
| #define HAVE_STDIO_H 1
| #define HAVE_STRING_H 1
| #define HAVE_MEMORY_H 1
| #define HAVE_MATH_H 1
| #define HAVE_FLOAT_H 1
| #define HAVE_FCNTL_H 1
| #define HAVE_INTTYPES_H 1
| #define HAVE_STDDEF_H 1
| #define HAVE_STDINT_H 1
| #define HAVE_SYS_TIME_H 1
| #define HAVE_UNISTD_H 1
| #define HAVE_SQLITE3_H 1
| #define HAVE_SQLITE3EXT_H 1
| #define HAVE_ZLIB_H 1
| /* end confdefs.h.  */
| #include <ac_nonexistent.h>
configure:6034: checking whether ln -s works
configure:6038: result: yes
configure:6045: checking whether make sets $(MAKE)
configure:6067: result: yes
configure:6080: checking build system type
configure:6094: result: x86_64-pc-linux-gnu
configure:6114: checking host system type
configure:6127: result: arm-linux-eabi
configure:6496: checking how to print strings
configure:6523: result: printf
configure:6544: checking for a sed that does not truncate output
configure:6608: result: /bin/sed
configure:6626: checking for fgrep
configure:6688: result: /bin/grep -F
configure:6723: checking for ld used by gcc
configure:6790: result: /usr/bin/ld
configure:6797: checking if the linker (/usr/bin/ld) is GNU ld
configure:6812: result: yes
configure:6824: checking for BSD- or MS-compatible name lister (nm)
configure:6873: result: no
configure:6887: checking for arm-linux-eabi-dumpbin
configure:6917: result: no
configure:6887: checking for arm-linux-eabi-link
configure:6917: result: no
configure:6931: checking for dumpbin
configure:6961: result: no
configure:6931: checking for link
configure:6947: found /usr/bin/link
configure:6958: result: link -dump
configure:7003: checking the name lister (nm) interface
configure:7010: gcc -c -g -O2  conftest.c >&5
configure:7013: nm "conftest.o"
configure:7016: output
0000000000000000 B some_variable
configure:7023: result: BSD nm
configure:7027: checking the maximum length of command line arguments
configure:7152: result: 1572864
configure:7169: checking whether the shell understands some XSI constructs
configure:7179: result: yes
configure:7183: checking whether the shell understands "+="
configure:7189: result: yes
configure:7224: checking how to convert x86_64-pc-linux-gnu file names to arm-linux-eabi format
configure:7264: result: func_convert_file_noop
configure:7271: checking how to convert x86_64-pc-linux-gnu file names to toolchain format
configure:7291: result: func_convert_file_noop
configure:7298: checking for /usr/bin/ld option to reload object files
configure:7305: result: -r
configure:7339: checking for arm-linux-eabi-objdump
configure:7366: result: objdump
configure:7435: checking how to recognize dependent libraries
configure:7637: result: unknown
configure:7682: checking for arm-linux-eabi-dlltool
configure:7709: result: dlltool
configure:7779: checking how to associate runtime and link libraries
configure:7806: result: printf %s\n
configure:7822: checking for arm-linux-eabi-ar
configure:7852: result: no
configure:7866: checking for ar
configure:7882: found /usr/bin/ar
configure:7893: result: ar
configure:7930: checking for archiver @FILE support
configure:7947: gcc -c -g -O2  conftest.c >&5
configure:7947: $? = 0
configure:7950: ar cru libconftest.a @conftest.lst >&5
configure:7953: $? = 0
configure:7958: ar cru libconftest.a @conftest.lst >&5
ar: conftest.o: No such file or directory
configure:7961: $? = 1
configure:7973: result: @
configure:7991: checking for arm-linux-eabi-strip
configure:8018: result: strip
configure:8090: checking for arm-linux-eabi-ranlib
configure:8120: result: no
configure:8130: checking for ranlib
configure:8146: found /usr/bin/ranlib
configure:8157: result: ranlib
configure:8259: checking command to parse nm output from gcc object
configure:8378: gcc -c -g -O2  conftest.c >&5
configure:8381: $? = 0
configure:8385: nm conftest.o \| sed -n -e 's/^.*[ ]\([ABCDGIRSTW][ABCDGIRSTW]*\)[ ][ ]*\([_A-Za-z][_A-Za-z0-9]*\)$/\1 \2 \2/p' | sed '/ __gnu_lto/d' \> conftest.nm
configure:8388: $? = 0
configure:8454: gcc -o conftest -g -O2   conftest.c conftstm.o >&5
configure:8457: $? = 0
configure:8495: result: ok
configure:8532: checking for sysroot
configure:8562: result: no
configure:8765: checking for arm-linux-eabi-mt
configure:8795: result: no
configure:8805: checking for mt
configure:8821: found /bin/mt
configure:8832: result: mt
configure:8855: checking if mt is a manifest tool
configure:8861: mt '-?'
configure:8869: result: no
configure:9498: checking for dlfcn.h
configure:9498: gcc -c -g -O2  conftest.c >&5
configure:9498: $? = 0
configure:9498: result: yes
configure:9694: checking for objdir
configure:9709: result: .libs
configure:9980: checking if gcc supports -fno-rtti -fno-exceptions
configure:9998: gcc -c -g -O2  -fno-rtti -fno-exceptions conftest.c >&5
cc1: warning: command line option '-fno-rtti' is valid for C++/ObjC++ but not for C
configure:10002: $? = 0
configure:10015: result: no
configure:10325: checking for gcc option to produce PIC
configure:10332: result: -fPIC -DPIC
configure:10340: checking if gcc PIC flag -fPIC -DPIC works
configure:10358: gcc -c -g -O2  -fPIC -DPIC -DPIC conftest.c >&5
configure:10362: $? = 0
configure:10375: result: yes
configure:10404: checking if gcc static flag -static works
configure:10432: result: yes
configure:10447: checking if gcc supports -c -o file.o
configure:10468: gcc -c -g -O2  -o out/conftest2.o conftest.c >&5
configure:10472: $? = 0
configure:10494: result: yes
configure:10502: checking if gcc supports -c -o file.o
configure:10549: result: yes
configure:10582: checking whether the gcc linker (/usr/bin/ld) supports shared libraries
configure:11740: result: yes
configure:11777: checking whether -lc should be explicitly linked in
configure:11785: gcc -c -g -O2  conftest.c >&5
configure:11788: $? = 0
configure:11803: gcc -shared  -fPIC -DPIC conftest.o  -v -Wl,-soname -Wl,conftest -o conftest 2\>\&1 \| /bin/grep  -lc  \>/dev/null 2\>\&1
configure:11806: $? = 0
configure:11820: result: no
configure:11985: checking dynamic linker characteristics
configure:12725: result: no
configure:12832: checking how to hardcode library paths into programs
configure:12857: result: immediate
configure:13397: checking whether stripping libraries is possible
configure:13402: result: yes
configure:13437: checking if libtool supports shared libraries
configure:13439: result: no
configure:13442: checking whether to build shared libraries
configure:13463: result: no
configure:13466: checking whether to build static libraries
configure:13470: result: yes
configure:13493: checking how to run the C++ preprocessor
configure:13520: g++ -E  conftest.cpp
configure:13520: $? = 0
configure:13534: g++ -E  conftest.cpp
conftest.cpp:42:28: fatal error: ac_nonexistent.h: No such file or directory
 #include <ac_nonexistent.h>
                            ^
compilation terminated.
configure:13534: $? = 1
configure: failed program was:
| /* confdefs.h */
| #define PACKAGE_NAME "libspatialite"
| #define PACKAGE_TARNAME "libspatialite"
| #define PACKAGE_VERSION "4.2.1-rc2"
| #define PACKAGE_STRING "libspatialite 4.2.1-rc2"
| #define PACKAGE_BUGREPORT "a.furieri@lqt.it"
| #define PACKAGE_URL ""
| #define PACKAGE "libspatialite"
| #define VERSION "4.2.1-rc2"
| #define _LARGE_FILE 1
| #define _FILE_OFFSET_BITS 64
| #define _LARGEFILE_SOURCE 1
| #define NDEBUG 1
| #define STDC_HEADERS 1
| #define HAVE_SYS_TYPES_H 1
| #define HAVE_SYS_STAT_H 1
| #define HAVE_STDLIB_H 1
| #define HAVE_STRING_H 1
| #define HAVE_MEMORY_H 1
| #define HAVE_STRINGS_H 1
| #define HAVE_INTTYPES_H 1
| #define HAVE_STDINT_H 1
| #define HAVE_UNISTD_H 1
| #define HAVE_STDLIB_H 1
| #define HAVE_STDIO_H 1
| #define HAVE_STRING_H 1
| #define HAVE_MEMORY_H 1
| #define HAVE_MATH_H 1
| #define HAVE_FLOAT_H 1
| #define HAVE_FCNTL_H 1
| #define HAVE_INTTYPES_H 1
| #define HAVE_STDDEF_H 1
| #define HAVE_STDINT_H 1
| #define HAVE_SYS_TIME_H 1
| #define HAVE_UNISTD_H 1
| #define HAVE_SQLITE3_H 1
| #define HAVE_SQLITE3EXT_H 1
| #define HAVE_ZLIB_H 1
| #define HAVE_DLFCN_H 1
| #define LT_OBJDIR ".libs/"
| /* end confdefs.h.  */
| #include <ac_nonexistent.h>
configure:13559: result: g++ -E
configure:13579: g++ -E  conftest.cpp
configure:13579: $? = 0
configure:13593: g++ -E  conftest.cpp
conftest.cpp:42:28: fatal error: ac_nonexistent.h: No such file or directory
 #include <ac_nonexistent.h>
                            ^
compilation terminated.
configure:13593: $? = 1
configure: failed program was:
| /* confdefs.h */
| #define PACKAGE_NAME "libspatialite"
| #define PACKAGE_TARNAME "libspatialite"
| #define PACKAGE_VERSION "4.2.1-rc2"
| #define PACKAGE_STRING "libspatialite 4.2.1-rc2"
| #define PACKAGE_BUGREPORT "a.furieri@lqt.it"
| #define PACKAGE_URL ""
| #define PACKAGE "libspatialite"
| #define VERSION "4.2.1-rc2"
| #define _LARGE_FILE 1
| #define _FILE_OFFSET_BITS 64
| #define _LARGEFILE_SOURCE 1
| #define NDEBUG 1
| #define STDC_HEADERS 1
| #define HAVE_SYS_TYPES_H 1
| #define HAVE_SYS_STAT_H 1
| #define HAVE_STDLIB_H 1
| #define HAVE_STRING_H 1
| #define HAVE_MEMORY_H 1
| #define HAVE_STRINGS_H 1
| #define HAVE_INTTYPES_H 1
| #define HAVE_STDINT_H 1
| #define HAVE_UNISTD_H 1
| #define HAVE_STDLIB_H 1
| #define HAVE_STDIO_H 1
| #define HAVE_STRING_H 1
| #define HAVE_MEMORY_H 1
| #define HAVE_MATH_H 1
| #define HAVE_FLOAT_H 1
| #define HAVE_FCNTL_H 1
| #define HAVE_INTTYPES_H 1
| #define HAVE_STDDEF_H 1
| #define HAVE_STDINT_H 1
| #define HAVE_SYS_TIME_H 1
| #define HAVE_UNISTD_H 1
| #define HAVE_SQLITE3_H 1
| #define HAVE_SQLITE3EXT_H 1
| #define HAVE_ZLIB_H 1
| #define HAVE_DLFCN_H 1
| #define LT_OBJDIR ".libs/"
| /* end confdefs.h.  */
| #include <ac_nonexistent.h>
configure:13763: checking for ld used by g++
configure:13830: result: /usr/bin/ld
configure:13837: checking if the linker (/usr/bin/ld) is GNU ld
configure:13852: result: yes
configure:13907: checking whether the g++ linker (/usr/bin/ld) supports shared libraries
configure:14911: result: no
configure:14946: g++ -c -g -O2  conftest.cpp >&5
configure:14949: $? = 0
configure:15469: checking for g++ option to produce PIC
configure:15476: result: -fPIC -DPIC
configure:15484: checking if g++ PIC flag -fPIC -DPIC works
configure:15502: g++ -c -g -O2  -fPIC -DPIC -DPIC conftest.cpp >&5
configure:15506: $? = 0
configure:15519: result: yes
configure:15542: checking if g++ static flag -static works
configure:15570: result: yes
configure:15582: checking if g++ supports -c -o file.o
configure:15603: g++ -c -g -O2  -o out/conftest2.o conftest.cpp >&5
configure:15607: $? = 0
configure:15629: result: yes
configure:15634: checking if g++ supports -c -o file.o
configure:15681: result: yes
configure:15711: checking whether the g++ linker (/usr/bin/ld) supports shared libraries
configure:15745: result: no
configure:15888: checking dynamic linker characteristics
configure:16562: result: no
configure:16615: checking how to hardcode library paths into programs
configure:16640: result: immediate
configure:16701: checking for an ANSI C-conforming const
configure:16767: gcc -c -g -O2  conftest.c >&5
configure:16767: $? = 0
configure:16774: result: yes
configure:16782: checking for off_t
configure:16782: gcc -c -g -O2  conftest.c >&5
configure:16782: $? = 0
configure:16782: gcc -c -g -O2  conftest.c >&5
conftest.c: In function 'main':
conftest.c:78:20: error: expected expression before ')' token
 if (sizeof ((off_t)))
                    ^
configure:16782: $? = 1
configure: failed program was:
| /* confdefs.h */
| #define PACKAGE_NAME "libspatialite"
| #define PACKAGE_TARNAME "libspatialite"
| #define PACKAGE_VERSION "4.2.1-rc2"
| #define PACKAGE_STRING "libspatialite 4.2.1-rc2"
| #define PACKAGE_BUGREPORT "a.furieri@lqt.it"
| #define PACKAGE_URL ""
| #define PACKAGE "libspatialite"
| #define VERSION "4.2.1-rc2"
| #define _LARGE_FILE 1
| #define _FILE_OFFSET_BITS 64
| #define _LARGEFILE_SOURCE 1
| #define NDEBUG 1
| #define STDC_HEADERS 1
| #define HAVE_SYS_TYPES_H 1
| #define HAVE_SYS_STAT_H 1
| #define HAVE_STDLIB_H 1
| #define HAVE_STRING_H 1
| #define HAVE_MEMORY_H 1
| #define HAVE_STRINGS_H 1
| #define HAVE_INTTYPES_H 1
| #define HAVE_STDINT_H 1
| #define HAVE_UNISTD_H 1
| #define HAVE_STDLIB_H 1
| #define HAVE_STDIO_H 1
| #define HAVE_STRING_H 1
| #define HAVE_MEMORY_H 1
| #define HAVE_MATH_H 1
| #define HAVE_FLOAT_H 1
| #define HAVE_FCNTL_H 1
| #define HAVE_INTTYPES_H 1
| #define HAVE_STDDEF_H 1
| #define HAVE_STDINT_H 1
| #define HAVE_SYS_TIME_H 1
| #define HAVE_UNISTD_H 1
| #define HAVE_SQLITE3_H 1
| #define HAVE_SQLITE3EXT_H 1
| #define HAVE_ZLIB_H 1
| #define HAVE_DLFCN_H 1
| #define LT_OBJDIR ".libs/"
| /* end confdefs.h.  */
| #include <stdio.h>
| #ifdef HAVE_SYS_TYPES_H
| # include <sys/types.h>
| #endif
| #ifdef HAVE_SYS_STAT_H
| # include <sys/stat.h>
| #endif
| #ifdef STDC_HEADERS
| # include <stdlib.h>
| # include <stddef.h>
| #else
| # ifdef HAVE_STDLIB_H
| #  include <stdlib.h>
| # endif
| #endif
| #ifdef HAVE_STRING_H
| # if !defined STDC_HEADERS && defined HAVE_MEMORY_H
| #  include <memory.h>
| # endif
| # include <string.h>
| #endif
| #ifdef HAVE_STRINGS_H
| # include <strings.h>
| #endif
| #ifdef HAVE_INTTYPES_H
| # include <inttypes.h>
| #endif
| #ifdef HAVE_STDINT_H
| # include <stdint.h>
| #endif
| #ifdef HAVE_UNISTD_H
| # include <unistd.h>
| #endif
| int
| main ()
| {
| if (sizeof ((off_t)))
| 	    return 0;
|   ;
|   return 0;
| }
configure:16782: result: yes
configure:16793: checking for size_t
configure:16793: gcc -c -g -O2  conftest.c >&5
configure:16793: $? = 0
configure:16793: gcc -c -g -O2  conftest.c >&5
conftest.c: In function 'main':
conftest.c:78:21: error: expected expression before ')' token
 if (sizeof ((size_t)))
                     ^
configure:16793: $? = 1
configure: failed program was:
| /* confdefs.h */
| #define PACKAGE_NAME "libspatialite"
| #define PACKAGE_TARNAME "libspatialite"
| #define PACKAGE_VERSION "4.2.1-rc2"
| #define PACKAGE_STRING "libspatialite 4.2.1-rc2"
| #define PACKAGE_BUGREPORT "a.furieri@lqt.it"
| #define PACKAGE_URL ""
| #define PACKAGE "libspatialite"
| #define VERSION "4.2.1-rc2"
| #define _LARGE_FILE 1
| #define _FILE_OFFSET_BITS 64
| #define _LARGEFILE_SOURCE 1
| #define NDEBUG 1
| #define STDC_HEADERS 1
| #define HAVE_SYS_TYPES_H 1
| #define HAVE_SYS_STAT_H 1
| #define HAVE_STDLIB_H 1
| #define HAVE_STRING_H 1
| #define HAVE_MEMORY_H 1
| #define HAVE_STRINGS_H 1
| #define HAVE_INTTYPES_H 1
| #define HAVE_STDINT_H 1
| #define HAVE_UNISTD_H 1
| #define HAVE_STDLIB_H 1
| #define HAVE_STDIO_H 1
| #define HAVE_STRING_H 1
| #define HAVE_MEMORY_H 1
| #define HAVE_MATH_H 1
| #define HAVE_FLOAT_H 1
| #define HAVE_FCNTL_H 1
| #define HAVE_INTTYPES_H 1
| #define HAVE_STDDEF_H 1
| #define HAVE_STDINT_H 1
| #define HAVE_SYS_TIME_H 1
| #define HAVE_UNISTD_H 1
| #define HAVE_SQLITE3_H 1
| #define HAVE_SQLITE3EXT_H 1
| #define HAVE_ZLIB_H 1
| #define HAVE_DLFCN_H 1
| #define LT_OBJDIR ".libs/"
| /* end confdefs.h.  */
| #include <stdio.h>
| #ifdef HAVE_SYS_TYPES_H
| # include <sys/types.h>
| #endif
| #ifdef HAVE_SYS_STAT_H
| # include <sys/stat.h>
| #endif
| #ifdef STDC_HEADERS
| # include <stdlib.h>
| # include <stddef.h>
| #else
| # ifdef HAVE_STDLIB_H
| #  include <stdlib.h>
| # endif
| #endif
| #ifdef HAVE_STRING_H
| # if !defined STDC_HEADERS && defined HAVE_MEMORY_H
| #  include <memory.h>
| # endif
| # include <string.h>
| #endif
| #ifdef HAVE_STRINGS_H
| # include <strings.h>
| #endif
| #ifdef HAVE_INTTYPES_H
| # include <inttypes.h>
| #endif
| #ifdef HAVE_STDINT_H
| # include <stdint.h>
| #endif
| #ifdef HAVE_UNISTD_H
| # include <unistd.h>
| #endif
| int
| main ()
| {
| if (sizeof ((size_t)))
| 	    return 0;
|   ;
|   return 0;
| }
configure:16793: result: yes
configure:16804: checking whether time.h and sys/time.h may both be included
configure:16824: gcc -c -g -O2  conftest.c >&5
configure:16824: $? = 0
configure:16831: result: yes
configure:16839: checking whether struct tm is in sys/time.h or time.h
configure:16859: gcc -c -g -O2  conftest.c >&5
configure:16859: $? = 0
configure:16866: result: time.h
configure:16874: checking for working volatile
configure:16893: gcc -c -g -O2  conftest.c >&5
configure:16893: $? = 0
configure:16900: result: yes
configure:16910: checking whether lstat correctly handles trailing slash
configure:16953: result: no
configure:16972: checking whether lstat accepts an empty string
configure:17002: result: yes
configure:17018: checking whether lstat correctly handles trailing slash
configure:17061: result: no
configure:17080: checking for working memcmp
configure:17133: result: no
configure:17142: checking whether stat accepts an empty string
configure:17172: result: yes
configure:17190: checking for strftime
configure:17190: gcc -o conftest -g -O2   conftest.c  >&5
conftest.c:68:6: warning: conflicting types for built-in function 'strftime'
 char strftime ();
      ^
configure:17190: $? = 0
configure:17190: result: yes
configure:17246: checking for memset
configure:17246: gcc -o conftest -g -O2   conftest.c  >&5
conftest.c:69:6: warning: conflicting types for built-in function 'memset'
 char memset ();
      ^
configure:17246: $? = 0
configure:17246: result: yes
configure:17246: checking for sqrt
configure:17246: gcc -o conftest -g -O2   conftest.c  >&5
conftest.c:70:6: warning: conflicting types for built-in function 'sqrt'
 char sqrt ();
      ^
/tmp/ccuqdyRL.o: In function `main':
/home/mj10777/000_links/geopaparazzi/geopaparazzi.eu/libjsqlite-spatialite-android/libjsqlite-spatialite-android/spatialite-android-library/jni/libspatialite-4.2.1/conftest.c:81: undefined reference to `sqrt'
collect2: error: ld returned 1 exit status
configure:17246: $? = 1
configure: failed program was:
| /* confdefs.h */
| #define PACKAGE_NAME "libspatialite"
| #define PACKAGE_TARNAME "libspatialite"
| #define PACKAGE_VERSION "4.2.1-rc2"
| #define PACKAGE_STRING "libspatialite 4.2.1-rc2"
| #define PACKAGE_BUGREPORT "a.furieri@lqt.it"
| #define PACKAGE_URL ""
| #define PACKAGE "libspatialite"
| #define VERSION "4.2.1-rc2"
| #define _LARGE_FILE 1
| #define _FILE_OFFSET_BITS 64
| #define _LARGEFILE_SOURCE 1
| #define NDEBUG 1
| #define STDC_HEADERS 1
| #define HAVE_SYS_TYPES_H 1
| #define HAVE_SYS_STAT_H 1
| #define HAVE_STDLIB_H 1
| #define HAVE_STRING_H 1
| #define HAVE_MEMORY_H 1
| #define HAVE_STRINGS_H 1
| #define HAVE_INTTYPES_H 1
| #define HAVE_STDINT_H 1
| #define HAVE_UNISTD_H 1
| #define HAVE_STDLIB_H 1
| #define HAVE_STDIO_H 1
| #define HAVE_STRING_H 1
| #define HAVE_MEMORY_H 1
| #define HAVE_MATH_H 1
| #define HAVE_FLOAT_H 1
| #define HAVE_FCNTL_H 1
| #define HAVE_INTTYPES_H 1
| #define HAVE_STDDEF_H 1
| #define HAVE_STDINT_H 1
| #define HAVE_SYS_TIME_H 1
| #define HAVE_UNISTD_H 1
| #define HAVE_SQLITE3_H 1
| #define HAVE_SQLITE3EXT_H 1
| #define HAVE_ZLIB_H 1
| #define HAVE_DLFCN_H 1
| #define LT_OBJDIR ".libs/"
| #define TIME_WITH_SYS_TIME 1
| #define HAVE_LSTAT_EMPTY_STRING_BUG 1
| #define HAVE_STAT_EMPTY_STRING_BUG 1
| #define HAVE_STRFTIME 1
| #define HAVE_MEMSET 1
| /* end confdefs.h.  */
| /* Define sqrt to an innocuous variant, in case <limits.h> declares sqrt.
|    For example, HP-UX 11i <limits.h> declares gettimeofday.  */
| #define sqrt innocuous_sqrt
| 
| /* System header to define __stub macros and hopefully few prototypes,
|     which can conflict with char sqrt (); below.
|     Prefer <limits.h> to <assert.h> if __STDC__ is defined, since
|     <limits.h> exists even on freestanding compilers.  */
| 
| #ifdef __STDC__
| # include <limits.h>
| #else
| # include <assert.h>
| #endif
| 
| #undef sqrt
| 
| /* Override any GCC internal prototype to avoid an error.
|    Use char because int might match the return type of a GCC
|    builtin and then its argument prototype would still apply.  */
| #ifdef __cplusplus
| extern "C"
| #endif
| char sqrt ();
| /* The GNU C library defines this for functions which it implements
|     to always fail with ENOSYS.  Some functions are actually named
|     something starting with __ and the normal name is an alias.  */
| #if defined __stub_sqrt || defined __stub___sqrt
| choke me
| #endif
| 
| int
| main ()
| {
| return sqrt ();
|   ;
|   return 0;
| }
configure:17246: result: no
configure:17246: checking for strcasecmp
configure:17246: gcc -o conftest -g -O2   conftest.c  >&5
conftest.c:70:6: warning: conflicting types for built-in function 'strcasecmp'
 char strcasecmp ();
      ^
configure:17246: $? = 0
configure:17246: result: yes
configure:17246: checking for strerror
configure:17246: gcc -o conftest -g -O2   conftest.c  >&5
configure:17246: $? = 0
configure:17246: result: yes
configure:17246: checking for strncasecmp
configure:17246: gcc -o conftest -g -O2   conftest.c  >&5
conftest.c:72:6: warning: conflicting types for built-in function 'strncasecmp'
 char strncasecmp ();
      ^
configure:17246: $? = 0
configure:17246: result: yes
configure:17246: checking for strstr
configure:17246: gcc -o conftest -g -O2   conftest.c  >&5
conftest.c:73:6: warning: conflicting types for built-in function 'strstr'
 char strstr ();
      ^
configure:17246: $? = 0
configure:17246: result: yes
configure:17246: checking for fdatasync
configure:17246: gcc -o conftest -g -O2   conftest.c  >&5
configure:17246: $? = 0
configure:17246: result: yes
configure:17246: checking for ftruncate
configure:17246: gcc -o conftest -g -O2   conftest.c  >&5
configure:17246: $? = 0
configure:17246: result: yes
configure:17246: checking for getcwd
configure:17246: gcc -o conftest -g -O2   conftest.c  >&5
configure:17246: $? = 0
configure:17246: result: yes
configure:17246: checking for gettimeofday
configure:17246: gcc -o conftest -g -O2   conftest.c  >&5
configure:17246: $? = 0
configure:17246: result: yes
configure:17246: checking for localtime_r
configure:17246: gcc -o conftest -g -O2   conftest.c  >&5
configure:17246: $? = 0
configure:17246: result: yes
configure:17246: checking for memmove
configure:17246: gcc -o conftest -g -O2   conftest.c  >&5
conftest.c:79:6: warning: conflicting types for built-in function 'memmove'
 char memmove ();
      ^
configure:17246: $? = 0
configure:17246: result: yes
configure:17246: checking for strerror
configure:17246: result: yes
configure:17257: checking for sqlite3_prepare_v2 in -lsqlite3
configure:17282: gcc -o conftest -g -O2   conftest.c -lsqlite3 -lm  >&5
configure:17282: $? = 0
configure:17291: result: yes
configure:17304: checking for inflateInit_ in -lz
configure:17329: gcc -o conftest -g -O2   conftest.c -lz -lm -lsqlite3  >&5
configure:17329: $? = 0
configure:17338: result: yes
configure:17456: checking proj_api.h usability
configure:17456: gcc -c -g -O2  conftest.c >&5
configure:17456: $? = 0
configure:17456: result: yes
configure:17456: checking proj_api.h presence
configure:17456: gcc -E  conftest.c
configure:17456: $? = 0
configure:17456: result: yes
configure:17456: checking for proj_api.h
configure:17456: result: yes
configure:17468: checking for library containing pj_init_plus
configure:17499: gcc -o conftest -g -O2   conftest.c -lz -lsqlite3  >&5
/tmp/ccg7ige9.o: In function `main':
/home/mj10777/000_links/geopaparazzi/geopaparazzi.eu/libjsqlite-spatialite-android/libjsqlite-spatialite-android/spatialite-android-library/jni/libspatialite-4.2.1/conftest.c:74: undefined reference to `pj_init_plus'
collect2: error: ld returned 1 exit status
configure:17499: $? = 1
configure: failed program was:
| /* confdefs.h */
| #define PACKAGE_NAME "libspatialite"
| #define PACKAGE_TARNAME "libspatialite"
| #define PACKAGE_VERSION "4.2.1-rc2"
| #define PACKAGE_STRING "libspatialite 4.2.1-rc2"
| #define PACKAGE_BUGREPORT "a.furieri@lqt.it"
| #define PACKAGE_URL ""
| #define PACKAGE "libspatialite"
| #define VERSION "4.2.1-rc2"
| #define _LARGE_FILE 1
| #define _FILE_OFFSET_BITS 64
| #define _LARGEFILE_SOURCE 1
| #define NDEBUG 1
| #define STDC_HEADERS 1
| #define HAVE_SYS_TYPES_H 1
| #define HAVE_SYS_STAT_H 1
| #define HAVE_STDLIB_H 1
| #define HAVE_STRING_H 1
| #define HAVE_MEMORY_H 1
| #define HAVE_STRINGS_H 1
| #define HAVE_INTTYPES_H 1
| #define HAVE_STDINT_H 1
| #define HAVE_UNISTD_H 1
| #define HAVE_STDLIB_H 1
| #define HAVE_STDIO_H 1
| #define HAVE_STRING_H 1
| #define HAVE_MEMORY_H 1
| #define HAVE_MATH_H 1
| #define HAVE_FLOAT_H 1
| #define HAVE_FCNTL_H 1
| #define HAVE_INTTYPES_H 1
| #define HAVE_STDDEF_H 1
| #define HAVE_STDINT_H 1
| #define HAVE_SYS_TIME_H 1
| #define HAVE_UNISTD_H 1
| #define HAVE_SQLITE3_H 1
| #define HAVE_SQLITE3EXT_H 1
| #define HAVE_ZLIB_H 1
| #define HAVE_DLFCN_H 1
| #define LT_OBJDIR ".libs/"
| #define TIME_WITH_SYS_TIME 1
| #define HAVE_LSTAT_EMPTY_STRING_BUG 1
| #define HAVE_STAT_EMPTY_STRING_BUG 1
| #define HAVE_STRFTIME 1
| #define HAVE_MEMSET 1
| #define HAVE_STRCASECMP 1
| #define HAVE_STRERROR 1
| #define HAVE_STRNCASECMP 1
| #define HAVE_STRSTR 1
| #define HAVE_FDATASYNC 1
| #define HAVE_FTRUNCATE 1
| #define HAVE_GETCWD 1
| #define HAVE_GETTIMEOFDAY 1
| #define HAVE_LOCALTIME_R 1
| #define HAVE_MEMMOVE 1
| #define HAVE_STRERROR 1
| #define HAVE_LIBSQLITE3 1
| #define HAVE_LIBZ 1
| #define TARGET_CPU "x86_64-linux-gnu"
| #define OMIT_GEOCALLBACKS 1
| #define HAVE_PROJ_API_H 1
| /* end confdefs.h.  */
| 
| /* Override any GCC internal prototype to avoid an error.
|    Use char because int might match the return type of a GCC
|    builtin and then its argument prototype would still apply.  */
| #ifdef __cplusplus
| extern "C"
| #endif
| char pj_init_plus ();
| int
| main ()
| {
| return pj_init_plus ();
|   ;
|   return 0;
| }
configure:17499: gcc -o conftest -g -O2   conftest.c -lproj -lm -lz -lsqlite3  >&5
configure:17499: $? = 0
configure:17516: result: -lproj
configure:17526: checking for library containing pj_init_ctx
configure:17557: gcc -o conftest -g -O2   conftest.c -lproj -lz -lsqlite3  >&5
configure:17557: $? = 0
configure:17574: result: none required
configure:17603: checking iconv.h usability
configure:17603: gcc -c -g -O2  conftest.c >&5
configure:17603: $? = 0
configure:17603: result: yes
configure:17603: checking iconv.h presence
configure:17603: gcc -E  conftest.c
configure:17603: $? = 0
configure:17603: result: yes
configure:17603: checking for iconv.h
configure:17603: result: yes
configure:17617: checking for library containing iconv
configure:17648: gcc -o conftest -g -O2   conftest.c -lproj -lz -lsqlite3  >&5
configure:17648: $? = 0
configure:17665: result: none required
configure:17732: checking for library containing locale_charset
configure:17763: gcc -o conftest -g -O2   conftest.c -lproj -lz -lsqlite3  >&5
/tmp/ccq425yW.o: In function `main':
/home/mj10777/000_links/geopaparazzi/geopaparazzi.eu/libjsqlite-spatialite-android/libjsqlite-spatialite-android/spatialite-android-library/jni/libspatialite-4.2.1/conftest.c:75: undefined reference to `locale_charset'
collect2: error: ld returned 1 exit status
configure:17763: $? = 1
configure: failed program was:
| /* confdefs.h */
| #define PACKAGE_NAME "libspatialite"
| #define PACKAGE_TARNAME "libspatialite"
| #define PACKAGE_VERSION "4.2.1-rc2"
| #define PACKAGE_STRING "libspatialite 4.2.1-rc2"
| #define PACKAGE_BUGREPORT "a.furieri@lqt.it"
| #define PACKAGE_URL ""
| #define PACKAGE "libspatialite"
| #define VERSION "4.2.1-rc2"
| #define _LARGE_FILE 1
| #define _FILE_OFFSET_BITS 64
| #define _LARGEFILE_SOURCE 1
| #define NDEBUG 1
| #define STDC_HEADERS 1
| #define HAVE_SYS_TYPES_H 1
| #define HAVE_SYS_STAT_H 1
| #define HAVE_STDLIB_H 1
| #define HAVE_STRING_H 1
| #define HAVE_MEMORY_H 1
| #define HAVE_STRINGS_H 1
| #define HAVE_INTTYPES_H 1
| #define HAVE_STDINT_H 1
| #define HAVE_UNISTD_H 1
| #define HAVE_STDLIB_H 1
| #define HAVE_STDIO_H 1
| #define HAVE_STRING_H 1
| #define HAVE_MEMORY_H 1
| #define HAVE_MATH_H 1
| #define HAVE_FLOAT_H 1
| #define HAVE_FCNTL_H 1
| #define HAVE_INTTYPES_H 1
| #define HAVE_STDDEF_H 1
| #define HAVE_STDINT_H 1
| #define HAVE_SYS_TIME_H 1
| #define HAVE_UNISTD_H 1
| #define HAVE_SQLITE3_H 1
| #define HAVE_SQLITE3EXT_H 1
| #define HAVE_ZLIB_H 1
| #define HAVE_DLFCN_H 1
| #define LT_OBJDIR ".libs/"
| #define TIME_WITH_SYS_TIME 1
| #define HAVE_LSTAT_EMPTY_STRING_BUG 1
| #define HAVE_STAT_EMPTY_STRING_BUG 1
| #define HAVE_STRFTIME 1
| #define HAVE_MEMSET 1
| #define HAVE_STRCASECMP 1
| #define HAVE_STRERROR 1
| #define HAVE_STRNCASECMP 1
| #define HAVE_STRSTR 1
| #define HAVE_FDATASYNC 1
| #define HAVE_FTRUNCATE 1
| #define HAVE_GETCWD 1
| #define HAVE_GETTIMEOFDAY 1
| #define HAVE_LOCALTIME_R 1
| #define HAVE_MEMMOVE 1
| #define HAVE_STRERROR 1
| #define HAVE_LIBSQLITE3 1
| #define HAVE_LIBZ 1
| #define TARGET_CPU "x86_64-linux-gnu"
| #define OMIT_GEOCALLBACKS 1
| #define HAVE_PROJ_API_H 1
| #define HAVE_ICONV_H 1
| /* end confdefs.h.  */
| 
| /* Override any GCC internal prototype to avoid an error.
|    Use char because int might match the return type of a GCC
|    builtin and then its argument prototype would still apply.  */
| #ifdef __cplusplus
| extern "C"
| #endif
| char locale_charset ();
| int
| main ()
| {
| return locale_charset ();
|   ;
|   return 0;
| }
configure:17763: gcc -o conftest -g -O2   conftest.c -lcharset  -lproj -lz -lsqlite3  >&5
configure:17763: $? = 0
configure:17780: result: -lcharset
configure:17865: checking freexl.h usability
configure:17865: gcc -c -g -O2  conftest.c >&5
configure:17865: $? = 0
configure:17865: result: yes
configure:17865: checking freexl.h presence
configure:17865: gcc -E  conftest.c
configure:17865: $? = 0
configure:17865: result: yes
configure:17865: checking for freexl.h
configure:17865: result: yes
configure:17877: checking for library containing freexl_open
configure:17908: gcc -o conftest -g -O2   conftest.c -lcharset -lproj -lz -lsqlite3  >&5
/tmp/ccrj3ep4.o: In function `main':
/home/mj10777/000_links/geopaparazzi/geopaparazzi.eu/libjsqlite-spatialite-android/libjsqlite-spatialite-android/spatialite-android-library/jni/libspatialite-4.2.1/conftest.c:76: undefined reference to `freexl_open'
collect2: error: ld returned 1 exit status
configure:17908: $? = 1
configure: failed program was:
| /* confdefs.h */
| #define PACKAGE_NAME "libspatialite"
| #define PACKAGE_TARNAME "libspatialite"
| #define PACKAGE_VERSION "4.2.1-rc2"
| #define PACKAGE_STRING "libspatialite 4.2.1-rc2"
| #define PACKAGE_BUGREPORT "a.furieri@lqt.it"
| #define PACKAGE_URL ""
| #define PACKAGE "libspatialite"
| #define VERSION "4.2.1-rc2"
| #define _LARGE_FILE 1
| #define _FILE_OFFSET_BITS 64
| #define _LARGEFILE_SOURCE 1
| #define NDEBUG 1
| #define STDC_HEADERS 1
| #define HAVE_SYS_TYPES_H 1
| #define HAVE_SYS_STAT_H 1
| #define HAVE_STDLIB_H 1
| #define HAVE_STRING_H 1
| #define HAVE_MEMORY_H 1
| #define HAVE_STRINGS_H 1
| #define HAVE_INTTYPES_H 1
| #define HAVE_STDINT_H 1
| #define HAVE_UNISTD_H 1
| #define HAVE_STDLIB_H 1
| #define HAVE_STDIO_H 1
| #define HAVE_STRING_H 1
| #define HAVE_MEMORY_H 1
| #define HAVE_MATH_H 1
| #define HAVE_FLOAT_H 1
| #define HAVE_FCNTL_H 1
| #define HAVE_INTTYPES_H 1
| #define HAVE_STDDEF_H 1
| #define HAVE_STDINT_H 1
| #define HAVE_SYS_TIME_H 1
| #define HAVE_UNISTD_H 1
| #define HAVE_SQLITE3_H 1
| #define HAVE_SQLITE3EXT_H 1
| #define HAVE_ZLIB_H 1
| #define HAVE_DLFCN_H 1
| #define LT_OBJDIR ".libs/"
| #define TIME_WITH_SYS_TIME 1
| #define HAVE_LSTAT_EMPTY_STRING_BUG 1
| #define HAVE_STAT_EMPTY_STRING_BUG 1
| #define HAVE_STRFTIME 1
| #define HAVE_MEMSET 1
| #define HAVE_STRCASECMP 1
| #define HAVE_STRERROR 1
| #define HAVE_STRNCASECMP 1
| #define HAVE_STRSTR 1
| #define HAVE_FDATASYNC 1
| #define HAVE_FTRUNCATE 1
| #define HAVE_GETCWD 1
| #define HAVE_GETTIMEOFDAY 1
| #define HAVE_LOCALTIME_R 1
| #define HAVE_MEMMOVE 1
| #define HAVE_STRERROR 1
| #define HAVE_LIBSQLITE3 1
| #define HAVE_LIBZ 1
| #define TARGET_CPU "x86_64-linux-gnu"
| #define OMIT_GEOCALLBACKS 1
| #define HAVE_PROJ_API_H 1
| #define HAVE_ICONV_H 1
| #define HAVE_FREEXL_H 1
| /* end confdefs.h.  */
| 
| /* Override any GCC internal prototype to avoid an error.
|    Use char because int might match the return type of a GCC
|    builtin and then its argument prototype would still apply.  */
| #ifdef __cplusplus
| extern "C"
| #endif
| char freexl_open ();
| int
| main ()
| {
| return freexl_open ();
|   ;
|   return 0;
| }
configure:17908: gcc -o conftest -g -O2   conftest.c -lfreexl -lm -lcharset -lproj -lz -lsqlite3  >&5
configure:17908: $? = 0
configure:17925: result: -lfreexl
configure:17983: checking for geos-config
configure:18001: found /usr/local/bin/geos-config
configure:18013: result: /usr/local/bin/geos-config
configure:18048: checking geos_c.h usability
configure:18048: gcc -c -g -O2 -I/usr/local/include conftest.c >&5
configure:18048: $? = 0
configure:18048: result: yes
configure:18048: checking geos_c.h presence
configure:18048: gcc -E -I/usr/local/include conftest.c
configure:18048: $? = 0
configure:18048: result: yes
configure:18048: checking for geos_c.h
configure:18048: result: yes
configure:18064: checking for library containing GEOSCoveredBy
configure:18095: gcc -o conftest -g -O2   conftest.c -L/usr/local/lib >&5
/tmp/cc9ZM4cx.o: In function `main':
/home/mj10777/000_links/geopaparazzi/geopaparazzi.eu/libjsqlite-spatialite-android/libjsqlite-spatialite-android/spatialite-android-library/jni/libspatialite-4.2.1/conftest.c:77: undefined reference to `GEOSCoveredBy'
collect2: error: ld returned 1 exit status
configure:18095: $? = 1
configure: failed program was:
| /* confdefs.h */
| #define PACKAGE_NAME "libspatialite"
| #define PACKAGE_TARNAME "libspatialite"
| #define PACKAGE_VERSION "4.2.1-rc2"
| #define PACKAGE_STRING "libspatialite 4.2.1-rc2"
| #define PACKAGE_BUGREPORT "a.furieri@lqt.it"
| #define PACKAGE_URL ""
| #define PACKAGE "libspatialite"
| #define VERSION "4.2.1-rc2"
| #define _LARGE_FILE 1
| #define _FILE_OFFSET_BITS 64
| #define _LARGEFILE_SOURCE 1
| #define NDEBUG 1
| #define STDC_HEADERS 1
| #define HAVE_SYS_TYPES_H 1
| #define HAVE_SYS_STAT_H 1
| #define HAVE_STDLIB_H 1
| #define HAVE_STRING_H 1
| #define HAVE_MEMORY_H 1
| #define HAVE_STRINGS_H 1
| #define HAVE_INTTYPES_H 1
| #define HAVE_STDINT_H 1
| #define HAVE_UNISTD_H 1
| #define HAVE_STDLIB_H 1
| #define HAVE_STDIO_H 1
| #define HAVE_STRING_H 1
| #define HAVE_MEMORY_H 1
| #define HAVE_MATH_H 1
| #define HAVE_FLOAT_H 1
| #define HAVE_FCNTL_H 1
| #define HAVE_INTTYPES_H 1
| #define HAVE_STDDEF_H 1
| #define HAVE_STDINT_H 1
| #define HAVE_SYS_TIME_H 1
| #define HAVE_UNISTD_H 1
| #define HAVE_SQLITE3_H 1
| #define HAVE_SQLITE3EXT_H 1
| #define HAVE_ZLIB_H 1
| #define HAVE_DLFCN_H 1
| #define LT_OBJDIR ".libs/"
| #define TIME_WITH_SYS_TIME 1
| #define HAVE_LSTAT_EMPTY_STRING_BUG 1
| #define HAVE_STAT_EMPTY_STRING_BUG 1
| #define HAVE_STRFTIME 1
| #define HAVE_MEMSET 1
| #define HAVE_STRCASECMP 1
| #define HAVE_STRERROR 1
| #define HAVE_STRNCASECMP 1
| #define HAVE_STRSTR 1
| #define HAVE_FDATASYNC 1
| #define HAVE_FTRUNCATE 1
| #define HAVE_GETCWD 1
| #define HAVE_GETTIMEOFDAY 1
| #define HAVE_LOCALTIME_R 1
| #define HAVE_MEMMOVE 1
| #define HAVE_STRERROR 1
| #define HAVE_LIBSQLITE3 1
| #define HAVE_LIBZ 1
| #define TARGET_CPU "x86_64-linux-gnu"
| #define OMIT_GEOCALLBACKS 1
| #define HAVE_PROJ_API_H 1
| #define HAVE_ICONV_H 1
| #define HAVE_FREEXL_H 1
| #define HAVE_GEOS_C_H 1
| /* end confdefs.h.  */
| 
| /* Override any GCC internal prototype to avoid an error.
|    Use char because int might match the return type of a GCC
|    builtin and then its argument prototype would still apply.  */
| #ifdef __cplusplus
| extern "C"
| #endif
| char GEOSCoveredBy ();
| int
| main ()
| {
| return GEOSCoveredBy ();
|   ;
|   return 0;
| }
configure:18095: gcc -o conftest -g -O2   conftest.c -lgeos_c  -L/usr/local/lib >&5
configure:18095: $? = 0
configure:18112: result: -lgeos_c
configure:18136: checking for library containing GEOSDelaunayTriangulation
configure:18167: gcc -o conftest -g -O2   conftest.c -lfreexl -lcharset -lproj -lz -lsqlite3  -L/usr/local/lib -lgeos_c >&5
configure:18167: $? = 0
configure:18184: result: none required
configure:18328: checking for arm-linux-eabi-pkg-config
configure:18361: result: no
configure:18371: checking for pkg-config
configure:18389: found /usr/bin/pkg-config
configure:18401: result: /usr/bin/pkg-config
configure:18426: checking pkg-config is at least version 0.9.0
configure:18429: result: yes
configure:18439: checking for LIBXML2
configure:18446: $PKG_CONFIG --exists --print-errors "libxml-2.0"
configure:18449: $? = 0
configure:18463: $PKG_CONFIG --exists --print-errors "libxml-2.0"
configure:18466: $? = 0
configure:18504: result: yes
configure:18709: checking that generated files are newer than configure
configure:18715: result: done
configure:18770: creating ./config.status

## ---------------------- ##
## Running config.status. ##
## ---------------------- ##

This file was extended by libspatialite config.status 4.2.1-rc2, which was
generated by GNU Autoconf 2.69.  Invocation command line was

  CONFIG_FILES    = 
  CONFIG_HEADERS  = 
  CONFIG_LINKS    = 
  CONFIG_COMMANDS = 
  $ ./config.status 

on mj10777-01-l

config.status:1245: creating Makefile
config.status:1245: creating src/Makefile
config.status:1245: creating src/headers/Makefile
config.status:1245: creating src/gaiaaux/Makefile
config.status:1245: creating src/gaiaexif/Makefile
config.status:1245: creating src/gaiageo/Makefile
config.status:1245: creating src/gaiageo/flex/Makefile
config.status:1245: creating src/gaiageo/lemon/Makefile
config.status:1245: creating src/gaiageo/lemon/lemon_src/Makefile
config.status:1245: creating src/geopackage/Makefile
config.status:1245: creating src/spatialite/Makefile
config.status:1245: creating src/shapefiles/Makefile
config.status:1245: creating src/dxf/Makefile
config.status:1245: creating src/md5/Makefile
config.status:1245: creating src/srsinit/Makefile
config.status:1245: creating src/srsinit/epsg_update/Makefile
config.status:1245: creating src/connection_cache/Makefile
config.status:1245: creating src/connection_cache/generator/Makefile
config.status:1245: creating src/virtualtext/Makefile
config.status:1245: creating src/wfs/Makefile
config.status:1245: creating test/Makefile
config.status:1245: creating test/sql_stmt_tests/Makefile
config.status:1245: creating test/sql_stmt_geos_tests/Makefile
config.status:1245: creating test/sql_stmt_geosadvanced_tests/Makefile
config.status:1245: creating test/sql_stmt_geopackage_tests/Makefile
config.status:1245: creating test/sql_stmt_proj_tests/Makefile
config.status:1245: creating test/sql_stmt_mathsql_tests/Makefile
config.status:1245: creating test/sql_stmt_lwgeom_tests/Makefile
config.status:1245: creating test/sql_stmt_libxml2_tests/Makefile
config.status:1245: creating test/sql_stmt_security_tests/Makefile
config.status:1245: creating test/sql_stmt_xmlsec_tests/Makefile
config.status:1245: creating test/sql_stmt_freexl_tests/Makefile
config.status:1245: creating examples/Makefile
config.status:1245: creating Doxyfile
config.status:1245: creating spatialite.pc
config.status:1245: creating config.h
config.status:1474: executing depfiles commands
config.status:1474: executing libtool commands

## ---------------- ##
## Cache variables. ##
## ---------------- ##

ac_cv_build=x86_64-pc-linux-gnu
ac_cv_c_compiler_gnu=yes
ac_cv_c_const=yes
ac_cv_c_volatile=yes
ac_cv_cxx_compiler_gnu=yes
ac_cv_env_CCC_set=
ac_cv_env_CCC_value=
ac_cv_env_CC_set=
ac_cv_env_CC_value=
ac_cv_env_CFLAGS_set=
ac_cv_env_CFLAGS_value=
ac_cv_env_CPPFLAGS_set=
ac_cv_env_CPPFLAGS_value=
ac_cv_env_CPP_set=
ac_cv_env_CPP_value=
ac_cv_env_CXXCPP_set=
ac_cv_env_CXXCPP_value=
ac_cv_env_CXXFLAGS_set=
ac_cv_env_CXXFLAGS_value=
ac_cv_env_CXX_set=
ac_cv_env_CXX_value=
ac_cv_env_LDFLAGS_set=
ac_cv_env_LDFLAGS_value=
ac_cv_env_LIBS_set=
ac_cv_env_LIBS_value=
ac_cv_env_LIBXML2_CFLAGS_set=
ac_cv_env_LIBXML2_CFLAGS_value=
ac_cv_env_LIBXML2_LIBS_set=
ac_cv_env_LIBXML2_LIBS_value=
ac_cv_env_PKG_CONFIG_LIBDIR_set=
ac_cv_env_PKG_CONFIG_LIBDIR_value=
ac_cv_env_PKG_CONFIG_PATH_set=
ac_cv_env_PKG_CONFIG_PATH_value=
ac_cv_env_PKG_CONFIG_set=
ac_cv_env_PKG_CONFIG_value=
ac_cv_env_build_alias_set=set
ac_cv_env_build_alias_value=x86_64-pc-linux-gnu
ac_cv_env_host_alias_set=set
ac_cv_env_host_alias_value=arm-linux-eabi
ac_cv_env_target_alias_set=
ac_cv_env_target_alias_value=
ac_cv_func_fdatasync=yes
ac_cv_func_ftruncate=yes
ac_cv_func_getcwd=yes
ac_cv_func_gettimeofday=yes
ac_cv_func_localtime_r=yes
ac_cv_func_lstat_dereferences_slashed_symlink=no
ac_cv_func_lstat_empty_string_bug=yes
ac_cv_func_memcmp_working=no
ac_cv_func_memmove=yes
ac_cv_func_memset=yes
ac_cv_func_sqrt=no
ac_cv_func_stat_empty_string_bug=yes
ac_cv_func_strcasecmp=yes
ac_cv_func_strerror=yes
ac_cv_func_strftime=yes
ac_cv_func_strncasecmp=yes
ac_cv_func_strstr=yes
ac_cv_header_dlfcn_h=yes
ac_cv_header_fcntl_h=yes
ac_cv_header_float_h=yes
ac_cv_header_freexl_h=yes
ac_cv_header_geos_c_h=yes
ac_cv_header_iconv_h=yes
ac_cv_header_inttypes_h=yes
ac_cv_header_math_h=yes
ac_cv_header_memory_h=yes
ac_cv_header_proj_api_h=yes
ac_cv_header_sqlite3_h=yes
ac_cv_header_sqlite3ext_h=yes
ac_cv_header_stdc=yes
ac_cv_header_stddef_h=yes
ac_cv_header_stdint_h=yes
ac_cv_header_stdio_h=yes
ac_cv_header_stdlib_h=yes
ac_cv_header_string_h=yes
ac_cv_header_strings_h=yes
ac_cv_header_sys_stat_h=yes
ac_cv_header_sys_time_h=yes
ac_cv_header_sys_types_h=yes
ac_cv_header_time=yes
ac_cv_header_unistd_h=yes
ac_cv_header_zlib_h=yes
ac_cv_host=arm-linux-eabi
ac_cv_lib_sqlite3_sqlite3_prepare_v2=yes
ac_cv_lib_z_inflateInit_=yes
ac_cv_objext=o
ac_cv_path_EGREP='/bin/grep -E'
ac_cv_path_FGREP='/bin/grep -F'
ac_cv_path_GEOSCONFIG=/usr/local/bin/geos-config
ac_cv_path_GREP=/bin/grep
ac_cv_path_SED=/bin/sed
ac_cv_path_ac_pt_PKG_CONFIG=/usr/bin/pkg-config
ac_cv_path_install='/usr/bin/install -c'
ac_cv_path_mkdir=/bin/mkdir
ac_cv_prog_AWK=gawk
ac_cv_prog_CC=gcc
ac_cv_prog_CPP='gcc -E'
ac_cv_prog_CXXCPP='g++ -E'
ac_cv_prog_DLLTOOL=dlltool
ac_cv_prog_OBJDUMP=objdump
ac_cv_prog_STRIP=strip
ac_cv_prog_ac_ct_AR=ar
ac_cv_prog_ac_ct_CC=gcc
ac_cv_prog_ac_ct_CXX=g++
ac_cv_prog_ac_ct_DUMPBIN='link -dump'
ac_cv_prog_ac_ct_MANIFEST_TOOL=mt
ac_cv_prog_ac_ct_RANLIB=ranlib
ac_cv_prog_ac_ct_STRIP=strip
ac_cv_prog_cc_c89=
ac_cv_prog_cc_g=yes
ac_cv_prog_cxx_g=yes
ac_cv_prog_make_make_set=yes
ac_cv_search_GEOSCoveredBy=-lgeos_c
ac_cv_search_GEOSDelaunayTriangulation='none required'
ac_cv_search_freexl_open=-lfreexl
ac_cv_search_iconv='none required'
ac_cv_search_locale_charset=-lcharset
ac_cv_search_pj_init_ctx='none required'
ac_cv_search_pj_init_plus=-lproj
ac_cv_struct_tm=time.h
ac_cv_type_off_t=yes
ac_cv_type_size_t=yes
am_cv_CC_dependencies_compiler_type=gcc3
am_cv_CXX_dependencies_compiler_type=gcc3
am_cv_make_support_nested_variables=yes
am_cv_prog_cc_c_o=yes
lt_cv_ar_at_file=@
lt_cv_archive_cmds_need_lc=no
lt_cv_deplibs_check_method=unknown
lt_cv_file_magic_cmd='$MAGIC_CMD'
lt_cv_file_magic_test_file=
lt_cv_ld_reload_flag=-r
lt_cv_nm_interface='BSD nm'
lt_cv_objdir=.libs
lt_cv_path_LD=/usr/bin/ld
lt_cv_path_LDCXX=/usr/bin/ld
lt_cv_path_NM=no
lt_cv_path_mainfest_tool=no
lt_cv_prog_compiler_c_o=yes
lt_cv_prog_compiler_c_o_CXX=yes
lt_cv_prog_compiler_pic='-fPIC -DPIC'
lt_cv_prog_compiler_pic_CXX='-fPIC -DPIC'
lt_cv_prog_compiler_pic_works=yes
lt_cv_prog_compiler_pic_works_CXX=yes
lt_cv_prog_compiler_rtti_exceptions=no
lt_cv_prog_compiler_static_works=yes
lt_cv_prog_compiler_static_works_CXX=yes
lt_cv_prog_gnu_ld=yes
lt_cv_prog_gnu_ldcxx=yes
lt_cv_sharedlib_from_linklib_cmd='printf %s\n'
lt_cv_sys_global_symbol_pipe='sed -n -e '\''s/^.*[	 ]\([ABCDGIRSTW][ABCDGIRSTW]*\)[	 ][	 ]*\([_A-Za-z][_A-Za-z0-9]*\)$/\1 \2 \2/p'\'' | sed '\''/ __gnu_lto/d'\'''
lt_cv_sys_global_symbol_to_c_name_address='sed -n -e '\''s/^: \([^ ]*\)[ ]*$/  {\"\1\", (void *) 0},/p'\'' -e '\''s/^[ABCDGIRSTW]* \([^ ]*\) \([^ ]*\)$/  {"\2", (void *) \&\2},/p'\'''
lt_cv_sys_global_symbol_to_c_name_address_lib_prefix='sed -n -e '\''s/^: \([^ ]*\)[ ]*$/  {\"\1\", (void *) 0},/p'\'' -e '\''s/^[ABCDGIRSTW]* \([^ ]*\) \(lib[^ ]*\)$/  {"\2", (void *) \&\2},/p'\'' -e '\''s/^[ABCDGIRSTW]* \([^ ]*\) \([^ ]*\)$/  {"lib\2", (void *) \&\2},/p'\'''
lt_cv_sys_global_symbol_to_cdecl='sed -n -e '\''s/^T .* \(.*\)$/extern int \1();/p'\'' -e '\''s/^[ABCDGIRSTW]* .* \(.*\)$/extern char \1;/p'\'''
lt_cv_sys_max_cmd_len=1572864
lt_cv_to_host_file_cmd=func_convert_file_noop
lt_cv_to_tool_file_cmd=func_convert_file_noop
pkg_cv_LIBXML2_CFLAGS='-I/usr/include/libxml2 '
pkg_cv_LIBXML2_LIBS='-lxml2 '

## ----------------- ##
## Output variables. ##
## ----------------- ##

ACLOCAL='aclocal-1.14'
AMDEPBACKSLASH='\'
AMDEP_FALSE='#'
AMDEP_TRUE=''
AMTAR='$${TAR-tar}'
AM_BACKSLASH='\'
AM_DEFAULT_V='$(AM_DEFAULT_VERBOSITY)'
AM_DEFAULT_VERBOSITY='1'
AM_V='$(V)'
ANDROID_FALSE=''
ANDROID_TRUE='#'
AR='ar'
AS='as'
AUTOCONF='autoconf'
AUTOHEADER='autoheader'
AUTOMAKE='automake-1.14'
AWK='gawk'
CC='gcc'
CCDEPMODE='depmode=gcc3'
CFLAGS='-g -O2'
CPP='gcc -E'
CPPFLAGS=''
CXX='g++'
CXXCPP='g++ -E'
CXXDEPMODE='depmode=gcc3'
CXXFLAGS='-g -O2'
CYGPATH_W='echo'
DEFS='-DHAVE_CONFIG_H'
DEPDIR='.deps'
DLLTOOL='dlltool'
DSYMUTIL=''
DUMPBIN=':'
ECHO_C=''
ECHO_N='-n'
ECHO_T=''
EGREP='/bin/grep -E'
ENABLE_EXAMPLES_FALSE=''
ENABLE_EXAMPLES_TRUE='#'
ENABLE_GEOPACKAGE_FALSE='#'
ENABLE_GEOPACKAGE_TRUE=''
EXEEXT=''
FGREP='/bin/grep -F'
GEOSCONFIG='/usr/local/bin/geos-config'
GEOS_CFLAGS='-I/usr/local/include'
GEOS_LDFLAGS='-L/usr/local/lib'
GREP='/bin/grep'
INSTALL_DATA='${INSTALL} -m 644'
INSTALL_PROGRAM='${INSTALL}'
INSTALL_SCRIPT='${INSTALL}'
INSTALL_STRIP_PROGRAM='$(install_sh) -c -s'
LD='/usr/bin/ld'
LDFLAGS=''
LIBOBJS=' ${LIBOBJDIR}lstat$U.o ${LIBOBJDIR}memcmp$U.o ${LIBOBJDIR}stat$U.o'
LIBS='-lfreexl -lcharset -lproj -lz -lsqlite3  -L/usr/local/lib -lgeos_c'
LIBTOOL='$(SHELL) $(top_builddir)/libtool'
LIBXML2_CFLAGS='-I/usr/include/libxml2 '
LIBXML2_LIBS='-lxml2 '
LIPO=''
LN_S='ln -s'
LTLIBOBJS=' ${LIBOBJDIR}lstat$U.lo ${LIBOBJDIR}memcmp$U.lo ${LIBOBJDIR}stat$U.lo'
MACOSX_FALSE=''
MACOSX_TRUE='#'
MAINT='#'
MAINTAINER_MODE_FALSE=''
MAINTAINER_MODE_TRUE='#'
MAKEINFO='makeinfo'
MANIFEST_TOOL=':'
MINGW_FALSE=''
MINGW_TRUE='#'
MKDIR_P='/bin/mkdir -p'
NM='nm'
NMEDIT=''
OBJDUMP='objdump'
OBJEXT='o'
OTOOL64=''
OTOOL=''
PACKAGE='libspatialite'
PACKAGE_BUGREPORT='a.furieri@lqt.it'
PACKAGE_NAME='libspatialite'
PACKAGE_STRING='libspatialite 4.2.1-rc2'
PACKAGE_TARNAME='libspatialite'
PACKAGE_URL=''
PACKAGE_VERSION='4.2.1-rc2'
PATH_SEPARATOR=':'
PKG_CONFIG='/usr/bin/pkg-config'
PKG_CONFIG_LIBDIR=''
PKG_CONFIG_PATH=''
RANLIB='ranlib'
SED='/bin/sed'
SET_MAKE=''
SHELL='/bin/bash'
STRIP='strip'
VERSION='4.2.1-rc2'
ac_ct_AR='ar'
ac_ct_CC='gcc'
ac_ct_CXX='g++'
ac_ct_DUMPBIN='link -dump'
am__EXEEXT_FALSE=''
am__EXEEXT_TRUE='#'
am__fastdepCC_FALSE='#'
am__fastdepCC_TRUE=''
am__fastdepCXX_FALSE='#'
am__fastdepCXX_TRUE=''
am__include='include'
am__isrc=''
am__leading_dot='.'
am__nodep='_no'
am__quote=''
am__tar='$${TAR-tar} chof - "$$tardir"'
am__untar='$${TAR-tar} xf -'
bindir='${exec_prefix}/bin'
build='x86_64-pc-linux-gnu'
build_alias='x86_64-pc-linux-gnu'
build_cpu='x86_64'
build_os='linux-gnu'
build_vendor='pc'
datadir='${datarootdir}'
datarootdir='${prefix}/share'
docdir='${datarootdir}/doc/${PACKAGE_TARNAME}'
dvidir='${docdir}'
exec_prefix='${prefix}'
host='arm-linux-eabi'
host_alias='arm-linux-eabi'
host_cpu='arm'
host_os='eabi'
host_vendor='linux'
htmldir='${docdir}'
includedir='${prefix}/include'
infodir='${datarootdir}/info'
install_sh='${SHELL} /home/mj10777/000_links/geopaparazzi/geopaparazzi.eu/libjsqlite-spatialite-android/libjsqlite-spatialite-android/spatialite-android-library/jni/libspatialite-4.2.1/install-sh'
libdir='${exec_prefix}/lib'
libexecdir='${exec_prefix}/libexec'
localedir='${datarootdir}/locale'
localstatedir='${prefix}/var'
mandir='${datarootdir}/man'
mkdir_p='$(MKDIR_P)'
oldincludedir='/usr/include'
pdfdir='${docdir}'
prefix='/usr/local'
program_transform_name='s,x,x,'
psdir='${docdir}'
sbindir='${exec_prefix}/sbin'
sharedstatedir='${prefix}/com'
sysconfdir='${prefix}/etc'
target_alias=''

## ----------- ##
## confdefs.h. ##
## ----------- ##

/* confdefs.h */
#define PACKAGE_NAME "libspatialite"
#define PACKAGE_TARNAME "libspatialite"
#define PACKAGE_VERSION "4.2.1-rc2"
#define PACKAGE_STRING "libspatialite 4.2.1-rc2"
#define PACKAGE_BUGREPORT "a.furieri@lqt.it"
#define PACKAGE_URL ""
#define PACKAGE "libspatialite"
#define VERSION "4.2.1-rc2"
#define _LARGE_FILE 1
#define _FILE_OFFSET_BITS 64
#define _LARGEFILE_SOURCE 1
#define NDEBUG 1
#define STDC_HEADERS 1
#define HAVE_SYS_TYPES_H 1
#define HAVE_SYS_STAT_H 1
#define HAVE_STDLIB_H 1
#define HAVE_STRING_H 1
#define HAVE_MEMORY_H 1
#define HAVE_STRINGS_H 1
#define HAVE_INTTYPES_H 1
#define HAVE_STDINT_H 1
#define HAVE_UNISTD_H 1
#define HAVE_STDLIB_H 1
#define HAVE_STDIO_H 1
#define HAVE_STRING_H 1
#define HAVE_MEMORY_H 1
#define HAVE_MATH_H 1
#define HAVE_FLOAT_H 1
#define HAVE_FCNTL_H 1
#define HAVE_INTTYPES_H 1
#define HAVE_STDDEF_H 1
#define HAVE_STDINT_H 1
#define HAVE_SYS_TIME_H 1
#define HAVE_UNISTD_H 1
#define HAVE_SQLITE3_H 1
#define HAVE_SQLITE3EXT_H 1
#define HAVE_ZLIB_H 1
#define HAVE_DLFCN_H 1
#define LT_OBJDIR ".libs/"
#define TIME_WITH_SYS_TIME 1
#define HAVE_LSTAT_EMPTY_STRING_BUG 1
#define HAVE_STAT_EMPTY_STRING_BUG 1
#define HAVE_STRFTIME 1
#define HAVE_MEMSET 1
#define HAVE_STRCASECMP 1
#define HAVE_STRERROR 1
#define HAVE_STRNCASECMP 1
#define HAVE_STRSTR 1
#define HAVE_FDATASYNC 1
#define HAVE_FTRUNCATE 1
#define HAVE_GETCWD 1
#define HAVE_GETTIMEOFDAY 1
#define HAVE_LOCALTIME_R 1
#define HAVE_MEMMOVE 1
#define HAVE_STRERROR 1
#define HAVE_LIBSQLITE3 1
#define HAVE_LIBZ 1
#define TARGET_CPU "x86_64-linux-gnu"
#define OMIT_GEOCALLBACKS 1
#define HAVE_PROJ_API_H 1
#define HAVE_ICONV_H 1
#define HAVE_FREEXL_H 1
#define HAVE_GEOS_C_H 1
#define GEOS_ADVANCED 1
#define ENABLE_LIBXML2 1
#define ENABLE_GEOPACKAGE 1

configure: exit 0
