This file contains any messages produced by compilers while
running configure, to aid debugging if configure makes a mistake.

It was created by libspatialite configure 5.0.0-beta1, which was
generated by GNU Autoconf 2.69.  Invocation command line was

  $ ./configure --enable-rttopo --enable-gcp --enable-examples=no --build=x86_64-pc-linux-gnu --host=arm-linux-eabi

## --------- ##
## Platform. ##
## --------- ##

hostname = mj10777-01-l
uname -m = x86_64
uname -r = 3.16.0-38-generic
uname -s = Linux
uname -v = #52-Ubuntu SMP Thu May 7 10:51:21 UTC 2015

/usr/bin/uname -p = unknown
/bin/uname -X     = unknown

/bin/arch              = unknown
/usr/bin/arch -k       = unknown
/usr/convex/getsysinfo = unknown
/usr/bin/hostinfo      = unknown
/bin/machine           = unknown
/usr/bin/oslevel       = unknown
/bin/universe          = unknown

PATH: /usr/local/bin
PATH: /usr/bin
PATH: /home/mj10777/000_links/apps_local/bin
PATH: /home/mj10777/000_links/apps_local/libQt592/bin
PATH: /home/mj10777/000_links/apps_local/gdal_git_master/bin
PATH: /home/mj10777/000_links/apps_local/libproj/proj-6.1.1/bin
PATH: /home/mj10777/000_links/gnu_source/adt-bundle-linux/sdk
PATH: /home/mj10777/000_links/gnu_source/adt-bundle-linux/sdk/tools
PATH: /home/mj10777/000_links/gnu_source/adt-bundle-linux/sdk/platform-tools
PATH: /home/mj10777/000_links/gnu_source/adt-bundle-linux/ndk/android-ndk-r16b
PATH: /home/mj10777/000_links/gnu_source/adt-bundle-linux/apache-ant/bin
PATH: /home/mj10777/000_links/gnu_source/adt-bundle-linux/android-studio/bin
PATH: /usr/local/pgsql/bin
PATH: /home/mj10777/bin
PATH: /usr/local/pgsql/bin
PATH: /usr/local/sbin
PATH: /usr/local/bin
PATH: /usr/sbin
PATH: /usr/bin
PATH: /sbin
PATH: /bin
PATH: /usr/games
PATH: /usr/local/games
PATH: /home/mj10777/bin
PATH: /usr/local/java/jdk1.8.0_11/bin


## ----------- ##
## Core tests. ##
## ----------- ##

configure:2577: checking for a BSD-compatible install
configure:2645: result: /usr/bin/install -c
configure:2656: checking whether build environment is sane
configure:2711: result: yes
configure:2749: WARNING: 'missing' script is too old or missing
configure:2770: checking for arm-linux-eabi-strip
configure:2800: result: no
configure:2810: checking for strip
configure:2826: found /usr/bin/strip
configure:2837: result: strip
configure:2849: WARNING: using cross tools not prefixed with host triplet
configure:2862: checking for a thread-safe mkdir -p
configure:2901: result: /bin/mkdir -p
configure:2908: checking for gawk
configure:2924: found /usr/bin/gawk
configure:2935: result: gawk
configure:2946: checking whether make sets $(MAKE)
configure:2968: result: yes
configure:2997: checking whether make supports nested variables
configure:3014: result: yes
configure:3141: checking whether to enable maintainer-specific portions of Makefiles
configure:3150: result: no
configure:3216: checking for style of include used by make
configure:3244: result: GNU
configure:3275: checking for arm-linux-eabi-gcc
configure:3305: result: no
configure:3315: checking for gcc
configure:3331: found /usr/bin/gcc
configure:3342: result: gcc
configure:3571: checking for C compiler version
configure:3580: gcc --version >&5
gcc (Ubuntu 4.9.1-16ubuntu6) 4.9.1
Copyright (C) 2014 Free Software Foundation, Inc.
This is free software; see the source for copying conditions.  There is NO
warranty; not even for MERCHANTABILITY or FITNESS FOR A PARTICULAR PURPOSE.

configure:3591: $? = 0
configure:3580: gcc -v >&5
Using built-in specs.
COLLECT_GCC=gcc
COLLECT_LTO_WRAPPER=/usr/lib/gcc/x86_64-linux-gnu/4.9/lto-wrapper
Target: x86_64-linux-gnu
Configured with: ../src/configure -v --with-pkgversion='Ubuntu 4.9.1-16ubuntu6' --with-bugurl=file:///usr/share/doc/gcc-4.9/README.Bugs --enable-languages=c,c++,java,go,d,fortran,objc,obj-c++ --prefix=/usr --program-suffix=-4.9 --enable-shared --enable-linker-build-id --libexecdir=/usr/lib --without-included-gettext --enable-threads=posix --with-gxx-include-dir=/usr/include/c++/4.9 --libdir=/usr/lib --enable-nls --with-sysroot=/ --enable-clocale=gnu --enable-libstdcxx-debug --enable-libstdcxx-time=yes --enable-gnu-unique-object --disable-vtable-verify --enable-plugin --with-system-zlib --disable-browser-plugin --enable-java-awt=gtk --enable-gtk-cairo --with-java-home=/usr/lib/jvm/java-1.5.0-gcj-4.9-amd64/jre --enable-java-home --with-jvm-root-dir=/usr/lib/jvm/java-1.5.0-gcj-4.9-amd64 --with-jvm-jar-dir=/usr/lib/jvm-exports/java-1.5.0-gcj-4.9-amd64 --with-arch-directory=amd64 --with-ecj-jar=/usr/share/java/eclipse-ecj.jar --enable-objc-gc --enable-multiarch --disable-werror --with-arch-32=i686 --with-abi=m64 --with-multilib-list=m32,m64,mx32 --enable-multilib --with-tune=generic --enable-checking=release --build=x86_64-linux-gnu --host=x86_64-linux-gnu --target=x86_64-linux-gnu
Thread model: posix
gcc version 4.9.1 (Ubuntu 4.9.1-16ubuntu6) 
configure:3591: $? = 0
configure:3580: gcc -V >&5
gcc: error: unrecognized command line option '-V'
gcc: fatal error: no input files
compilation terminated.
configure:3591: $? = 4
configure:3580: gcc -qversion >&5
gcc: error: unrecognized command line option '-qversion'
gcc: fatal error: no input files
compilation terminated.
configure:3591: $? = 4
configure:3611: checking whether the C compiler works
configure:3633: gcc    conftest.c  >&5
configure:3637: $? = 0
configure:3685: result: yes
configure:3688: checking for C compiler default output file name
configure:3690: result: a.out
configure:3696: checking for suffix of executables
configure:3703: gcc -o conftest    conftest.c  >&5
configure:3707: $? = 0
configure:3729: result: 
configure:3751: checking whether we are cross compiling
configure:3789: result: yes
configure:3794: checking for suffix of object files
configure:3816: gcc -c   conftest.c >&5
configure:3820: $? = 0
configure:3841: result: o
configure:3845: checking whether we are using the GNU C compiler
configure:3864: gcc -c   conftest.c >&5
configure:3864: $? = 0
configure:3873: result: yes
configure:3882: checking whether gcc accepts -g
configure:3902: gcc -c -g  conftest.c >&5
configure:3902: $? = 0
configure:3943: result: yes
configure:3960: checking for gcc option to accept ISO C89
configure:4023: gcc  -c -g -O2  conftest.c >&5
configure:4023: $? = 0
configure:4036: result: none needed
configure:4061: checking whether gcc understands -c and -o together
configure:4083: gcc -c conftest.c -o conftest2.o
configure:4086: $? = 0
configure:4083: gcc -c conftest.c -o conftest2.o
configure:4086: $? = 0
configure:4098: result: yes
configure:4117: checking dependency style of gcc
configure:4228: result: gcc3
configure:4249: checking how to run the C preprocessor
configure:4280: gcc -E  conftest.c
configure:4280: $? = 0
configure:4294: gcc -E  conftest.c
conftest.c:15:28: fatal error: ac_nonexistent.h: No such file or directory
 #include <ac_nonexistent.h>
                            ^
compilation terminated.
configure:4294: $? = 1
configure: failed program was:
| /* confdefs.h */
| #define PACKAGE_NAME "libspatialite"
| #define PACKAGE_TARNAME "libspatialite"
| #define PACKAGE_VERSION "5.0.0-beta1"
| #define PACKAGE_STRING "libspatialite 5.0.0-beta1"
| #define PACKAGE_BUGREPORT "a.furieri@lqt.it"
| #define PACKAGE_URL ""
| #define PACKAGE "libspatialite"
| #define VERSION "5.0.0-beta1"
| #define _LARGE_FILE 1
| #define _FILE_OFFSET_BITS 64
| #define _LARGEFILE_SOURCE 1
| #define NDEBUG 1
| /* end confdefs.h.  */
| #include <ac_nonexistent.h>
configure:4319: result: gcc -E
configure:4339: gcc -E  conftest.c
configure:4339: $? = 0
configure:4353: gcc -E  conftest.c
conftest.c:15:28: fatal error: ac_nonexistent.h: No such file or directory
 #include <ac_nonexistent.h>
                            ^
compilation terminated.
configure:4353: $? = 1
configure: failed program was:
| /* confdefs.h */
| #define PACKAGE_NAME "libspatialite"
| #define PACKAGE_TARNAME "libspatialite"
| #define PACKAGE_VERSION "5.0.0-beta1"
| #define PACKAGE_STRING "libspatialite 5.0.0-beta1"
| #define PACKAGE_BUGREPORT "a.furieri@lqt.it"
| #define PACKAGE_URL ""
| #define PACKAGE "libspatialite"
| #define VERSION "5.0.0-beta1"
| #define _LARGE_FILE 1
| #define _FILE_OFFSET_BITS 64
| #define _LARGEFILE_SOURCE 1
| #define NDEBUG 1
| /* end confdefs.h.  */
| #include <ac_nonexistent.h>
configure:4382: checking for grep that handles long lines and -e
configure:4440: result: /bin/grep
configure:4445: checking for egrep
configure:4507: result: /bin/grep -E
configure:4512: checking for ANSI C header files
configure:4532: gcc -c -g -O2  conftest.c >&5
configure:4532: $? = 0
configure:4616: result: yes
configure:4629: checking for sys/types.h
configure:4629: gcc -c -g -O2  conftest.c >&5
configure:4629: $? = 0
configure:4629: result: yes
configure:4629: checking for sys/stat.h
configure:4629: gcc -c -g -O2  conftest.c >&5
configure:4629: $? = 0
configure:4629: result: yes
configure:4629: checking for stdlib.h
configure:4629: gcc -c -g -O2  conftest.c >&5
configure:4629: $? = 0
configure:4629: result: yes
configure:4629: checking for string.h
configure:4629: gcc -c -g -O2  conftest.c >&5
configure:4629: $? = 0
configure:4629: result: yes
configure:4629: checking for memory.h
configure:4629: gcc -c -g -O2  conftest.c >&5
configure:4629: $? = 0
configure:4629: result: yes
configure:4629: checking for strings.h
configure:4629: gcc -c -g -O2  conftest.c >&5
configure:4629: $? = 0
configure:4629: result: yes
configure:4629: checking for inttypes.h
configure:4629: gcc -c -g -O2  conftest.c >&5
configure:4629: $? = 0
configure:4629: result: yes
configure:4629: checking for stdint.h
configure:4629: gcc -c -g -O2  conftest.c >&5
configure:4629: $? = 0
configure:4629: result: yes
configure:4629: checking for unistd.h
configure:4629: gcc -c -g -O2  conftest.c >&5
configure:4629: $? = 0
configure:4629: result: yes
configure:4643: checking for stdlib.h
configure:4643: result: yes
configure:4657: checking stdio.h usability
configure:4657: gcc -c -g -O2  conftest.c >&5
configure:4657: $? = 0
configure:4657: result: yes
configure:4657: checking stdio.h presence
configure:4657: gcc -E  conftest.c
configure:4657: $? = 0
configure:4657: result: yes
configure:4657: checking for stdio.h
configure:4657: result: yes
configure:4671: checking for string.h
configure:4671: result: yes
configure:4685: checking for memory.h
configure:4685: result: yes
configure:4699: checking math.h usability
configure:4699: gcc -c -g -O2  conftest.c >&5
configure:4699: $? = 0
configure:4699: result: yes
configure:4699: checking math.h presence
configure:4699: gcc -E  conftest.c
configure:4699: $? = 0
configure:4699: result: yes
configure:4699: checking for math.h
configure:4699: result: yes
configure:4713: checking float.h usability
configure:4713: gcc -c -g -O2  conftest.c >&5
configure:4713: $? = 0
configure:4713: result: yes
configure:4713: checking float.h presence
configure:4713: gcc -E  conftest.c
configure:4713: $? = 0
configure:4713: result: yes
configure:4713: checking for float.h
configure:4713: result: yes
configure:4727: checking fcntl.h usability
configure:4727: gcc -c -g -O2  conftest.c >&5
configure:4727: $? = 0
configure:4727: result: yes
configure:4727: checking fcntl.h presence
configure:4727: gcc -E  conftest.c
configure:4727: $? = 0
configure:4727: result: yes
configure:4727: checking for fcntl.h
configure:4727: result: yes
configure:4741: checking for inttypes.h
configure:4741: result: yes
configure:4755: checking stddef.h usability
configure:4755: gcc -c -g -O2  conftest.c >&5
configure:4755: $? = 0
configure:4755: result: yes
configure:4755: checking stddef.h presence
configure:4755: gcc -E  conftest.c
configure:4755: $? = 0
configure:4755: result: yes
configure:4755: checking for stddef.h
configure:4755: result: yes
configure:4769: checking for stdint.h
configure:4769: result: yes
configure:4783: checking sys/time.h usability
configure:4783: gcc -c -g -O2  conftest.c >&5
configure:4783: $? = 0
configure:4783: result: yes
configure:4783: checking sys/time.h presence
configure:4783: gcc -E  conftest.c
configure:4783: $? = 0
configure:4783: result: yes
configure:4783: checking for sys/time.h
configure:4783: result: yes
configure:4797: checking for unistd.h
configure:4797: result: yes
configure:4811: checking sqlite3.h usability
configure:4811: gcc -c -g -O2  conftest.c >&5
configure:4811: $? = 0
configure:4811: result: yes
configure:4811: checking sqlite3.h presence
configure:4811: gcc -E  conftest.c
configure:4811: $? = 0
configure:4811: result: yes
configure:4811: checking for sqlite3.h
configure:4811: result: yes
configure:4825: checking sqlite3ext.h usability
configure:4825: gcc -c -g -O2  conftest.c >&5
configure:4825: $? = 0
configure:4825: result: yes
configure:4825: checking sqlite3ext.h presence
configure:4825: gcc -E  conftest.c
configure:4825: $? = 0
configure:4825: result: yes
configure:4825: checking for sqlite3ext.h
configure:4825: result: yes
configure:4839: checking zlib.h usability
configure:4839: gcc -c -g -O2  conftest.c >&5
configure:4839: $? = 0
configure:4839: result: yes
configure:4839: checking zlib.h presence
configure:4839: gcc -E  conftest.c
configure:4839: $? = 0
configure:4839: result: yes
configure:4839: checking for zlib.h
configure:4839: result: yes
configure:4868: checking for arm-linux-eabi-g++
configure:4898: result: no
configure:4868: checking for arm-linux-eabi-c++
configure:4898: result: no
configure:4868: checking for arm-linux-eabi-gpp
configure:4898: result: no
configure:4868: checking for arm-linux-eabi-aCC
configure:4898: result: no
configure:4868: checking for arm-linux-eabi-CC
configure:4898: result: no
configure:4868: checking for arm-linux-eabi-cxx
configure:4898: result: no
configure:4868: checking for arm-linux-eabi-cc++
configure:4898: result: no
configure:4868: checking for arm-linux-eabi-cl.exe
configure:4898: result: no
configure:4868: checking for arm-linux-eabi-FCC
configure:4898: result: no
configure:4868: checking for arm-linux-eabi-KCC
configure:4898: result: no
configure:4868: checking for arm-linux-eabi-RCC
configure:4898: result: no
configure:4868: checking for arm-linux-eabi-xlC_r
configure:4898: result: no
configure:4868: checking for arm-linux-eabi-xlC
configure:4898: result: no
configure:4912: checking for g++
configure:4928: found /usr/bin/g++
configure:4939: result: g++
configure:4966: checking for C++ compiler version
configure:4975: g++ --version >&5
g++ (Ubuntu 4.9.1-16ubuntu6) 4.9.1
Copyright (C) 2014 Free Software Foundation, Inc.
This is free software; see the source for copying conditions.  There is NO
warranty; not even for MERCHANTABILITY or FITNESS FOR A PARTICULAR PURPOSE.

configure:4986: $? = 0
configure:4975: g++ -v >&5
Using built-in specs.
COLLECT_GCC=g++
COLLECT_LTO_WRAPPER=/usr/lib/gcc/x86_64-linux-gnu/4.9/lto-wrapper
Target: x86_64-linux-gnu
Configured with: ../src/configure -v --with-pkgversion='Ubuntu 4.9.1-16ubuntu6' --with-bugurl=file:///usr/share/doc/gcc-4.9/README.Bugs --enable-languages=c,c++,java,go,d,fortran,objc,obj-c++ --prefix=/usr --program-suffix=-4.9 --enable-shared --enable-linker-build-id --libexecdir=/usr/lib --without-included-gettext --enable-threads=posix --with-gxx-include-dir=/usr/include/c++/4.9 --libdir=/usr/lib --enable-nls --with-sysroot=/ --enable-clocale=gnu --enable-libstdcxx-debug --enable-libstdcxx-time=yes --enable-gnu-unique-object --disable-vtable-verify --enable-plugin --with-system-zlib --disable-browser-plugin --enable-java-awt=gtk --enable-gtk-cairo --with-java-home=/usr/lib/jvm/java-1.5.0-gcj-4.9-amd64/jre --enable-java-home --with-jvm-root-dir=/usr/lib/jvm/java-1.5.0-gcj-4.9-amd64 --with-jvm-jar-dir=/usr/lib/jvm-exports/java-1.5.0-gcj-4.9-amd64 --with-arch-directory=amd64 --with-ecj-jar=/usr/share/java/eclipse-ecj.jar --enable-objc-gc --enable-multiarch --disable-werror --with-arch-32=i686 --with-abi=m64 --with-multilib-list=m32,m64,mx32 --enable-multilib --with-tune=generic --enable-checking=release --build=x86_64-linux-gnu --host=x86_64-linux-gnu --target=x86_64-linux-gnu
Thread model: posix
gcc version 4.9.1 (Ubuntu 4.9.1-16ubuntu6) 
configure:4986: $? = 0
configure:4975: g++ -V >&5
g++: error: unrecognized command line option '-V'
g++: fatal error: no input files
compilation terminated.
configure:4986: $? = 4
configure:4975: g++ -qversion >&5
g++: error: unrecognized command line option '-qversion'
g++: fatal error: no input files
compilation terminated.
configure:4986: $? = 4
configure:4990: checking whether we are using the GNU C++ compiler
configure:5009: g++ -c   conftest.cpp >&5
configure:5009: $? = 0
configure:5018: result: yes
configure:5027: checking whether g++ accepts -g
configure:5047: g++ -c -g  conftest.cpp >&5
configure:5047: $? = 0
configure:5088: result: yes
configure:5113: checking dependency style of g++
configure:5224: result: gcc3
configure:5247: checking for arm-linux-eabi-gcc
configure:5274: result: gcc
configure:5543: checking for C compiler version
configure:5552: gcc --version >&5
gcc (Ubuntu 4.9.1-16ubuntu6) 4.9.1
Copyright (C) 2014 Free Software Foundation, Inc.
This is free software; see the source for copying conditions.  There is NO
warranty; not even for MERCHANTABILITY or FITNESS FOR A PARTICULAR PURPOSE.

configure:5563: $? = 0
configure:5552: gcc -v >&5
Using built-in specs.
COLLECT_GCC=gcc
COLLECT_LTO_WRAPPER=/usr/lib/gcc/x86_64-linux-gnu/4.9/lto-wrapper
Target: x86_64-linux-gnu
Configured with: ../src/configure -v --with-pkgversion='Ubuntu 4.9.1-16ubuntu6' --with-bugurl=file:///usr/share/doc/gcc-4.9/README.Bugs --enable-languages=c,c++,java,go,d,fortran,objc,obj-c++ --prefix=/usr --program-suffix=-4.9 --enable-shared --enable-linker-build-id --libexecdir=/usr/lib --without-included-gettext --enable-threads=posix --with-gxx-include-dir=/usr/include/c++/4.9 --libdir=/usr/lib --enable-nls --with-sysroot=/ --enable-clocale=gnu --enable-libstdcxx-debug --enable-libstdcxx-time=yes --enable-gnu-unique-object --disable-vtable-verify --enable-plugin --with-system-zlib --disable-browser-plugin --enable-java-awt=gtk --enable-gtk-cairo --with-java-home=/usr/lib/jvm/java-1.5.0-gcj-4.9-amd64/jre --enable-java-home --with-jvm-root-dir=/usr/lib/jvm/java-1.5.0-gcj-4.9-amd64 --with-jvm-jar-dir=/usr/lib/jvm-exports/java-1.5.0-gcj-4.9-amd64 --with-arch-directory=amd64 --with-ecj-jar=/usr/share/java/eclipse-ecj.jar --enable-objc-gc --enable-multiarch --disable-werror --with-arch-32=i686 --with-abi=m64 --with-multilib-list=m32,m64,mx32 --enable-multilib --with-tune=generic --enable-checking=release --build=x86_64-linux-gnu --host=x86_64-linux-gnu --target=x86_64-linux-gnu
Thread model: posix
gcc version 4.9.1 (Ubuntu 4.9.1-16ubuntu6) 
configure:5563: $? = 0
configure:5552: gcc -V >&5
gcc: error: unrecognized command line option '-V'
gcc: fatal error: no input files
compilation terminated.
configure:5563: $? = 4
configure:5552: gcc -qversion >&5
gcc: error: unrecognized command line option '-qversion'
gcc: fatal error: no input files
compilation terminated.
configure:5563: $? = 4
configure:5567: checking whether we are using the GNU C compiler
configure:5595: result: yes
configure:5604: checking whether gcc accepts -g
configure:5665: result: yes
configure:5682: checking for gcc option to accept ISO C89
configure:5758: result: none needed
configure:5783: checking whether gcc understands -c and -o together
configure:5820: result: yes
configure:5839: checking dependency style of gcc
configure:5950: result: gcc3
configure:5970: checking how to run the C preprocessor
configure:6040: result: gcc -E
configure:6060: gcc -E  conftest.c
configure:6060: $? = 0
configure:6074: gcc -E  conftest.c
conftest.c:40:28: fatal error: ac_nonexistent.h: No such file or directory
 #include <ac_nonexistent.h>
                            ^
compilation terminated.
configure:6074: $? = 1
configure: failed program was:
| /* confdefs.h */
| #define PACKAGE_NAME "libspatialite"
| #define PACKAGE_TARNAME "libspatialite"
| #define PACKAGE_VERSION "5.0.0-beta1"
| #define PACKAGE_STRING "libspatialite 5.0.0-beta1"
| #define PACKAGE_BUGREPORT "a.furieri@lqt.it"
| #define PACKAGE_URL ""
| #define PACKAGE "libspatialite"
| #define VERSION "5.0.0-beta1"
| #define _LARGE_FILE 1
| #define _FILE_OFFSET_BITS 64
| #define _LARGEFILE_SOURCE 1
| #define NDEBUG 1
| #define STDC_HEADERS 1
| #define HAVE_SYS_TYPES_H 1
| #define HAVE_SYS_STAT_H 1
| #define HAVE_STDLIB_H 1
| #define HAVE_STRING_H 1
| #define HAVE_MEMORY_H 1
| #define HAVE_STRINGS_H 1
| #define HAVE_INTTYPES_H 1
| #define HAVE_STDINT_H 1
| #define HAVE_UNISTD_H 1
| #define HAVE_STDLIB_H 1
| #define HAVE_STDIO_H 1
| #define HAVE_STRING_H 1
| #define HAVE_MEMORY_H 1
| #define HAVE_MATH_H 1
| #define HAVE_FLOAT_H 1
| #define HAVE_FCNTL_H 1
| #define HAVE_INTTYPES_H 1
| #define HAVE_STDDEF_H 1
| #define HAVE_STDINT_H 1
| #define HAVE_SYS_TIME_H 1
| #define HAVE_UNISTD_H 1
| #define HAVE_SQLITE3_H 1
| #define HAVE_SQLITE3EXT_H 1
| #define HAVE_ZLIB_H 1
| /* end confdefs.h.  */
| #include <ac_nonexistent.h>
configure:6103: checking whether ln -s works
configure:6107: result: yes
configure:6114: checking whether make sets $(MAKE)
configure:6136: result: yes
configure:6149: checking build system type
configure:6163: result: x86_64-pc-linux-gnu
configure:6183: checking host system type
configure:6196: result: arm-linux-eabi
configure:6565: checking how to print strings
configure:6592: result: printf
configure:6613: checking for a sed that does not truncate output
configure:6677: result: /bin/sed
configure:6695: checking for fgrep
configure:6757: result: /bin/grep -F
configure:6792: checking for ld used by gcc
configure:6859: result: /usr/bin/ld
configure:6866: checking if the linker (/usr/bin/ld) is GNU ld
configure:6881: result: yes
configure:6893: checking for BSD- or MS-compatible name lister (nm)
configure:6942: result: no
configure:6956: checking for arm-linux-eabi-dumpbin
configure:6986: result: no
configure:6956: checking for arm-linux-eabi-link
configure:6986: result: no
configure:7000: checking for dumpbin
configure:7030: result: no
configure:7000: checking for link
configure:7016: found /usr/bin/link
configure:7027: result: link -dump
configure:7072: checking the name lister (nm) interface
configure:7079: gcc -c -g -O2  conftest.c >&5
configure:7082: nm "conftest.o"
configure:7085: output
0000000000000000 B some_variable
configure:7092: result: BSD nm
configure:7096: checking the maximum length of command line arguments
configure:7221: result: 1572864
configure:7238: checking whether the shell understands some XSI constructs
configure:7248: result: yes
configure:7252: checking whether the shell understands "+="
configure:7258: result: yes
configure:7293: checking how to convert x86_64-pc-linux-gnu file names to arm-linux-eabi format
configure:7333: result: func_convert_file_noop
configure:7340: checking how to convert x86_64-pc-linux-gnu file names to toolchain format
configure:7360: result: func_convert_file_noop
configure:7367: checking for /usr/bin/ld option to reload object files
configure:7374: result: -r
configure:7408: checking for arm-linux-eabi-objdump
configure:7435: result: objdump
configure:7504: checking how to recognize dependent libraries
configure:7706: result: unknown
configure:7751: checking for arm-linux-eabi-dlltool
configure:7778: result: dlltool
configure:7848: checking how to associate runtime and link libraries
configure:7875: result: printf %s\n
configure:7891: checking for arm-linux-eabi-ar
configure:7921: result: no
configure:7935: checking for ar
configure:7951: found /usr/bin/ar
configure:7962: result: ar
configure:7999: checking for archiver @FILE support
configure:8016: gcc -c -g -O2  conftest.c >&5
configure:8016: $? = 0
configure:8019: ar cru libconftest.a @conftest.lst >&5
configure:8022: $? = 0
configure:8027: ar cru libconftest.a @conftest.lst >&5
ar: conftest.o: No such file or directory
configure:8030: $? = 1
configure:8042: result: @
configure:8060: checking for arm-linux-eabi-strip
configure:8087: result: strip
configure:8159: checking for arm-linux-eabi-ranlib
configure:8189: result: no
configure:8199: checking for ranlib
configure:8215: found /usr/bin/ranlib
configure:8226: result: ranlib
configure:8328: checking command to parse nm output from gcc object
configure:8447: gcc -c -g -O2  conftest.c >&5
configure:8450: $? = 0
configure:8454: nm conftest.o \| sed -n -e 's/^.*[ ]\([ABCDGIRSTW][ABCDGIRSTW]*\)[ ][ ]*\([_A-Za-z][_A-Za-z0-9]*\)$/\1 \2 \2/p' | sed '/ __gnu_lto/d' \> conftest.nm
configure:8457: $? = 0
configure:8523: gcc -o conftest -g -O2   conftest.c conftstm.o >&5
configure:8526: $? = 0
configure:8564: result: ok
configure:8601: checking for sysroot
configure:8631: result: no
configure:8834: checking for arm-linux-eabi-mt
configure:8864: result: no
configure:8874: checking for mt
configure:8890: found /bin/mt
configure:8901: result: mt
configure:8924: checking if mt is a manifest tool
configure:8930: mt '-?'
configure:8938: result: no
configure:9567: checking for dlfcn.h
configure:9567: gcc -c -g -O2  conftest.c >&5
configure:9567: $? = 0
configure:9567: result: yes
configure:9763: checking for objdir
configure:9778: result: .libs
configure:10049: checking if gcc supports -fno-rtti -fno-exceptions
configure:10067: gcc -c -g -O2  -fno-rtti -fno-exceptions conftest.c >&5
cc1: warning: command line option '-fno-rtti' is valid for C++/ObjC++ but not for C
configure:10071: $? = 0
configure:10084: result: no
configure:10394: checking for gcc option to produce PIC
configure:10401: result: -fPIC -DPIC
configure:10409: checking if gcc PIC flag -fPIC -DPIC works
configure:10427: gcc -c -g -O2  -fPIC -DPIC -DPIC conftest.c >&5
configure:10431: $? = 0
configure:10444: result: yes
configure:10473: checking if gcc static flag -static works
configure:10501: result: yes
configure:10516: checking if gcc supports -c -o file.o
configure:10537: gcc -c -g -O2  -o out/conftest2.o conftest.c >&5
configure:10541: $? = 0
configure:10563: result: yes
configure:10571: checking if gcc supports -c -o file.o
configure:10618: result: yes
configure:10651: checking whether the gcc linker (/usr/bin/ld) supports shared libraries
configure:11809: result: yes
configure:11846: checking whether -lc should be explicitly linked in
configure:11854: gcc -c -g -O2  conftest.c >&5
configure:11857: $? = 0
configure:11872: gcc -shared  -fPIC -DPIC conftest.o  -v -Wl,-soname -Wl,conftest -o conftest 2\>\&1 \| /bin/grep  -lc  \>/dev/null 2\>\&1
configure:11875: $? = 0
configure:11889: result: no
configure:12054: checking dynamic linker characteristics
configure:12794: result: no
configure:12901: checking how to hardcode library paths into programs
configure:12926: result: immediate
configure:13466: checking whether stripping libraries is possible
configure:13471: result: yes
configure:13506: checking if libtool supports shared libraries
configure:13508: result: no
configure:13511: checking whether to build shared libraries
configure:13532: result: no
configure:13535: checking whether to build static libraries
configure:13539: result: yes
configure:13562: checking how to run the C++ preprocessor
configure:13589: g++ -E  conftest.cpp
configure:13589: $? = 0
configure:13603: g++ -E  conftest.cpp
conftest.cpp:42:28: fatal error: ac_nonexistent.h: No such file or directory
 #include <ac_nonexistent.h>
                            ^
compilation terminated.
configure:13603: $? = 1
configure: failed program was:
| /* confdefs.h */
| #define PACKAGE_NAME "libspatialite"
| #define PACKAGE_TARNAME "libspatialite"
| #define PACKAGE_VERSION "5.0.0-beta1"
| #define PACKAGE_STRING "libspatialite 5.0.0-beta1"
| #define PACKAGE_BUGREPORT "a.furieri@lqt.it"
| #define PACKAGE_URL ""
| #define PACKAGE "libspatialite"
| #define VERSION "5.0.0-beta1"
| #define _LARGE_FILE 1
| #define _FILE_OFFSET_BITS 64
| #define _LARGEFILE_SOURCE 1
| #define NDEBUG 1
| #define STDC_HEADERS 1
| #define HAVE_SYS_TYPES_H 1
| #define HAVE_SYS_STAT_H 1
| #define HAVE_STDLIB_H 1
| #define HAVE_STRING_H 1
| #define HAVE_MEMORY_H 1
| #define HAVE_STRINGS_H 1
| #define HAVE_INTTYPES_H 1
| #define HAVE_STDINT_H 1
| #define HAVE_UNISTD_H 1
| #define HAVE_STDLIB_H 1
| #define HAVE_STDIO_H 1
| #define HAVE_STRING_H 1
| #define HAVE_MEMORY_H 1
| #define HAVE_MATH_H 1
| #define HAVE_FLOAT_H 1
| #define HAVE_FCNTL_H 1
| #define HAVE_INTTYPES_H 1
| #define HAVE_STDDEF_H 1
| #define HAVE_STDINT_H 1
| #define HAVE_SYS_TIME_H 1
| #define HAVE_UNISTD_H 1
| #define HAVE_SQLITE3_H 1
| #define HAVE_SQLITE3EXT_H 1
| #define HAVE_ZLIB_H 1
| #define HAVE_DLFCN_H 1
| #define LT_OBJDIR ".libs/"
| /* end confdefs.h.  */
| #include <ac_nonexistent.h>
configure:13628: result: g++ -E
configure:13648: g++ -E  conftest.cpp
configure:13648: $? = 0
configure:13662: g++ -E  conftest.cpp
conftest.cpp:42:28: fatal error: ac_nonexistent.h: No such file or directory
 #include <ac_nonexistent.h>
                            ^
compilation terminated.
configure:13662: $? = 1
configure: failed program was:
| /* confdefs.h */
| #define PACKAGE_NAME "libspatialite"
| #define PACKAGE_TARNAME "libspatialite"
| #define PACKAGE_VERSION "5.0.0-beta1"
| #define PACKAGE_STRING "libspatialite 5.0.0-beta1"
| #define PACKAGE_BUGREPORT "a.furieri@lqt.it"
| #define PACKAGE_URL ""
| #define PACKAGE "libspatialite"
| #define VERSION "5.0.0-beta1"
| #define _LARGE_FILE 1
| #define _FILE_OFFSET_BITS 64
| #define _LARGEFILE_SOURCE 1
| #define NDEBUG 1
| #define STDC_HEADERS 1
| #define HAVE_SYS_TYPES_H 1
| #define HAVE_SYS_STAT_H 1
| #define HAVE_STDLIB_H 1
| #define HAVE_STRING_H 1
| #define HAVE_MEMORY_H 1
| #define HAVE_STRINGS_H 1
| #define HAVE_INTTYPES_H 1
| #define HAVE_STDINT_H 1
| #define HAVE_UNISTD_H 1
| #define HAVE_STDLIB_H 1
| #define HAVE_STDIO_H 1
| #define HAVE_STRING_H 1
| #define HAVE_MEMORY_H 1
| #define HAVE_MATH_H 1
| #define HAVE_FLOAT_H 1
| #define HAVE_FCNTL_H 1
| #define HAVE_INTTYPES_H 1
| #define HAVE_STDDEF_H 1
| #define HAVE_STDINT_H 1
| #define HAVE_SYS_TIME_H 1
| #define HAVE_UNISTD_H 1
| #define HAVE_SQLITE3_H 1
| #define HAVE_SQLITE3EXT_H 1
| #define HAVE_ZLIB_H 1
| #define HAVE_DLFCN_H 1
| #define LT_OBJDIR ".libs/"
| /* end confdefs.h.  */
| #include <ac_nonexistent.h>
configure:13832: checking for ld used by g++
configure:13899: result: /usr/bin/ld
configure:13906: checking if the linker (/usr/bin/ld) is GNU ld
configure:13921: result: yes
configure:13976: checking whether the g++ linker (/usr/bin/ld) supports shared libraries
configure:14980: result: no
configure:15015: g++ -c -g -O2  conftest.cpp >&5
configure:15018: $? = 0
configure:15538: checking for g++ option to produce PIC
configure:15545: result: -fPIC -DPIC
configure:15553: checking if g++ PIC flag -fPIC -DPIC works
configure:15571: g++ -c -g -O2  -fPIC -DPIC -DPIC conftest.cpp >&5
configure:15575: $? = 0
configure:15588: result: yes
configure:15611: checking if g++ static flag -static works
configure:15639: result: yes
configure:15651: checking if g++ supports -c -o file.o
configure:15672: g++ -c -g -O2  -o out/conftest2.o conftest.cpp >&5
configure:15676: $? = 0
configure:15698: result: yes
configure:15703: checking if g++ supports -c -o file.o
configure:15750: result: yes
configure:15780: checking whether the g++ linker (/usr/bin/ld) supports shared libraries
configure:15814: result: no
configure:15957: checking dynamic linker characteristics
configure:16631: result: no
configure:16684: checking how to hardcode library paths into programs
configure:16709: result: immediate
configure:16770: checking for an ANSI C-conforming const
configure:16836: gcc -c -g -O2  conftest.c >&5
configure:16836: $? = 0
configure:16843: result: yes
configure:16851: checking for off_t
configure:16851: gcc -c -g -O2  conftest.c >&5
configure:16851: $? = 0
configure:16851: gcc -c -g -O2  conftest.c >&5
conftest.c: In function 'main':
conftest.c:78:20: error: expected expression before ')' token
 if (sizeof ((off_t)))
                    ^
configure:16851: $? = 1
configure: failed program was:
| /* confdefs.h */
| #define PACKAGE_NAME "libspatialite"
| #define PACKAGE_TARNAME "libspatialite"
| #define PACKAGE_VERSION "5.0.0-beta1"
| #define PACKAGE_STRING "libspatialite 5.0.0-beta1"
| #define PACKAGE_BUGREPORT "a.furieri@lqt.it"
| #define PACKAGE_URL ""
| #define PACKAGE "libspatialite"
| #define VERSION "5.0.0-beta1"
| #define _LARGE_FILE 1
| #define _FILE_OFFSET_BITS 64
| #define _LARGEFILE_SOURCE 1
| #define NDEBUG 1
| #define STDC_HEADERS 1
| #define HAVE_SYS_TYPES_H 1
| #define HAVE_SYS_STAT_H 1
| #define HAVE_STDLIB_H 1
| #define HAVE_STRING_H 1
| #define HAVE_MEMORY_H 1
| #define HAVE_STRINGS_H 1
| #define HAVE_INTTYPES_H 1
| #define HAVE_STDINT_H 1
| #define HAVE_UNISTD_H 1
| #define HAVE_STDLIB_H 1
| #define HAVE_STDIO_H 1
| #define HAVE_STRING_H 1
| #define HAVE_MEMORY_H 1
| #define HAVE_MATH_H 1
| #define HAVE_FLOAT_H 1
| #define HAVE_FCNTL_H 1
| #define HAVE_INTTYPES_H 1
| #define HAVE_STDDEF_H 1
| #define HAVE_STDINT_H 1
| #define HAVE_SYS_TIME_H 1
| #define HAVE_UNISTD_H 1
| #define HAVE_SQLITE3_H 1
| #define HAVE_SQLITE3EXT_H 1
| #define HAVE_ZLIB_H 1
| #define HAVE_DLFCN_H 1
| #define LT_OBJDIR ".libs/"
| /* end confdefs.h.  */
| #include <stdio.h>
| #ifdef HAVE_SYS_TYPES_H
| # include <sys/types.h>
| #endif
| #ifdef HAVE_SYS_STAT_H
| # include <sys/stat.h>
| #endif
| #ifdef STDC_HEADERS
| # include <stdlib.h>
| # include <stddef.h>
| #else
| # ifdef HAVE_STDLIB_H
| #  include <stdlib.h>
| # endif
| #endif
| #ifdef HAVE_STRING_H
| # if !defined STDC_HEADERS && defined HAVE_MEMORY_H
| #  include <memory.h>
| # endif
| # include <string.h>
| #endif
| #ifdef HAVE_STRINGS_H
| # include <strings.h>
| #endif
| #ifdef HAVE_INTTYPES_H
| # include <inttypes.h>
| #endif
| #ifdef HAVE_STDINT_H
| # include <stdint.h>
| #endif
| #ifdef HAVE_UNISTD_H
| # include <unistd.h>
| #endif
| int
| main ()
| {
| if (sizeof ((off_t)))
| 	    return 0;
|   ;
|   return 0;
| }
configure:16851: result: yes
configure:16862: checking for size_t
configure:16862: gcc -c -g -O2  conftest.c >&5
configure:16862: $? = 0
configure:16862: gcc -c -g -O2  conftest.c >&5
conftest.c: In function 'main':
conftest.c:78:21: error: expected expression before ')' token
 if (sizeof ((size_t)))
                     ^
configure:16862: $? = 1
configure: failed program was:
| /* confdefs.h */
| #define PACKAGE_NAME "libspatialite"
| #define PACKAGE_TARNAME "libspatialite"
| #define PACKAGE_VERSION "5.0.0-beta1"
| #define PACKAGE_STRING "libspatialite 5.0.0-beta1"
| #define PACKAGE_BUGREPORT "a.furieri@lqt.it"
| #define PACKAGE_URL ""
| #define PACKAGE "libspatialite"
| #define VERSION "5.0.0-beta1"
| #define _LARGE_FILE 1
| #define _FILE_OFFSET_BITS 64
| #define _LARGEFILE_SOURCE 1
| #define NDEBUG 1
| #define STDC_HEADERS 1
| #define HAVE_SYS_TYPES_H 1
| #define HAVE_SYS_STAT_H 1
| #define HAVE_STDLIB_H 1
| #define HAVE_STRING_H 1
| #define HAVE_MEMORY_H 1
| #define HAVE_STRINGS_H 1
| #define HAVE_INTTYPES_H 1
| #define HAVE_STDINT_H 1
| #define HAVE_UNISTD_H 1
| #define HAVE_STDLIB_H 1
| #define HAVE_STDIO_H 1
| #define HAVE_STRING_H 1
| #define HAVE_MEMORY_H 1
| #define HAVE_MATH_H 1
| #define HAVE_FLOAT_H 1
| #define HAVE_FCNTL_H 1
| #define HAVE_INTTYPES_H 1
| #define HAVE_STDDEF_H 1
| #define HAVE_STDINT_H 1
| #define HAVE_SYS_TIME_H 1
| #define HAVE_UNISTD_H 1
| #define HAVE_SQLITE3_H 1
| #define HAVE_SQLITE3EXT_H 1
| #define HAVE_ZLIB_H 1
| #define HAVE_DLFCN_H 1
| #define LT_OBJDIR ".libs/"
| /* end confdefs.h.  */
| #include <stdio.h>
| #ifdef HAVE_SYS_TYPES_H
| # include <sys/types.h>
| #endif
| #ifdef HAVE_SYS_STAT_H
| # include <sys/stat.h>
| #endif
| #ifdef STDC_HEADERS
| # include <stdlib.h>
| # include <stddef.h>
| #else
| # ifdef HAVE_STDLIB_H
| #  include <stdlib.h>
| # endif
| #endif
| #ifdef HAVE_STRING_H
| # if !defined STDC_HEADERS && defined HAVE_MEMORY_H
| #  include <memory.h>
| # endif
| # include <string.h>
| #endif
| #ifdef HAVE_STRINGS_H
| # include <strings.h>
| #endif
| #ifdef HAVE_INTTYPES_H
| # include <inttypes.h>
| #endif
| #ifdef HAVE_STDINT_H
| # include <stdint.h>
| #endif
| #ifdef HAVE_UNISTD_H
| # include <unistd.h>
| #endif
| int
| main ()
| {
| if (sizeof ((size_t)))
| 	    return 0;
|   ;
|   return 0;
| }
configure:16862: result: yes
configure:16873: checking whether time.h and sys/time.h may both be included
configure:16893: gcc -c -g -O2  conftest.c >&5
configure:16893: $? = 0
configure:16900: result: yes
configure:16908: checking whether struct tm is in sys/time.h or time.h
configure:16928: gcc -c -g -O2  conftest.c >&5
configure:16928: $? = 0
configure:16935: result: time.h
configure:16943: checking for working volatile
configure:16962: gcc -c -g -O2  conftest.c >&5
configure:16962: $? = 0
configure:16969: result: yes
configure:16979: checking whether lstat correctly handles trailing slash
configure:17022: result: no
configure:17041: checking whether lstat accepts an empty string
configure:17071: result: yes
configure:17087: checking whether lstat correctly handles trailing slash
configure:17130: result: no
configure:17149: checking for working memcmp
configure:17202: result: no
configure:17211: checking whether stat accepts an empty string
configure:17241: result: yes
configure:17259: checking for strftime
configure:17259: gcc -o conftest -g -O2   conftest.c  >&5
conftest.c:68:6: warning: conflicting types for built-in function 'strftime'
 char strftime ();
      ^
configure:17259: $? = 0
configure:17259: result: yes
configure:17315: checking for memset
configure:17315: gcc -o conftest -g -O2   conftest.c  >&5
conftest.c:69:6: warning: conflicting types for built-in function 'memset'
 char memset ();
      ^
configure:17315: $? = 0
configure:17315: result: yes
configure:17315: checking for sqrt
configure:17315: gcc -o conftest -g -O2   conftest.c  >&5
conftest.c:70:6: warning: conflicting types for built-in function 'sqrt'
 char sqrt ();
      ^
/tmp/ccJtY6ZU.o: In function `main':
/home/mj10777/000_links/geopaparazzi/geopaparazzi.eu/libjsqlite-spatialite-android/libjsqlite-spatialite-android/spatialite-android-library/jni/libspatialite-5.0.0/conftest.c:81: undefined reference to `sqrt'
collect2: error: ld returned 1 exit status
configure:17315: $? = 1
configure: failed program was:
| /* confdefs.h */
| #define PACKAGE_NAME "libspatialite"
| #define PACKAGE_TARNAME "libspatialite"
| #define PACKAGE_VERSION "5.0.0-beta1"
| #define PACKAGE_STRING "libspatialite 5.0.0-beta1"
| #define PACKAGE_BUGREPORT "a.furieri@lqt.it"
| #define PACKAGE_URL ""
| #define PACKAGE "libspatialite"
| #define VERSION "5.0.0-beta1"
| #define _LARGE_FILE 1
| #define _FILE_OFFSET_BITS 64
| #define _LARGEFILE_SOURCE 1
| #define NDEBUG 1
| #define STDC_HEADERS 1
| #define HAVE_SYS_TYPES_H 1
| #define HAVE_SYS_STAT_H 1
| #define HAVE_STDLIB_H 1
| #define HAVE_STRING_H 1
| #define HAVE_MEMORY_H 1
| #define HAVE_STRINGS_H 1
| #define HAVE_INTTYPES_H 1
| #define HAVE_STDINT_H 1
| #define HAVE_UNISTD_H 1
| #define HAVE_STDLIB_H 1
| #define HAVE_STDIO_H 1
| #define HAVE_STRING_H 1
| #define HAVE_MEMORY_H 1
| #define HAVE_MATH_H 1
| #define HAVE_FLOAT_H 1
| #define HAVE_FCNTL_H 1
| #define HAVE_INTTYPES_H 1
| #define HAVE_STDDEF_H 1
| #define HAVE_STDINT_H 1
| #define HAVE_SYS_TIME_H 1
| #define HAVE_UNISTD_H 1
| #define HAVE_SQLITE3_H 1
| #define HAVE_SQLITE3EXT_H 1
| #define HAVE_ZLIB_H 1
| #define HAVE_DLFCN_H 1
| #define LT_OBJDIR ".libs/"
| #define TIME_WITH_SYS_TIME 1
| #define HAVE_LSTAT_EMPTY_STRING_BUG 1
| #define HAVE_STAT_EMPTY_STRING_BUG 1
| #define HAVE_STRFTIME 1
| #define HAVE_MEMSET 1
| /* end confdefs.h.  */
| /* Define sqrt to an innocuous variant, in case <limits.h> declares sqrt.
|    For example, HP-UX 11i <limits.h> declares gettimeofday.  */
| #define sqrt innocuous_sqrt
| 
| /* System header to define __stub macros and hopefully few prototypes,
|     which can conflict with char sqrt (); below.
|     Prefer <limits.h> to <assert.h> if __STDC__ is defined, since
|     <limits.h> exists even on freestanding compilers.  */
| 
| #ifdef __STDC__
| # include <limits.h>
| #else
| # include <assert.h>
| #endif
| 
| #undef sqrt
| 
| /* Override any GCC internal prototype to avoid an error.
|    Use char because int might match the return type of a GCC
|    builtin and then its argument prototype would still apply.  */
| #ifdef __cplusplus
| extern "C"
| #endif
| char sqrt ();
| /* The GNU C library defines this for functions which it implements
|     to always fail with ENOSYS.  Some functions are actually named
|     something starting with __ and the normal name is an alias.  */
| #if defined __stub_sqrt || defined __stub___sqrt
| choke me
| #endif
| 
| int
| main ()
| {
| return sqrt ();
|   ;
|   return 0;
| }
configure:17315: result: no
configure:17315: checking for strcasecmp
configure:17315: gcc -o conftest -g -O2   conftest.c  >&5
conftest.c:70:6: warning: conflicting types for built-in function 'strcasecmp'
 char strcasecmp ();
      ^
configure:17315: $? = 0
configure:17315: result: yes
configure:17315: checking for strerror
configure:17315: gcc -o conftest -g -O2   conftest.c  >&5
configure:17315: $? = 0
configure:17315: result: yes
configure:17315: checking for strncasecmp
configure:17315: gcc -o conftest -g -O2   conftest.c  >&5
conftest.c:72:6: warning: conflicting types for built-in function 'strncasecmp'
 char strncasecmp ();
      ^
configure:17315: $? = 0
configure:17315: result: yes
configure:17315: checking for strstr
configure:17315: gcc -o conftest -g -O2   conftest.c  >&5
conftest.c:73:6: warning: conflicting types for built-in function 'strstr'
 char strstr ();
      ^
configure:17315: $? = 0
configure:17315: result: yes
configure:17315: checking for fdatasync
configure:17315: gcc -o conftest -g -O2   conftest.c  >&5
configure:17315: $? = 0
configure:17315: result: yes
configure:17315: checking for ftruncate
configure:17315: gcc -o conftest -g -O2   conftest.c  >&5
configure:17315: $? = 0
configure:17315: result: yes
configure:17315: checking for getcwd
configure:17315: gcc -o conftest -g -O2   conftest.c  >&5
configure:17315: $? = 0
configure:17315: result: yes
configure:17315: checking for gettimeofday
configure:17315: gcc -o conftest -g -O2   conftest.c  >&5
configure:17315: $? = 0
configure:17315: result: yes
configure:17315: checking for localtime_r
configure:17315: gcc -o conftest -g -O2   conftest.c  >&5
configure:17315: $? = 0
configure:17315: result: yes
configure:17315: checking for memmove
configure:17315: gcc -o conftest -g -O2   conftest.c  >&5
conftest.c:79:6: warning: conflicting types for built-in function 'memmove'
 char memmove ();
      ^
configure:17315: $? = 0
configure:17315: result: yes
configure:17315: checking for strerror
configure:17315: result: yes
configure:17326: checking for sqlite3_prepare_v2 in -lsqlite3
configure:17351: gcc -o conftest -g -O2   conftest.c -lsqlite3 -lm  >&5
configure:17351: $? = 0
configure:17360: result: yes
configure:17373: checking for inflateInit_ in -lz
configure:17398: gcc -o conftest -g -O2   conftest.c -lz -lm -lsqlite3  >&5
configure:17398: $? = 0
configure:17407: result: yes
configure:17523: checking for sqlite3_rtree_query_callback in -lsqlite3
configure:17548: gcc -o conftest -g -O2   conftest.c -lsqlite3 -lm -lz -lsqlite3  >&5
configure:17548: $? = 0
configure:17557: result: yes
configure:17589: checking proj.h usability
configure:17589: gcc -c -g -O2  conftest.c >&5
conftest.c:96:18: fatal error: proj.h: No such file or directory
 #include <proj.h>
                  ^
compilation terminated.
configure:17589: $? = 1
configure: failed program was:
| /* confdefs.h */
| #define PACKAGE_NAME "libspatialite"
| #define PACKAGE_TARNAME "libspatialite"
| #define PACKAGE_VERSION "5.0.0-beta1"
| #define PACKAGE_STRING "libspatialite 5.0.0-beta1"
| #define PACKAGE_BUGREPORT "a.furieri@lqt.it"
| #define PACKAGE_URL ""
| #define PACKAGE "libspatialite"
| #define VERSION "5.0.0-beta1"
| #define _LARGE_FILE 1
| #define _FILE_OFFSET_BITS 64
| #define _LARGEFILE_SOURCE 1
| #define NDEBUG 1
| #define STDC_HEADERS 1
| #define HAVE_SYS_TYPES_H 1
| #define HAVE_SYS_STAT_H 1
| #define HAVE_STDLIB_H 1
| #define HAVE_STRING_H 1
| #define HAVE_MEMORY_H 1
| #define HAVE_STRINGS_H 1
| #define HAVE_INTTYPES_H 1
| #define HAVE_STDINT_H 1
| #define HAVE_UNISTD_H 1
| #define HAVE_STDLIB_H 1
| #define HAVE_STDIO_H 1
| #define HAVE_STRING_H 1
| #define HAVE_MEMORY_H 1
| #define HAVE_MATH_H 1
| #define HAVE_FLOAT_H 1
| #define HAVE_FCNTL_H 1
| #define HAVE_INTTYPES_H 1
| #define HAVE_STDDEF_H 1
| #define HAVE_STDINT_H 1
| #define HAVE_SYS_TIME_H 1
| #define HAVE_UNISTD_H 1
| #define HAVE_SQLITE3_H 1
| #define HAVE_SQLITE3EXT_H 1
| #define HAVE_ZLIB_H 1
| #define HAVE_DLFCN_H 1
| #define LT_OBJDIR ".libs/"
| #define TIME_WITH_SYS_TIME 1
| #define HAVE_LSTAT_EMPTY_STRING_BUG 1
| #define HAVE_STAT_EMPTY_STRING_BUG 1
| #define HAVE_STRFTIME 1
| #define HAVE_MEMSET 1
| #define HAVE_STRCASECMP 1
| #define HAVE_STRERROR 1
| #define HAVE_STRNCASECMP 1
| #define HAVE_STRSTR 1
| #define HAVE_FDATASYNC 1
| #define HAVE_FTRUNCATE 1
| #define HAVE_GETCWD 1
| #define HAVE_GETTIMEOFDAY 1
| #define HAVE_LOCALTIME_R 1
| #define HAVE_MEMMOVE 1
| #define HAVE_STRERROR 1
| #define HAVE_LIBSQLITE3 1
| #define HAVE_LIBZ 1
| #define TARGET_CPU "x86_64-linux-gnu"
| #define OMIT_GEOCALLBACKS 1
| #define HAVE_LIBSQLITE3 1
| /* end confdefs.h.  */
| #include <stdio.h>
| #ifdef HAVE_SYS_TYPES_H
| # include <sys/types.h>
| #endif
| #ifdef HAVE_SYS_STAT_H
| # include <sys/stat.h>
| #endif
| #ifdef STDC_HEADERS
| # include <stdlib.h>
| # include <stddef.h>
| #else
| # ifdef HAVE_STDLIB_H
| #  include <stdlib.h>
| # endif
| #endif
| #ifdef HAVE_STRING_H
| # if !defined STDC_HEADERS && defined HAVE_MEMORY_H
| #  include <memory.h>
| # endif
| # include <string.h>
| #endif
| #ifdef HAVE_STRINGS_H
| # include <strings.h>
| #endif
| #ifdef HAVE_INTTYPES_H
| # include <inttypes.h>
| #endif
| #ifdef HAVE_STDINT_H
| # include <stdint.h>
| #endif
| #ifdef HAVE_UNISTD_H
| # include <unistd.h>
| #endif
| #include <proj.h>
configure:17589: result: no
configure:17589: checking proj.h presence
configure:17589: gcc -E  conftest.c
conftest.c:63:18: fatal error: proj.h: No such file or directory
 #include <proj.h>
                  ^
compilation terminated.
configure:17589: $? = 1
configure: failed program was:
| /* confdefs.h */
| #define PACKAGE_NAME "libspatialite"
| #define PACKAGE_TARNAME "libspatialite"
| #define PACKAGE_VERSION "5.0.0-beta1"
| #define PACKAGE_STRING "libspatialite 5.0.0-beta1"
| #define PACKAGE_BUGREPORT "a.furieri@lqt.it"
| #define PACKAGE_URL ""
| #define PACKAGE "libspatialite"
| #define VERSION "5.0.0-beta1"
| #define _LARGE_FILE 1
| #define _FILE_OFFSET_BITS 64
| #define _LARGEFILE_SOURCE 1
| #define NDEBUG 1
| #define STDC_HEADERS 1
| #define HAVE_SYS_TYPES_H 1
| #define HAVE_SYS_STAT_H 1
| #define HAVE_STDLIB_H 1
| #define HAVE_STRING_H 1
| #define HAVE_MEMORY_H 1
| #define HAVE_STRINGS_H 1
| #define HAVE_INTTYPES_H 1
| #define HAVE_STDINT_H 1
| #define HAVE_UNISTD_H 1
| #define HAVE_STDLIB_H 1
| #define HAVE_STDIO_H 1
| #define HAVE_STRING_H 1
| #define HAVE_MEMORY_H 1
| #define HAVE_MATH_H 1
| #define HAVE_FLOAT_H 1
| #define HAVE_FCNTL_H 1
| #define HAVE_INTTYPES_H 1
| #define HAVE_STDDEF_H 1
| #define HAVE_STDINT_H 1
| #define HAVE_SYS_TIME_H 1
| #define HAVE_UNISTD_H 1
| #define HAVE_SQLITE3_H 1
| #define HAVE_SQLITE3EXT_H 1
| #define HAVE_ZLIB_H 1
| #define HAVE_DLFCN_H 1
| #define LT_OBJDIR ".libs/"
| #define TIME_WITH_SYS_TIME 1
| #define HAVE_LSTAT_EMPTY_STRING_BUG 1
| #define HAVE_STAT_EMPTY_STRING_BUG 1
| #define HAVE_STRFTIME 1
| #define HAVE_MEMSET 1
| #define HAVE_STRCASECMP 1
| #define HAVE_STRERROR 1
| #define HAVE_STRNCASECMP 1
| #define HAVE_STRSTR 1
| #define HAVE_FDATASYNC 1
| #define HAVE_FTRUNCATE 1
| #define HAVE_GETCWD 1
| #define HAVE_GETTIMEOFDAY 1
| #define HAVE_LOCALTIME_R 1
| #define HAVE_MEMMOVE 1
| #define HAVE_STRERROR 1
| #define HAVE_LIBSQLITE3 1
| #define HAVE_LIBZ 1
| #define TARGET_CPU "x86_64-linux-gnu"
| #define OMIT_GEOCALLBACKS 1
| #define HAVE_LIBSQLITE3 1
| /* end confdefs.h.  */
| #include <proj.h>
configure:17589: result: no
configure:17589: checking for proj.h
configure:17589: result: no
configure:17598: checking proj_api.h usability
configure:17598: gcc -c -g -O2  conftest.c >&5
configure:17598: $? = 0
configure:17598: result: yes
configure:17598: checking proj_api.h presence
configure:17598: gcc -E  conftest.c
configure:17598: $? = 0
configure:17598: result: yes
configure:17598: checking for proj_api.h
configure:17598: result: yes
configure:17614: checking for library containing proj_normalize_for_visualization
configure:17645: gcc -o conftest -g -O2   conftest.c -lsqlite3 -lz -lsqlite3  >&5
/tmp/ccpCH9Yy.o: In function `main':
/home/mj10777/000_links/geopaparazzi/geopaparazzi.eu/libjsqlite-spatialite-android/libjsqlite-spatialite-android/spatialite-android-library/jni/libspatialite-5.0.0/conftest.c:75: undefined reference to `proj_normalize_for_visualization'
collect2: error: ld returned 1 exit status
configure:17645: $? = 1
configure: failed program was:
| /* confdefs.h */
| #define PACKAGE_NAME "libspatialite"
| #define PACKAGE_TARNAME "libspatialite"
| #define PACKAGE_VERSION "5.0.0-beta1"
| #define PACKAGE_STRING "libspatialite 5.0.0-beta1"
| #define PACKAGE_BUGREPORT "a.furieri@lqt.it"
| #define PACKAGE_URL ""
| #define PACKAGE "libspatialite"
| #define VERSION "5.0.0-beta1"
| #define _LARGE_FILE 1
| #define _FILE_OFFSET_BITS 64
| #define _LARGEFILE_SOURCE 1
| #define NDEBUG 1
| #define STDC_HEADERS 1
| #define HAVE_SYS_TYPES_H 1
| #define HAVE_SYS_STAT_H 1
| #define HAVE_STDLIB_H 1
| #define HAVE_STRING_H 1
| #define HAVE_MEMORY_H 1
| #define HAVE_STRINGS_H 1
| #define HAVE_INTTYPES_H 1
| #define HAVE_STDINT_H 1
| #define HAVE_UNISTD_H 1
| #define HAVE_STDLIB_H 1
| #define HAVE_STDIO_H 1
| #define HAVE_STRING_H 1
| #define HAVE_MEMORY_H 1
| #define HAVE_MATH_H 1
| #define HAVE_FLOAT_H 1
| #define HAVE_FCNTL_H 1
| #define HAVE_INTTYPES_H 1
| #define HAVE_STDDEF_H 1
| #define HAVE_STDINT_H 1
| #define HAVE_SYS_TIME_H 1
| #define HAVE_UNISTD_H 1
| #define HAVE_SQLITE3_H 1
| #define HAVE_SQLITE3EXT_H 1
| #define HAVE_ZLIB_H 1
| #define HAVE_DLFCN_H 1
| #define LT_OBJDIR ".libs/"
| #define TIME_WITH_SYS_TIME 1
| #define HAVE_LSTAT_EMPTY_STRING_BUG 1
| #define HAVE_STAT_EMPTY_STRING_BUG 1
| #define HAVE_STRFTIME 1
| #define HAVE_MEMSET 1
| #define HAVE_STRCASECMP 1
| #define HAVE_STRERROR 1
| #define HAVE_STRNCASECMP 1
| #define HAVE_STRSTR 1
| #define HAVE_FDATASYNC 1
| #define HAVE_FTRUNCATE 1
| #define HAVE_GETCWD 1
| #define HAVE_GETTIMEOFDAY 1
| #define HAVE_LOCALTIME_R 1
| #define HAVE_MEMMOVE 1
| #define HAVE_STRERROR 1
| #define HAVE_LIBSQLITE3 1
| #define HAVE_LIBZ 1
| #define TARGET_CPU "x86_64-linux-gnu"
| #define OMIT_GEOCALLBACKS 1
| #define HAVE_LIBSQLITE3 1
| #define HAVE_PROJ_API_H 1
| /* end confdefs.h.  */
| 
| /* Override any GCC internal prototype to avoid an error.
|    Use char because int might match the return type of a GCC
|    builtin and then its argument prototype would still apply.  */
| #ifdef __cplusplus
| extern "C"
| #endif
| char proj_normalize_for_visualization ();
| int
| main ()
| {
| return proj_normalize_for_visualization ();
|   ;
|   return 0;
| }
configure:17645: gcc -o conftest -g -O2   conftest.c -lproj  -lsqlite3 -lz -lsqlite3  >&5
/tmp/cczqbUPI.o: In function `main':
/home/mj10777/000_links/geopaparazzi/geopaparazzi.eu/libjsqlite-spatialite-android/libjsqlite-spatialite-android/spatialite-android-library/jni/libspatialite-5.0.0/conftest.c:75: undefined reference to `proj_normalize_for_visualization'
collect2: error: ld returned 1 exit status
configure:17645: $? = 1
configure: failed program was:
| /* confdefs.h */
| #define PACKAGE_NAME "libspatialite"
| #define PACKAGE_TARNAME "libspatialite"
| #define PACKAGE_VERSION "5.0.0-beta1"
| #define PACKAGE_STRING "libspatialite 5.0.0-beta1"
| #define PACKAGE_BUGREPORT "a.furieri@lqt.it"
| #define PACKAGE_URL ""
| #define PACKAGE "libspatialite"
| #define VERSION "5.0.0-beta1"
| #define _LARGE_FILE 1
| #define _FILE_OFFSET_BITS 64
| #define _LARGEFILE_SOURCE 1
| #define NDEBUG 1
| #define STDC_HEADERS 1
| #define HAVE_SYS_TYPES_H 1
| #define HAVE_SYS_STAT_H 1
| #define HAVE_STDLIB_H 1
| #define HAVE_STRING_H 1
| #define HAVE_MEMORY_H 1
| #define HAVE_STRINGS_H 1
| #define HAVE_INTTYPES_H 1
| #define HAVE_STDINT_H 1
| #define HAVE_UNISTD_H 1
| #define HAVE_STDLIB_H 1
| #define HAVE_STDIO_H 1
| #define HAVE_STRING_H 1
| #define HAVE_MEMORY_H 1
| #define HAVE_MATH_H 1
| #define HAVE_FLOAT_H 1
| #define HAVE_FCNTL_H 1
| #define HAVE_INTTYPES_H 1
| #define HAVE_STDDEF_H 1
| #define HAVE_STDINT_H 1
| #define HAVE_SYS_TIME_H 1
| #define HAVE_UNISTD_H 1
| #define HAVE_SQLITE3_H 1
| #define HAVE_SQLITE3EXT_H 1
| #define HAVE_ZLIB_H 1
| #define HAVE_DLFCN_H 1
| #define LT_OBJDIR ".libs/"
| #define TIME_WITH_SYS_TIME 1
| #define HAVE_LSTAT_EMPTY_STRING_BUG 1
| #define HAVE_STAT_EMPTY_STRING_BUG 1
| #define HAVE_STRFTIME 1
| #define HAVE_MEMSET 1
| #define HAVE_STRCASECMP 1
| #define HAVE_STRERROR 1
| #define HAVE_STRNCASECMP 1
| #define HAVE_STRSTR 1
| #define HAVE_FDATASYNC 1
| #define HAVE_FTRUNCATE 1
| #define HAVE_GETCWD 1
| #define HAVE_GETTIMEOFDAY 1
| #define HAVE_LOCALTIME_R 1
| #define HAVE_MEMMOVE 1
| #define HAVE_STRERROR 1
| #define HAVE_LIBSQLITE3 1
| #define HAVE_LIBZ 1
| #define TARGET_CPU "x86_64-linux-gnu"
| #define OMIT_GEOCALLBACKS 1
| #define HAVE_LIBSQLITE3 1
| #define HAVE_PROJ_API_H 1
| /* end confdefs.h.  */
| 
| /* Override any GCC internal prototype to avoid an error.
|    Use char because int might match the return type of a GCC
|    builtin and then its argument prototype would still apply.  */
| #ifdef __cplusplus
| extern "C"
| #endif
| char proj_normalize_for_visualization ();
| int
| main ()
| {
| return proj_normalize_for_visualization ();
|   ;
|   return 0;
| }
configure:17662: result: no
configure:17669: checking for library containing pj_init_plus
configure:17700: gcc -o conftest -g -O2   conftest.c -lsqlite3 -lz -lsqlite3  >&5
/tmp/ccnZXld0.o: In function `main':
/home/mj10777/000_links/geopaparazzi/geopaparazzi.eu/libjsqlite-spatialite-android/libjsqlite-spatialite-android/spatialite-android-library/jni/libspatialite-5.0.0/conftest.c:75: undefined reference to `pj_init_plus'
collect2: error: ld returned 1 exit status
configure:17700: $? = 1
configure: failed program was:
| /* confdefs.h */
| #define PACKAGE_NAME "libspatialite"
| #define PACKAGE_TARNAME "libspatialite"
| #define PACKAGE_VERSION "5.0.0-beta1"
| #define PACKAGE_STRING "libspatialite 5.0.0-beta1"
| #define PACKAGE_BUGREPORT "a.furieri@lqt.it"
| #define PACKAGE_URL ""
| #define PACKAGE "libspatialite"
| #define VERSION "5.0.0-beta1"
| #define _LARGE_FILE 1
| #define _FILE_OFFSET_BITS 64
| #define _LARGEFILE_SOURCE 1
| #define NDEBUG 1
| #define STDC_HEADERS 1
| #define HAVE_SYS_TYPES_H 1
| #define HAVE_SYS_STAT_H 1
| #define HAVE_STDLIB_H 1
| #define HAVE_STRING_H 1
| #define HAVE_MEMORY_H 1
| #define HAVE_STRINGS_H 1
| #define HAVE_INTTYPES_H 1
| #define HAVE_STDINT_H 1
| #define HAVE_UNISTD_H 1
| #define HAVE_STDLIB_H 1
| #define HAVE_STDIO_H 1
| #define HAVE_STRING_H 1
| #define HAVE_MEMORY_H 1
| #define HAVE_MATH_H 1
| #define HAVE_FLOAT_H 1
| #define HAVE_FCNTL_H 1
| #define HAVE_INTTYPES_H 1
| #define HAVE_STDDEF_H 1
| #define HAVE_STDINT_H 1
| #define HAVE_SYS_TIME_H 1
| #define HAVE_UNISTD_H 1
| #define HAVE_SQLITE3_H 1
| #define HAVE_SQLITE3EXT_H 1
| #define HAVE_ZLIB_H 1
| #define HAVE_DLFCN_H 1
| #define LT_OBJDIR ".libs/"
| #define TIME_WITH_SYS_TIME 1
| #define HAVE_LSTAT_EMPTY_STRING_BUG 1
| #define HAVE_STAT_EMPTY_STRING_BUG 1
| #define HAVE_STRFTIME 1
| #define HAVE_MEMSET 1
| #define HAVE_STRCASECMP 1
| #define HAVE_STRERROR 1
| #define HAVE_STRNCASECMP 1
| #define HAVE_STRSTR 1
| #define HAVE_FDATASYNC 1
| #define HAVE_FTRUNCATE 1
| #define HAVE_GETCWD 1
| #define HAVE_GETTIMEOFDAY 1
| #define HAVE_LOCALTIME_R 1
| #define HAVE_MEMMOVE 1
| #define HAVE_STRERROR 1
| #define HAVE_LIBSQLITE3 1
| #define HAVE_LIBZ 1
| #define TARGET_CPU "x86_64-linux-gnu"
| #define OMIT_GEOCALLBACKS 1
| #define HAVE_LIBSQLITE3 1
| #define HAVE_PROJ_API_H 1
| /* end confdefs.h.  */
| 
| /* Override any GCC internal prototype to avoid an error.
|    Use char because int might match the return type of a GCC
|    builtin and then its argument prototype would still apply.  */
| #ifdef __cplusplus
| extern "C"
| #endif
| char pj_init_plus ();
| int
| main ()
| {
| return pj_init_plus ();
|   ;
|   return 0;
| }
configure:17700: gcc -o conftest -g -O2   conftest.c -lproj -lm -lpthread -lsqlite3 -lsqlite3 -lz -lsqlite3  >&5
configure:17700: $? = 0
configure:17717: result: -lproj
configure:17752: checking iconv.h usability
configure:17752: gcc -c -g -O2  conftest.c >&5
configure:17752: $? = 0
configure:17752: result: yes
configure:17752: checking iconv.h presence
configure:17752: gcc -E  conftest.c
configure:17752: $? = 0
configure:17752: result: yes
configure:17752: checking for iconv.h
configure:17752: result: yes
configure:17766: checking for library containing iconv
configure:17797: gcc -o conftest -g -O2   conftest.c -lproj -lsqlite3 -lz -lsqlite3  >&5
configure:17797: $? = 0
configure:17814: result: none required
configure:17881: checking for library containing locale_charset
configure:17912: gcc -o conftest -g -O2   conftest.c -lproj -lsqlite3 -lz -lsqlite3  >&5
/tmp/ccVo8Ci2.o: In function `main':
/home/mj10777/000_links/geopaparazzi/geopaparazzi.eu/libjsqlite-spatialite-android/libjsqlite-spatialite-android/spatialite-android-library/jni/libspatialite-5.0.0/conftest.c:76: undefined reference to `locale_charset'
collect2: error: ld returned 1 exit status
configure:17912: $? = 1
configure: failed program was:
| /* confdefs.h */
| #define PACKAGE_NAME "libspatialite"
| #define PACKAGE_TARNAME "libspatialite"
| #define PACKAGE_VERSION "5.0.0-beta1"
| #define PACKAGE_STRING "libspatialite 5.0.0-beta1"
| #define PACKAGE_BUGREPORT "a.furieri@lqt.it"
| #define PACKAGE_URL ""
| #define PACKAGE "libspatialite"
| #define VERSION "5.0.0-beta1"
| #define _LARGE_FILE 1
| #define _FILE_OFFSET_BITS 64
| #define _LARGEFILE_SOURCE 1
| #define NDEBUG 1
| #define STDC_HEADERS 1
| #define HAVE_SYS_TYPES_H 1
| #define HAVE_SYS_STAT_H 1
| #define HAVE_STDLIB_H 1
| #define HAVE_STRING_H 1
| #define HAVE_MEMORY_H 1
| #define HAVE_STRINGS_H 1
| #define HAVE_INTTYPES_H 1
| #define HAVE_STDINT_H 1
| #define HAVE_UNISTD_H 1
| #define HAVE_STDLIB_H 1
| #define HAVE_STDIO_H 1
| #define HAVE_STRING_H 1
| #define HAVE_MEMORY_H 1
| #define HAVE_MATH_H 1
| #define HAVE_FLOAT_H 1
| #define HAVE_FCNTL_H 1
| #define HAVE_INTTYPES_H 1
| #define HAVE_STDDEF_H 1
| #define HAVE_STDINT_H 1
| #define HAVE_SYS_TIME_H 1
| #define HAVE_UNISTD_H 1
| #define HAVE_SQLITE3_H 1
| #define HAVE_SQLITE3EXT_H 1
| #define HAVE_ZLIB_H 1
| #define HAVE_DLFCN_H 1
| #define LT_OBJDIR ".libs/"
| #define TIME_WITH_SYS_TIME 1
| #define HAVE_LSTAT_EMPTY_STRING_BUG 1
| #define HAVE_STAT_EMPTY_STRING_BUG 1
| #define HAVE_STRFTIME 1
| #define HAVE_MEMSET 1
| #define HAVE_STRCASECMP 1
| #define HAVE_STRERROR 1
| #define HAVE_STRNCASECMP 1
| #define HAVE_STRSTR 1
| #define HAVE_FDATASYNC 1
| #define HAVE_FTRUNCATE 1
| #define HAVE_GETCWD 1
| #define HAVE_GETTIMEOFDAY 1
| #define HAVE_LOCALTIME_R 1
| #define HAVE_MEMMOVE 1
| #define HAVE_STRERROR 1
| #define HAVE_LIBSQLITE3 1
| #define HAVE_LIBZ 1
| #define TARGET_CPU "x86_64-linux-gnu"
| #define OMIT_GEOCALLBACKS 1
| #define HAVE_LIBSQLITE3 1
| #define HAVE_PROJ_API_H 1
| #define HAVE_ICONV_H 1
| /* end confdefs.h.  */
| 
| /* Override any GCC internal prototype to avoid an error.
|    Use char because int might match the return type of a GCC
|    builtin and then its argument prototype would still apply.  */
| #ifdef __cplusplus
| extern "C"
| #endif
| char locale_charset ();
| int
| main ()
| {
| return locale_charset ();
|   ;
|   return 0;
| }
configure:17912: gcc -o conftest -g -O2   conftest.c -lcharset  -lproj -lsqlite3 -lz -lsqlite3  >&5
configure:17912: $? = 0
configure:17929: result: -lcharset
configure:18014: checking freexl.h usability
configure:18014: gcc -c -g -O2  conftest.c >&5
configure:18014: $? = 0
configure:18014: result: yes
configure:18014: checking freexl.h presence
configure:18014: gcc -E  conftest.c
configure:18014: $? = 0
configure:18014: result: yes
configure:18014: checking for freexl.h
configure:18014: result: yes
configure:18026: checking for library containing freexl_version
configure:18057: gcc -o conftest -g -O2   conftest.c -lcharset -lproj -lsqlite3 -lz -lsqlite3  >&5
/tmp/ccItVJIG.o: In function `main':
/home/mj10777/000_links/geopaparazzi/geopaparazzi.eu/libjsqlite-spatialite-android/libjsqlite-spatialite-android/spatialite-android-library/jni/libspatialite-5.0.0/conftest.c:77: undefined reference to `freexl_version'
collect2: error: ld returned 1 exit status
configure:18057: $? = 1
configure: failed program was:
| /* confdefs.h */
| #define PACKAGE_NAME "libspatialite"
| #define PACKAGE_TARNAME "libspatialite"
| #define PACKAGE_VERSION "5.0.0-beta1"
| #define PACKAGE_STRING "libspatialite 5.0.0-beta1"
| #define PACKAGE_BUGREPORT "a.furieri@lqt.it"
| #define PACKAGE_URL ""
| #define PACKAGE "libspatialite"
| #define VERSION "5.0.0-beta1"
| #define _LARGE_FILE 1
| #define _FILE_OFFSET_BITS 64
| #define _LARGEFILE_SOURCE 1
| #define NDEBUG 1
| #define STDC_HEADERS 1
| #define HAVE_SYS_TYPES_H 1
| #define HAVE_SYS_STAT_H 1
| #define HAVE_STDLIB_H 1
| #define HAVE_STRING_H 1
| #define HAVE_MEMORY_H 1
| #define HAVE_STRINGS_H 1
| #define HAVE_INTTYPES_H 1
| #define HAVE_STDINT_H 1
| #define HAVE_UNISTD_H 1
| #define HAVE_STDLIB_H 1
| #define HAVE_STDIO_H 1
| #define HAVE_STRING_H 1
| #define HAVE_MEMORY_H 1
| #define HAVE_MATH_H 1
| #define HAVE_FLOAT_H 1
| #define HAVE_FCNTL_H 1
| #define HAVE_INTTYPES_H 1
| #define HAVE_STDDEF_H 1
| #define HAVE_STDINT_H 1
| #define HAVE_SYS_TIME_H 1
| #define HAVE_UNISTD_H 1
| #define HAVE_SQLITE3_H 1
| #define HAVE_SQLITE3EXT_H 1
| #define HAVE_ZLIB_H 1
| #define HAVE_DLFCN_H 1
| #define LT_OBJDIR ".libs/"
| #define TIME_WITH_SYS_TIME 1
| #define HAVE_LSTAT_EMPTY_STRING_BUG 1
| #define HAVE_STAT_EMPTY_STRING_BUG 1
| #define HAVE_STRFTIME 1
| #define HAVE_MEMSET 1
| #define HAVE_STRCASECMP 1
| #define HAVE_STRERROR 1
| #define HAVE_STRNCASECMP 1
| #define HAVE_STRSTR 1
| #define HAVE_FDATASYNC 1
| #define HAVE_FTRUNCATE 1
| #define HAVE_GETCWD 1
| #define HAVE_GETTIMEOFDAY 1
| #define HAVE_LOCALTIME_R 1
| #define HAVE_MEMMOVE 1
| #define HAVE_STRERROR 1
| #define HAVE_LIBSQLITE3 1
| #define HAVE_LIBZ 1
| #define TARGET_CPU "x86_64-linux-gnu"
| #define OMIT_GEOCALLBACKS 1
| #define HAVE_LIBSQLITE3 1
| #define HAVE_PROJ_API_H 1
| #define HAVE_ICONV_H 1
| #define HAVE_FREEXL_H 1
| /* end confdefs.h.  */
| 
| /* Override any GCC internal prototype to avoid an error.
|    Use char because int might match the return type of a GCC
|    builtin and then its argument prototype would still apply.  */
| #ifdef __cplusplus
| extern "C"
| #endif
| char freexl_version ();
| int
| main ()
| {
| return freexl_version ();
|   ;
|   return 0;
| }
configure:18057: gcc -o conftest -g -O2   conftest.c -lfreexl -lm -lcharset -lproj -lsqlite3 -lz -lsqlite3  >&5
configure:18057: $? = 0
configure:18074: result: -lfreexl
configure:18132: checking for geos-config
configure:18150: found /usr/local/bin/geos-config
configure:18162: result: /usr/local/bin/geos-config
configure:18197: checking geos_c.h usability
configure:18197: gcc -c -g -O2 -I/usr/local/include conftest.c >&5
configure:18197: $? = 0
configure:18197: result: yes
configure:18197: checking geos_c.h presence
configure:18197: gcc -E -I/usr/local/include conftest.c
configure:18197: $? = 0
configure:18197: result: yes
configure:18197: checking for geos_c.h
configure:18197: result: yes
configure:18213: checking for library containing GEOSCoveredBy
configure:18244: gcc -o conftest -g -O2   conftest.c -L/usr/local/lib >&5
/tmp/ccWYVRWA.o: In function `main':
/home/mj10777/000_links/geopaparazzi/geopaparazzi.eu/libjsqlite-spatialite-android/libjsqlite-spatialite-android/spatialite-android-library/jni/libspatialite-5.0.0/conftest.c:78: undefined reference to `GEOSCoveredBy'
collect2: error: ld returned 1 exit status
configure:18244: $? = 1
configure: failed program was:
| /* confdefs.h */
| #define PACKAGE_NAME "libspatialite"
| #define PACKAGE_TARNAME "libspatialite"
| #define PACKAGE_VERSION "5.0.0-beta1"
| #define PACKAGE_STRING "libspatialite 5.0.0-beta1"
| #define PACKAGE_BUGREPORT "a.furieri@lqt.it"
| #define PACKAGE_URL ""
| #define PACKAGE "libspatialite"
| #define VERSION "5.0.0-beta1"
| #define _LARGE_FILE 1
| #define _FILE_OFFSET_BITS 64
| #define _LARGEFILE_SOURCE 1
| #define NDEBUG 1
| #define STDC_HEADERS 1
| #define HAVE_SYS_TYPES_H 1
| #define HAVE_SYS_STAT_H 1
| #define HAVE_STDLIB_H 1
| #define HAVE_STRING_H 1
| #define HAVE_MEMORY_H 1
| #define HAVE_STRINGS_H 1
| #define HAVE_INTTYPES_H 1
| #define HAVE_STDINT_H 1
| #define HAVE_UNISTD_H 1
| #define HAVE_STDLIB_H 1
| #define HAVE_STDIO_H 1
| #define HAVE_STRING_H 1
| #define HAVE_MEMORY_H 1
| #define HAVE_MATH_H 1
| #define HAVE_FLOAT_H 1
| #define HAVE_FCNTL_H 1
| #define HAVE_INTTYPES_H 1
| #define HAVE_STDDEF_H 1
| #define HAVE_STDINT_H 1
| #define HAVE_SYS_TIME_H 1
| #define HAVE_UNISTD_H 1
| #define HAVE_SQLITE3_H 1
| #define HAVE_SQLITE3EXT_H 1
| #define HAVE_ZLIB_H 1
| #define HAVE_DLFCN_H 1
| #define LT_OBJDIR ".libs/"
| #define TIME_WITH_SYS_TIME 1
| #define HAVE_LSTAT_EMPTY_STRING_BUG 1
| #define HAVE_STAT_EMPTY_STRING_BUG 1
| #define HAVE_STRFTIME 1
| #define HAVE_MEMSET 1
| #define HAVE_STRCASECMP 1
| #define HAVE_STRERROR 1
| #define HAVE_STRNCASECMP 1
| #define HAVE_STRSTR 1
| #define HAVE_FDATASYNC 1
| #define HAVE_FTRUNCATE 1
| #define HAVE_GETCWD 1
| #define HAVE_GETTIMEOFDAY 1
| #define HAVE_LOCALTIME_R 1
| #define HAVE_MEMMOVE 1
| #define HAVE_STRERROR 1
| #define HAVE_LIBSQLITE3 1
| #define HAVE_LIBZ 1
| #define TARGET_CPU "x86_64-linux-gnu"
| #define OMIT_GEOCALLBACKS 1
| #define HAVE_LIBSQLITE3 1
| #define HAVE_PROJ_API_H 1
| #define HAVE_ICONV_H 1
| #define HAVE_FREEXL_H 1
| #define HAVE_GEOS_C_H 1
| /* end confdefs.h.  */
| 
| /* Override any GCC internal prototype to avoid an error.
|    Use char because int might match the return type of a GCC
|    builtin and then its argument prototype would still apply.  */
| #ifdef __cplusplus
| extern "C"
| #endif
| char GEOSCoveredBy ();
| int
| main ()
| {
| return GEOSCoveredBy ();
|   ;
|   return 0;
| }
configure:18244: gcc -o conftest -g -O2   conftest.c -lgeos_c  -L/usr/local/lib >&5
configure:18244: $? = 0
configure:18261: result: -lgeos_c
configure:18300: checking for library containing GEOSDelaunayTriangulation
configure:18331: gcc -o conftest -g -O2   conftest.c -lfreexl -lcharset -lproj -lsqlite3 -lz -lsqlite3  -L/usr/local/lib -lgeos_c >&5
configure:18331: $? = 0
configure:18348: result: none required
configure:18373: checking for library containing GEOSContext_setErrorMessageHandler_r
configure:18404: gcc -o conftest -g -O2   conftest.c -lfreexl -lcharset -lproj -lsqlite3 -lz -lsqlite3  -L/usr/local/lib -lgeos_c >&5
configure:18404: $? = 0
configure:18421: result: none required
configure:18462: checking for library containing GEOSFrechetDistance_r
configure:18493: gcc -o conftest -g -O2   conftest.c -lfreexl -lcharset -lproj -lsqlite3 -lz -lsqlite3  -L/usr/local/lib -lgeos_c >&5
configure:18493: $? = 0
configure:18510: result: none required
configure:18537: checking librttopo.h usability
configure:18537: gcc -c -g -O2  conftest.c >&5
configure:18537: $? = 0
configure:18537: result: yes
configure:18537: checking librttopo.h presence
configure:18537: gcc -E  conftest.c
configure:18537: $? = 0
configure:18537: result: yes
configure:18537: checking for librttopo.h
configure:18537: result: yes
configure:18549: checking for library containing rtt_AddLineNoFace
configure:18580: gcc -o conftest -g -O2   conftest.c -lfreexl -lcharset -lproj -lsqlite3 -lz -lsqlite3  -L/usr/local/lib -lgeos_c >&5
/tmp/cc6g8PsL.o: In function `main':
/home/mj10777/000_links/geopaparazzi/geopaparazzi.eu/libjsqlite-spatialite-android/libjsqlite-spatialite-android/spatialite-android-library/jni/libspatialite-5.0.0/conftest.c:83: undefined reference to `rtt_AddLineNoFace'
collect2: error: ld returned 1 exit status
configure:18580: $? = 1
configure: failed program was:
| /* confdefs.h */
| #define PACKAGE_NAME "libspatialite"
| #define PACKAGE_TARNAME "libspatialite"
| #define PACKAGE_VERSION "5.0.0-beta1"
| #define PACKAGE_STRING "libspatialite 5.0.0-beta1"
| #define PACKAGE_BUGREPORT "a.furieri@lqt.it"
| #define PACKAGE_URL ""
| #define PACKAGE "libspatialite"
| #define VERSION "5.0.0-beta1"
| #define _LARGE_FILE 1
| #define _FILE_OFFSET_BITS 64
| #define _LARGEFILE_SOURCE 1
| #define NDEBUG 1
| #define STDC_HEADERS 1
| #define HAVE_SYS_TYPES_H 1
| #define HAVE_SYS_STAT_H 1
| #define HAVE_STDLIB_H 1
| #define HAVE_STRING_H 1
| #define HAVE_MEMORY_H 1
| #define HAVE_STRINGS_H 1
| #define HAVE_INTTYPES_H 1
| #define HAVE_STDINT_H 1
| #define HAVE_UNISTD_H 1
| #define HAVE_STDLIB_H 1
| #define HAVE_STDIO_H 1
| #define HAVE_STRING_H 1
| #define HAVE_MEMORY_H 1
| #define HAVE_MATH_H 1
| #define HAVE_FLOAT_H 1
| #define HAVE_FCNTL_H 1
| #define HAVE_INTTYPES_H 1
| #define HAVE_STDDEF_H 1
| #define HAVE_STDINT_H 1
| #define HAVE_SYS_TIME_H 1
| #define HAVE_UNISTD_H 1
| #define HAVE_SQLITE3_H 1
| #define HAVE_SQLITE3EXT_H 1
| #define HAVE_ZLIB_H 1
| #define HAVE_DLFCN_H 1
| #define LT_OBJDIR ".libs/"
| #define TIME_WITH_SYS_TIME 1
| #define HAVE_LSTAT_EMPTY_STRING_BUG 1
| #define HAVE_STAT_EMPTY_STRING_BUG 1
| #define HAVE_STRFTIME 1
| #define HAVE_MEMSET 1
| #define HAVE_STRCASECMP 1
| #define HAVE_STRERROR 1
| #define HAVE_STRNCASECMP 1
| #define HAVE_STRSTR 1
| #define HAVE_FDATASYNC 1
| #define HAVE_FTRUNCATE 1
| #define HAVE_GETCWD 1
| #define HAVE_GETTIMEOFDAY 1
| #define HAVE_LOCALTIME_R 1
| #define HAVE_MEMMOVE 1
| #define HAVE_STRERROR 1
| #define HAVE_LIBSQLITE3 1
| #define HAVE_LIBZ 1
| #define TARGET_CPU "x86_64-linux-gnu"
| #define OMIT_GEOCALLBACKS 1
| #define HAVE_LIBSQLITE3 1
| #define HAVE_PROJ_API_H 1
| #define HAVE_ICONV_H 1
| #define HAVE_FREEXL_H 1
| #define HAVE_GEOS_C_H 1
| #define ENABLE_GCP 1
| #define GEOS_ADVANCED 1
| #define GEOS_REENTRANT 1
| #define GEOS_370 1
| #define HAVE_LIBRTTOPO_H 1
| /* end confdefs.h.  */
| 
| /* Override any GCC internal prototype to avoid an error.
|    Use char because int might match the return type of a GCC
|    builtin and then its argument prototype would still apply.  */
| #ifdef __cplusplus
| extern "C"
| #endif
| char rtt_AddLineNoFace ();
| int
| main ()
| {
| return rtt_AddLineNoFace ();
|   ;
|   return 0;
| }
configure:18580: gcc -o conftest -g -O2   conftest.c -lrttopo  -lfreexl -lcharset -lproj -lsqlite3 -lz -lsqlite3  -L/usr/local/lib -lgeos_c >&5
configure:18580: $? = 0
configure:18597: result: -lrttopo
configure:18637: checking for arm-linux-eabi-pkg-config
configure:18670: result: no
configure:18680: checking for pkg-config
configure:18698: found /usr/bin/pkg-config
configure:18710: result: /usr/bin/pkg-config
configure:18735: checking pkg-config is at least version 0.9.0
configure:18738: result: yes
configure:18748: checking for LIBXML2
configure:18755: $PKG_CONFIG --exists --print-errors "libxml-2.0"
configure:18758: $? = 0
configure:18772: $PKG_CONFIG --exists --print-errors "libxml-2.0"
configure:18775: $? = 0
configure:18813: result: yes
configure:18931: checking whether SQLITE_INDEX_CONSTRAINT_LIKE is declared
configure:18931: gcc -c -g -O2  conftest.c >&5
configure:18931: $? = 0
configure:18931: result: yes
configure:19047: checking that generated files are newer than configure
configure:19053: result: done
configure:19112: creating ./config.status

## ---------------------- ##
## Running config.status. ##
## ---------------------- ##

This file was extended by libspatialite config.status 5.0.0-beta1, which was
generated by GNU Autoconf 2.69.  Invocation command line was

  CONFIG_FILES    = 
  CONFIG_HEADERS  = 
  CONFIG_LINKS    = 
  CONFIG_COMMANDS = 
  $ ./config.status 

on mj10777-01-l

config.status:1285: creating Makefile
config.status:1285: creating src/Makefile
config.status:1285: creating src/headers/Makefile
config.status:1285: creating src/gaiaaux/Makefile
config.status:1285: creating src/gaiaexif/Makefile
config.status:1285: creating src/gaiageo/Makefile
config.status:1285: creating src/gaiageo/flex/Makefile
config.status:1285: creating src/gaiageo/lemon/Makefile
config.status:1285: creating src/gaiageo/lemon/lemon_src/Makefile
config.status:1285: creating src/geopackage/Makefile
config.status:1285: creating src/spatialite/Makefile
config.status:1285: creating src/shapefiles/Makefile
config.status:1285: creating src/dxf/Makefile
config.status:1285: creating src/md5/Makefile
config.status:1285: creating src/control_points/Makefile
config.status:1285: creating src/cutter/Makefile
config.status:1285: creating src/topology/Makefile
config.status:1285: creating src/srsinit/Makefile
config.status:1285: creating src/srsinit/epsg_update/Makefile
config.status:1285: creating src/stored_procedures/Makefile
config.status:1285: creating src/connection_cache/Makefile
config.status:1285: creating src/connection_cache/generator/Makefile
config.status:1285: creating src/virtualtext/Makefile
config.status:1285: creating src/wfs/Makefile
config.status:1285: creating test/Makefile
config.status:1285: creating test/sql_stmt_tests/Makefile
config.status:1285: creating test/sql_stmt_geos_tests/Makefile
config.status:1285: creating test/sql_stmt_geosadvanced_tests/Makefile
config.status:1285: creating test/sql_stmt_geopackage_tests/Makefile
config.status:1285: creating test/sql_stmt_gpkg_epsg492_tests/Makefile
config.status:1285: creating test/sql_stmt_gpkg_epsg493_tests/Makefile
config.status:1285: creating test/sql_stmt_gpkg_epsg600_tests/Makefile
config.status:1285: creating test/sql_stmt_proj_tests/Makefile
config.status:1285: creating test/sql_stmt_proj492_tests/Makefile
config.status:1285: creating test/sql_stmt_proj493_tests/Makefile
config.status:1285: creating test/sql_stmt_proj600_tests/Makefile
config.status:1285: creating test/sql_stmt_proj600security_tests/Makefile
config.status:1285: creating test/sql_stmt_mathsql_tests/Makefile
config.status:1285: creating test/sql_stmt_rtgeom_tests/Makefile
config.status:1285: creating test/sql_stmt_rttopo_tests/Makefile
config.status:1285: creating test/sql_stmt_libxml2_tests/Makefile
config.status:1285: creating test/sql_stmt_security_tests/Makefile
config.status:1285: creating test/sql_stmt_xmlsec_tests/Makefile
config.status:1285: creating test/sql_stmt_freexl_tests/Makefile
config.status:1285: creating test/sql_stmt_cache_tests/Makefile
config.status:1285: creating test/sql_stmt_gpkgcache_tests/Makefile
config.status:1285: creating test/sql_stmt_nocache_tests/Makefile
config.status:1285: creating test/sql_stmt_gpkgnocache_tests/Makefile
config.status:1285: creating test/sql_stmt_voronoj1_tests/Makefile
config.status:1285: creating test/sql_stmt_voronoj2_tests/Makefile
config.status:1285: creating test/sql_stmt_sequence_tests/Makefile
config.status:1285: creating test/sql_stmt_routing_tests/Makefile
config.status:1285: creating test/sql_stmt_logfile_tests/Makefile
config.status:1285: creating test/sql_stmt_iconv_tests/Makefile
config.status:1285: creating test/sql_stmt_proc_tests/Makefile
config.status:1285: creating test/sql_stmt_point_geom/Makefile
config.status:1285: creating test/sql_stmt_tiny_point/Makefile
config.status:1285: creating test/sql_stmt_postgres_tests/Makefile
config.status:1285: creating test/sql_stmt_geos370_tests/Makefile
config.status:1285: creating test/sql_stmt_renamenew_tests/Makefile
config.status:1285: creating test/sql_stmt_renameold_tests/Makefile
config.status:1285: creating test/sql_stmt_bufoptsnew_tests/Makefile
config.status:1285: creating test/sql_stmt_bufoptsold_tests/Makefile
config.status:1285: creating examples/Makefile
config.status:1285: creating Doxyfile
config.status:1285: creating spatialite.pc
config.status:1285: creating config.h
config.status:1514: executing depfiles commands
config.status:1514: executing libtool commands

## ---------------- ##
## Cache variables. ##
## ---------------- ##

ac_cv_build=x86_64-pc-linux-gnu
ac_cv_c_compiler_gnu=yes
ac_cv_c_const=yes
ac_cv_c_volatile=yes
ac_cv_cxx_compiler_gnu=yes
ac_cv_env_CCC_set=
ac_cv_env_CCC_value=
ac_cv_env_CC_set=
ac_cv_env_CC_value=
ac_cv_env_CFLAGS_set=
ac_cv_env_CFLAGS_value=
ac_cv_env_CPPFLAGS_set=
ac_cv_env_CPPFLAGS_value=
ac_cv_env_CPP_set=
ac_cv_env_CPP_value=
ac_cv_env_CXXCPP_set=
ac_cv_env_CXXCPP_value=
ac_cv_env_CXXFLAGS_set=
ac_cv_env_CXXFLAGS_value=
ac_cv_env_CXX_set=
ac_cv_env_CXX_value=
ac_cv_env_LDFLAGS_set=
ac_cv_env_LDFLAGS_value=
ac_cv_env_LIBS_set=
ac_cv_env_LIBS_value=
ac_cv_env_LIBXML2_CFLAGS_set=
ac_cv_env_LIBXML2_CFLAGS_value=
ac_cv_env_LIBXML2_LIBS_set=
ac_cv_env_LIBXML2_LIBS_value=
ac_cv_env_PKG_CONFIG_LIBDIR_set=
ac_cv_env_PKG_CONFIG_LIBDIR_value=
ac_cv_env_PKG_CONFIG_PATH_set=
ac_cv_env_PKG_CONFIG_PATH_value=
ac_cv_env_PKG_CONFIG_set=
ac_cv_env_PKG_CONFIG_value=
ac_cv_env_build_alias_set=set
ac_cv_env_build_alias_value=x86_64-pc-linux-gnu
ac_cv_env_host_alias_set=set
ac_cv_env_host_alias_value=arm-linux-eabi
ac_cv_env_target_alias_set=
ac_cv_env_target_alias_value=
ac_cv_func_fdatasync=yes
ac_cv_func_ftruncate=yes
ac_cv_func_getcwd=yes
ac_cv_func_gettimeofday=yes
ac_cv_func_localtime_r=yes
ac_cv_func_lstat_dereferences_slashed_symlink=no
ac_cv_func_lstat_empty_string_bug=yes
ac_cv_func_memcmp_working=no
ac_cv_func_memmove=yes
ac_cv_func_memset=yes
ac_cv_func_sqrt=no
ac_cv_func_stat_empty_string_bug=yes
ac_cv_func_strcasecmp=yes
ac_cv_func_strerror=yes
ac_cv_func_strftime=yes
ac_cv_func_strncasecmp=yes
ac_cv_func_strstr=yes
ac_cv_have_decl_SQLITE_INDEX_CONSTRAINT_LIKE=yes
ac_cv_header_dlfcn_h=yes
ac_cv_header_fcntl_h=yes
ac_cv_header_float_h=yes
ac_cv_header_freexl_h=yes
ac_cv_header_geos_c_h=yes
ac_cv_header_iconv_h=yes
ac_cv_header_inttypes_h=yes
ac_cv_header_librttopo_h=yes
ac_cv_header_math_h=yes
ac_cv_header_memory_h=yes
ac_cv_header_proj_api_h=yes
ac_cv_header_proj_h=no
ac_cv_header_sqlite3_h=yes
ac_cv_header_sqlite3ext_h=yes
ac_cv_header_stdc=yes
ac_cv_header_stddef_h=yes
ac_cv_header_stdint_h=yes
ac_cv_header_stdio_h=yes
ac_cv_header_stdlib_h=yes
ac_cv_header_string_h=yes
ac_cv_header_strings_h=yes
ac_cv_header_sys_stat_h=yes
ac_cv_header_sys_time_h=yes
ac_cv_header_sys_types_h=yes
ac_cv_header_time=yes
ac_cv_header_unistd_h=yes
ac_cv_header_zlib_h=yes
ac_cv_host=arm-linux-eabi
ac_cv_lib_sqlite3_sqlite3_prepare_v2=yes
ac_cv_lib_sqlite3_sqlite3_rtree_query_callback=yes
ac_cv_lib_z_inflateInit_=yes
ac_cv_objext=o
ac_cv_path_EGREP='/bin/grep -E'
ac_cv_path_FGREP='/bin/grep -F'
ac_cv_path_GEOSCONFIG=/usr/local/bin/geos-config
ac_cv_path_GREP=/bin/grep
ac_cv_path_SED=/bin/sed
ac_cv_path_ac_pt_PKG_CONFIG=/usr/bin/pkg-config
ac_cv_path_install='/usr/bin/install -c'
ac_cv_path_mkdir=/bin/mkdir
ac_cv_prog_AWK=gawk
ac_cv_prog_CC=gcc
ac_cv_prog_CPP='gcc -E'
ac_cv_prog_CXXCPP='g++ -E'
ac_cv_prog_DLLTOOL=dlltool
ac_cv_prog_OBJDUMP=objdump
ac_cv_prog_STRIP=strip
ac_cv_prog_ac_ct_AR=ar
ac_cv_prog_ac_ct_CC=gcc
ac_cv_prog_ac_ct_CXX=g++
ac_cv_prog_ac_ct_DUMPBIN='link -dump'
ac_cv_prog_ac_ct_MANIFEST_TOOL=mt
ac_cv_prog_ac_ct_RANLIB=ranlib
ac_cv_prog_ac_ct_STRIP=strip
ac_cv_prog_cc_c89=
ac_cv_prog_cc_g=yes
ac_cv_prog_cxx_g=yes
ac_cv_prog_make_make_set=yes
ac_cv_search_GEOSContext_setErrorMessageHandler_r='none required'
ac_cv_search_GEOSCoveredBy=-lgeos_c
ac_cv_search_GEOSDelaunayTriangulation='none required'
ac_cv_search_GEOSFrechetDistance_r='none required'
ac_cv_search_freexl_version=-lfreexl
ac_cv_search_iconv='none required'
ac_cv_search_locale_charset=-lcharset
ac_cv_search_pj_init_plus=-lproj
ac_cv_search_proj_normalize_for_visualization=no
ac_cv_search_rtt_AddLineNoFace=-lrttopo
ac_cv_struct_tm=time.h
ac_cv_type_off_t=yes
ac_cv_type_size_t=yes
am_cv_CC_dependencies_compiler_type=gcc3
am_cv_CXX_dependencies_compiler_type=gcc3
am_cv_make_support_nested_variables=yes
am_cv_prog_cc_c_o=yes
lt_cv_ar_at_file=@
lt_cv_archive_cmds_need_lc=no
lt_cv_deplibs_check_method=unknown
lt_cv_file_magic_cmd='$MAGIC_CMD'
lt_cv_file_magic_test_file=
lt_cv_ld_reload_flag=-r
lt_cv_nm_interface='BSD nm'
lt_cv_objdir=.libs
lt_cv_path_LD=/usr/bin/ld
lt_cv_path_LDCXX=/usr/bin/ld
lt_cv_path_NM=no
lt_cv_path_mainfest_tool=no
lt_cv_prog_compiler_c_o=yes
lt_cv_prog_compiler_c_o_CXX=yes
lt_cv_prog_compiler_pic='-fPIC -DPIC'
lt_cv_prog_compiler_pic_CXX='-fPIC -DPIC'
lt_cv_prog_compiler_pic_works=yes
lt_cv_prog_compiler_pic_works_CXX=yes
lt_cv_prog_compiler_rtti_exceptions=no
lt_cv_prog_compiler_static_works=yes
lt_cv_prog_compiler_static_works_CXX=yes
lt_cv_prog_gnu_ld=yes
lt_cv_prog_gnu_ldcxx=yes
lt_cv_sharedlib_from_linklib_cmd='printf %s\n'
lt_cv_sys_global_symbol_pipe='sed -n -e '\''s/^.*[	 ]\([ABCDGIRSTW][ABCDGIRSTW]*\)[	 ][	 ]*\([_A-Za-z][_A-Za-z0-9]*\)$/\1 \2 \2/p'\'' | sed '\''/ __gnu_lto/d'\'''
lt_cv_sys_global_symbol_to_c_name_address='sed -n -e '\''s/^: \([^ ]*\)[ ]*$/  {\"\1\", (void *) 0},/p'\'' -e '\''s/^[ABCDGIRSTW]* \([^ ]*\) \([^ ]*\)$/  {"\2", (void *) \&\2},/p'\'''
lt_cv_sys_global_symbol_to_c_name_address_lib_prefix='sed -n -e '\''s/^: \([^ ]*\)[ ]*$/  {\"\1\", (void *) 0},/p'\'' -e '\''s/^[ABCDGIRSTW]* \([^ ]*\) \(lib[^ ]*\)$/  {"\2", (void *) \&\2},/p'\'' -e '\''s/^[ABCDGIRSTW]* \([^ ]*\) \([^ ]*\)$/  {"lib\2", (void *) \&\2},/p'\'''
lt_cv_sys_global_symbol_to_cdecl='sed -n -e '\''s/^T .* \(.*\)$/extern int \1();/p'\'' -e '\''s/^[ABCDGIRSTW]* .* \(.*\)$/extern char \1;/p'\'''
lt_cv_sys_max_cmd_len=1572864
lt_cv_to_host_file_cmd=func_convert_file_noop
lt_cv_to_tool_file_cmd=func_convert_file_noop
pkg_cv_LIBXML2_CFLAGS='-I/usr/include/libxml2 '
pkg_cv_LIBXML2_LIBS='-lxml2 '

## ----------------- ##
## Output variables. ##
## ----------------- ##

ACLOCAL='aclocal-1.15'
AMDEPBACKSLASH='\'
AMDEP_FALSE='#'
AMDEP_TRUE=''
AMTAR='$${TAR-tar}'
AM_BACKSLASH='\'
AM_DEFAULT_V='$(AM_DEFAULT_VERBOSITY)'
AM_DEFAULT_VERBOSITY='1'
AM_V='$(V)'
ANDROID_FALSE=''
ANDROID_TRUE='#'
AR='ar'
AS='as'
AUTOCONF='autoconf'
AUTOHEADER='autoheader'
AUTOMAKE='automake-1.15'
AWK='gawk'
CC='gcc'
CCDEPMODE='depmode=gcc3'
CFLAGS='-g -O2'
CPP='gcc -E'
CPPFLAGS=''
CXX='g++'
CXXCPP='g++ -E'
CXXDEPMODE='depmode=gcc3'
CXXFLAGS='-g -O2'
CYGPATH_W='echo'
DEFS='-DHAVE_CONFIG_H'
DEPDIR='.deps'
DLLTOOL='dlltool'
DSYMUTIL=''
DUMPBIN=':'
ECHO_C=''
ECHO_N='-n'
ECHO_T=''
EGREP='/bin/grep -E'
ENABLE_EXAMPLES_FALSE=''
ENABLE_EXAMPLES_TRUE='#'
ENABLE_GEOPACKAGE_FALSE='#'
ENABLE_GEOPACKAGE_TRUE=''
EXEEXT=''
FGREP='/bin/grep -F'
GEOSCONFIG='/usr/local/bin/geos-config'
GEOS_CFLAGS='-I/usr/local/include'
GEOS_LDFLAGS='-L/usr/local/lib'
GREP='/bin/grep'
INSTALL_DATA='${INSTALL} -m 644'
INSTALL_PROGRAM='${INSTALL}'
INSTALL_SCRIPT='${INSTALL}'
INSTALL_STRIP_PROGRAM='$(install_sh) -c -s'
LD='/usr/bin/ld'
LDFLAGS=''
LIBOBJS=' ${LIBOBJDIR}lstat$U.o ${LIBOBJDIR}memcmp$U.o ${LIBOBJDIR}stat$U.o'
LIBS='-lrttopo -lfreexl -lcharset -lproj -lsqlite3 -lz -lsqlite3  -L/usr/local/lib -lgeos_c'
LIBTOOL='$(SHELL) $(top_builddir)/libtool'
LIBXML2_CFLAGS='-I/usr/include/libxml2 '
LIBXML2_LIBS='-lxml2 '
LIPO=''
LN_S='ln -s'
LTLIBOBJS=' ${LIBOBJDIR}lstat$U.lo ${LIBOBJDIR}memcmp$U.lo ${LIBOBJDIR}stat$U.lo'
MACOSX_FALSE=''
MACOSX_TRUE='#'
MAINT='#'
MAINTAINER_MODE_FALSE=''
MAINTAINER_MODE_TRUE='#'
MAKEINFO='makeinfo'
MANIFEST_TOOL=':'
MINGW_FALSE=''
MINGW_TRUE='#'
MKDIR_P='/bin/mkdir -p'
MODULE_ONLY_FALSE=''
MODULE_ONLY_TRUE='#'
NM='nm'
NMEDIT=''
OBJDUMP='objdump'
OBJEXT='o'
OTOOL64=''
OTOOL=''
PACKAGE='libspatialite'
PACKAGE_BUGREPORT='a.furieri@lqt.it'
PACKAGE_NAME='libspatialite'
PACKAGE_STRING='libspatialite 5.0.0-beta1'
PACKAGE_TARNAME='libspatialite'
PACKAGE_URL=''
PACKAGE_VERSION='5.0.0-beta1'
PATH_SEPARATOR=':'
PKG_CONFIG='/usr/bin/pkg-config'
PKG_CONFIG_LIBDIR=''
PKG_CONFIG_PATH=''
RANLIB='ranlib'
SED='/bin/sed'
SET_MAKE=''
SHELL='/bin/bash'
STRIP='strip'
VERSION='5.0.0-beta1'
ac_ct_AR='ar'
ac_ct_CC='gcc'
ac_ct_CXX='g++'
ac_ct_DUMPBIN='link -dump'
am__EXEEXT_FALSE=''
am__EXEEXT_TRUE='#'
am__fastdepCC_FALSE='#'
am__fastdepCC_TRUE=''
am__fastdepCXX_FALSE='#'
am__fastdepCXX_TRUE=''
am__include='include'
am__isrc=''
am__leading_dot='.'
am__nodep='_no'
am__quote=''
am__tar='$${TAR-tar} chof - "$$tardir"'
am__untar='$${TAR-tar} xf -'
bindir='${exec_prefix}/bin'
build='x86_64-pc-linux-gnu'
build_alias='x86_64-pc-linux-gnu'
build_cpu='x86_64'
build_os='linux-gnu'
build_vendor='pc'
datadir='${datarootdir}'
datarootdir='${prefix}/share'
docdir='${datarootdir}/doc/${PACKAGE_TARNAME}'
dvidir='${docdir}'
exec_prefix='${prefix}'
host='arm-linux-eabi'
host_alias='arm-linux-eabi'
host_cpu='arm'
host_os='eabi'
host_vendor='linux'
htmldir='${docdir}'
includedir='${prefix}/include'
infodir='${datarootdir}/info'
install_sh='${SHELL} /home/mj10777/000_links/geopaparazzi/geopaparazzi.eu/libjsqlite-spatialite-android/libjsqlite-spatialite-android/spatialite-android-library/jni/libspatialite-5.0.0/install-sh'
libdir='${exec_prefix}/lib'
libexecdir='${exec_prefix}/libexec'
localedir='${datarootdir}/locale'
localstatedir='${prefix}/var'
mandir='${datarootdir}/man'
mkdir_p='$(MKDIR_P)'
oldincludedir='/usr/include'
pdfdir='${docdir}'
prefix='/usr/local'
program_transform_name='s,x,x,'
psdir='${docdir}'
sbindir='${exec_prefix}/sbin'
sharedstatedir='${prefix}/com'
sysconfdir='${prefix}/etc'
target_alias=''

## ----------- ##
## confdefs.h. ##
## ----------- ##

/* confdefs.h */
#define PACKAGE_NAME "libspatialite"
#define PACKAGE_TARNAME "libspatialite"
#define PACKAGE_VERSION "5.0.0-beta1"
#define PACKAGE_STRING "libspatialite 5.0.0-beta1"
#define PACKAGE_BUGREPORT "a.furieri@lqt.it"
#define PACKAGE_URL ""
#define PACKAGE "libspatialite"
#define VERSION "5.0.0-beta1"
#define _LARGE_FILE 1
#define _FILE_OFFSET_BITS 64
#define _LARGEFILE_SOURCE 1
#define NDEBUG 1
#define STDC_HEADERS 1
#define HAVE_SYS_TYPES_H 1
#define HAVE_SYS_STAT_H 1
#define HAVE_STDLIB_H 1
#define HAVE_STRING_H 1
#define HAVE_MEMORY_H 1
#define HAVE_STRINGS_H 1
#define HAVE_INTTYPES_H 1
#define HAVE_STDINT_H 1
#define HAVE_UNISTD_H 1
#define HAVE_STDLIB_H 1
#define HAVE_STDIO_H 1
#define HAVE_STRING_H 1
#define HAVE_MEMORY_H 1
#define HAVE_MATH_H 1
#define HAVE_FLOAT_H 1
#define HAVE_FCNTL_H 1
#define HAVE_INTTYPES_H 1
#define HAVE_STDDEF_H 1
#define HAVE_STDINT_H 1
#define HAVE_SYS_TIME_H 1
#define HAVE_UNISTD_H 1
#define HAVE_SQLITE3_H 1
#define HAVE_SQLITE3EXT_H 1
#define HAVE_ZLIB_H 1
#define HAVE_DLFCN_H 1
#define LT_OBJDIR ".libs/"
#define TIME_WITH_SYS_TIME 1
#define HAVE_LSTAT_EMPTY_STRING_BUG 1
#define HAVE_STAT_EMPTY_STRING_BUG 1
#define HAVE_STRFTIME 1
#define HAVE_MEMSET 1
#define HAVE_STRCASECMP 1
#define HAVE_STRERROR 1
#define HAVE_STRNCASECMP 1
#define HAVE_STRSTR 1
#define HAVE_FDATASYNC 1
#define HAVE_FTRUNCATE 1
#define HAVE_GETCWD 1
#define HAVE_GETTIMEOFDAY 1
#define HAVE_LOCALTIME_R 1
#define HAVE_MEMMOVE 1
#define HAVE_STRERROR 1
#define HAVE_LIBSQLITE3 1
#define HAVE_LIBZ 1
#define TARGET_CPU "x86_64-linux-gnu"
#define OMIT_GEOCALLBACKS 1
#define HAVE_LIBSQLITE3 1
#define HAVE_PROJ_API_H 1
#define HAVE_ICONV_H 1
#define HAVE_FREEXL_H 1
#define HAVE_GEOS_C_H 1
#define ENABLE_GCP 1
#define GEOS_ADVANCED 1
#define GEOS_REENTRANT 1
#define GEOS_370 1
#define HAVE_LIBRTTOPO_H 1
#define ENABLE_RTTOPO 1
#define ENABLE_LIBXML2 1
#define ENABLE_GEOPACKAGE 1
#define HAVE_DECL_SQLITE_INDEX_CONSTRAINT_LIKE 1

configure: exit 0
