This file contains any messages produced by compilers while
running configure, to aid debugging if configure makes a mistake.

It was created by libwebp configure 0.4.0, which was
generated by GNU Autoconf 2.68.  Invocation command line was

  $ ./configure --build=x86_64-pc-linux-gnu --host=arm-linux-eabi

## --------- ##
## Platform. ##
## --------- ##

hostname = mj10777-01-l
uname -m = x86_64
uname -r = 3.2.0-56-generic
uname -s = Linux
uname -v = #86-Ubuntu SMP Wed Oct 23 09:20:45 UTC 2013

/usr/bin/uname -p = unknown
/bin/uname -X     = unknown

/bin/arch              = unknown
/usr/bin/arch -k       = unknown
/usr/convex/getsysinfo = unknown
/usr/bin/hostinfo      = unknown
/bin/machine           = unknown
/usr/bin/oslevel       = unknown
/bin/universe          = unknown

PATH: /usr/local/pgsql/bin
PATH: /usr/local/pgsql/bin
PATH: /home/mj10777/bin
PATH: /usr/local/pgsql/bin
PATH: /usr/lib/lightdm/lightdm
PATH: /usr/local/sbin
PATH: /usr/local/bin
PATH: /usr/sbin
PATH: /usr/bin
PATH: /sbin
PATH: /bin
PATH: /usr/games
PATH: /home/mj10777/000_links/gnu_source/qt_dev/Qt5.1.0/5.1.0/gcc_64/bin
PATH: /home/mj10777/000_links/gnu_source/adt-bundle-linux/sdk
PATH: /home/mj10777/000_links/gnu_source/adt-bundle-linux/sdk/tools/home/mj10777/000_links/gnu_source/adt-bundle-linux/sdk/platform-tools
PATH: /home/mj10777/000_links/gnu_source/adt-bundle-linux/sdk/tools
PATH: /home/mj10777/000_links/gnu_source/adt-bundle-linux/android-ndk-r9d
PATH: /home/mj10777/000_links/gnu_source/adt-bundle-linux/apache-ant/bin


## ----------- ##
## Core tests. ##
## ----------- ##

configure:2296: checking build system type
configure:2310: result: x86_64-pc-linux-gnu
configure:2330: checking host system type
configure:2343: result: arm-linux-eabi
configure:2363: checking target system type
configure:2376: result: arm-linux-eabi
configure:2418: checking for a BSD-compatible install
configure:2486: result: /usr/bin/install -c
configure:2497: checking whether build environment is sane
configure:2547: result: yes
configure:2596: checking for arm-linux-eabi-strip
configure:2626: result: no
configure:2636: checking for strip
configure:2652: found /usr/bin/strip
configure:2663: result: strip
configure:2675: WARNING: using cross tools not prefixed with host triplet
configure:2688: checking for a thread-safe mkdir -p
configure:2727: result: /bin/mkdir -p
configure:2740: checking for gawk
configure:2756: found /usr/bin/gawk
configure:2767: result: gawk
configure:2778: checking whether make sets $(MAKE)
configure:2800: result: yes
configure:2893: checking for style of include used by make
configure:2921: result: GNU
configure:2952: checking for arm-linux-eabi-gcc
configure:2982: result: no
configure:2992: checking for gcc
configure:3008: found /usr/bin/gcc
configure:3019: result: gcc
configure:3248: checking for C compiler version
configure:3257: gcc --version >&5
gcc (Ubuntu 4.8.1-2ubuntu1~12.04) 4.8.1
Copyright (C) 2013 Free Software Foundation, Inc.
This is free software; see the source for copying conditions.  There is NO
warranty; not even for MERCHANTABILITY or FITNESS FOR A PARTICULAR PURPOSE.

configure:3268: $? = 0
configure:3257: gcc -v >&5
Using built-in specs.
COLLECT_GCC=gcc
COLLECT_LTO_WRAPPER=/usr/lib/gcc/x86_64-linux-gnu/4.8/lto-wrapper
Target: x86_64-linux-gnu
Configured with: ../src/configure -v --with-pkgversion='Ubuntu 4.8.1-2ubuntu1~12.04' --with-bugurl=file:///usr/share/doc/gcc-4.8/README.Bugs --enable-languages=c,c++,java,go,d,fortran,objc,obj-c++ --prefix=/usr --program-suffix=-4.8 --enable-shared --enable-linker-build-id --libexecdir=/usr/lib --without-included-gettext --enable-threads=posix --with-gxx-include-dir=/usr/include/c++/4.8 --libdir=/usr/lib --enable-nls --with-sysroot=/ --enable-clocale=gnu --enable-libstdcxx-debug --enable-libstdcxx-time=yes --enable-gnu-unique-object --enable-plugin --with-system-zlib --disable-browser-plugin --enable-java-awt=gtk --enable-gtk-cairo --with-java-home=/usr/lib/jvm/java-1.5.0-gcj-4.8-amd64/jre --enable-java-home --with-jvm-root-dir=/usr/lib/jvm/java-1.5.0-gcj-4.8-amd64 --with-jvm-jar-dir=/usr/lib/jvm-exports/java-1.5.0-gcj-4.8-amd64 --with-arch-directory=amd64 --with-ecj-jar=/usr/share/java/eclipse-ecj.jar --enable-objc-gc --enable-multiarch --disable-werror --with-arch-32=i686 --with-abi=m64 --with-multilib-list=m32,m64 --with-tune=generic --enable-checking=release --build=x86_64-linux-gnu --host=x86_64-linux-gnu --target=x86_64-linux-gnu
Thread model: posix
gcc version 4.8.1 (Ubuntu 4.8.1-2ubuntu1~12.04) 
configure:3268: $? = 0
configure:3257: gcc -V >&5
gcc: error: unrecognized command line option '-V'
gcc: fatal error: no input files
compilation terminated.
configure:3268: $? = 4
configure:3257: gcc -qversion >&5
gcc: error: unrecognized command line option '-qversion'
gcc: fatal error: no input files
compilation terminated.
configure:3268: $? = 4
configure:3288: checking whether the C compiler works
configure:3310: gcc    conftest.c  >&5
configure:3314: $? = 0
configure:3362: result: yes
configure:3365: checking for C compiler default output file name
configure:3367: result: a.out
configure:3373: checking for suffix of executables
configure:3380: gcc -o conftest    conftest.c  >&5
configure:3384: $? = 0
configure:3406: result: 
configure:3428: checking whether we are cross compiling
configure:3466: result: yes
configure:3471: checking for suffix of object files
configure:3493: gcc -c   conftest.c >&5
configure:3497: $? = 0
configure:3518: result: o
configure:3522: checking whether we are using the GNU C compiler
configure:3541: gcc -c   conftest.c >&5
configure:3541: $? = 0
configure:3550: result: yes
configure:3559: checking whether gcc accepts -g
configure:3579: gcc -c -g  conftest.c >&5
configure:3579: $? = 0
configure:3620: result: yes
configure:3637: checking for gcc option to accept ISO C89
configure:3701: gcc  -c -g -O2  conftest.c >&5
configure:3701: $? = 0
configure:3714: result: none needed
configure:3736: checking dependency style of gcc
configure:3847: result: gcc3
configure:3868: checking for arm-linux-eabi-ar
configure:3898: result: no
configure:3868: checking for arm-linux-eabi-lib
configure:3898: result: no
configure:3868: checking for arm-linux-eabi-link
configure:3898: result: no
configure:3912: checking for ar
configure:3928: found /usr/bin/ar
configure:3939: result: ar
configure:3965: checking the archiver (ar) interface
configure:3975: gcc -c -g -O2  conftest.c >&5
configure:3975: $? = 0
configure:3977: ar cru libconftest.a conftest.o >&5
configure:3980: $? = 0
configure:4003: result: ar
configure:4070: checking how to print strings
configure:4097: result: printf
configure:4118: checking for a sed that does not truncate output
configure:4182: result: /bin/sed
configure:4200: checking for grep that handles long lines and -e
configure:4258: result: /bin/grep
configure:4263: checking for egrep
configure:4325: result: /bin/grep -E
configure:4330: checking for fgrep
configure:4392: result: /bin/grep -F
configure:4427: checking for ld used by gcc
configure:4494: result: /usr/bin/ld
configure:4501: checking if the linker (/usr/bin/ld) is GNU ld
configure:4516: result: yes
configure:4528: checking for BSD- or MS-compatible name lister (nm)
configure:4577: result: no
configure:4591: checking for arm-linux-eabi-dumpbin
configure:4621: result: no
configure:4591: checking for arm-linux-eabi-link
configure:4621: result: no
configure:4635: checking for dumpbin
configure:4665: result: no
configure:4635: checking for link
configure:4651: found /usr/bin/link
configure:4662: result: link -dump
configure:4707: checking the name lister (nm) interface
configure:4714: gcc -c -g -O2  conftest.c >&5
configure:4717: nm "conftest.o"
configure:4720: output
0000000000000000 B some_variable
configure:4727: result: BSD nm
configure:4730: checking whether ln -s works
configure:4734: result: yes
configure:4742: checking the maximum length of command line arguments
configure:4872: result: 1572864
configure:4889: checking whether the shell understands some XSI constructs
configure:4899: result: yes
configure:4903: checking whether the shell understands "+="
configure:4909: result: yes
configure:4944: checking how to convert x86_64-pc-linux-gnu file names to arm-linux-eabi format
configure:4984: result: func_convert_file_noop
configure:4991: checking how to convert x86_64-pc-linux-gnu file names to toolchain format
configure:5011: result: func_convert_file_noop
configure:5018: checking for /usr/bin/ld option to reload object files
configure:5025: result: -r
configure:5059: checking for arm-linux-eabi-objdump
configure:5089: result: no
configure:5099: checking for objdump
configure:5115: found /usr/bin/objdump
configure:5126: result: objdump
configure:5158: checking how to recognize dependent libraries
configure:5360: result: unknown
configure:5405: checking for arm-linux-eabi-dlltool
configure:5435: result: no
configure:5445: checking for dlltool
configure:5475: result: no
configure:5505: checking how to associate runtime and link libraries
configure:5532: result: printf %s\n
configure:5548: checking for arm-linux-eabi-ar
configure:5575: result: ar
configure:5656: checking for archiver @FILE support
configure:5673: gcc -c -g -O2  conftest.c >&5
configure:5673: $? = 0
configure:5676: ar cru libconftest.a @conftest.lst >&5
configure:5679: $? = 0
configure:5684: ar cru libconftest.a @conftest.lst >&5
ar: conftest.o: No such file or directory
configure:5687: $? = 1
configure:5699: result: @
configure:5717: checking for arm-linux-eabi-strip
configure:5744: result: strip
configure:5816: checking for arm-linux-eabi-ranlib
configure:5846: result: no
configure:5856: checking for ranlib
configure:5872: found /usr/bin/ranlib
configure:5883: result: ranlib
configure:5985: checking command to parse nm output from gcc object
configure:6105: gcc -c -g -O2  conftest.c >&5
configure:6108: $? = 0
configure:6112: nm conftest.o \| sed -n -e 's/^.*[ ]\([ABCDGIRSTW][ABCDGIRSTW]*\)[ ][ ]*\([_A-Za-z][_A-Za-z0-9]*\)$/\1 \2 \2/p' | sed '/ __gnu_lto/d' \> conftest.nm
configure:6115: $? = 0
configure:6181: gcc -o conftest -g -O2   conftest.c conftstm.o >&5
configure:6184: $? = 0
configure:6222: result: ok
configure:6259: checking for sysroot
configure:6289: result: no
configure:6505: checking for arm-linux-eabi-mt
configure:6535: result: no
configure:6545: checking for mt
configure:6561: found /bin/mt
configure:6572: result: mt
configure:6595: checking if mt is a manifest tool
configure:6601: mt '-?'
configure:6609: result: no
configure:7251: checking how to run the C preprocessor
configure:7282: gcc -E  conftest.c
configure:7282: $? = 0
configure:7296: gcc -E  conftest.c
conftest.c:11:28: fatal error: ac_nonexistent.h: No such file or directory
 #include <ac_nonexistent.h>
                            ^
compilation terminated.
configure:7296: $? = 1
configure: failed program was:
| /* confdefs.h */
| #define PACKAGE_NAME "libwebp"
| #define PACKAGE_TARNAME "libwebp"
| #define PACKAGE_VERSION "0.4.0"
| #define PACKAGE_STRING "libwebp 0.4.0"
| #define PACKAGE_BUGREPORT "http://code.google.com/p/webp/issues"
| #define PACKAGE_URL "http://developers.google.com/speed/webp"
| #define PACKAGE "libwebp"
| #define VERSION "0.4.0"
| /* end confdefs.h.  */
| #include <ac_nonexistent.h>
configure:7321: result: gcc -E
configure:7341: gcc -E  conftest.c
configure:7341: $? = 0
configure:7355: gcc -E  conftest.c
conftest.c:11:28: fatal error: ac_nonexistent.h: No such file or directory
 #include <ac_nonexistent.h>
                            ^
compilation terminated.
configure:7355: $? = 1
configure: failed program was:
| /* confdefs.h */
| #define PACKAGE_NAME "libwebp"
| #define PACKAGE_TARNAME "libwebp"
| #define PACKAGE_VERSION "0.4.0"
| #define PACKAGE_STRING "libwebp 0.4.0"
| #define PACKAGE_BUGREPORT "http://code.google.com/p/webp/issues"
| #define PACKAGE_URL "http://developers.google.com/speed/webp"
| #define PACKAGE "libwebp"
| #define VERSION "0.4.0"
| /* end confdefs.h.  */
| #include <ac_nonexistent.h>
configure:7384: checking for ANSI C header files
configure:7404: gcc -c -g -O2  conftest.c >&5
configure:7404: $? = 0
configure:7488: result: yes
configure:7501: checking for sys/types.h
configure:7501: gcc -c -g -O2  conftest.c >&5
configure:7501: $? = 0
configure:7501: result: yes
configure:7501: checking for sys/stat.h
configure:7501: gcc -c -g -O2  conftest.c >&5
configure:7501: $? = 0
configure:7501: result: yes
configure:7501: checking for stdlib.h
configure:7501: gcc -c -g -O2  conftest.c >&5
configure:7501: $? = 0
configure:7501: result: yes
configure:7501: checking for string.h
configure:7501: gcc -c -g -O2  conftest.c >&5
configure:7501: $? = 0
configure:7501: result: yes
configure:7501: checking for memory.h
configure:7501: gcc -c -g -O2  conftest.c >&5
configure:7501: $? = 0
configure:7501: result: yes
configure:7501: checking for strings.h
configure:7501: gcc -c -g -O2  conftest.c >&5
configure:7501: $? = 0
configure:7501: result: yes
configure:7501: checking for inttypes.h
configure:7501: gcc -c -g -O2  conftest.c >&5
configure:7501: $? = 0
configure:7501: result: yes
configure:7501: checking for stdint.h
configure:7501: gcc -c -g -O2  conftest.c >&5
configure:7501: $? = 0
configure:7501: result: yes
configure:7501: checking for unistd.h
configure:7501: gcc -c -g -O2  conftest.c >&5
configure:7501: $? = 0
configure:7501: result: yes
configure:7515: checking for dlfcn.h
configure:7515: gcc -c -g -O2  conftest.c >&5
configure:7515: $? = 0
configure:7515: result: yes
configure:7721: checking for objdir
configure:7736: result: .libs
configure:8007: checking if gcc supports -fno-rtti -fno-exceptions
configure:8025: gcc -c -g -O2  -fno-rtti -fno-exceptions conftest.c >&5
cc1: warning: command line option '-fno-rtti' is valid for C++/ObjC++ but not for C [enabled by default]
configure:8029: $? = 0
configure:8042: result: no
configure:8369: checking for gcc option to produce PIC
configure:8376: result: -fPIC -DPIC
configure:8384: checking if gcc PIC flag -fPIC -DPIC works
configure:8402: gcc -c -g -O2  -fPIC -DPIC -DPIC conftest.c >&5
configure:8406: $? = 0
configure:8419: result: yes
configure:8448: checking if gcc static flag -static works
configure:8476: result: yes
configure:8491: checking if gcc supports -c -o file.o
configure:8512: gcc -c -g -O2  -o out/conftest2.o conftest.c >&5
configure:8516: $? = 0
configure:8538: result: yes
configure:8546: checking if gcc supports -c -o file.o
configure:8593: result: yes
configure:8626: checking whether the gcc linker (/usr/bin/ld) supports shared libraries
configure:9783: result: yes
configure:9820: checking whether -lc should be explicitly linked in
configure:9828: gcc -c -g -O2  conftest.c >&5
configure:9831: $? = 0
configure:9846: gcc -shared  -fPIC -DPIC conftest.o  -v -Wl,-soname -Wl,conftest -o conftest 2\>\&1 \| /bin/grep  -lc  \>/dev/null 2\>\&1
configure:9849: $? = 0
configure:9863: result: no
configure:10023: checking dynamic linker characteristics
configure:10768: result: no
configure:10875: checking how to hardcode library paths into programs
configure:10900: result: immediate
configure:11440: checking whether stripping libraries is possible
configure:11445: result: yes
configure:11480: checking if libtool supports shared libraries
configure:11482: result: no
configure:11485: checking whether to build shared libraries
configure:11506: result: no
configure:11509: checking whether to build static libraries
configure:11513: result: yes
configure:11551: checking whether gcc and cc understand -c and -o together
configure:11582: gcc -c conftest.c -o conftest2.o >&5
configure:11586: $? = 0
configure:11592: gcc -c conftest.c -o conftest2.o >&5
configure:11596: $? = 0
configure:11607: cc -c conftest.c >&5
configure:11611: $? = 0
configure:11619: cc -c conftest.c -o conftest2.o >&5
configure:11623: $? = 0
configure:11629: cc -c conftest.c -o conftest2.o >&5
configure:11633: $? = 0
configure:11651: result: yes
configure:11688: checking whether make supports nested variables
configure:11705: result: yes
configure:11740: checking whether gcc supports -Wall
configure:11746: gcc -c -Werror -Wall  conftest.c >&5
configure:11746: $? = 0
configure:11747: result: yes
configure:11758: checking whether gcc supports -Wdeclaration-after-statement
configure:11764: gcc -c -Werror -Wdeclaration-after-statement  conftest.c >&5
configure:11764: $? = 0
configure:11765: result: yes
configure:11776: checking whether gcc supports -Wextra
configure:11782: gcc -c -Werror -Wextra  conftest.c >&5
configure:11782: $? = 0
configure:11783: result: yes
configure:11794: checking whether gcc supports -Wmissing-declarations
configure:11800: gcc -c -Werror -Wmissing-declarations  conftest.c >&5
configure:11800: $? = 0
configure:11801: result: yes
configure:11812: checking whether gcc supports -Wmissing-prototypes
configure:11818: gcc -c -Werror -Wmissing-prototypes  conftest.c >&5
configure:11818: $? = 0
configure:11819: result: yes
configure:11830: checking whether gcc supports -Wold-style-definition
configure:11836: gcc -c -Werror -Wold-style-definition  conftest.c >&5
configure:11836: $? = 0
configure:11837: result: yes
configure:11848: checking whether gcc supports -Wshadow
configure:11854: gcc -c -Werror -Wshadow  conftest.c >&5
configure:11854: $? = 0
configure:11855: result: yes
configure:11866: checking whether gcc supports -Wunused-but-set-variable
configure:11872: gcc -c -Werror -Wunused-but-set-variable  conftest.c >&5
configure:11872: $? = 0
configure:11873: result: yes
configure:11884: checking whether gcc supports -Wunused
configure:11890: gcc -c -Werror -Wunused  conftest.c >&5
configure:11890: $? = 0
configure:11891: result: yes
configure:11902: checking whether gcc supports -Wvla
configure:11908: gcc -c -Werror -Wvla  conftest.c >&5
configure:11908: $? = 0
configure:11909: result: yes
configure:11936: checking for threading support...
configure:12106: checking for the pthreads library -lpthreads
configure:12144: gcc -o conftest -g -O2    conftest.c -lpthreads  >&5
/usr/bin/ld: cannot find -lpthreads
collect2: error: ld returned 1 exit status
configure:12144: $? = 1
configure: failed program was:
| /* confdefs.h */
| #define PACKAGE_NAME "libwebp"
| #define PACKAGE_TARNAME "libwebp"
| #define PACKAGE_VERSION "0.4.0"
| #define PACKAGE_STRING "libwebp 0.4.0"
| #define PACKAGE_BUGREPORT "http://code.google.com/p/webp/issues"
| #define PACKAGE_URL "http://developers.google.com/speed/webp"
| #define PACKAGE "libwebp"
| #define VERSION "0.4.0"
| #define STDC_HEADERS 1
| #define HAVE_SYS_TYPES_H 1
| #define HAVE_SYS_STAT_H 1
| #define HAVE_STDLIB_H 1
| #define HAVE_STRING_H 1
| #define HAVE_MEMORY_H 1
| #define HAVE_STRINGS_H 1
| #define HAVE_INTTYPES_H 1
| #define HAVE_STDINT_H 1
| #define HAVE_UNISTD_H 1
| #define HAVE_DLFCN_H 1
| #define LT_OBJDIR ".libs/"
| /* end confdefs.h.  */
| #include <pthread.h>
|                         static void routine(void *a) { a = 0; }
|                         static void *start_routine(void *a) { return a; }
| int
| main ()
| {
| pthread_t th; pthread_attr_t attr;
|                         pthread_create(&th, 0, start_routine, 0);
|                         pthread_join(th, 0);
|                         pthread_attr_init(&attr);
|                         pthread_cleanup_push(routine, 0);
|                         pthread_cleanup_pop(0) /* ; */
|   ;
|   return 0;
| }
configure:12153: result: no
configure:12051: checking whether pthreads work without any flags
configure:12144: gcc -o conftest -g -O2    conftest.c   >&5
/tmp/ccngORZ5.o: In function `main':
/home/mj10777/000_links/geopaparazzi/geopaparazzi.eu/libjsqlite-spatialite-android/libjsqlite-spatialite-android/spatialite-android-library/jni/libwebp-0.4.0/conftest.c:30: undefined reference to `pthread_create'
/home/mj10777/000_links/geopaparazzi/geopaparazzi.eu/libjsqlite-spatialite-android/libjsqlite-spatialite-android/spatialite-android-library/jni/libwebp-0.4.0/conftest.c:31: undefined reference to `pthread_join'
/home/mj10777/000_links/geopaparazzi/geopaparazzi.eu/libjsqlite-spatialite-android/libjsqlite-spatialite-android/spatialite-android-library/jni/libwebp-0.4.0/conftest.c:33: undefined reference to `__pthread_register_cancel'
/home/mj10777/000_links/geopaparazzi/geopaparazzi.eu/libjsqlite-spatialite-android/libjsqlite-spatialite-android/spatialite-android-library/jni/libwebp-0.4.0/conftest.c:34: undefined reference to `__pthread_unregister_cancel'
collect2: error: ld returned 1 exit status
configure:12144: $? = 1
configure: failed program was:
| /* confdefs.h */
| #define PACKAGE_NAME "libwebp"
| #define PACKAGE_TARNAME "libwebp"
| #define PACKAGE_VERSION "0.4.0"
| #define PACKAGE_STRING "libwebp 0.4.0"
| #define PACKAGE_BUGREPORT "http://code.google.com/p/webp/issues"
| #define PACKAGE_URL "http://developers.google.com/speed/webp"
| #define PACKAGE "libwebp"
| #define VERSION "0.4.0"
| #define STDC_HEADERS 1
| #define HAVE_SYS_TYPES_H 1
| #define HAVE_SYS_STAT_H 1
| #define HAVE_STDLIB_H 1
| #define HAVE_STRING_H 1
| #define HAVE_MEMORY_H 1
| #define HAVE_STRINGS_H 1
| #define HAVE_INTTYPES_H 1
| #define HAVE_STDINT_H 1
| #define HAVE_UNISTD_H 1
| #define HAVE_DLFCN_H 1
| #define LT_OBJDIR ".libs/"
| /* end confdefs.h.  */
| #include <pthread.h>
|                         static void routine(void *a) { a = 0; }
|                         static void *start_routine(void *a) { return a; }
| int
| main ()
| {
| pthread_t th; pthread_attr_t attr;
|                         pthread_create(&th, 0, start_routine, 0);
|                         pthread_join(th, 0);
|                         pthread_attr_init(&attr);
|                         pthread_cleanup_push(routine, 0);
|                         pthread_cleanup_pop(0) /* ; */
|   ;
|   return 0;
| }
configure:12153: result: no
configure:12056: checking whether pthreads work with -Kthread
configure:12144: gcc -o conftest -g -O2 -Kthread   conftest.c   >&5
gcc: error: unrecognized command line option '-Kthread'
configure:12144: $? = 1
configure: failed program was:
| /* confdefs.h */
| #define PACKAGE_NAME "libwebp"
| #define PACKAGE_TARNAME "libwebp"
| #define PACKAGE_VERSION "0.4.0"
| #define PACKAGE_STRING "libwebp 0.4.0"
| #define PACKAGE_BUGREPORT "http://code.google.com/p/webp/issues"
| #define PACKAGE_URL "http://developers.google.com/speed/webp"
| #define PACKAGE "libwebp"
| #define VERSION "0.4.0"
| #define STDC_HEADERS 1
| #define HAVE_SYS_TYPES_H 1
| #define HAVE_SYS_STAT_H 1
| #define HAVE_STDLIB_H 1
| #define HAVE_STRING_H 1
| #define HAVE_MEMORY_H 1
| #define HAVE_STRINGS_H 1
| #define HAVE_INTTYPES_H 1
| #define HAVE_STDINT_H 1
| #define HAVE_UNISTD_H 1
| #define HAVE_DLFCN_H 1
| #define LT_OBJDIR ".libs/"
| /* end confdefs.h.  */
| #include <pthread.h>
|                         static void routine(void *a) { a = 0; }
|                         static void *start_routine(void *a) { return a; }
| int
| main ()
| {
| pthread_t th; pthread_attr_t attr;
|                         pthread_create(&th, 0, start_routine, 0);
|                         pthread_join(th, 0);
|                         pthread_attr_init(&attr);
|                         pthread_cleanup_push(routine, 0);
|                         pthread_cleanup_pop(0) /* ; */
|   ;
|   return 0;
| }
configure:12153: result: no
configure:12056: checking whether pthreads work with -kthread
configure:12144: gcc -o conftest -g -O2 -kthread   conftest.c   >&5
gcc: error: unrecognized command line option '-kthread'
configure:12144: $? = 1
configure: failed program was:
| /* confdefs.h */
| #define PACKAGE_NAME "libwebp"
| #define PACKAGE_TARNAME "libwebp"
| #define PACKAGE_VERSION "0.4.0"
| #define PACKAGE_STRING "libwebp 0.4.0"
| #define PACKAGE_BUGREPORT "http://code.google.com/p/webp/issues"
| #define PACKAGE_URL "http://developers.google.com/speed/webp"
| #define PACKAGE "libwebp"
| #define VERSION "0.4.0"
| #define STDC_HEADERS 1
| #define HAVE_SYS_TYPES_H 1
| #define HAVE_SYS_STAT_H 1
| #define HAVE_STDLIB_H 1
| #define HAVE_STRING_H 1
| #define HAVE_MEMORY_H 1
| #define HAVE_STRINGS_H 1
| #define HAVE_INTTYPES_H 1
| #define HAVE_STDINT_H 1
| #define HAVE_UNISTD_H 1
| #define HAVE_DLFCN_H 1
| #define LT_OBJDIR ".libs/"
| /* end confdefs.h.  */
| #include <pthread.h>
|                         static void routine(void *a) { a = 0; }
|                         static void *start_routine(void *a) { return a; }
| int
| main ()
| {
| pthread_t th; pthread_attr_t attr;
|                         pthread_create(&th, 0, start_routine, 0);
|                         pthread_join(th, 0);
|                         pthread_attr_init(&attr);
|                         pthread_cleanup_push(routine, 0);
|                         pthread_cleanup_pop(0) /* ; */
|   ;
|   return 0;
| }
configure:12153: result: no
configure:12106: checking for the pthreads library -llthread
configure:12144: gcc -o conftest -g -O2    conftest.c -llthread  >&5
/usr/bin/ld: cannot find -llthread
collect2: error: ld returned 1 exit status
configure:12144: $? = 1
configure: failed program was:
| /* confdefs.h */
| #define PACKAGE_NAME "libwebp"
| #define PACKAGE_TARNAME "libwebp"
| #define PACKAGE_VERSION "0.4.0"
| #define PACKAGE_STRING "libwebp 0.4.0"
| #define PACKAGE_BUGREPORT "http://code.google.com/p/webp/issues"
| #define PACKAGE_URL "http://developers.google.com/speed/webp"
| #define PACKAGE "libwebp"
| #define VERSION "0.4.0"
| #define STDC_HEADERS 1
| #define HAVE_SYS_TYPES_H 1
| #define HAVE_SYS_STAT_H 1
| #define HAVE_STDLIB_H 1
| #define HAVE_STRING_H 1
| #define HAVE_MEMORY_H 1
| #define HAVE_STRINGS_H 1
| #define HAVE_INTTYPES_H 1
| #define HAVE_STDINT_H 1
| #define HAVE_UNISTD_H 1
| #define HAVE_DLFCN_H 1
| #define LT_OBJDIR ".libs/"
| /* end confdefs.h.  */
| #include <pthread.h>
|                         static void routine(void *a) { a = 0; }
|                         static void *start_routine(void *a) { return a; }
| int
| main ()
| {
| pthread_t th; pthread_attr_t attr;
|                         pthread_create(&th, 0, start_routine, 0);
|                         pthread_join(th, 0);
|                         pthread_attr_init(&attr);
|                         pthread_cleanup_push(routine, 0);
|                         pthread_cleanup_pop(0) /* ; */
|   ;
|   return 0;
| }
configure:12153: result: no
configure:12056: checking whether pthreads work with -pthread
configure:12144: gcc -o conftest -g -O2 -pthread   conftest.c   >&5
configure:12144: $? = 0
configure:12153: result: yes
configure:12172: checking for joinable pthread attribute
configure:12187: gcc -o conftest -g -O2 -pthread   conftest.c   >&5
configure:12187: $? = 0
configure:12193: result: PTHREAD_CREATE_JOINABLE
configure:12203: checking if more special flags are required for pthreads
configure:12217: result: no
configure:12223: checking for PTHREAD_PRIO_INHERIT
configure:12241: gcc -o conftest -g -O2 -pthread   conftest.c   >&5
conftest.c: In function 'main':
conftest.c:28:9: error: 'PTHREAD_PRIO_INHERIT' undeclared (first use in this function)
 int i = PTHREAD_PRIO_INHERIT;
         ^
conftest.c:28:9: note: each undeclared identifier is reported only once for each function it appears in
configure:12241: $? = 1
configure: failed program was:
| /* confdefs.h */
| #define PACKAGE_NAME "libwebp"
| #define PACKAGE_TARNAME "libwebp"
| #define PACKAGE_VERSION "0.4.0"
| #define PACKAGE_STRING "libwebp 0.4.0"
| #define PACKAGE_BUGREPORT "http://code.google.com/p/webp/issues"
| #define PACKAGE_URL "http://developers.google.com/speed/webp"
| #define PACKAGE "libwebp"
| #define VERSION "0.4.0"
| #define STDC_HEADERS 1
| #define HAVE_SYS_TYPES_H 1
| #define HAVE_SYS_STAT_H 1
| #define HAVE_STDLIB_H 1
| #define HAVE_STRING_H 1
| #define HAVE_MEMORY_H 1
| #define HAVE_STRINGS_H 1
| #define HAVE_INTTYPES_H 1
| #define HAVE_STDINT_H 1
| #define HAVE_UNISTD_H 1
| #define HAVE_DLFCN_H 1
| #define LT_OBJDIR ".libs/"
| /* end confdefs.h.  */
| 
|                     #include <pthread.h>
| int
| main ()
| {
| int i = PTHREAD_PRIO_INHERIT;
|   ;
|   return 0;
| }
configure:12250: result: no
configure:12339: checking if threading is enabled... yes
configure:12388: checking GL/glut.h usability
configure:12388: gcc -c -g -O2 -pthread   conftest.c >&5
configure:12388: $? = 0
configure:12388: result: yes
configure:12388: checking GL/glut.h presence
configure:12388: gcc -E   conftest.c
configure:12388: $? = 0
configure:12388: result: yes
configure:12388: checking for GL/glut.h
configure:12388: result: yes
configure:12427: checking for library containing glBegin
configure:12458: gcc -o conftest -g -O2 -pthread    conftest.c    >&5
/tmp/ccfGmbmg.o: In function `main':
/home/mj10777/000_links/geopaparazzi/geopaparazzi.eu/libjsqlite-spatialite-android/libjsqlite-spatialite-android/spatialite-android-library/jni/libwebp-0.4.0/conftest.c:36: undefined reference to `glBegin'
collect2: error: ld returned 1 exit status
configure:12458: $? = 1
configure: failed program was:
| /* confdefs.h */
| #define PACKAGE_NAME "libwebp"
| #define PACKAGE_TARNAME "libwebp"
| #define PACKAGE_VERSION "0.4.0"
| #define PACKAGE_STRING "libwebp 0.4.0"
| #define PACKAGE_BUGREPORT "http://code.google.com/p/webp/issues"
| #define PACKAGE_URL "http://developers.google.com/speed/webp"
| #define PACKAGE "libwebp"
| #define VERSION "0.4.0"
| #define STDC_HEADERS 1
| #define HAVE_SYS_TYPES_H 1
| #define HAVE_SYS_STAT_H 1
| #define HAVE_STDLIB_H 1
| #define HAVE_STRING_H 1
| #define HAVE_MEMORY_H 1
| #define HAVE_STRINGS_H 1
| #define HAVE_INTTYPES_H 1
| #define HAVE_STDINT_H 1
| #define HAVE_UNISTD_H 1
| #define HAVE_DLFCN_H 1
| #define LT_OBJDIR ".libs/"
| #define WEBP_USE_THREAD 1
| #define HAVE_GL_GLUT_H 1
| /* end confdefs.h.  */
| 
| /* Override any GCC internal prototype to avoid an error.
|    Use char because int might match the return type of a GCC
|    builtin and then its argument prototype would still apply.  */
| #ifdef __cplusplus
| extern "C"
| #endif
| char glBegin ();
| int
| main ()
| {
| return glBegin ();
|   ;
|   return 0;
| }
configure:12458: gcc -o conftest -g -O2 -pthread    conftest.c -lGL     >&5
configure:12458: $? = 0
configure:12475: result: -lGL
configure:12512: gcc -o conftest -g -O2 -pthread    conftest.c  >&5
/tmp/cc6spZDY.o: In function `main':
/home/mj10777/000_links/geopaparazzi/geopaparazzi.eu/libjsqlite-spatialite-android/libjsqlite-spatialite-android/spatialite-android-library/jni/libwebp-0.4.0/conftest.c:38: undefined reference to `glOrtho'
/home/mj10777/000_links/geopaparazzi/geopaparazzi.eu/libjsqlite-spatialite-android/libjsqlite-spatialite-android/spatialite-android-library/jni/libwebp-0.4.0/conftest.c:39: undefined reference to `glutMainLoop'
collect2: error: ld returned 1 exit status
configure:12512: $? = 1
configure: failed program was:
| /* confdefs.h */
| #define PACKAGE_NAME "libwebp"
| #define PACKAGE_TARNAME "libwebp"
| #define PACKAGE_VERSION "0.4.0"
| #define PACKAGE_STRING "libwebp 0.4.0"
| #define PACKAGE_BUGREPORT "http://code.google.com/p/webp/issues"
| #define PACKAGE_URL "http://developers.google.com/speed/webp"
| #define PACKAGE "libwebp"
| #define VERSION "0.4.0"
| #define STDC_HEADERS 1
| #define HAVE_SYS_TYPES_H 1
| #define HAVE_SYS_STAT_H 1
| #define HAVE_STDLIB_H 1
| #define HAVE_STRING_H 1
| #define HAVE_MEMORY_H 1
| #define HAVE_STRINGS_H 1
| #define HAVE_INTTYPES_H 1
| #define HAVE_STDINT_H 1
| #define HAVE_UNISTD_H 1
| #define HAVE_DLFCN_H 1
| #define LT_OBJDIR ".libs/"
| #define WEBP_USE_THREAD 1
| #define HAVE_GL_GLUT_H 1
| /* end confdefs.h.  */
| 
|            #ifdef __cplusplus
|            # define EXTERN_C extern "C"
|            #else
|            # define EXTERN_C
|            #endif
|            EXTERN_C char glOrtho();
|            EXTERN_C char glutMainLoop();
| 
| int
| main ()
| {
| 
|            glOrtho();
|            glutMainLoop();
| 
|   ;
|   return 0;
| }
| 
configure:12512: gcc -o conftest -g -O2 -pthread    conftest.c -lglut >&5
configure:12512: $? = 0
configure:12561: checking for libpng-config
configure:12579: found /usr/local/bin/libpng-config
configure:12591: result: /usr/local/bin/libpng-config
configure:12628: checking png.h usability
configure:12628: gcc -c -g -O2 -pthread -I/usr/local/include/libpng16  conftest.c >&5
configure:12628: $? = 0
configure:12628: result: yes
configure:12628: checking png.h presence
configure:12628: gcc -E -I/usr/local/include/libpng16  conftest.c
configure:12628: $? = 0
configure:12628: result: yes
configure:12628: checking for png.h
configure:12628: result: yes
configure:12630: checking for library containing png_get_libpng_ver
configure:12661: gcc -o conftest -g -O2 -pthread -I/usr/local/include/libpng16   conftest.c -L/usr/local/lib -lpng16   >&5
configure:12661: $? = 0
configure:12678: result: none required
configure:12732: checking jpeglib.h usability
configure:12732: gcc -c -g -O2 -pthread   conftest.c >&5
configure:12732: $? = 0
configure:12732: result: yes
configure:12732: checking jpeglib.h presence
configure:12732: gcc -E   conftest.c
configure:12732: $? = 0
configure:12732: result: yes
configure:12732: checking for jpeglib.h
configure:12732: result: yes
configure:12734: checking for jpeg_set_defaults in -ljpeg
configure:12759: gcc -o conftest -g -O2 -pthread    conftest.c -ljpeg     >&5
configure:12759: $? = 0
configure:12768: result: yes
configure:12814: checking tiffio.h usability
configure:12814: gcc -c -g -O2 -pthread   conftest.c >&5
configure:12814: $? = 0
configure:12814: result: yes
configure:12814: checking tiffio.h presence
configure:12814: gcc -E   conftest.c
configure:12814: $? = 0
configure:12814: result: yes
configure:12814: checking for tiffio.h
configure:12814: result: yes
configure:12816: checking for TIFFGetVersion in -ltiff
configure:12841: gcc -o conftest -g -O2 -pthread    conftest.c -ltiff     >&5
configure:12841: $? = 0
configure:12850: result: yes
configure:12896: checking gif_lib.h usability
configure:12896: gcc -c -g -O2 -pthread   conftest.c >&5
configure:12896: $? = 0
configure:12896: result: yes
configure:12896: checking gif_lib.h presence
configure:12896: gcc -E   conftest.c
configure:12896: $? = 0
configure:12896: result: yes
configure:12896: checking for gif_lib.h
configure:12896: result: yes
configure:12898: checking for DGifOpenFileHandle in -lgif
configure:12923: gcc -o conftest -g -O2 -pthread    conftest.c -lgif     >&5
configure:12923: $? = 0
configure:12932: result: yes
configure:13054: checking if --enable-swap-16bit-csp option is specified
configure:13064: result: no
configure:13070: checking if --enable-experimental option is specified
configure:13083: result: no
configure:13087: checking whether libwebpmux is to be built
configure:13094: result: no
configure:13105: checking whether libwebpdemux is to be built
configure:13112: result: no
configure:13123: checking whether decoder library is to be built
configure:13130: result: no
configure:13299: creating ./config.status

## ---------------------- ##
## Running config.status. ##
## ---------------------- ##

This file was extended by libwebp config.status 0.4.0, which was
generated by GNU Autoconf 2.68.  Invocation command line was

  CONFIG_FILES    = 
  CONFIG_HEADERS  = 
  CONFIG_LINKS    = 
  CONFIG_COMMANDS = 
  $ ./config.status 

on mj10777-01-l

config.status:1150: creating Makefile
config.status:1150: creating src/Makefile
config.status:1150: creating man/Makefile
config.status:1150: creating examples/Makefile
config.status:1150: creating src/dec/Makefile
config.status:1150: creating src/enc/Makefile
config.status:1150: creating src/dsp/Makefile
config.status:1150: creating src/demux/Makefile
config.status:1150: creating src/mux/Makefile
config.status:1150: creating src/utils/Makefile
config.status:1150: creating src/libwebp.pc
config.status:1150: creating src/libwebpdecoder.pc
config.status:1150: creating src/demux/libwebpdemux.pc
config.status:1150: creating src/mux/libwebpmux.pc
config.status:1150: creating config.h
config.status:1379: executing depfiles commands
config.status:1379: executing libtool commands
configure:15581:
WebP Configuration Summary
--------------------------

Shared libraries: no
Static libraries: yes
Threaded decode: yes
libwebp: yes
libwebpdecoder: no
libwebpdemux: no
libwebpmux: no

Tools:
cwebp : yes
  Input format support
  ====================
  JPEG : yes
  PNG  : yes
  TIFF : yes
  WIC  : no
dwebp : yes
  Output format support
  =====================
  PNG  : yes
  WIC  : no
GIF support : yes
gif2webp    : no
webpmux     : no
vwebp       : no


## ---------------- ##
## Cache variables. ##
## ---------------- ##

ac_cv_build=x86_64-pc-linux-gnu
ac_cv_c_compiler_gnu=yes
ac_cv_env_CC_set=
ac_cv_env_CC_value=
ac_cv_env_CFLAGS_set=
ac_cv_env_CFLAGS_value=
ac_cv_env_CPPFLAGS_set=
ac_cv_env_CPPFLAGS_value=
ac_cv_env_CPP_set=
ac_cv_env_CPP_value=
ac_cv_env_LDFLAGS_set=
ac_cv_env_LDFLAGS_value=
ac_cv_env_LIBS_set=
ac_cv_env_LIBS_value=
ac_cv_env_build_alias_set=set
ac_cv_env_build_alias_value=x86_64-pc-linux-gnu
ac_cv_env_host_alias_set=set
ac_cv_env_host_alias_value=arm-linux-eabi
ac_cv_env_target_alias_set=
ac_cv_env_target_alias_value=
ac_cv_header_GL_glut_h=yes
ac_cv_header_dlfcn_h=yes
ac_cv_header_gif_lib_h=yes
ac_cv_header_inttypes_h=yes
ac_cv_header_jpeglib_h=yes
ac_cv_header_memory_h=yes
ac_cv_header_png_h=yes
ac_cv_header_stdc=yes
ac_cv_header_stdint_h=yes
ac_cv_header_stdlib_h=yes
ac_cv_header_string_h=yes
ac_cv_header_strings_h=yes
ac_cv_header_sys_stat_h=yes
ac_cv_header_sys_types_h=yes
ac_cv_header_tiffio_h=yes
ac_cv_header_unistd_h=yes
ac_cv_host=arm-linux-eabi
ac_cv_lib_gif_DGifOpenFileHandle=yes
ac_cv_lib_jpeg_jpeg_set_defaults=yes
ac_cv_lib_tiff_TIFFGetVersion=yes
ac_cv_objext=o
ac_cv_path_EGREP='/bin/grep -E'
ac_cv_path_FGREP='/bin/grep -F'
ac_cv_path_GREP=/bin/grep
ac_cv_path_LIBPNG_CONFIG=/usr/local/bin/libpng-config
ac_cv_path_SED=/bin/sed
ac_cv_path_install='/usr/bin/install -c'
ac_cv_path_mkdir=/bin/mkdir
ac_cv_prog_AR=ar
ac_cv_prog_AWK=gawk
ac_cv_prog_CPP='gcc -E'
ac_cv_prog_STRIP=strip
ac_cv_prog_ac_ct_AR=ar
ac_cv_prog_ac_ct_CC=gcc
ac_cv_prog_ac_ct_DUMPBIN='link -dump'
ac_cv_prog_ac_ct_MANIFEST_TOOL=mt
ac_cv_prog_ac_ct_OBJDUMP=objdump
ac_cv_prog_ac_ct_RANLIB=ranlib
ac_cv_prog_ac_ct_STRIP=strip
ac_cv_prog_cc_c89=
ac_cv_prog_cc_g=yes
ac_cv_prog_cc_gcc_c_o=yes
ac_cv_prog_make_make_set=yes
ac_cv_search_glBegin=-lGL
ac_cv_search_png_get_libpng_ver='none required'
ac_cv_target=arm-linux-eabi
am_cv_CC_dependencies_compiler_type=gcc3
am_cv_ar_interface=ar
am_cv_make_support_nested_variables=yes
ax_cv_PTHREAD_PRIO_INHERIT=no
lt_cv_ar_at_file=@
lt_cv_archive_cmds_need_lc=no
lt_cv_deplibs_check_method=unknown
lt_cv_file_magic_cmd='$MAGIC_CMD'
lt_cv_file_magic_test_file=
lt_cv_ld_reload_flag=-r
lt_cv_nm_interface='BSD nm'
lt_cv_objdir=.libs
lt_cv_path_LD=/usr/bin/ld
lt_cv_path_NM=no
lt_cv_path_mainfest_tool=no
lt_cv_prog_compiler_c_o=yes
lt_cv_prog_compiler_pic='-fPIC -DPIC'
lt_cv_prog_compiler_pic_works=yes
lt_cv_prog_compiler_rtti_exceptions=no
lt_cv_prog_compiler_static_works=yes
lt_cv_prog_gnu_ld=yes
lt_cv_sharedlib_from_linklib_cmd='printf %s\n'
lt_cv_sys_global_symbol_pipe='sed -n -e '\''s/^.*[	 ]\([ABCDGIRSTW][ABCDGIRSTW]*\)[	 ][	 ]*\([_A-Za-z][_A-Za-z0-9]*\)$/\1 \2 \2/p'\'' | sed '\''/ __gnu_lto/d'\'''
lt_cv_sys_global_symbol_to_c_name_address='sed -n -e '\''s/^: \([^ ]*\)[ ]*$/  {\"\1\", (void *) 0},/p'\'' -e '\''s/^[ABCDGIRSTW]* \([^ ]*\) \([^ ]*\)$/  {"\2", (void *) \&\2},/p'\'''
lt_cv_sys_global_symbol_to_c_name_address_lib_prefix='sed -n -e '\''s/^: \([^ ]*\)[ ]*$/  {\"\1\", (void *) 0},/p'\'' -e '\''s/^[ABCDGIRSTW]* \([^ ]*\) \(lib[^ ]*\)$/  {"\2", (void *) \&\2},/p'\'' -e '\''s/^[ABCDGIRSTW]* \([^ ]*\) \([^ ]*\)$/  {"lib\2", (void *) \&\2},/p'\'''
lt_cv_sys_global_symbol_to_cdecl='sed -n -e '\''s/^T .* \(.*\)$/extern int \1();/p'\'' -e '\''s/^[ABCDGIRSTW]* .* \(.*\)$/extern char \1;/p'\'''
lt_cv_sys_max_cmd_len=1572864
lt_cv_to_host_file_cmd=func_convert_file_noop
lt_cv_to_tool_file_cmd=func_convert_file_noop

## ----------------- ##
## Output variables. ##
## ----------------- ##

ACLOCAL='${SHELL} /home/mj10777/000_links/geopaparazzi/geopaparazzi.eu/libjsqlite-spatialite-android/libjsqlite-spatialite-android/spatialite-android-library/jni/libwebp-0.4.0/missing --run aclocal-1.11'
AMDEPBACKSLASH='\'
AMDEP_FALSE='#'
AMDEP_TRUE=''
AMTAR='$${TAR-tar}'
AM_BACKSLASH='\'
AM_CFLAGS=' -Wall -Wdeclaration-after-statement -Wextra -Wmissing-declarations -Wmissing-prototypes -Wold-style-definition -Wshadow -Wunused-but-set-variable -Wunused -Wvla'
AM_DEFAULT_V='$(AM_DEFAULT_VERBOSITY)'
AM_DEFAULT_VERBOSITY='0'
AM_V='$(V)'
AR='ar'
AUTOCONF='${SHELL} /home/mj10777/000_links/geopaparazzi/geopaparazzi.eu/libjsqlite-spatialite-android/libjsqlite-spatialite-android/spatialite-android-library/jni/libwebp-0.4.0/missing --run autoconf'
AUTOHEADER='${SHELL} /home/mj10777/000_links/geopaparazzi/geopaparazzi.eu/libjsqlite-spatialite-android/libjsqlite-spatialite-android/spatialite-android-library/jni/libwebp-0.4.0/missing --run autoheader'
AUTOMAKE='${SHELL} /home/mj10777/000_links/geopaparazzi/geopaparazzi.eu/libjsqlite-spatialite-android/libjsqlite-spatialite-android/spatialite-android-library/jni/libwebp-0.4.0/missing --run automake-1.11'
AWK='gawk'
BUILD_GIF2WEBP_FALSE=''
BUILD_GIF2WEBP_TRUE='#'
BUILD_LIBWEBPDECODER_FALSE=''
BUILD_LIBWEBPDECODER_TRUE='#'
BUILD_VWEBP_FALSE=''
BUILD_VWEBP_TRUE='#'
CC='gcc'
CCDEPMODE='depmode=gcc3'
CFLAGS='-g -O2 -pthread'
CPP='gcc -E'
CPPFLAGS=''
CYGPATH_W='echo'
DEFS='-DHAVE_CONFIG_H'
DEPDIR='.deps'
DLLTOOL='false'
DSYMUTIL=''
DUMPBIN=':'
ECHO_C=''
ECHO_N='-n'
ECHO_T=''
EGREP='/bin/grep -E'
EXEEXT=''
FGREP='/bin/grep -F'
GIF_INCLUDES=''
GIF_LIBS=' -lgif'
GL_INCLUDES=''
GL_LIBS=' -lglut'
GREP='/bin/grep'
INSTALL_DATA='${INSTALL} -m 644'
INSTALL_PROGRAM='${INSTALL}'
INSTALL_SCRIPT='${INSTALL}'
INSTALL_STRIP_PROGRAM='$(install_sh) -c -s'
JPEG_INCLUDES=' -DWEBP_HAVE_JPEG'
JPEG_LIBS=' -ljpeg'
LD='/usr/bin/ld'
LDFLAGS=''
LIBOBJS=''
LIBPNG_CONFIG='/usr/local/bin/libpng-config'
LIBS=' '
LIBTOOL='$(SHELL) $(top_builddir)/libtool'
LIPO=''
LN_S='ln -s'
LTLIBOBJS=''
MAKEINFO='${SHELL} /home/mj10777/000_links/geopaparazzi/geopaparazzi.eu/libjsqlite-spatialite-android/libjsqlite-spatialite-android/spatialite-android-library/jni/libwebp-0.4.0/missing --run makeinfo'
MANIFEST_TOOL=':'
MKDIR_P='/bin/mkdir -p'
NM='nm'
NMEDIT=''
OBJDUMP='objdump'
OBJEXT='o'
OTOOL64=''
OTOOL=''
PACKAGE='libwebp'
PACKAGE_BUGREPORT='http://code.google.com/p/webp/issues'
PACKAGE_NAME='libwebp'
PACKAGE_STRING='libwebp 0.4.0'
PACKAGE_TARNAME='libwebp'
PACKAGE_URL='http://developers.google.com/speed/webp'
PACKAGE_VERSION='0.4.0'
PATH_SEPARATOR=':'
PNG_INCLUDES='-I/usr/local/include/libpng16 -DWEBP_HAVE_PNG'
PNG_LIBS='-L/usr/local/lib -lpng16'
PTHREAD_CC='gcc'
PTHREAD_CFLAGS='-pthread'
PTHREAD_LIBS=''
RANLIB='ranlib'
SED='/bin/sed'
SET_MAKE=''
SHELL='/bin/bash'
STRIP='strip'
TIFF_INCLUDES=' -DWEBP_HAVE_TIFF'
TIFF_LIBS=' -ltiff'
USE_EXPERIMENTAL_CODE=''
USE_SWAP_16BIT_CSP=''
VERSION='0.4.0'
WANT_DEMUX_FALSE=''
WANT_DEMUX_TRUE='#'
WANT_MUX_FALSE=''
WANT_MUX_TRUE='#'
ac_ct_AR='ar'
ac_ct_CC='gcc'
ac_ct_DUMPBIN='link -dump'
am__EXEEXT_FALSE=''
am__EXEEXT_TRUE='#'
am__fastdepCC_FALSE='#'
am__fastdepCC_TRUE=''
am__include='include'
am__isrc=''
am__leading_dot='.'
am__nodep='_no'
am__quote=''
am__tar='$${TAR-tar} chof - "$$tardir"'
am__untar='$${TAR-tar} xf -'
ax_pthread_config=''
bindir='${exec_prefix}/bin'
build='x86_64-pc-linux-gnu'
build_alias='x86_64-pc-linux-gnu'
build_cpu='x86_64'
build_os='linux-gnu'
build_vendor='pc'
datadir='${datarootdir}'
datarootdir='${prefix}/share'
docdir='${datarootdir}/doc/${PACKAGE_TARNAME}'
dvidir='${docdir}'
exec_prefix='${prefix}'
host='arm-linux-eabi'
host_alias='arm-linux-eabi'
host_cpu='arm'
host_os='eabi'
host_vendor='linux'
htmldir='${docdir}'
includedir='${prefix}/include'
infodir='${datarootdir}/info'
install_sh='${SHELL} /home/mj10777/000_links/geopaparazzi/geopaparazzi.eu/libjsqlite-spatialite-android/libjsqlite-spatialite-android/spatialite-android-library/jni/libwebp-0.4.0/install-sh'
libdir='${exec_prefix}/lib'
libexecdir='${exec_prefix}/libexec'
localedir='${datarootdir}/locale'
localstatedir='${prefix}/var'
mandir='${datarootdir}/man'
mkdir_p='/bin/mkdir -p'
oldincludedir='/usr/include'
pdfdir='${docdir}'
pkgconfigdir='${libdir}/pkgconfig'
prefix='/usr/local'
program_transform_name='s,x,x,'
psdir='${docdir}'
sbindir='${exec_prefix}/sbin'
sharedstatedir='${prefix}/com'
sysconfdir='${prefix}/etc'
target='arm-linux-eabi'
target_alias=''
target_cpu='arm'
target_os='eabi'
target_vendor='linux'

## ----------- ##
## confdefs.h. ##
## ----------- ##

/* confdefs.h */
#define PACKAGE_NAME "libwebp"
#define PACKAGE_TARNAME "libwebp"
#define PACKAGE_VERSION "0.4.0"
#define PACKAGE_STRING "libwebp 0.4.0"
#define PACKAGE_BUGREPORT "http://code.google.com/p/webp/issues"
#define PACKAGE_URL "http://developers.google.com/speed/webp"
#define PACKAGE "libwebp"
#define VERSION "0.4.0"
#define STDC_HEADERS 1
#define HAVE_SYS_TYPES_H 1
#define HAVE_SYS_STAT_H 1
#define HAVE_STDLIB_H 1
#define HAVE_STRING_H 1
#define HAVE_MEMORY_H 1
#define HAVE_STRINGS_H 1
#define HAVE_INTTYPES_H 1
#define HAVE_STDINT_H 1
#define HAVE_UNISTD_H 1
#define HAVE_DLFCN_H 1
#define LT_OBJDIR ".libs/"
#define WEBP_USE_THREAD 1
#define HAVE_GL_GLUT_H 1
#define WEBP_HAVE_GL 1
#define WEBP_HAVE_PNG 1
#define WEBP_HAVE_JPEG 1
#define WEBP_HAVE_TIFF 1
#define WEBP_HAVE_GIF 1

configure: exit 0
