This file contains any messages produced by compilers while
running configure, to aid debugging if configure makes a mistake.

It was created by libspatialite configure 4.2.0-devel, which was
generated by GNU Autoconf 2.69.  Invocation command line was

  $ ./configure --build=x86_64-pc-linux-gnu --host=arm-linux-eabi

## --------- ##
## Platform. ##
## --------- ##

hostname = mj10777-01-l
uname -m = x86_64
uname -r = 3.2.0-56-generic
uname -s = Linux
uname -v = #86-Ubuntu SMP Wed Oct 23 09:20:45 UTC 2013

/usr/bin/uname -p = unknown
/bin/uname -X     = unknown

/bin/arch              = unknown
/usr/bin/arch -k       = unknown
/usr/convex/getsysinfo = unknown
/usr/bin/hostinfo      = unknown
/bin/machine           = unknown
/usr/bin/oslevel       = unknown
/bin/universe          = unknown

PATH: /usr/local/pgsql/bin
PATH: /usr/local/pgsql/bin
PATH: /home/mj10777/bin
PATH: /usr/local/pgsql/bin
PATH: /usr/lib/lightdm/lightdm
PATH: /usr/local/sbin
PATH: /usr/local/bin
PATH: /usr/sbin
PATH: /usr/bin
PATH: /sbin
PATH: /bin
PATH: /usr/games
PATH: /home/mj10777/000_links/gnu_source/qt_dev/Qt5.1.0/5.1.0/gcc_64/bin
PATH: /home/mj10777/000_links/gnu_source/adt-bundle-linux/sdk
PATH: /home/mj10777/000_links/gnu_source/adt-bundle-linux/sdk/tools/home/mj10777/000_links/gnu_source/adt-bundle-linux/sdk/platform-tools
PATH: /home/mj10777/000_links/gnu_source/adt-bundle-linux/sdk/tools
PATH: /home/mj10777/000_links/gnu_source/adt-bundle-linux/android-ndk-r9c
PATH: /home/mj10777/000_links/gnu_source/adt-bundle-linux/apache-ant/bin


## ----------- ##
## Core tests. ##
## ----------- ##

configure:2518: checking for a BSD-compatible install
configure:2586: result: /usr/bin/install -c
configure:2597: checking whether build environment is sane
configure:2652: result: yes
configure:2690: WARNING: 'missing' script is too old or missing
configure:2711: checking for arm-linux-eabi-strip
configure:2741: result: no
configure:2751: checking for strip
configure:2767: found /usr/bin/strip
configure:2778: result: strip
configure:2790: WARNING: using cross tools not prefixed with host triplet
configure:2803: checking for a thread-safe mkdir -p
configure:2842: result: /bin/mkdir -p
configure:2849: checking for gawk
configure:2865: found /usr/bin/gawk
configure:2876: result: gawk
configure:2887: checking whether make sets $(MAKE)
configure:2909: result: yes
configure:2938: checking whether make supports nested variables
configure:2955: result: yes
configure:3040: checking whether to enable maintainer-specific portions of Makefiles
configure:3049: result: no
configure:3110: checking for style of include used by make
configure:3138: result: GNU
configure:3169: checking for arm-linux-eabi-gcc
configure:3199: result: no
configure:3209: checking for gcc
configure:3225: found /usr/bin/gcc
configure:3236: result: gcc
configure:3465: checking for C compiler version
configure:3474: gcc --version >&5
gcc (Ubuntu 4.8.1-2ubuntu1~12.04) 4.8.1
Copyright (C) 2013 Free Software Foundation, Inc.
This is free software; see the source for copying conditions.  There is NO
warranty; not even for MERCHANTABILITY or FITNESS FOR A PARTICULAR PURPOSE.

configure:3485: $? = 0
configure:3474: gcc -v >&5
Using built-in specs.
COLLECT_GCC=gcc
COLLECT_LTO_WRAPPER=/usr/lib/gcc/x86_64-linux-gnu/4.8/lto-wrapper
Target: x86_64-linux-gnu
Configured with: ../src/configure -v --with-pkgversion='Ubuntu 4.8.1-2ubuntu1~12.04' --with-bugurl=file:///usr/share/doc/gcc-4.8/README.Bugs --enable-languages=c,c++,java,go,d,fortran,objc,obj-c++ --prefix=/usr --program-suffix=-4.8 --enable-shared --enable-linker-build-id --libexecdir=/usr/lib --without-included-gettext --enable-threads=posix --with-gxx-include-dir=/usr/include/c++/4.8 --libdir=/usr/lib --enable-nls --with-sysroot=/ --enable-clocale=gnu --enable-libstdcxx-debug --enable-libstdcxx-time=yes --enable-gnu-unique-object --enable-plugin --with-system-zlib --disable-browser-plugin --enable-java-awt=gtk --enable-gtk-cairo --with-java-home=/usr/lib/jvm/java-1.5.0-gcj-4.8-amd64/jre --enable-java-home --with-jvm-root-dir=/usr/lib/jvm/java-1.5.0-gcj-4.8-amd64 --with-jvm-jar-dir=/usr/lib/jvm-exports/java-1.5.0-gcj-4.8-amd64 --with-arch-directory=amd64 --with-ecj-jar=/usr/share/java/eclipse-ecj.jar --enable-objc-gc --enable-multiarch --disable-werror --with-arch-32=i686 --with-abi=m64 --with-multilib-list=m32,m64 --with-tune=generic --enable-checking=release --build=x86_64-linux-gnu --host=x86_64-linux-gnu --target=x86_64-linux-gnu
Thread model: posix
gcc version 4.8.1 (Ubuntu 4.8.1-2ubuntu1~12.04) 
configure:3485: $? = 0
configure:3474: gcc -V >&5
gcc: error: unrecognized command line option '-V'
gcc: fatal error: no input files
compilation terminated.
configure:3485: $? = 4
configure:3474: gcc -qversion >&5
gcc: error: unrecognized command line option '-qversion'
gcc: fatal error: no input files
compilation terminated.
configure:3485: $? = 4
configure:3505: checking whether the C compiler works
configure:3527: gcc    conftest.c  >&5
configure:3531: $? = 0
configure:3579: result: yes
configure:3582: checking for C compiler default output file name
configure:3584: result: a.out
configure:3590: checking for suffix of executables
configure:3597: gcc -o conftest    conftest.c  >&5
configure:3601: $? = 0
configure:3623: result: 
configure:3645: checking whether we are cross compiling
configure:3683: result: yes
configure:3688: checking for suffix of object files
configure:3710: gcc -c   conftest.c >&5
configure:3714: $? = 0
configure:3735: result: o
configure:3739: checking whether we are using the GNU C compiler
configure:3758: gcc -c   conftest.c >&5
configure:3758: $? = 0
configure:3767: result: yes
configure:3776: checking whether gcc accepts -g
configure:3796: gcc -c -g  conftest.c >&5
configure:3796: $? = 0
configure:3837: result: yes
configure:3854: checking for gcc option to accept ISO C89
configure:3917: gcc  -c -g -O2  conftest.c >&5
configure:3917: $? = 0
configure:3930: result: none needed
configure:3952: checking dependency style of gcc
configure:4063: result: gcc3
configure:4084: checking how to run the C preprocessor
configure:4115: gcc -E  conftest.c
configure:4115: $? = 0
configure:4129: gcc -E  conftest.c
conftest.c:15:28: fatal error: ac_nonexistent.h: No such file or directory
 #include <ac_nonexistent.h>
                            ^
compilation terminated.
configure:4129: $? = 1
configure: failed program was:
| /* confdefs.h */
| #define PACKAGE_NAME "libspatialite"
| #define PACKAGE_TARNAME "libspatialite"
| #define PACKAGE_VERSION "4.2.0-devel"
| #define PACKAGE_STRING "libspatialite 4.2.0-devel"
| #define PACKAGE_BUGREPORT "a.furieri@lqt.it"
| #define PACKAGE_URL ""
| #define PACKAGE "libspatialite"
| #define VERSION "4.2.0-devel"
| #define _LARGE_FILE 1
| #define _FILE_OFFSET_BITS 64
| #define _LARGEFILE_SOURCE 1
| #define NDEBUG 1
| /* end confdefs.h.  */
| #include <ac_nonexistent.h>
configure:4154: result: gcc -E
configure:4174: gcc -E  conftest.c
configure:4174: $? = 0
configure:4188: gcc -E  conftest.c
conftest.c:15:28: fatal error: ac_nonexistent.h: No such file or directory
 #include <ac_nonexistent.h>
                            ^
compilation terminated.
configure:4188: $? = 1
configure: failed program was:
| /* confdefs.h */
| #define PACKAGE_NAME "libspatialite"
| #define PACKAGE_TARNAME "libspatialite"
| #define PACKAGE_VERSION "4.2.0-devel"
| #define PACKAGE_STRING "libspatialite 4.2.0-devel"
| #define PACKAGE_BUGREPORT "a.furieri@lqt.it"
| #define PACKAGE_URL ""
| #define PACKAGE "libspatialite"
| #define VERSION "4.2.0-devel"
| #define _LARGE_FILE 1
| #define _FILE_OFFSET_BITS 64
| #define _LARGEFILE_SOURCE 1
| #define NDEBUG 1
| /* end confdefs.h.  */
| #include <ac_nonexistent.h>
configure:4217: checking for grep that handles long lines and -e
configure:4275: result: /bin/grep
configure:4280: checking for egrep
configure:4342: result: /bin/grep -E
configure:4347: checking for ANSI C header files
configure:4367: gcc -c -g -O2  conftest.c >&5
configure:4367: $? = 0
configure:4451: result: yes
configure:4464: checking for sys/types.h
configure:4464: gcc -c -g -O2  conftest.c >&5
configure:4464: $? = 0
configure:4464: result: yes
configure:4464: checking for sys/stat.h
configure:4464: gcc -c -g -O2  conftest.c >&5
configure:4464: $? = 0
configure:4464: result: yes
configure:4464: checking for stdlib.h
configure:4464: gcc -c -g -O2  conftest.c >&5
configure:4464: $? = 0
configure:4464: result: yes
configure:4464: checking for string.h
configure:4464: gcc -c -g -O2  conftest.c >&5
configure:4464: $? = 0
configure:4464: result: yes
configure:4464: checking for memory.h
configure:4464: gcc -c -g -O2  conftest.c >&5
configure:4464: $? = 0
configure:4464: result: yes
configure:4464: checking for strings.h
configure:4464: gcc -c -g -O2  conftest.c >&5
configure:4464: $? = 0
configure:4464: result: yes
configure:4464: checking for inttypes.h
configure:4464: gcc -c -g -O2  conftest.c >&5
configure:4464: $? = 0
configure:4464: result: yes
configure:4464: checking for stdint.h
configure:4464: gcc -c -g -O2  conftest.c >&5
configure:4464: $? = 0
configure:4464: result: yes
configure:4464: checking for unistd.h
configure:4464: gcc -c -g -O2  conftest.c >&5
configure:4464: $? = 0
configure:4464: result: yes
configure:4478: checking for stdlib.h
configure:4478: result: yes
configure:4492: checking stdio.h usability
configure:4492: gcc -c -g -O2  conftest.c >&5
configure:4492: $? = 0
configure:4492: result: yes
configure:4492: checking stdio.h presence
configure:4492: gcc -E  conftest.c
configure:4492: $? = 0
configure:4492: result: yes
configure:4492: checking for stdio.h
configure:4492: result: yes
configure:4506: checking for string.h
configure:4506: result: yes
configure:4520: checking for memory.h
configure:4520: result: yes
configure:4534: checking math.h usability
configure:4534: gcc -c -g -O2  conftest.c >&5
configure:4534: $? = 0
configure:4534: result: yes
configure:4534: checking math.h presence
configure:4534: gcc -E  conftest.c
configure:4534: $? = 0
configure:4534: result: yes
configure:4534: checking for math.h
configure:4534: result: yes
configure:4548: checking float.h usability
configure:4548: gcc -c -g -O2  conftest.c >&5
configure:4548: $? = 0
configure:4548: result: yes
configure:4548: checking float.h presence
configure:4548: gcc -E  conftest.c
configure:4548: $? = 0
configure:4548: result: yes
configure:4548: checking for float.h
configure:4548: result: yes
configure:4562: checking fcntl.h usability
configure:4562: gcc -c -g -O2  conftest.c >&5
configure:4562: $? = 0
configure:4562: result: yes
configure:4562: checking fcntl.h presence
configure:4562: gcc -E  conftest.c
configure:4562: $? = 0
configure:4562: result: yes
configure:4562: checking for fcntl.h
configure:4562: result: yes
configure:4576: checking for inttypes.h
configure:4576: result: yes
configure:4590: checking stddef.h usability
configure:4590: gcc -c -g -O2  conftest.c >&5
configure:4590: $? = 0
configure:4590: result: yes
configure:4590: checking stddef.h presence
configure:4590: gcc -E  conftest.c
configure:4590: $? = 0
configure:4590: result: yes
configure:4590: checking for stddef.h
configure:4590: result: yes
configure:4604: checking for stdint.h
configure:4604: result: yes
configure:4618: checking sys/time.h usability
configure:4618: gcc -c -g -O2  conftest.c >&5
configure:4618: $? = 0
configure:4618: result: yes
configure:4618: checking sys/time.h presence
configure:4618: gcc -E  conftest.c
configure:4618: $? = 0
configure:4618: result: yes
configure:4618: checking for sys/time.h
configure:4618: result: yes
configure:4632: checking for unistd.h
configure:4632: result: yes
configure:4646: checking sqlite3.h usability
configure:4646: gcc -c -g -O2  conftest.c >&5
configure:4646: $? = 0
configure:4646: result: yes
configure:4646: checking sqlite3.h presence
configure:4646: gcc -E  conftest.c
configure:4646: $? = 0
configure:4646: result: yes
configure:4646: checking for sqlite3.h
configure:4646: result: yes
configure:4660: checking sqlite3ext.h usability
configure:4660: gcc -c -g -O2  conftest.c >&5
configure:4660: $? = 0
configure:4660: result: yes
configure:4660: checking sqlite3ext.h presence
configure:4660: gcc -E  conftest.c
configure:4660: $? = 0
configure:4660: result: yes
configure:4660: checking for sqlite3ext.h
configure:4660: result: yes
configure:4674: checking zlib.h usability
configure:4674: gcc -c -g -O2  conftest.c >&5
configure:4674: $? = 0
configure:4674: result: yes
configure:4674: checking zlib.h presence
configure:4674: gcc -E  conftest.c
configure:4674: $? = 0
configure:4674: result: yes
configure:4674: checking for zlib.h
configure:4674: result: yes
configure:4703: checking for arm-linux-eabi-g++
configure:4733: result: no
configure:4703: checking for arm-linux-eabi-c++
configure:4733: result: no
configure:4703: checking for arm-linux-eabi-gpp
configure:4733: result: no
configure:4703: checking for arm-linux-eabi-aCC
configure:4733: result: no
configure:4703: checking for arm-linux-eabi-CC
configure:4733: result: no
configure:4703: checking for arm-linux-eabi-cxx
configure:4733: result: no
configure:4703: checking for arm-linux-eabi-cc++
configure:4733: result: no
configure:4703: checking for arm-linux-eabi-cl.exe
configure:4733: result: no
configure:4703: checking for arm-linux-eabi-FCC
configure:4733: result: no
configure:4703: checking for arm-linux-eabi-KCC
configure:4733: result: no
configure:4703: checking for arm-linux-eabi-RCC
configure:4733: result: no
configure:4703: checking for arm-linux-eabi-xlC_r
configure:4733: result: no
configure:4703: checking for arm-linux-eabi-xlC
configure:4733: result: no
configure:4747: checking for g++
configure:4763: found /usr/bin/g++
configure:4774: result: g++
configure:4801: checking for C++ compiler version
configure:4810: g++ --version >&5
g++ (Ubuntu 4.8.1-2ubuntu1~12.04) 4.8.1
Copyright (C) 2013 Free Software Foundation, Inc.
This is free software; see the source for copying conditions.  There is NO
warranty; not even for MERCHANTABILITY or FITNESS FOR A PARTICULAR PURPOSE.

configure:4821: $? = 0
configure:4810: g++ -v >&5
Using built-in specs.
COLLECT_GCC=g++
COLLECT_LTO_WRAPPER=/usr/lib/gcc/x86_64-linux-gnu/4.8/lto-wrapper
Target: x86_64-linux-gnu
Configured with: ../src/configure -v --with-pkgversion='Ubuntu 4.8.1-2ubuntu1~12.04' --with-bugurl=file:///usr/share/doc/gcc-4.8/README.Bugs --enable-languages=c,c++,java,go,d,fortran,objc,obj-c++ --prefix=/usr --program-suffix=-4.8 --enable-shared --enable-linker-build-id --libexecdir=/usr/lib --without-included-gettext --enable-threads=posix --with-gxx-include-dir=/usr/include/c++/4.8 --libdir=/usr/lib --enable-nls --with-sysroot=/ --enable-clocale=gnu --enable-libstdcxx-debug --enable-libstdcxx-time=yes --enable-gnu-unique-object --enable-plugin --with-system-zlib --disable-browser-plugin --enable-java-awt=gtk --enable-gtk-cairo --with-java-home=/usr/lib/jvm/java-1.5.0-gcj-4.8-amd64/jre --enable-java-home --with-jvm-root-dir=/usr/lib/jvm/java-1.5.0-gcj-4.8-amd64 --with-jvm-jar-dir=/usr/lib/jvm-exports/java-1.5.0-gcj-4.8-amd64 --with-arch-directory=amd64 --with-ecj-jar=/usr/share/java/eclipse-ecj.jar --enable-objc-gc --enable-multiarch --disable-werror --with-arch-32=i686 --with-abi=m64 --with-multilib-list=m32,m64 --with-tune=generic --enable-checking=release --build=x86_64-linux-gnu --host=x86_64-linux-gnu --target=x86_64-linux-gnu
Thread model: posix
gcc version 4.8.1 (Ubuntu 4.8.1-2ubuntu1~12.04) 
configure:4821: $? = 0
configure:4810: g++ -V >&5
g++: error: unrecognized command line option '-V'
g++: fatal error: no input files
compilation terminated.
configure:4821: $? = 4
configure:4810: g++ -qversion >&5
g++: error: unrecognized command line option '-qversion'
g++: fatal error: no input files
compilation terminated.
configure:4821: $? = 4
configure:4825: checking whether we are using the GNU C++ compiler
configure:4844: g++ -c   conftest.cpp >&5
configure:4844: $? = 0
configure:4853: result: yes
configure:4862: checking whether g++ accepts -g
configure:4882: g++ -c -g  conftest.cpp >&5
configure:4882: $? = 0
configure:4923: result: yes
configure:4948: checking dependency style of g++
configure:5059: result: gcc3
configure:5082: checking for arm-linux-eabi-gcc
configure:5109: result: gcc
configure:5378: checking for C compiler version
configure:5387: gcc --version >&5
gcc (Ubuntu 4.8.1-2ubuntu1~12.04) 4.8.1
Copyright (C) 2013 Free Software Foundation, Inc.
This is free software; see the source for copying conditions.  There is NO
warranty; not even for MERCHANTABILITY or FITNESS FOR A PARTICULAR PURPOSE.

configure:5398: $? = 0
configure:5387: gcc -v >&5
Using built-in specs.
COLLECT_GCC=gcc
COLLECT_LTO_WRAPPER=/usr/lib/gcc/x86_64-linux-gnu/4.8/lto-wrapper
Target: x86_64-linux-gnu
Configured with: ../src/configure -v --with-pkgversion='Ubuntu 4.8.1-2ubuntu1~12.04' --with-bugurl=file:///usr/share/doc/gcc-4.8/README.Bugs --enable-languages=c,c++,java,go,d,fortran,objc,obj-c++ --prefix=/usr --program-suffix=-4.8 --enable-shared --enable-linker-build-id --libexecdir=/usr/lib --without-included-gettext --enable-threads=posix --with-gxx-include-dir=/usr/include/c++/4.8 --libdir=/usr/lib --enable-nls --with-sysroot=/ --enable-clocale=gnu --enable-libstdcxx-debug --enable-libstdcxx-time=yes --enable-gnu-unique-object --enable-plugin --with-system-zlib --disable-browser-plugin --enable-java-awt=gtk --enable-gtk-cairo --with-java-home=/usr/lib/jvm/java-1.5.0-gcj-4.8-amd64/jre --enable-java-home --with-jvm-root-dir=/usr/lib/jvm/java-1.5.0-gcj-4.8-amd64 --with-jvm-jar-dir=/usr/lib/jvm-exports/java-1.5.0-gcj-4.8-amd64 --with-arch-directory=amd64 --with-ecj-jar=/usr/share/java/eclipse-ecj.jar --enable-objc-gc --enable-multiarch --disable-werror --with-arch-32=i686 --with-abi=m64 --with-multilib-list=m32,m64 --with-tune=generic --enable-checking=release --build=x86_64-linux-gnu --host=x86_64-linux-gnu --target=x86_64-linux-gnu
Thread model: posix
gcc version 4.8.1 (Ubuntu 4.8.1-2ubuntu1~12.04) 
configure:5398: $? = 0
configure:5387: gcc -V >&5
gcc: error: unrecognized command line option '-V'
gcc: fatal error: no input files
compilation terminated.
configure:5398: $? = 4
configure:5387: gcc -qversion >&5
gcc: error: unrecognized command line option '-qversion'
gcc: fatal error: no input files
compilation terminated.
configure:5398: $? = 4
configure:5402: checking whether we are using the GNU C compiler
configure:5430: result: yes
configure:5439: checking whether gcc accepts -g
configure:5500: result: yes
configure:5517: checking for gcc option to accept ISO C89
configure:5593: result: none needed
configure:5615: checking dependency style of gcc
configure:5726: result: gcc3
configure:5746: checking how to run the C preprocessor
configure:5816: result: gcc -E
configure:5836: gcc -E  conftest.c
configure:5836: $? = 0
configure:5850: gcc -E  conftest.c
conftest.c:40:28: fatal error: ac_nonexistent.h: No such file or directory
 #include <ac_nonexistent.h>
                            ^
compilation terminated.
configure:5850: $? = 1
configure: failed program was:
| /* confdefs.h */
| #define PACKAGE_NAME "libspatialite"
| #define PACKAGE_TARNAME "libspatialite"
| #define PACKAGE_VERSION "4.2.0-devel"
| #define PACKAGE_STRING "libspatialite 4.2.0-devel"
| #define PACKAGE_BUGREPORT "a.furieri@lqt.it"
| #define PACKAGE_URL ""
| #define PACKAGE "libspatialite"
| #define VERSION "4.2.0-devel"
| #define _LARGE_FILE 1
| #define _FILE_OFFSET_BITS 64
| #define _LARGEFILE_SOURCE 1
| #define NDEBUG 1
| #define STDC_HEADERS 1
| #define HAVE_SYS_TYPES_H 1
| #define HAVE_SYS_STAT_H 1
| #define HAVE_STDLIB_H 1
| #define HAVE_STRING_H 1
| #define HAVE_MEMORY_H 1
| #define HAVE_STRINGS_H 1
| #define HAVE_INTTYPES_H 1
| #define HAVE_STDINT_H 1
| #define HAVE_UNISTD_H 1
| #define HAVE_STDLIB_H 1
| #define HAVE_STDIO_H 1
| #define HAVE_STRING_H 1
| #define HAVE_MEMORY_H 1
| #define HAVE_MATH_H 1
| #define HAVE_FLOAT_H 1
| #define HAVE_FCNTL_H 1
| #define HAVE_INTTYPES_H 1
| #define HAVE_STDDEF_H 1
| #define HAVE_STDINT_H 1
| #define HAVE_SYS_TIME_H 1
| #define HAVE_UNISTD_H 1
| #define HAVE_SQLITE3_H 1
| #define HAVE_SQLITE3EXT_H 1
| #define HAVE_ZLIB_H 1
| /* end confdefs.h.  */
| #include <ac_nonexistent.h>
configure:5879: checking whether ln -s works
configure:5883: result: yes
configure:5890: checking whether make sets $(MAKE)
configure:5912: result: yes
configure:5925: checking build system type
configure:5939: result: x86_64-pc-linux-gnu
configure:5959: checking host system type
configure:5972: result: arm-linux-eabi
configure:6341: checking how to print strings
configure:6368: result: printf
configure:6389: checking for a sed that does not truncate output
configure:6453: result: /bin/sed
configure:6471: checking for fgrep
configure:6533: result: /bin/grep -F
configure:6568: checking for ld used by gcc
configure:6635: result: /usr/bin/ld
configure:6642: checking if the linker (/usr/bin/ld) is GNU ld
configure:6657: result: yes
configure:6669: checking for BSD- or MS-compatible name lister (nm)
configure:6718: result: no
configure:6732: checking for arm-linux-eabi-dumpbin
configure:6762: result: no
configure:6732: checking for arm-linux-eabi-link
configure:6762: result: no
configure:6776: checking for dumpbin
configure:6806: result: no
configure:6776: checking for link
configure:6792: found /usr/bin/link
configure:6803: result: link -dump
configure:6848: checking the name lister (nm) interface
configure:6855: gcc -c -g -O2  conftest.c >&5
configure:6858: nm "conftest.o"
configure:6861: output
0000000000000000 B some_variable
configure:6868: result: BSD nm
configure:6872: checking the maximum length of command line arguments
configure:6997: result: 1572864
configure:7014: checking whether the shell understands some XSI constructs
configure:7024: result: yes
configure:7028: checking whether the shell understands "+="
configure:7034: result: yes
configure:7069: checking how to convert x86_64-pc-linux-gnu file names to arm-linux-eabi format
configure:7109: result: func_convert_file_noop
configure:7116: checking how to convert x86_64-pc-linux-gnu file names to toolchain format
configure:7136: result: func_convert_file_noop
configure:7143: checking for /usr/bin/ld option to reload object files
configure:7150: result: -r
configure:7184: checking for arm-linux-eabi-objdump
configure:7211: result: objdump
configure:7280: checking how to recognize dependent libraries
configure:7482: result: unknown
configure:7527: checking for arm-linux-eabi-dlltool
configure:7554: result: dlltool
configure:7624: checking how to associate runtime and link libraries
configure:7651: result: printf %s\n
configure:7667: checking for arm-linux-eabi-ar
configure:7697: result: no
configure:7711: checking for ar
configure:7727: found /usr/bin/ar
configure:7738: result: ar
configure:7775: checking for archiver @FILE support
configure:7792: gcc -c -g -O2  conftest.c >&5
configure:7792: $? = 0
configure:7795: ar cru libconftest.a @conftest.lst >&5
configure:7798: $? = 0
configure:7803: ar cru libconftest.a @conftest.lst >&5
ar: conftest.o: No such file or directory
configure:7806: $? = 1
configure:7818: result: @
configure:7836: checking for arm-linux-eabi-strip
configure:7863: result: strip
configure:7935: checking for arm-linux-eabi-ranlib
configure:7965: result: no
configure:7975: checking for ranlib
configure:7991: found /usr/bin/ranlib
configure:8002: result: ranlib
configure:8104: checking command to parse nm output from gcc object
configure:8223: gcc -c -g -O2  conftest.c >&5
configure:8226: $? = 0
configure:8230: nm conftest.o \| sed -n -e 's/^.*[ ]\([ABCDGIRSTW][ABCDGIRSTW]*\)[ ][ ]*\([_A-Za-z][_A-Za-z0-9]*\)$/\1 \2 \2/p' | sed '/ __gnu_lto/d' \> conftest.nm
configure:8233: $? = 0
configure:8299: gcc -o conftest -g -O2   conftest.c conftstm.o >&5
configure:8302: $? = 0
configure:8340: result: ok
configure:8377: checking for sysroot
configure:8407: result: no
configure:8610: checking for arm-linux-eabi-mt
configure:8640: result: no
configure:8650: checking for mt
configure:8666: found /bin/mt
configure:8677: result: mt
configure:8700: checking if mt is a manifest tool
configure:8706: mt '-?'
configure:8714: result: no
configure:9343: checking for dlfcn.h
configure:9343: gcc -c -g -O2  conftest.c >&5
configure:9343: $? = 0
configure:9343: result: yes
configure:9539: checking for objdir
configure:9554: result: .libs
configure:9825: checking if gcc supports -fno-rtti -fno-exceptions
configure:9843: gcc -c -g -O2  -fno-rtti -fno-exceptions conftest.c >&5
cc1: warning: command line option '-fno-rtti' is valid for C++/ObjC++ but not for C [enabled by default]
configure:9847: $? = 0
configure:9860: result: no
configure:10170: checking for gcc option to produce PIC
configure:10177: result: -fPIC -DPIC
configure:10185: checking if gcc PIC flag -fPIC -DPIC works
configure:10203: gcc -c -g -O2  -fPIC -DPIC -DPIC conftest.c >&5
configure:10207: $? = 0
configure:10220: result: yes
configure:10249: checking if gcc static flag -static works
configure:10277: result: yes
configure:10292: checking if gcc supports -c -o file.o
configure:10313: gcc -c -g -O2  -o out/conftest2.o conftest.c >&5
configure:10317: $? = 0
configure:10339: result: yes
configure:10347: checking if gcc supports -c -o file.o
configure:10394: result: yes
configure:10427: checking whether the gcc linker (/usr/bin/ld) supports shared libraries
configure:11585: result: yes
configure:11622: checking whether -lc should be explicitly linked in
configure:11630: gcc -c -g -O2  conftest.c >&5
configure:11633: $? = 0
configure:11648: gcc -shared  -fPIC -DPIC conftest.o  -v -Wl,-soname -Wl,conftest -o conftest 2\>\&1 \| /bin/grep  -lc  \>/dev/null 2\>\&1
configure:11651: $? = 0
configure:11665: result: no
configure:11830: checking dynamic linker characteristics
configure:12570: result: no
configure:12677: checking how to hardcode library paths into programs
configure:12702: result: immediate
configure:13242: checking whether stripping libraries is possible
configure:13247: result: yes
configure:13282: checking if libtool supports shared libraries
configure:13284: result: no
configure:13287: checking whether to build shared libraries
configure:13308: result: no
configure:13311: checking whether to build static libraries
configure:13315: result: yes
configure:13338: checking how to run the C++ preprocessor
configure:13365: g++ -E  conftest.cpp
configure:13365: $? = 0
configure:13379: g++ -E  conftest.cpp
conftest.cpp:42:28: fatal error: ac_nonexistent.h: No such file or directory
 #include <ac_nonexistent.h>
                            ^
compilation terminated.
configure:13379: $? = 1
configure: failed program was:
| /* confdefs.h */
| #define PACKAGE_NAME "libspatialite"
| #define PACKAGE_TARNAME "libspatialite"
| #define PACKAGE_VERSION "4.2.0-devel"
| #define PACKAGE_STRING "libspatialite 4.2.0-devel"
| #define PACKAGE_BUGREPORT "a.furieri@lqt.it"
| #define PACKAGE_URL ""
| #define PACKAGE "libspatialite"
| #define VERSION "4.2.0-devel"
| #define _LARGE_FILE 1
| #define _FILE_OFFSET_BITS 64
| #define _LARGEFILE_SOURCE 1
| #define NDEBUG 1
| #define STDC_HEADERS 1
| #define HAVE_SYS_TYPES_H 1
| #define HAVE_SYS_STAT_H 1
| #define HAVE_STDLIB_H 1
| #define HAVE_STRING_H 1
| #define HAVE_MEMORY_H 1
| #define HAVE_STRINGS_H 1
| #define HAVE_INTTYPES_H 1
| #define HAVE_STDINT_H 1
| #define HAVE_UNISTD_H 1
| #define HAVE_STDLIB_H 1
| #define HAVE_STDIO_H 1
| #define HAVE_STRING_H 1
| #define HAVE_MEMORY_H 1
| #define HAVE_MATH_H 1
| #define HAVE_FLOAT_H 1
| #define HAVE_FCNTL_H 1
| #define HAVE_INTTYPES_H 1
| #define HAVE_STDDEF_H 1
| #define HAVE_STDINT_H 1
| #define HAVE_SYS_TIME_H 1
| #define HAVE_UNISTD_H 1
| #define HAVE_SQLITE3_H 1
| #define HAVE_SQLITE3EXT_H 1
| #define HAVE_ZLIB_H 1
| #define HAVE_DLFCN_H 1
| #define LT_OBJDIR ".libs/"
| /* end confdefs.h.  */
| #include <ac_nonexistent.h>
configure:13404: result: g++ -E
configure:13424: g++ -E  conftest.cpp
configure:13424: $? = 0
configure:13438: g++ -E  conftest.cpp
conftest.cpp:42:28: fatal error: ac_nonexistent.h: No such file or directory
 #include <ac_nonexistent.h>
                            ^
compilation terminated.
configure:13438: $? = 1
configure: failed program was:
| /* confdefs.h */
| #define PACKAGE_NAME "libspatialite"
| #define PACKAGE_TARNAME "libspatialite"
| #define PACKAGE_VERSION "4.2.0-devel"
| #define PACKAGE_STRING "libspatialite 4.2.0-devel"
| #define PACKAGE_BUGREPORT "a.furieri@lqt.it"
| #define PACKAGE_URL ""
| #define PACKAGE "libspatialite"
| #define VERSION "4.2.0-devel"
| #define _LARGE_FILE 1
| #define _FILE_OFFSET_BITS 64
| #define _LARGEFILE_SOURCE 1
| #define NDEBUG 1
| #define STDC_HEADERS 1
| #define HAVE_SYS_TYPES_H 1
| #define HAVE_SYS_STAT_H 1
| #define HAVE_STDLIB_H 1
| #define HAVE_STRING_H 1
| #define HAVE_MEMORY_H 1
| #define HAVE_STRINGS_H 1
| #define HAVE_INTTYPES_H 1
| #define HAVE_STDINT_H 1
| #define HAVE_UNISTD_H 1
| #define HAVE_STDLIB_H 1
| #define HAVE_STDIO_H 1
| #define HAVE_STRING_H 1
| #define HAVE_MEMORY_H 1
| #define HAVE_MATH_H 1
| #define HAVE_FLOAT_H 1
| #define HAVE_FCNTL_H 1
| #define HAVE_INTTYPES_H 1
| #define HAVE_STDDEF_H 1
| #define HAVE_STDINT_H 1
| #define HAVE_SYS_TIME_H 1
| #define HAVE_UNISTD_H 1
| #define HAVE_SQLITE3_H 1
| #define HAVE_SQLITE3EXT_H 1
| #define HAVE_ZLIB_H 1
| #define HAVE_DLFCN_H 1
| #define LT_OBJDIR ".libs/"
| /* end confdefs.h.  */
| #include <ac_nonexistent.h>
configure:13608: checking for ld used by g++
configure:13675: result: /usr/bin/ld
configure:13682: checking if the linker (/usr/bin/ld) is GNU ld
configure:13697: result: yes
configure:13752: checking whether the g++ linker (/usr/bin/ld) supports shared libraries
configure:14756: result: no
configure:14791: g++ -c -g -O2  conftest.cpp >&5
configure:14794: $? = 0
configure:15314: checking for g++ option to produce PIC
configure:15321: result: -fPIC -DPIC
configure:15329: checking if g++ PIC flag -fPIC -DPIC works
configure:15347: g++ -c -g -O2  -fPIC -DPIC -DPIC conftest.cpp >&5
configure:15351: $? = 0
configure:15364: result: yes
configure:15387: checking if g++ static flag -static works
configure:15415: result: yes
configure:15427: checking if g++ supports -c -o file.o
configure:15448: g++ -c -g -O2  -o out/conftest2.o conftest.cpp >&5
configure:15452: $? = 0
configure:15474: result: yes
configure:15479: checking if g++ supports -c -o file.o
configure:15526: result: yes
configure:15556: checking whether the g++ linker (/usr/bin/ld) supports shared libraries
configure:15590: result: no
configure:15733: checking dynamic linker characteristics
configure:16407: result: no
configure:16460: checking how to hardcode library paths into programs
configure:16485: result: immediate
configure:16546: checking for an ANSI C-conforming const
configure:16612: gcc -c -g -O2  conftest.c >&5
configure:16612: $? = 0
configure:16619: result: yes
configure:16627: checking for off_t
configure:16627: gcc -c -g -O2  conftest.c >&5
configure:16627: $? = 0
configure:16627: gcc -c -g -O2  conftest.c >&5
conftest.c: In function 'main':
conftest.c:78:20: error: expected expression before ')' token
 if (sizeof ((off_t)))
                    ^
configure:16627: $? = 1
configure: failed program was:
| /* confdefs.h */
| #define PACKAGE_NAME "libspatialite"
| #define PACKAGE_TARNAME "libspatialite"
| #define PACKAGE_VERSION "4.2.0-devel"
| #define PACKAGE_STRING "libspatialite 4.2.0-devel"
| #define PACKAGE_BUGREPORT "a.furieri@lqt.it"
| #define PACKAGE_URL ""
| #define PACKAGE "libspatialite"
| #define VERSION "4.2.0-devel"
| #define _LARGE_FILE 1
| #define _FILE_OFFSET_BITS 64
| #define _LARGEFILE_SOURCE 1
| #define NDEBUG 1
| #define STDC_HEADERS 1
| #define HAVE_SYS_TYPES_H 1
| #define HAVE_SYS_STAT_H 1
| #define HAVE_STDLIB_H 1
| #define HAVE_STRING_H 1
| #define HAVE_MEMORY_H 1
| #define HAVE_STRINGS_H 1
| #define HAVE_INTTYPES_H 1
| #define HAVE_STDINT_H 1
| #define HAVE_UNISTD_H 1
| #define HAVE_STDLIB_H 1
| #define HAVE_STDIO_H 1
| #define HAVE_STRING_H 1
| #define HAVE_MEMORY_H 1
| #define HAVE_MATH_H 1
| #define HAVE_FLOAT_H 1
| #define HAVE_FCNTL_H 1
| #define HAVE_INTTYPES_H 1
| #define HAVE_STDDEF_H 1
| #define HAVE_STDINT_H 1
| #define HAVE_SYS_TIME_H 1
| #define HAVE_UNISTD_H 1
| #define HAVE_SQLITE3_H 1
| #define HAVE_SQLITE3EXT_H 1
| #define HAVE_ZLIB_H 1
| #define HAVE_DLFCN_H 1
| #define LT_OBJDIR ".libs/"
| /* end confdefs.h.  */
| #include <stdio.h>
| #ifdef HAVE_SYS_TYPES_H
| # include <sys/types.h>
| #endif
| #ifdef HAVE_SYS_STAT_H
| # include <sys/stat.h>
| #endif
| #ifdef STDC_HEADERS
| # include <stdlib.h>
| # include <stddef.h>
| #else
| # ifdef HAVE_STDLIB_H
| #  include <stdlib.h>
| # endif
| #endif
| #ifdef HAVE_STRING_H
| # if !defined STDC_HEADERS && defined HAVE_MEMORY_H
| #  include <memory.h>
| # endif
| # include <string.h>
| #endif
| #ifdef HAVE_STRINGS_H
| # include <strings.h>
| #endif
| #ifdef HAVE_INTTYPES_H
| # include <inttypes.h>
| #endif
| #ifdef HAVE_STDINT_H
| # include <stdint.h>
| #endif
| #ifdef HAVE_UNISTD_H
| # include <unistd.h>
| #endif
| int
| main ()
| {
| if (sizeof ((off_t)))
| 	    return 0;
|   ;
|   return 0;
| }
configure:16627: result: yes
configure:16638: checking for size_t
configure:16638: gcc -c -g -O2  conftest.c >&5
configure:16638: $? = 0
configure:16638: gcc -c -g -O2  conftest.c >&5
conftest.c: In function 'main':
conftest.c:78:21: error: expected expression before ')' token
 if (sizeof ((size_t)))
                     ^
configure:16638: $? = 1
configure: failed program was:
| /* confdefs.h */
| #define PACKAGE_NAME "libspatialite"
| #define PACKAGE_TARNAME "libspatialite"
| #define PACKAGE_VERSION "4.2.0-devel"
| #define PACKAGE_STRING "libspatialite 4.2.0-devel"
| #define PACKAGE_BUGREPORT "a.furieri@lqt.it"
| #define PACKAGE_URL ""
| #define PACKAGE "libspatialite"
| #define VERSION "4.2.0-devel"
| #define _LARGE_FILE 1
| #define _FILE_OFFSET_BITS 64
| #define _LARGEFILE_SOURCE 1
| #define NDEBUG 1
| #define STDC_HEADERS 1
| #define HAVE_SYS_TYPES_H 1
| #define HAVE_SYS_STAT_H 1
| #define HAVE_STDLIB_H 1
| #define HAVE_STRING_H 1
| #define HAVE_MEMORY_H 1
| #define HAVE_STRINGS_H 1
| #define HAVE_INTTYPES_H 1
| #define HAVE_STDINT_H 1
| #define HAVE_UNISTD_H 1
| #define HAVE_STDLIB_H 1
| #define HAVE_STDIO_H 1
| #define HAVE_STRING_H 1
| #define HAVE_MEMORY_H 1
| #define HAVE_MATH_H 1
| #define HAVE_FLOAT_H 1
| #define HAVE_FCNTL_H 1
| #define HAVE_INTTYPES_H 1
| #define HAVE_STDDEF_H 1
| #define HAVE_STDINT_H 1
| #define HAVE_SYS_TIME_H 1
| #define HAVE_UNISTD_H 1
| #define HAVE_SQLITE3_H 1
| #define HAVE_SQLITE3EXT_H 1
| #define HAVE_ZLIB_H 1
| #define HAVE_DLFCN_H 1
| #define LT_OBJDIR ".libs/"
| /* end confdefs.h.  */
| #include <stdio.h>
| #ifdef HAVE_SYS_TYPES_H
| # include <sys/types.h>
| #endif
| #ifdef HAVE_SYS_STAT_H
| # include <sys/stat.h>
| #endif
| #ifdef STDC_HEADERS
| # include <stdlib.h>
| # include <stddef.h>
| #else
| # ifdef HAVE_STDLIB_H
| #  include <stdlib.h>
| # endif
| #endif
| #ifdef HAVE_STRING_H
| # if !defined STDC_HEADERS && defined HAVE_MEMORY_H
| #  include <memory.h>
| # endif
| # include <string.h>
| #endif
| #ifdef HAVE_STRINGS_H
| # include <strings.h>
| #endif
| #ifdef HAVE_INTTYPES_H
| # include <inttypes.h>
| #endif
| #ifdef HAVE_STDINT_H
| # include <stdint.h>
| #endif
| #ifdef HAVE_UNISTD_H
| # include <unistd.h>
| #endif
| int
| main ()
| {
| if (sizeof ((size_t)))
| 	    return 0;
|   ;
|   return 0;
| }
configure:16638: result: yes
configure:16649: checking whether time.h and sys/time.h may both be included
configure:16669: gcc -c -g -O2  conftest.c >&5
configure:16669: $? = 0
configure:16676: result: yes
configure:16684: checking whether struct tm is in sys/time.h or time.h
configure:16704: gcc -c -g -O2  conftest.c >&5
configure:16704: $? = 0
configure:16711: result: time.h
configure:16719: checking for working volatile
configure:16738: gcc -c -g -O2  conftest.c >&5
configure:16738: $? = 0
configure:16745: result: yes
configure:16755: checking whether lstat correctly handles trailing slash
configure:16798: result: no
configure:16817: checking whether lstat accepts an empty string
configure:16847: result: yes
configure:16863: checking whether lstat correctly handles trailing slash
configure:16906: result: no
configure:16925: checking for working memcmp
configure:16978: result: no
configure:16987: checking whether stat accepts an empty string
configure:17017: result: yes
configure:17035: checking for strftime
configure:17035: gcc -o conftest -g -O2   conftest.c  >&5
conftest.c:68:6: warning: conflicting types for built-in function 'strftime' [enabled by default]
 char strftime ();
      ^
configure:17035: $? = 0
configure:17035: result: yes
configure:17091: checking for memset
configure:17091: gcc -o conftest -g -O2   conftest.c  >&5
conftest.c:69:6: warning: conflicting types for built-in function 'memset' [enabled by default]
 char memset ();
      ^
configure:17091: $? = 0
configure:17091: result: yes
configure:17091: checking for sqrt
configure:17091: gcc -o conftest -g -O2   conftest.c  >&5
conftest.c:70:6: warning: conflicting types for built-in function 'sqrt' [enabled by default]
 char sqrt ();
      ^
/tmp/ccDP3JfN.o: In function `main':
/home/mj10777/000_links/geopaparazzi/geopaparazzi.eu/libjsqlite-spatialite-android/libjsqlite-spatialite-android/spatialite-android-library/jni/libspatialite-4.2.0/conftest.c:81: undefined reference to `sqrt'
collect2: error: ld returned 1 exit status
configure:17091: $? = 1
configure: failed program was:
| /* confdefs.h */
| #define PACKAGE_NAME "libspatialite"
| #define PACKAGE_TARNAME "libspatialite"
| #define PACKAGE_VERSION "4.2.0-devel"
| #define PACKAGE_STRING "libspatialite 4.2.0-devel"
| #define PACKAGE_BUGREPORT "a.furieri@lqt.it"
| #define PACKAGE_URL ""
| #define PACKAGE "libspatialite"
| #define VERSION "4.2.0-devel"
| #define _LARGE_FILE 1
| #define _FILE_OFFSET_BITS 64
| #define _LARGEFILE_SOURCE 1
| #define NDEBUG 1
| #define STDC_HEADERS 1
| #define HAVE_SYS_TYPES_H 1
| #define HAVE_SYS_STAT_H 1
| #define HAVE_STDLIB_H 1
| #define HAVE_STRING_H 1
| #define HAVE_MEMORY_H 1
| #define HAVE_STRINGS_H 1
| #define HAVE_INTTYPES_H 1
| #define HAVE_STDINT_H 1
| #define HAVE_UNISTD_H 1
| #define HAVE_STDLIB_H 1
| #define HAVE_STDIO_H 1
| #define HAVE_STRING_H 1
| #define HAVE_MEMORY_H 1
| #define HAVE_MATH_H 1
| #define HAVE_FLOAT_H 1
| #define HAVE_FCNTL_H 1
| #define HAVE_INTTYPES_H 1
| #define HAVE_STDDEF_H 1
| #define HAVE_STDINT_H 1
| #define HAVE_SYS_TIME_H 1
| #define HAVE_UNISTD_H 1
| #define HAVE_SQLITE3_H 1
| #define HAVE_SQLITE3EXT_H 1
| #define HAVE_ZLIB_H 1
| #define HAVE_DLFCN_H 1
| #define LT_OBJDIR ".libs/"
| #define TIME_WITH_SYS_TIME 1
| #define HAVE_LSTAT_EMPTY_STRING_BUG 1
| #define HAVE_STAT_EMPTY_STRING_BUG 1
| #define HAVE_STRFTIME 1
| #define HAVE_MEMSET 1
| /* end confdefs.h.  */
| /* Define sqrt to an innocuous variant, in case <limits.h> declares sqrt.
|    For example, HP-UX 11i <limits.h> declares gettimeofday.  */
| #define sqrt innocuous_sqrt
| 
| /* System header to define __stub macros and hopefully few prototypes,
|     which can conflict with char sqrt (); below.
|     Prefer <limits.h> to <assert.h> if __STDC__ is defined, since
|     <limits.h> exists even on freestanding compilers.  */
| 
| #ifdef __STDC__
| # include <limits.h>
| #else
| # include <assert.h>
| #endif
| 
| #undef sqrt
| 
| /* Override any GCC internal prototype to avoid an error.
|    Use char because int might match the return type of a GCC
|    builtin and then its argument prototype would still apply.  */
| #ifdef __cplusplus
| extern "C"
| #endif
| char sqrt ();
| /* The GNU C library defines this for functions which it implements
|     to always fail with ENOSYS.  Some functions are actually named
|     something starting with __ and the normal name is an alias.  */
| #if defined __stub_sqrt || defined __stub___sqrt
| choke me
| #endif
| 
| int
| main ()
| {
| return sqrt ();
|   ;
|   return 0;
| }
configure:17091: result: no
configure:17091: checking for strcasecmp
configure:17091: gcc -o conftest -g -O2   conftest.c  >&5
conftest.c:70:6: warning: conflicting types for built-in function 'strcasecmp' [enabled by default]
 char strcasecmp ();
      ^
configure:17091: $? = 0
configure:17091: result: yes
configure:17091: checking for strerror
configure:17091: gcc -o conftest -g -O2   conftest.c  >&5
configure:17091: $? = 0
configure:17091: result: yes
configure:17091: checking for strncasecmp
configure:17091: gcc -o conftest -g -O2   conftest.c  >&5
conftest.c:72:6: warning: conflicting types for built-in function 'strncasecmp' [enabled by default]
 char strncasecmp ();
      ^
configure:17091: $? = 0
configure:17091: result: yes
configure:17091: checking for strstr
configure:17091: gcc -o conftest -g -O2   conftest.c  >&5
conftest.c:73:6: warning: conflicting types for built-in function 'strstr' [enabled by default]
 char strstr ();
      ^
configure:17091: $? = 0
configure:17091: result: yes
configure:17091: checking for fdatasync
configure:17091: gcc -o conftest -g -O2   conftest.c  >&5
configure:17091: $? = 0
configure:17091: result: yes
configure:17091: checking for ftruncate
configure:17091: gcc -o conftest -g -O2   conftest.c  >&5
configure:17091: $? = 0
configure:17091: result: yes
configure:17091: checking for getcwd
configure:17091: gcc -o conftest -g -O2   conftest.c  >&5
configure:17091: $? = 0
configure:17091: result: yes
configure:17091: checking for gettimeofday
configure:17091: gcc -o conftest -g -O2   conftest.c  >&5
configure:17091: $? = 0
configure:17091: result: yes
configure:17091: checking for localtime_r
configure:17091: gcc -o conftest -g -O2   conftest.c  >&5
configure:17091: $? = 0
configure:17091: result: yes
configure:17091: checking for memmove
configure:17091: gcc -o conftest -g -O2   conftest.c  >&5
conftest.c:79:6: warning: conflicting types for built-in function 'memmove' [enabled by default]
 char memmove ();
      ^
configure:17091: $? = 0
configure:17091: result: yes
configure:17091: checking for strerror
configure:17091: result: yes
configure:17102: checking for sqlite3_prepare_v2 in -lsqlite3
configure:17127: gcc -o conftest -g -O2   conftest.c -lsqlite3 -lm  >&5
configure:17127: $? = 0
configure:17136: result: yes
configure:17149: checking for inflateInit_ in -lz
configure:17174: gcc -o conftest -g -O2   conftest.c -lz -lm -lsqlite3  >&5
configure:17174: $? = 0
configure:17183: result: yes
configure:17301: checking proj_api.h usability
configure:17301: gcc -c -g -O2  conftest.c >&5
configure:17301: $? = 0
configure:17301: result: yes
configure:17301: checking proj_api.h presence
configure:17301: gcc -E  conftest.c
configure:17301: $? = 0
configure:17301: result: yes
configure:17301: checking for proj_api.h
configure:17301: result: yes
configure:17313: checking for library containing pj_init_plus
configure:17344: gcc -o conftest -g -O2   conftest.c -lz -lsqlite3  >&5
/tmp/cc0xvBk6.o: In function `main':
/home/mj10777/000_links/geopaparazzi/geopaparazzi.eu/libjsqlite-spatialite-android/libjsqlite-spatialite-android/spatialite-android-library/jni/libspatialite-4.2.0/conftest.c:74: undefined reference to `pj_init_plus'
collect2: error: ld returned 1 exit status
configure:17344: $? = 1
configure: failed program was:
| /* confdefs.h */
| #define PACKAGE_NAME "libspatialite"
| #define PACKAGE_TARNAME "libspatialite"
| #define PACKAGE_VERSION "4.2.0-devel"
| #define PACKAGE_STRING "libspatialite 4.2.0-devel"
| #define PACKAGE_BUGREPORT "a.furieri@lqt.it"
| #define PACKAGE_URL ""
| #define PACKAGE "libspatialite"
| #define VERSION "4.2.0-devel"
| #define _LARGE_FILE 1
| #define _FILE_OFFSET_BITS 64
| #define _LARGEFILE_SOURCE 1
| #define NDEBUG 1
| #define STDC_HEADERS 1
| #define HAVE_SYS_TYPES_H 1
| #define HAVE_SYS_STAT_H 1
| #define HAVE_STDLIB_H 1
| #define HAVE_STRING_H 1
| #define HAVE_MEMORY_H 1
| #define HAVE_STRINGS_H 1
| #define HAVE_INTTYPES_H 1
| #define HAVE_STDINT_H 1
| #define HAVE_UNISTD_H 1
| #define HAVE_STDLIB_H 1
| #define HAVE_STDIO_H 1
| #define HAVE_STRING_H 1
| #define HAVE_MEMORY_H 1
| #define HAVE_MATH_H 1
| #define HAVE_FLOAT_H 1
| #define HAVE_FCNTL_H 1
| #define HAVE_INTTYPES_H 1
| #define HAVE_STDDEF_H 1
| #define HAVE_STDINT_H 1
| #define HAVE_SYS_TIME_H 1
| #define HAVE_UNISTD_H 1
| #define HAVE_SQLITE3_H 1
| #define HAVE_SQLITE3EXT_H 1
| #define HAVE_ZLIB_H 1
| #define HAVE_DLFCN_H 1
| #define LT_OBJDIR ".libs/"
| #define TIME_WITH_SYS_TIME 1
| #define HAVE_LSTAT_EMPTY_STRING_BUG 1
| #define HAVE_STAT_EMPTY_STRING_BUG 1
| #define HAVE_STRFTIME 1
| #define HAVE_MEMSET 1
| #define HAVE_STRCASECMP 1
| #define HAVE_STRERROR 1
| #define HAVE_STRNCASECMP 1
| #define HAVE_STRSTR 1
| #define HAVE_FDATASYNC 1
| #define HAVE_FTRUNCATE 1
| #define HAVE_GETCWD 1
| #define HAVE_GETTIMEOFDAY 1
| #define HAVE_LOCALTIME_R 1
| #define HAVE_MEMMOVE 1
| #define HAVE_STRERROR 1
| #define HAVE_LIBSQLITE3 1
| #define HAVE_LIBZ 1
| #define TARGET_CPU "x86_64-linux-gnu"
| #define OMIT_GEOCALLBACKS 1
| #define HAVE_PROJ_API_H 1
| /* end confdefs.h.  */
| 
| /* Override any GCC internal prototype to avoid an error.
|    Use char because int might match the return type of a GCC
|    builtin and then its argument prototype would still apply.  */
| #ifdef __cplusplus
| extern "C"
| #endif
| char pj_init_plus ();
| int
| main ()
| {
| return pj_init_plus ();
|   ;
|   return 0;
| }
configure:17344: gcc -o conftest -g -O2   conftest.c -lproj -lm -lz -lsqlite3  >&5
configure:17344: $? = 0
configure:17361: result: -lproj
configure:17371: checking for library containing pj_init_ctx
configure:17402: gcc -o conftest -g -O2   conftest.c -lproj -lz -lsqlite3  >&5
configure:17402: $? = 0
configure:17419: result: none required
configure:17448: checking iconv.h usability
configure:17448: gcc -c -g -O2  conftest.c >&5
configure:17448: $? = 0
configure:17448: result: yes
configure:17448: checking iconv.h presence
configure:17448: gcc -E  conftest.c
configure:17448: $? = 0
configure:17448: result: yes
configure:17448: checking for iconv.h
configure:17448: result: yes
configure:17462: checking for library containing iconv
configure:17493: gcc -o conftest -g -O2   conftest.c -lproj -lz -lsqlite3  >&5
configure:17493: $? = 0
configure:17510: result: none required
configure:17577: checking for library containing locale_charset
configure:17608: gcc -o conftest -g -O2   conftest.c -lproj -lz -lsqlite3  >&5
/tmp/ccC0BiHJ.o: In function `main':
/home/mj10777/000_links/geopaparazzi/geopaparazzi.eu/libjsqlite-spatialite-android/libjsqlite-spatialite-android/spatialite-android-library/jni/libspatialite-4.2.0/conftest.c:75: undefined reference to `locale_charset'
collect2: error: ld returned 1 exit status
configure:17608: $? = 1
configure: failed program was:
| /* confdefs.h */
| #define PACKAGE_NAME "libspatialite"
| #define PACKAGE_TARNAME "libspatialite"
| #define PACKAGE_VERSION "4.2.0-devel"
| #define PACKAGE_STRING "libspatialite 4.2.0-devel"
| #define PACKAGE_BUGREPORT "a.furieri@lqt.it"
| #define PACKAGE_URL ""
| #define PACKAGE "libspatialite"
| #define VERSION "4.2.0-devel"
| #define _LARGE_FILE 1
| #define _FILE_OFFSET_BITS 64
| #define _LARGEFILE_SOURCE 1
| #define NDEBUG 1
| #define STDC_HEADERS 1
| #define HAVE_SYS_TYPES_H 1
| #define HAVE_SYS_STAT_H 1
| #define HAVE_STDLIB_H 1
| #define HAVE_STRING_H 1
| #define HAVE_MEMORY_H 1
| #define HAVE_STRINGS_H 1
| #define HAVE_INTTYPES_H 1
| #define HAVE_STDINT_H 1
| #define HAVE_UNISTD_H 1
| #define HAVE_STDLIB_H 1
| #define HAVE_STDIO_H 1
| #define HAVE_STRING_H 1
| #define HAVE_MEMORY_H 1
| #define HAVE_MATH_H 1
| #define HAVE_FLOAT_H 1
| #define HAVE_FCNTL_H 1
| #define HAVE_INTTYPES_H 1
| #define HAVE_STDDEF_H 1
| #define HAVE_STDINT_H 1
| #define HAVE_SYS_TIME_H 1
| #define HAVE_UNISTD_H 1
| #define HAVE_SQLITE3_H 1
| #define HAVE_SQLITE3EXT_H 1
| #define HAVE_ZLIB_H 1
| #define HAVE_DLFCN_H 1
| #define LT_OBJDIR ".libs/"
| #define TIME_WITH_SYS_TIME 1
| #define HAVE_LSTAT_EMPTY_STRING_BUG 1
| #define HAVE_STAT_EMPTY_STRING_BUG 1
| #define HAVE_STRFTIME 1
| #define HAVE_MEMSET 1
| #define HAVE_STRCASECMP 1
| #define HAVE_STRERROR 1
| #define HAVE_STRNCASECMP 1
| #define HAVE_STRSTR 1
| #define HAVE_FDATASYNC 1
| #define HAVE_FTRUNCATE 1
| #define HAVE_GETCWD 1
| #define HAVE_GETTIMEOFDAY 1
| #define HAVE_LOCALTIME_R 1
| #define HAVE_MEMMOVE 1
| #define HAVE_STRERROR 1
| #define HAVE_LIBSQLITE3 1
| #define HAVE_LIBZ 1
| #define TARGET_CPU "x86_64-linux-gnu"
| #define OMIT_GEOCALLBACKS 1
| #define HAVE_PROJ_API_H 1
| #define HAVE_ICONV_H 1
| /* end confdefs.h.  */
| 
| /* Override any GCC internal prototype to avoid an error.
|    Use char because int might match the return type of a GCC
|    builtin and then its argument prototype would still apply.  */
| #ifdef __cplusplus
| extern "C"
| #endif
| char locale_charset ();
| int
| main ()
| {
| return locale_charset ();
|   ;
|   return 0;
| }
configure:17608: gcc -o conftest -g -O2   conftest.c -lcharset  -lproj -lz -lsqlite3  >&5
configure:17608: $? = 0
configure:17625: result: -lcharset
configure:17710: checking freexl.h usability
configure:17710: gcc -c -g -O2  conftest.c >&5
configure:17710: $? = 0
configure:17710: result: yes
configure:17710: checking freexl.h presence
configure:17710: gcc -E  conftest.c
configure:17710: $? = 0
configure:17710: result: yes
configure:17710: checking for freexl.h
configure:17710: result: yes
configure:17722: checking for library containing freexl_open
configure:17753: gcc -o conftest -g -O2   conftest.c -lcharset -lproj -lz -lsqlite3  >&5
/tmp/ccD4PBe1.o: In function `main':
/home/mj10777/000_links/geopaparazzi/geopaparazzi.eu/libjsqlite-spatialite-android/libjsqlite-spatialite-android/spatialite-android-library/jni/libspatialite-4.2.0/conftest.c:76: undefined reference to `freexl_open'
collect2: error: ld returned 1 exit status
configure:17753: $? = 1
configure: failed program was:
| /* confdefs.h */
| #define PACKAGE_NAME "libspatialite"
| #define PACKAGE_TARNAME "libspatialite"
| #define PACKAGE_VERSION "4.2.0-devel"
| #define PACKAGE_STRING "libspatialite 4.2.0-devel"
| #define PACKAGE_BUGREPORT "a.furieri@lqt.it"
| #define PACKAGE_URL ""
| #define PACKAGE "libspatialite"
| #define VERSION "4.2.0-devel"
| #define _LARGE_FILE 1
| #define _FILE_OFFSET_BITS 64
| #define _LARGEFILE_SOURCE 1
| #define NDEBUG 1
| #define STDC_HEADERS 1
| #define HAVE_SYS_TYPES_H 1
| #define HAVE_SYS_STAT_H 1
| #define HAVE_STDLIB_H 1
| #define HAVE_STRING_H 1
| #define HAVE_MEMORY_H 1
| #define HAVE_STRINGS_H 1
| #define HAVE_INTTYPES_H 1
| #define HAVE_STDINT_H 1
| #define HAVE_UNISTD_H 1
| #define HAVE_STDLIB_H 1
| #define HAVE_STDIO_H 1
| #define HAVE_STRING_H 1
| #define HAVE_MEMORY_H 1
| #define HAVE_MATH_H 1
| #define HAVE_FLOAT_H 1
| #define HAVE_FCNTL_H 1
| #define HAVE_INTTYPES_H 1
| #define HAVE_STDDEF_H 1
| #define HAVE_STDINT_H 1
| #define HAVE_SYS_TIME_H 1
| #define HAVE_UNISTD_H 1
| #define HAVE_SQLITE3_H 1
| #define HAVE_SQLITE3EXT_H 1
| #define HAVE_ZLIB_H 1
| #define HAVE_DLFCN_H 1
| #define LT_OBJDIR ".libs/"
| #define TIME_WITH_SYS_TIME 1
| #define HAVE_LSTAT_EMPTY_STRING_BUG 1
| #define HAVE_STAT_EMPTY_STRING_BUG 1
| #define HAVE_STRFTIME 1
| #define HAVE_MEMSET 1
| #define HAVE_STRCASECMP 1
| #define HAVE_STRERROR 1
| #define HAVE_STRNCASECMP 1
| #define HAVE_STRSTR 1
| #define HAVE_FDATASYNC 1
| #define HAVE_FTRUNCATE 1
| #define HAVE_GETCWD 1
| #define HAVE_GETTIMEOFDAY 1
| #define HAVE_LOCALTIME_R 1
| #define HAVE_MEMMOVE 1
| #define HAVE_STRERROR 1
| #define HAVE_LIBSQLITE3 1
| #define HAVE_LIBZ 1
| #define TARGET_CPU "x86_64-linux-gnu"
| #define OMIT_GEOCALLBACKS 1
| #define HAVE_PROJ_API_H 1
| #define HAVE_ICONV_H 1
| #define HAVE_FREEXL_H 1
| /* end confdefs.h.  */
| 
| /* Override any GCC internal prototype to avoid an error.
|    Use char because int might match the return type of a GCC
|    builtin and then its argument prototype would still apply.  */
| #ifdef __cplusplus
| extern "C"
| #endif
| char freexl_open ();
| int
| main ()
| {
| return freexl_open ();
|   ;
|   return 0;
| }
configure:17753: gcc -o conftest -g -O2   conftest.c -lfreexl -lm -lcharset -lproj -lz -lsqlite3  >&5
configure:17753: $? = 0
configure:17770: result: -lfreexl
configure:17828: checking for geos-config
configure:17846: found /usr/local/bin/geos-config
configure:17858: result: /usr/local/bin/geos-config
configure:17893: checking geos_c.h usability
configure:17893: gcc -c -g -O2 -I/usr/local/include conftest.c >&5
configure:17893: $? = 0
configure:17893: result: yes
configure:17893: checking geos_c.h presence
configure:17893: gcc -E -I/usr/local/include conftest.c
configure:17893: $? = 0
configure:17893: result: yes
configure:17893: checking for geos_c.h
configure:17893: result: yes
configure:17909: checking for library containing GEOSTopologyPreserveSimplify
configure:17940: gcc -o conftest -g -O2   conftest.c -L/usr/local/lib >&5
/tmp/ccFbqqLj.o: In function `main':
/home/mj10777/000_links/geopaparazzi/geopaparazzi.eu/libjsqlite-spatialite-android/libjsqlite-spatialite-android/spatialite-android-library/jni/libspatialite-4.2.0/conftest.c:77: undefined reference to `GEOSTopologyPreserveSimplify'
collect2: error: ld returned 1 exit status
configure:17940: $? = 1
configure: failed program was:
| /* confdefs.h */
| #define PACKAGE_NAME "libspatialite"
| #define PACKAGE_TARNAME "libspatialite"
| #define PACKAGE_VERSION "4.2.0-devel"
| #define PACKAGE_STRING "libspatialite 4.2.0-devel"
| #define PACKAGE_BUGREPORT "a.furieri@lqt.it"
| #define PACKAGE_URL ""
| #define PACKAGE "libspatialite"
| #define VERSION "4.2.0-devel"
| #define _LARGE_FILE 1
| #define _FILE_OFFSET_BITS 64
| #define _LARGEFILE_SOURCE 1
| #define NDEBUG 1
| #define STDC_HEADERS 1
| #define HAVE_SYS_TYPES_H 1
| #define HAVE_SYS_STAT_H 1
| #define HAVE_STDLIB_H 1
| #define HAVE_STRING_H 1
| #define HAVE_MEMORY_H 1
| #define HAVE_STRINGS_H 1
| #define HAVE_INTTYPES_H 1
| #define HAVE_STDINT_H 1
| #define HAVE_UNISTD_H 1
| #define HAVE_STDLIB_H 1
| #define HAVE_STDIO_H 1
| #define HAVE_STRING_H 1
| #define HAVE_MEMORY_H 1
| #define HAVE_MATH_H 1
| #define HAVE_FLOAT_H 1
| #define HAVE_FCNTL_H 1
| #define HAVE_INTTYPES_H 1
| #define HAVE_STDDEF_H 1
| #define HAVE_STDINT_H 1
| #define HAVE_SYS_TIME_H 1
| #define HAVE_UNISTD_H 1
| #define HAVE_SQLITE3_H 1
| #define HAVE_SQLITE3EXT_H 1
| #define HAVE_ZLIB_H 1
| #define HAVE_DLFCN_H 1
| #define LT_OBJDIR ".libs/"
| #define TIME_WITH_SYS_TIME 1
| #define HAVE_LSTAT_EMPTY_STRING_BUG 1
| #define HAVE_STAT_EMPTY_STRING_BUG 1
| #define HAVE_STRFTIME 1
| #define HAVE_MEMSET 1
| #define HAVE_STRCASECMP 1
| #define HAVE_STRERROR 1
| #define HAVE_STRNCASECMP 1
| #define HAVE_STRSTR 1
| #define HAVE_FDATASYNC 1
| #define HAVE_FTRUNCATE 1
| #define HAVE_GETCWD 1
| #define HAVE_GETTIMEOFDAY 1
| #define HAVE_LOCALTIME_R 1
| #define HAVE_MEMMOVE 1
| #define HAVE_STRERROR 1
| #define HAVE_LIBSQLITE3 1
| #define HAVE_LIBZ 1
| #define TARGET_CPU "x86_64-linux-gnu"
| #define OMIT_GEOCALLBACKS 1
| #define HAVE_PROJ_API_H 1
| #define HAVE_ICONV_H 1
| #define HAVE_FREEXL_H 1
| #define HAVE_GEOS_C_H 1
| /* end confdefs.h.  */
| 
| /* Override any GCC internal prototype to avoid an error.
|    Use char because int might match the return type of a GCC
|    builtin and then its argument prototype would still apply.  */
| #ifdef __cplusplus
| extern "C"
| #endif
| char GEOSTopologyPreserveSimplify ();
| int
| main ()
| {
| return GEOSTopologyPreserveSimplify ();
|   ;
|   return 0;
| }
configure:17940: gcc -o conftest -g -O2   conftest.c -lgeos_c  -L/usr/local/lib >&5
configure:17940: $? = 0
configure:17957: result: -lgeos_c
configure:17981: checking for library containing GEOSCoveredBy
configure:18012: gcc -o conftest -g -O2   conftest.c -lfreexl -lcharset -lproj -lz -lsqlite3 -L/usr/local/lib -lgeos_c >&5
configure:18012: $? = 0
configure:18029: result: none required
configure:18628: checking that generated files are newer than configure
configure:18634: result: done
configure:18689: creating ./config.status

## ---------------------- ##
## Running config.status. ##
## ---------------------- ##

This file was extended by libspatialite config.status 4.2.0-devel, which was
generated by GNU Autoconf 2.69.  Invocation command line was

  CONFIG_FILES    = 
  CONFIG_HEADERS  = 
  CONFIG_LINKS    = 
  CONFIG_COMMANDS = 
  $ ./config.status 

on mj10777-01-l

config.status:1242: creating Makefile
config.status:1242: creating src/Makefile
config.status:1242: creating src/headers/Makefile
config.status:1242: creating src/gaiaaux/Makefile
config.status:1242: creating src/gaiaexif/Makefile
config.status:1242: creating src/gaiageo/Makefile
config.status:1242: creating src/gaiageo/flex/Makefile
config.status:1242: creating src/gaiageo/lemon/Makefile
config.status:1242: creating src/gaiageo/lemon/lemon_src/Makefile
config.status:1242: creating src/geopackage/Makefile
config.status:1242: creating src/spatialite/Makefile
config.status:1242: creating src/shapefiles/Makefile
config.status:1242: creating src/dxf/Makefile
config.status:1242: creating src/md5/Makefile
config.status:1242: creating src/srsinit/Makefile
config.status:1242: creating src/srsinit/epsg_update/Makefile
config.status:1242: creating src/connection_cache/Makefile
config.status:1242: creating src/connection_cache/generator/Makefile
config.status:1242: creating src/virtualtext/Makefile
config.status:1242: creating src/wfs/Makefile
config.status:1242: creating test/Makefile
config.status:1242: creating test/sql_stmt_tests/Makefile
config.status:1242: creating test/sql_stmt_geos_tests/Makefile
config.status:1242: creating test/sql_stmt_geosadvanced_tests/Makefile
config.status:1242: creating test/sql_stmt_geostrunk_tests/Makefile
config.status:1242: creating test/sql_stmt_proj_tests/Makefile
config.status:1242: creating test/sql_stmt_mathsql_tests/Makefile
config.status:1242: creating test/sql_stmt_lwgeom_tests/Makefile
config.status:1242: creating test/sql_stmt_libxml2_tests/Makefile
config.status:1242: creating test/sql_stmt_security_tests/Makefile
config.status:1242: creating test/sql_stmt_xmlsec_tests/Makefile
config.status:1242: creating examples/Makefile
config.status:1242: creating Doxyfile
config.status:1242: creating spatialite.pc
config.status:1242: creating config.h
config.status:1471: executing depfiles commands
config.status:1471: executing libtool commands

## ---------------- ##
## Cache variables. ##
## ---------------- ##

ac_cv_build=x86_64-pc-linux-gnu
ac_cv_c_compiler_gnu=yes
ac_cv_c_const=yes
ac_cv_c_volatile=yes
ac_cv_cxx_compiler_gnu=yes
ac_cv_env_CCC_set=
ac_cv_env_CCC_value=
ac_cv_env_CC_set=
ac_cv_env_CC_value=
ac_cv_env_CFLAGS_set=
ac_cv_env_CFLAGS_value=
ac_cv_env_CPPFLAGS_set=
ac_cv_env_CPPFLAGS_value=
ac_cv_env_CPP_set=
ac_cv_env_CPP_value=
ac_cv_env_CXXCPP_set=
ac_cv_env_CXXCPP_value=
ac_cv_env_CXXFLAGS_set=
ac_cv_env_CXXFLAGS_value=
ac_cv_env_CXX_set=
ac_cv_env_CXX_value=
ac_cv_env_LDFLAGS_set=
ac_cv_env_LDFLAGS_value=
ac_cv_env_LIBS_set=
ac_cv_env_LIBS_value=
ac_cv_env_LIBXML2_CFLAGS_set=
ac_cv_env_LIBXML2_CFLAGS_value=
ac_cv_env_LIBXML2_LIBS_set=
ac_cv_env_LIBXML2_LIBS_value=
ac_cv_env_PKG_CONFIG_LIBDIR_set=
ac_cv_env_PKG_CONFIG_LIBDIR_value=
ac_cv_env_PKG_CONFIG_PATH_set=
ac_cv_env_PKG_CONFIG_PATH_value=
ac_cv_env_PKG_CONFIG_set=
ac_cv_env_PKG_CONFIG_value=
ac_cv_env_build_alias_set=set
ac_cv_env_build_alias_value=x86_64-pc-linux-gnu
ac_cv_env_host_alias_set=set
ac_cv_env_host_alias_value=arm-linux-eabi
ac_cv_env_target_alias_set=
ac_cv_env_target_alias_value=
ac_cv_func_fdatasync=yes
ac_cv_func_ftruncate=yes
ac_cv_func_getcwd=yes
ac_cv_func_gettimeofday=yes
ac_cv_func_localtime_r=yes
ac_cv_func_lstat_dereferences_slashed_symlink=no
ac_cv_func_lstat_empty_string_bug=yes
ac_cv_func_memcmp_working=no
ac_cv_func_memmove=yes
ac_cv_func_memset=yes
ac_cv_func_sqrt=no
ac_cv_func_stat_empty_string_bug=yes
ac_cv_func_strcasecmp=yes
ac_cv_func_strerror=yes
ac_cv_func_strftime=yes
ac_cv_func_strncasecmp=yes
ac_cv_func_strstr=yes
ac_cv_header_dlfcn_h=yes
ac_cv_header_fcntl_h=yes
ac_cv_header_float_h=yes
ac_cv_header_freexl_h=yes
ac_cv_header_geos_c_h=yes
ac_cv_header_iconv_h=yes
ac_cv_header_inttypes_h=yes
ac_cv_header_math_h=yes
ac_cv_header_memory_h=yes
ac_cv_header_proj_api_h=yes
ac_cv_header_sqlite3_h=yes
ac_cv_header_sqlite3ext_h=yes
ac_cv_header_stdc=yes
ac_cv_header_stddef_h=yes
ac_cv_header_stdint_h=yes
ac_cv_header_stdio_h=yes
ac_cv_header_stdlib_h=yes
ac_cv_header_string_h=yes
ac_cv_header_strings_h=yes
ac_cv_header_sys_stat_h=yes
ac_cv_header_sys_time_h=yes
ac_cv_header_sys_types_h=yes
ac_cv_header_time=yes
ac_cv_header_unistd_h=yes
ac_cv_header_zlib_h=yes
ac_cv_host=arm-linux-eabi
ac_cv_lib_sqlite3_sqlite3_prepare_v2=yes
ac_cv_lib_z_inflateInit_=yes
ac_cv_objext=o
ac_cv_path_EGREP='/bin/grep -E'
ac_cv_path_FGREP='/bin/grep -F'
ac_cv_path_GEOSCONFIG=/usr/local/bin/geos-config
ac_cv_path_GREP=/bin/grep
ac_cv_path_SED=/bin/sed
ac_cv_path_install='/usr/bin/install -c'
ac_cv_path_mkdir=/bin/mkdir
ac_cv_prog_AWK=gawk
ac_cv_prog_CC=gcc
ac_cv_prog_CPP='gcc -E'
ac_cv_prog_CXXCPP='g++ -E'
ac_cv_prog_DLLTOOL=dlltool
ac_cv_prog_OBJDUMP=objdump
ac_cv_prog_STRIP=strip
ac_cv_prog_ac_ct_AR=ar
ac_cv_prog_ac_ct_CC=gcc
ac_cv_prog_ac_ct_CXX=g++
ac_cv_prog_ac_ct_DUMPBIN='link -dump'
ac_cv_prog_ac_ct_MANIFEST_TOOL=mt
ac_cv_prog_ac_ct_RANLIB=ranlib
ac_cv_prog_ac_ct_STRIP=strip
ac_cv_prog_cc_c89=
ac_cv_prog_cc_g=yes
ac_cv_prog_cxx_g=yes
ac_cv_prog_make_make_set=yes
ac_cv_search_GEOSCoveredBy='none required'
ac_cv_search_GEOSTopologyPreserveSimplify=-lgeos_c
ac_cv_search_freexl_open=-lfreexl
ac_cv_search_iconv='none required'
ac_cv_search_locale_charset=-lcharset
ac_cv_search_pj_init_ctx='none required'
ac_cv_search_pj_init_plus=-lproj
ac_cv_struct_tm=time.h
ac_cv_type_off_t=yes
ac_cv_type_size_t=yes
am_cv_CC_dependencies_compiler_type=gcc3
am_cv_CXX_dependencies_compiler_type=gcc3
am_cv_make_support_nested_variables=yes
lt_cv_ar_at_file=@
lt_cv_archive_cmds_need_lc=no
lt_cv_deplibs_check_method=unknown
lt_cv_file_magic_cmd='$MAGIC_CMD'
lt_cv_file_magic_test_file=
lt_cv_ld_reload_flag=-r
lt_cv_nm_interface='BSD nm'
lt_cv_objdir=.libs
lt_cv_path_LD=/usr/bin/ld
lt_cv_path_LDCXX=/usr/bin/ld
lt_cv_path_NM=no
lt_cv_path_mainfest_tool=no
lt_cv_prog_compiler_c_o=yes
lt_cv_prog_compiler_c_o_CXX=yes
lt_cv_prog_compiler_pic='-fPIC -DPIC'
lt_cv_prog_compiler_pic_CXX='-fPIC -DPIC'
lt_cv_prog_compiler_pic_works=yes
lt_cv_prog_compiler_pic_works_CXX=yes
lt_cv_prog_compiler_rtti_exceptions=no
lt_cv_prog_compiler_static_works=yes
lt_cv_prog_compiler_static_works_CXX=yes
lt_cv_prog_gnu_ld=yes
lt_cv_prog_gnu_ldcxx=yes
lt_cv_sharedlib_from_linklib_cmd='printf %s\n'
lt_cv_sys_global_symbol_pipe='sed -n -e '\''s/^.*[	 ]\([ABCDGIRSTW][ABCDGIRSTW]*\)[	 ][	 ]*\([_A-Za-z][_A-Za-z0-9]*\)$/\1 \2 \2/p'\'' | sed '\''/ __gnu_lto/d'\'''
lt_cv_sys_global_symbol_to_c_name_address='sed -n -e '\''s/^: \([^ ]*\)[ ]*$/  {\"\1\", (void *) 0},/p'\'' -e '\''s/^[ABCDGIRSTW]* \([^ ]*\) \([^ ]*\)$/  {"\2", (void *) \&\2},/p'\'''
lt_cv_sys_global_symbol_to_c_name_address_lib_prefix='sed -n -e '\''s/^: \([^ ]*\)[ ]*$/  {\"\1\", (void *) 0},/p'\'' -e '\''s/^[ABCDGIRSTW]* \([^ ]*\) \(lib[^ ]*\)$/  {"\2", (void *) \&\2},/p'\'' -e '\''s/^[ABCDGIRSTW]* \([^ ]*\) \([^ ]*\)$/  {"lib\2", (void *) \&\2},/p'\'''
lt_cv_sys_global_symbol_to_cdecl='sed -n -e '\''s/^T .* \(.*\)$/extern int \1();/p'\'' -e '\''s/^[ABCDGIRSTW]* .* \(.*\)$/extern char \1;/p'\'''
lt_cv_sys_max_cmd_len=1572864
lt_cv_to_host_file_cmd=func_convert_file_noop
lt_cv_to_tool_file_cmd=func_convert_file_noop

## ----------------- ##
## Output variables. ##
## ----------------- ##

ACLOCAL='aclocal-1.13'
AMDEPBACKSLASH='\'
AMDEP_FALSE='#'
AMDEP_TRUE=''
AMTAR='$${TAR-tar}'
AM_BACKSLASH='\'
AM_DEFAULT_V='$(AM_DEFAULT_VERBOSITY)'
AM_DEFAULT_VERBOSITY='1'
AM_V='$(V)'
ANDROID_FALSE=''
ANDROID_TRUE='#'
AR='ar'
AS='as'
AUTOCONF='autoconf'
AUTOHEADER='autoheader'
AUTOMAKE='automake-1.13'
AWK='gawk'
CC='gcc'
CCDEPMODE='depmode=gcc3'
CFLAGS='-g -O2'
CPP='gcc -E'
CPPFLAGS=''
CXX='g++'
CXXCPP='g++ -E'
CXXDEPMODE='depmode=gcc3'
CXXFLAGS='-g -O2'
CYGPATH_W='echo'
DEFS='-DHAVE_CONFIG_H'
DEPDIR='.deps'
DLLTOOL='dlltool'
DSYMUTIL=''
DUMPBIN=':'
ECHO_C=''
ECHO_N='-n'
ECHO_T=''
EGREP='/bin/grep -E'
ENABLE_EXAMPLES_FALSE='#'
ENABLE_EXAMPLES_TRUE=''
ENABLE_GEOPACKAGE_FALSE=''
ENABLE_GEOPACKAGE_TRUE='#'
EXEEXT=''
FGREP='/bin/grep -F'
GEOSCONFIG='/usr/local/bin/geos-config'
GEOS_CFLAGS='-I/usr/local/include'
GEOS_LDFLAGS='-L/usr/local/lib'
GREP='/bin/grep'
INSTALL_DATA='${INSTALL} -m 644'
INSTALL_PROGRAM='${INSTALL}'
INSTALL_SCRIPT='${INSTALL}'
INSTALL_STRIP_PROGRAM='$(install_sh) -c -s'
LD='/usr/bin/ld'
LDFLAGS=''
LIBOBJS=' ${LIBOBJDIR}lstat$U.o ${LIBOBJDIR}memcmp$U.o ${LIBOBJDIR}stat$U.o'
LIBS='-lfreexl -lcharset -lproj -lz -lsqlite3 -L/usr/local/lib -lgeos_c'
LIBTOOL='$(SHELL) $(top_builddir)/libtool'
LIBXML2_CFLAGS=''
LIBXML2_LIBS=''
LIPO=''
LN_S='ln -s'
LTLIBOBJS=' ${LIBOBJDIR}lstat$U.lo ${LIBOBJDIR}memcmp$U.lo ${LIBOBJDIR}stat$U.lo'
MACOSX_FALSE=''
MACOSX_TRUE='#'
MAINT='#'
MAINTAINER_MODE_FALSE=''
MAINTAINER_MODE_TRUE='#'
MAKEINFO='makeinfo'
MANIFEST_TOOL=':'
MINGW_FALSE=''
MINGW_TRUE='#'
MKDIR_P='/bin/mkdir -p'
NM='nm'
NMEDIT=''
OBJDUMP='objdump'
OBJEXT='o'
OTOOL64=''
OTOOL=''
PACKAGE='libspatialite'
PACKAGE_BUGREPORT='a.furieri@lqt.it'
PACKAGE_NAME='libspatialite'
PACKAGE_STRING='libspatialite 4.2.0-devel'
PACKAGE_TARNAME='libspatialite'
PACKAGE_URL=''
PACKAGE_VERSION='4.2.0-devel'
PATH_SEPARATOR=':'
PKG_CONFIG=''
PKG_CONFIG_LIBDIR=''
PKG_CONFIG_PATH=''
RANLIB='ranlib'
SED='/bin/sed'
SET_MAKE=''
SHELL='/bin/bash'
STRIP='strip'
VERSION='4.2.0-devel'
ac_ct_AR='ar'
ac_ct_CC='gcc'
ac_ct_CXX='g++'
ac_ct_DUMPBIN='link -dump'
am__EXEEXT_FALSE=''
am__EXEEXT_TRUE='#'
am__fastdepCC_FALSE='#'
am__fastdepCC_TRUE=''
am__fastdepCXX_FALSE='#'
am__fastdepCXX_TRUE=''
am__include='include'
am__isrc=''
am__leading_dot='.'
am__nodep='_no'
am__quote=''
am__tar='$${TAR-tar} chof - "$$tardir"'
am__untar='$${TAR-tar} xf -'
bindir='${exec_prefix}/bin'
build='x86_64-pc-linux-gnu'
build_alias='x86_64-pc-linux-gnu'
build_cpu='x86_64'
build_os='linux-gnu'
build_vendor='pc'
datadir='${datarootdir}'
datarootdir='${prefix}/share'
docdir='${datarootdir}/doc/${PACKAGE_TARNAME}'
dvidir='${docdir}'
exec_prefix='${prefix}'
host='arm-linux-eabi'
host_alias='arm-linux-eabi'
host_cpu='arm'
host_os='eabi'
host_vendor='linux'
htmldir='${docdir}'
includedir='${prefix}/include'
infodir='${datarootdir}/info'
install_sh='${SHELL} /home/mj10777/000_links/geopaparazzi/geopaparazzi.eu/libjsqlite-spatialite-android/libjsqlite-spatialite-android/spatialite-android-library/jni/libspatialite-4.2.0/install-sh'
libdir='${exec_prefix}/lib'
libexecdir='${exec_prefix}/libexec'
localedir='${datarootdir}/locale'
localstatedir='${prefix}/var'
mandir='${datarootdir}/man'
mkdir_p='$(MKDIR_P)'
oldincludedir='/usr/include'
pdfdir='${docdir}'
prefix='/usr/local'
program_transform_name='s,x,x,'
psdir='${docdir}'
sbindir='${exec_prefix}/sbin'
sharedstatedir='${prefix}/com'
sysconfdir='${prefix}/etc'
target_alias=''

## ----------- ##
## confdefs.h. ##
## ----------- ##

/* confdefs.h */
#define PACKAGE_NAME "libspatialite"
#define PACKAGE_TARNAME "libspatialite"
#define PACKAGE_VERSION "4.2.0-devel"
#define PACKAGE_STRING "libspatialite 4.2.0-devel"
#define PACKAGE_BUGREPORT "a.furieri@lqt.it"
#define PACKAGE_URL ""
#define PACKAGE "libspatialite"
#define VERSION "4.2.0-devel"
#define _LARGE_FILE 1
#define _FILE_OFFSET_BITS 64
#define _LARGEFILE_SOURCE 1
#define NDEBUG 1
#define STDC_HEADERS 1
#define HAVE_SYS_TYPES_H 1
#define HAVE_SYS_STAT_H 1
#define HAVE_STDLIB_H 1
#define HAVE_STRING_H 1
#define HAVE_MEMORY_H 1
#define HAVE_STRINGS_H 1
#define HAVE_INTTYPES_H 1
#define HAVE_STDINT_H 1
#define HAVE_UNISTD_H 1
#define HAVE_STDLIB_H 1
#define HAVE_STDIO_H 1
#define HAVE_STRING_H 1
#define HAVE_MEMORY_H 1
#define HAVE_MATH_H 1
#define HAVE_FLOAT_H 1
#define HAVE_FCNTL_H 1
#define HAVE_INTTYPES_H 1
#define HAVE_STDDEF_H 1
#define HAVE_STDINT_H 1
#define HAVE_SYS_TIME_H 1
#define HAVE_UNISTD_H 1
#define HAVE_SQLITE3_H 1
#define HAVE_SQLITE3EXT_H 1
#define HAVE_ZLIB_H 1
#define HAVE_DLFCN_H 1
#define LT_OBJDIR ".libs/"
#define TIME_WITH_SYS_TIME 1
#define HAVE_LSTAT_EMPTY_STRING_BUG 1
#define HAVE_STAT_EMPTY_STRING_BUG 1
#define HAVE_STRFTIME 1
#define HAVE_MEMSET 1
#define HAVE_STRCASECMP 1
#define HAVE_STRERROR 1
#define HAVE_STRNCASECMP 1
#define HAVE_STRSTR 1
#define HAVE_FDATASYNC 1
#define HAVE_FTRUNCATE 1
#define HAVE_GETCWD 1
#define HAVE_GETTIMEOFDAY 1
#define HAVE_LOCALTIME_R 1
#define HAVE_MEMMOVE 1
#define HAVE_STRERROR 1
#define HAVE_LIBSQLITE3 1
#define HAVE_LIBZ 1
#define TARGET_CPU "x86_64-linux-gnu"
#define OMIT_GEOCALLBACKS 1
#define HAVE_PROJ_API_H 1
#define HAVE_ICONV_H 1
#define HAVE_FREEXL_H 1
#define HAVE_GEOS_C_H 1
#define GEOS_ADVANCED 1

configure: exit 0
