This file contains any messages produced by compilers while
running configure, to aid debugging if configure makes a mistake.

It was created by libspatialite configure 4.0.0, which was
generated by GNU Autoconf 2.68.  Invocation command line was

  $ ./configure --build=x86_64-pc-linux-gnu --host=arm-linux-eabi

## --------- ##
## Platform. ##
## --------- ##

hostname = mj10777-01-l
uname -m = x86_64
uname -r = 3.2.0-56-generic
uname -s = Linux
uname -v = #86-Ubuntu SMP Wed Oct 23 09:20:45 UTC 2013

/usr/bin/uname -p = unknown
/bin/uname -X     = unknown

/bin/arch              = unknown
/usr/bin/arch -k       = unknown
/usr/convex/getsysinfo = unknown
/usr/bin/hostinfo      = unknown
/bin/machine           = unknown
/usr/bin/oslevel       = unknown
/bin/universe          = unknown

PATH: /usr/local/pgsql/bin
PATH: /usr/local/pgsql/bin
PATH: /home/mj10777/bin
PATH: /usr/local/pgsql/bin
PATH: /usr/lib/lightdm/lightdm
PATH: /usr/local/sbin
PATH: /usr/local/bin
PATH: /usr/sbin
PATH: /usr/bin
PATH: /sbin
PATH: /bin
PATH: /usr/games
PATH: /home/mj10777/000_links/gnu_source/qt_dev/Qt5.1.0/5.1.0/gcc_64/bin
PATH: /home/mj10777/000_links/gnu_source/adt-bundle-linux/sdk
PATH: /home/mj10777/000_links/gnu_source/adt-bundle-linux/sdk/tools/home/mj10777/gnu_source/adt-bundle-linux/sdk/platform-tools
PATH: /home/mj10777/gnu_source/adt-bundle-linux/sdk/tools
PATH: /home/mj10777/gnu_source/adt-bundle-linux/android-ndk-r8e


## ----------- ##
## Core tests. ##
## ----------- ##

configure:2460: checking for a BSD-compatible install
configure:2528: result: /usr/bin/install -c
configure:2539: checking whether build environment is sane
configure:2589: result: yes
configure:2638: checking for arm-linux-eabi-strip
configure:2668: result: no
configure:2678: checking for strip
configure:2694: found /usr/bin/strip
configure:2705: result: strip
configure:2717: WARNING: using cross tools not prefixed with host triplet
configure:2730: checking for a thread-safe mkdir -p
configure:2769: result: /bin/mkdir -p
configure:2782: checking for gawk
configure:2798: found /usr/bin/gawk
configure:2809: result: gawk
configure:2820: checking whether make sets $(MAKE)
configure:2842: result: yes
configure:2923: checking whether to enable maintainer-specific portions of Makefiles
configure:2932: result: no
configure:2989: checking for style of include used by make
configure:3017: result: GNU
configure:3048: checking for arm-linux-eabi-gcc
configure:3078: result: no
configure:3088: checking for gcc
configure:3104: found /usr/bin/gcc
configure:3115: result: gcc
configure:3344: checking for C compiler version
configure:3353: gcc --version >&5
gcc (Ubuntu 4.8.1-2ubuntu1~12.04) 4.8.1
Copyright (C) 2013 Free Software Foundation, Inc.
This is free software; see the source for copying conditions.  There is NO
warranty; not even for MERCHANTABILITY or FITNESS FOR A PARTICULAR PURPOSE.

configure:3364: $? = 0
configure:3353: gcc -v >&5
Using built-in specs.
COLLECT_GCC=gcc
COLLECT_LTO_WRAPPER=/usr/lib/gcc/x86_64-linux-gnu/4.8/lto-wrapper
Target: x86_64-linux-gnu
Configured with: ../src/configure -v --with-pkgversion='Ubuntu 4.8.1-2ubuntu1~12.04' --with-bugurl=file:///usr/share/doc/gcc-4.8/README.Bugs --enable-languages=c,c++,java,go,d,fortran,objc,obj-c++ --prefix=/usr --program-suffix=-4.8 --enable-shared --enable-linker-build-id --libexecdir=/usr/lib --without-included-gettext --enable-threads=posix --with-gxx-include-dir=/usr/include/c++/4.8 --libdir=/usr/lib --enable-nls --with-sysroot=/ --enable-clocale=gnu --enable-libstdcxx-debug --enable-libstdcxx-time=yes --enable-gnu-unique-object --enable-plugin --with-system-zlib --disable-browser-plugin --enable-java-awt=gtk --enable-gtk-cairo --with-java-home=/usr/lib/jvm/java-1.5.0-gcj-4.8-amd64/jre --enable-java-home --with-jvm-root-dir=/usr/lib/jvm/java-1.5.0-gcj-4.8-amd64 --with-jvm-jar-dir=/usr/lib/jvm-exports/java-1.5.0-gcj-4.8-amd64 --with-arch-directory=amd64 --with-ecj-jar=/usr/share/java/eclipse-ecj.jar --enable-objc-gc --enable-multiarch --disable-werror --with-arch-32=i686 --with-abi=m64 --with-multilib-list=m32,m64 --with-tune=generic --enable-checking=release --build=x86_64-linux-gnu --host=x86_64-linux-gnu --target=x86_64-linux-gnu
Thread model: posix
gcc version 4.8.1 (Ubuntu 4.8.1-2ubuntu1~12.04) 
configure:3364: $? = 0
configure:3353: gcc -V >&5
gcc: error: unrecognized command line option '-V'
gcc: fatal error: no input files
compilation terminated.
configure:3364: $? = 4
configure:3353: gcc -qversion >&5
gcc: error: unrecognized command line option '-qversion'
gcc: fatal error: no input files
compilation terminated.
configure:3364: $? = 4
configure:3384: checking whether the C compiler works
configure:3406: gcc    conftest.c  >&5
configure:3410: $? = 0
configure:3458: result: yes
configure:3461: checking for C compiler default output file name
configure:3463: result: a.out
configure:3469: checking for suffix of executables
configure:3476: gcc -o conftest    conftest.c  >&5
configure:3480: $? = 0
configure:3502: result: 
configure:3524: checking whether we are cross compiling
configure:3562: result: yes
configure:3567: checking for suffix of object files
configure:3589: gcc -c   conftest.c >&5
configure:3593: $? = 0
configure:3614: result: o
configure:3618: checking whether we are using the GNU C compiler
configure:3637: gcc -c   conftest.c >&5
configure:3637: $? = 0
configure:3646: result: yes
configure:3655: checking whether gcc accepts -g
configure:3675: gcc -c -g  conftest.c >&5
configure:3675: $? = 0
configure:3716: result: yes
configure:3733: checking for gcc option to accept ISO C89
configure:3797: gcc  -c -g -O2  conftest.c >&5
configure:3797: $? = 0
configure:3810: result: none needed
configure:3832: checking dependency style of gcc
configure:3943: result: gcc3
configure:3964: checking how to run the C preprocessor
configure:3995: gcc -E  conftest.c
configure:3995: $? = 0
configure:4009: gcc -E  conftest.c
conftest.c:15:28: fatal error: ac_nonexistent.h: No such file or directory
 #include <ac_nonexistent.h>
                            ^
compilation terminated.
configure:4009: $? = 1
configure: failed program was:
| /* confdefs.h */
| #define PACKAGE_NAME "libspatialite"
| #define PACKAGE_TARNAME "libspatialite"
| #define PACKAGE_VERSION "4.0.0"
| #define PACKAGE_STRING "libspatialite 4.0.0"
| #define PACKAGE_BUGREPORT "a.furieri@lqt.it"
| #define PACKAGE_URL ""
| #define PACKAGE "libspatialite"
| #define VERSION "4.0.0"
| #define _LARGE_FILE 1
| #define _FILE_OFFSET_BITS 64
| #define _LARGEFILE_SOURCE 1
| #define NDEBUG 1
| /* end confdefs.h.  */
| #include <ac_nonexistent.h>
configure:4034: result: gcc -E
configure:4054: gcc -E  conftest.c
configure:4054: $? = 0
configure:4068: gcc -E  conftest.c
conftest.c:15:28: fatal error: ac_nonexistent.h: No such file or directory
 #include <ac_nonexistent.h>
                            ^
compilation terminated.
configure:4068: $? = 1
configure: failed program was:
| /* confdefs.h */
| #define PACKAGE_NAME "libspatialite"
| #define PACKAGE_TARNAME "libspatialite"
| #define PACKAGE_VERSION "4.0.0"
| #define PACKAGE_STRING "libspatialite 4.0.0"
| #define PACKAGE_BUGREPORT "a.furieri@lqt.it"
| #define PACKAGE_URL ""
| #define PACKAGE "libspatialite"
| #define VERSION "4.0.0"
| #define _LARGE_FILE 1
| #define _FILE_OFFSET_BITS 64
| #define _LARGEFILE_SOURCE 1
| #define NDEBUG 1
| /* end confdefs.h.  */
| #include <ac_nonexistent.h>
configure:4097: checking for grep that handles long lines and -e
configure:4155: result: /bin/grep
configure:4160: checking for egrep
configure:4222: result: /bin/grep -E
configure:4227: checking for ANSI C header files
configure:4247: gcc -c -g -O2  conftest.c >&5
configure:4247: $? = 0
configure:4331: result: yes
configure:4344: checking for sys/types.h
configure:4344: gcc -c -g -O2  conftest.c >&5
configure:4344: $? = 0
configure:4344: result: yes
configure:4344: checking for sys/stat.h
configure:4344: gcc -c -g -O2  conftest.c >&5
configure:4344: $? = 0
configure:4344: result: yes
configure:4344: checking for stdlib.h
configure:4344: gcc -c -g -O2  conftest.c >&5
configure:4344: $? = 0
configure:4344: result: yes
configure:4344: checking for string.h
configure:4344: gcc -c -g -O2  conftest.c >&5
configure:4344: $? = 0
configure:4344: result: yes
configure:4344: checking for memory.h
configure:4344: gcc -c -g -O2  conftest.c >&5
configure:4344: $? = 0
configure:4344: result: yes
configure:4344: checking for strings.h
configure:4344: gcc -c -g -O2  conftest.c >&5
configure:4344: $? = 0
configure:4344: result: yes
configure:4344: checking for inttypes.h
configure:4344: gcc -c -g -O2  conftest.c >&5
configure:4344: $? = 0
configure:4344: result: yes
configure:4344: checking for stdint.h
configure:4344: gcc -c -g -O2  conftest.c >&5
configure:4344: $? = 0
configure:4344: result: yes
configure:4344: checking for unistd.h
configure:4344: gcc -c -g -O2  conftest.c >&5
configure:4344: $? = 0
configure:4344: result: yes
configure:4358: checking for stdlib.h
configure:4358: result: yes
configure:4372: checking stdio.h usability
configure:4372: gcc -c -g -O2  conftest.c >&5
configure:4372: $? = 0
configure:4372: result: yes
configure:4372: checking stdio.h presence
configure:4372: gcc -E  conftest.c
configure:4372: $? = 0
configure:4372: result: yes
configure:4372: checking for stdio.h
configure:4372: result: yes
configure:4386: checking for string.h
configure:4386: result: yes
configure:4400: checking for memory.h
configure:4400: result: yes
configure:4414: checking math.h usability
configure:4414: gcc -c -g -O2  conftest.c >&5
configure:4414: $? = 0
configure:4414: result: yes
configure:4414: checking math.h presence
configure:4414: gcc -E  conftest.c
configure:4414: $? = 0
configure:4414: result: yes
configure:4414: checking for math.h
configure:4414: result: yes
configure:4428: checking float.h usability
configure:4428: gcc -c -g -O2  conftest.c >&5
configure:4428: $? = 0
configure:4428: result: yes
configure:4428: checking float.h presence
configure:4428: gcc -E  conftest.c
configure:4428: $? = 0
configure:4428: result: yes
configure:4428: checking for float.h
configure:4428: result: yes
configure:4442: checking fcntl.h usability
configure:4442: gcc -c -g -O2  conftest.c >&5
configure:4442: $? = 0
configure:4442: result: yes
configure:4442: checking fcntl.h presence
configure:4442: gcc -E  conftest.c
configure:4442: $? = 0
configure:4442: result: yes
configure:4442: checking for fcntl.h
configure:4442: result: yes
configure:4456: checking for inttypes.h
configure:4456: result: yes
configure:4470: checking stddef.h usability
configure:4470: gcc -c -g -O2  conftest.c >&5
configure:4470: $? = 0
configure:4470: result: yes
configure:4470: checking stddef.h presence
configure:4470: gcc -E  conftest.c
configure:4470: $? = 0
configure:4470: result: yes
configure:4470: checking for stddef.h
configure:4470: result: yes
configure:4484: checking for stdint.h
configure:4484: result: yes
configure:4498: checking sys/time.h usability
configure:4498: gcc -c -g -O2  conftest.c >&5
configure:4498: $? = 0
configure:4498: result: yes
configure:4498: checking sys/time.h presence
configure:4498: gcc -E  conftest.c
configure:4498: $? = 0
configure:4498: result: yes
configure:4498: checking for sys/time.h
configure:4498: result: yes
configure:4512: checking for unistd.h
configure:4512: result: yes
configure:4526: checking sqlite3.h usability
configure:4526: gcc -c -g -O2  conftest.c >&5
configure:4526: $? = 0
configure:4526: result: yes
configure:4526: checking sqlite3.h presence
configure:4526: gcc -E  conftest.c
configure:4526: $? = 0
configure:4526: result: yes
configure:4526: checking for sqlite3.h
configure:4526: result: yes
configure:4540: checking sqlite3ext.h usability
configure:4540: gcc -c -g -O2  conftest.c >&5
configure:4540: $? = 0
configure:4540: result: yes
configure:4540: checking sqlite3ext.h presence
configure:4540: gcc -E  conftest.c
configure:4540: $? = 0
configure:4540: result: yes
configure:4540: checking for sqlite3ext.h
configure:4540: result: yes
configure:4569: checking for arm-linux-eabi-g++
configure:4599: result: no
configure:4569: checking for arm-linux-eabi-c++
configure:4599: result: no
configure:4569: checking for arm-linux-eabi-gpp
configure:4599: result: no
configure:4569: checking for arm-linux-eabi-aCC
configure:4599: result: no
configure:4569: checking for arm-linux-eabi-CC
configure:4599: result: no
configure:4569: checking for arm-linux-eabi-cxx
configure:4599: result: no
configure:4569: checking for arm-linux-eabi-cc++
configure:4599: result: no
configure:4569: checking for arm-linux-eabi-cl.exe
configure:4599: result: no
configure:4569: checking for arm-linux-eabi-FCC
configure:4599: result: no
configure:4569: checking for arm-linux-eabi-KCC
configure:4599: result: no
configure:4569: checking for arm-linux-eabi-RCC
configure:4599: result: no
configure:4569: checking for arm-linux-eabi-xlC_r
configure:4599: result: no
configure:4569: checking for arm-linux-eabi-xlC
configure:4599: result: no
configure:4613: checking for g++
configure:4629: found /usr/bin/g++
configure:4640: result: g++
configure:4667: checking for C++ compiler version
configure:4676: g++ --version >&5
g++ (Ubuntu 4.8.1-2ubuntu1~12.04) 4.8.1
Copyright (C) 2013 Free Software Foundation, Inc.
This is free software; see the source for copying conditions.  There is NO
warranty; not even for MERCHANTABILITY or FITNESS FOR A PARTICULAR PURPOSE.

configure:4687: $? = 0
configure:4676: g++ -v >&5
Using built-in specs.
COLLECT_GCC=g++
COLLECT_LTO_WRAPPER=/usr/lib/gcc/x86_64-linux-gnu/4.8/lto-wrapper
Target: x86_64-linux-gnu
Configured with: ../src/configure -v --with-pkgversion='Ubuntu 4.8.1-2ubuntu1~12.04' --with-bugurl=file:///usr/share/doc/gcc-4.8/README.Bugs --enable-languages=c,c++,java,go,d,fortran,objc,obj-c++ --prefix=/usr --program-suffix=-4.8 --enable-shared --enable-linker-build-id --libexecdir=/usr/lib --without-included-gettext --enable-threads=posix --with-gxx-include-dir=/usr/include/c++/4.8 --libdir=/usr/lib --enable-nls --with-sysroot=/ --enable-clocale=gnu --enable-libstdcxx-debug --enable-libstdcxx-time=yes --enable-gnu-unique-object --enable-plugin --with-system-zlib --disable-browser-plugin --enable-java-awt=gtk --enable-gtk-cairo --with-java-home=/usr/lib/jvm/java-1.5.0-gcj-4.8-amd64/jre --enable-java-home --with-jvm-root-dir=/usr/lib/jvm/java-1.5.0-gcj-4.8-amd64 --with-jvm-jar-dir=/usr/lib/jvm-exports/java-1.5.0-gcj-4.8-amd64 --with-arch-directory=amd64 --with-ecj-jar=/usr/share/java/eclipse-ecj.jar --enable-objc-gc --enable-multiarch --disable-werror --with-arch-32=i686 --with-abi=m64 --with-multilib-list=m32,m64 --with-tune=generic --enable-checking=release --build=x86_64-linux-gnu --host=x86_64-linux-gnu --target=x86_64-linux-gnu
Thread model: posix
gcc version 4.8.1 (Ubuntu 4.8.1-2ubuntu1~12.04) 
configure:4687: $? = 0
configure:4676: g++ -V >&5
g++: error: unrecognized command line option '-V'
g++: fatal error: no input files
compilation terminated.
configure:4687: $? = 4
configure:4676: g++ -qversion >&5
g++: error: unrecognized command line option '-qversion'
g++: fatal error: no input files
compilation terminated.
configure:4687: $? = 4
configure:4691: checking whether we are using the GNU C++ compiler
configure:4710: g++ -c   conftest.cpp >&5
configure:4710: $? = 0
configure:4719: result: yes
configure:4728: checking whether g++ accepts -g
configure:4748: g++ -c -g  conftest.cpp >&5
configure:4748: $? = 0
configure:4789: result: yes
configure:4814: checking dependency style of g++
configure:4925: result: gcc3
configure:4948: checking for arm-linux-eabi-gcc
configure:4975: result: gcc
configure:5244: checking for C compiler version
configure:5253: gcc --version >&5
gcc (Ubuntu 4.8.1-2ubuntu1~12.04) 4.8.1
Copyright (C) 2013 Free Software Foundation, Inc.
This is free software; see the source for copying conditions.  There is NO
warranty; not even for MERCHANTABILITY or FITNESS FOR A PARTICULAR PURPOSE.

configure:5264: $? = 0
configure:5253: gcc -v >&5
Using built-in specs.
COLLECT_GCC=gcc
COLLECT_LTO_WRAPPER=/usr/lib/gcc/x86_64-linux-gnu/4.8/lto-wrapper
Target: x86_64-linux-gnu
Configured with: ../src/configure -v --with-pkgversion='Ubuntu 4.8.1-2ubuntu1~12.04' --with-bugurl=file:///usr/share/doc/gcc-4.8/README.Bugs --enable-languages=c,c++,java,go,d,fortran,objc,obj-c++ --prefix=/usr --program-suffix=-4.8 --enable-shared --enable-linker-build-id --libexecdir=/usr/lib --without-included-gettext --enable-threads=posix --with-gxx-include-dir=/usr/include/c++/4.8 --libdir=/usr/lib --enable-nls --with-sysroot=/ --enable-clocale=gnu --enable-libstdcxx-debug --enable-libstdcxx-time=yes --enable-gnu-unique-object --enable-plugin --with-system-zlib --disable-browser-plugin --enable-java-awt=gtk --enable-gtk-cairo --with-java-home=/usr/lib/jvm/java-1.5.0-gcj-4.8-amd64/jre --enable-java-home --with-jvm-root-dir=/usr/lib/jvm/java-1.5.0-gcj-4.8-amd64 --with-jvm-jar-dir=/usr/lib/jvm-exports/java-1.5.0-gcj-4.8-amd64 --with-arch-directory=amd64 --with-ecj-jar=/usr/share/java/eclipse-ecj.jar --enable-objc-gc --enable-multiarch --disable-werror --with-arch-32=i686 --with-abi=m64 --with-multilib-list=m32,m64 --with-tune=generic --enable-checking=release --build=x86_64-linux-gnu --host=x86_64-linux-gnu --target=x86_64-linux-gnu
Thread model: posix
gcc version 4.8.1 (Ubuntu 4.8.1-2ubuntu1~12.04) 
configure:5264: $? = 0
configure:5253: gcc -V >&5
gcc: error: unrecognized command line option '-V'
gcc: fatal error: no input files
compilation terminated.
configure:5264: $? = 4
configure:5253: gcc -qversion >&5
gcc: error: unrecognized command line option '-qversion'
gcc: fatal error: no input files
compilation terminated.
configure:5264: $? = 4
configure:5268: checking whether we are using the GNU C compiler
configure:5296: result: yes
configure:5305: checking whether gcc accepts -g
configure:5366: result: yes
configure:5383: checking for gcc option to accept ISO C89
configure:5460: result: none needed
configure:5482: checking dependency style of gcc
configure:5593: result: gcc3
configure:5613: checking how to run the C preprocessor
configure:5683: result: gcc -E
configure:5703: gcc -E  conftest.c
configure:5703: $? = 0
configure:5717: gcc -E  conftest.c
conftest.c:39:28: fatal error: ac_nonexistent.h: No such file or directory
 #include <ac_nonexistent.h>
                            ^
compilation terminated.
configure:5717: $? = 1
configure: failed program was:
| /* confdefs.h */
| #define PACKAGE_NAME "libspatialite"
| #define PACKAGE_TARNAME "libspatialite"
| #define PACKAGE_VERSION "4.0.0"
| #define PACKAGE_STRING "libspatialite 4.0.0"
| #define PACKAGE_BUGREPORT "a.furieri@lqt.it"
| #define PACKAGE_URL ""
| #define PACKAGE "libspatialite"
| #define VERSION "4.0.0"
| #define _LARGE_FILE 1
| #define _FILE_OFFSET_BITS 64
| #define _LARGEFILE_SOURCE 1
| #define NDEBUG 1
| #define STDC_HEADERS 1
| #define HAVE_SYS_TYPES_H 1
| #define HAVE_SYS_STAT_H 1
| #define HAVE_STDLIB_H 1
| #define HAVE_STRING_H 1
| #define HAVE_MEMORY_H 1
| #define HAVE_STRINGS_H 1
| #define HAVE_INTTYPES_H 1
| #define HAVE_STDINT_H 1
| #define HAVE_UNISTD_H 1
| #define HAVE_STDLIB_H 1
| #define HAVE_STDIO_H 1
| #define HAVE_STRING_H 1
| #define HAVE_MEMORY_H 1
| #define HAVE_MATH_H 1
| #define HAVE_FLOAT_H 1
| #define HAVE_FCNTL_H 1
| #define HAVE_INTTYPES_H 1
| #define HAVE_STDDEF_H 1
| #define HAVE_STDINT_H 1
| #define HAVE_SYS_TIME_H 1
| #define HAVE_UNISTD_H 1
| #define HAVE_SQLITE3_H 1
| #define HAVE_SQLITE3EXT_H 1
| /* end confdefs.h.  */
| #include <ac_nonexistent.h>
configure:5746: checking whether ln -s works
configure:5750: result: yes
configure:5757: checking whether make sets $(MAKE)
configure:5779: result: yes
configure:5792: checking build system type
configure:5806: result: x86_64-pc-linux-gnu
configure:5826: checking host system type
configure:5839: result: arm-linux-eabi
configure:6208: checking how to print strings
configure:6235: result: printf
configure:6256: checking for a sed that does not truncate output
configure:6320: result: /bin/sed
configure:6338: checking for fgrep
configure:6400: result: /bin/grep -F
configure:6435: checking for ld used by gcc
configure:6502: result: /usr/bin/ld
configure:6509: checking if the linker (/usr/bin/ld) is GNU ld
configure:6524: result: yes
configure:6536: checking for BSD- or MS-compatible name lister (nm)
configure:6585: result: no
configure:6599: checking for arm-linux-eabi-dumpbin
configure:6629: result: no
configure:6599: checking for arm-linux-eabi-link
configure:6629: result: no
configure:6643: checking for dumpbin
configure:6673: result: no
configure:6643: checking for link
configure:6659: found /usr/bin/link
configure:6670: result: link -dump
configure:6715: checking the name lister (nm) interface
configure:6722: gcc -c -g -O2  conftest.c >&5
configure:6725: nm "conftest.o"
configure:6728: output
0000000000000000 B some_variable
configure:6735: result: BSD nm
configure:6739: checking the maximum length of command line arguments
configure:6864: result: 1572864
configure:6881: checking whether the shell understands some XSI constructs
configure:6891: result: yes
configure:6895: checking whether the shell understands "+="
configure:6901: result: yes
configure:6936: checking how to convert x86_64-pc-linux-gnu file names to arm-linux-eabi format
configure:6976: result: func_convert_file_noop
configure:6983: checking how to convert x86_64-pc-linux-gnu file names to toolchain format
configure:7003: result: func_convert_file_noop
configure:7010: checking for /usr/bin/ld option to reload object files
configure:7017: result: -r
configure:7051: checking for arm-linux-eabi-objdump
configure:7078: result: objdump
configure:7147: checking how to recognize dependent libraries
configure:7349: result: unknown
configure:7394: checking for arm-linux-eabi-dlltool
configure:7421: result: dlltool
configure:7491: checking how to associate runtime and link libraries
configure:7518: result: printf %s\n
configure:7534: checking for arm-linux-eabi-ar
configure:7564: result: no
configure:7578: checking for ar
configure:7594: found /usr/bin/ar
configure:7605: result: ar
configure:7642: checking for archiver @FILE support
configure:7659: gcc -c -g -O2  conftest.c >&5
configure:7659: $? = 0
configure:7662: ar cru libconftest.a @conftest.lst >&5
configure:7665: $? = 0
configure:7670: ar cru libconftest.a @conftest.lst >&5
ar: conftest.o: No such file or directory
configure:7673: $? = 1
configure:7685: result: @
configure:7703: checking for arm-linux-eabi-strip
configure:7730: result: strip
configure:7802: checking for arm-linux-eabi-ranlib
configure:7832: result: no
configure:7842: checking for ranlib
configure:7858: found /usr/bin/ranlib
configure:7869: result: ranlib
configure:7971: checking command to parse nm output from gcc object
configure:8090: gcc -c -g -O2  conftest.c >&5
configure:8093: $? = 0
configure:8097: nm conftest.o \| sed -n -e 's/^.*[ ]\([ABCDGIRSTW][ABCDGIRSTW]*\)[ ][ ]*\([_A-Za-z][_A-Za-z0-9]*\)$/\1 \2 \2/p' | sed '/ __gnu_lto/d' \> conftest.nm
configure:8100: $? = 0
configure:8166: gcc -o conftest -g -O2   conftest.c conftstm.o >&5
configure:8169: $? = 0
configure:8207: result: ok
configure:8244: checking for sysroot
configure:8274: result: no
configure:8477: checking for arm-linux-eabi-mt
configure:8507: result: no
configure:8517: checking for mt
configure:8533: found /bin/mt
configure:8544: result: mt
configure:8567: checking if mt is a manifest tool
configure:8573: mt '-?'
configure:8581: result: no
configure:9210: checking for dlfcn.h
configure:9210: gcc -c -g -O2  conftest.c >&5
configure:9210: $? = 0
configure:9210: result: yes
configure:9406: checking for objdir
configure:9421: result: .libs
configure:9692: checking if gcc supports -fno-rtti -fno-exceptions
configure:9710: gcc -c -g -O2  -fno-rtti -fno-exceptions conftest.c >&5
cc1: warning: command line option '-fno-rtti' is valid for C++/ObjC++ but not for C [enabled by default]
configure:9714: $? = 0
configure:9727: result: no
configure:10037: checking for gcc option to produce PIC
configure:10044: result: -fPIC -DPIC
configure:10052: checking if gcc PIC flag -fPIC -DPIC works
configure:10070: gcc -c -g -O2  -fPIC -DPIC -DPIC conftest.c >&5
configure:10074: $? = 0
configure:10087: result: yes
configure:10116: checking if gcc static flag -static works
configure:10144: result: yes
configure:10159: checking if gcc supports -c -o file.o
configure:10180: gcc -c -g -O2  -o out/conftest2.o conftest.c >&5
configure:10184: $? = 0
configure:10206: result: yes
configure:10214: checking if gcc supports -c -o file.o
configure:10261: result: yes
configure:10294: checking whether the gcc linker (/usr/bin/ld) supports shared libraries
configure:11452: result: yes
configure:11489: checking whether -lc should be explicitly linked in
configure:11497: gcc -c -g -O2  conftest.c >&5
configure:11500: $? = 0
configure:11515: gcc -shared  -fPIC -DPIC conftest.o  -v -Wl,-soname -Wl,conftest -o conftest 2\>\&1 \| /bin/grep  -lc  \>/dev/null 2\>\&1
configure:11518: $? = 0
configure:11532: result: no
configure:11697: checking dynamic linker characteristics
configure:12437: result: no
configure:12544: checking how to hardcode library paths into programs
configure:12569: result: immediate
configure:13109: checking whether stripping libraries is possible
configure:13114: result: yes
configure:13149: checking if libtool supports shared libraries
configure:13151: result: no
configure:13154: checking whether to build shared libraries
configure:13175: result: no
configure:13178: checking whether to build static libraries
configure:13182: result: yes
configure:13205: checking how to run the C++ preprocessor
configure:13232: g++ -E  conftest.cpp
configure:13232: $? = 0
configure:13246: g++ -E  conftest.cpp
conftest.cpp:41:28: fatal error: ac_nonexistent.h: No such file or directory
 #include <ac_nonexistent.h>
                            ^
compilation terminated.
configure:13246: $? = 1
configure: failed program was:
| /* confdefs.h */
| #define PACKAGE_NAME "libspatialite"
| #define PACKAGE_TARNAME "libspatialite"
| #define PACKAGE_VERSION "4.0.0"
| #define PACKAGE_STRING "libspatialite 4.0.0"
| #define PACKAGE_BUGREPORT "a.furieri@lqt.it"
| #define PACKAGE_URL ""
| #define PACKAGE "libspatialite"
| #define VERSION "4.0.0"
| #define _LARGE_FILE 1
| #define _FILE_OFFSET_BITS 64
| #define _LARGEFILE_SOURCE 1
| #define NDEBUG 1
| #define STDC_HEADERS 1
| #define HAVE_SYS_TYPES_H 1
| #define HAVE_SYS_STAT_H 1
| #define HAVE_STDLIB_H 1
| #define HAVE_STRING_H 1
| #define HAVE_MEMORY_H 1
| #define HAVE_STRINGS_H 1
| #define HAVE_INTTYPES_H 1
| #define HAVE_STDINT_H 1
| #define HAVE_UNISTD_H 1
| #define HAVE_STDLIB_H 1
| #define HAVE_STDIO_H 1
| #define HAVE_STRING_H 1
| #define HAVE_MEMORY_H 1
| #define HAVE_MATH_H 1
| #define HAVE_FLOAT_H 1
| #define HAVE_FCNTL_H 1
| #define HAVE_INTTYPES_H 1
| #define HAVE_STDDEF_H 1
| #define HAVE_STDINT_H 1
| #define HAVE_SYS_TIME_H 1
| #define HAVE_UNISTD_H 1
| #define HAVE_SQLITE3_H 1
| #define HAVE_SQLITE3EXT_H 1
| #define HAVE_DLFCN_H 1
| #define LT_OBJDIR ".libs/"
| /* end confdefs.h.  */
| #include <ac_nonexistent.h>
configure:13271: result: g++ -E
configure:13291: g++ -E  conftest.cpp
configure:13291: $? = 0
configure:13305: g++ -E  conftest.cpp
conftest.cpp:41:28: fatal error: ac_nonexistent.h: No such file or directory
 #include <ac_nonexistent.h>
                            ^
compilation terminated.
configure:13305: $? = 1
configure: failed program was:
| /* confdefs.h */
| #define PACKAGE_NAME "libspatialite"
| #define PACKAGE_TARNAME "libspatialite"
| #define PACKAGE_VERSION "4.0.0"
| #define PACKAGE_STRING "libspatialite 4.0.0"
| #define PACKAGE_BUGREPORT "a.furieri@lqt.it"
| #define PACKAGE_URL ""
| #define PACKAGE "libspatialite"
| #define VERSION "4.0.0"
| #define _LARGE_FILE 1
| #define _FILE_OFFSET_BITS 64
| #define _LARGEFILE_SOURCE 1
| #define NDEBUG 1
| #define STDC_HEADERS 1
| #define HAVE_SYS_TYPES_H 1
| #define HAVE_SYS_STAT_H 1
| #define HAVE_STDLIB_H 1
| #define HAVE_STRING_H 1
| #define HAVE_MEMORY_H 1
| #define HAVE_STRINGS_H 1
| #define HAVE_INTTYPES_H 1
| #define HAVE_STDINT_H 1
| #define HAVE_UNISTD_H 1
| #define HAVE_STDLIB_H 1
| #define HAVE_STDIO_H 1
| #define HAVE_STRING_H 1
| #define HAVE_MEMORY_H 1
| #define HAVE_MATH_H 1
| #define HAVE_FLOAT_H 1
| #define HAVE_FCNTL_H 1
| #define HAVE_INTTYPES_H 1
| #define HAVE_STDDEF_H 1
| #define HAVE_STDINT_H 1
| #define HAVE_SYS_TIME_H 1
| #define HAVE_UNISTD_H 1
| #define HAVE_SQLITE3_H 1
| #define HAVE_SQLITE3EXT_H 1
| #define HAVE_DLFCN_H 1
| #define LT_OBJDIR ".libs/"
| /* end confdefs.h.  */
| #include <ac_nonexistent.h>
configure:13475: checking for ld used by g++
configure:13542: result: /usr/bin/ld
configure:13549: checking if the linker (/usr/bin/ld) is GNU ld
configure:13564: result: yes
configure:13619: checking whether the g++ linker (/usr/bin/ld) supports shared libraries
configure:14623: result: no
configure:14658: g++ -c -g -O2  conftest.cpp >&5
configure:14661: $? = 0
configure:15181: checking for g++ option to produce PIC
configure:15188: result: -fPIC -DPIC
configure:15196: checking if g++ PIC flag -fPIC -DPIC works
configure:15214: g++ -c -g -O2  -fPIC -DPIC -DPIC conftest.cpp >&5
configure:15218: $? = 0
configure:15231: result: yes
configure:15254: checking if g++ static flag -static works
configure:15282: result: yes
configure:15294: checking if g++ supports -c -o file.o
configure:15315: g++ -c -g -O2  -o out/conftest2.o conftest.cpp >&5
configure:15319: $? = 0
configure:15341: result: yes
configure:15346: checking if g++ supports -c -o file.o
configure:15393: result: yes
configure:15423: checking whether the g++ linker (/usr/bin/ld) supports shared libraries
configure:15457: result: no
configure:15600: checking dynamic linker characteristics
configure:16274: result: no
configure:16327: checking how to hardcode library paths into programs
configure:16352: result: immediate
configure:16413: checking for an ANSI C-conforming const
configure:16478: gcc -c -g -O2  conftest.c >&5
configure:16478: $? = 0
configure:16485: result: yes
configure:16493: checking for off_t
configure:16493: gcc -c -g -O2  conftest.c >&5
configure:16493: $? = 0
configure:16493: gcc -c -g -O2  conftest.c >&5
conftest.c: In function 'main':
conftest.c:77:20: error: expected expression before ')' token
 if (sizeof ((off_t)))
                    ^
configure:16493: $? = 1
configure: failed program was:
| /* confdefs.h */
| #define PACKAGE_NAME "libspatialite"
| #define PACKAGE_TARNAME "libspatialite"
| #define PACKAGE_VERSION "4.0.0"
| #define PACKAGE_STRING "libspatialite 4.0.0"
| #define PACKAGE_BUGREPORT "a.furieri@lqt.it"
| #define PACKAGE_URL ""
| #define PACKAGE "libspatialite"
| #define VERSION "4.0.0"
| #define _LARGE_FILE 1
| #define _FILE_OFFSET_BITS 64
| #define _LARGEFILE_SOURCE 1
| #define NDEBUG 1
| #define STDC_HEADERS 1
| #define HAVE_SYS_TYPES_H 1
| #define HAVE_SYS_STAT_H 1
| #define HAVE_STDLIB_H 1
| #define HAVE_STRING_H 1
| #define HAVE_MEMORY_H 1
| #define HAVE_STRINGS_H 1
| #define HAVE_INTTYPES_H 1
| #define HAVE_STDINT_H 1
| #define HAVE_UNISTD_H 1
| #define HAVE_STDLIB_H 1
| #define HAVE_STDIO_H 1
| #define HAVE_STRING_H 1
| #define HAVE_MEMORY_H 1
| #define HAVE_MATH_H 1
| #define HAVE_FLOAT_H 1
| #define HAVE_FCNTL_H 1
| #define HAVE_INTTYPES_H 1
| #define HAVE_STDDEF_H 1
| #define HAVE_STDINT_H 1
| #define HAVE_SYS_TIME_H 1
| #define HAVE_UNISTD_H 1
| #define HAVE_SQLITE3_H 1
| #define HAVE_SQLITE3EXT_H 1
| #define HAVE_DLFCN_H 1
| #define LT_OBJDIR ".libs/"
| /* end confdefs.h.  */
| #include <stdio.h>
| #ifdef HAVE_SYS_TYPES_H
| # include <sys/types.h>
| #endif
| #ifdef HAVE_SYS_STAT_H
| # include <sys/stat.h>
| #endif
| #ifdef STDC_HEADERS
| # include <stdlib.h>
| # include <stddef.h>
| #else
| # ifdef HAVE_STDLIB_H
| #  include <stdlib.h>
| # endif
| #endif
| #ifdef HAVE_STRING_H
| # if !defined STDC_HEADERS && defined HAVE_MEMORY_H
| #  include <memory.h>
| # endif
| # include <string.h>
| #endif
| #ifdef HAVE_STRINGS_H
| # include <strings.h>
| #endif
| #ifdef HAVE_INTTYPES_H
| # include <inttypes.h>
| #endif
| #ifdef HAVE_STDINT_H
| # include <stdint.h>
| #endif
| #ifdef HAVE_UNISTD_H
| # include <unistd.h>
| #endif
| int
| main ()
| {
| if (sizeof ((off_t)))
| 	    return 0;
|   ;
|   return 0;
| }
configure:16493: result: yes
configure:16504: checking for size_t
configure:16504: gcc -c -g -O2  conftest.c >&5
configure:16504: $? = 0
configure:16504: gcc -c -g -O2  conftest.c >&5
conftest.c: In function 'main':
conftest.c:77:21: error: expected expression before ')' token
 if (sizeof ((size_t)))
                     ^
configure:16504: $? = 1
configure: failed program was:
| /* confdefs.h */
| #define PACKAGE_NAME "libspatialite"
| #define PACKAGE_TARNAME "libspatialite"
| #define PACKAGE_VERSION "4.0.0"
| #define PACKAGE_STRING "libspatialite 4.0.0"
| #define PACKAGE_BUGREPORT "a.furieri@lqt.it"
| #define PACKAGE_URL ""
| #define PACKAGE "libspatialite"
| #define VERSION "4.0.0"
| #define _LARGE_FILE 1
| #define _FILE_OFFSET_BITS 64
| #define _LARGEFILE_SOURCE 1
| #define NDEBUG 1
| #define STDC_HEADERS 1
| #define HAVE_SYS_TYPES_H 1
| #define HAVE_SYS_STAT_H 1
| #define HAVE_STDLIB_H 1
| #define HAVE_STRING_H 1
| #define HAVE_MEMORY_H 1
| #define HAVE_STRINGS_H 1
| #define HAVE_INTTYPES_H 1
| #define HAVE_STDINT_H 1
| #define HAVE_UNISTD_H 1
| #define HAVE_STDLIB_H 1
| #define HAVE_STDIO_H 1
| #define HAVE_STRING_H 1
| #define HAVE_MEMORY_H 1
| #define HAVE_MATH_H 1
| #define HAVE_FLOAT_H 1
| #define HAVE_FCNTL_H 1
| #define HAVE_INTTYPES_H 1
| #define HAVE_STDDEF_H 1
| #define HAVE_STDINT_H 1
| #define HAVE_SYS_TIME_H 1
| #define HAVE_UNISTD_H 1
| #define HAVE_SQLITE3_H 1
| #define HAVE_SQLITE3EXT_H 1
| #define HAVE_DLFCN_H 1
| #define LT_OBJDIR ".libs/"
| /* end confdefs.h.  */
| #include <stdio.h>
| #ifdef HAVE_SYS_TYPES_H
| # include <sys/types.h>
| #endif
| #ifdef HAVE_SYS_STAT_H
| # include <sys/stat.h>
| #endif
| #ifdef STDC_HEADERS
| # include <stdlib.h>
| # include <stddef.h>
| #else
| # ifdef HAVE_STDLIB_H
| #  include <stdlib.h>
| # endif
| #endif
| #ifdef HAVE_STRING_H
| # if !defined STDC_HEADERS && defined HAVE_MEMORY_H
| #  include <memory.h>
| # endif
| # include <string.h>
| #endif
| #ifdef HAVE_STRINGS_H
| # include <strings.h>
| #endif
| #ifdef HAVE_INTTYPES_H
| # include <inttypes.h>
| #endif
| #ifdef HAVE_STDINT_H
| # include <stdint.h>
| #endif
| #ifdef HAVE_UNISTD_H
| # include <unistd.h>
| #endif
| int
| main ()
| {
| if (sizeof ((size_t)))
| 	    return 0;
|   ;
|   return 0;
| }
configure:16504: result: yes
configure:16515: checking whether time.h and sys/time.h may both be included
configure:16535: gcc -c -g -O2  conftest.c >&5
configure:16535: $? = 0
configure:16542: result: yes
configure:16550: checking whether struct tm is in sys/time.h or time.h
configure:16570: gcc -c -g -O2  conftest.c >&5
configure:16570: $? = 0
configure:16577: result: time.h
configure:16585: checking for working volatile
configure:16604: gcc -c -g -O2  conftest.c >&5
configure:16604: $? = 0
configure:16611: result: yes
configure:16621: checking whether lstat correctly handles trailing slash
configure:16664: result: no
configure:16683: checking whether lstat accepts an empty string
configure:16713: result: yes
configure:16729: checking whether lstat correctly handles trailing slash
configure:16772: result: no
configure:16791: checking for working memcmp
configure:16844: result: no
configure:16853: checking whether stat accepts an empty string
configure:16883: result: yes
configure:16901: checking for strftime
configure:16901: gcc -o conftest -g -O2   conftest.c  >&5
conftest.c:67:6: warning: conflicting types for built-in function 'strftime' [enabled by default]
 char strftime ();
      ^
configure:16901: $? = 0
configure:16901: result: yes
configure:16957: checking for memset
configure:16957: gcc -o conftest -g -O2   conftest.c  >&5
conftest.c:68:6: warning: conflicting types for built-in function 'memset' [enabled by default]
 char memset ();
      ^
configure:16957: $? = 0
configure:16957: result: yes
configure:16957: checking for sqrt
configure:16957: gcc -o conftest -g -O2   conftest.c  >&5
conftest.c:69:6: warning: conflicting types for built-in function 'sqrt' [enabled by default]
 char sqrt ();
      ^
/tmp/ccFFq5KO.o: In function `main':
/home/mj10777/000_links/geopaparazzi/spatialite-android/4.0.0.0.brad/bradh-spatialiteandroid/spatialite-android-library/jni/libspatialite-4.0.0/conftest.c:80: undefined reference to `sqrt'
collect2: error: ld returned 1 exit status
configure:16957: $? = 1
configure: failed program was:
| /* confdefs.h */
| #define PACKAGE_NAME "libspatialite"
| #define PACKAGE_TARNAME "libspatialite"
| #define PACKAGE_VERSION "4.0.0"
| #define PACKAGE_STRING "libspatialite 4.0.0"
| #define PACKAGE_BUGREPORT "a.furieri@lqt.it"
| #define PACKAGE_URL ""
| #define PACKAGE "libspatialite"
| #define VERSION "4.0.0"
| #define _LARGE_FILE 1
| #define _FILE_OFFSET_BITS 64
| #define _LARGEFILE_SOURCE 1
| #define NDEBUG 1
| #define STDC_HEADERS 1
| #define HAVE_SYS_TYPES_H 1
| #define HAVE_SYS_STAT_H 1
| #define HAVE_STDLIB_H 1
| #define HAVE_STRING_H 1
| #define HAVE_MEMORY_H 1
| #define HAVE_STRINGS_H 1
| #define HAVE_INTTYPES_H 1
| #define HAVE_STDINT_H 1
| #define HAVE_UNISTD_H 1
| #define HAVE_STDLIB_H 1
| #define HAVE_STDIO_H 1
| #define HAVE_STRING_H 1
| #define HAVE_MEMORY_H 1
| #define HAVE_MATH_H 1
| #define HAVE_FLOAT_H 1
| #define HAVE_FCNTL_H 1
| #define HAVE_INTTYPES_H 1
| #define HAVE_STDDEF_H 1
| #define HAVE_STDINT_H 1
| #define HAVE_SYS_TIME_H 1
| #define HAVE_UNISTD_H 1
| #define HAVE_SQLITE3_H 1
| #define HAVE_SQLITE3EXT_H 1
| #define HAVE_DLFCN_H 1
| #define LT_OBJDIR ".libs/"
| #define TIME_WITH_SYS_TIME 1
| #define HAVE_LSTAT_EMPTY_STRING_BUG 1
| #define HAVE_STAT_EMPTY_STRING_BUG 1
| #define HAVE_STRFTIME 1
| #define HAVE_MEMSET 1
| /* end confdefs.h.  */
| /* Define sqrt to an innocuous variant, in case <limits.h> declares sqrt.
|    For example, HP-UX 11i <limits.h> declares gettimeofday.  */
| #define sqrt innocuous_sqrt
| 
| /* System header to define __stub macros and hopefully few prototypes,
|     which can conflict with char sqrt (); below.
|     Prefer <limits.h> to <assert.h> if __STDC__ is defined, since
|     <limits.h> exists even on freestanding compilers.  */
| 
| #ifdef __STDC__
| # include <limits.h>
| #else
| # include <assert.h>
| #endif
| 
| #undef sqrt
| 
| /* Override any GCC internal prototype to avoid an error.
|    Use char because int might match the return type of a GCC
|    builtin and then its argument prototype would still apply.  */
| #ifdef __cplusplus
| extern "C"
| #endif
| char sqrt ();
| /* The GNU C library defines this for functions which it implements
|     to always fail with ENOSYS.  Some functions are actually named
|     something starting with __ and the normal name is an alias.  */
| #if defined __stub_sqrt || defined __stub___sqrt
| choke me
| #endif
| 
| int
| main ()
| {
| return sqrt ();
|   ;
|   return 0;
| }
configure:16957: result: no
configure:16957: checking for strcasecmp
configure:16957: gcc -o conftest -g -O2   conftest.c  >&5
conftest.c:69:6: warning: conflicting types for built-in function 'strcasecmp' [enabled by default]
 char strcasecmp ();
      ^
configure:16957: $? = 0
configure:16957: result: yes
configure:16957: checking for strerror
configure:16957: gcc -o conftest -g -O2   conftest.c  >&5
configure:16957: $? = 0
configure:16957: result: yes
configure:16957: checking for strncasecmp
configure:16957: gcc -o conftest -g -O2   conftest.c  >&5
conftest.c:71:6: warning: conflicting types for built-in function 'strncasecmp' [enabled by default]
 char strncasecmp ();
      ^
configure:16957: $? = 0
configure:16957: result: yes
configure:16957: checking for strstr
configure:16957: gcc -o conftest -g -O2   conftest.c  >&5
conftest.c:72:6: warning: conflicting types for built-in function 'strstr' [enabled by default]
 char strstr ();
      ^
configure:16957: $? = 0
configure:16957: result: yes
configure:16957: checking for fdatasync
configure:16957: gcc -o conftest -g -O2   conftest.c  >&5
configure:16957: $? = 0
configure:16957: result: yes
configure:16957: checking for ftruncate
configure:16957: gcc -o conftest -g -O2   conftest.c  >&5
configure:16957: $? = 0
configure:16957: result: yes
configure:16957: checking for getcwd
configure:16957: gcc -o conftest -g -O2   conftest.c  >&5
configure:16957: $? = 0
configure:16957: result: yes
configure:16957: checking for gettimeofday
configure:16957: gcc -o conftest -g -O2   conftest.c  >&5
configure:16957: $? = 0
configure:16957: result: yes
configure:16957: checking for localtime_r
configure:16957: gcc -o conftest -g -O2   conftest.c  >&5
configure:16957: $? = 0
configure:16957: result: yes
configure:16957: checking for memmove
configure:16957: gcc -o conftest -g -O2   conftest.c  >&5
conftest.c:78:6: warning: conflicting types for built-in function 'memmove' [enabled by default]
 char memmove ();
      ^
configure:16957: $? = 0
configure:16957: result: yes
configure:16957: checking for strerror
configure:16957: result: yes
configure:16968: checking for sqlite3_prepare_v2 in -lsqlite3
configure:16993: gcc -o conftest -g -O2   conftest.c -lsqlite3 -lm  >&5
configure:16993: $? = 0
configure:17002: result: yes
configure:17112: checking proj_api.h usability
configure:17112: gcc -c -g -O2  conftest.c >&5
configure:17112: $? = 0
configure:17112: result: yes
configure:17112: checking proj_api.h presence
configure:17112: gcc -E  conftest.c
configure:17112: $? = 0
configure:17112: result: yes
configure:17112: checking for proj_api.h
configure:17112: result: yes
configure:17124: checking for library containing pj_init_plus
configure:17155: gcc -o conftest -g -O2   conftest.c -lsqlite3  >&5
/tmp/ccaeIhMa.o: In function `main':
/home/mj10777/000_links/geopaparazzi/spatialite-android/4.0.0.0.brad/bradh-spatialiteandroid/spatialite-android-library/jni/libspatialite-4.0.0/conftest.c:71: undefined reference to `pj_init_plus'
collect2: error: ld returned 1 exit status
configure:17155: $? = 1
configure: failed program was:
| /* confdefs.h */
| #define PACKAGE_NAME "libspatialite"
| #define PACKAGE_TARNAME "libspatialite"
| #define PACKAGE_VERSION "4.0.0"
| #define PACKAGE_STRING "libspatialite 4.0.0"
| #define PACKAGE_BUGREPORT "a.furieri@lqt.it"
| #define PACKAGE_URL ""
| #define PACKAGE "libspatialite"
| #define VERSION "4.0.0"
| #define _LARGE_FILE 1
| #define _FILE_OFFSET_BITS 64
| #define _LARGEFILE_SOURCE 1
| #define NDEBUG 1
| #define STDC_HEADERS 1
| #define HAVE_SYS_TYPES_H 1
| #define HAVE_SYS_STAT_H 1
| #define HAVE_STDLIB_H 1
| #define HAVE_STRING_H 1
| #define HAVE_MEMORY_H 1
| #define HAVE_STRINGS_H 1
| #define HAVE_INTTYPES_H 1
| #define HAVE_STDINT_H 1
| #define HAVE_UNISTD_H 1
| #define HAVE_STDLIB_H 1
| #define HAVE_STDIO_H 1
| #define HAVE_STRING_H 1
| #define HAVE_MEMORY_H 1
| #define HAVE_MATH_H 1
| #define HAVE_FLOAT_H 1
| #define HAVE_FCNTL_H 1
| #define HAVE_INTTYPES_H 1
| #define HAVE_STDDEF_H 1
| #define HAVE_STDINT_H 1
| #define HAVE_SYS_TIME_H 1
| #define HAVE_UNISTD_H 1
| #define HAVE_SQLITE3_H 1
| #define HAVE_SQLITE3EXT_H 1
| #define HAVE_DLFCN_H 1
| #define LT_OBJDIR ".libs/"
| #define TIME_WITH_SYS_TIME 1
| #define HAVE_LSTAT_EMPTY_STRING_BUG 1
| #define HAVE_STAT_EMPTY_STRING_BUG 1
| #define HAVE_STRFTIME 1
| #define HAVE_MEMSET 1
| #define HAVE_STRCASECMP 1
| #define HAVE_STRERROR 1
| #define HAVE_STRNCASECMP 1
| #define HAVE_STRSTR 1
| #define HAVE_FDATASYNC 1
| #define HAVE_FTRUNCATE 1
| #define HAVE_GETCWD 1
| #define HAVE_GETTIMEOFDAY 1
| #define HAVE_LOCALTIME_R 1
| #define HAVE_MEMMOVE 1
| #define HAVE_STRERROR 1
| #define HAVE_LIBSQLITE3 1
| #define OMIT_GEOCALLBACKS 1
| #define HAVE_PROJ_API_H 1
| /* end confdefs.h.  */
| 
| /* Override any GCC internal prototype to avoid an error.
|    Use char because int might match the return type of a GCC
|    builtin and then its argument prototype would still apply.  */
| #ifdef __cplusplus
| extern "C"
| #endif
| char pj_init_plus ();
| int
| main ()
| {
| return pj_init_plus ();
|   ;
|   return 0;
| }
configure:17155: gcc -o conftest -g -O2   conftest.c -lproj -lm -lsqlite3  >&5
configure:17155: $? = 0
configure:17172: result: -lproj
configure:17201: checking iconv.h usability
configure:17201: gcc -c -g -O2  conftest.c >&5
configure:17201: $? = 0
configure:17201: result: yes
configure:17201: checking iconv.h presence
configure:17201: gcc -E  conftest.c
configure:17201: $? = 0
configure:17201: result: yes
configure:17201: checking for iconv.h
configure:17201: result: yes
configure:17215: checking for library containing iconv
configure:17246: gcc -o conftest -g -O2   conftest.c -lproj -lsqlite3  >&5
configure:17246: $? = 0
configure:17263: result: none required
configure:17330: checking for library containing locale_charset
configure:17361: gcc -o conftest -g -O2   conftest.c -lproj -lsqlite3  >&5
/tmp/ccy1TxFC.o: In function `main':
/home/mj10777/000_links/geopaparazzi/spatialite-android/4.0.0.0.brad/bradh-spatialiteandroid/spatialite-android-library/jni/libspatialite-4.0.0/conftest.c:72: undefined reference to `locale_charset'
collect2: error: ld returned 1 exit status
configure:17361: $? = 1
configure: failed program was:
| /* confdefs.h */
| #define PACKAGE_NAME "libspatialite"
| #define PACKAGE_TARNAME "libspatialite"
| #define PACKAGE_VERSION "4.0.0"
| #define PACKAGE_STRING "libspatialite 4.0.0"
| #define PACKAGE_BUGREPORT "a.furieri@lqt.it"
| #define PACKAGE_URL ""
| #define PACKAGE "libspatialite"
| #define VERSION "4.0.0"
| #define _LARGE_FILE 1
| #define _FILE_OFFSET_BITS 64
| #define _LARGEFILE_SOURCE 1
| #define NDEBUG 1
| #define STDC_HEADERS 1
| #define HAVE_SYS_TYPES_H 1
| #define HAVE_SYS_STAT_H 1
| #define HAVE_STDLIB_H 1
| #define HAVE_STRING_H 1
| #define HAVE_MEMORY_H 1
| #define HAVE_STRINGS_H 1
| #define HAVE_INTTYPES_H 1
| #define HAVE_STDINT_H 1
| #define HAVE_UNISTD_H 1
| #define HAVE_STDLIB_H 1
| #define HAVE_STDIO_H 1
| #define HAVE_STRING_H 1
| #define HAVE_MEMORY_H 1
| #define HAVE_MATH_H 1
| #define HAVE_FLOAT_H 1
| #define HAVE_FCNTL_H 1
| #define HAVE_INTTYPES_H 1
| #define HAVE_STDDEF_H 1
| #define HAVE_STDINT_H 1
| #define HAVE_SYS_TIME_H 1
| #define HAVE_UNISTD_H 1
| #define HAVE_SQLITE3_H 1
| #define HAVE_SQLITE3EXT_H 1
| #define HAVE_DLFCN_H 1
| #define LT_OBJDIR ".libs/"
| #define TIME_WITH_SYS_TIME 1
| #define HAVE_LSTAT_EMPTY_STRING_BUG 1
| #define HAVE_STAT_EMPTY_STRING_BUG 1
| #define HAVE_STRFTIME 1
| #define HAVE_MEMSET 1
| #define HAVE_STRCASECMP 1
| #define HAVE_STRERROR 1
| #define HAVE_STRNCASECMP 1
| #define HAVE_STRSTR 1
| #define HAVE_FDATASYNC 1
| #define HAVE_FTRUNCATE 1
| #define HAVE_GETCWD 1
| #define HAVE_GETTIMEOFDAY 1
| #define HAVE_LOCALTIME_R 1
| #define HAVE_MEMMOVE 1
| #define HAVE_STRERROR 1
| #define HAVE_LIBSQLITE3 1
| #define OMIT_GEOCALLBACKS 1
| #define HAVE_PROJ_API_H 1
| #define HAVE_ICONV_H 1
| /* end confdefs.h.  */
| 
| /* Override any GCC internal prototype to avoid an error.
|    Use char because int might match the return type of a GCC
|    builtin and then its argument prototype would still apply.  */
| #ifdef __cplusplus
| extern "C"
| #endif
| char locale_charset ();
| int
| main ()
| {
| return locale_charset ();
|   ;
|   return 0;
| }
configure:17361: gcc -o conftest -g -O2   conftest.c -lcharset  -lproj -lsqlite3  >&5
configure:17361: $? = 0
configure:17378: result: -lcharset
configure:17463: checking freexl.h usability
configure:17463: gcc -c -g -O2  conftest.c >&5
configure:17463: $? = 0
configure:17463: result: yes
configure:17463: checking freexl.h presence
configure:17463: gcc -E  conftest.c
configure:17463: $? = 0
configure:17463: result: yes
configure:17463: checking for freexl.h
configure:17463: result: yes
configure:17475: checking for library containing freexl_open
configure:17506: gcc -o conftest -g -O2   conftest.c -lcharset -lproj -lsqlite3  >&5
/tmp/ccjbTOXR.o: In function `main':
/home/mj10777/000_links/geopaparazzi/spatialite-android/4.0.0.0.brad/bradh-spatialiteandroid/spatialite-android-library/jni/libspatialite-4.0.0/conftest.c:73: undefined reference to `freexl_open'
collect2: error: ld returned 1 exit status
configure:17506: $? = 1
configure: failed program was:
| /* confdefs.h */
| #define PACKAGE_NAME "libspatialite"
| #define PACKAGE_TARNAME "libspatialite"
| #define PACKAGE_VERSION "4.0.0"
| #define PACKAGE_STRING "libspatialite 4.0.0"
| #define PACKAGE_BUGREPORT "a.furieri@lqt.it"
| #define PACKAGE_URL ""
| #define PACKAGE "libspatialite"
| #define VERSION "4.0.0"
| #define _LARGE_FILE 1
| #define _FILE_OFFSET_BITS 64
| #define _LARGEFILE_SOURCE 1
| #define NDEBUG 1
| #define STDC_HEADERS 1
| #define HAVE_SYS_TYPES_H 1
| #define HAVE_SYS_STAT_H 1
| #define HAVE_STDLIB_H 1
| #define HAVE_STRING_H 1
| #define HAVE_MEMORY_H 1
| #define HAVE_STRINGS_H 1
| #define HAVE_INTTYPES_H 1
| #define HAVE_STDINT_H 1
| #define HAVE_UNISTD_H 1
| #define HAVE_STDLIB_H 1
| #define HAVE_STDIO_H 1
| #define HAVE_STRING_H 1
| #define HAVE_MEMORY_H 1
| #define HAVE_MATH_H 1
| #define HAVE_FLOAT_H 1
| #define HAVE_FCNTL_H 1
| #define HAVE_INTTYPES_H 1
| #define HAVE_STDDEF_H 1
| #define HAVE_STDINT_H 1
| #define HAVE_SYS_TIME_H 1
| #define HAVE_UNISTD_H 1
| #define HAVE_SQLITE3_H 1
| #define HAVE_SQLITE3EXT_H 1
| #define HAVE_DLFCN_H 1
| #define LT_OBJDIR ".libs/"
| #define TIME_WITH_SYS_TIME 1
| #define HAVE_LSTAT_EMPTY_STRING_BUG 1
| #define HAVE_STAT_EMPTY_STRING_BUG 1
| #define HAVE_STRFTIME 1
| #define HAVE_MEMSET 1
| #define HAVE_STRCASECMP 1
| #define HAVE_STRERROR 1
| #define HAVE_STRNCASECMP 1
| #define HAVE_STRSTR 1
| #define HAVE_FDATASYNC 1
| #define HAVE_FTRUNCATE 1
| #define HAVE_GETCWD 1
| #define HAVE_GETTIMEOFDAY 1
| #define HAVE_LOCALTIME_R 1
| #define HAVE_MEMMOVE 1
| #define HAVE_STRERROR 1
| #define HAVE_LIBSQLITE3 1
| #define OMIT_GEOCALLBACKS 1
| #define HAVE_PROJ_API_H 1
| #define HAVE_ICONV_H 1
| #define HAVE_FREEXL_H 1
| /* end confdefs.h.  */
| 
| /* Override any GCC internal prototype to avoid an error.
|    Use char because int might match the return type of a GCC
|    builtin and then its argument prototype would still apply.  */
| #ifdef __cplusplus
| extern "C"
| #endif
| char freexl_open ();
| int
| main ()
| {
| return freexl_open ();
|   ;
|   return 0;
| }
configure:17506: gcc -o conftest -g -O2   conftest.c -lfreexl -lm -lcharset -lproj -lsqlite3  >&5
configure:17506: $? = 0
configure:17523: result: -lfreexl
configure:17581: checking for geos-config
configure:17599: found /usr/local/bin/geos-config
configure:17611: result: /usr/local/bin/geos-config
configure:17646: checking geos_c.h usability
configure:17646: gcc -c -g -O2 -I/usr/local/include conftest.c >&5
configure:17646: $? = 0
configure:17646: result: yes
configure:17646: checking geos_c.h presence
configure:17646: gcc -E -I/usr/local/include conftest.c
configure:17646: $? = 0
configure:17646: result: yes
configure:17646: checking for geos_c.h
configure:17646: result: yes
configure:17662: checking for library containing GEOSTopologyPreserveSimplify
configure:17693: gcc -o conftest -g -O2   conftest.c -L/usr/local/lib >&5
/tmp/cc3rSlFa.o: In function `main':
/home/mj10777/000_links/geopaparazzi/spatialite-android/4.0.0.0.brad/bradh-spatialiteandroid/spatialite-android-library/jni/libspatialite-4.0.0/conftest.c:74: undefined reference to `GEOSTopologyPreserveSimplify'
collect2: error: ld returned 1 exit status
configure:17693: $? = 1
configure: failed program was:
| /* confdefs.h */
| #define PACKAGE_NAME "libspatialite"
| #define PACKAGE_TARNAME "libspatialite"
| #define PACKAGE_VERSION "4.0.0"
| #define PACKAGE_STRING "libspatialite 4.0.0"
| #define PACKAGE_BUGREPORT "a.furieri@lqt.it"
| #define PACKAGE_URL ""
| #define PACKAGE "libspatialite"
| #define VERSION "4.0.0"
| #define _LARGE_FILE 1
| #define _FILE_OFFSET_BITS 64
| #define _LARGEFILE_SOURCE 1
| #define NDEBUG 1
| #define STDC_HEADERS 1
| #define HAVE_SYS_TYPES_H 1
| #define HAVE_SYS_STAT_H 1
| #define HAVE_STDLIB_H 1
| #define HAVE_STRING_H 1
| #define HAVE_MEMORY_H 1
| #define HAVE_STRINGS_H 1
| #define HAVE_INTTYPES_H 1
| #define HAVE_STDINT_H 1
| #define HAVE_UNISTD_H 1
| #define HAVE_STDLIB_H 1
| #define HAVE_STDIO_H 1
| #define HAVE_STRING_H 1
| #define HAVE_MEMORY_H 1
| #define HAVE_MATH_H 1
| #define HAVE_FLOAT_H 1
| #define HAVE_FCNTL_H 1
| #define HAVE_INTTYPES_H 1
| #define HAVE_STDDEF_H 1
| #define HAVE_STDINT_H 1
| #define HAVE_SYS_TIME_H 1
| #define HAVE_UNISTD_H 1
| #define HAVE_SQLITE3_H 1
| #define HAVE_SQLITE3EXT_H 1
| #define HAVE_DLFCN_H 1
| #define LT_OBJDIR ".libs/"
| #define TIME_WITH_SYS_TIME 1
| #define HAVE_LSTAT_EMPTY_STRING_BUG 1
| #define HAVE_STAT_EMPTY_STRING_BUG 1
| #define HAVE_STRFTIME 1
| #define HAVE_MEMSET 1
| #define HAVE_STRCASECMP 1
| #define HAVE_STRERROR 1
| #define HAVE_STRNCASECMP 1
| #define HAVE_STRSTR 1
| #define HAVE_FDATASYNC 1
| #define HAVE_FTRUNCATE 1
| #define HAVE_GETCWD 1
| #define HAVE_GETTIMEOFDAY 1
| #define HAVE_LOCALTIME_R 1
| #define HAVE_MEMMOVE 1
| #define HAVE_STRERROR 1
| #define HAVE_LIBSQLITE3 1
| #define OMIT_GEOCALLBACKS 1
| #define HAVE_PROJ_API_H 1
| #define HAVE_ICONV_H 1
| #define HAVE_FREEXL_H 1
| #define HAVE_GEOS_C_H 1
| /* end confdefs.h.  */
| 
| /* Override any GCC internal prototype to avoid an error.
|    Use char because int might match the return type of a GCC
|    builtin and then its argument prototype would still apply.  */
| #ifdef __cplusplus
| extern "C"
| #endif
| char GEOSTopologyPreserveSimplify ();
| int
| main ()
| {
| return GEOSTopologyPreserveSimplify ();
|   ;
|   return 0;
| }
configure:17693: gcc -o conftest -g -O2   conftest.c -lgeos_c  -L/usr/local/lib >&5
configure:17693: $? = 0
configure:17710: result: -lgeos_c
configure:17734: checking for library containing GEOSCoveredBy
configure:17765: gcc -o conftest -g -O2   conftest.c -lfreexl -lcharset -lproj -lsqlite3 -L/usr/local/lib -lgeos_c >&5
configure:17765: $? = 0
configure:17782: result: none required
configure:18113: creating ./config.status

## ---------------------- ##
## Running config.status. ##
## ---------------------- ##

This file was extended by libspatialite config.status 4.0.0, which was
generated by GNU Autoconf 2.68.  Invocation command line was

  CONFIG_FILES    = 
  CONFIG_HEADERS  = 
  CONFIG_LINKS    = 
  CONFIG_COMMANDS = 
  $ ./config.status 

on mj10777-01-l

config.status:1227: creating Makefile
config.status:1227: creating src/Makefile
config.status:1227: creating src/headers/Makefile
config.status:1227: creating src/gaiaaux/Makefile
config.status:1227: creating src/gaiaexif/Makefile
config.status:1227: creating src/gaiageo/Makefile
config.status:1227: creating src/gaiageo/flex/Makefile
config.status:1227: creating src/gaiageo/lemon/Makefile
config.status:1227: creating src/gaiageo/lemon/lemon_src/Makefile
config.status:1227: creating src/spatialite/Makefile
config.status:1227: creating src/shapefiles/Makefile
config.status:1227: creating src/srsinit/Makefile
config.status:1227: creating src/srsinit/epsg_update/Makefile
config.status:1227: creating src/virtualtext/Makefile
config.status:1227: creating test/Makefile
config.status:1227: creating examples/Makefile
config.status:1227: creating Doxyfile
config.status:1227: creating spatialite.pc
config.status:1227: creating config.h
config.status:1456: executing depfiles commands
config.status:1456: executing libtool commands

## ---------------- ##
## Cache variables. ##
## ---------------- ##

ac_cv_build=x86_64-pc-linux-gnu
ac_cv_c_compiler_gnu=yes
ac_cv_c_const=yes
ac_cv_c_volatile=yes
ac_cv_cxx_compiler_gnu=yes
ac_cv_env_CCC_set=
ac_cv_env_CCC_value=
ac_cv_env_CC_set=
ac_cv_env_CC_value=
ac_cv_env_CFLAGS_set=
ac_cv_env_CFLAGS_value=
ac_cv_env_CPPFLAGS_set=
ac_cv_env_CPPFLAGS_value=
ac_cv_env_CPP_set=
ac_cv_env_CPP_value=
ac_cv_env_CXXCPP_set=
ac_cv_env_CXXCPP_value=
ac_cv_env_CXXFLAGS_set=
ac_cv_env_CXXFLAGS_value=
ac_cv_env_CXX_set=
ac_cv_env_CXX_value=
ac_cv_env_LDFLAGS_set=
ac_cv_env_LDFLAGS_value=
ac_cv_env_LIBS_set=
ac_cv_env_LIBS_value=
ac_cv_env_build_alias_set=set
ac_cv_env_build_alias_value=x86_64-pc-linux-gnu
ac_cv_env_host_alias_set=set
ac_cv_env_host_alias_value=arm-linux-eabi
ac_cv_env_target_alias_set=
ac_cv_env_target_alias_value=
ac_cv_func_fdatasync=yes
ac_cv_func_ftruncate=yes
ac_cv_func_getcwd=yes
ac_cv_func_gettimeofday=yes
ac_cv_func_localtime_r=yes
ac_cv_func_lstat_dereferences_slashed_symlink=no
ac_cv_func_lstat_empty_string_bug=yes
ac_cv_func_memcmp_working=no
ac_cv_func_memmove=yes
ac_cv_func_memset=yes
ac_cv_func_sqrt=no
ac_cv_func_stat_empty_string_bug=yes
ac_cv_func_strcasecmp=yes
ac_cv_func_strerror=yes
ac_cv_func_strftime=yes
ac_cv_func_strncasecmp=yes
ac_cv_func_strstr=yes
ac_cv_header_dlfcn_h=yes
ac_cv_header_fcntl_h=yes
ac_cv_header_float_h=yes
ac_cv_header_freexl_h=yes
ac_cv_header_geos_c_h=yes
ac_cv_header_iconv_h=yes
ac_cv_header_inttypes_h=yes
ac_cv_header_math_h=yes
ac_cv_header_memory_h=yes
ac_cv_header_proj_api_h=yes
ac_cv_header_sqlite3_h=yes
ac_cv_header_sqlite3ext_h=yes
ac_cv_header_stdc=yes
ac_cv_header_stddef_h=yes
ac_cv_header_stdint_h=yes
ac_cv_header_stdio_h=yes
ac_cv_header_stdlib_h=yes
ac_cv_header_string_h=yes
ac_cv_header_strings_h=yes
ac_cv_header_sys_stat_h=yes
ac_cv_header_sys_time_h=yes
ac_cv_header_sys_types_h=yes
ac_cv_header_time=yes
ac_cv_header_unistd_h=yes
ac_cv_host=arm-linux-eabi
ac_cv_lib_sqlite3_sqlite3_prepare_v2=yes
ac_cv_objext=o
ac_cv_path_EGREP='/bin/grep -E'
ac_cv_path_FGREP='/bin/grep -F'
ac_cv_path_GEOSCONFIG=/usr/local/bin/geos-config
ac_cv_path_GREP=/bin/grep
ac_cv_path_SED=/bin/sed
ac_cv_path_install='/usr/bin/install -c'
ac_cv_path_mkdir=/bin/mkdir
ac_cv_prog_AWK=gawk
ac_cv_prog_CC=gcc
ac_cv_prog_CPP='gcc -E'
ac_cv_prog_CXXCPP='g++ -E'
ac_cv_prog_DLLTOOL=dlltool
ac_cv_prog_OBJDUMP=objdump
ac_cv_prog_STRIP=strip
ac_cv_prog_ac_ct_AR=ar
ac_cv_prog_ac_ct_CC=gcc
ac_cv_prog_ac_ct_CXX=g++
ac_cv_prog_ac_ct_DUMPBIN='link -dump'
ac_cv_prog_ac_ct_MANIFEST_TOOL=mt
ac_cv_prog_ac_ct_RANLIB=ranlib
ac_cv_prog_ac_ct_STRIP=strip
ac_cv_prog_cc_c89=
ac_cv_prog_cc_g=yes
ac_cv_prog_cxx_g=yes
ac_cv_prog_make_make_set=yes
ac_cv_search_GEOSCoveredBy='none required'
ac_cv_search_GEOSTopologyPreserveSimplify=-lgeos_c
ac_cv_search_freexl_open=-lfreexl
ac_cv_search_iconv='none required'
ac_cv_search_locale_charset=-lcharset
ac_cv_search_pj_init_plus=-lproj
ac_cv_struct_tm=time.h
ac_cv_type_off_t=yes
ac_cv_type_size_t=yes
am_cv_CC_dependencies_compiler_type=gcc3
am_cv_CXX_dependencies_compiler_type=gcc3
lt_cv_ar_at_file=@
lt_cv_archive_cmds_need_lc=no
lt_cv_deplibs_check_method=unknown
lt_cv_file_magic_cmd='$MAGIC_CMD'
lt_cv_file_magic_test_file=
lt_cv_ld_reload_flag=-r
lt_cv_nm_interface='BSD nm'
lt_cv_objdir=.libs
lt_cv_path_LD=/usr/bin/ld
lt_cv_path_LDCXX=/usr/bin/ld
lt_cv_path_NM=no
lt_cv_path_mainfest_tool=no
lt_cv_prog_compiler_c_o=yes
lt_cv_prog_compiler_c_o_CXX=yes
lt_cv_prog_compiler_pic='-fPIC -DPIC'
lt_cv_prog_compiler_pic_CXX='-fPIC -DPIC'
lt_cv_prog_compiler_pic_works=yes
lt_cv_prog_compiler_pic_works_CXX=yes
lt_cv_prog_compiler_rtti_exceptions=no
lt_cv_prog_compiler_static_works=yes
lt_cv_prog_compiler_static_works_CXX=yes
lt_cv_prog_gnu_ld=yes
lt_cv_prog_gnu_ldcxx=yes
lt_cv_sharedlib_from_linklib_cmd='printf %s\n'
lt_cv_sys_global_symbol_pipe='sed -n -e '\''s/^.*[	 ]\([ABCDGIRSTW][ABCDGIRSTW]*\)[	 ][	 ]*\([_A-Za-z][_A-Za-z0-9]*\)$/\1 \2 \2/p'\'' | sed '\''/ __gnu_lto/d'\'''
lt_cv_sys_global_symbol_to_c_name_address='sed -n -e '\''s/^: \([^ ]*\)[ ]*$/  {\"\1\", (void *) 0},/p'\'' -e '\''s/^[ABCDGIRSTW]* \([^ ]*\) \([^ ]*\)$/  {"\2", (void *) \&\2},/p'\'''
lt_cv_sys_global_symbol_to_c_name_address_lib_prefix='sed -n -e '\''s/^: \([^ ]*\)[ ]*$/  {\"\1\", (void *) 0},/p'\'' -e '\''s/^[ABCDGIRSTW]* \([^ ]*\) \(lib[^ ]*\)$/  {"\2", (void *) \&\2},/p'\'' -e '\''s/^[ABCDGIRSTW]* \([^ ]*\) \([^ ]*\)$/  {"lib\2", (void *) \&\2},/p'\'''
lt_cv_sys_global_symbol_to_cdecl='sed -n -e '\''s/^T .* \(.*\)$/extern int \1();/p'\'' -e '\''s/^[ABCDGIRSTW]* .* \(.*\)$/extern char \1;/p'\'''
lt_cv_sys_max_cmd_len=1572864
lt_cv_to_host_file_cmd=func_convert_file_noop
lt_cv_to_tool_file_cmd=func_convert_file_noop

## ----------------- ##
## Output variables. ##
## ----------------- ##

ACLOCAL='${SHELL} /home/mj10777/000_links/geopaparazzi/spatialite-android/4.0.0.0.brad/bradh-spatialiteandroid/spatialite-android-library/jni/libspatialite-4.0.0/missing --run aclocal-1.11'
AMDEPBACKSLASH='\'
AMDEP_FALSE='#'
AMDEP_TRUE=''
AMTAR='$${TAR-tar}'
ANDROID_FALSE=''
ANDROID_TRUE='#'
AR='ar'
AS='as'
AUTOCONF='${SHELL} /home/mj10777/000_links/geopaparazzi/spatialite-android/4.0.0.0.brad/bradh-spatialiteandroid/spatialite-android-library/jni/libspatialite-4.0.0/missing --run autoconf'
AUTOHEADER='${SHELL} /home/mj10777/000_links/geopaparazzi/spatialite-android/4.0.0.0.brad/bradh-spatialiteandroid/spatialite-android-library/jni/libspatialite-4.0.0/missing --run autoheader'
AUTOMAKE='${SHELL} /home/mj10777/000_links/geopaparazzi/spatialite-android/4.0.0.0.brad/bradh-spatialiteandroid/spatialite-android-library/jni/libspatialite-4.0.0/missing --run automake-1.11'
AWK='gawk'
CC='gcc'
CCDEPMODE='depmode=gcc3'
CFLAGS='-g -O2'
CPP='gcc -E'
CPPFLAGS=''
CXX='g++'
CXXCPP='g++ -E'
CXXDEPMODE='depmode=gcc3'
CXXFLAGS='-g -O2'
CYGPATH_W='echo'
DEFS='-DHAVE_CONFIG_H'
DEPDIR='.deps'
DLLTOOL='dlltool'
DSYMUTIL=''
DUMPBIN=':'
ECHO_C=''
ECHO_N='-n'
ECHO_T=''
EGREP='/bin/grep -E'
EXEEXT=''
FGREP='/bin/grep -F'
GEOSCONFIG='/usr/local/bin/geos-config'
GEOS_CFLAGS='-I/usr/local/include'
GEOS_LDFLAGS='-L/usr/local/lib'
GREP='/bin/grep'
INSTALL_DATA='${INSTALL} -m 644'
INSTALL_PROGRAM='${INSTALL}'
INSTALL_SCRIPT='${INSTALL}'
INSTALL_STRIP_PROGRAM='$(install_sh) -c -s'
LD='/usr/bin/ld'
LDFLAGS=''
LIBOBJS=' ${LIBOBJDIR}lstat$U.o ${LIBOBJDIR}memcmp$U.o ${LIBOBJDIR}stat$U.o'
LIBS='-lfreexl -lcharset -lproj -lsqlite3 -L/usr/local/lib -lgeos_c'
LIBTOOL='$(SHELL) $(top_builddir)/libtool'
LIPO=''
LN_S='ln -s'
LTLIBOBJS=' ${LIBOBJDIR}lstat$U.lo ${LIBOBJDIR}memcmp$U.lo ${LIBOBJDIR}stat$U.lo'
MACOSX_FALSE=''
MACOSX_TRUE='#'
MAINT='#'
MAINTAINER_MODE_FALSE=''
MAINTAINER_MODE_TRUE='#'
MAKEINFO='${SHELL} /home/mj10777/000_links/geopaparazzi/spatialite-android/4.0.0.0.brad/bradh-spatialiteandroid/spatialite-android-library/jni/libspatialite-4.0.0/missing --run makeinfo'
MANIFEST_TOOL=':'
MINGW_FALSE=''
MINGW_TRUE='#'
MKDIR_P='/bin/mkdir -p'
NM='nm'
NMEDIT=''
OBJDUMP='objdump'
OBJEXT='o'
OTOOL64=''
OTOOL=''
PACKAGE='libspatialite'
PACKAGE_BUGREPORT='a.furieri@lqt.it'
PACKAGE_NAME='libspatialite'
PACKAGE_STRING='libspatialite 4.0.0'
PACKAGE_TARNAME='libspatialite'
PACKAGE_URL=''
PACKAGE_VERSION='4.0.0'
PATH_SEPARATOR=':'
RANLIB='ranlib'
SED='/bin/sed'
SET_MAKE=''
SHELL='/bin/bash'
STRIP='strip'
VERSION='4.0.0'
ac_ct_AR='ar'
ac_ct_CC='gcc'
ac_ct_CXX='g++'
ac_ct_DUMPBIN='link -dump'
am__EXEEXT_FALSE=''
am__EXEEXT_TRUE='#'
am__fastdepCC_FALSE='#'
am__fastdepCC_TRUE=''
am__fastdepCXX_FALSE='#'
am__fastdepCXX_TRUE=''
am__include='include'
am__isrc=''
am__leading_dot='.'
am__nodep='_no'
am__quote=''
am__tar='$${TAR-tar} chof - "$$tardir"'
am__untar='$${TAR-tar} xf -'
bindir='${exec_prefix}/bin'
build='x86_64-pc-linux-gnu'
build_alias='x86_64-pc-linux-gnu'
build_cpu='x86_64'
build_os='linux-gnu'
build_vendor='pc'
datadir='${datarootdir}'
datarootdir='${prefix}/share'
docdir='${datarootdir}/doc/${PACKAGE_TARNAME}'
dvidir='${docdir}'
exec_prefix='${prefix}'
host='arm-linux-eabi'
host_alias='arm-linux-eabi'
host_cpu='arm'
host_os='eabi'
host_vendor='linux'
htmldir='${docdir}'
includedir='${prefix}/include'
infodir='${datarootdir}/info'
install_sh='${SHELL} /home/mj10777/000_links/geopaparazzi/spatialite-android/4.0.0.0.brad/bradh-spatialiteandroid/spatialite-android-library/jni/libspatialite-4.0.0/install-sh'
libdir='${exec_prefix}/lib'
libexecdir='${exec_prefix}/libexec'
localedir='${datarootdir}/locale'
localstatedir='${prefix}/var'
mandir='${datarootdir}/man'
mkdir_p='/bin/mkdir -p'
oldincludedir='/usr/include'
pdfdir='${docdir}'
prefix='/usr/local'
program_transform_name='s,x,x,'
psdir='${docdir}'
sbindir='${exec_prefix}/sbin'
sharedstatedir='${prefix}/com'
sysconfdir='${prefix}/etc'
target_alias=''

## ----------- ##
## confdefs.h. ##
## ----------- ##

/* confdefs.h */
#define PACKAGE_NAME "libspatialite"
#define PACKAGE_TARNAME "libspatialite"
#define PACKAGE_VERSION "4.0.0"
#define PACKAGE_STRING "libspatialite 4.0.0"
#define PACKAGE_BUGREPORT "a.furieri@lqt.it"
#define PACKAGE_URL ""
#define PACKAGE "libspatialite"
#define VERSION "4.0.0"
#define _LARGE_FILE 1
#define _FILE_OFFSET_BITS 64
#define _LARGEFILE_SOURCE 1
#define NDEBUG 1
#define STDC_HEADERS 1
#define HAVE_SYS_TYPES_H 1
#define HAVE_SYS_STAT_H 1
#define HAVE_STDLIB_H 1
#define HAVE_STRING_H 1
#define HAVE_MEMORY_H 1
#define HAVE_STRINGS_H 1
#define HAVE_INTTYPES_H 1
#define HAVE_STDINT_H 1
#define HAVE_UNISTD_H 1
#define HAVE_STDLIB_H 1
#define HAVE_STDIO_H 1
#define HAVE_STRING_H 1
#define HAVE_MEMORY_H 1
#define HAVE_MATH_H 1
#define HAVE_FLOAT_H 1
#define HAVE_FCNTL_H 1
#define HAVE_INTTYPES_H 1
#define HAVE_STDDEF_H 1
#define HAVE_STDINT_H 1
#define HAVE_SYS_TIME_H 1
#define HAVE_UNISTD_H 1
#define HAVE_SQLITE3_H 1
#define HAVE_SQLITE3EXT_H 1
#define HAVE_DLFCN_H 1
#define LT_OBJDIR ".libs/"
#define TIME_WITH_SYS_TIME 1
#define HAVE_LSTAT_EMPTY_STRING_BUG 1
#define HAVE_STAT_EMPTY_STRING_BUG 1
#define HAVE_STRFTIME 1
#define HAVE_MEMSET 1
#define HAVE_STRCASECMP 1
#define HAVE_STRERROR 1
#define HAVE_STRNCASECMP 1
#define HAVE_STRSTR 1
#define HAVE_FDATASYNC 1
#define HAVE_FTRUNCATE 1
#define HAVE_GETCWD 1
#define HAVE_GETTIMEOFDAY 1
#define HAVE_LOCALTIME_R 1
#define HAVE_MEMMOVE 1
#define HAVE_STRERROR 1
#define HAVE_LIBSQLITE3 1
#define OMIT_GEOCALLBACKS 1
#define HAVE_PROJ_API_H 1
#define HAVE_ICONV_H 1
#define HAVE_FREEXL_H 1
#define HAVE_GEOS_C_H 1
#define GEOS_ADVANCED 1

configure: exit 0
