This file contains any messages produced by compilers while
running configure, to aid debugging if configure makes a mistake.

It was created by pixman configure 0.32.4, which was
generated by GNU Autoconf 2.69.  Invocation command line was

  $ ./configure --build=x86_64-pc-linux-gnu --host=arm-linux-eabi

## --------- ##
## Platform. ##
## --------- ##

hostname = mj10777-01-l
uname -m = x86_64
uname -r = 3.2.0-56-generic
uname -s = Linux
uname -v = #86-Ubuntu SMP Wed Oct 23 09:20:45 UTC 2013

/usr/bin/uname -p = unknown
/bin/uname -X     = unknown

/bin/arch              = unknown
/usr/bin/arch -k       = unknown
/usr/convex/getsysinfo = unknown
/usr/bin/hostinfo      = unknown
/bin/machine           = unknown
/usr/bin/oslevel       = unknown
/bin/universe          = unknown

PATH: /usr/local/pgsql/bin
PATH: /usr/local/pgsql/bin
PATH: /home/mj10777/bin
PATH: /usr/local/pgsql/bin
PATH: /usr/lib/lightdm/lightdm
PATH: /usr/local/sbin
PATH: /usr/local/bin
PATH: /usr/sbin
PATH: /usr/bin
PATH: /sbin
PATH: /bin
PATH: /usr/games
PATH: /home/mj10777/000_links/gnu_source/qt_dev/Qt5.1.0/5.1.0/gcc_64/bin
PATH: /home/mj10777/000_links/gnu_source/adt-bundle-linux/sdk
PATH: /home/mj10777/000_links/gnu_source/adt-bundle-linux/sdk/tools/home/mj10777/000_links/gnu_source/adt-bundle-linux/sdk/platform-tools
PATH: /home/mj10777/000_links/gnu_source/adt-bundle-linux/sdk/tools
PATH: /home/mj10777/000_links/gnu_source/adt-bundle-linux/android-ndk-r9d
PATH: /home/mj10777/000_links/gnu_source/adt-bundle-linux/apache-ant/bin


## ----------- ##
## Core tests. ##
## ----------- ##

configure:2589: checking for a BSD-compatible install
configure:2657: result: /usr/bin/install -c
configure:2668: checking whether build environment is sane
configure:2723: result: yes
configure:2782: checking for arm-linux-eabi-strip
configure:2812: result: no
configure:2822: checking for strip
configure:2838: found /usr/bin/strip
configure:2849: result: strip
configure:2861: WARNING: using cross tools not prefixed with host triplet
configure:2874: checking for a thread-safe mkdir -p
configure:2913: result: /bin/mkdir -p
configure:2920: checking for gawk
configure:2936: found /usr/bin/gawk
configure:2947: result: gawk
configure:2958: checking whether make sets $(MAKE)
configure:2980: result: yes
configure:3009: checking whether make supports nested variables
configure:3026: result: yes
configure:3123: checking whether make supports nested variables
configure:3140: result: yes
configure:3159: checking build system type
configure:3173: result: x86_64-pc-linux-gnu
configure:3193: checking host system type
configure:3206: result: arm-linux-eabi
configure:3237: checking for arm-linux-eabi-gcc
configure:3267: result: no
configure:3277: checking for gcc
configure:3293: found /usr/bin/gcc
configure:3304: result: gcc
configure:3533: checking for C compiler version
configure:3542: gcc --version >&5
gcc (Ubuntu 4.8.1-2ubuntu1~12.04) 4.8.1
Copyright (C) 2013 Free Software Foundation, Inc.
This is free software; see the source for copying conditions.  There is NO
warranty; not even for MERCHANTABILITY or FITNESS FOR A PARTICULAR PURPOSE.

configure:3553: $? = 0
configure:3542: gcc -v >&5
Using built-in specs.
COLLECT_GCC=gcc
COLLECT_LTO_WRAPPER=/usr/lib/gcc/x86_64-linux-gnu/4.8/lto-wrapper
Target: x86_64-linux-gnu
Configured with: ../src/configure -v --with-pkgversion='Ubuntu 4.8.1-2ubuntu1~12.04' --with-bugurl=file:///usr/share/doc/gcc-4.8/README.Bugs --enable-languages=c,c++,java,go,d,fortran,objc,obj-c++ --prefix=/usr --program-suffix=-4.8 --enable-shared --enable-linker-build-id --libexecdir=/usr/lib --without-included-gettext --enable-threads=posix --with-gxx-include-dir=/usr/include/c++/4.8 --libdir=/usr/lib --enable-nls --with-sysroot=/ --enable-clocale=gnu --enable-libstdcxx-debug --enable-libstdcxx-time=yes --enable-gnu-unique-object --enable-plugin --with-system-zlib --disable-browser-plugin --enable-java-awt=gtk --enable-gtk-cairo --with-java-home=/usr/lib/jvm/java-1.5.0-gcj-4.8-amd64/jre --enable-java-home --with-jvm-root-dir=/usr/lib/jvm/java-1.5.0-gcj-4.8-amd64 --with-jvm-jar-dir=/usr/lib/jvm-exports/java-1.5.0-gcj-4.8-amd64 --with-arch-directory=amd64 --with-ecj-jar=/usr/share/java/eclipse-ecj.jar --enable-objc-gc --enable-multiarch --disable-werror --with-arch-32=i686 --with-abi=m64 --with-multilib-list=m32,m64 --with-tune=generic --enable-checking=release --build=x86_64-linux-gnu --host=x86_64-linux-gnu --target=x86_64-linux-gnu
Thread model: posix
gcc version 4.8.1 (Ubuntu 4.8.1-2ubuntu1~12.04) 
configure:3553: $? = 0
configure:3542: gcc -V >&5
gcc: error: unrecognized command line option '-V'
gcc: fatal error: no input files
compilation terminated.
configure:3553: $? = 4
configure:3542: gcc -qversion >&5
gcc: error: unrecognized command line option '-qversion'
gcc: fatal error: no input files
compilation terminated.
configure:3553: $? = 4
configure:3573: checking whether the C compiler works
configure:3595: gcc    conftest.c  >&5
configure:3599: $? = 0
configure:3647: result: yes
configure:3650: checking for C compiler default output file name
configure:3652: result: a.out
configure:3658: checking for suffix of executables
configure:3665: gcc -o conftest    conftest.c  >&5
configure:3669: $? = 0
configure:3691: result: 
configure:3713: checking whether we are cross compiling
configure:3751: result: yes
configure:3756: checking for suffix of object files
configure:3778: gcc -c   conftest.c >&5
configure:3782: $? = 0
configure:3803: result: o
configure:3807: checking whether we are using the GNU C compiler
configure:3826: gcc -c   conftest.c >&5
configure:3826: $? = 0
configure:3835: result: yes
configure:3844: checking whether gcc accepts -g
configure:3864: gcc -c -g  conftest.c >&5
configure:3864: $? = 0
configure:3905: result: yes
configure:3922: checking for gcc option to accept ISO C89
configure:3985: gcc  -c -g -O2  conftest.c >&5
configure:3985: $? = 0
configure:3998: result: none needed
configure:4029: checking for style of include used by make
configure:4057: result: GNU
configure:4083: checking dependency style of gcc
configure:4194: result: gcc3
configure:4218: checking dependency style of gcc
configure:4327: result: gcc3
configure:4388: checking how to print strings
configure:4415: result: printf
configure:4436: checking for a sed that does not truncate output
configure:4500: result: /bin/sed
configure:4518: checking for grep that handles long lines and -e
configure:4576: result: /bin/grep
configure:4581: checking for egrep
configure:4643: result: /bin/grep -E
configure:4648: checking for fgrep
configure:4710: result: /bin/grep -F
configure:4745: checking for ld used by gcc
configure:4812: result: /usr/bin/ld
configure:4819: checking if the linker (/usr/bin/ld) is GNU ld
configure:4834: result: yes
configure:4846: checking for BSD- or MS-compatible name lister (nm)
configure:4895: result: no
configure:4909: checking for arm-linux-eabi-dumpbin
configure:4939: result: no
configure:4909: checking for arm-linux-eabi-link
configure:4939: result: no
configure:4953: checking for dumpbin
configure:4983: result: no
configure:4953: checking for link
configure:4969: found /usr/bin/link
configure:4980: result: link -dump
configure:5025: checking the name lister (nm) interface
configure:5032: gcc -c -g -O2  conftest.c >&5
configure:5035: nm "conftest.o"
configure:5038: output
0000000000000000 B some_variable
configure:5045: result: BSD nm
configure:5048: checking whether ln -s works
configure:5052: result: yes
configure:5060: checking the maximum length of command line arguments
configure:5190: result: 1572864
configure:5207: checking whether the shell understands some XSI constructs
configure:5217: result: yes
configure:5221: checking whether the shell understands "+="
configure:5227: result: yes
configure:5262: checking how to convert x86_64-pc-linux-gnu file names to arm-linux-eabi format
configure:5302: result: func_convert_file_noop
configure:5309: checking how to convert x86_64-pc-linux-gnu file names to toolchain format
configure:5329: result: func_convert_file_noop
configure:5336: checking for /usr/bin/ld option to reload object files
configure:5343: result: -r
configure:5377: checking for arm-linux-eabi-objdump
configure:5407: result: no
configure:5417: checking for objdump
configure:5433: found /usr/bin/objdump
configure:5444: result: objdump
configure:5476: checking how to recognize dependent libraries
configure:5678: result: unknown
configure:5723: checking for arm-linux-eabi-dlltool
configure:5753: result: no
configure:5763: checking for dlltool
configure:5793: result: no
configure:5823: checking how to associate runtime and link libraries
configure:5850: result: printf %s\n
configure:5867: checking for arm-linux-eabi-ar
configure:5897: result: no
configure:5911: checking for ar
configure:5927: found /usr/bin/ar
configure:5938: result: ar
configure:5975: checking for archiver @FILE support
configure:5992: gcc -c -g -O2  conftest.c >&5
configure:5992: $? = 0
configure:5995: ar cru libconftest.a @conftest.lst >&5
configure:5998: $? = 0
configure:6003: ar cru libconftest.a @conftest.lst >&5
ar: conftest.o: No such file or directory
configure:6006: $? = 1
configure:6018: result: @
configure:6036: checking for arm-linux-eabi-strip
configure:6063: result: strip
configure:6135: checking for arm-linux-eabi-ranlib
configure:6165: result: no
configure:6175: checking for ranlib
configure:6191: found /usr/bin/ranlib
configure:6202: result: ranlib
configure:6304: checking command to parse nm output from gcc object
configure:6424: gcc -c -g -O2  conftest.c >&5
configure:6427: $? = 0
configure:6431: nm conftest.o \| sed -n -e 's/^.*[ ]\([ABCDGIRSTW][ABCDGIRSTW]*\)[ ][ ]*\([_A-Za-z][_A-Za-z0-9]*\)$/\1 \2 \2/p' | sed '/ __gnu_lto/d' \> conftest.nm
configure:6434: $? = 0
configure:6500: gcc -o conftest -g -O2   conftest.c conftstm.o >&5
configure:6503: $? = 0
configure:6541: result: ok
configure:6578: checking for sysroot
configure:6608: result: no
configure:6824: checking for arm-linux-eabi-mt
configure:6854: result: no
configure:6864: checking for mt
configure:6880: found /bin/mt
configure:6891: result: mt
configure:6914: checking if mt is a manifest tool
configure:6920: mt '-?'
configure:6928: result: no
configure:7570: checking how to run the C preprocessor
configure:7601: gcc -E  conftest.c
configure:7601: $? = 0
configure:7615: gcc -E  conftest.c
conftest.c:11:28: fatal error: ac_nonexistent.h: No such file or directory
 #include <ac_nonexistent.h>
                            ^
compilation terminated.
configure:7615: $? = 1
configure: failed program was:
| /* confdefs.h */
| #define PACKAGE_NAME "pixman"
| #define PACKAGE_TARNAME "pixman"
| #define PACKAGE_VERSION "0.32.4"
| #define PACKAGE_STRING "pixman 0.32.4"
| #define PACKAGE_BUGREPORT "pixman@lists.freedesktop.org"
| #define PACKAGE_URL ""
| #define PACKAGE "pixman"
| #define VERSION "0.32.4"
| /* end confdefs.h.  */
| #include <ac_nonexistent.h>
configure:7640: result: gcc -E
configure:7660: gcc -E  conftest.c
configure:7660: $? = 0
configure:7674: gcc -E  conftest.c
conftest.c:11:28: fatal error: ac_nonexistent.h: No such file or directory
 #include <ac_nonexistent.h>
                            ^
compilation terminated.
configure:7674: $? = 1
configure: failed program was:
| /* confdefs.h */
| #define PACKAGE_NAME "pixman"
| #define PACKAGE_TARNAME "pixman"
| #define PACKAGE_VERSION "0.32.4"
| #define PACKAGE_STRING "pixman 0.32.4"
| #define PACKAGE_BUGREPORT "pixman@lists.freedesktop.org"
| #define PACKAGE_URL ""
| #define PACKAGE "pixman"
| #define VERSION "0.32.4"
| /* end confdefs.h.  */
| #include <ac_nonexistent.h>
configure:7703: checking for ANSI C header files
configure:7723: gcc -c -g -O2  conftest.c >&5
configure:7723: $? = 0
configure:7807: result: yes
configure:7820: checking for sys/types.h
configure:7820: gcc -c -g -O2  conftest.c >&5
configure:7820: $? = 0
configure:7820: result: yes
configure:7820: checking for sys/stat.h
configure:7820: gcc -c -g -O2  conftest.c >&5
configure:7820: $? = 0
configure:7820: result: yes
configure:7820: checking for stdlib.h
configure:7820: gcc -c -g -O2  conftest.c >&5
configure:7820: $? = 0
configure:7820: result: yes
configure:7820: checking for string.h
configure:7820: gcc -c -g -O2  conftest.c >&5
configure:7820: $? = 0
configure:7820: result: yes
configure:7820: checking for memory.h
configure:7820: gcc -c -g -O2  conftest.c >&5
configure:7820: $? = 0
configure:7820: result: yes
configure:7820: checking for strings.h
configure:7820: gcc -c -g -O2  conftest.c >&5
configure:7820: $? = 0
configure:7820: result: yes
configure:7820: checking for inttypes.h
configure:7820: gcc -c -g -O2  conftest.c >&5
configure:7820: $? = 0
configure:7820: result: yes
configure:7820: checking for stdint.h
configure:7820: gcc -c -g -O2  conftest.c >&5
configure:7820: $? = 0
configure:7820: result: yes
configure:7820: checking for unistd.h
configure:7820: gcc -c -g -O2  conftest.c >&5
configure:7820: $? = 0
configure:7820: result: yes
configure:7834: checking for dlfcn.h
configure:7834: gcc -c -g -O2  conftest.c >&5
configure:7834: $? = 0
configure:7834: result: yes
configure:8040: checking for objdir
configure:8055: result: .libs
configure:8322: checking if gcc supports -fno-rtti -fno-exceptions
configure:8340: gcc -c -g -O2  -fno-rtti -fno-exceptions conftest.c >&5
cc1: warning: command line option '-fno-rtti' is valid for C++/ObjC++ but not for C [enabled by default]
configure:8344: $? = 0
configure:8357: result: no
configure:8684: checking for gcc option to produce PIC
configure:8691: result: -fPIC -DPIC
configure:8699: checking if gcc PIC flag -fPIC -DPIC works
configure:8717: gcc -c -g -O2  -fPIC -DPIC -DPIC conftest.c >&5
configure:8721: $? = 0
configure:8734: result: yes
configure:8763: checking if gcc static flag -static works
configure:8791: result: yes
configure:8806: checking if gcc supports -c -o file.o
configure:8827: gcc -c -g -O2  -o out/conftest2.o conftest.c >&5
configure:8831: $? = 0
configure:8853: result: yes
configure:8861: checking if gcc supports -c -o file.o
configure:8908: result: yes
configure:8941: checking whether the gcc linker (/usr/bin/ld) supports shared libraries
configure:10094: result: yes
configure:10131: checking whether -lc should be explicitly linked in
configure:10139: gcc -c -g -O2  conftest.c >&5
configure:10142: $? = 0
configure:10157: gcc -shared  -fPIC -DPIC conftest.o  -v -Wl,-soname -Wl,conftest -o conftest 2\>\&1 \| /bin/grep  -lc  \>/dev/null 2\>\&1
configure:10160: $? = 0
configure:10174: result: no
configure:10334: checking dynamic linker characteristics
configure:11080: result: no
configure:11187: checking how to hardcode library paths into programs
configure:11212: result: immediate
configure:11752: checking whether stripping libraries is possible
configure:11757: result: yes
configure:11792: checking if libtool supports shared libraries
configure:11794: result: no
configure:11797: checking whether to build shared libraries
configure:11818: result: no
configure:11821: checking whether to build static libraries
configure:11825: result: yes
configure:11864: checking for getisax
configure:11864: gcc -o conftest -g -O2   conftest.c  >&5
/tmp/ccxNtPxu.o: In function `main':
/home/mj10777/000_links/geopaparazzi/geopaparazzi.eu/libjsqlite-spatialite-android/libjsqlite-spatialite-android/spatialite-android-library/jni/pixman-0.32.4/conftest.c:57: undefined reference to `getisax'
collect2: error: ld returned 1 exit status
configure:11864: $? = 1
configure: failed program was:
| /* confdefs.h */
| #define PACKAGE_NAME "pixman"
| #define PACKAGE_TARNAME "pixman"
| #define PACKAGE_VERSION "0.32.4"
| #define PACKAGE_STRING "pixman 0.32.4"
| #define PACKAGE_BUGREPORT "pixman@lists.freedesktop.org"
| #define PACKAGE_URL ""
| #define PACKAGE "pixman"
| #define VERSION "0.32.4"
| #define STDC_HEADERS 1
| #define HAVE_SYS_TYPES_H 1
| #define HAVE_SYS_STAT_H 1
| #define HAVE_STDLIB_H 1
| #define HAVE_STRING_H 1
| #define HAVE_MEMORY_H 1
| #define HAVE_STRINGS_H 1
| #define HAVE_INTTYPES_H 1
| #define HAVE_STDINT_H 1
| #define HAVE_UNISTD_H 1
| #define HAVE_DLFCN_H 1
| #define LT_OBJDIR ".libs/"
| /* end confdefs.h.  */
| /* Define getisax to an innocuous variant, in case <limits.h> declares getisax.
|    For example, HP-UX 11i <limits.h> declares gettimeofday.  */
| #define getisax innocuous_getisax
| 
| /* System header to define __stub macros and hopefully few prototypes,
|     which can conflict with char getisax (); below.
|     Prefer <limits.h> to <assert.h> if __STDC__ is defined, since
|     <limits.h> exists even on freestanding compilers.  */
| 
| #ifdef __STDC__
| # include <limits.h>
| #else
| # include <assert.h>
| #endif
| 
| #undef getisax
| 
| /* Override any GCC internal prototype to avoid an error.
|    Use char because int might match the return type of a GCC
|    builtin and then its argument prototype would still apply.  */
| #ifdef __cplusplus
| extern "C"
| #endif
| char getisax ();
| /* The GNU C library defines this for functions which it implements
|     to always fail with ENOSYS.  Some functions are actually named
|     something starting with __ and the normal name is an alias.  */
| #if defined __stub_getisax || defined __stub___getisax
| choke me
| #endif
| 
| int
| main ()
| {
| return getisax ();
|   ;
|   return 0;
| }
configure:11864: result: no
configure:11873: checking whether byte ordering is bigendian
configure:11888: gcc -c -g -O2  conftest.c >&5
conftest.c:24:9: error: unknown type name 'not'
         not a universal capable compiler
         ^
conftest.c:24:15: error: expected '=', ',', ';', 'asm' or '__attribute__' before 'universal'
         not a universal capable compiler
               ^
conftest.c:24:15: error: unknown type name 'universal'
configure:11888: $? = 1
configure: failed program was:
| /* confdefs.h */
| #define PACKAGE_NAME "pixman"
| #define PACKAGE_TARNAME "pixman"
| #define PACKAGE_VERSION "0.32.4"
| #define PACKAGE_STRING "pixman 0.32.4"
| #define PACKAGE_BUGREPORT "pixman@lists.freedesktop.org"
| #define PACKAGE_URL ""
| #define PACKAGE "pixman"
| #define VERSION "0.32.4"
| #define STDC_HEADERS 1
| #define HAVE_SYS_TYPES_H 1
| #define HAVE_SYS_STAT_H 1
| #define HAVE_STDLIB_H 1
| #define HAVE_STRING_H 1
| #define HAVE_MEMORY_H 1
| #define HAVE_STRINGS_H 1
| #define HAVE_INTTYPES_H 1
| #define HAVE_STDINT_H 1
| #define HAVE_UNISTD_H 1
| #define HAVE_DLFCN_H 1
| #define LT_OBJDIR ".libs/"
| /* end confdefs.h.  */
| #ifndef __APPLE_CC__
| 	       not a universal capable compiler
| 	     #endif
| 	     typedef int dummy;
| 
configure:11933: gcc -c -g -O2  conftest.c >&5
configure:11933: $? = 0
configure:11951: gcc -c -g -O2  conftest.c >&5
conftest.c: In function 'main':
conftest.c:30:4: error: unknown type name 'not'
    not big endian
    ^
conftest.c:30:12: error: expected '=', ',', ';', 'asm' or '__attribute__' before 'endian'
    not big endian
            ^
configure:11951: $? = 1
configure: failed program was:
| /* confdefs.h */
| #define PACKAGE_NAME "pixman"
| #define PACKAGE_TARNAME "pixman"
| #define PACKAGE_VERSION "0.32.4"
| #define PACKAGE_STRING "pixman 0.32.4"
| #define PACKAGE_BUGREPORT "pixman@lists.freedesktop.org"
| #define PACKAGE_URL ""
| #define PACKAGE "pixman"
| #define VERSION "0.32.4"
| #define STDC_HEADERS 1
| #define HAVE_SYS_TYPES_H 1
| #define HAVE_SYS_STAT_H 1
| #define HAVE_STDLIB_H 1
| #define HAVE_STRING_H 1
| #define HAVE_MEMORY_H 1
| #define HAVE_STRINGS_H 1
| #define HAVE_INTTYPES_H 1
| #define HAVE_STDINT_H 1
| #define HAVE_UNISTD_H 1
| #define HAVE_DLFCN_H 1
| #define LT_OBJDIR ".libs/"
| /* end confdefs.h.  */
| #include <sys/types.h>
| 		#include <sys/param.h>
| 
| int
| main ()
| {
| #if BYTE_ORDER != BIG_ENDIAN
| 		 not big endian
| 		#endif
| 
|   ;
|   return 0;
| }
configure:12079: result: no
configure:12097: checking for inline
configure:12113: gcc -c -g -O2  conftest.c >&5
configure:12113: $? = 0
configure:12121: result: inline
configure:12145: checking whether the compiler supports -Werror
configure:12161: gcc -o conftest -g -O2 -Werror    conftest.c   >&5
configure:12161: $? = 0
configure:12184: result: yes
configure:12195: checking size of long
configure:12200: gcc -c -g -O2  conftest.c >&5
configure:12200: $? = 0
configure:12200: gcc -c -g -O2  conftest.c >&5
conftest.c: In function 'main':
conftest.c:59:12: error: size of array 'test_array' is negative
 static int test_array [1 - 2 * !(((long int) (sizeof (long))) <= 0)];
            ^
configure:12200: $? = 1
configure: failed program was:
| /* confdefs.h */
| #define PACKAGE_NAME "pixman"
| #define PACKAGE_TARNAME "pixman"
| #define PACKAGE_VERSION "0.32.4"
| #define PACKAGE_STRING "pixman 0.32.4"
| #define PACKAGE_BUGREPORT "pixman@lists.freedesktop.org"
| #define PACKAGE_URL ""
| #define PACKAGE "pixman"
| #define VERSION "0.32.4"
| #define STDC_HEADERS 1
| #define HAVE_SYS_TYPES_H 1
| #define HAVE_SYS_STAT_H 1
| #define HAVE_STDLIB_H 1
| #define HAVE_STRING_H 1
| #define HAVE_MEMORY_H 1
| #define HAVE_STRINGS_H 1
| #define HAVE_INTTYPES_H 1
| #define HAVE_STDINT_H 1
| #define HAVE_UNISTD_H 1
| #define HAVE_DLFCN_H 1
| #define LT_OBJDIR ".libs/"
| /* end confdefs.h.  */
| #include <stdio.h>
| #ifdef HAVE_SYS_TYPES_H
| # include <sys/types.h>
| #endif
| #ifdef HAVE_SYS_STAT_H
| # include <sys/stat.h>
| #endif
| #ifdef STDC_HEADERS
| # include <stdlib.h>
| # include <stddef.h>
| #else
| # ifdef HAVE_STDLIB_H
| #  include <stdlib.h>
| # endif
| #endif
| #ifdef HAVE_STRING_H
| # if !defined STDC_HEADERS && defined HAVE_MEMORY_H
| #  include <memory.h>
| # endif
| # include <string.h>
| #endif
| #ifdef HAVE_STRINGS_H
| # include <strings.h>
| #endif
| #ifdef HAVE_INTTYPES_H
| # include <inttypes.h>
| #endif
| #ifdef HAVE_STDINT_H
| # include <stdint.h>
| #endif
| #ifdef HAVE_UNISTD_H
| # include <unistd.h>
| #endif
| int
| main ()
| {
| static int test_array [1 - 2 * !(((long int) (sizeof (long))) <= 0)];
| test_array [0] = 0;
| return test_array [0];
| 
|   ;
|   return 0;
| }
configure:12200: gcc -c -g -O2  conftest.c >&5
conftest.c: In function 'main':
conftest.c:59:12: error: size of array 'test_array' is negative
 static int test_array [1 - 2 * !(((long int) (sizeof (long))) <= 1)];
            ^
configure:12200: $? = 1
configure: failed program was:
| /* confdefs.h */
| #define PACKAGE_NAME "pixman"
| #define PACKAGE_TARNAME "pixman"
| #define PACKAGE_VERSION "0.32.4"
| #define PACKAGE_STRING "pixman 0.32.4"
| #define PACKAGE_BUGREPORT "pixman@lists.freedesktop.org"
| #define PACKAGE_URL ""
| #define PACKAGE "pixman"
| #define VERSION "0.32.4"
| #define STDC_HEADERS 1
| #define HAVE_SYS_TYPES_H 1
| #define HAVE_SYS_STAT_H 1
| #define HAVE_STDLIB_H 1
| #define HAVE_STRING_H 1
| #define HAVE_MEMORY_H 1
| #define HAVE_STRINGS_H 1
| #define HAVE_INTTYPES_H 1
| #define HAVE_STDINT_H 1
| #define HAVE_UNISTD_H 1
| #define HAVE_DLFCN_H 1
| #define LT_OBJDIR ".libs/"
| /* end confdefs.h.  */
| #include <stdio.h>
| #ifdef HAVE_SYS_TYPES_H
| # include <sys/types.h>
| #endif
| #ifdef HAVE_SYS_STAT_H
| # include <sys/stat.h>
| #endif
| #ifdef STDC_HEADERS
| # include <stdlib.h>
| # include <stddef.h>
| #else
| # ifdef HAVE_STDLIB_H
| #  include <stdlib.h>
| # endif
| #endif
| #ifdef HAVE_STRING_H
| # if !defined STDC_HEADERS && defined HAVE_MEMORY_H
| #  include <memory.h>
| # endif
| # include <string.h>
| #endif
| #ifdef HAVE_STRINGS_H
| # include <strings.h>
| #endif
| #ifdef HAVE_INTTYPES_H
| # include <inttypes.h>
| #endif
| #ifdef HAVE_STDINT_H
| # include <stdint.h>
| #endif
| #ifdef HAVE_UNISTD_H
| # include <unistd.h>
| #endif
| int
| main ()
| {
| static int test_array [1 - 2 * !(((long int) (sizeof (long))) <= 1)];
| test_array [0] = 0;
| return test_array [0];
| 
|   ;
|   return 0;
| }
configure:12200: gcc -c -g -O2  conftest.c >&5
conftest.c: In function 'main':
conftest.c:59:12: error: size of array 'test_array' is negative
 static int test_array [1 - 2 * !(((long int) (sizeof (long))) <= 3)];
            ^
configure:12200: $? = 1
configure: failed program was:
| /* confdefs.h */
| #define PACKAGE_NAME "pixman"
| #define PACKAGE_TARNAME "pixman"
| #define PACKAGE_VERSION "0.32.4"
| #define PACKAGE_STRING "pixman 0.32.4"
| #define PACKAGE_BUGREPORT "pixman@lists.freedesktop.org"
| #define PACKAGE_URL ""
| #define PACKAGE "pixman"
| #define VERSION "0.32.4"
| #define STDC_HEADERS 1
| #define HAVE_SYS_TYPES_H 1
| #define HAVE_SYS_STAT_H 1
| #define HAVE_STDLIB_H 1
| #define HAVE_STRING_H 1
| #define HAVE_MEMORY_H 1
| #define HAVE_STRINGS_H 1
| #define HAVE_INTTYPES_H 1
| #define HAVE_STDINT_H 1
| #define HAVE_UNISTD_H 1
| #define HAVE_DLFCN_H 1
| #define LT_OBJDIR ".libs/"
| /* end confdefs.h.  */
| #include <stdio.h>
| #ifdef HAVE_SYS_TYPES_H
| # include <sys/types.h>
| #endif
| #ifdef HAVE_SYS_STAT_H
| # include <sys/stat.h>
| #endif
| #ifdef STDC_HEADERS
| # include <stdlib.h>
| # include <stddef.h>
| #else
| # ifdef HAVE_STDLIB_H
| #  include <stdlib.h>
| # endif
| #endif
| #ifdef HAVE_STRING_H
| # if !defined STDC_HEADERS && defined HAVE_MEMORY_H
| #  include <memory.h>
| # endif
| # include <string.h>
| #endif
| #ifdef HAVE_STRINGS_H
| # include <strings.h>
| #endif
| #ifdef HAVE_INTTYPES_H
| # include <inttypes.h>
| #endif
| #ifdef HAVE_STDINT_H
| # include <stdint.h>
| #endif
| #ifdef HAVE_UNISTD_H
| # include <unistd.h>
| #endif
| int
| main ()
| {
| static int test_array [1 - 2 * !(((long int) (sizeof (long))) <= 3)];
| test_array [0] = 0;
| return test_array [0];
| 
|   ;
|   return 0;
| }
configure:12200: gcc -c -g -O2  conftest.c >&5
conftest.c: In function 'main':
conftest.c:59:12: error: size of array 'test_array' is negative
 static int test_array [1 - 2 * !(((long int) (sizeof (long))) <= 7)];
            ^
configure:12200: $? = 1
configure: failed program was:
| /* confdefs.h */
| #define PACKAGE_NAME "pixman"
| #define PACKAGE_TARNAME "pixman"
| #define PACKAGE_VERSION "0.32.4"
| #define PACKAGE_STRING "pixman 0.32.4"
| #define PACKAGE_BUGREPORT "pixman@lists.freedesktop.org"
| #define PACKAGE_URL ""
| #define PACKAGE "pixman"
| #define VERSION "0.32.4"
| #define STDC_HEADERS 1
| #define HAVE_SYS_TYPES_H 1
| #define HAVE_SYS_STAT_H 1
| #define HAVE_STDLIB_H 1
| #define HAVE_STRING_H 1
| #define HAVE_MEMORY_H 1
| #define HAVE_STRINGS_H 1
| #define HAVE_INTTYPES_H 1
| #define HAVE_STDINT_H 1
| #define HAVE_UNISTD_H 1
| #define HAVE_DLFCN_H 1
| #define LT_OBJDIR ".libs/"
| /* end confdefs.h.  */
| #include <stdio.h>
| #ifdef HAVE_SYS_TYPES_H
| # include <sys/types.h>
| #endif
| #ifdef HAVE_SYS_STAT_H
| # include <sys/stat.h>
| #endif
| #ifdef STDC_HEADERS
| # include <stdlib.h>
| # include <stddef.h>
| #else
| # ifdef HAVE_STDLIB_H
| #  include <stdlib.h>
| # endif
| #endif
| #ifdef HAVE_STRING_H
| # if !defined STDC_HEADERS && defined HAVE_MEMORY_H
| #  include <memory.h>
| # endif
| # include <string.h>
| #endif
| #ifdef HAVE_STRINGS_H
| # include <strings.h>
| #endif
| #ifdef HAVE_INTTYPES_H
| # include <inttypes.h>
| #endif
| #ifdef HAVE_STDINT_H
| # include <stdint.h>
| #endif
| #ifdef HAVE_UNISTD_H
| # include <unistd.h>
| #endif
| int
| main ()
| {
| static int test_array [1 - 2 * !(((long int) (sizeof (long))) <= 7)];
| test_array [0] = 0;
| return test_array [0];
| 
|   ;
|   return 0;
| }
configure:12200: gcc -c -g -O2  conftest.c >&5
configure:12200: $? = 0
configure:12200: gcc -c -g -O2  conftest.c >&5
configure:12200: $? = 0
configure:12200: gcc -c -g -O2  conftest.c >&5
configure:12200: $? = 0
configure:12200: gcc -c -g -O2  conftest.c >&5
configure:12200: $? = 0
configure:12214: result: 8
configure:12226: checking whether __SUNPRO_C is declared
configure:12226: gcc -c -g -O2  conftest.c >&5
conftest.c: In function 'main':
conftest.c:64:10: error: '__SUNPRO_C' undeclared (first use in this function)
   (void) __SUNPRO_C;
          ^
conftest.c:64:10: note: each undeclared identifier is reported only once for each function it appears in
configure:12226: $? = 1
configure: failed program was:
| /* confdefs.h */
| #define PACKAGE_NAME "pixman"
| #define PACKAGE_TARNAME "pixman"
| #define PACKAGE_VERSION "0.32.4"
| #define PACKAGE_STRING "pixman 0.32.4"
| #define PACKAGE_BUGREPORT "pixman@lists.freedesktop.org"
| #define PACKAGE_URL ""
| #define PACKAGE "pixman"
| #define VERSION "0.32.4"
| #define STDC_HEADERS 1
| #define HAVE_SYS_TYPES_H 1
| #define HAVE_SYS_STAT_H 1
| #define HAVE_STDLIB_H 1
| #define HAVE_STRING_H 1
| #define HAVE_MEMORY_H 1
| #define HAVE_STRINGS_H 1
| #define HAVE_INTTYPES_H 1
| #define HAVE_STDINT_H 1
| #define HAVE_UNISTD_H 1
| #define HAVE_DLFCN_H 1
| #define LT_OBJDIR ".libs/"
| #define SIZEOF_LONG 8
| /* end confdefs.h.  */
| #include <stdio.h>
| #ifdef HAVE_SYS_TYPES_H
| # include <sys/types.h>
| #endif
| #ifdef HAVE_SYS_STAT_H
| # include <sys/stat.h>
| #endif
| #ifdef STDC_HEADERS
| # include <stdlib.h>
| # include <stddef.h>
| #else
| # ifdef HAVE_STDLIB_H
| #  include <stdlib.h>
| # endif
| #endif
| #ifdef HAVE_STRING_H
| # if !defined STDC_HEADERS && defined HAVE_MEMORY_H
| #  include <memory.h>
| # endif
| # include <string.h>
| #endif
| #ifdef HAVE_STRINGS_H
| # include <strings.h>
| #endif
| #ifdef HAVE_INTTYPES_H
| # include <inttypes.h>
| #endif
| #ifdef HAVE_STDINT_H
| # include <stdint.h>
| #endif
| #ifdef HAVE_UNISTD_H
| # include <unistd.h>
| #endif
| int
| main ()
| {
| #ifndef __SUNPRO_C
| #ifdef __cplusplus
|   (void) __SUNPRO_C;
| #else
|   (void) __SUNPRO_C;
| #endif
| #endif
| 
|   ;
|   return 0;
| }
configure:12226: result: no
configure:12233: checking whether __amd64 is declared
configure:12233: gcc -c -g -O2  conftest.c >&5
configure:12233: $? = 0
configure:12233: result: yes
configure:12274: checking whether the compiler supports -Wall
configure:12292: gcc -o conftest -g -O2 -Werror -Wall    conftest.c   >&5
configure:12292: $? = 0
configure:12318: result: yes
configure:12321: checking whether the compiler supports -Wdeclaration-after-statement
configure:12339: gcc -o conftest -g -O2 -Wall -Werror -Wdeclaration-after-statement    conftest.c   >&5
configure:12339: $? = 0
configure:12365: result: yes
configure:12368: checking whether the compiler supports -fno-strict-aliasing
configure:12386: gcc -o conftest -g -O2 -Wall -Wdeclaration-after-statement -Werror -fno-strict-aliasing    conftest.c   >&5
configure:12386: $? = 0
configure:12412: result: yes
configure:12427: checking for gcc option to support OpenMP
configure:12442: gcc -o conftest -g -O2 -Wall -Wdeclaration-after-statement -fno-strict-aliasing   conftest.c  >&5
conftest.c:26:2: error: unknown type name 'choke'
  choke me
  ^
In file included from conftest.c:28:0:
/usr/lib/gcc/x86_64-linux-gnu/4.8/include/omp.h:34:1: error: expected '=', ',', ';', 'asm' or '__attribute__' before 'typedef'
 typedef struct
 ^
configure:12442: $? = 1
configure: failed program was:
| /* confdefs.h */
| #define PACKAGE_NAME "pixman"
| #define PACKAGE_TARNAME "pixman"
| #define PACKAGE_VERSION "0.32.4"
| #define PACKAGE_STRING "pixman 0.32.4"
| #define PACKAGE_BUGREPORT "pixman@lists.freedesktop.org"
| #define PACKAGE_URL ""
| #define PACKAGE "pixman"
| #define VERSION "0.32.4"
| #define STDC_HEADERS 1
| #define HAVE_SYS_TYPES_H 1
| #define HAVE_SYS_STAT_H 1
| #define HAVE_STDLIB_H 1
| #define HAVE_STRING_H 1
| #define HAVE_MEMORY_H 1
| #define HAVE_STRINGS_H 1
| #define HAVE_INTTYPES_H 1
| #define HAVE_STDINT_H 1
| #define HAVE_UNISTD_H 1
| #define HAVE_DLFCN_H 1
| #define LT_OBJDIR ".libs/"
| #define SIZEOF_LONG 8
| /* end confdefs.h.  */
| 
| #ifndef _OPENMP
|  choke me
| #endif
| #include <omp.h>
| int main () { return omp_get_num_threads (); }
| 
configure:12460: gcc -o conftest -g -O2 -Wall -Wdeclaration-after-statement -fno-strict-aliasing -fopenmp   conftest.c  >&5
configure:12460: $? = 0
configure:12474: result: -fopenmp
configure:12540: gcc -o conftest -g -O2 -Wall -Wdeclaration-after-statement -fno-strict-aliasing -fopenmp   -fopenmp conftest.c   >&5
configure:12540: $? = 0
configure:12572: checking whether the compiler supports -fvisibility=hidden
configure:12597: gcc -o conftest -g -O2 -Wall -Wdeclaration-after-statement -fno-strict-aliasing -Werror -fvisibility=hidden    conftest.c   >&5
configure:12597: $? = 0
configure:12623: result: yes
configure:12627: checking whether the compiler supports -xldscope=hidden
configure:12649: gcc -o conftest -g -O2 -Wall -Wdeclaration-after-statement -fno-strict-aliasing -fvisibility=hidden -Werror -xldscope=hidden    conftest.c   >&5
gcc: error: language ldscope=hidden not recognized
gcc: error: language ldscope=hidden not recognized
configure:12649: $? = 1
configure: failed program was:
| /* confdefs.h */
| #define PACKAGE_NAME "pixman"
| #define PACKAGE_TARNAME "pixman"
| #define PACKAGE_VERSION "0.32.4"
| #define PACKAGE_STRING "pixman 0.32.4"
| #define PACKAGE_BUGREPORT "pixman@lists.freedesktop.org"
| #define PACKAGE_URL ""
| #define PACKAGE "pixman"
| #define VERSION "0.32.4"
| #define STDC_HEADERS 1
| #define HAVE_SYS_TYPES_H 1
| #define HAVE_SYS_STAT_H 1
| #define HAVE_STDLIB_H 1
| #define HAVE_STRING_H 1
| #define HAVE_MEMORY_H 1
| #define HAVE_STRINGS_H 1
| #define HAVE_INTTYPES_H 1
| #define HAVE_STDINT_H 1
| #define HAVE_UNISTD_H 1
| #define HAVE_DLFCN_H 1
| #define LT_OBJDIR ".libs/"
| #define SIZEOF_LONG 8
| #define USE_OPENMP 1
| /* end confdefs.h.  */
| #if defined(__SUNPRO_C) && (__SUNPRO_C >= 0x550)
| #else
| #error Need Sun Studio 8 for visibility
| #endif
| 
| 		 int main(int c, char **v) { (void)c; (void)v; return 0; }
| 
configure:12675: result: no
configure:12685: checking whether to use Loongson MMI assembler
configure:12710: gcc -o conftest  -march=loongson2f -g -O2 -Wall -Wdeclaration-after-statement -fno-strict-aliasing -fvisibility=hidden -I.   conftest.c  >&5
conftest.c:1:0: error: bad value (loongson2f) for -march= switch
 /* confdefs.h */
 ^
configure:12710: $? = 1
configure: failed program was:
| /* confdefs.h */
| #define PACKAGE_NAME "pixman"
| #define PACKAGE_TARNAME "pixman"
| #define PACKAGE_VERSION "0.32.4"
| #define PACKAGE_STRING "pixman 0.32.4"
| #define PACKAGE_BUGREPORT "pixman@lists.freedesktop.org"
| #define PACKAGE_URL ""
| #define PACKAGE "pixman"
| #define VERSION "0.32.4"
| #define STDC_HEADERS 1
| #define HAVE_SYS_TYPES_H 1
| #define HAVE_SYS_STAT_H 1
| #define HAVE_STDLIB_H 1
| #define HAVE_STRING_H 1
| #define HAVE_MEMORY_H 1
| #define HAVE_STRINGS_H 1
| #define HAVE_INTTYPES_H 1
| #define HAVE_STDINT_H 1
| #define HAVE_UNISTD_H 1
| #define HAVE_DLFCN_H 1
| #define LT_OBJDIR ".libs/"
| #define SIZEOF_LONG 8
| #define USE_OPENMP 1
| /* end confdefs.h.  */
| 
| #ifndef __mips_loongson_vector_rev
| #error "Loongson Multimedia Instructions are only available on Loongson"
| #endif
| #if defined(__GNUC__) && (__GNUC__ < 4 || (__GNUC__ == 4 && __GNUC_MINOR__ < 4))
| #error "Need GCC >= 4.4 for Loongson MMI compilation"
| #endif
| #include "pixman/loongson-mmintrin.h"
| int main () {
|     union {
|         __m64 v;
|         char c[8];
|     } a = { .c = {1, 2, 3, 4, 5, 6, 7, 8} };
|     int b = 4;
|     __m64 c = _mm_srli_pi16 (a.v, b);
|     return 0;
| }
configure:12737: result: no
configure:12767: checking whether to use MMX intrinsics
configure:12797: gcc -c -mmmx -Winline -g -O2 -Wall -Wdeclaration-after-statement -fno-strict-aliasing -fvisibility=hidden  conftest.c >&5
configure:12797: $? = 0
configure:12823: result: yes
configure:12851: checking whether to use SSE2 intrinsics
configure:12873: gcc -c -msse2 -Winline -g -O2 -Wall -Wdeclaration-after-statement -fno-strict-aliasing -fvisibility=hidden  conftest.c >&5
conftest.c: In function 'main':
conftest.c:36:61: warning: variable 'c' set but not used [-Wunused-but-set-variable]
     __m128i a = _mm_set1_epi32 (0), b = _mm_set1_epi32 (0), c;
                                                             ^
configure:12873: $? = 0
configure:12897: result: yes
configure:12918: checking whether to use SSSE3 intrinsics
configure:12936: gcc -c -mssse3 -Winline -g -O2 -Wall -Wdeclaration-after-statement -fno-strict-aliasing -fvisibility=hidden  conftest.c >&5
conftest.c: In function 'main':
conftest.c:33:61: warning: variable 'c' set but not used [-Wunused-but-set-variable]
     __m128i a = _mm_set1_epi32 (0), b = _mm_set1_epi32 (0), c;
                                                             ^
configure:12936: $? = 0
configure:12960: result: yes
configure:13027: checking whether to use VMX/Altivec intrinsics
configure:13044: gcc -c -maltivec -mabi=altivec -g -O2 -Wall -Wdeclaration-after-statement -fno-strict-aliasing -fvisibility=hidden  conftest.c >&5
gcc: error: unrecognized argument in option '-mabi=altivec'
gcc: note: valid arguments to '-mabi=' are: ms sysv
gcc: error: unrecognized command line option '-maltivec'
configure:13044: $? = 1
configure: failed program was:
| /* confdefs.h */
| #define PACKAGE_NAME "pixman"
| #define PACKAGE_TARNAME "pixman"
| #define PACKAGE_VERSION "0.32.4"
| #define PACKAGE_STRING "pixman 0.32.4"
| #define PACKAGE_BUGREPORT "pixman@lists.freedesktop.org"
| #define PACKAGE_URL ""
| #define PACKAGE "pixman"
| #define VERSION "0.32.4"
| #define STDC_HEADERS 1
| #define HAVE_SYS_TYPES_H 1
| #define HAVE_SYS_STAT_H 1
| #define HAVE_STDLIB_H 1
| #define HAVE_STRING_H 1
| #define HAVE_MEMORY_H 1
| #define HAVE_STRINGS_H 1
| #define HAVE_INTTYPES_H 1
| #define HAVE_STDINT_H 1
| #define HAVE_UNISTD_H 1
| #define HAVE_DLFCN_H 1
| #define LT_OBJDIR ".libs/"
| #define SIZEOF_LONG 8
| #define USE_OPENMP 1
| #define USE_X86_MMX 1
| #define USE_SSE2 1
| #define USE_SSSE3 1
| /* end confdefs.h.  */
| 
| #if defined(__GNUC__) && (__GNUC__ < 3 || (__GNUC__ == 3 && __GNUC_MINOR__ < 4))
| #error "Need GCC >= 3.4 for sane altivec support"
| #endif
| #include <altivec.h>
| int main () {
|     vector unsigned int v = vec_splat_u32 (1);
|     v = vec_sub (v, v);
|     return 0;
| }
configure:13070: result: no
configure:13088: checking whether to use ARM SIMD assembler
configure:13106: gcc -c -x assembler-with-cpp -g -O2 -Wall -Wdeclaration-after-statement -fno-strict-aliasing -fvisibility=hidden  conftest.c >&5
conftest.c:35:2: error: #error EABI is required (to be sure that calling conventions are compatible)
 #error EABI is required (to be sure that calling conventions are compatible)
  ^
configure:13106: $? = 1
configure: failed program was:
| /* confdefs.h */
| #define PACKAGE_NAME "pixman"
| #define PACKAGE_TARNAME "pixman"
| #define PACKAGE_VERSION "0.32.4"
| #define PACKAGE_STRING "pixman 0.32.4"
| #define PACKAGE_BUGREPORT "pixman@lists.freedesktop.org"
| #define PACKAGE_URL ""
| #define PACKAGE "pixman"
| #define VERSION "0.32.4"
| #define STDC_HEADERS 1
| #define HAVE_SYS_TYPES_H 1
| #define HAVE_SYS_STAT_H 1
| #define HAVE_STDLIB_H 1
| #define HAVE_STRING_H 1
| #define HAVE_MEMORY_H 1
| #define HAVE_STRINGS_H 1
| #define HAVE_INTTYPES_H 1
| #define HAVE_STDINT_H 1
| #define HAVE_UNISTD_H 1
| #define HAVE_DLFCN_H 1
| #define LT_OBJDIR ".libs/"
| #define SIZEOF_LONG 8
| #define USE_OPENMP 1
| #define USE_X86_MMX 1
| #define USE_SSE2 1
| #define USE_SSSE3 1
| /* end confdefs.h.  */
| 
| .text
| .arch armv6
| .object_arch armv4
| .arm
| .altmacro
| #ifndef __ARM_EABI__
| #error EABI is required (to be sure that calling conventions are compatible)
| #endif
| pld [r0]
| uqadd8 r0, r0, r0
configure:13139: result: no
configure:13146: checking whether to use ARM NEON assembler
configure:13166: gcc -c -x assembler-with-cpp -g -O2 -Wall -Wdeclaration-after-statement -fno-strict-aliasing -fvisibility=hidden  conftest.c >&5
conftest.c:37:2: error: #error EABI is required (to be sure that calling conventions are compatible)
 #error EABI is required (to be sure that calling conventions are compatible)
  ^
configure:13166: $? = 1
configure: failed program was:
| /* confdefs.h */
| #define PACKAGE_NAME "pixman"
| #define PACKAGE_TARNAME "pixman"
| #define PACKAGE_VERSION "0.32.4"
| #define PACKAGE_STRING "pixman 0.32.4"
| #define PACKAGE_BUGREPORT "pixman@lists.freedesktop.org"
| #define PACKAGE_URL ""
| #define PACKAGE "pixman"
| #define VERSION "0.32.4"
| #define STDC_HEADERS 1
| #define HAVE_SYS_TYPES_H 1
| #define HAVE_SYS_STAT_H 1
| #define HAVE_STDLIB_H 1
| #define HAVE_STRING_H 1
| #define HAVE_MEMORY_H 1
| #define HAVE_STRINGS_H 1
| #define HAVE_INTTYPES_H 1
| #define HAVE_STDINT_H 1
| #define HAVE_UNISTD_H 1
| #define HAVE_DLFCN_H 1
| #define LT_OBJDIR ".libs/"
| #define SIZEOF_LONG 8
| #define USE_OPENMP 1
| #define USE_X86_MMX 1
| #define USE_SSE2 1
| #define USE_SSSE3 1
| /* end confdefs.h.  */
| 
| .text
| .fpu neon
| .arch armv7a
| .object_arch armv4
| .eabi_attribute 10, 0
| .arm
| .altmacro
| #ifndef __ARM_EABI__
| #error EABI is required (to be sure that calling conventions are compatible)
| #endif
| pld [r0]
| vmovn.u16 d0, q0
configure:13199: result: no
configure:13230: checking whether to use ARM IWMMXT intrinsics
configure:13256: gcc -c -g -O2 -Wall -Wdeclaration-after-statement -fno-strict-aliasing -fvisibility=hidden -flax-vector-conversions -Winline -march=iwmmxt2  conftest.c >&5
conftest.c:1:0: error: bad value (iwmmxt2) for -march= switch
 /* confdefs.h */
 ^
configure:13256: $? = 1
configure: failed program was:
| /* confdefs.h */
| #define PACKAGE_NAME "pixman"
| #define PACKAGE_TARNAME "pixman"
| #define PACKAGE_VERSION "0.32.4"
| #define PACKAGE_STRING "pixman 0.32.4"
| #define PACKAGE_BUGREPORT "pixman@lists.freedesktop.org"
| #define PACKAGE_URL ""
| #define PACKAGE "pixman"
| #define VERSION "0.32.4"
| #define STDC_HEADERS 1
| #define HAVE_SYS_TYPES_H 1
| #define HAVE_SYS_STAT_H 1
| #define HAVE_STDLIB_H 1
| #define HAVE_STRING_H 1
| #define HAVE_MEMORY_H 1
| #define HAVE_STRINGS_H 1
| #define HAVE_INTTYPES_H 1
| #define HAVE_STDINT_H 1
| #define HAVE_UNISTD_H 1
| #define HAVE_DLFCN_H 1
| #define LT_OBJDIR ".libs/"
| #define SIZEOF_LONG 8
| #define USE_OPENMP 1
| #define USE_X86_MMX 1
| #define USE_SSE2 1
| #define USE_SSSE3 1
| /* end confdefs.h.  */
| 
| #ifndef __arm__
| #error "IWMMXT is only available on ARM"
| #endif
| #ifndef __IWMMXT__
| #error "IWMMXT not enabled (with -march=iwmmxt)"
| #endif
| #if defined(__GNUC__) && (__GNUC__ < 4 || (__GNUC__ == 4 && __GNUC_MINOR__ < 8))
| #error "Need GCC >= 4.8 for IWMMXT intrinsics"
| #endif
| #include <mmintrin.h>
| int main () {
| 	union {
| 		__m64 v;
| 		char c[8];
| 	} a = { .c = {1, 2, 3, 4, 5, 6, 7, 8} };
| 	int b = 4;
| 	__m64 c = _mm_srli_si64 (a.v, b);
| }
configure:13274: result: no
configure:13291: checking whether to use MIPS DSPr2 assembler
configure:13314: gcc -c -mdspr2 -g -O2 -Wall -Wdeclaration-after-statement -fno-strict-aliasing -fvisibility=hidden  conftest.c >&5
gcc: error: unrecognized command line option '-mdspr2'
configure:13314: $? = 1
configure: failed program was:
| /* confdefs.h */
| #define PACKAGE_NAME "pixman"
| #define PACKAGE_TARNAME "pixman"
| #define PACKAGE_VERSION "0.32.4"
| #define PACKAGE_STRING "pixman 0.32.4"
| #define PACKAGE_BUGREPORT "pixman@lists.freedesktop.org"
| #define PACKAGE_URL ""
| #define PACKAGE "pixman"
| #define VERSION "0.32.4"
| #define STDC_HEADERS 1
| #define HAVE_SYS_TYPES_H 1
| #define HAVE_SYS_STAT_H 1
| #define HAVE_STDLIB_H 1
| #define HAVE_STRING_H 1
| #define HAVE_MEMORY_H 1
| #define HAVE_STRINGS_H 1
| #define HAVE_INTTYPES_H 1
| #define HAVE_STDINT_H 1
| #define HAVE_UNISTD_H 1
| #define HAVE_DLFCN_H 1
| #define LT_OBJDIR ".libs/"
| #define SIZEOF_LONG 8
| #define USE_OPENMP 1
| #define USE_X86_MMX 1
| #define USE_SSE2 1
| #define USE_SSSE3 1
| /* end confdefs.h.  */
| 
| #if !(defined(__mips__) &&  __mips_isa_rev >= 2)
| #error MIPS DSPr2 is currently only available on MIPS32r2 platforms.
| #endif
| int
| main ()
| {
|     int c = 0, a = 0, b = 0;
|     __asm__ __volatile__ (
|         "precr.qb.ph %[c], %[a], %[b]          \n\t"
|         : [c] "=r" (c)
|         : [a] "r" (a), [b] "r" (b)
|     );
|     return c;
| }
configure:13347: result: no
configure:13355: checking whether to use GNU-style inline assembler
configure:13366: gcc -c -g -O2 -Wall -Wdeclaration-after-statement -fno-strict-aliasing -fvisibility=hidden  conftest.c >&5
configure:13366: $? = 0
configure:13389: result: yes
configure:13455: checking for arm-linux-eabi-pkg-config
configure:13488: result: no
configure:13498: checking for pkg-config
configure:13516: found /usr/bin/pkg-config
configure:13528: result: /usr/bin/pkg-config
configure:13553: checking pkg-config is at least version 0.9.0
configure:13556: result: yes
configure:13705: checking for pixman_version_string in -lpixman-1
configure:13730: gcc -o conftest -g -O2 -Wall -Wdeclaration-after-statement -fno-strict-aliasing -fvisibility=hidden   conftest.c -lpixman-1   >&5
configure:13730: $? = 0
configure:13739: result: yes
configure:13752: checking for GTK
configure:13759: $PKG_CONFIG --exists --print-errors "gtk+-2.0 >= 2.16 pixman-1"
configure:13762: $? = 0
configure:13776: $PKG_CONFIG --exists --print-errors "gtk+-2.0 >= 2.16 pixman-1"
configure:13779: $? = 0
configure:13817: result: yes
configure:13836: checking for posix_memalign
configure:13836: gcc -o conftest -g -O2 -Wall -Wdeclaration-after-statement -fno-strict-aliasing -fvisibility=hidden   conftest.c  >&5
configure:13836: $? = 0
configure:13836: result: yes
configure:13849: checking for sigaction
configure:13849: gcc -o conftest -g -O2 -Wall -Wdeclaration-after-statement -fno-strict-aliasing -fvisibility=hidden   conftest.c  >&5
configure:13849: $? = 0
configure:13849: result: yes
configure:13862: checking for alarm
configure:13862: gcc -o conftest -g -O2 -Wall -Wdeclaration-after-statement -fno-strict-aliasing -fvisibility=hidden   conftest.c  >&5
configure:13862: $? = 0
configure:13862: result: yes
configure:13875: checking sys/mman.h usability
configure:13875: gcc -c -g -O2 -Wall -Wdeclaration-after-statement -fno-strict-aliasing -fvisibility=hidden  conftest.c >&5
configure:13875: $? = 0
configure:13875: result: yes
configure:13875: checking sys/mman.h presence
configure:13875: gcc -E  conftest.c
configure:13875: $? = 0
configure:13875: result: yes
configure:13875: checking for sys/mman.h
configure:13875: result: yes
configure:13884: checking for mmap
configure:13884: gcc -o conftest -g -O2 -Wall -Wdeclaration-after-statement -fno-strict-aliasing -fvisibility=hidden   conftest.c  >&5
configure:13884: $? = 0
configure:13884: result: yes
configure:13897: checking for mprotect
configure:13897: gcc -o conftest -g -O2 -Wall -Wdeclaration-after-statement -fno-strict-aliasing -fvisibility=hidden   conftest.c  >&5
configure:13897: $? = 0
configure:13897: result: yes
configure:13910: checking for getpagesize
configure:13910: gcc -o conftest -g -O2 -Wall -Wdeclaration-after-statement -fno-strict-aliasing -fvisibility=hidden   conftest.c  >&5
configure:13910: $? = 0
configure:13910: result: yes
configure:13923: checking fenv.h usability
configure:13923: gcc -c -g -O2 -Wall -Wdeclaration-after-statement -fno-strict-aliasing -fvisibility=hidden  conftest.c >&5
configure:13923: $? = 0
configure:13923: result: yes
configure:13923: checking fenv.h presence
configure:13923: gcc -E  conftest.c
configure:13923: $? = 0
configure:13923: result: yes
configure:13923: checking for fenv.h
configure:13923: result: yes
configure:13932: checking for feenableexcept in -lm
configure:13957: gcc -o conftest -g -O2 -Wall -Wdeclaration-after-statement -fno-strict-aliasing -fvisibility=hidden   conftest.c -lm   >&5
configure:13957: $? = 0
configure:13966: result: yes
configure:13980: checking for gettimeofday
configure:13980: gcc -o conftest -g -O2 -Wall -Wdeclaration-after-statement -fno-strict-aliasing -fvisibility=hidden   conftest.c  >&5
configure:13980: $? = 0
configure:13980: result: yes
configure:13987: checking sys/time.h usability
configure:13987: gcc -c -g -O2 -Wall -Wdeclaration-after-statement -fno-strict-aliasing -fvisibility=hidden  conftest.c >&5
configure:13987: $? = 0
configure:13987: result: yes
configure:13987: checking sys/time.h presence
configure:13987: gcc -E  conftest.c
configure:13987: $? = 0
configure:13987: result: yes
configure:13987: checking for sys/time.h
configure:13987: result: yes
configure:14002: checking for library containing sqrtf
configure:14033: gcc -o conftest -g -O2 -Wall -Wdeclaration-after-statement -fno-strict-aliasing -fvisibility=hidden   conftest.c  >&5
conftest.c:46:6: warning: conflicting types for built-in function 'sqrtf' [enabled by default]
 char sqrtf ();
      ^
/tmp/ccdM1HZP.o: In function `main':
/home/mj10777/000_links/geopaparazzi/geopaparazzi.eu/libjsqlite-spatialite-android/libjsqlite-spatialite-android/spatialite-android-library/jni/pixman-0.32.4/conftest.c:50: undefined reference to `sqrtf'
collect2: error: ld returned 1 exit status
configure:14033: $? = 1
configure: failed program was:
| /* confdefs.h */
| #define PACKAGE_NAME "pixman"
| #define PACKAGE_TARNAME "pixman"
| #define PACKAGE_VERSION "0.32.4"
| #define PACKAGE_STRING "pixman 0.32.4"
| #define PACKAGE_BUGREPORT "pixman@lists.freedesktop.org"
| #define PACKAGE_URL ""
| #define PACKAGE "pixman"
| #define VERSION "0.32.4"
| #define STDC_HEADERS 1
| #define HAVE_SYS_TYPES_H 1
| #define HAVE_SYS_STAT_H 1
| #define HAVE_STDLIB_H 1
| #define HAVE_STRING_H 1
| #define HAVE_MEMORY_H 1
| #define HAVE_STRINGS_H 1
| #define HAVE_INTTYPES_H 1
| #define HAVE_STDINT_H 1
| #define HAVE_UNISTD_H 1
| #define HAVE_DLFCN_H 1
| #define LT_OBJDIR ".libs/"
| #define SIZEOF_LONG 8
| #define USE_OPENMP 1
| #define USE_X86_MMX 1
| #define USE_SSE2 1
| #define USE_SSSE3 1
| #define USE_GCC_INLINE_ASM 1
| #define HAVE_POSIX_MEMALIGN 1
| #define HAVE_SIGACTION 1
| #define HAVE_ALARM 1
| #define HAVE_SYS_MMAN_H 1
| #define HAVE_MMAP 1
| #define HAVE_MPROTECT 1
| #define HAVE_GETPAGESIZE 1
| #define HAVE_FENV_H 1
| #define HAVE_FEENABLEEXCEPT 1
| #define HAVE_GETTIMEOFDAY 1
| /* end confdefs.h.  */
| 
| /* Override any GCC internal prototype to avoid an error.
|    Use char because int might match the return type of a GCC
|    builtin and then its argument prototype would still apply.  */
| #ifdef __cplusplus
| extern "C"
| #endif
| char sqrtf ();
| int
| main ()
| {
| return sqrtf ();
|   ;
|   return 0;
| }
configure:14033: gcc -o conftest -g -O2 -Wall -Wdeclaration-after-statement -fno-strict-aliasing -fvisibility=hidden   conftest.c -lm   >&5
conftest.c:46:6: warning: conflicting types for built-in function 'sqrtf' [enabled by default]
 char sqrtf ();
      ^
configure:14033: $? = 0
configure:14050: result: -lm
configure:14064: checking for thread local storage (TLS) support
configure:14092: gcc -c -g -O2 -Wall -Wdeclaration-after-statement -fno-strict-aliasing -fvisibility=hidden  conftest.c >&5
configure:14092: $? = 0
configure:14100: result: __thread
configure:14118: checking for pthreads
configure:14168: gcc -o conftest -g -O2 -Wall -Wdeclaration-after-statement -fno-strict-aliasing -fvisibility=hidden -pthread   -pthread conftest.c -lm   >&5
configure:14168: $? = 0
configure:14356: result: yes
configure:14368: checking for __attribute__((constructor))
configure:14385: gcc -o conftest -g -O2 -Wall -Wdeclaration-after-statement -fno-strict-aliasing -fvisibility=hidden   conftest.c -lm  >&5
configure:14385: $? = 0
configure:14397: result: yes
configure:14404: checking for __float128
configure:14412: gcc -o conftest -g -O2 -Wall -Wdeclaration-after-statement -fno-strict-aliasing -fvisibility=hidden   conftest.c -lm  >&5
configure:14412: $? = 0
configure:14424: result: yes
configure:14430: checking for __builtin_clz
configure:14438: gcc -o conftest -g -O2 -Wall -Wdeclaration-after-statement -fno-strict-aliasing -fvisibility=hidden   conftest.c -lm  >&5
configure:14438: $? = 0
configure:14450: result: yes
configure:14557: checking for PNG
configure:14564: $PKG_CONFIG --exists --print-errors "libpng"
configure:14567: $? = 0
configure:14581: $PKG_CONFIG --exists --print-errors "libpng"
configure:14584: $? = 0
configure:14622: result: yes
configure:14747: checking that generated files are newer than configure
configure:14753: result: done
configure:14825: creating ./config.status

## ---------------------- ##
## Running config.status. ##
## ---------------------- ##

This file was extended by pixman config.status 0.32.4, which was
generated by GNU Autoconf 2.69.  Invocation command line was

  CONFIG_FILES    = 
  CONFIG_HEADERS  = 
  CONFIG_LINKS    = 
  CONFIG_COMMANDS = 
  $ ./config.status 

on mj10777-01-l

config.status:1170: creating pixman-1.pc
config.status:1170: creating pixman-1-uninstalled.pc
config.status:1170: creating Makefile
config.status:1170: creating pixman/Makefile
config.status:1170: creating pixman/pixman-version.h
config.status:1170: creating demos/Makefile
config.status:1170: creating test/Makefile
config.status:1170: creating config.h
config.status:1399: executing depfiles commands
config.status:1399: executing libtool commands

## ---------------- ##
## Cache variables. ##
## ---------------- ##

ac_cv_build=x86_64-pc-linux-gnu
ac_cv_c_bigendian=no
ac_cv_c_compiler_gnu=yes
ac_cv_c_inline=inline
ac_cv_env_CCASFLAGS_set=
ac_cv_env_CCASFLAGS_value=
ac_cv_env_CCAS_set=
ac_cv_env_CCAS_value=
ac_cv_env_CC_set=
ac_cv_env_CC_value=
ac_cv_env_CFLAGS_set=
ac_cv_env_CFLAGS_value=
ac_cv_env_CPPFLAGS_set=
ac_cv_env_CPPFLAGS_value=
ac_cv_env_CPP_set=
ac_cv_env_CPP_value=
ac_cv_env_GTK_CFLAGS_set=
ac_cv_env_GTK_CFLAGS_value=
ac_cv_env_GTK_LIBS_set=
ac_cv_env_GTK_LIBS_value=
ac_cv_env_LDFLAGS_set=
ac_cv_env_LDFLAGS_value=
ac_cv_env_LIBS_set=
ac_cv_env_LIBS_value=
ac_cv_env_PKG_CONFIG_LIBDIR_set=
ac_cv_env_PKG_CONFIG_LIBDIR_value=
ac_cv_env_PKG_CONFIG_PATH_set=
ac_cv_env_PKG_CONFIG_PATH_value=
ac_cv_env_PKG_CONFIG_set=
ac_cv_env_PKG_CONFIG_value=
ac_cv_env_PNG_CFLAGS_set=
ac_cv_env_PNG_CFLAGS_value=
ac_cv_env_PNG_LIBS_set=
ac_cv_env_PNG_LIBS_value=
ac_cv_env_build_alias_set=set
ac_cv_env_build_alias_value=x86_64-pc-linux-gnu
ac_cv_env_host_alias_set=set
ac_cv_env_host_alias_value=arm-linux-eabi
ac_cv_env_target_alias_set=
ac_cv_env_target_alias_value=
ac_cv_func_alarm=yes
ac_cv_func_getisax=no
ac_cv_func_getpagesize=yes
ac_cv_func_gettimeofday=yes
ac_cv_func_mmap=yes
ac_cv_func_mprotect=yes
ac_cv_func_posix_memalign=yes
ac_cv_func_sigaction=yes
ac_cv_have_decl___SUNPRO_C=no
ac_cv_have_decl___amd64=yes
ac_cv_header_dlfcn_h=yes
ac_cv_header_fenv_h=yes
ac_cv_header_inttypes_h=yes
ac_cv_header_memory_h=yes
ac_cv_header_stdc=yes
ac_cv_header_stdint_h=yes
ac_cv_header_stdlib_h=yes
ac_cv_header_string_h=yes
ac_cv_header_strings_h=yes
ac_cv_header_sys_mman_h=yes
ac_cv_header_sys_stat_h=yes
ac_cv_header_sys_time_h=yes
ac_cv_header_sys_types_h=yes
ac_cv_header_unistd_h=yes
ac_cv_host=arm-linux-eabi
ac_cv_lib_m_feenableexcept=yes
ac_cv_lib_pixman_1_pixman_version_string=yes
ac_cv_objext=o
ac_cv_path_EGREP='/bin/grep -E'
ac_cv_path_FGREP='/bin/grep -F'
ac_cv_path_GREP=/bin/grep
ac_cv_path_SED=/bin/sed
ac_cv_path_ac_pt_PKG_CONFIG=/usr/bin/pkg-config
ac_cv_path_install='/usr/bin/install -c'
ac_cv_path_mkdir=/bin/mkdir
ac_cv_prog_AWK=gawk
ac_cv_prog_CPP='gcc -E'
ac_cv_prog_STRIP=strip
ac_cv_prog_ac_ct_AR=ar
ac_cv_prog_ac_ct_CC=gcc
ac_cv_prog_ac_ct_DUMPBIN='link -dump'
ac_cv_prog_ac_ct_MANIFEST_TOOL=mt
ac_cv_prog_ac_ct_OBJDUMP=objdump
ac_cv_prog_ac_ct_RANLIB=ranlib
ac_cv_prog_ac_ct_STRIP=strip
ac_cv_prog_c_openmp=-fopenmp
ac_cv_prog_cc_c89=
ac_cv_prog_cc_g=yes
ac_cv_prog_make_make_set=yes
ac_cv_search_sqrtf=-lm
ac_cv_sizeof_long=8
ac_cv_tls=__thread
am_cv_CCAS_dependencies_compiler_type=gcc3
am_cv_CC_dependencies_compiler_type=gcc3
am_cv_make_support_nested_variables=yes
lt_cv_ar_at_file=@
lt_cv_archive_cmds_need_lc=no
lt_cv_deplibs_check_method=unknown
lt_cv_file_magic_cmd='$MAGIC_CMD'
lt_cv_file_magic_test_file=
lt_cv_ld_reload_flag=-r
lt_cv_nm_interface='BSD nm'
lt_cv_objdir=.libs
lt_cv_path_LD=/usr/bin/ld
lt_cv_path_NM=no
lt_cv_path_mainfest_tool=no
lt_cv_prog_compiler_c_o=yes
lt_cv_prog_compiler_pic='-fPIC -DPIC'
lt_cv_prog_compiler_pic_works=yes
lt_cv_prog_compiler_rtti_exceptions=no
lt_cv_prog_compiler_static_works=yes
lt_cv_prog_gnu_ld=yes
lt_cv_sharedlib_from_linklib_cmd='printf %s\n'
lt_cv_sys_global_symbol_pipe='sed -n -e '\''s/^.*[	 ]\([ABCDGIRSTW][ABCDGIRSTW]*\)[	 ][	 ]*\([_A-Za-z][_A-Za-z0-9]*\)$/\1 \2 \2/p'\'' | sed '\''/ __gnu_lto/d'\'''
lt_cv_sys_global_symbol_to_c_name_address='sed -n -e '\''s/^: \([^ ]*\)[ ]*$/  {\"\1\", (void *) 0},/p'\'' -e '\''s/^[ABCDGIRSTW]* \([^ ]*\) \([^ ]*\)$/  {"\2", (void *) \&\2},/p'\'''
lt_cv_sys_global_symbol_to_c_name_address_lib_prefix='sed -n -e '\''s/^: \([^ ]*\)[ ]*$/  {\"\1\", (void *) 0},/p'\'' -e '\''s/^[ABCDGIRSTW]* \([^ ]*\) \(lib[^ ]*\)$/  {"\2", (void *) \&\2},/p'\'' -e '\''s/^[ABCDGIRSTW]* \([^ ]*\) \([^ ]*\)$/  {"lib\2", (void *) \&\2},/p'\'''
lt_cv_sys_global_symbol_to_cdecl='sed -n -e '\''s/^T .* \(.*\)$/extern int \1();/p'\'' -e '\''s/^[ABCDGIRSTW]* .* \(.*\)$/extern char \1;/p'\'''
lt_cv_sys_max_cmd_len=1572864
lt_cv_to_host_file_cmd=func_convert_file_noop
lt_cv_to_tool_file_cmd=func_convert_file_noop
pkg_cv_GTK_CFLAGS='-pthread -I/usr/local/include/freetype2 -I/usr/local/include -I/usr/local/include/libpng16 -I/usr/include/gtk-2.0 -I/usr/lib/x86_64-linux-gnu/gtk-2.0/include -I/usr/include/atk-1.0 -I/usr/include/cairo -I/usr/include/gdk-pixbuf-2.0 -I/usr/include/pango-1.0 -I/usr/include/gio-unix-2.0/ -I/usr/include/glib-2.0 -I/usr/lib/x86_64-linux-gnu/glib-2.0/include -I/usr/include/pixman-1 -I/usr/include/libpng12  '
pkg_cv_GTK_LIBS='-L/usr/local/lib -lgtk-x11-2.0 -lgdk-x11-2.0 -latk-1.0 -lgio-2.0 -lpangoft2-1.0 -lpangocairo-1.0 -lgdk_pixbuf-2.0 -lcairo -lpango-1.0 -lfreetype -lfontconfig -lgobject-2.0 -lglib-2.0 -lpixman-1  '
pkg_cv_PNG_CFLAGS='-I/usr/local/include/libpng16  '
pkg_cv_PNG_LIBS='-L/usr/local/lib -lpng16  '

## ----------------- ##
## Output variables. ##
## ----------------- ##

ACLOCAL='${SHELL} /home/mj10777/000_links/geopaparazzi/geopaparazzi.eu/libjsqlite-spatialite-android/libjsqlite-spatialite-android/spatialite-android-library/jni/pixman-0.32.4/missing aclocal-1.13'
AMDEPBACKSLASH='\'
AMDEP_FALSE='#'
AMDEP_TRUE=''
AMTAR='$${TAR-tar}'
AM_BACKSLASH='\'
AM_DEFAULT_V='$(AM_DEFAULT_VERBOSITY)'
AM_DEFAULT_VERBOSITY='0'
AM_V='$(V)'
AR='ar'
AUTOCONF='${SHELL} /home/mj10777/000_links/geopaparazzi/geopaparazzi.eu/libjsqlite-spatialite-android/libjsqlite-spatialite-android/spatialite-android-library/jni/pixman-0.32.4/missing autoconf'
AUTOHEADER='${SHELL} /home/mj10777/000_links/geopaparazzi/geopaparazzi.eu/libjsqlite-spatialite-android/libjsqlite-spatialite-android/spatialite-android-library/jni/pixman-0.32.4/missing autoheader'
AUTOMAKE='${SHELL} /home/mj10777/000_links/geopaparazzi/geopaparazzi.eu/libjsqlite-spatialite-android/libjsqlite-spatialite-android/spatialite-android-library/jni/pixman-0.32.4/missing automake-1.13'
AWK='gawk'
CC='gcc'
CCAS='gcc'
CCASDEPMODE='depmode=gcc3'
CCASFLAGS='-g -O2'
CCDEPMODE='depmode=gcc3'
CFLAGS='-g -O2 -Wall -Wdeclaration-after-statement -fno-strict-aliasing -fvisibility=hidden'
CPP='gcc -E'
CPPFLAGS=''
CYGPATH_W='echo'
DEFS='-DHAVE_CONFIG_H'
DEPDIR='.deps'
DLLTOOL='false'
DSYMUTIL=''
DUMPBIN=':'
ECHO_C=''
ECHO_N='-n'
ECHO_T=''
EGREP='/bin/grep -E'
EXEEXT=''
FGREP='/bin/grep -F'
GREP='/bin/grep'
GTK_CFLAGS='-pthread -I/usr/local/include/freetype2 -I/usr/local/include -I/usr/local/include/libpng16 -I/usr/include/gtk-2.0 -I/usr/lib/x86_64-linux-gnu/gtk-2.0/include -I/usr/include/atk-1.0 -I/usr/include/cairo -I/usr/include/gdk-pixbuf-2.0 -I/usr/include/pango-1.0 -I/usr/include/gio-unix-2.0/ -I/usr/include/glib-2.0 -I/usr/lib/x86_64-linux-gnu/glib-2.0/include -I/usr/include/pixman-1 -I/usr/include/libpng12  '
GTK_LIBS='-L/usr/local/lib -lgtk-x11-2.0 -lgdk-x11-2.0 -latk-1.0 -lgio-2.0 -lpangoft2-1.0 -lpangocairo-1.0 -lgdk_pixbuf-2.0 -lcairo -lpango-1.0 -lfreetype -lfontconfig -lgobject-2.0 -lglib-2.0 -lpixman-1  '
HAVE_GTK_FALSE='#'
HAVE_GTK_TRUE=''
HAVE_LIBPNG=''
HAVE_PTHREADS=''
INSTALL_DATA='${INSTALL} -m 644'
INSTALL_PROGRAM='${INSTALL}'
INSTALL_SCRIPT='${INSTALL}'
INSTALL_STRIP_PROGRAM='$(install_sh) -c -s'
IWMMXT_CFLAGS=''
LD='/usr/bin/ld'
LDFLAGS=''
LIBOBJS=''
LIBS='-lm '
LIBTOOL='$(SHELL) $(top_builddir)/libtool'
LIPO=''
LN_S='ln -s'
LS_CFLAGS=''
LTLIBOBJS=''
LT_VERSION_INFO='32:4:32'
MAKEINFO='${SHELL} /home/mj10777/000_links/geopaparazzi/geopaparazzi.eu/libjsqlite-spatialite-android/libjsqlite-spatialite-android/spatialite-android-library/jni/pixman-0.32.4/missing makeinfo'
MANIFEST_TOOL=':'
MKDIR_P='/bin/mkdir -p'
MMX_CFLAGS='-mmmx -Winline'
MMX_LDFLAGS=''
NM='nm'
NMEDIT=''
OBJDUMP='objdump'
OBJEXT='o'
OPENMP_CFLAGS='-fopenmp'
OTOOL64=''
OTOOL=''
PACKAGE='pixman'
PACKAGE_BUGREPORT='pixman@lists.freedesktop.org'
PACKAGE_NAME='pixman'
PACKAGE_STRING='pixman 0.32.4'
PACKAGE_TARNAME='pixman'
PACKAGE_URL=''
PACKAGE_VERSION='0.32.4'
PATH_SEPARATOR=':'
PIXMAN_TIMERS=''
PIXMAN_VERSION_MAJOR='0'
PIXMAN_VERSION_MICRO='4'
PIXMAN_VERSION_MINOR='32'
PKG_CONFIG='/usr/bin/pkg-config'
PKG_CONFIG_LIBDIR=''
PKG_CONFIG_PATH=''
PNG_CFLAGS='-I/usr/local/include/libpng16  '
PNG_LIBS='-L/usr/local/lib -lpng16  '
PTHREAD_CFLAGS='-g -O2 -Wall -Wdeclaration-after-statement -fno-strict-aliasing -fvisibility=hidden -pthread'
PTHREAD_LDFLAGS=' -pthread'
PTHREAD_LIBS='-lm  '
RANLIB='ranlib'
SED='/bin/sed'
SET_MAKE=''
SHELL='/bin/bash'
SSE2_CFLAGS='-msse2 -Winline'
SSE2_LDFLAGS=''
SSSE3_CFLAGS='-mssse3 -Winline'
STRIP='strip'
TESTPROGS_EXTRA_LDFLAGS=''
TOOLCHAIN_SUPPORTS_ATTRIBUTE_CONSTRUCTOR=''
TOOLCHAIN_SUPPORTS__THREAD=''
USE_ARM_IWMMXT_FALSE=''
USE_ARM_IWMMXT_TRUE='#'
USE_ARM_NEON_FALSE=''
USE_ARM_NEON_TRUE='#'
USE_ARM_SIMD_FALSE=''
USE_ARM_SIMD_TRUE='#'
USE_GCC_INLINE_ASM_FALSE='#'
USE_GCC_INLINE_ASM_TRUE=''
USE_LOONGSON_MMI_FALSE=''
USE_LOONGSON_MMI_TRUE='#'
USE_MIPS_DSPR2_FALSE=''
USE_MIPS_DSPR2_TRUE='#'
USE_SSE2_FALSE='#'
USE_SSE2_TRUE=''
USE_SSSE3_FALSE='#'
USE_SSSE3_TRUE=''
USE_VMX_FALSE=''
USE_VMX_TRUE='#'
USE_X86_MMX_FALSE='#'
USE_X86_MMX_TRUE=''
VERSION='0.32.4'
VMX_CFLAGS=''
ac_ct_AR='ar'
ac_ct_CC='gcc'
ac_ct_DUMPBIN='link -dump'
am__EXEEXT_FALSE=''
am__EXEEXT_TRUE='#'
am__fastdepCCAS_FALSE='#'
am__fastdepCCAS_TRUE=''
am__fastdepCC_FALSE='#'
am__fastdepCC_TRUE=''
am__include='include'
am__isrc=''
am__leading_dot='.'
am__nodep='_no'
am__quote=''
am__tar='$${TAR-tar} chof - "$$tardir"'
am__untar='$${TAR-tar} xf -'
bindir='${exec_prefix}/bin'
build='x86_64-pc-linux-gnu'
build_alias='x86_64-pc-linux-gnu'
build_cpu='x86_64'
build_os='linux-gnu'
build_vendor='pc'
datadir='${datarootdir}'
datarootdir='${prefix}/share'
docdir='${datarootdir}/doc/${PACKAGE_TARNAME}'
dvidir='${docdir}'
exec_prefix='${prefix}'
host='arm-linux-eabi'
host_alias='arm-linux-eabi'
host_cpu='arm'
host_os='eabi'
host_vendor='linux'
htmldir='${docdir}'
includedir='${prefix}/include'
infodir='${datarootdir}/info'
install_sh='${SHELL} /home/mj10777/000_links/geopaparazzi/geopaparazzi.eu/libjsqlite-spatialite-android/libjsqlite-spatialite-android/spatialite-android-library/jni/pixman-0.32.4/install-sh'
libdir='${exec_prefix}/lib'
libexecdir='${exec_prefix}/libexec'
localedir='${datarootdir}/locale'
localstatedir='${prefix}/var'
mandir='${datarootdir}/man'
mkdir_p='$(MKDIR_P)'
oldincludedir='/usr/include'
pdfdir='${docdir}'
prefix='/usr/local'
program_transform_name='s,x,x,'
psdir='${docdir}'
sbindir='${exec_prefix}/sbin'
sharedstatedir='${prefix}/com'
sysconfdir='${prefix}/etc'
target_alias=''

## ----------- ##
## confdefs.h. ##
## ----------- ##

/* confdefs.h */
#define PACKAGE_NAME "pixman"
#define PACKAGE_TARNAME "pixman"
#define PACKAGE_VERSION "0.32.4"
#define PACKAGE_STRING "pixman 0.32.4"
#define PACKAGE_BUGREPORT "pixman@lists.freedesktop.org"
#define PACKAGE_URL ""
#define PACKAGE "pixman"
#define VERSION "0.32.4"
#define STDC_HEADERS 1
#define HAVE_SYS_TYPES_H 1
#define HAVE_SYS_STAT_H 1
#define HAVE_STDLIB_H 1
#define HAVE_STRING_H 1
#define HAVE_MEMORY_H 1
#define HAVE_STRINGS_H 1
#define HAVE_INTTYPES_H 1
#define HAVE_STDINT_H 1
#define HAVE_UNISTD_H 1
#define HAVE_DLFCN_H 1
#define LT_OBJDIR ".libs/"
#define SIZEOF_LONG 8
#define USE_OPENMP 1
#define USE_X86_MMX 1
#define USE_SSE2 1
#define USE_SSSE3 1
#define USE_GCC_INLINE_ASM 1
#define HAVE_POSIX_MEMALIGN 1
#define HAVE_SIGACTION 1
#define HAVE_ALARM 1
#define HAVE_SYS_MMAN_H 1
#define HAVE_MMAP 1
#define HAVE_MPROTECT 1
#define HAVE_GETPAGESIZE 1
#define HAVE_FENV_H 1
#define HAVE_FEENABLEEXCEPT 1
#define HAVE_GETTIMEOFDAY 1
#define TLS __thread
#define HAVE_PTHREADS /**/
#define TOOLCHAIN_SUPPORTS_ATTRIBUTE_CONSTRUCTOR /**/
#define HAVE_FLOAT128 /**/
#define HAVE_BUILTIN_CLZ /**/
#define HAVE_LIBPNG 1

configure: exit 0
