This file contains any messages produced by compilers while
running configure, to aid debugging if configure makes a mistake.

It was created by pixman configure 0.9.6, which was
generated by GNU Autoconf 2.61.  Invocation command line was

  $ ./configure --build=x86_64-pc-linux-gnu --host=arm-linux-eabi

## --------- ##
## Platform. ##
## --------- ##

hostname = mj10777-01-l
uname -m = x86_64
uname -r = 3.2.0-56-generic
uname -s = Linux
uname -v = #86-Ubuntu SMP Wed Oct 23 09:20:45 UTC 2013

/usr/bin/uname -p = unknown
/bin/uname -X     = unknown

/bin/arch              = unknown
/usr/bin/arch -k       = unknown
/usr/convex/getsysinfo = unknown
/usr/bin/hostinfo      = unknown
/bin/machine           = unknown
/usr/bin/oslevel       = unknown
/bin/universe          = unknown

PATH: /usr/local/pgsql/bin
PATH: /usr/local/pgsql/bin
PATH: /home/mj10777/bin
PATH: /usr/local/pgsql/bin
PATH: /usr/lib/lightdm/lightdm
PATH: /usr/local/sbin
PATH: /usr/local/bin
PATH: /usr/sbin
PATH: /usr/bin
PATH: /sbin
PATH: /bin
PATH: /usr/games
PATH: /home/mj10777/000_links/gnu_source/qt_dev/Qt5.1.0/5.1.0/gcc_64/bin
PATH: /home/mj10777/000_links/gnu_source/adt-bundle-linux/sdk
PATH: /home/mj10777/000_links/gnu_source/adt-bundle-linux/sdk/tools/home/mj10777/000_links/gnu_source/adt-bundle-linux/sdk/platform-tools
PATH: /home/mj10777/000_links/gnu_source/adt-bundle-linux/sdk/tools
PATH: /home/mj10777/000_links/gnu_source/adt-bundle-linux/android-ndk-r9d
PATH: /home/mj10777/000_links/gnu_source/adt-bundle-linux/apache-ant/bin


## ----------- ##
## Core tests. ##
## ----------- ##

configure:1996: checking for a BSD-compatible install
configure:2052: result: /usr/bin/install -c
configure:2063: checking whether build environment is sane
configure:2106: result: yes
configure:2171: checking for gawk
configure:2187: found /usr/bin/gawk
configure:2198: result: gawk
configure:2209: checking whether make sets $(MAKE)
configure:2230: result: yes
configure:2306: checking for arm-linux-eabi-strip
configure:2336: result: no
configure:2346: checking for strip
configure:2362: found /usr/bin/strip
configure:2373: result: strip
configure:2387: WARNING: In the future, Autoconf will not detect cross-tools
whose name does not start with the host triplet.  If you think this
configuration is useful to you, please write to autoconf@gnu.org.
configure:2426: checking for arm-linux-eabi-gcc
configure:2456: result: no
configure:2466: checking for gcc
configure:2482: found /usr/bin/gcc
configure:2493: result: gcc
configure:2731: checking for C compiler version
configure:2738: gcc --version >&5
gcc (Ubuntu 4.8.1-2ubuntu1~12.04) 4.8.1
Copyright (C) 2013 Free Software Foundation, Inc.
This is free software; see the source for copying conditions.  There is NO
warranty; not even for MERCHANTABILITY or FITNESS FOR A PARTICULAR PURPOSE.

configure:2741: $? = 0
configure:2748: gcc -v >&5
Using built-in specs.
COLLECT_GCC=gcc
COLLECT_LTO_WRAPPER=/usr/lib/gcc/x86_64-linux-gnu/4.8/lto-wrapper
Target: x86_64-linux-gnu
Configured with: ../src/configure -v --with-pkgversion='Ubuntu 4.8.1-2ubuntu1~12.04' --with-bugurl=file:///usr/share/doc/gcc-4.8/README.Bugs --enable-languages=c,c++,java,go,d,fortran,objc,obj-c++ --prefix=/usr --program-suffix=-4.8 --enable-shared --enable-linker-build-id --libexecdir=/usr/lib --without-included-gettext --enable-threads=posix --with-gxx-include-dir=/usr/include/c++/4.8 --libdir=/usr/lib --enable-nls --with-sysroot=/ --enable-clocale=gnu --enable-libstdcxx-debug --enable-libstdcxx-time=yes --enable-gnu-unique-object --enable-plugin --with-system-zlib --disable-browser-plugin --enable-java-awt=gtk --enable-gtk-cairo --with-java-home=/usr/lib/jvm/java-1.5.0-gcj-4.8-amd64/jre --enable-java-home --with-jvm-root-dir=/usr/lib/jvm/java-1.5.0-gcj-4.8-amd64 --with-jvm-jar-dir=/usr/lib/jvm-exports/java-1.5.0-gcj-4.8-amd64 --with-arch-directory=amd64 --with-ecj-jar=/usr/share/java/eclipse-ecj.jar --enable-objc-gc --enable-multiarch --disable-werror --with-arch-32=i686 --with-abi=m64 --with-multilib-list=m32,m64 --with-tune=generic --enable-checking=release --build=x86_64-linux-gnu --host=x86_64-linux-gnu --target=x86_64-linux-gnu
Thread model: posix
gcc version 4.8.1 (Ubuntu 4.8.1-2ubuntu1~12.04) 
configure:2751: $? = 0
configure:2758: gcc -V >&5
gcc: error: unrecognized command line option '-V'
gcc: fatal error: no input files
compilation terminated.
configure:2761: $? = 4
configure:2784: checking for C compiler default output file name
configure:2811: gcc    conftest.c  >&5
configure:2814: $? = 0
configure:2852: result: a.out
configure:2869: checking whether the C compiler works
configure:2899: result: yes
configure:2906: checking whether we are cross compiling
configure:2908: result: yes
configure:2911: checking for suffix of executables
configure:2918: gcc -o conftest    conftest.c  >&5
configure:2921: $? = 0
configure:2945: result: 
configure:2951: checking for suffix of object files
configure:2977: gcc -c   conftest.c >&5
configure:2980: $? = 0
configure:3003: result: o
configure:3007: checking whether we are using the GNU C compiler
configure:3036: gcc -c   conftest.c >&5
configure:3042: $? = 0
configure:3059: result: yes
configure:3064: checking whether gcc accepts -g
configure:3094: gcc -c -g  conftest.c >&5
configure:3100: $? = 0
configure:3199: result: yes
configure:3216: checking for gcc option to accept ISO C89
configure:3290: gcc  -c -g -O2  conftest.c >&5
configure:3296: $? = 0
configure:3319: result: none needed
configure:3348: checking for style of include used by make
configure:3376: result: GNU
configure:3404: checking dependency style of gcc
configure:3494: result: gcc3
configure:3589: checking build system type
configure:3607: result: x86_64-pc-linux-gnu
configure:3629: checking host system type
configure:3644: result: arm-linux-eabi
configure:3666: checking for a sed that does not truncate output
configure:3722: result: /bin/sed
configure:3725: checking for grep that handles long lines and -e
configure:3799: result: /bin/grep
configure:3804: checking for egrep
configure:3882: result: /bin/grep -E
configure:3898: checking for ld used by gcc
configure:3965: result: /usr/bin/ld
configure:3974: checking if the linker (/usr/bin/ld) is GNU ld
configure:3989: result: yes
configure:3994: checking for /usr/bin/ld option to reload object files
configure:4001: result: -r
configure:4019: checking for BSD-compatible nm
configure:4068: result: nm
configure:4072: checking whether ln -s works
configure:4076: result: yes
configure:4083: checking how to recognize dependent libraries
configure:4269: result: unknown
configure:4510: checking how to run the C preprocessor
configure:4550: gcc -E  conftest.c
configure:4556: $? = 0
configure:4587: gcc -E  conftest.c
conftest.c:10:28: fatal error: ac_nonexistent.h: No such file or directory
 #include <ac_nonexistent.h>
                            ^
compilation terminated.
configure:4593: $? = 1
configure: failed program was:
| /* confdefs.h.  */
| #define PACKAGE_NAME "pixman"
| #define PACKAGE_TARNAME "pixman"
| #define PACKAGE_VERSION "0.9.6"
| #define PACKAGE_STRING "pixman 0.9.6"
| #define PACKAGE_BUGREPORT ""sandmann@daimi.au.dk""
| #define PACKAGE "pixman"
| #define VERSION "0.9.6"
| /* end confdefs.h.  */
| #include <ac_nonexistent.h>
configure:4626: result: gcc -E
configure:4655: gcc -E  conftest.c
configure:4661: $? = 0
configure:4692: gcc -E  conftest.c
conftest.c:10:28: fatal error: ac_nonexistent.h: No such file or directory
 #include <ac_nonexistent.h>
                            ^
compilation terminated.
configure:4698: $? = 1
configure: failed program was:
| /* confdefs.h.  */
| #define PACKAGE_NAME "pixman"
| #define PACKAGE_TARNAME "pixman"
| #define PACKAGE_VERSION "0.9.6"
| #define PACKAGE_STRING "pixman 0.9.6"
| #define PACKAGE_BUGREPORT ""sandmann@daimi.au.dk""
| #define PACKAGE "pixman"
| #define VERSION "0.9.6"
| /* end confdefs.h.  */
| #include <ac_nonexistent.h>
configure:4736: checking for ANSI C header files
configure:4766: gcc -c -g -O2  conftest.c >&5
configure:4772: $? = 0
configure:4900: result: yes
configure:4924: checking for sys/types.h
configure:4945: gcc -c -g -O2  conftest.c >&5
configure:4951: $? = 0
configure:4967: result: yes
configure:4924: checking for sys/stat.h
configure:4945: gcc -c -g -O2  conftest.c >&5
configure:4951: $? = 0
configure:4967: result: yes
configure:4924: checking for stdlib.h
configure:4945: gcc -c -g -O2  conftest.c >&5
configure:4951: $? = 0
configure:4967: result: yes
configure:4924: checking for string.h
configure:4945: gcc -c -g -O2  conftest.c >&5
configure:4951: $? = 0
configure:4967: result: yes
configure:4924: checking for memory.h
configure:4945: gcc -c -g -O2  conftest.c >&5
configure:4951: $? = 0
configure:4967: result: yes
configure:4924: checking for strings.h
configure:4945: gcc -c -g -O2  conftest.c >&5
configure:4951: $? = 0
configure:4967: result: yes
configure:4924: checking for inttypes.h
configure:4945: gcc -c -g -O2  conftest.c >&5
configure:4951: $? = 0
configure:4967: result: yes
configure:4924: checking for stdint.h
configure:4945: gcc -c -g -O2  conftest.c >&5
configure:4951: $? = 0
configure:4967: result: yes
configure:4924: checking for unistd.h
configure:4945: gcc -c -g -O2  conftest.c >&5
configure:4951: $? = 0
configure:4967: result: yes
configure:4994: checking dlfcn.h usability
configure:5011: gcc -c -g -O2  conftest.c >&5
configure:5017: $? = 0
configure:5031: result: yes
configure:5035: checking dlfcn.h presence
configure:5050: gcc -E  conftest.c
configure:5056: $? = 0
configure:5070: result: yes
configure:5103: checking for dlfcn.h
configure:5111: result: yes
configure:5138: checking for arm-linux-eabi-g++
configure:5168: result: no
configure:5138: checking for arm-linux-eabi-c++
configure:5168: result: no
configure:5138: checking for arm-linux-eabi-gpp
configure:5168: result: no
configure:5138: checking for arm-linux-eabi-aCC
configure:5168: result: no
configure:5138: checking for arm-linux-eabi-CC
configure:5168: result: no
configure:5138: checking for arm-linux-eabi-cxx
configure:5168: result: no
configure:5138: checking for arm-linux-eabi-cc++
configure:5168: result: no
configure:5138: checking for arm-linux-eabi-cl.exe
configure:5168: result: no
configure:5138: checking for arm-linux-eabi-FCC
configure:5168: result: no
configure:5138: checking for arm-linux-eabi-KCC
configure:5168: result: no
configure:5138: checking for arm-linux-eabi-RCC
configure:5168: result: no
configure:5138: checking for arm-linux-eabi-xlC_r
configure:5168: result: no
configure:5138: checking for arm-linux-eabi-xlC
configure:5168: result: no
configure:5182: checking for g++
configure:5198: found /usr/bin/g++
configure:5209: result: g++
configure:5240: checking for C++ compiler version
configure:5247: g++ --version >&5
g++ (Ubuntu 4.8.1-2ubuntu1~12.04) 4.8.1
Copyright (C) 2013 Free Software Foundation, Inc.
This is free software; see the source for copying conditions.  There is NO
warranty; not even for MERCHANTABILITY or FITNESS FOR A PARTICULAR PURPOSE.

configure:5250: $? = 0
configure:5257: g++ -v >&5
Using built-in specs.
COLLECT_GCC=g++
COLLECT_LTO_WRAPPER=/usr/lib/gcc/x86_64-linux-gnu/4.8/lto-wrapper
Target: x86_64-linux-gnu
Configured with: ../src/configure -v --with-pkgversion='Ubuntu 4.8.1-2ubuntu1~12.04' --with-bugurl=file:///usr/share/doc/gcc-4.8/README.Bugs --enable-languages=c,c++,java,go,d,fortran,objc,obj-c++ --prefix=/usr --program-suffix=-4.8 --enable-shared --enable-linker-build-id --libexecdir=/usr/lib --without-included-gettext --enable-threads=posix --with-gxx-include-dir=/usr/include/c++/4.8 --libdir=/usr/lib --enable-nls --with-sysroot=/ --enable-clocale=gnu --enable-libstdcxx-debug --enable-libstdcxx-time=yes --enable-gnu-unique-object --enable-plugin --with-system-zlib --disable-browser-plugin --enable-java-awt=gtk --enable-gtk-cairo --with-java-home=/usr/lib/jvm/java-1.5.0-gcj-4.8-amd64/jre --enable-java-home --with-jvm-root-dir=/usr/lib/jvm/java-1.5.0-gcj-4.8-amd64 --with-jvm-jar-dir=/usr/lib/jvm-exports/java-1.5.0-gcj-4.8-amd64 --with-arch-directory=amd64 --with-ecj-jar=/usr/share/java/eclipse-ecj.jar --enable-objc-gc --enable-multiarch --disable-werror --with-arch-32=i686 --with-abi=m64 --with-multilib-list=m32,m64 --with-tune=generic --enable-checking=release --build=x86_64-linux-gnu --host=x86_64-linux-gnu --target=x86_64-linux-gnu
Thread model: posix
gcc version 4.8.1 (Ubuntu 4.8.1-2ubuntu1~12.04) 
configure:5260: $? = 0
configure:5267: g++ -V >&5
g++: error: unrecognized command line option '-V'
g++: fatal error: no input files
compilation terminated.
configure:5270: $? = 4
configure:5273: checking whether we are using the GNU C++ compiler
configure:5302: g++ -c   conftest.cpp >&5
configure:5308: $? = 0
configure:5325: result: yes
configure:5330: checking whether g++ accepts -g
configure:5360: g++ -c -g  conftest.cpp >&5
configure:5366: $? = 0
configure:5465: result: yes
configure:5490: checking dependency style of g++
configure:5580: result: gcc3
configure:5607: checking how to run the C++ preprocessor
configure:5643: g++ -E  conftest.cpp
configure:5649: $? = 0
configure:5680: g++ -E  conftest.cpp
conftest.cpp:21:28: fatal error: ac_nonexistent.h: No such file or directory
 #include <ac_nonexistent.h>
                            ^
compilation terminated.
configure:5686: $? = 1
configure: failed program was:
| /* confdefs.h.  */
| #define PACKAGE_NAME "pixman"
| #define PACKAGE_TARNAME "pixman"
| #define PACKAGE_VERSION "0.9.6"
| #define PACKAGE_STRING "pixman 0.9.6"
| #define PACKAGE_BUGREPORT ""sandmann@daimi.au.dk""
| #define PACKAGE "pixman"
| #define VERSION "0.9.6"
| #define STDC_HEADERS 1
| #define HAVE_SYS_TYPES_H 1
| #define HAVE_SYS_STAT_H 1
| #define HAVE_STDLIB_H 1
| #define HAVE_STRING_H 1
| #define HAVE_MEMORY_H 1
| #define HAVE_STRINGS_H 1
| #define HAVE_INTTYPES_H 1
| #define HAVE_STDINT_H 1
| #define HAVE_UNISTD_H 1
| #define HAVE_DLFCN_H 1
| /* end confdefs.h.  */
| #include <ac_nonexistent.h>
configure:5719: result: g++ -E
configure:5748: g++ -E  conftest.cpp
configure:5754: $? = 0
configure:5785: g++ -E  conftest.cpp
conftest.cpp:21:28: fatal error: ac_nonexistent.h: No such file or directory
 #include <ac_nonexistent.h>
                            ^
compilation terminated.
configure:5791: $? = 1
configure: failed program was:
| /* confdefs.h.  */
| #define PACKAGE_NAME "pixman"
| #define PACKAGE_TARNAME "pixman"
| #define PACKAGE_VERSION "0.9.6"
| #define PACKAGE_STRING "pixman 0.9.6"
| #define PACKAGE_BUGREPORT ""sandmann@daimi.au.dk""
| #define PACKAGE "pixman"
| #define VERSION "0.9.6"
| #define STDC_HEADERS 1
| #define HAVE_SYS_TYPES_H 1
| #define HAVE_SYS_STAT_H 1
| #define HAVE_STDLIB_H 1
| #define HAVE_STRING_H 1
| #define HAVE_MEMORY_H 1
| #define HAVE_STRINGS_H 1
| #define HAVE_INTTYPES_H 1
| #define HAVE_STDINT_H 1
| #define HAVE_UNISTD_H 1
| #define HAVE_DLFCN_H 1
| /* end confdefs.h.  */
| #include <ac_nonexistent.h>
configure:5840: checking for arm-linux-eabi-g77
configure:5870: result: no
configure:5840: checking for arm-linux-eabi-xlf
configure:5870: result: no
configure:5840: checking for arm-linux-eabi-f77
configure:5870: result: no
configure:5840: checking for arm-linux-eabi-frt
configure:5870: result: no
configure:5840: checking for arm-linux-eabi-pgf77
configure:5870: result: no
configure:5840: checking for arm-linux-eabi-cf77
configure:5870: result: no
configure:5840: checking for arm-linux-eabi-fort77
configure:5870: result: no
configure:5840: checking for arm-linux-eabi-fl32
configure:5870: result: no
configure:5840: checking for arm-linux-eabi-af77
configure:5870: result: no
configure:5840: checking for arm-linux-eabi-xlf90
configure:5870: result: no
configure:5840: checking for arm-linux-eabi-f90
configure:5870: result: no
configure:5840: checking for arm-linux-eabi-pgf90
configure:5870: result: no
configure:5840: checking for arm-linux-eabi-pghpf
configure:5870: result: no
configure:5840: checking for arm-linux-eabi-epcf90
configure:5870: result: no
configure:5840: checking for arm-linux-eabi-gfortran
configure:5870: result: no
configure:5840: checking for arm-linux-eabi-g95
configure:5870: result: no
configure:5840: checking for arm-linux-eabi-xlf95
configure:5870: result: no
configure:5840: checking for arm-linux-eabi-f95
configure:5870: result: no
configure:5840: checking for arm-linux-eabi-fort
configure:5870: result: no
configure:5840: checking for arm-linux-eabi-ifort
configure:5870: result: no
configure:5840: checking for arm-linux-eabi-ifc
configure:5870: result: no
configure:5840: checking for arm-linux-eabi-efc
configure:5870: result: no
configure:5840: checking for arm-linux-eabi-pgf95
configure:5870: result: no
configure:5840: checking for arm-linux-eabi-lf95
configure:5870: result: no
configure:5840: checking for arm-linux-eabi-ftn
configure:5870: result: no
configure:5884: checking for g77
configure:5914: result: no
configure:5884: checking for xlf
configure:5914: result: no
configure:5884: checking for f77
configure:5914: result: no
configure:5884: checking for frt
configure:5914: result: no
configure:5884: checking for pgf77
configure:5914: result: no
configure:5884: checking for cf77
configure:5914: result: no
configure:5884: checking for fort77
configure:5914: result: no
configure:5884: checking for fl32
configure:5914: result: no
configure:5884: checking for af77
configure:5914: result: no
configure:5884: checking for xlf90
configure:5914: result: no
configure:5884: checking for f90
configure:5914: result: no
configure:5884: checking for pgf90
configure:5914: result: no
configure:5884: checking for pghpf
configure:5914: result: no
configure:5884: checking for epcf90
configure:5914: result: no
configure:5884: checking for gfortran
configure:5914: result: no
configure:5884: checking for g95
configure:5914: result: no
configure:5884: checking for xlf95
configure:5914: result: no
configure:5884: checking for f95
configure:5914: result: no
configure:5884: checking for fort
configure:5914: result: no
configure:5884: checking for ifort
configure:5914: result: no
configure:5884: checking for ifc
configure:5914: result: no
configure:5884: checking for efc
configure:5914: result: no
configure:5884: checking for pgf95
configure:5914: result: no
configure:5884: checking for lf95
configure:5914: result: no
configure:5884: checking for ftn
configure:5914: result: no
configure:5941: checking for Fortran 77 compiler version
configure:5948:  --version >&5
./configure: line 5949: --version: command not found
configure:5951: $? = 127
configure:5958:  -v >&5
./configure: line 5959: -v: command not found
configure:5961: $? = 127
configure:5968:  -V >&5
./configure: line 5969: -V: command not found
configure:5971: $? = 127
configure:5979: checking whether we are using the GNU Fortran 77 compiler
configure:5998:  -c  conftest.F >&5
./configure: line 5999: -c: command not found
configure:6004: $? = 127
configure: failed program was:
|       program main
| #ifndef __GNUC__
|        choke me
| #endif
| 
|       end
configure:6021: result: no
configure:6027: checking whether  accepts -g
configure:6044:  -c -g conftest.f >&5
./configure: line 6045: -c: command not found
configure:6050: $? = 127
configure: failed program was:
|       program main
| 
|       end
configure:6066: result: no
configure:6096: checking the maximum length of command line arguments
configure:6208: result: 1572864
configure:6220: checking command to parse nm output from gcc object
configure:6325: gcc -c -g -O2  conftest.c >&5
configure:6328: $? = 0
configure:6332: nm conftest.o \| sed -n -e 's/^.*[ 	]\([ABCDGIRSTW][ABCDGIRSTW]*\)[ 	][ 	]*\([_A-Za-z][_A-Za-z0-9]*\)$/\1 \2 \2/p' \> conftest.nm
configure:6335: $? = 0
configure:6387: gcc -o conftest -g -O2   conftest.c conftstm.o >&5
configure:6390: $? = 0
configure:6428: result: ok
configure:6432: checking for objdir
configure:6447: result: .libs
configure:6499: checking for arm-linux-eabi-ar
configure:6529: result: no
configure:6539: checking for ar
configure:6555: found /usr/bin/ar
configure:6566: result: ar
configure:6595: checking for arm-linux-eabi-ranlib
configure:6625: result: no
configure:6635: checking for ranlib
configure:6651: found /usr/bin/ranlib
configure:6662: result: ranlib
configure:6691: checking for arm-linux-eabi-strip
configure:6718: result: strip
configure:7044: checking if gcc supports -fno-rtti -fno-exceptions
configure:7062: gcc -c -g -O2  -fno-rtti -fno-exceptions conftest.c >&5
cc1: warning: command line option '-fno-rtti' is valid for C++/ObjC++ but not for C [enabled by default]
configure:7066: $? = 0
configure:7079: result: no
configure:7094: checking for gcc option to produce PIC
configure:7326: result: -fPIC
configure:7334: checking if gcc PIC flag -fPIC works
configure:7352: gcc -c -g -O2  -fPIC -DPIC conftest.c >&5
configure:7356: $? = 0
configure:7369: result: yes
configure:7397: checking if gcc static flag -static works
configure:7425: result: yes
configure:7435: checking if gcc supports -c -o file.o
configure:7456: gcc -c -g -O2  -o out/conftest2.o conftest.c >&5
configure:7460: $? = 0
configure:7482: result: yes
configure:7508: checking whether the gcc linker (/usr/bin/ld) supports shared libraries
configure:8489: result: yes
configure:8510: checking whether -lc should be explicitly linked in
configure:8515: gcc -c -g -O2  conftest.c >&5
configure:8518: $? = 0
configure:8533: gcc -shared conftest.o  -v -Wl,-soname -Wl,conftest -o conftest 2\>\&1 \| grep  -lc  \>/dev/null 2\>\&1
configure:8536: $? = 0
configure:8548: result: no
configure:8556: checking dynamic linker characteristics
configure:9170: result: no
configure:9179: checking how to hardcode library paths into programs
configure:9204: result: immediate
configure:9218: checking whether stripping libraries is possible
configure:9223: result: yes
configure:10025: checking if libtool supports shared libraries
configure:10027: result: no
configure:10030: checking whether to build shared libraries
configure:10051: result: no
configure:10054: checking whether to build static libraries
configure:10058: result: yes
configure:10151: creating libtool
configure:10739: checking for ld used by g++
configure:10806: result: /usr/bin/ld
configure:10815: checking if the linker (/usr/bin/ld) is GNU ld
configure:10830: result: yes
configure:10881: checking whether the g++ linker (/usr/bin/ld) supports shared libraries
configure:11855: result: no
configure:11873: g++ -c -g -O2  conftest.cpp >&5
configure:11876: $? = 0
configure:12028: checking for g++ option to produce PIC
configure:12312: result: -fPIC
configure:12320: checking if g++ PIC flag -fPIC works
configure:12338: g++ -c -g -O2  -fPIC -DPIC conftest.cpp >&5
configure:12342: $? = 0
configure:12355: result: yes
configure:12383: checking if g++ static flag -static works
configure:12411: result: yes
configure:12421: checking if g++ supports -c -o file.o
configure:12442: g++ -c -g -O2  -o out/conftest2.o conftest.cpp >&5
configure:12446: $? = 0
configure:12468: result: yes
configure:12494: checking whether the g++ linker (/usr/bin/ld) supports shared libraries
configure:12522: result: no
configure:12589: checking dynamic linker characteristics
configure:13151: result: no
configure:13160: checking how to hardcode library paths into programs
configure:13185: result: immediate
configure:19386: checking for getisax
configure:19442: gcc -o conftest -g -O2   conftest.c  >&5
/tmp/ccGXaUPy.o: In function `main':
/home/mj10777/000_links/geopaparazzi/geopaparazzi.eu/libjsqlite-spatialite-android/libjsqlite-spatialite-android/spatialite-android-library/jni/pixman-0.9.6/conftest.c:55: undefined reference to `getisax'
collect2: error: ld returned 1 exit status
configure:19448: $? = 1
configure: failed program was:
| /* confdefs.h.  */
| #define PACKAGE_NAME "pixman"
| #define PACKAGE_TARNAME "pixman"
| #define PACKAGE_VERSION "0.9.6"
| #define PACKAGE_STRING "pixman 0.9.6"
| #define PACKAGE_BUGREPORT ""sandmann@daimi.au.dk""
| #define PACKAGE "pixman"
| #define VERSION "0.9.6"
| #define STDC_HEADERS 1
| #define HAVE_SYS_TYPES_H 1
| #define HAVE_SYS_STAT_H 1
| #define HAVE_STDLIB_H 1
| #define HAVE_STRING_H 1
| #define HAVE_MEMORY_H 1
| #define HAVE_STRINGS_H 1
| #define HAVE_INTTYPES_H 1
| #define HAVE_STDINT_H 1
| #define HAVE_UNISTD_H 1
| #define HAVE_DLFCN_H 1
| /* end confdefs.h.  */
| /* Define getisax to an innocuous variant, in case <limits.h> declares getisax.
|    For example, HP-UX 11i <limits.h> declares gettimeofday.  */
| #define getisax innocuous_getisax
| 
| /* System header to define __stub macros and hopefully few prototypes,
|     which can conflict with char getisax (); below.
|     Prefer <limits.h> to <assert.h> if __STDC__ is defined, since
|     <limits.h> exists even on freestanding compilers.  */
| 
| #ifdef __STDC__
| # include <limits.h>
| #else
| # include <assert.h>
| #endif
| 
| #undef getisax
| 
| /* Override any GCC internal prototype to avoid an error.
|    Use char because int might match the return type of a GCC
|    builtin and then its argument prototype would still apply.  */
| #ifdef __cplusplus
| extern "C"
| #endif
| char getisax ();
| /* The GNU C library defines this for functions which it implements
|     to always fail with ENOSYS.  Some functions are actually named
|     something starting with __ and the normal name is an alias.  */
| #if defined __stub_getisax || defined __stub___getisax
| choke me
| #endif
| 
| int
| main ()
| {
| return getisax ();
|   ;
|   return 0;
| }
configure:19466: result: no
configure:19476: checking whether byte ordering is bigendian
configure:19509: gcc -c -g -O2  conftest.c >&5
configure:19515: $? = 0
configure:19547: gcc -c -g -O2  conftest.c >&5
conftest.c: In function 'main':
conftest.c:28:2: error: unknown type name 'not'
  not big endian
  ^
conftest.c:28:10: error: expected '=', ',', ';', 'asm' or '__attribute__' before 'endian'
  not big endian
          ^
configure:19553: $? = 1
configure: failed program was:
| /* confdefs.h.  */
| #define PACKAGE_NAME "pixman"
| #define PACKAGE_TARNAME "pixman"
| #define PACKAGE_VERSION "0.9.6"
| #define PACKAGE_STRING "pixman 0.9.6"
| #define PACKAGE_BUGREPORT ""sandmann@daimi.au.dk""
| #define PACKAGE "pixman"
| #define VERSION "0.9.6"
| #define STDC_HEADERS 1
| #define HAVE_SYS_TYPES_H 1
| #define HAVE_SYS_STAT_H 1
| #define HAVE_STDLIB_H 1
| #define HAVE_STRING_H 1
| #define HAVE_MEMORY_H 1
| #define HAVE_STRINGS_H 1
| #define HAVE_INTTYPES_H 1
| #define HAVE_STDINT_H 1
| #define HAVE_UNISTD_H 1
| #define HAVE_DLFCN_H 1
| /* end confdefs.h.  */
| #include <sys/types.h>
| #include <sys/param.h>
| 
| int
| main ()
| {
| #if BYTE_ORDER != BIG_ENDIAN
|  not big endian
| #endif
| 
|   ;
|   return 0;
| }
configure:19693: result: no
configure:19742: checking whether to use MMX intrinsics
configure:19763: gcc -c -g -O2 -Wall -mmmx -Winline --param inline-unit-growth=10000 --param large-function-growth=10000  conftest.c >&5
configure:19769: $? = 0
configure:19784: result: yes
configure:19811: checking whether to use SSE intrinsics
configure:19835: gcc -c -g -O2 -Wall -msse -mmmx -Winline --param inline-unit-growth=10000 --param large-function-growth=10000  conftest.c >&5
configure:19841: $? = 0
configure:19856: result: yes
configure:19887: checking for arm-linux-eabi-pkg-config
configure:19920: result: no
configure:19930: checking for pkg-config
configure:19948: found /usr/bin/pkg-config
configure:19960: result: /usr/bin/pkg-config
configure:19989: checking pkg-config is at least version 0.9.0
configure:19992: result: yes
configure:20003: checking for GTK
configure:20011: $PKG_CONFIG --exists --print-errors "gtk+-2.0"
configure:20014: $? = 0
configure:20029: $PKG_CONFIG --exists --print-errors "gtk+-2.0"
configure:20032: $? = 0
configure:20068: result: yes
configure:20232: creating ./config.status

## ---------------------- ##
## Running config.status. ##
## ---------------------- ##

This file was extended by pixman config.status 0.9.6, which was
generated by GNU Autoconf 2.61.  Invocation command line was

  CONFIG_FILES    = 
  CONFIG_HEADERS  = 
  CONFIG_LINKS    = 
  CONFIG_COMMANDS = 
  $ ./config.status 

on mj10777-01-l

config.status:677: creating pixman-1.pc
config.status:677: creating Makefile
config.status:677: creating pixman/Makefile
config.status:677: creating test/Makefile
config.status:677: creating config.h
config.status:946: executing depfiles commands

## ---------------- ##
## Cache variables. ##
## ---------------- ##

ac_cv_build=x86_64-pc-linux-gnu
ac_cv_c_bigendian=no
ac_cv_c_compiler_gnu=yes
ac_cv_cxx_compiler_gnu=yes
ac_cv_env_CCC_set=
ac_cv_env_CCC_value=
ac_cv_env_CC_set=
ac_cv_env_CC_value=
ac_cv_env_CFLAGS_set=
ac_cv_env_CFLAGS_value=
ac_cv_env_CPPFLAGS_set=
ac_cv_env_CPPFLAGS_value=
ac_cv_env_CPP_set=
ac_cv_env_CPP_value=
ac_cv_env_CXXCPP_set=
ac_cv_env_CXXCPP_value=
ac_cv_env_CXXFLAGS_set=
ac_cv_env_CXXFLAGS_value=
ac_cv_env_CXX_set=
ac_cv_env_CXX_value=
ac_cv_env_F77_set=
ac_cv_env_F77_value=
ac_cv_env_FFLAGS_set=
ac_cv_env_FFLAGS_value=
ac_cv_env_GTK_CFLAGS_set=
ac_cv_env_GTK_CFLAGS_value=
ac_cv_env_GTK_LIBS_set=
ac_cv_env_GTK_LIBS_value=
ac_cv_env_LDFLAGS_set=
ac_cv_env_LDFLAGS_value=
ac_cv_env_LIBS_set=
ac_cv_env_LIBS_value=
ac_cv_env_PKG_CONFIG_set=
ac_cv_env_PKG_CONFIG_value=
ac_cv_env_build_alias_set=set
ac_cv_env_build_alias_value=x86_64-pc-linux-gnu
ac_cv_env_host_alias_set=set
ac_cv_env_host_alias_value=arm-linux-eabi
ac_cv_env_target_alias_set=
ac_cv_env_target_alias_value=
ac_cv_f77_compiler_gnu=no
ac_cv_func_getisax=no
ac_cv_header_dlfcn_h=yes
ac_cv_header_inttypes_h=yes
ac_cv_header_memory_h=yes
ac_cv_header_stdc=yes
ac_cv_header_stdint_h=yes
ac_cv_header_stdlib_h=yes
ac_cv_header_string_h=yes
ac_cv_header_strings_h=yes
ac_cv_header_sys_stat_h=yes
ac_cv_header_sys_types_h=yes
ac_cv_header_unistd_h=yes
ac_cv_host=arm-linux-eabi
ac_cv_objext=o
ac_cv_path_EGREP='/bin/grep -E'
ac_cv_path_GREP=/bin/grep
ac_cv_path_ac_pt_PKG_CONFIG=/usr/bin/pkg-config
ac_cv_path_install='/usr/bin/install -c'
ac_cv_prog_AWK=gawk
ac_cv_prog_CPP='gcc -E'
ac_cv_prog_CXXCPP='g++ -E'
ac_cv_prog_STRIP=strip
ac_cv_prog_ac_ct_AR=ar
ac_cv_prog_ac_ct_CC=gcc
ac_cv_prog_ac_ct_CXX=g++
ac_cv_prog_ac_ct_RANLIB=ranlib
ac_cv_prog_ac_ct_STRIP=strip
ac_cv_prog_cc_c89=
ac_cv_prog_cc_g=yes
ac_cv_prog_cxx_g=yes
ac_cv_prog_f77_g=no
ac_cv_prog_make_make_set=yes
am_cv_CC_dependencies_compiler_type=gcc3
am_cv_CXX_dependencies_compiler_type=gcc3
lt_cv_deplibs_check_method=unknown
lt_cv_file_magic_cmd='$MAGIC_CMD'
lt_cv_file_magic_test_file=
lt_cv_ld_reload_flag=-r
lt_cv_objdir=.libs
lt_cv_path_LD=/usr/bin/ld
lt_cv_path_LDCXX=/usr/bin/ld
lt_cv_path_NM=nm
lt_cv_path_SED=/bin/sed
lt_cv_prog_compiler_c_o=yes
lt_cv_prog_compiler_c_o_CXX=yes
lt_cv_prog_compiler_rtti_exceptions=no
lt_cv_prog_gnu_ld=yes
lt_cv_prog_gnu_ldcxx=yes
lt_cv_sys_global_symbol_pipe='sed -n -e '\''s/^.*[ 	]\([ABCDGIRSTW][ABCDGIRSTW]*\)[ 	][ 	]*\([_A-Za-z][_A-Za-z0-9]*\)$/\1 \2 \2/p'\'''
lt_cv_sys_global_symbol_to_c_name_address='sed -n -e '\''s/^: \([^ ]*\) $/  {\"\1\", (lt_ptr) 0},/p'\'' -e '\''s/^[BCDEGRST] \([^ ]*\) \([^ ]*\)$/  {"\2", (lt_ptr) \&\2},/p'\'''
lt_cv_sys_global_symbol_to_cdecl='sed -n -e '\''s/^. .* \(.*\)$/extern int \1;/p'\'''
lt_cv_sys_max_cmd_len=1572864
lt_lt_cv_prog_compiler_c_o='"yes"'
lt_lt_cv_prog_compiler_c_o_CXX='"yes"'
lt_lt_cv_sys_global_symbol_pipe='"sed -n -e '\''s/^.*[ 	]\\([ABCDGIRSTW][ABCDGIRSTW]*\\)[ 	][ 	]*\\([_A-Za-z][_A-Za-z0-9]*\\)\$/\\1 \\2 \\2/p'\''"'
lt_lt_cv_sys_global_symbol_to_c_name_address='"sed -n -e '\''s/^: \\([^ ]*\\) \$/  {\\\"\\1\\\", (lt_ptr) 0},/p'\'' -e '\''s/^[BCDEGRST] \\([^ ]*\\) \\([^ ]*\\)\$/  {\"\\2\", (lt_ptr) \\&\\2},/p'\''"'
lt_lt_cv_sys_global_symbol_to_cdecl='"sed -n -e '\''s/^. .* \\(.*\\)\$/extern int \\1;/p'\''"'
pkg_cv_GTK_CFLAGS='-pthread -I/usr/local/include/freetype2 -I/usr/local/include -I/usr/local/include/libpng16 -I/usr/include/gtk-2.0 -I/usr/lib/x86_64-linux-gnu/gtk-2.0/include -I/usr/include/atk-1.0 -I/usr/include/cairo -I/usr/include/gdk-pixbuf-2.0 -I/usr/include/pango-1.0 -I/usr/include/gio-unix-2.0/ -I/usr/include/glib-2.0 -I/usr/lib/x86_64-linux-gnu/glib-2.0/include -I/usr/include/pixman-1 -I/usr/include/libpng12  '
pkg_cv_GTK_LIBS='-L/usr/local/lib -lgtk-x11-2.0 -lgdk-x11-2.0 -latk-1.0 -lgio-2.0 -lpangoft2-1.0 -lpangocairo-1.0 -lgdk_pixbuf-2.0 -lcairo -lpango-1.0 -lfreetype -lfontconfig -lgobject-2.0 -lglib-2.0  '

## ----------------- ##
## Output variables. ##
## ----------------- ##

ACLOCAL='${SHELL} /home/mj10777/000_links/geopaparazzi/geopaparazzi.eu/libjsqlite-spatialite-android/libjsqlite-spatialite-android/spatialite-android-library/jni/pixman-0.9.6/missing --run aclocal-1.9'
AMDEPBACKSLASH='\'
AMDEP_FALSE='#'
AMDEP_TRUE=''
AMTAR='${SHELL} /home/mj10777/000_links/geopaparazzi/geopaparazzi.eu/libjsqlite-spatialite-android/libjsqlite-spatialite-android/spatialite-android-library/jni/pixman-0.9.6/missing --run tar'
AR='ar'
AUTOCONF='${SHELL} /home/mj10777/000_links/geopaparazzi/geopaparazzi.eu/libjsqlite-spatialite-android/libjsqlite-spatialite-android/spatialite-android-library/jni/pixman-0.9.6/missing --run autoconf'
AUTOHEADER='${SHELL} /home/mj10777/000_links/geopaparazzi/geopaparazzi.eu/libjsqlite-spatialite-android/libjsqlite-spatialite-android/spatialite-android-library/jni/pixman-0.9.6/missing --run autoheader'
AUTOMAKE='${SHELL} /home/mj10777/000_links/geopaparazzi/geopaparazzi.eu/libjsqlite-spatialite-android/libjsqlite-spatialite-android/spatialite-android-library/jni/pixman-0.9.6/missing --run automake-1.9'
AWK='gawk'
CC='gcc'
CCDEPMODE='depmode=gcc3'
CFLAGS='-g -O2 -Wall'
CPP='gcc -E'
CPPFLAGS=''
CXX='g++'
CXXCPP='g++ -E'
CXXDEPMODE='depmode=gcc3'
CXXFLAGS='-g -O2'
CYGPATH_W='echo'
DEFS='-DHAVE_CONFIG_H'
DEPDIR='.deps'
DEP_CFLAGS=''
DEP_LIBS=''
ECHO='echo'
ECHO_C=''
ECHO_N='-n'
ECHO_T=''
EGREP='/bin/grep -E'
EXEEXT=''
F77=''
FFLAGS=''
GREP='/bin/grep'
GTK_CFLAGS='-pthread -I/usr/local/include/freetype2 -I/usr/local/include -I/usr/local/include/libpng16 -I/usr/include/gtk-2.0 -I/usr/lib/x86_64-linux-gnu/gtk-2.0/include -I/usr/include/atk-1.0 -I/usr/include/cairo -I/usr/include/gdk-pixbuf-2.0 -I/usr/include/pango-1.0 -I/usr/include/gio-unix-2.0/ -I/usr/include/glib-2.0 -I/usr/lib/x86_64-linux-gnu/glib-2.0/include -I/usr/include/pixman-1 -I/usr/include/libpng12  '
GTK_LIBS='-L/usr/local/lib -lgtk-x11-2.0 -lgdk-x11-2.0 -latk-1.0 -lgio-2.0 -lpangoft2-1.0 -lpangocairo-1.0 -lgdk_pixbuf-2.0 -lcairo -lpango-1.0 -lfreetype -lfontconfig -lgobject-2.0 -lglib-2.0  '
HAVE_GTK_FALSE='#'
HAVE_GTK_TRUE=''
INSTALL_DATA='${INSTALL} -m 644'
INSTALL_PROGRAM='${INSTALL}'
INSTALL_SCRIPT='${INSTALL}'
INSTALL_STRIP_PROGRAM='${SHELL} $(install_sh) -c -s'
LDFLAGS=''
LIBOBJS=''
LIBS=''
LIBTOOL='$(SHELL) $(top_builddir)/libtool'
LN_S='ln -s'
LTLIBOBJS=''
LT_VERSION_INFO='9:6:9'
MAKEINFO='${SHELL} /home/mj10777/000_links/geopaparazzi/geopaparazzi.eu/libjsqlite-spatialite-android/libjsqlite-spatialite-android/spatialite-android-library/jni/pixman-0.9.6/missing --run makeinfo'
MMX_CFLAGS='-msse -mmmx -Winline --param inline-unit-growth=10000 --param large-function-growth=10000'
OBJEXT='o'
PACKAGE='pixman'
PACKAGE_BUGREPORT='"sandmann@daimi.au.dk"'
PACKAGE_NAME='pixman'
PACKAGE_STRING='pixman 0.9.6'
PACKAGE_TARNAME='pixman'
PACKAGE_VERSION='0.9.6'
PATH_SEPARATOR=':'
PIXMAN_MAJOR='0'
PKG_CONFIG='/usr/bin/pkg-config'
RANLIB='ranlib'
SED='/bin/sed'
SET_MAKE=''
SHELL='/bin/bash'
STRIP='strip'
USE_MMX_FALSE='#'
USE_MMX_TRUE=''
USE_SSE_FALSE='#'
USE_SSE_TRUE=''
VERSION='0.9.6'
ac_ct_CC='gcc'
ac_ct_CXX='g++'
ac_ct_F77=''
am__fastdepCC_FALSE='#'
am__fastdepCC_TRUE=''
am__fastdepCXX_FALSE='#'
am__fastdepCXX_TRUE=''
am__include='include'
am__leading_dot='.'
am__quote=''
am__tar='${AMTAR} chof - "$$tardir"'
am__untar='${AMTAR} xf -'
bindir='${exec_prefix}/bin'
build='x86_64-pc-linux-gnu'
build_alias='x86_64-pc-linux-gnu'
build_cpu='x86_64'
build_os='linux-gnu'
build_vendor='pc'
datadir='${datarootdir}'
datarootdir='${prefix}/share'
docdir='${datarootdir}/doc/${PACKAGE_TARNAME}'
dvidir='${docdir}'
exec_prefix='${prefix}'
host='arm-linux-eabi'
host_alias='arm-linux-eabi'
host_cpu='arm'
host_os='eabi'
host_vendor='linux'
htmldir='${docdir}'
includedir='${prefix}/include'
infodir='${datarootdir}/info'
install_sh='/home/mj10777/000_links/geopaparazzi/geopaparazzi.eu/libjsqlite-spatialite-android/libjsqlite-spatialite-android/spatialite-android-library/jni/pixman-0.9.6/install-sh'
libdir='${exec_prefix}/lib'
libexecdir='${exec_prefix}/libexec'
localedir='${datarootdir}/locale'
localstatedir='${prefix}/var'
mandir='${datarootdir}/man'
mkdir_p='mkdir -p --'
oldincludedir='/usr/include'
pdfdir='${docdir}'
prefix='/usr/local'
program_transform_name='s,x,x,'
psdir='${docdir}'
sbindir='${exec_prefix}/sbin'
sharedstatedir='${prefix}/com'
sysconfdir='${prefix}/etc'
target_alias=''

## ----------- ##
## confdefs.h. ##
## ----------- ##

#define PACKAGE_NAME "pixman"
#define PACKAGE_TARNAME "pixman"
#define PACKAGE_VERSION "0.9.6"
#define PACKAGE_STRING "pixman 0.9.6"
#define PACKAGE_BUGREPORT ""sandmann@daimi.au.dk""
#define PACKAGE "pixman"
#define VERSION "0.9.6"
#define STDC_HEADERS 1
#define HAVE_SYS_TYPES_H 1
#define HAVE_SYS_STAT_H 1
#define HAVE_STDLIB_H 1
#define HAVE_STRING_H 1
#define HAVE_MEMORY_H 1
#define HAVE_STRINGS_H 1
#define HAVE_INTTYPES_H 1
#define HAVE_STDINT_H 1
#define HAVE_UNISTD_H 1
#define HAVE_DLFCN_H 1
#define USE_MMX 1
#define USE_SSE 1

configure: exit 0
