This file contains any messages produced by compilers while
running configure, to aid debugging if configure makes a mistake.

It was created by libspatialite configure 4.4.0-topoalpha, which was
generated by GNU Autoconf 2.69.  Invocation command line was

  $ ./configure --enable-lwgeom=yes --enable-gcp --enable-examples=no --build=x86_64-pc-linux-gnu --host=arm-linux-eabi

## --------- ##
## Platform. ##
## --------- ##

hostname = mj10777-01-l
uname -m = x86_64
uname -r = 3.16.0-38-generic
uname -s = Linux
uname -v = #52-Ubuntu SMP Thu May 7 10:51:21 UTC 2015

/usr/bin/uname -p = unknown
/bin/uname -X     = unknown

/bin/arch              = unknown
/usr/bin/arch -k       = unknown
/usr/convex/getsysinfo = unknown
/usr/bin/hostinfo      = unknown
/bin/machine           = unknown
/usr/bin/oslevel       = unknown
/bin/universe          = unknown

PATH: /usr/local/pgsql/bin
PATH: /usr/local/pgsql/bin
PATH: /home/mj10777/bin
PATH: /usr/local/pgsql/bin
PATH: /usr/lib/lightdm/lightdm
PATH: /usr/local/sbin
PATH: /usr/local/bin
PATH: /usr/sbin
PATH: /usr/bin
PATH: /sbin
PATH: /bin
PATH: /usr/games
PATH: /usr/local/Qt-5.5.0/bin
PATH: /home/mj10777/000_links/gnu_source/adt-bundle-linux/sdk
PATH: /home/mj10777/000_links/gnu_source/adt-bundle-linux/sdk/tools
PATH: /home/mj10777/000_links/gnu_source/adt-bundle-linux/sdk/platform-tools
PATH: /home/mj10777/000_links/gnu_source/adt-bundle-linux/sdk/tools
PATH: /home/mj10777/000_links/gnu_source/adt-bundle-linux/android-ndk-r9d
PATH: /home/mj10777/000_links/gnu_source/adt-bundle-linux/apache-ant/bin
PATH: /home/mj10777/000_links/gnu_source/adt-bundle-linux/android-studio/bin


## ----------- ##
## Core tests. ##
## ----------- ##

configure:2516: checking for a BSD-compatible install
configure:2584: result: /usr/bin/install -c
configure:2595: checking whether build environment is sane
configure:2650: result: yes
configure:2688: WARNING: 'missing' script is too old or missing
configure:2709: checking for arm-linux-eabi-strip
configure:2739: result: no
configure:2749: checking for strip
configure:2765: found /usr/bin/strip
configure:2776: result: strip
configure:2788: WARNING: using cross tools not prefixed with host triplet
configure:2801: checking for a thread-safe mkdir -p
configure:2840: result: /bin/mkdir -p
configure:2847: checking for gawk
configure:2863: found /usr/bin/gawk
configure:2874: result: gawk
configure:2885: checking whether make sets $(MAKE)
configure:2907: result: yes
configure:2936: checking whether make supports nested variables
configure:2953: result: yes
configure:3080: checking whether to enable maintainer-specific portions of Makefiles
configure:3089: result: no
configure:3152: checking for style of include used by make
configure:3180: result: GNU
configure:3211: checking for arm-linux-eabi-gcc
configure:3241: result: no
configure:3251: checking for gcc
configure:3267: found /usr/bin/gcc
configure:3278: result: gcc
configure:3507: checking for C compiler version
configure:3516: gcc --version >&5
gcc (Ubuntu 4.9.1-16ubuntu6) 4.9.1
Copyright (C) 2014 Free Software Foundation, Inc.
This is free software; see the source for copying conditions.  There is NO
warranty; not even for MERCHANTABILITY or FITNESS FOR A PARTICULAR PURPOSE.

configure:3527: $? = 0
configure:3516: gcc -v >&5
Using built-in specs.
COLLECT_GCC=gcc
COLLECT_LTO_WRAPPER=/usr/lib/gcc/x86_64-linux-gnu/4.9/lto-wrapper
Target: x86_64-linux-gnu
Configured with: ../src/configure -v --with-pkgversion='Ubuntu 4.9.1-16ubuntu6' --with-bugurl=file:///usr/share/doc/gcc-4.9/README.Bugs --enable-languages=c,c++,java,go,d,fortran,objc,obj-c++ --prefix=/usr --program-suffix=-4.9 --enable-shared --enable-linker-build-id --libexecdir=/usr/lib --without-included-gettext --enable-threads=posix --with-gxx-include-dir=/usr/include/c++/4.9 --libdir=/usr/lib --enable-nls --with-sysroot=/ --enable-clocale=gnu --enable-libstdcxx-debug --enable-libstdcxx-time=yes --enable-gnu-unique-object --disable-vtable-verify --enable-plugin --with-system-zlib --disable-browser-plugin --enable-java-awt=gtk --enable-gtk-cairo --with-java-home=/usr/lib/jvm/java-1.5.0-gcj-4.9-amd64/jre --enable-java-home --with-jvm-root-dir=/usr/lib/jvm/java-1.5.0-gcj-4.9-amd64 --with-jvm-jar-dir=/usr/lib/jvm-exports/java-1.5.0-gcj-4.9-amd64 --with-arch-directory=amd64 --with-ecj-jar=/usr/share/java/eclipse-ecj.jar --enable-objc-gc --enable-multiarch --disable-werror --with-arch-32=i686 --with-abi=m64 --with-multilib-list=m32,m64,mx32 --enable-multilib --with-tune=generic --enable-checking=release --build=x86_64-linux-gnu --host=x86_64-linux-gnu --target=x86_64-linux-gnu
Thread model: posix
gcc version 4.9.1 (Ubuntu 4.9.1-16ubuntu6) 
configure:3527: $? = 0
configure:3516: gcc -V >&5
gcc: error: unrecognized command line option '-V'
gcc: fatal error: no input files
compilation terminated.
configure:3527: $? = 4
configure:3516: gcc -qversion >&5
gcc: error: unrecognized command line option '-qversion'
gcc: fatal error: no input files
compilation terminated.
configure:3527: $? = 4
configure:3547: checking whether the C compiler works
configure:3569: gcc    conftest.c  >&5
configure:3573: $? = 0
configure:3621: result: yes
configure:3624: checking for C compiler default output file name
configure:3626: result: a.out
configure:3632: checking for suffix of executables
configure:3639: gcc -o conftest    conftest.c  >&5
configure:3643: $? = 0
configure:3665: result: 
configure:3687: checking whether we are cross compiling
configure:3725: result: yes
configure:3730: checking for suffix of object files
configure:3752: gcc -c   conftest.c >&5
configure:3756: $? = 0
configure:3777: result: o
configure:3781: checking whether we are using the GNU C compiler
configure:3800: gcc -c   conftest.c >&5
configure:3800: $? = 0
configure:3809: result: yes
configure:3818: checking whether gcc accepts -g
configure:3838: gcc -c -g  conftest.c >&5
configure:3838: $? = 0
configure:3879: result: yes
configure:3896: checking for gcc option to accept ISO C89
configure:3959: gcc  -c -g -O2  conftest.c >&5
configure:3959: $? = 0
configure:3972: result: none needed
configure:3997: checking whether gcc understands -c and -o together
configure:4019: gcc -c conftest.c -o conftest2.o
configure:4022: $? = 0
configure:4019: gcc -c conftest.c -o conftest2.o
configure:4022: $? = 0
configure:4034: result: yes
configure:4053: checking dependency style of gcc
configure:4164: result: gcc3
configure:4185: checking how to run the C preprocessor
configure:4216: gcc -E  conftest.c
configure:4216: $? = 0
configure:4230: gcc -E  conftest.c
conftest.c:15:28: fatal error: ac_nonexistent.h: No such file or directory
 #include <ac_nonexistent.h>
                            ^
compilation terminated.
configure:4230: $? = 1
configure: failed program was:
| /* confdefs.h */
| #define PACKAGE_NAME "libspatialite"
| #define PACKAGE_TARNAME "libspatialite"
| #define PACKAGE_VERSION "4.4.0-topoalpha"
| #define PACKAGE_STRING "libspatialite 4.4.0-topoalpha"
| #define PACKAGE_BUGREPORT "a.furieri@lqt.it"
| #define PACKAGE_URL ""
| #define PACKAGE "libspatialite"
| #define VERSION "4.4.0-topoalpha"
| #define _LARGE_FILE 1
| #define _FILE_OFFSET_BITS 64
| #define _LARGEFILE_SOURCE 1
| #define NDEBUG 1
| /* end confdefs.h.  */
| #include <ac_nonexistent.h>
configure:4255: result: gcc -E
configure:4275: gcc -E  conftest.c
configure:4275: $? = 0
configure:4289: gcc -E  conftest.c
conftest.c:15:28: fatal error: ac_nonexistent.h: No such file or directory
 #include <ac_nonexistent.h>
                            ^
compilation terminated.
configure:4289: $? = 1
configure: failed program was:
| /* confdefs.h */
| #define PACKAGE_NAME "libspatialite"
| #define PACKAGE_TARNAME "libspatialite"
| #define PACKAGE_VERSION "4.4.0-topoalpha"
| #define PACKAGE_STRING "libspatialite 4.4.0-topoalpha"
| #define PACKAGE_BUGREPORT "a.furieri@lqt.it"
| #define PACKAGE_URL ""
| #define PACKAGE "libspatialite"
| #define VERSION "4.4.0-topoalpha"
| #define _LARGE_FILE 1
| #define _FILE_OFFSET_BITS 64
| #define _LARGEFILE_SOURCE 1
| #define NDEBUG 1
| /* end confdefs.h.  */
| #include <ac_nonexistent.h>
configure:4318: checking for grep that handles long lines and -e
configure:4376: result: /bin/grep
configure:4381: checking for egrep
configure:4443: result: /bin/grep -E
configure:4448: checking for ANSI C header files
configure:4468: gcc -c -g -O2  conftest.c >&5
configure:4468: $? = 0
configure:4552: result: yes
configure:4565: checking for sys/types.h
configure:4565: gcc -c -g -O2  conftest.c >&5
configure:4565: $? = 0
configure:4565: result: yes
configure:4565: checking for sys/stat.h
configure:4565: gcc -c -g -O2  conftest.c >&5
configure:4565: $? = 0
configure:4565: result: yes
configure:4565: checking for stdlib.h
configure:4565: gcc -c -g -O2  conftest.c >&5
configure:4565: $? = 0
configure:4565: result: yes
configure:4565: checking for string.h
configure:4565: gcc -c -g -O2  conftest.c >&5
configure:4565: $? = 0
configure:4565: result: yes
configure:4565: checking for memory.h
configure:4565: gcc -c -g -O2  conftest.c >&5
configure:4565: $? = 0
configure:4565: result: yes
configure:4565: checking for strings.h
configure:4565: gcc -c -g -O2  conftest.c >&5
configure:4565: $? = 0
configure:4565: result: yes
configure:4565: checking for inttypes.h
configure:4565: gcc -c -g -O2  conftest.c >&5
configure:4565: $? = 0
configure:4565: result: yes
configure:4565: checking for stdint.h
configure:4565: gcc -c -g -O2  conftest.c >&5
configure:4565: $? = 0
configure:4565: result: yes
configure:4565: checking for unistd.h
configure:4565: gcc -c -g -O2  conftest.c >&5
configure:4565: $? = 0
configure:4565: result: yes
configure:4579: checking for stdlib.h
configure:4579: result: yes
configure:4593: checking stdio.h usability
configure:4593: gcc -c -g -O2  conftest.c >&5
configure:4593: $? = 0
configure:4593: result: yes
configure:4593: checking stdio.h presence
configure:4593: gcc -E  conftest.c
configure:4593: $? = 0
configure:4593: result: yes
configure:4593: checking for stdio.h
configure:4593: result: yes
configure:4607: checking for string.h
configure:4607: result: yes
configure:4621: checking for memory.h
configure:4621: result: yes
configure:4635: checking math.h usability
configure:4635: gcc -c -g -O2  conftest.c >&5
configure:4635: $? = 0
configure:4635: result: yes
configure:4635: checking math.h presence
configure:4635: gcc -E  conftest.c
configure:4635: $? = 0
configure:4635: result: yes
configure:4635: checking for math.h
configure:4635: result: yes
configure:4649: checking float.h usability
configure:4649: gcc -c -g -O2  conftest.c >&5
configure:4649: $? = 0
configure:4649: result: yes
configure:4649: checking float.h presence
configure:4649: gcc -E  conftest.c
configure:4649: $? = 0
configure:4649: result: yes
configure:4649: checking for float.h
configure:4649: result: yes
configure:4663: checking fcntl.h usability
configure:4663: gcc -c -g -O2  conftest.c >&5
configure:4663: $? = 0
configure:4663: result: yes
configure:4663: checking fcntl.h presence
configure:4663: gcc -E  conftest.c
configure:4663: $? = 0
configure:4663: result: yes
configure:4663: checking for fcntl.h
configure:4663: result: yes
configure:4677: checking for inttypes.h
configure:4677: result: yes
configure:4691: checking stddef.h usability
configure:4691: gcc -c -g -O2  conftest.c >&5
configure:4691: $? = 0
configure:4691: result: yes
configure:4691: checking stddef.h presence
configure:4691: gcc -E  conftest.c
configure:4691: $? = 0
configure:4691: result: yes
configure:4691: checking for stddef.h
configure:4691: result: yes
configure:4705: checking for stdint.h
configure:4705: result: yes
configure:4719: checking sys/time.h usability
configure:4719: gcc -c -g -O2  conftest.c >&5
configure:4719: $? = 0
configure:4719: result: yes
configure:4719: checking sys/time.h presence
configure:4719: gcc -E  conftest.c
configure:4719: $? = 0
configure:4719: result: yes
configure:4719: checking for sys/time.h
configure:4719: result: yes
configure:4733: checking for unistd.h
configure:4733: result: yes
configure:4747: checking sqlite3.h usability
configure:4747: gcc -c -g -O2  conftest.c >&5
configure:4747: $? = 0
configure:4747: result: yes
configure:4747: checking sqlite3.h presence
configure:4747: gcc -E  conftest.c
configure:4747: $? = 0
configure:4747: result: yes
configure:4747: checking for sqlite3.h
configure:4747: result: yes
configure:4761: checking sqlite3ext.h usability
configure:4761: gcc -c -g -O2  conftest.c >&5
configure:4761: $? = 0
configure:4761: result: yes
configure:4761: checking sqlite3ext.h presence
configure:4761: gcc -E  conftest.c
configure:4761: $? = 0
configure:4761: result: yes
configure:4761: checking for sqlite3ext.h
configure:4761: result: yes
configure:4775: checking zlib.h usability
configure:4775: gcc -c -g -O2  conftest.c >&5
configure:4775: $? = 0
configure:4775: result: yes
configure:4775: checking zlib.h presence
configure:4775: gcc -E  conftest.c
configure:4775: $? = 0
configure:4775: result: yes
configure:4775: checking for zlib.h
configure:4775: result: yes
configure:4804: checking for arm-linux-eabi-g++
configure:4834: result: no
configure:4804: checking for arm-linux-eabi-c++
configure:4834: result: no
configure:4804: checking for arm-linux-eabi-gpp
configure:4834: result: no
configure:4804: checking for arm-linux-eabi-aCC
configure:4834: result: no
configure:4804: checking for arm-linux-eabi-CC
configure:4834: result: no
configure:4804: checking for arm-linux-eabi-cxx
configure:4834: result: no
configure:4804: checking for arm-linux-eabi-cc++
configure:4834: result: no
configure:4804: checking for arm-linux-eabi-cl.exe
configure:4834: result: no
configure:4804: checking for arm-linux-eabi-FCC
configure:4834: result: no
configure:4804: checking for arm-linux-eabi-KCC
configure:4834: result: no
configure:4804: checking for arm-linux-eabi-RCC
configure:4834: result: no
configure:4804: checking for arm-linux-eabi-xlC_r
configure:4834: result: no
configure:4804: checking for arm-linux-eabi-xlC
configure:4834: result: no
configure:4848: checking for g++
configure:4864: found /usr/bin/g++
configure:4875: result: g++
configure:4902: checking for C++ compiler version
configure:4911: g++ --version >&5
g++ (Ubuntu 4.9.1-16ubuntu6) 4.9.1
Copyright (C) 2014 Free Software Foundation, Inc.
This is free software; see the source for copying conditions.  There is NO
warranty; not even for MERCHANTABILITY or FITNESS FOR A PARTICULAR PURPOSE.

configure:4922: $? = 0
configure:4911: g++ -v >&5
Using built-in specs.
COLLECT_GCC=g++
COLLECT_LTO_WRAPPER=/usr/lib/gcc/x86_64-linux-gnu/4.9/lto-wrapper
Target: x86_64-linux-gnu
Configured with: ../src/configure -v --with-pkgversion='Ubuntu 4.9.1-16ubuntu6' --with-bugurl=file:///usr/share/doc/gcc-4.9/README.Bugs --enable-languages=c,c++,java,go,d,fortran,objc,obj-c++ --prefix=/usr --program-suffix=-4.9 --enable-shared --enable-linker-build-id --libexecdir=/usr/lib --without-included-gettext --enable-threads=posix --with-gxx-include-dir=/usr/include/c++/4.9 --libdir=/usr/lib --enable-nls --with-sysroot=/ --enable-clocale=gnu --enable-libstdcxx-debug --enable-libstdcxx-time=yes --enable-gnu-unique-object --disable-vtable-verify --enable-plugin --with-system-zlib --disable-browser-plugin --enable-java-awt=gtk --enable-gtk-cairo --with-java-home=/usr/lib/jvm/java-1.5.0-gcj-4.9-amd64/jre --enable-java-home --with-jvm-root-dir=/usr/lib/jvm/java-1.5.0-gcj-4.9-amd64 --with-jvm-jar-dir=/usr/lib/jvm-exports/java-1.5.0-gcj-4.9-amd64 --with-arch-directory=amd64 --with-ecj-jar=/usr/share/java/eclipse-ecj.jar --enable-objc-gc --enable-multiarch --disable-werror --with-arch-32=i686 --with-abi=m64 --with-multilib-list=m32,m64,mx32 --enable-multilib --with-tune=generic --enable-checking=release --build=x86_64-linux-gnu --host=x86_64-linux-gnu --target=x86_64-linux-gnu
Thread model: posix
gcc version 4.9.1 (Ubuntu 4.9.1-16ubuntu6) 
configure:4922: $? = 0
configure:4911: g++ -V >&5
g++: error: unrecognized command line option '-V'
g++: fatal error: no input files
compilation terminated.
configure:4922: $? = 4
configure:4911: g++ -qversion >&5
g++: error: unrecognized command line option '-qversion'
g++: fatal error: no input files
compilation terminated.
configure:4922: $? = 4
configure:4926: checking whether we are using the GNU C++ compiler
configure:4945: g++ -c   conftest.cpp >&5
configure:4945: $? = 0
configure:4954: result: yes
configure:4963: checking whether g++ accepts -g
configure:4983: g++ -c -g  conftest.cpp >&5
configure:4983: $? = 0
configure:5024: result: yes
configure:5049: checking dependency style of g++
configure:5160: result: gcc3
configure:5183: checking for arm-linux-eabi-gcc
configure:5210: result: gcc
configure:5479: checking for C compiler version
configure:5488: gcc --version >&5
gcc (Ubuntu 4.9.1-16ubuntu6) 4.9.1
Copyright (C) 2014 Free Software Foundation, Inc.
This is free software; see the source for copying conditions.  There is NO
warranty; not even for MERCHANTABILITY or FITNESS FOR A PARTICULAR PURPOSE.

configure:5499: $? = 0
configure:5488: gcc -v >&5
Using built-in specs.
COLLECT_GCC=gcc
COLLECT_LTO_WRAPPER=/usr/lib/gcc/x86_64-linux-gnu/4.9/lto-wrapper
Target: x86_64-linux-gnu
Configured with: ../src/configure -v --with-pkgversion='Ubuntu 4.9.1-16ubuntu6' --with-bugurl=file:///usr/share/doc/gcc-4.9/README.Bugs --enable-languages=c,c++,java,go,d,fortran,objc,obj-c++ --prefix=/usr --program-suffix=-4.9 --enable-shared --enable-linker-build-id --libexecdir=/usr/lib --without-included-gettext --enable-threads=posix --with-gxx-include-dir=/usr/include/c++/4.9 --libdir=/usr/lib --enable-nls --with-sysroot=/ --enable-clocale=gnu --enable-libstdcxx-debug --enable-libstdcxx-time=yes --enable-gnu-unique-object --disable-vtable-verify --enable-plugin --with-system-zlib --disable-browser-plugin --enable-java-awt=gtk --enable-gtk-cairo --with-java-home=/usr/lib/jvm/java-1.5.0-gcj-4.9-amd64/jre --enable-java-home --with-jvm-root-dir=/usr/lib/jvm/java-1.5.0-gcj-4.9-amd64 --with-jvm-jar-dir=/usr/lib/jvm-exports/java-1.5.0-gcj-4.9-amd64 --with-arch-directory=amd64 --with-ecj-jar=/usr/share/java/eclipse-ecj.jar --enable-objc-gc --enable-multiarch --disable-werror --with-arch-32=i686 --with-abi=m64 --with-multilib-list=m32,m64,mx32 --enable-multilib --with-tune=generic --enable-checking=release --build=x86_64-linux-gnu --host=x86_64-linux-gnu --target=x86_64-linux-gnu
Thread model: posix
gcc version 4.9.1 (Ubuntu 4.9.1-16ubuntu6) 
configure:5499: $? = 0
configure:5488: gcc -V >&5
gcc: error: unrecognized command line option '-V'
gcc: fatal error: no input files
compilation terminated.
configure:5499: $? = 4
configure:5488: gcc -qversion >&5
gcc: error: unrecognized command line option '-qversion'
gcc: fatal error: no input files
compilation terminated.
configure:5499: $? = 4
configure:5503: checking whether we are using the GNU C compiler
configure:5531: result: yes
configure:5540: checking whether gcc accepts -g
configure:5601: result: yes
configure:5618: checking for gcc option to accept ISO C89
configure:5694: result: none needed
configure:5719: checking whether gcc understands -c and -o together
configure:5756: result: yes
configure:5775: checking dependency style of gcc
configure:5886: result: gcc3
configure:5906: checking how to run the C preprocessor
configure:5976: result: gcc -E
configure:5996: gcc -E  conftest.c
configure:5996: $? = 0
configure:6010: gcc -E  conftest.c
conftest.c:40:28: fatal error: ac_nonexistent.h: No such file or directory
 #include <ac_nonexistent.h>
                            ^
compilation terminated.
configure:6010: $? = 1
configure: failed program was:
| /* confdefs.h */
| #define PACKAGE_NAME "libspatialite"
| #define PACKAGE_TARNAME "libspatialite"
| #define PACKAGE_VERSION "4.4.0-topoalpha"
| #define PACKAGE_STRING "libspatialite 4.4.0-topoalpha"
| #define PACKAGE_BUGREPORT "a.furieri@lqt.it"
| #define PACKAGE_URL ""
| #define PACKAGE "libspatialite"
| #define VERSION "4.4.0-topoalpha"
| #define _LARGE_FILE 1
| #define _FILE_OFFSET_BITS 64
| #define _LARGEFILE_SOURCE 1
| #define NDEBUG 1
| #define STDC_HEADERS 1
| #define HAVE_SYS_TYPES_H 1
| #define HAVE_SYS_STAT_H 1
| #define HAVE_STDLIB_H 1
| #define HAVE_STRING_H 1
| #define HAVE_MEMORY_H 1
| #define HAVE_STRINGS_H 1
| #define HAVE_INTTYPES_H 1
| #define HAVE_STDINT_H 1
| #define HAVE_UNISTD_H 1
| #define HAVE_STDLIB_H 1
| #define HAVE_STDIO_H 1
| #define HAVE_STRING_H 1
| #define HAVE_MEMORY_H 1
| #define HAVE_MATH_H 1
| #define HAVE_FLOAT_H 1
| #define HAVE_FCNTL_H 1
| #define HAVE_INTTYPES_H 1
| #define HAVE_STDDEF_H 1
| #define HAVE_STDINT_H 1
| #define HAVE_SYS_TIME_H 1
| #define HAVE_UNISTD_H 1
| #define HAVE_SQLITE3_H 1
| #define HAVE_SQLITE3EXT_H 1
| #define HAVE_ZLIB_H 1
| /* end confdefs.h.  */
| #include <ac_nonexistent.h>
configure:6039: checking whether ln -s works
configure:6043: result: yes
configure:6050: checking whether make sets $(MAKE)
configure:6072: result: yes
configure:6085: checking build system type
configure:6099: result: x86_64-pc-linux-gnu
configure:6119: checking host system type
configure:6132: result: arm-linux-eabi
configure:6501: checking how to print strings
configure:6528: result: printf
configure:6549: checking for a sed that does not truncate output
configure:6613: result: /bin/sed
configure:6631: checking for fgrep
configure:6693: result: /bin/grep -F
configure:6728: checking for ld used by gcc
configure:6795: result: /usr/bin/ld
configure:6802: checking if the linker (/usr/bin/ld) is GNU ld
configure:6817: result: yes
configure:6829: checking for BSD- or MS-compatible name lister (nm)
configure:6878: result: no
configure:6892: checking for arm-linux-eabi-dumpbin
configure:6922: result: no
configure:6892: checking for arm-linux-eabi-link
configure:6922: result: no
configure:6936: checking for dumpbin
configure:6966: result: no
configure:6936: checking for link
configure:6952: found /usr/bin/link
configure:6963: result: link -dump
configure:7008: checking the name lister (nm) interface
configure:7015: gcc -c -g -O2  conftest.c >&5
configure:7018: nm "conftest.o"
configure:7021: output
0000000000000000 B some_variable
configure:7028: result: BSD nm
configure:7032: checking the maximum length of command line arguments
configure:7157: result: 1572864
configure:7174: checking whether the shell understands some XSI constructs
configure:7184: result: yes
configure:7188: checking whether the shell understands "+="
configure:7194: result: yes
configure:7229: checking how to convert x86_64-pc-linux-gnu file names to arm-linux-eabi format
configure:7269: result: func_convert_file_noop
configure:7276: checking how to convert x86_64-pc-linux-gnu file names to toolchain format
configure:7296: result: func_convert_file_noop
configure:7303: checking for /usr/bin/ld option to reload object files
configure:7310: result: -r
configure:7344: checking for arm-linux-eabi-objdump
configure:7371: result: objdump
configure:7440: checking how to recognize dependent libraries
configure:7642: result: unknown
configure:7687: checking for arm-linux-eabi-dlltool
configure:7714: result: dlltool
configure:7784: checking how to associate runtime and link libraries
configure:7811: result: printf %s\n
configure:7827: checking for arm-linux-eabi-ar
configure:7857: result: no
configure:7871: checking for ar
configure:7887: found /usr/bin/ar
configure:7898: result: ar
configure:7935: checking for archiver @FILE support
configure:7952: gcc -c -g -O2  conftest.c >&5
configure:7952: $? = 0
configure:7955: ar cru libconftest.a @conftest.lst >&5
configure:7958: $? = 0
configure:7963: ar cru libconftest.a @conftest.lst >&5
ar: conftest.o: No such file or directory
configure:7966: $? = 1
configure:7978: result: @
configure:7996: checking for arm-linux-eabi-strip
configure:8023: result: strip
configure:8095: checking for arm-linux-eabi-ranlib
configure:8125: result: no
configure:8135: checking for ranlib
configure:8151: found /usr/bin/ranlib
configure:8162: result: ranlib
configure:8264: checking command to parse nm output from gcc object
configure:8383: gcc -c -g -O2  conftest.c >&5
configure:8386: $? = 0
configure:8390: nm conftest.o \| sed -n -e 's/^.*[ ]\([ABCDGIRSTW][ABCDGIRSTW]*\)[ ][ ]*\([_A-Za-z][_A-Za-z0-9]*\)$/\1 \2 \2/p' | sed '/ __gnu_lto/d' \> conftest.nm
configure:8393: $? = 0
configure:8459: gcc -o conftest -g -O2   conftest.c conftstm.o >&5
configure:8462: $? = 0
configure:8500: result: ok
configure:8537: checking for sysroot
configure:8567: result: no
configure:8770: checking for arm-linux-eabi-mt
configure:8800: result: no
configure:8810: checking for mt
configure:8826: found /bin/mt
configure:8837: result: mt
configure:8860: checking if mt is a manifest tool
configure:8866: mt '-?'
configure:8874: result: no
configure:9503: checking for dlfcn.h
configure:9503: gcc -c -g -O2  conftest.c >&5
configure:9503: $? = 0
configure:9503: result: yes
configure:9699: checking for objdir
configure:9714: result: .libs
configure:9985: checking if gcc supports -fno-rtti -fno-exceptions
configure:10003: gcc -c -g -O2  -fno-rtti -fno-exceptions conftest.c >&5
cc1: warning: command line option '-fno-rtti' is valid for C++/ObjC++ but not for C
configure:10007: $? = 0
configure:10020: result: no
configure:10330: checking for gcc option to produce PIC
configure:10337: result: -fPIC -DPIC
configure:10345: checking if gcc PIC flag -fPIC -DPIC works
configure:10363: gcc -c -g -O2  -fPIC -DPIC -DPIC conftest.c >&5
configure:10367: $? = 0
configure:10380: result: yes
configure:10409: checking if gcc static flag -static works
configure:10437: result: yes
configure:10452: checking if gcc supports -c -o file.o
configure:10473: gcc -c -g -O2  -o out/conftest2.o conftest.c >&5
configure:10477: $? = 0
configure:10499: result: yes
configure:10507: checking if gcc supports -c -o file.o
configure:10554: result: yes
configure:10587: checking whether the gcc linker (/usr/bin/ld) supports shared libraries
configure:11745: result: yes
configure:11782: checking whether -lc should be explicitly linked in
configure:11790: gcc -c -g -O2  conftest.c >&5
configure:11793: $? = 0
configure:11808: gcc -shared  -fPIC -DPIC conftest.o  -v -Wl,-soname -Wl,conftest -o conftest 2\>\&1 \| /bin/grep  -lc  \>/dev/null 2\>\&1
configure:11811: $? = 0
configure:11825: result: no
configure:11990: checking dynamic linker characteristics
configure:12730: result: no
configure:12837: checking how to hardcode library paths into programs
configure:12862: result: immediate
configure:13402: checking whether stripping libraries is possible
configure:13407: result: yes
configure:13442: checking if libtool supports shared libraries
configure:13444: result: no
configure:13447: checking whether to build shared libraries
configure:13468: result: no
configure:13471: checking whether to build static libraries
configure:13475: result: yes
configure:13498: checking how to run the C++ preprocessor
configure:13525: g++ -E  conftest.cpp
configure:13525: $? = 0
configure:13539: g++ -E  conftest.cpp
conftest.cpp:42:28: fatal error: ac_nonexistent.h: No such file or directory
 #include <ac_nonexistent.h>
                            ^
compilation terminated.
configure:13539: $? = 1
configure: failed program was:
| /* confdefs.h */
| #define PACKAGE_NAME "libspatialite"
| #define PACKAGE_TARNAME "libspatialite"
| #define PACKAGE_VERSION "4.4.0-topoalpha"
| #define PACKAGE_STRING "libspatialite 4.4.0-topoalpha"
| #define PACKAGE_BUGREPORT "a.furieri@lqt.it"
| #define PACKAGE_URL ""
| #define PACKAGE "libspatialite"
| #define VERSION "4.4.0-topoalpha"
| #define _LARGE_FILE 1
| #define _FILE_OFFSET_BITS 64
| #define _LARGEFILE_SOURCE 1
| #define NDEBUG 1
| #define STDC_HEADERS 1
| #define HAVE_SYS_TYPES_H 1
| #define HAVE_SYS_STAT_H 1
| #define HAVE_STDLIB_H 1
| #define HAVE_STRING_H 1
| #define HAVE_MEMORY_H 1
| #define HAVE_STRINGS_H 1
| #define HAVE_INTTYPES_H 1
| #define HAVE_STDINT_H 1
| #define HAVE_UNISTD_H 1
| #define HAVE_STDLIB_H 1
| #define HAVE_STDIO_H 1
| #define HAVE_STRING_H 1
| #define HAVE_MEMORY_H 1
| #define HAVE_MATH_H 1
| #define HAVE_FLOAT_H 1
| #define HAVE_FCNTL_H 1
| #define HAVE_INTTYPES_H 1
| #define HAVE_STDDEF_H 1
| #define HAVE_STDINT_H 1
| #define HAVE_SYS_TIME_H 1
| #define HAVE_UNISTD_H 1
| #define HAVE_SQLITE3_H 1
| #define HAVE_SQLITE3EXT_H 1
| #define HAVE_ZLIB_H 1
| #define HAVE_DLFCN_H 1
| #define LT_OBJDIR ".libs/"
| /* end confdefs.h.  */
| #include <ac_nonexistent.h>
configure:13564: result: g++ -E
configure:13584: g++ -E  conftest.cpp
configure:13584: $? = 0
configure:13598: g++ -E  conftest.cpp
conftest.cpp:42:28: fatal error: ac_nonexistent.h: No such file or directory
 #include <ac_nonexistent.h>
                            ^
compilation terminated.
configure:13598: $? = 1
configure: failed program was:
| /* confdefs.h */
| #define PACKAGE_NAME "libspatialite"
| #define PACKAGE_TARNAME "libspatialite"
| #define PACKAGE_VERSION "4.4.0-topoalpha"
| #define PACKAGE_STRING "libspatialite 4.4.0-topoalpha"
| #define PACKAGE_BUGREPORT "a.furieri@lqt.it"
| #define PACKAGE_URL ""
| #define PACKAGE "libspatialite"
| #define VERSION "4.4.0-topoalpha"
| #define _LARGE_FILE 1
| #define _FILE_OFFSET_BITS 64
| #define _LARGEFILE_SOURCE 1
| #define NDEBUG 1
| #define STDC_HEADERS 1
| #define HAVE_SYS_TYPES_H 1
| #define HAVE_SYS_STAT_H 1
| #define HAVE_STDLIB_H 1
| #define HAVE_STRING_H 1
| #define HAVE_MEMORY_H 1
| #define HAVE_STRINGS_H 1
| #define HAVE_INTTYPES_H 1
| #define HAVE_STDINT_H 1
| #define HAVE_UNISTD_H 1
| #define HAVE_STDLIB_H 1
| #define HAVE_STDIO_H 1
| #define HAVE_STRING_H 1
| #define HAVE_MEMORY_H 1
| #define HAVE_MATH_H 1
| #define HAVE_FLOAT_H 1
| #define HAVE_FCNTL_H 1
| #define HAVE_INTTYPES_H 1
| #define HAVE_STDDEF_H 1
| #define HAVE_STDINT_H 1
| #define HAVE_SYS_TIME_H 1
| #define HAVE_UNISTD_H 1
| #define HAVE_SQLITE3_H 1
| #define HAVE_SQLITE3EXT_H 1
| #define HAVE_ZLIB_H 1
| #define HAVE_DLFCN_H 1
| #define LT_OBJDIR ".libs/"
| /* end confdefs.h.  */
| #include <ac_nonexistent.h>
configure:13768: checking for ld used by g++
configure:13835: result: /usr/bin/ld
configure:13842: checking if the linker (/usr/bin/ld) is GNU ld
configure:13857: result: yes
configure:13912: checking whether the g++ linker (/usr/bin/ld) supports shared libraries
configure:14916: result: no
configure:14951: g++ -c -g -O2  conftest.cpp >&5
configure:14954: $? = 0
configure:15474: checking for g++ option to produce PIC
configure:15481: result: -fPIC -DPIC
configure:15489: checking if g++ PIC flag -fPIC -DPIC works
configure:15507: g++ -c -g -O2  -fPIC -DPIC -DPIC conftest.cpp >&5
configure:15511: $? = 0
configure:15524: result: yes
configure:15547: checking if g++ static flag -static works
configure:15575: result: yes
configure:15587: checking if g++ supports -c -o file.o
configure:15608: g++ -c -g -O2  -o out/conftest2.o conftest.cpp >&5
configure:15612: $? = 0
configure:15634: result: yes
configure:15639: checking if g++ supports -c -o file.o
configure:15686: result: yes
configure:15716: checking whether the g++ linker (/usr/bin/ld) supports shared libraries
configure:15750: result: no
configure:15893: checking dynamic linker characteristics
configure:16567: result: no
configure:16620: checking how to hardcode library paths into programs
configure:16645: result: immediate
configure:16706: checking for an ANSI C-conforming const
configure:16772: gcc -c -g -O2  conftest.c >&5
configure:16772: $? = 0
configure:16779: result: yes
configure:16787: checking for off_t
configure:16787: gcc -c -g -O2  conftest.c >&5
configure:16787: $? = 0
configure:16787: gcc -c -g -O2  conftest.c >&5
conftest.c: In function 'main':
conftest.c:78:20: error: expected expression before ')' token
 if (sizeof ((off_t)))
                    ^
configure:16787: $? = 1
configure: failed program was:
| /* confdefs.h */
| #define PACKAGE_NAME "libspatialite"
| #define PACKAGE_TARNAME "libspatialite"
| #define PACKAGE_VERSION "4.4.0-topoalpha"
| #define PACKAGE_STRING "libspatialite 4.4.0-topoalpha"
| #define PACKAGE_BUGREPORT "a.furieri@lqt.it"
| #define PACKAGE_URL ""
| #define PACKAGE "libspatialite"
| #define VERSION "4.4.0-topoalpha"
| #define _LARGE_FILE 1
| #define _FILE_OFFSET_BITS 64
| #define _LARGEFILE_SOURCE 1
| #define NDEBUG 1
| #define STDC_HEADERS 1
| #define HAVE_SYS_TYPES_H 1
| #define HAVE_SYS_STAT_H 1
| #define HAVE_STDLIB_H 1
| #define HAVE_STRING_H 1
| #define HAVE_MEMORY_H 1
| #define HAVE_STRINGS_H 1
| #define HAVE_INTTYPES_H 1
| #define HAVE_STDINT_H 1
| #define HAVE_UNISTD_H 1
| #define HAVE_STDLIB_H 1
| #define HAVE_STDIO_H 1
| #define HAVE_STRING_H 1
| #define HAVE_MEMORY_H 1
| #define HAVE_MATH_H 1
| #define HAVE_FLOAT_H 1
| #define HAVE_FCNTL_H 1
| #define HAVE_INTTYPES_H 1
| #define HAVE_STDDEF_H 1
| #define HAVE_STDINT_H 1
| #define HAVE_SYS_TIME_H 1
| #define HAVE_UNISTD_H 1
| #define HAVE_SQLITE3_H 1
| #define HAVE_SQLITE3EXT_H 1
| #define HAVE_ZLIB_H 1
| #define HAVE_DLFCN_H 1
| #define LT_OBJDIR ".libs/"
| /* end confdefs.h.  */
| #include <stdio.h>
| #ifdef HAVE_SYS_TYPES_H
| # include <sys/types.h>
| #endif
| #ifdef HAVE_SYS_STAT_H
| # include <sys/stat.h>
| #endif
| #ifdef STDC_HEADERS
| # include <stdlib.h>
| # include <stddef.h>
| #else
| # ifdef HAVE_STDLIB_H
| #  include <stdlib.h>
| # endif
| #endif
| #ifdef HAVE_STRING_H
| # if !defined STDC_HEADERS && defined HAVE_MEMORY_H
| #  include <memory.h>
| # endif
| # include <string.h>
| #endif
| #ifdef HAVE_STRINGS_H
| # include <strings.h>
| #endif
| #ifdef HAVE_INTTYPES_H
| # include <inttypes.h>
| #endif
| #ifdef HAVE_STDINT_H
| # include <stdint.h>
| #endif
| #ifdef HAVE_UNISTD_H
| # include <unistd.h>
| #endif
| int
| main ()
| {
| if (sizeof ((off_t)))
| 	    return 0;
|   ;
|   return 0;
| }
configure:16787: result: yes
configure:16798: checking for size_t
configure:16798: gcc -c -g -O2  conftest.c >&5
configure:16798: $? = 0
configure:16798: gcc -c -g -O2  conftest.c >&5
conftest.c: In function 'main':
conftest.c:78:21: error: expected expression before ')' token
 if (sizeof ((size_t)))
                     ^
configure:16798: $? = 1
configure: failed program was:
| /* confdefs.h */
| #define PACKAGE_NAME "libspatialite"
| #define PACKAGE_TARNAME "libspatialite"
| #define PACKAGE_VERSION "4.4.0-topoalpha"
| #define PACKAGE_STRING "libspatialite 4.4.0-topoalpha"
| #define PACKAGE_BUGREPORT "a.furieri@lqt.it"
| #define PACKAGE_URL ""
| #define PACKAGE "libspatialite"
| #define VERSION "4.4.0-topoalpha"
| #define _LARGE_FILE 1
| #define _FILE_OFFSET_BITS 64
| #define _LARGEFILE_SOURCE 1
| #define NDEBUG 1
| #define STDC_HEADERS 1
| #define HAVE_SYS_TYPES_H 1
| #define HAVE_SYS_STAT_H 1
| #define HAVE_STDLIB_H 1
| #define HAVE_STRING_H 1
| #define HAVE_MEMORY_H 1
| #define HAVE_STRINGS_H 1
| #define HAVE_INTTYPES_H 1
| #define HAVE_STDINT_H 1
| #define HAVE_UNISTD_H 1
| #define HAVE_STDLIB_H 1
| #define HAVE_STDIO_H 1
| #define HAVE_STRING_H 1
| #define HAVE_MEMORY_H 1
| #define HAVE_MATH_H 1
| #define HAVE_FLOAT_H 1
| #define HAVE_FCNTL_H 1
| #define HAVE_INTTYPES_H 1
| #define HAVE_STDDEF_H 1
| #define HAVE_STDINT_H 1
| #define HAVE_SYS_TIME_H 1
| #define HAVE_UNISTD_H 1
| #define HAVE_SQLITE3_H 1
| #define HAVE_SQLITE3EXT_H 1
| #define HAVE_ZLIB_H 1
| #define HAVE_DLFCN_H 1
| #define LT_OBJDIR ".libs/"
| /* end confdefs.h.  */
| #include <stdio.h>
| #ifdef HAVE_SYS_TYPES_H
| # include <sys/types.h>
| #endif
| #ifdef HAVE_SYS_STAT_H
| # include <sys/stat.h>
| #endif
| #ifdef STDC_HEADERS
| # include <stdlib.h>
| # include <stddef.h>
| #else
| # ifdef HAVE_STDLIB_H
| #  include <stdlib.h>
| # endif
| #endif
| #ifdef HAVE_STRING_H
| # if !defined STDC_HEADERS && defined HAVE_MEMORY_H
| #  include <memory.h>
| # endif
| # include <string.h>
| #endif
| #ifdef HAVE_STRINGS_H
| # include <strings.h>
| #endif
| #ifdef HAVE_INTTYPES_H
| # include <inttypes.h>
| #endif
| #ifdef HAVE_STDINT_H
| # include <stdint.h>
| #endif
| #ifdef HAVE_UNISTD_H
| # include <unistd.h>
| #endif
| int
| main ()
| {
| if (sizeof ((size_t)))
| 	    return 0;
|   ;
|   return 0;
| }
configure:16798: result: yes
configure:16809: checking whether time.h and sys/time.h may both be included
configure:16829: gcc -c -g -O2  conftest.c >&5
configure:16829: $? = 0
configure:16836: result: yes
configure:16844: checking whether struct tm is in sys/time.h or time.h
configure:16864: gcc -c -g -O2  conftest.c >&5
configure:16864: $? = 0
configure:16871: result: time.h
configure:16879: checking for working volatile
configure:16898: gcc -c -g -O2  conftest.c >&5
configure:16898: $? = 0
configure:16905: result: yes
configure:16915: checking whether lstat correctly handles trailing slash
configure:16958: result: no
configure:16977: checking whether lstat accepts an empty string
configure:17007: result: yes
configure:17023: checking whether lstat correctly handles trailing slash
configure:17066: result: no
configure:17085: checking for working memcmp
configure:17138: result: no
configure:17147: checking whether stat accepts an empty string
configure:17177: result: yes
configure:17195: checking for strftime
configure:17195: gcc -o conftest -g -O2   conftest.c  >&5
conftest.c:68:6: warning: conflicting types for built-in function 'strftime'
 char strftime ();
      ^
configure:17195: $? = 0
configure:17195: result: yes
configure:17251: checking for memset
configure:17251: gcc -o conftest -g -O2   conftest.c  >&5
conftest.c:69:6: warning: conflicting types for built-in function 'memset'
 char memset ();
      ^
configure:17251: $? = 0
configure:17251: result: yes
configure:17251: checking for sqrt
configure:17251: gcc -o conftest -g -O2   conftest.c  >&5
conftest.c:70:6: warning: conflicting types for built-in function 'sqrt'
 char sqrt ();
      ^
/tmp/cc0bxDbi.o: In function `main':
/home/mj10777/000_links/geopaparazzi/geopaparazzi.eu/libjsqlite-spatialite-android/libjsqlite-spatialite-android/spatialite-android-library/jni/libspatialite-4.4.0/conftest.c:81: undefined reference to `sqrt'
collect2: error: ld returned 1 exit status
configure:17251: $? = 1
configure: failed program was:
| /* confdefs.h */
| #define PACKAGE_NAME "libspatialite"
| #define PACKAGE_TARNAME "libspatialite"
| #define PACKAGE_VERSION "4.4.0-topoalpha"
| #define PACKAGE_STRING "libspatialite 4.4.0-topoalpha"
| #define PACKAGE_BUGREPORT "a.furieri@lqt.it"
| #define PACKAGE_URL ""
| #define PACKAGE "libspatialite"
| #define VERSION "4.4.0-topoalpha"
| #define _LARGE_FILE 1
| #define _FILE_OFFSET_BITS 64
| #define _LARGEFILE_SOURCE 1
| #define NDEBUG 1
| #define STDC_HEADERS 1
| #define HAVE_SYS_TYPES_H 1
| #define HAVE_SYS_STAT_H 1
| #define HAVE_STDLIB_H 1
| #define HAVE_STRING_H 1
| #define HAVE_MEMORY_H 1
| #define HAVE_STRINGS_H 1
| #define HAVE_INTTYPES_H 1
| #define HAVE_STDINT_H 1
| #define HAVE_UNISTD_H 1
| #define HAVE_STDLIB_H 1
| #define HAVE_STDIO_H 1
| #define HAVE_STRING_H 1
| #define HAVE_MEMORY_H 1
| #define HAVE_MATH_H 1
| #define HAVE_FLOAT_H 1
| #define HAVE_FCNTL_H 1
| #define HAVE_INTTYPES_H 1
| #define HAVE_STDDEF_H 1
| #define HAVE_STDINT_H 1
| #define HAVE_SYS_TIME_H 1
| #define HAVE_UNISTD_H 1
| #define HAVE_SQLITE3_H 1
| #define HAVE_SQLITE3EXT_H 1
| #define HAVE_ZLIB_H 1
| #define HAVE_DLFCN_H 1
| #define LT_OBJDIR ".libs/"
| #define TIME_WITH_SYS_TIME 1
| #define HAVE_LSTAT_EMPTY_STRING_BUG 1
| #define HAVE_STAT_EMPTY_STRING_BUG 1
| #define HAVE_STRFTIME 1
| #define HAVE_MEMSET 1
| /* end confdefs.h.  */
| /* Define sqrt to an innocuous variant, in case <limits.h> declares sqrt.
|    For example, HP-UX 11i <limits.h> declares gettimeofday.  */
| #define sqrt innocuous_sqrt
| 
| /* System header to define __stub macros and hopefully few prototypes,
|     which can conflict with char sqrt (); below.
|     Prefer <limits.h> to <assert.h> if __STDC__ is defined, since
|     <limits.h> exists even on freestanding compilers.  */
| 
| #ifdef __STDC__
| # include <limits.h>
| #else
| # include <assert.h>
| #endif
| 
| #undef sqrt
| 
| /* Override any GCC internal prototype to avoid an error.
|    Use char because int might match the return type of a GCC
|    builtin and then its argument prototype would still apply.  */
| #ifdef __cplusplus
| extern "C"
| #endif
| char sqrt ();
| /* The GNU C library defines this for functions which it implements
|     to always fail with ENOSYS.  Some functions are actually named
|     something starting with __ and the normal name is an alias.  */
| #if defined __stub_sqrt || defined __stub___sqrt
| choke me
| #endif
| 
| int
| main ()
| {
| return sqrt ();
|   ;
|   return 0;
| }
configure:17251: result: no
configure:17251: checking for strcasecmp
configure:17251: gcc -o conftest -g -O2   conftest.c  >&5
conftest.c:70:6: warning: conflicting types for built-in function 'strcasecmp'
 char strcasecmp ();
      ^
configure:17251: $? = 0
configure:17251: result: yes
configure:17251: checking for strerror
configure:17251: gcc -o conftest -g -O2   conftest.c  >&5
configure:17251: $? = 0
configure:17251: result: yes
configure:17251: checking for strncasecmp
configure:17251: gcc -o conftest -g -O2   conftest.c  >&5
conftest.c:72:6: warning: conflicting types for built-in function 'strncasecmp'
 char strncasecmp ();
      ^
configure:17251: $? = 0
configure:17251: result: yes
configure:17251: checking for strstr
configure:17251: gcc -o conftest -g -O2   conftest.c  >&5
conftest.c:73:6: warning: conflicting types for built-in function 'strstr'
 char strstr ();
      ^
configure:17251: $? = 0
configure:17251: result: yes
configure:17251: checking for fdatasync
configure:17251: gcc -o conftest -g -O2   conftest.c  >&5
configure:17251: $? = 0
configure:17251: result: yes
configure:17251: checking for ftruncate
configure:17251: gcc -o conftest -g -O2   conftest.c  >&5
configure:17251: $? = 0
configure:17251: result: yes
configure:17251: checking for getcwd
configure:17251: gcc -o conftest -g -O2   conftest.c  >&5
configure:17251: $? = 0
configure:17251: result: yes
configure:17251: checking for gettimeofday
configure:17251: gcc -o conftest -g -O2   conftest.c  >&5
configure:17251: $? = 0
configure:17251: result: yes
configure:17251: checking for localtime_r
configure:17251: gcc -o conftest -g -O2   conftest.c  >&5
configure:17251: $? = 0
configure:17251: result: yes
configure:17251: checking for memmove
configure:17251: gcc -o conftest -g -O2   conftest.c  >&5
conftest.c:79:6: warning: conflicting types for built-in function 'memmove'
 char memmove ();
      ^
configure:17251: $? = 0
configure:17251: result: yes
configure:17251: checking for strerror
configure:17251: result: yes
configure:17262: checking for sqlite3_prepare_v2 in -lsqlite3
configure:17287: gcc -o conftest -g -O2   conftest.c -lsqlite3 -lm  >&5
configure:17287: $? = 0
configure:17296: result: yes
configure:17309: checking for inflateInit_ in -lz
configure:17334: gcc -o conftest -g -O2   conftest.c -lz -lm -lsqlite3  >&5
configure:17334: $? = 0
configure:17343: result: yes
configure:17461: checking proj_api.h usability
configure:17461: gcc -c -g -O2  conftest.c >&5
configure:17461: $? = 0
configure:17461: result: yes
configure:17461: checking proj_api.h presence
configure:17461: gcc -E  conftest.c
configure:17461: $? = 0
configure:17461: result: yes
configure:17461: checking for proj_api.h
configure:17461: result: yes
configure:17473: checking for library containing pj_init_plus
configure:17504: gcc -o conftest -g -O2   conftest.c -lz -lsqlite3  >&5
/tmp/ccPfFz2e.o: In function `main':
/home/mj10777/000_links/geopaparazzi/geopaparazzi.eu/libjsqlite-spatialite-android/libjsqlite-spatialite-android/spatialite-android-library/jni/libspatialite-4.4.0/conftest.c:74: undefined reference to `pj_init_plus'
collect2: error: ld returned 1 exit status
configure:17504: $? = 1
configure: failed program was:
| /* confdefs.h */
| #define PACKAGE_NAME "libspatialite"
| #define PACKAGE_TARNAME "libspatialite"
| #define PACKAGE_VERSION "4.4.0-topoalpha"
| #define PACKAGE_STRING "libspatialite 4.4.0-topoalpha"
| #define PACKAGE_BUGREPORT "a.furieri@lqt.it"
| #define PACKAGE_URL ""
| #define PACKAGE "libspatialite"
| #define VERSION "4.4.0-topoalpha"
| #define _LARGE_FILE 1
| #define _FILE_OFFSET_BITS 64
| #define _LARGEFILE_SOURCE 1
| #define NDEBUG 1
| #define STDC_HEADERS 1
| #define HAVE_SYS_TYPES_H 1
| #define HAVE_SYS_STAT_H 1
| #define HAVE_STDLIB_H 1
| #define HAVE_STRING_H 1
| #define HAVE_MEMORY_H 1
| #define HAVE_STRINGS_H 1
| #define HAVE_INTTYPES_H 1
| #define HAVE_STDINT_H 1
| #define HAVE_UNISTD_H 1
| #define HAVE_STDLIB_H 1
| #define HAVE_STDIO_H 1
| #define HAVE_STRING_H 1
| #define HAVE_MEMORY_H 1
| #define HAVE_MATH_H 1
| #define HAVE_FLOAT_H 1
| #define HAVE_FCNTL_H 1
| #define HAVE_INTTYPES_H 1
| #define HAVE_STDDEF_H 1
| #define HAVE_STDINT_H 1
| #define HAVE_SYS_TIME_H 1
| #define HAVE_UNISTD_H 1
| #define HAVE_SQLITE3_H 1
| #define HAVE_SQLITE3EXT_H 1
| #define HAVE_ZLIB_H 1
| #define HAVE_DLFCN_H 1
| #define LT_OBJDIR ".libs/"
| #define TIME_WITH_SYS_TIME 1
| #define HAVE_LSTAT_EMPTY_STRING_BUG 1
| #define HAVE_STAT_EMPTY_STRING_BUG 1
| #define HAVE_STRFTIME 1
| #define HAVE_MEMSET 1
| #define HAVE_STRCASECMP 1
| #define HAVE_STRERROR 1
| #define HAVE_STRNCASECMP 1
| #define HAVE_STRSTR 1
| #define HAVE_FDATASYNC 1
| #define HAVE_FTRUNCATE 1
| #define HAVE_GETCWD 1
| #define HAVE_GETTIMEOFDAY 1
| #define HAVE_LOCALTIME_R 1
| #define HAVE_MEMMOVE 1
| #define HAVE_STRERROR 1
| #define HAVE_LIBSQLITE3 1
| #define HAVE_LIBZ 1
| #define TARGET_CPU "x86_64-linux-gnu"
| #define OMIT_GEOCALLBACKS 1
| #define HAVE_PROJ_API_H 1
| /* end confdefs.h.  */
| 
| /* Override any GCC internal prototype to avoid an error.
|    Use char because int might match the return type of a GCC
|    builtin and then its argument prototype would still apply.  */
| #ifdef __cplusplus
| extern "C"
| #endif
| char pj_init_plus ();
| int
| main ()
| {
| return pj_init_plus ();
|   ;
|   return 0;
| }
configure:17504: gcc -o conftest -g -O2   conftest.c -lproj -lm -lz -lsqlite3  >&5
configure:17504: $? = 0
configure:17521: result: -lproj
configure:17531: checking for library containing pj_init_ctx
configure:17562: gcc -o conftest -g -O2   conftest.c -lproj -lz -lsqlite3  >&5
configure:17562: $? = 0
configure:17579: result: none required
configure:17608: checking iconv.h usability
configure:17608: gcc -c -g -O2  conftest.c >&5
configure:17608: $? = 0
configure:17608: result: yes
configure:17608: checking iconv.h presence
configure:17608: gcc -E  conftest.c
configure:17608: $? = 0
configure:17608: result: yes
configure:17608: checking for iconv.h
configure:17608: result: yes
configure:17622: checking for library containing iconv
configure:17653: gcc -o conftest -g -O2   conftest.c -lproj -lz -lsqlite3  >&5
configure:17653: $? = 0
configure:17670: result: none required
configure:17737: checking for library containing locale_charset
configure:17768: gcc -o conftest -g -O2   conftest.c -lproj -lz -lsqlite3  >&5
/tmp/ccIbfImK.o: In function `main':
/home/mj10777/000_links/geopaparazzi/geopaparazzi.eu/libjsqlite-spatialite-android/libjsqlite-spatialite-android/spatialite-android-library/jni/libspatialite-4.4.0/conftest.c:75: undefined reference to `locale_charset'
collect2: error: ld returned 1 exit status
configure:17768: $? = 1
configure: failed program was:
| /* confdefs.h */
| #define PACKAGE_NAME "libspatialite"
| #define PACKAGE_TARNAME "libspatialite"
| #define PACKAGE_VERSION "4.4.0-topoalpha"
| #define PACKAGE_STRING "libspatialite 4.4.0-topoalpha"
| #define PACKAGE_BUGREPORT "a.furieri@lqt.it"
| #define PACKAGE_URL ""
| #define PACKAGE "libspatialite"
| #define VERSION "4.4.0-topoalpha"
| #define _LARGE_FILE 1
| #define _FILE_OFFSET_BITS 64
| #define _LARGEFILE_SOURCE 1
| #define NDEBUG 1
| #define STDC_HEADERS 1
| #define HAVE_SYS_TYPES_H 1
| #define HAVE_SYS_STAT_H 1
| #define HAVE_STDLIB_H 1
| #define HAVE_STRING_H 1
| #define HAVE_MEMORY_H 1
| #define HAVE_STRINGS_H 1
| #define HAVE_INTTYPES_H 1
| #define HAVE_STDINT_H 1
| #define HAVE_UNISTD_H 1
| #define HAVE_STDLIB_H 1
| #define HAVE_STDIO_H 1
| #define HAVE_STRING_H 1
| #define HAVE_MEMORY_H 1
| #define HAVE_MATH_H 1
| #define HAVE_FLOAT_H 1
| #define HAVE_FCNTL_H 1
| #define HAVE_INTTYPES_H 1
| #define HAVE_STDDEF_H 1
| #define HAVE_STDINT_H 1
| #define HAVE_SYS_TIME_H 1
| #define HAVE_UNISTD_H 1
| #define HAVE_SQLITE3_H 1
| #define HAVE_SQLITE3EXT_H 1
| #define HAVE_ZLIB_H 1
| #define HAVE_DLFCN_H 1
| #define LT_OBJDIR ".libs/"
| #define TIME_WITH_SYS_TIME 1
| #define HAVE_LSTAT_EMPTY_STRING_BUG 1
| #define HAVE_STAT_EMPTY_STRING_BUG 1
| #define HAVE_STRFTIME 1
| #define HAVE_MEMSET 1
| #define HAVE_STRCASECMP 1
| #define HAVE_STRERROR 1
| #define HAVE_STRNCASECMP 1
| #define HAVE_STRSTR 1
| #define HAVE_FDATASYNC 1
| #define HAVE_FTRUNCATE 1
| #define HAVE_GETCWD 1
| #define HAVE_GETTIMEOFDAY 1
| #define HAVE_LOCALTIME_R 1
| #define HAVE_MEMMOVE 1
| #define HAVE_STRERROR 1
| #define HAVE_LIBSQLITE3 1
| #define HAVE_LIBZ 1
| #define TARGET_CPU "x86_64-linux-gnu"
| #define OMIT_GEOCALLBACKS 1
| #define HAVE_PROJ_API_H 1
| #define HAVE_ICONV_H 1
| /* end confdefs.h.  */
| 
| /* Override any GCC internal prototype to avoid an error.
|    Use char because int might match the return type of a GCC
|    builtin and then its argument prototype would still apply.  */
| #ifdef __cplusplus
| extern "C"
| #endif
| char locale_charset ();
| int
| main ()
| {
| return locale_charset ();
|   ;
|   return 0;
| }
configure:17768: gcc -o conftest -g -O2   conftest.c -lcharset  -lproj -lz -lsqlite3  >&5
configure:17768: $? = 0
configure:17785: result: -lcharset
configure:17870: checking freexl.h usability
configure:17870: gcc -c -g -O2  conftest.c >&5
configure:17870: $? = 0
configure:17870: result: yes
configure:17870: checking freexl.h presence
configure:17870: gcc -E  conftest.c
configure:17870: $? = 0
configure:17870: result: yes
configure:17870: checking for freexl.h
configure:17870: result: yes
configure:17882: checking for library containing freexl_version
configure:17913: gcc -o conftest -g -O2   conftest.c -lcharset -lproj -lz -lsqlite3  >&5
/tmp/ccsFLo26.o: In function `main':
/home/mj10777/000_links/geopaparazzi/geopaparazzi.eu/libjsqlite-spatialite-android/libjsqlite-spatialite-android/spatialite-android-library/jni/libspatialite-4.4.0/conftest.c:76: undefined reference to `freexl_version'
collect2: error: ld returned 1 exit status
configure:17913: $? = 1
configure: failed program was:
| /* confdefs.h */
| #define PACKAGE_NAME "libspatialite"
| #define PACKAGE_TARNAME "libspatialite"
| #define PACKAGE_VERSION "4.4.0-topoalpha"
| #define PACKAGE_STRING "libspatialite 4.4.0-topoalpha"
| #define PACKAGE_BUGREPORT "a.furieri@lqt.it"
| #define PACKAGE_URL ""
| #define PACKAGE "libspatialite"
| #define VERSION "4.4.0-topoalpha"
| #define _LARGE_FILE 1
| #define _FILE_OFFSET_BITS 64
| #define _LARGEFILE_SOURCE 1
| #define NDEBUG 1
| #define STDC_HEADERS 1
| #define HAVE_SYS_TYPES_H 1
| #define HAVE_SYS_STAT_H 1
| #define HAVE_STDLIB_H 1
| #define HAVE_STRING_H 1
| #define HAVE_MEMORY_H 1
| #define HAVE_STRINGS_H 1
| #define HAVE_INTTYPES_H 1
| #define HAVE_STDINT_H 1
| #define HAVE_UNISTD_H 1
| #define HAVE_STDLIB_H 1
| #define HAVE_STDIO_H 1
| #define HAVE_STRING_H 1
| #define HAVE_MEMORY_H 1
| #define HAVE_MATH_H 1
| #define HAVE_FLOAT_H 1
| #define HAVE_FCNTL_H 1
| #define HAVE_INTTYPES_H 1
| #define HAVE_STDDEF_H 1
| #define HAVE_STDINT_H 1
| #define HAVE_SYS_TIME_H 1
| #define HAVE_UNISTD_H 1
| #define HAVE_SQLITE3_H 1
| #define HAVE_SQLITE3EXT_H 1
| #define HAVE_ZLIB_H 1
| #define HAVE_DLFCN_H 1
| #define LT_OBJDIR ".libs/"
| #define TIME_WITH_SYS_TIME 1
| #define HAVE_LSTAT_EMPTY_STRING_BUG 1
| #define HAVE_STAT_EMPTY_STRING_BUG 1
| #define HAVE_STRFTIME 1
| #define HAVE_MEMSET 1
| #define HAVE_STRCASECMP 1
| #define HAVE_STRERROR 1
| #define HAVE_STRNCASECMP 1
| #define HAVE_STRSTR 1
| #define HAVE_FDATASYNC 1
| #define HAVE_FTRUNCATE 1
| #define HAVE_GETCWD 1
| #define HAVE_GETTIMEOFDAY 1
| #define HAVE_LOCALTIME_R 1
| #define HAVE_MEMMOVE 1
| #define HAVE_STRERROR 1
| #define HAVE_LIBSQLITE3 1
| #define HAVE_LIBZ 1
| #define TARGET_CPU "x86_64-linux-gnu"
| #define OMIT_GEOCALLBACKS 1
| #define HAVE_PROJ_API_H 1
| #define HAVE_ICONV_H 1
| #define HAVE_FREEXL_H 1
| /* end confdefs.h.  */
| 
| /* Override any GCC internal prototype to avoid an error.
|    Use char because int might match the return type of a GCC
|    builtin and then its argument prototype would still apply.  */
| #ifdef __cplusplus
| extern "C"
| #endif
| char freexl_version ();
| int
| main ()
| {
| return freexl_version ();
|   ;
|   return 0;
| }
configure:17913: gcc -o conftest -g -O2   conftest.c -lfreexl -lm -lcharset -lproj -lz -lsqlite3  >&5
configure:17913: $? = 0
configure:17930: result: -lfreexl
configure:17988: checking for geos-config
configure:18006: found /usr/local/bin/geos-config
configure:18018: result: /usr/local/bin/geos-config
configure:18053: checking geos_c.h usability
configure:18053: gcc -c -g -O2 -I/usr/local/include conftest.c >&5
configure:18053: $? = 0
configure:18053: result: yes
configure:18053: checking geos_c.h presence
configure:18053: gcc -E -I/usr/local/include conftest.c
configure:18053: $? = 0
configure:18053: result: yes
configure:18053: checking for geos_c.h
configure:18053: result: yes
configure:18069: checking for library containing GEOSCoveredBy
configure:18100: gcc -o conftest -g -O2   conftest.c -L/usr/local/lib >&5
/tmp/cc6ikTPy.o: In function `main':
/home/mj10777/000_links/geopaparazzi/geopaparazzi.eu/libjsqlite-spatialite-android/libjsqlite-spatialite-android/spatialite-android-library/jni/libspatialite-4.4.0/conftest.c:77: undefined reference to `GEOSCoveredBy'
collect2: error: ld returned 1 exit status
configure:18100: $? = 1
configure: failed program was:
| /* confdefs.h */
| #define PACKAGE_NAME "libspatialite"
| #define PACKAGE_TARNAME "libspatialite"
| #define PACKAGE_VERSION "4.4.0-topoalpha"
| #define PACKAGE_STRING "libspatialite 4.4.0-topoalpha"
| #define PACKAGE_BUGREPORT "a.furieri@lqt.it"
| #define PACKAGE_URL ""
| #define PACKAGE "libspatialite"
| #define VERSION "4.4.0-topoalpha"
| #define _LARGE_FILE 1
| #define _FILE_OFFSET_BITS 64
| #define _LARGEFILE_SOURCE 1
| #define NDEBUG 1
| #define STDC_HEADERS 1
| #define HAVE_SYS_TYPES_H 1
| #define HAVE_SYS_STAT_H 1
| #define HAVE_STDLIB_H 1
| #define HAVE_STRING_H 1
| #define HAVE_MEMORY_H 1
| #define HAVE_STRINGS_H 1
| #define HAVE_INTTYPES_H 1
| #define HAVE_STDINT_H 1
| #define HAVE_UNISTD_H 1
| #define HAVE_STDLIB_H 1
| #define HAVE_STDIO_H 1
| #define HAVE_STRING_H 1
| #define HAVE_MEMORY_H 1
| #define HAVE_MATH_H 1
| #define HAVE_FLOAT_H 1
| #define HAVE_FCNTL_H 1
| #define HAVE_INTTYPES_H 1
| #define HAVE_STDDEF_H 1
| #define HAVE_STDINT_H 1
| #define HAVE_SYS_TIME_H 1
| #define HAVE_UNISTD_H 1
| #define HAVE_SQLITE3_H 1
| #define HAVE_SQLITE3EXT_H 1
| #define HAVE_ZLIB_H 1
| #define HAVE_DLFCN_H 1
| #define LT_OBJDIR ".libs/"
| #define TIME_WITH_SYS_TIME 1
| #define HAVE_LSTAT_EMPTY_STRING_BUG 1
| #define HAVE_STAT_EMPTY_STRING_BUG 1
| #define HAVE_STRFTIME 1
| #define HAVE_MEMSET 1
| #define HAVE_STRCASECMP 1
| #define HAVE_STRERROR 1
| #define HAVE_STRNCASECMP 1
| #define HAVE_STRSTR 1
| #define HAVE_FDATASYNC 1
| #define HAVE_FTRUNCATE 1
| #define HAVE_GETCWD 1
| #define HAVE_GETTIMEOFDAY 1
| #define HAVE_LOCALTIME_R 1
| #define HAVE_MEMMOVE 1
| #define HAVE_STRERROR 1
| #define HAVE_LIBSQLITE3 1
| #define HAVE_LIBZ 1
| #define TARGET_CPU "x86_64-linux-gnu"
| #define OMIT_GEOCALLBACKS 1
| #define HAVE_PROJ_API_H 1
| #define HAVE_ICONV_H 1
| #define HAVE_FREEXL_H 1
| #define HAVE_GEOS_C_H 1
| /* end confdefs.h.  */
| 
| /* Override any GCC internal prototype to avoid an error.
|    Use char because int might match the return type of a GCC
|    builtin and then its argument prototype would still apply.  */
| #ifdef __cplusplus
| extern "C"
| #endif
| char GEOSCoveredBy ();
| int
| main ()
| {
| return GEOSCoveredBy ();
|   ;
|   return 0;
| }
configure:18100: gcc -o conftest -g -O2   conftest.c -lgeos_c  -L/usr/local/lib >&5
configure:18100: $? = 0
configure:18117: result: -lgeos_c
configure:18156: checking for library containing GEOSDelaunayTriangulation
configure:18187: gcc -o conftest -g -O2   conftest.c -lfreexl -lcharset -lproj -lz -lsqlite3  -L/usr/local/lib -lgeos_c >&5
configure:18187: $? = 0
configure:18204: result: none required
configure:18231: checking liblwgeom.h usability
configure:18231: gcc -c -g -O2  conftest.c >&5
configure:18231: $? = 0
configure:18231: result: yes
configure:18231: checking liblwgeom.h presence
configure:18231: gcc -E  conftest.c
configure:18231: $? = 0
configure:18231: result: yes
configure:18231: checking for liblwgeom.h
configure:18231: result: yes
configure:18250: gcc -o conftest -g -O2   conftest.c -lfreexl -lcharset -lproj -lz -lsqlite3  -L/usr/local/lib -lgeos_c -llwgeom -lgeos_c >&5
configure:18250: $? = 0
configure:18263: checking for library containing lwgeom_set_handlers
configure:18294: gcc -o conftest -g -O2   conftest.c -lfreexl -lcharset -lproj -lz -lsqlite3  -L/usr/local/lib -lgeos_c -llwgeom -lgeos_c >&5
configure:18294: $? = 0
configure:18311: result: none required
configure:18323: checking for library containing lwt_AddIsoNode
configure:18354: gcc -o conftest -g -O2   conftest.c -lfreexl -lcharset -lproj -lz -lsqlite3  -L/usr/local/lib -lgeos_c -llwgeom -lgeos_c >&5
configure:18354: $? = 0
configure:18371: result: none required
configure:18408: checking for arm-linux-eabi-pkg-config
configure:18441: result: no
configure:18451: checking for pkg-config
configure:18469: found /usr/bin/pkg-config
configure:18481: result: /usr/bin/pkg-config
configure:18506: checking pkg-config is at least version 0.9.0
configure:18509: result: yes
configure:18519: checking for LIBXML2
configure:18526: $PKG_CONFIG --exists --print-errors "libxml-2.0"
configure:18529: $? = 0
configure:18543: $PKG_CONFIG --exists --print-errors "libxml-2.0"
configure:18546: $? = 0
configure:18584: result: yes
configure:18789: checking that generated files are newer than configure
configure:18795: result: done
configure:18850: creating ./config.status

## ---------------------- ##
## Running config.status. ##
## ---------------------- ##

This file was extended by libspatialite config.status 4.4.0-topoalpha, which was
generated by GNU Autoconf 2.69.  Invocation command line was

  CONFIG_FILES    = 
  CONFIG_HEADERS  = 
  CONFIG_LINKS    = 
  CONFIG_COMMANDS = 
  $ ./config.status 

on mj10777-01-l

config.status:1257: creating Makefile
config.status:1257: creating src/Makefile
config.status:1257: creating src/headers/Makefile
config.status:1257: creating src/gaiaaux/Makefile
config.status:1257: creating src/gaiaexif/Makefile
config.status:1257: creating src/gaiageo/Makefile
config.status:1257: creating src/gaiageo/flex/Makefile
config.status:1257: creating src/gaiageo/lemon/Makefile
config.status:1257: creating src/gaiageo/lemon/lemon_src/Makefile
config.status:1257: creating src/geopackage/Makefile
config.status:1257: creating src/spatialite/Makefile
config.status:1257: creating src/shapefiles/Makefile
config.status:1257: creating src/dxf/Makefile
config.status:1257: creating src/md5/Makefile
config.status:1257: creating src/control_points/Makefile
config.status:1257: creating src/cutter/Makefile
config.status:1257: creating src/topology/Makefile
config.status:1257: creating src/srsinit/Makefile
config.status:1257: creating src/srsinit/epsg_update/Makefile
config.status:1257: creating src/connection_cache/Makefile
config.status:1257: creating src/connection_cache/generator/Makefile
config.status:1257: creating src/virtualtext/Makefile
config.status:1257: creating src/wfs/Makefile
config.status:1257: creating test/Makefile
config.status:1257: creating test/sql_stmt_tests/Makefile
config.status:1257: creating test/sql_stmt_geos_tests/Makefile
config.status:1257: creating test/sql_stmt_geosadvanced_tests/Makefile
config.status:1257: creating test/sql_stmt_geopackage_tests/Makefile
config.status:1257: creating test/sql_stmt_proj_tests/Makefile
config.status:1257: creating test/sql_stmt_mathsql_tests/Makefile
config.status:1257: creating test/sql_stmt_lwgeom_tests/Makefile
config.status:1257: creating test/sql_stmt_lwgeom_20_tests/Makefile
config.status:1257: creating test/sql_stmt_lwgeom_22_tests/Makefile
config.status:1257: creating test/sql_stmt_libxml2_tests/Makefile
config.status:1257: creating test/sql_stmt_security_tests/Makefile
config.status:1257: creating test/sql_stmt_xmlsec_tests/Makefile
config.status:1257: creating test/sql_stmt_freexl_tests/Makefile
config.status:1257: creating test/sql_stmt_cache_tests/Makefile
config.status:1257: creating test/sql_stmt_nocache_tests/Makefile
config.status:1257: creating examples/Makefile
config.status:1257: creating Doxyfile
config.status:1257: creating spatialite.pc
config.status:1257: creating config.h
config.status:1486: executing depfiles commands
config.status:1486: executing libtool commands

## ---------------- ##
## Cache variables. ##
## ---------------- ##

ac_cv_build=x86_64-pc-linux-gnu
ac_cv_c_compiler_gnu=yes
ac_cv_c_const=yes
ac_cv_c_volatile=yes
ac_cv_cxx_compiler_gnu=yes
ac_cv_env_CCC_set=
ac_cv_env_CCC_value=
ac_cv_env_CC_set=
ac_cv_env_CC_value=
ac_cv_env_CFLAGS_set=
ac_cv_env_CFLAGS_value=
ac_cv_env_CPPFLAGS_set=
ac_cv_env_CPPFLAGS_value=
ac_cv_env_CPP_set=
ac_cv_env_CPP_value=
ac_cv_env_CXXCPP_set=
ac_cv_env_CXXCPP_value=
ac_cv_env_CXXFLAGS_set=
ac_cv_env_CXXFLAGS_value=
ac_cv_env_CXX_set=
ac_cv_env_CXX_value=
ac_cv_env_LDFLAGS_set=
ac_cv_env_LDFLAGS_value=
ac_cv_env_LIBS_set=
ac_cv_env_LIBS_value=
ac_cv_env_LIBXML2_CFLAGS_set=
ac_cv_env_LIBXML2_CFLAGS_value=
ac_cv_env_LIBXML2_LIBS_set=
ac_cv_env_LIBXML2_LIBS_value=
ac_cv_env_PKG_CONFIG_LIBDIR_set=
ac_cv_env_PKG_CONFIG_LIBDIR_value=
ac_cv_env_PKG_CONFIG_PATH_set=
ac_cv_env_PKG_CONFIG_PATH_value=
ac_cv_env_PKG_CONFIG_set=
ac_cv_env_PKG_CONFIG_value=
ac_cv_env_build_alias_set=set
ac_cv_env_build_alias_value=x86_64-pc-linux-gnu
ac_cv_env_host_alias_set=set
ac_cv_env_host_alias_value=arm-linux-eabi
ac_cv_env_target_alias_set=
ac_cv_env_target_alias_value=
ac_cv_func_fdatasync=yes
ac_cv_func_ftruncate=yes
ac_cv_func_getcwd=yes
ac_cv_func_gettimeofday=yes
ac_cv_func_localtime_r=yes
ac_cv_func_lstat_dereferences_slashed_symlink=no
ac_cv_func_lstat_empty_string_bug=yes
ac_cv_func_memcmp_working=no
ac_cv_func_memmove=yes
ac_cv_func_memset=yes
ac_cv_func_sqrt=no
ac_cv_func_stat_empty_string_bug=yes
ac_cv_func_strcasecmp=yes
ac_cv_func_strerror=yes
ac_cv_func_strftime=yes
ac_cv_func_strncasecmp=yes
ac_cv_func_strstr=yes
ac_cv_header_dlfcn_h=yes
ac_cv_header_fcntl_h=yes
ac_cv_header_float_h=yes
ac_cv_header_freexl_h=yes
ac_cv_header_geos_c_h=yes
ac_cv_header_iconv_h=yes
ac_cv_header_inttypes_h=yes
ac_cv_header_liblwgeom_h=yes
ac_cv_header_math_h=yes
ac_cv_header_memory_h=yes
ac_cv_header_proj_api_h=yes
ac_cv_header_sqlite3_h=yes
ac_cv_header_sqlite3ext_h=yes
ac_cv_header_stdc=yes
ac_cv_header_stddef_h=yes
ac_cv_header_stdint_h=yes
ac_cv_header_stdio_h=yes
ac_cv_header_stdlib_h=yes
ac_cv_header_string_h=yes
ac_cv_header_strings_h=yes
ac_cv_header_sys_stat_h=yes
ac_cv_header_sys_time_h=yes
ac_cv_header_sys_types_h=yes
ac_cv_header_time=yes
ac_cv_header_unistd_h=yes
ac_cv_header_zlib_h=yes
ac_cv_host=arm-linux-eabi
ac_cv_lib_sqlite3_sqlite3_prepare_v2=yes
ac_cv_lib_z_inflateInit_=yes
ac_cv_objext=o
ac_cv_path_EGREP='/bin/grep -E'
ac_cv_path_FGREP='/bin/grep -F'
ac_cv_path_GEOSCONFIG=/usr/local/bin/geos-config
ac_cv_path_GREP=/bin/grep
ac_cv_path_SED=/bin/sed
ac_cv_path_ac_pt_PKG_CONFIG=/usr/bin/pkg-config
ac_cv_path_install='/usr/bin/install -c'
ac_cv_path_mkdir=/bin/mkdir
ac_cv_prog_AWK=gawk
ac_cv_prog_CC=gcc
ac_cv_prog_CPP='gcc -E'
ac_cv_prog_CXXCPP='g++ -E'
ac_cv_prog_DLLTOOL=dlltool
ac_cv_prog_OBJDUMP=objdump
ac_cv_prog_STRIP=strip
ac_cv_prog_ac_ct_AR=ar
ac_cv_prog_ac_ct_CC=gcc
ac_cv_prog_ac_ct_CXX=g++
ac_cv_prog_ac_ct_DUMPBIN='link -dump'
ac_cv_prog_ac_ct_MANIFEST_TOOL=mt
ac_cv_prog_ac_ct_RANLIB=ranlib
ac_cv_prog_ac_ct_STRIP=strip
ac_cv_prog_cc_c89=
ac_cv_prog_cc_g=yes
ac_cv_prog_cxx_g=yes
ac_cv_prog_make_make_set=yes
ac_cv_search_GEOSCoveredBy=-lgeos_c
ac_cv_search_GEOSDelaunayTriangulation='none required'
ac_cv_search_freexl_version=-lfreexl
ac_cv_search_iconv='none required'
ac_cv_search_locale_charset=-lcharset
ac_cv_search_lwgeom_set_handlers='none required'
ac_cv_search_lwt_AddIsoNode='none required'
ac_cv_search_pj_init_ctx='none required'
ac_cv_search_pj_init_plus=-lproj
ac_cv_struct_tm=time.h
ac_cv_type_off_t=yes
ac_cv_type_size_t=yes
am_cv_CC_dependencies_compiler_type=gcc3
am_cv_CXX_dependencies_compiler_type=gcc3
am_cv_make_support_nested_variables=yes
am_cv_prog_cc_c_o=yes
lt_cv_ar_at_file=@
lt_cv_archive_cmds_need_lc=no
lt_cv_deplibs_check_method=unknown
lt_cv_file_magic_cmd='$MAGIC_CMD'
lt_cv_file_magic_test_file=
lt_cv_ld_reload_flag=-r
lt_cv_nm_interface='BSD nm'
lt_cv_objdir=.libs
lt_cv_path_LD=/usr/bin/ld
lt_cv_path_LDCXX=/usr/bin/ld
lt_cv_path_NM=no
lt_cv_path_mainfest_tool=no
lt_cv_prog_compiler_c_o=yes
lt_cv_prog_compiler_c_o_CXX=yes
lt_cv_prog_compiler_pic='-fPIC -DPIC'
lt_cv_prog_compiler_pic_CXX='-fPIC -DPIC'
lt_cv_prog_compiler_pic_works=yes
lt_cv_prog_compiler_pic_works_CXX=yes
lt_cv_prog_compiler_rtti_exceptions=no
lt_cv_prog_compiler_static_works=yes
lt_cv_prog_compiler_static_works_CXX=yes
lt_cv_prog_gnu_ld=yes
lt_cv_prog_gnu_ldcxx=yes
lt_cv_sharedlib_from_linklib_cmd='printf %s\n'
lt_cv_sys_global_symbol_pipe='sed -n -e '\''s/^.*[	 ]\([ABCDGIRSTW][ABCDGIRSTW]*\)[	 ][	 ]*\([_A-Za-z][_A-Za-z0-9]*\)$/\1 \2 \2/p'\'' | sed '\''/ __gnu_lto/d'\'''
lt_cv_sys_global_symbol_to_c_name_address='sed -n -e '\''s/^: \([^ ]*\)[ ]*$/  {\"\1\", (void *) 0},/p'\'' -e '\''s/^[ABCDGIRSTW]* \([^ ]*\) \([^ ]*\)$/  {"\2", (void *) \&\2},/p'\'''
lt_cv_sys_global_symbol_to_c_name_address_lib_prefix='sed -n -e '\''s/^: \([^ ]*\)[ ]*$/  {\"\1\", (void *) 0},/p'\'' -e '\''s/^[ABCDGIRSTW]* \([^ ]*\) \(lib[^ ]*\)$/  {"\2", (void *) \&\2},/p'\'' -e '\''s/^[ABCDGIRSTW]* \([^ ]*\) \([^ ]*\)$/  {"lib\2", (void *) \&\2},/p'\'''
lt_cv_sys_global_symbol_to_cdecl='sed -n -e '\''s/^T .* \(.*\)$/extern int \1();/p'\'' -e '\''s/^[ABCDGIRSTW]* .* \(.*\)$/extern char \1;/p'\'''
lt_cv_sys_max_cmd_len=1572864
lt_cv_to_host_file_cmd=func_convert_file_noop
lt_cv_to_tool_file_cmd=func_convert_file_noop
pkg_cv_LIBXML2_CFLAGS='-I/usr/include/libxml2 '
pkg_cv_LIBXML2_LIBS='-lxml2 '

## ----------------- ##
## Output variables. ##
## ----------------- ##

ACLOCAL='aclocal-1.15'
AMDEPBACKSLASH='\'
AMDEP_FALSE='#'
AMDEP_TRUE=''
AMTAR='$${TAR-tar}'
AM_BACKSLASH='\'
AM_DEFAULT_V='$(AM_DEFAULT_VERBOSITY)'
AM_DEFAULT_VERBOSITY='1'
AM_V='$(V)'
ANDROID_FALSE=''
ANDROID_TRUE='#'
AR='ar'
AS='as'
AUTOCONF='autoconf'
AUTOHEADER='autoheader'
AUTOMAKE='automake-1.15'
AWK='gawk'
CC='gcc'
CCDEPMODE='depmode=gcc3'
CFLAGS='-g -O2'
CPP='gcc -E'
CPPFLAGS=''
CXX='g++'
CXXCPP='g++ -E'
CXXDEPMODE='depmode=gcc3'
CXXFLAGS='-g -O2'
CYGPATH_W='echo'
DEFS='-DHAVE_CONFIG_H'
DEPDIR='.deps'
DLLTOOL='dlltool'
DSYMUTIL=''
DUMPBIN=':'
ECHO_C=''
ECHO_N='-n'
ECHO_T=''
EGREP='/bin/grep -E'
ENABLE_EXAMPLES_FALSE=''
ENABLE_EXAMPLES_TRUE='#'
ENABLE_GEOPACKAGE_FALSE='#'
ENABLE_GEOPACKAGE_TRUE=''
EXEEXT=''
FGREP='/bin/grep -F'
GEOSCONFIG='/usr/local/bin/geos-config'
GEOS_CFLAGS='-I/usr/local/include'
GEOS_LDFLAGS='-L/usr/local/lib'
GREP='/bin/grep'
INSTALL_DATA='${INSTALL} -m 644'
INSTALL_PROGRAM='${INSTALL}'
INSTALL_SCRIPT='${INSTALL}'
INSTALL_STRIP_PROGRAM='$(install_sh) -c -s'
LD='/usr/bin/ld'
LDFLAGS=''
LIBOBJS=' ${LIBOBJDIR}lstat$U.o ${LIBOBJDIR}memcmp$U.o ${LIBOBJDIR}stat$U.o'
LIBS='-lfreexl -lcharset -lproj -lz -lsqlite3  -L/usr/local/lib -lgeos_c -llwgeom -lgeos_c'
LIBTOOL='$(SHELL) $(top_builddir)/libtool'
LIBXML2_CFLAGS='-I/usr/include/libxml2 '
LIBXML2_LIBS='-lxml2 '
LIPO=''
LN_S='ln -s'
LTLIBOBJS=' ${LIBOBJDIR}lstat$U.lo ${LIBOBJDIR}memcmp$U.lo ${LIBOBJDIR}stat$U.lo'
MACOSX_FALSE=''
MACOSX_TRUE='#'
MAINT='#'
MAINTAINER_MODE_FALSE=''
MAINTAINER_MODE_TRUE='#'
MAKEINFO='makeinfo'
MANIFEST_TOOL=':'
MINGW_FALSE=''
MINGW_TRUE='#'
MKDIR_P='/bin/mkdir -p'
NM='nm'
NMEDIT=''
OBJDUMP='objdump'
OBJEXT='o'
OTOOL64=''
OTOOL=''
PACKAGE='libspatialite'
PACKAGE_BUGREPORT='a.furieri@lqt.it'
PACKAGE_NAME='libspatialite'
PACKAGE_STRING='libspatialite 4.4.0-topoalpha'
PACKAGE_TARNAME='libspatialite'
PACKAGE_URL=''
PACKAGE_VERSION='4.4.0-topoalpha'
PATH_SEPARATOR=':'
PKG_CONFIG='/usr/bin/pkg-config'
PKG_CONFIG_LIBDIR=''
PKG_CONFIG_PATH=''
RANLIB='ranlib'
SED='/bin/sed'
SET_MAKE=''
SHELL='/bin/bash'
STRIP='strip'
VERSION='4.4.0-topoalpha'
ac_ct_AR='ar'
ac_ct_CC='gcc'
ac_ct_CXX='g++'
ac_ct_DUMPBIN='link -dump'
am__EXEEXT_FALSE=''
am__EXEEXT_TRUE='#'
am__fastdepCC_FALSE='#'
am__fastdepCC_TRUE=''
am__fastdepCXX_FALSE='#'
am__fastdepCXX_TRUE=''
am__include='include'
am__isrc=''
am__leading_dot='.'
am__nodep='_no'
am__quote=''
am__tar='$${TAR-tar} chof - "$$tardir"'
am__untar='$${TAR-tar} xf -'
bindir='${exec_prefix}/bin'
build='x86_64-pc-linux-gnu'
build_alias='x86_64-pc-linux-gnu'
build_cpu='x86_64'
build_os='linux-gnu'
build_vendor='pc'
datadir='${datarootdir}'
datarootdir='${prefix}/share'
docdir='${datarootdir}/doc/${PACKAGE_TARNAME}'
dvidir='${docdir}'
exec_prefix='${prefix}'
host='arm-linux-eabi'
host_alias='arm-linux-eabi'
host_cpu='arm'
host_os='eabi'
host_vendor='linux'
htmldir='${docdir}'
includedir='${prefix}/include'
infodir='${datarootdir}/info'
install_sh='${SHELL} /home/mj10777/000_links/geopaparazzi/geopaparazzi.eu/libjsqlite-spatialite-android/libjsqlite-spatialite-android/spatialite-android-library/jni/libspatialite-4.4.0/install-sh'
libdir='${exec_prefix}/lib'
libexecdir='${exec_prefix}/libexec'
localedir='${datarootdir}/locale'
localstatedir='${prefix}/var'
mandir='${datarootdir}/man'
mkdir_p='$(MKDIR_P)'
oldincludedir='/usr/include'
pdfdir='${docdir}'
prefix='/usr/local'
program_transform_name='s,x,x,'
psdir='${docdir}'
sbindir='${exec_prefix}/sbin'
sharedstatedir='${prefix}/com'
sysconfdir='${prefix}/etc'
target_alias=''

## ----------- ##
## confdefs.h. ##
## ----------- ##

/* confdefs.h */
#define PACKAGE_NAME "libspatialite"
#define PACKAGE_TARNAME "libspatialite"
#define PACKAGE_VERSION "4.4.0-topoalpha"
#define PACKAGE_STRING "libspatialite 4.4.0-topoalpha"
#define PACKAGE_BUGREPORT "a.furieri@lqt.it"
#define PACKAGE_URL ""
#define PACKAGE "libspatialite"
#define VERSION "4.4.0-topoalpha"
#define _LARGE_FILE 1
#define _FILE_OFFSET_BITS 64
#define _LARGEFILE_SOURCE 1
#define NDEBUG 1
#define STDC_HEADERS 1
#define HAVE_SYS_TYPES_H 1
#define HAVE_SYS_STAT_H 1
#define HAVE_STDLIB_H 1
#define HAVE_STRING_H 1
#define HAVE_MEMORY_H 1
#define HAVE_STRINGS_H 1
#define HAVE_INTTYPES_H 1
#define HAVE_STDINT_H 1
#define HAVE_UNISTD_H 1
#define HAVE_STDLIB_H 1
#define HAVE_STDIO_H 1
#define HAVE_STRING_H 1
#define HAVE_MEMORY_H 1
#define HAVE_MATH_H 1
#define HAVE_FLOAT_H 1
#define HAVE_FCNTL_H 1
#define HAVE_INTTYPES_H 1
#define HAVE_STDDEF_H 1
#define HAVE_STDINT_H 1
#define HAVE_SYS_TIME_H 1
#define HAVE_UNISTD_H 1
#define HAVE_SQLITE3_H 1
#define HAVE_SQLITE3EXT_H 1
#define HAVE_ZLIB_H 1
#define HAVE_DLFCN_H 1
#define LT_OBJDIR ".libs/"
#define TIME_WITH_SYS_TIME 1
#define HAVE_LSTAT_EMPTY_STRING_BUG 1
#define HAVE_STAT_EMPTY_STRING_BUG 1
#define HAVE_STRFTIME 1
#define HAVE_MEMSET 1
#define HAVE_STRCASECMP 1
#define HAVE_STRERROR 1
#define HAVE_STRNCASECMP 1
#define HAVE_STRSTR 1
#define HAVE_FDATASYNC 1
#define HAVE_FTRUNCATE 1
#define HAVE_GETCWD 1
#define HAVE_GETTIMEOFDAY 1
#define HAVE_LOCALTIME_R 1
#define HAVE_MEMMOVE 1
#define HAVE_STRERROR 1
#define HAVE_LIBSQLITE3 1
#define HAVE_LIBZ 1
#define TARGET_CPU "x86_64-linux-gnu"
#define OMIT_GEOCALLBACKS 1
#define HAVE_PROJ_API_H 1
#define HAVE_ICONV_H 1
#define HAVE_FREEXL_H 1
#define HAVE_GEOS_C_H 1
#define ENABLE_GCP 1
#define GEOS_ADVANCED 1
#define HAVE_LIBLWGEOM_H 1
#define ENABLE_LWGEOM 1
#define POSTGIS_2_1 1
#define POSTGIS_2_2 1
#define ENABLE_LIBXML2 1
#define ENABLE_GEOPACKAGE 1

configure: exit 0
