This file contains any messages produced by compilers while
running configure, to aid debugging if configure makes a mistake.

It was created by configure, which was
generated by GNU Autoconf 2.64.  Invocation command line was

  $ ./configure --build=x86_64-pc-linux-gnu --host=arm-linux-eabi

## --------- ##
## Platform. ##
## --------- ##

hostname = vertigo.home
uname -m = x86_64
uname -r = 11.4.0
uname -s = Darwin
uname -v = Darwin Kernel Version 11.4.0: Mon Apr  9 19:32:15 PDT 2012; root:xnu-1699.26.8~1/RELEASE_X86_64

/usr/bin/uname -p = i386
/bin/uname -X     = unknown

/bin/arch              = unknown
/usr/bin/arch -k       = unknown
/usr/convex/getsysinfo = unknown
/usr/bin/hostinfo      = Mach kernel version:
	 Darwin Kernel Version 11.4.0: Mon Apr  9 19:32:15 PDT 2012; root:xnu-1699.26.8~1/RELEASE_X86_64
Kernel configured for up to 4 processors.
2 processors are physically available.
4 processors are logically available.
Processor type: i486 (Intel 80486)
Processors active: 0 1 2 3
Primary memory available: 8.00 gigabytes
Default processor set: 92 tasks, 463 threads, 4 processors
Load average: 2.29, Mach factor: 1.70
/bin/machine           = unknown
/usr/bin/oslevel       = unknown
/bin/universe          = unknown

PATH: /Users/kirkj/apps/apache-maven-3.0.4/bin
PATH: /usr/bin
PATH: /bin
PATH: /usr/sbin
PATH: /sbin
PATH: /usr/local/bin
PATH: /usr/X11/bin
PATH: /System/Library/Java/JavaVirtualMachines/1.6.0.jdk/Contents/Home/bin
PATH: /Users/kirkj/code/kj/scripts
PATH: /Users/kirkj/apps/android-sdk-macosx/platform-tools
PATH: /Users/kirkj/apps/android-ndk-r7c
PATH: /Users/kirkj/code/im-cxx/bld/make/bin


## ----------- ##
## Core tests. ##
## ----------- ##

configure:2567: checking build system type
configure:2581: result: x86_64-pc-linux-gnu
configure:2601: checking host system type
configure:2614: result: arm-linux-eabi
configure:2634: checking target system type
configure:2647: result: arm-linux-eabi
configure:2709: checking for a BSD-compatible install
configure:2777: result: /usr/bin/install -c
configure:2788: checking whether build environment is sane
configure:2838: result: yes
configure:2887: checking for arm-linux-eabi-strip
configure:2917: result: no
configure:2927: checking for strip
configure:2943: found /usr/bin/strip
configure:2954: result: strip
configure:2966: WARNING: using cross tools not prefixed with host triplet
configure:2979: checking for a thread-safe mkdir -p
configure:3018: result: ./install-sh -c -d
configure:3031: checking for gawk
configure:3061: result: no
configure:3031: checking for mawk
configure:3061: result: no
configure:3031: checking for nawk
configure:3061: result: no
configure:3031: checking for awk
configure:3047: found /usr/bin/awk
configure:3058: result: awk
configure:3069: checking whether make sets $(MAKE)
configure:3091: result: yes
configure:3174: checking for arm-linux-eabi-gcc
configure:3201: result: llvm-gcc-4.2
configure:3470: checking for C compiler version
configure:3479: llvm-gcc-4.2 --version >&5
i686-apple-darwin11-llvm-gcc-4.2 (GCC) 4.2.1 (Based on Apple Inc. build 5658) (LLVM build 2336.1.00)
Copyright (C) 2007 Free Software Foundation, Inc.
This is free software; see the source for copying conditions.  There is NO
warranty; not even for MERCHANTABILITY or FITNESS FOR A PARTICULAR PURPOSE.

configure:3490: $? = 0
configure:3479: llvm-gcc-4.2 -v >&5
Using built-in specs.
Target: i686-apple-darwin11
Configured with: /private/var/tmp/llvmgcc42/llvmgcc42-2336.1~1/src/configure --disable-checking --enable-werror --prefix=/Developer/usr/llvm-gcc-4.2 --mandir=/share/man --enable-languages=c,objc,c++,obj-c++ --program-prefix=llvm- --program-transform-name=/^[cg][^.-]*$/s/$/-4.2/ --with-slibdir=/usr/lib --build=i686-apple-darwin11 --enable-llvm=/private/var/tmp/llvmgcc42/llvmgcc42-2336.1~1/dst-llvmCore/Developer/usr/local --program-prefix=i686-apple-darwin11- --host=x86_64-apple-darwin11 --target=i686-apple-darwin11 --with-gxx-include-dir=/usr/include/c++/4.2.1
Thread model: posix
gcc version 4.2.1 (Based on Apple Inc. build 5658) (LLVM build 2336.1.00)
configure:3490: $? = 0
configure:3479: llvm-gcc-4.2 -V >&5
llvm-gcc-4.2: argument to `-V' is missing
configure:3490: $? = 1
configure:3479: llvm-gcc-4.2 -qversion >&5
i686-apple-darwin11-llvm-gcc-4.2: no input files
configure:3490: $? = 1
configure:3512: checking for C compiler default output file name
configure:3534: llvm-gcc-4.2 -fPIC -m64 -DHAVE_ISNAN=1   conftest.c  >&5
configure:3538: $? = 0
configure:3575: result: a.out
configure:3591: checking whether the C compiler works
configure:3619: result: yes
configure:3626: checking whether we are cross compiling
configure:3628: result: yes
configure:3631: checking for suffix of executables
configure:3638: llvm-gcc-4.2 -o conftest -fPIC -m64 -DHAVE_ISNAN=1   conftest.c  >&5
configure:3642: $? = 0
configure:3664: result: 
configure:3670: checking for suffix of object files
configure:3692: llvm-gcc-4.2 -c -fPIC -m64 -DHAVE_ISNAN=1  conftest.c >&5
configure:3696: $? = 0
configure:3717: result: o
configure:3721: checking whether we are using the GNU C compiler
configure:3740: llvm-gcc-4.2 -c -fPIC -m64 -DHAVE_ISNAN=1  conftest.c >&5
configure:3740: $? = 0
configure:3749: result: yes
configure:3758: checking whether llvm-gcc-4.2 accepts -g
configure:3778: llvm-gcc-4.2 -c -g  conftest.c >&5
configure:3778: $? = 0
configure:3819: result: yes
configure:3836: checking for llvm-gcc-4.2 option to accept ISO C89
configure:3900: llvm-gcc-4.2  -c -fPIC -m64 -DHAVE_ISNAN=1  conftest.c >&5
configure:3900: $? = 0
configure:3913: result: none needed
configure:3944: checking for style of include used by make
configure:3972: result: GNU
configure:3997: checking dependency style of llvm-gcc-4.2
configure:4107: result: gcc3
configure:4455: checking for a sed that does not truncate output
configure:4519: result: /usr/bin/sed
configure:4537: checking for grep that handles long lines and -e
configure:4595: result: /usr/bin/grep
configure:4600: checking for egrep
configure:4662: result: /usr/bin/grep -E
configure:4667: checking for fgrep
configure:4729: result: /usr/bin/grep -F
configure:4764: checking for ld used by llvm-gcc-4.2
configure:4831: result: /usr/llvm-gcc-4.2/libexec/gcc/i686-apple-darwin11/4.2.1/ld
configure:4838: checking if the linker (/usr/llvm-gcc-4.2/libexec/gcc/i686-apple-darwin11/4.2.1/ld) is GNU ld
configure:4853: result: no
configure:4865: checking for BSD- or MS-compatible name lister (nm)
configure:4914: result: no
configure:4925: checking for arm-linux-eabi-dumpbin
configure:4955: result: no
configure:4925: checking for arm-linux-eabi-link
configure:4955: result: no
configure:4969: checking for dumpbin
configure:4999: result: no
configure:4969: checking for link
configure:4985: found /bin/link
configure:4996: result: link -dump -symbols
configure:5032: checking the name lister (link -dump -symbols) interface
configure:5039: llvm-gcc-4.2 -c -fPIC -m64 -DHAVE_ISNAN=1  conftest.c >&5
configure:5042: link -dump -symbols "conftest.o"
link: illegal option -- d
usage: ln [-Ffhinsv] source_file [target_file]
       ln [-Ffhinsv] source_file ... target_dir
       link source_file target_file
configure:5045: output
configure:5052: result: BSD nm
configure:5055: checking whether ln -s works
configure:5059: result: yes
configure:5067: checking the maximum length of command line arguments
configure:5187: result: 196608
configure:5204: checking whether the shell understands some XSI constructs
configure:5214: result: yes
configure:5218: checking whether the shell understands "+="
configure:5224: result: yes
configure:5259: checking for /usr/llvm-gcc-4.2/libexec/gcc/i686-apple-darwin11/4.2.1/ld option to reload object files
configure:5266: result: -r
configure:5295: checking for arm-linux-eabi-objdump
configure:5322: result: objdump
configure:5391: checking how to recognize dependent libraries
configure:5587: result: unknown
configure:5607: checking for arm-linux-eabi-ar
configure:5637: result: no
configure:5647: checking for ar
configure:5663: found /usr/bin/ar
configure:5674: result: ar
configure:5712: checking for arm-linux-eabi-strip
configure:5739: result: strip
configure:5811: checking for arm-linux-eabi-ranlib
configure:5841: result: no
configure:5851: checking for ranlib
configure:5867: found /usr/bin/ranlib
configure:5878: result: ranlib
configure:5968: checking command to parse link -dump -symbols output from llvm-gcc-4.2 object
configure:6086: llvm-gcc-4.2 -c -fPIC -m64 -DHAVE_ISNAN=1  conftest.c >&5
configure:6089: $? = 0
configure:6093: link -dump -symbols conftest.o \| sed -n -e 's/^.*[	 ]\([BCDEGRST][BCDEGRST]*\)[	 ][	 ]*\([_A-Za-z][_A-Za-z0-9]*\)$/\1 \2 \2/p' \> conftest.nm
link: illegal option -- d
usage: ln [-Ffhinsv] source_file [target_file]
       ln [-Ffhinsv] source_file ... target_dir
       link source_file target_file
configure:6096: $? = 0
cannot run sed -n -e 's/^.*[	 ]\([BCDEGRST][BCDEGRST]*\)[	 ][	 ]*\([_A-Za-z][_A-Za-z0-9]*\)$/\1 \2 \2/p'
configure:6086: llvm-gcc-4.2 -c -fPIC -m64 -DHAVE_ISNAN=1  conftest.c >&5
configure:6089: $? = 0
configure:6093: link -dump -symbols conftest.o \| sed -n -e 's/^.*[	 ]\([BCDEGRST][BCDEGRST]*\)[	 ][	 ]*_\([_A-Za-z][_A-Za-z0-9]*\)$/\1 _\2 \2/p' \> conftest.nm
link: illegal option -- d
usage: ln [-Ffhinsv] source_file [target_file]
       ln [-Ffhinsv] source_file ... target_dir
       link source_file target_file
configure:6096: $? = 0
cannot run sed -n -e 's/^.*[	 ]\([BCDEGRST][BCDEGRST]*\)[	 ][	 ]*_\([_A-Za-z][_A-Za-z0-9]*\)$/\1 _\2 \2/p'
configure:6188: result: failed
configure:7000: checking how to run the C preprocessor
configure:7031: llvm-gcc-4.2 -E  conftest.c
configure:7031: $? = 0
configure:7045: llvm-gcc-4.2 -E  conftest.c
conftest.c:9:28: error: ac_nonexistent.h: No such file or directory
configure:7045: $? = 1
configure: failed program was:
| /* confdefs.h */
| #define PACKAGE_NAME ""
| #define PACKAGE_TARNAME ""
| #define PACKAGE_VERSION ""
| #define PACKAGE_STRING ""
| #define PACKAGE_BUGREPORT ""
| #define PACKAGE_URL ""
| /* end confdefs.h.  */
| #include <ac_nonexistent.h>
configure:7070: result: llvm-gcc-4.2 -E
configure:7090: llvm-gcc-4.2 -E  conftest.c
configure:7090: $? = 0
configure:7104: llvm-gcc-4.2 -E  conftest.c
conftest.c:9:28: error: ac_nonexistent.h: No such file or directory
configure:7104: $? = 1
configure: failed program was:
| /* confdefs.h */
| #define PACKAGE_NAME ""
| #define PACKAGE_TARNAME ""
| #define PACKAGE_VERSION ""
| #define PACKAGE_STRING ""
| #define PACKAGE_BUGREPORT ""
| #define PACKAGE_URL ""
| /* end confdefs.h.  */
| #include <ac_nonexistent.h>
configure:7133: checking for ANSI C header files
configure:7153: llvm-gcc-4.2 -c -fPIC -m64 -DHAVE_ISNAN=1  conftest.c >&5
configure:7153: $? = 0
configure:7237: result: yes
configure:7250: checking for sys/types.h
configure:7250: llvm-gcc-4.2 -c -fPIC -m64 -DHAVE_ISNAN=1  conftest.c >&5
configure:7250: $? = 0
configure:7250: result: yes
configure:7250: checking for sys/stat.h
configure:7250: llvm-gcc-4.2 -c -fPIC -m64 -DHAVE_ISNAN=1  conftest.c >&5
configure:7250: $? = 0
configure:7250: result: yes
configure:7250: checking for stdlib.h
configure:7250: llvm-gcc-4.2 -c -fPIC -m64 -DHAVE_ISNAN=1  conftest.c >&5
configure:7250: $? = 0
configure:7250: result: yes
configure:7250: checking for string.h
configure:7250: llvm-gcc-4.2 -c -fPIC -m64 -DHAVE_ISNAN=1  conftest.c >&5
configure:7250: $? = 0
configure:7250: result: yes
configure:7250: checking for memory.h
configure:7250: llvm-gcc-4.2 -c -fPIC -m64 -DHAVE_ISNAN=1  conftest.c >&5
configure:7250: $? = 0
configure:7250: result: yes
configure:7250: checking for strings.h
configure:7250: llvm-gcc-4.2 -c -fPIC -m64 -DHAVE_ISNAN=1  conftest.c >&5
configure:7250: $? = 0
configure:7250: result: yes
configure:7250: checking for inttypes.h
configure:7250: llvm-gcc-4.2 -c -fPIC -m64 -DHAVE_ISNAN=1  conftest.c >&5
configure:7250: $? = 0
configure:7250: result: yes
configure:7250: checking for stdint.h
configure:7250: llvm-gcc-4.2 -c -fPIC -m64 -DHAVE_ISNAN=1  conftest.c >&5
configure:7250: $? = 0
configure:7250: result: yes
configure:7250: checking for unistd.h
configure:7250: llvm-gcc-4.2 -c -fPIC -m64 -DHAVE_ISNAN=1  conftest.c >&5
configure:7250: $? = 0
configure:7250: result: yes
configure:7265: checking for dlfcn.h
configure:7265: llvm-gcc-4.2 -c -fPIC -m64 -DHAVE_ISNAN=1  conftest.c >&5
configure:7265: $? = 0
configure:7265: result: yes
configure:7445: checking for objdir
configure:7460: result: .libs
configure:7756: checking if llvm-gcc-4.2 supports -fno-rtti -fno-exceptions
configure:7774: llvm-gcc-4.2 -c -fPIC -m64 -DHAVE_ISNAN=1  -fno-rtti -fno-exceptions conftest.c >&5
cc1: warning: command line option "-fno-rtti" is valid for C++/ObjC++ but not for C
configure:7778: $? = 0
configure:7791: result: no
configure:7811: checking for llvm-gcc-4.2 option to produce PIC
configure:8083: result: -fPIC -DPIC
configure:8095: checking if llvm-gcc-4.2 PIC flag -fPIC -DPIC works
configure:8113: llvm-gcc-4.2 -c -fPIC -m64 -DHAVE_ISNAN=1  -fPIC -DPIC -DPIC conftest.c >&5
configure:8117: $? = 0
configure:8130: result: yes
configure:8154: checking if llvm-gcc-4.2 static flag -static works
configure:8182: result: no
configure:8197: checking if llvm-gcc-4.2 supports -c -o file.o
configure:8218: llvm-gcc-4.2 -c -fPIC -m64 -DHAVE_ISNAN=1  -o out/conftest2.o conftest.c >&5
configure:8222: $? = 0
configure:8244: result: yes
configure:8252: checking if llvm-gcc-4.2 supports -c -o file.o
configure:8299: result: yes
configure:8332: checking whether the llvm-gcc-4.2 linker (/usr/llvm-gcc-4.2/libexec/gcc/i686-apple-darwin11/4.2.1/ld) supports shared libraries
configure:9318: result: no
configure:9557: checking dynamic linker characteristics
configure:10208: result: no
configure:10310: checking how to hardcode library paths into programs
configure:10335: result: unsupported
configure:10429: checking for shl_load
configure:10429: llvm-gcc-4.2 -o conftest -fPIC -m64 -DHAVE_ISNAN=1   conftest.c  >&5
Undefined symbols for architecture x86_64:
  "_shl_load", referenced from:
      _main in ccxOGUlm.o
ld: symbol(s) not found for architecture x86_64
collect2: ld returned 1 exit status
configure:10429: $? = 1
configure: failed program was:
| /* confdefs.h */
| #define PACKAGE_NAME ""
| #define PACKAGE_TARNAME ""
| #define PACKAGE_VERSION ""
| #define PACKAGE_STRING ""
| #define PACKAGE_BUGREPORT ""
| #define PACKAGE_URL ""
| #define STDC_HEADERS 1
| #define HAVE_SYS_TYPES_H 1
| #define HAVE_SYS_STAT_H 1
| #define HAVE_STDLIB_H 1
| #define HAVE_STRING_H 1
| #define HAVE_MEMORY_H 1
| #define HAVE_STRINGS_H 1
| #define HAVE_INTTYPES_H 1
| #define HAVE_STDINT_H 1
| #define HAVE_UNISTD_H 1
| #define HAVE_DLFCN_H 1
| #define LT_OBJDIR ".libs/"
| /* end confdefs.h.  */
| /* Define shl_load to an innocuous variant, in case <limits.h> declares shl_load.
|    For example, HP-UX 11i <limits.h> declares gettimeofday.  */
| #define shl_load innocuous_shl_load
| 
| /* System header to define __stub macros and hopefully few prototypes,
|     which can conflict with char shl_load (); below.
|     Prefer <limits.h> to <assert.h> if __STDC__ is defined, since
|     <limits.h> exists even on freestanding compilers.  */
| 
| #ifdef __STDC__
| # include <limits.h>
| #else
| # include <assert.h>
| #endif
| 
| #undef shl_load
| 
| /* Override any GCC internal prototype to avoid an error.
|    Use char because int might match the return type of a GCC
|    builtin and then its argument prototype would still apply.  */
| #ifdef __cplusplus
| extern "C"
| #endif
| char shl_load ();
| /* The GNU C library defines this for functions which it implements
|     to always fail with ENOSYS.  Some functions are actually named
|     something starting with __ and the normal name is an alias.  */
| #if defined __stub_shl_load || defined __stub___shl_load
| choke me
| #endif
| 
| int
| main ()
| {
| return shl_load ();
|   ;
|   return 0;
| }
configure:10429: result: no
configure:10433: checking for shl_load in -ldld
configure:10458: llvm-gcc-4.2 -o conftest -fPIC -m64 -DHAVE_ISNAN=1   conftest.c -ldld   >&5
ld: library not found for -ldld
collect2: ld returned 1 exit status
configure:10458: $? = 1
configure: failed program was:
| /* confdefs.h */
| #define PACKAGE_NAME ""
| #define PACKAGE_TARNAME ""
| #define PACKAGE_VERSION ""
| #define PACKAGE_STRING ""
| #define PACKAGE_BUGREPORT ""
| #define PACKAGE_URL ""
| #define STDC_HEADERS 1
| #define HAVE_SYS_TYPES_H 1
| #define HAVE_SYS_STAT_H 1
| #define HAVE_STDLIB_H 1
| #define HAVE_STRING_H 1
| #define HAVE_MEMORY_H 1
| #define HAVE_STRINGS_H 1
| #define HAVE_INTTYPES_H 1
| #define HAVE_STDINT_H 1
| #define HAVE_UNISTD_H 1
| #define HAVE_DLFCN_H 1
| #define LT_OBJDIR ".libs/"
| /* end confdefs.h.  */
| 
| /* Override any GCC internal prototype to avoid an error.
|    Use char because int might match the return type of a GCC
|    builtin and then its argument prototype would still apply.  */
| #ifdef __cplusplus
| extern "C"
| #endif
| char shl_load ();
| int
| main ()
| {
| return shl_load ();
|   ;
|   return 0;
| }
configure:10467: result: no
configure:10472: checking for dlopen
configure:10472: llvm-gcc-4.2 -o conftest -fPIC -m64 -DHAVE_ISNAN=1   conftest.c  >&5
configure:10472: $? = 0
configure:10472: result: yes
configure:10629: checking whether a program can dlopen itself
configure:10720: result: cross
configure:10855: checking whether stripping libraries is possible
configure:10877: result: no
configure:10895: checking if libtool supports shared libraries
configure:10897: result: no
configure:10900: checking whether to build shared libraries
configure:10921: result: no
configure:10924: checking whether to build static libraries
configure:10928: result: yes
configure:11076: checking for C++ compiler version
configure:11085: llvm-g++-4.2 --version >&5
i686-apple-darwin11-llvm-g++-4.2 (GCC) 4.2.1 (Based on Apple Inc. build 5658) (LLVM build 2336.1.00)
Copyright (C) 2007 Free Software Foundation, Inc.
This is free software; see the source for copying conditions.  There is NO
warranty; not even for MERCHANTABILITY or FITNESS FOR A PARTICULAR PURPOSE.

configure:11096: $? = 0
configure:11085: llvm-g++-4.2 -v >&5
Using built-in specs.
Target: i686-apple-darwin11
Configured with: /private/var/tmp/llvmgcc42/llvmgcc42-2336.1~1/src/configure --disable-checking --enable-werror --prefix=/Developer/usr/llvm-gcc-4.2 --mandir=/share/man --enable-languages=c,objc,c++,obj-c++ --program-prefix=llvm- --program-transform-name=/^[cg][^.-]*$/s/$/-4.2/ --with-slibdir=/usr/lib --build=i686-apple-darwin11 --enable-llvm=/private/var/tmp/llvmgcc42/llvmgcc42-2336.1~1/dst-llvmCore/Developer/usr/local --program-prefix=i686-apple-darwin11- --host=x86_64-apple-darwin11 --target=i686-apple-darwin11 --with-gxx-include-dir=/usr/include/c++/4.2.1
Thread model: posix
gcc version 4.2.1 (Based on Apple Inc. build 5658) (LLVM build 2336.1.00)
configure:11096: $? = 0
configure:11085: llvm-g++-4.2 -V >&5
llvm-g++-4.2: argument to `-V' is missing
configure:11096: $? = 1
configure:11085: llvm-g++-4.2 -qversion >&5
i686-apple-darwin11-llvm-g++-4.2: no input files
configure:11096: $? = 1
configure:11100: checking whether we are using the GNU C++ compiler
configure:11119: llvm-g++-4.2 -c -fPIC -m64 -DHAVE_ISNAN=1  conftest.cpp >&5
configure:11119: $? = 0
configure:11128: result: yes
configure:11137: checking whether llvm-g++-4.2 accepts -g
configure:11157: llvm-g++-4.2 -c -g  conftest.cpp >&5
configure:11157: $? = 0
configure:11198: result: yes
configure:11223: checking dependency style of llvm-g++-4.2
configure:11333: result: gcc3
configure:11461: checking for C++ compiler version
configure:11470: llvm-g++-4.2 --version >&5
i686-apple-darwin11-llvm-g++-4.2 (GCC) 4.2.1 (Based on Apple Inc. build 5658) (LLVM build 2336.1.00)
Copyright (C) 2007 Free Software Foundation, Inc.
This is free software; see the source for copying conditions.  There is NO
warranty; not even for MERCHANTABILITY or FITNESS FOR A PARTICULAR PURPOSE.

configure:11481: $? = 0
configure:11470: llvm-g++-4.2 -v >&5
Using built-in specs.
Target: i686-apple-darwin11
Configured with: /private/var/tmp/llvmgcc42/llvmgcc42-2336.1~1/src/configure --disable-checking --enable-werror --prefix=/Developer/usr/llvm-gcc-4.2 --mandir=/share/man --enable-languages=c,objc,c++,obj-c++ --program-prefix=llvm- --program-transform-name=/^[cg][^.-]*$/s/$/-4.2/ --with-slibdir=/usr/lib --build=i686-apple-darwin11 --enable-llvm=/private/var/tmp/llvmgcc42/llvmgcc42-2336.1~1/dst-llvmCore/Developer/usr/local --program-prefix=i686-apple-darwin11- --host=x86_64-apple-darwin11 --target=i686-apple-darwin11 --with-gxx-include-dir=/usr/include/c++/4.2.1
Thread model: posix
gcc version 4.2.1 (Based on Apple Inc. build 5658) (LLVM build 2336.1.00)
configure:11481: $? = 0
configure:11470: llvm-g++-4.2 -V >&5
llvm-g++-4.2: argument to `-V' is missing
configure:11481: $? = 1
configure:11470: llvm-g++-4.2 -qversion >&5
i686-apple-darwin11-llvm-g++-4.2: no input files
configure:11481: $? = 1
configure:11485: checking whether we are using the GNU C++ compiler
configure:11513: result: yes
configure:11522: checking whether llvm-g++-4.2 accepts -g
configure:11583: result: yes
configure:11608: checking dependency style of llvm-g++-4.2
configure:11718: result: gcc3
configure:11741: checking how to run the C++ preprocessor
configure:11768: llvm-g++-4.2 -E  conftest.cpp
configure:11768: $? = 0
configure:11782: llvm-g++-4.2 -E  conftest.cpp
conftest.cpp:21:28: error: ac_nonexistent.h: No such file or directory
configure:11782: $? = 1
configure: failed program was:
| /* confdefs.h */
| #define PACKAGE_NAME ""
| #define PACKAGE_TARNAME ""
| #define PACKAGE_VERSION ""
| #define PACKAGE_STRING ""
| #define PACKAGE_BUGREPORT ""
| #define PACKAGE_URL ""
| #define STDC_HEADERS 1
| #define HAVE_SYS_TYPES_H 1
| #define HAVE_SYS_STAT_H 1
| #define HAVE_STDLIB_H 1
| #define HAVE_STRING_H 1
| #define HAVE_MEMORY_H 1
| #define HAVE_STRINGS_H 1
| #define HAVE_INTTYPES_H 1
| #define HAVE_STDINT_H 1
| #define HAVE_UNISTD_H 1
| #define HAVE_DLFCN_H 1
| #define LT_OBJDIR ".libs/"
| /* end confdefs.h.  */
| #include <ac_nonexistent.h>
configure:11807: result: llvm-g++-4.2 -E
configure:11827: llvm-g++-4.2 -E  conftest.cpp
configure:11827: $? = 0
configure:11841: llvm-g++-4.2 -E  conftest.cpp
conftest.cpp:21:28: error: ac_nonexistent.h: No such file or directory
configure:11841: $? = 1
configure: failed program was:
| /* confdefs.h */
| #define PACKAGE_NAME ""
| #define PACKAGE_TARNAME ""
| #define PACKAGE_VERSION ""
| #define PACKAGE_STRING ""
| #define PACKAGE_BUGREPORT ""
| #define PACKAGE_URL ""
| #define STDC_HEADERS 1
| #define HAVE_SYS_TYPES_H 1
| #define HAVE_SYS_STAT_H 1
| #define HAVE_STDLIB_H 1
| #define HAVE_STRING_H 1
| #define HAVE_MEMORY_H 1
| #define HAVE_STRINGS_H 1
| #define HAVE_INTTYPES_H 1
| #define HAVE_STDINT_H 1
| #define HAVE_UNISTD_H 1
| #define HAVE_DLFCN_H 1
| #define LT_OBJDIR ".libs/"
| /* end confdefs.h.  */
| #include <ac_nonexistent.h>
configure:12009: checking for ld used by llvm-g++-4.2
configure:12076: result: /usr/llvm-gcc-4.2/libexec/gcc/i686-apple-darwin11/4.2.1/ld
configure:12083: checking if the linker (/usr/llvm-gcc-4.2/libexec/gcc/i686-apple-darwin11/4.2.1/ld) is GNU ld
configure:12098: result: no
configure:12153: checking whether the llvm-g++-4.2 linker (/usr/llvm-gcc-4.2/libexec/gcc/i686-apple-darwin11/4.2.1/ld) supports shared libraries
configure:13066: result: no
configure:13094: llvm-g++-4.2 -c -fPIC -m64 -DHAVE_ISNAN=1  conftest.cpp >&5
configure:13097: $? = 0
configure:13279: checking for llvm-g++-4.2 option to produce PIC
configure:13596: result: -fPIC -DPIC
configure:13605: checking if llvm-g++-4.2 PIC flag -fPIC -DPIC works
configure:13623: llvm-g++-4.2 -c -fPIC -m64 -DHAVE_ISNAN=1  -fPIC -DPIC -DPIC conftest.cpp >&5
configure:13627: $? = 0
configure:13640: result: yes
configure:13661: checking if llvm-g++-4.2 static flag -static works
configure:13689: result: no
configure:13701: checking if llvm-g++-4.2 supports -c -o file.o
configure:13722: llvm-g++-4.2 -c -fPIC -m64 -DHAVE_ISNAN=1  -o out/conftest2.o conftest.cpp >&5
configure:13726: $? = 0
configure:13748: result: yes
configure:13753: checking if llvm-g++-4.2 supports -c -o file.o
configure:13800: result: yes
configure:13830: checking whether the llvm-g++-4.2 linker (/usr/llvm-gcc-4.2/libexec/gcc/i686-apple-darwin11/4.2.1/ld) supports shared libraries
configure:13856: result: no
configure:13993: checking dynamic linker characteristics
configure:14592: result: no
configure:14643: checking how to hardcode library paths into programs
configure:14668: result: unsupported
configure:14707: checking for library containing strerror
configure:14738: llvm-gcc-4.2 -o conftest -fPIC -m64 -DHAVE_ISNAN=1   conftest.c  >&5
configure:14738: $? = 0
configure:14755: result: none required
configure:14764: checking whether make sets $(MAKE)
configure:14786: result: yes
configure:14799: checking for dirent.h that defines DIR
configure:14818: llvm-gcc-4.2 -c -fPIC -m64 -DHAVE_ISNAN=1  conftest.c >&5
configure:14818: $? = 0
configure:14826: result: yes
configure:14840: checking for library containing opendir
configure:14871: llvm-gcc-4.2 -o conftest -fPIC -m64 -DHAVE_ISNAN=1   conftest.c  >&5
configure:14871: $? = 0
configure:14888: result: none required
configure:14955: checking whether closedir returns void
configure:14989: result: yes
configure:14997: checking for working memcmp
configure:15050: result: no
configure:15061: checking for strftime
configure:15061: llvm-gcc-4.2 -o conftest -fPIC -m64 -DHAVE_ISNAN=1   conftest.c  >&5
conftest.c:46: warning: conflicting types for built-in function 'strftime'
configure:15061: $? = 0
configure:15061: result: yes
configure:15116: checking for vprintf
configure:15116: llvm-gcc-4.2 -o conftest -fPIC -m64 -DHAVE_ISNAN=1   conftest.c  >&5
conftest.c:47: warning: conflicting types for built-in function 'vprintf'
configure:15116: $? = 0
configure:15116: result: yes
configure:15122: checking for _doprnt
configure:15122: llvm-gcc-4.2 -o conftest -fPIC -m64 -DHAVE_ISNAN=1   conftest.c  >&5
Undefined symbols for architecture x86_64:
  "__doprnt", referenced from:
      _main in ccyZllsW.o
ld: symbol(s) not found for architecture x86_64
collect2: ld returned 1 exit status
configure:15122: $? = 1
configure: failed program was:
| /* confdefs.h */
| #define PACKAGE_NAME ""
| #define PACKAGE_TARNAME ""
| #define PACKAGE_VERSION ""
| #define PACKAGE_STRING ""
| #define PACKAGE_BUGREPORT ""
| #define PACKAGE_URL ""
| #define STDC_HEADERS 1
| #define HAVE_SYS_TYPES_H 1
| #define HAVE_SYS_STAT_H 1
| #define HAVE_STDLIB_H 1
| #define HAVE_STRING_H 1
| #define HAVE_MEMORY_H 1
| #define HAVE_STRINGS_H 1
| #define HAVE_INTTYPES_H 1
| #define HAVE_STDINT_H 1
| #define HAVE_UNISTD_H 1
| #define HAVE_DLFCN_H 1
| #define LT_OBJDIR ".libs/"
| #define HAVE_DIRENT_H 1
| #define CLOSEDIR_VOID 1
| #define HAVE_STRFTIME 1
| #define HAVE_VPRINTF 1
| /* end confdefs.h.  */
| /* Define _doprnt to an innocuous variant, in case <limits.h> declares _doprnt.
|    For example, HP-UX 11i <limits.h> declares gettimeofday.  */
| #define _doprnt innocuous__doprnt
| 
| /* System header to define __stub macros and hopefully few prototypes,
|     which can conflict with char _doprnt (); below.
|     Prefer <limits.h> to <assert.h> if __STDC__ is defined, since
|     <limits.h> exists even on freestanding compilers.  */
| 
| #ifdef __STDC__
| # include <limits.h>
| #else
| # include <assert.h>
| #endif
| 
| #undef _doprnt
| 
| /* Override any GCC internal prototype to avoid an error.
|    Use char because int might match the return type of a GCC
|    builtin and then its argument prototype would still apply.  */
| #ifdef __cplusplus
| extern "C"
| #endif
| char _doprnt ();
| /* The GNU C library defines this for functions which it implements
|     to always fail with ENOSYS.  Some functions are actually named
|     something starting with __ and the normal name is an alias.  */
| #if defined __stub__doprnt || defined __stub____doprnt
| choke me
| #endif
| 
| int
| main ()
| {
| return _doprnt ();
|   ;
|   return 0;
| }
configure:15122: result: no
configure:15135: checking for working alloca.h
configure:15152: llvm-gcc-4.2 -o conftest -fPIC -m64 -DHAVE_ISNAN=1   conftest.c  >&5
configure:15152: $? = 0
configure:15160: result: yes
configure:15168: checking for alloca
configure:15205: llvm-gcc-4.2 -o conftest -fPIC -m64 -DHAVE_ISNAN=1   conftest.c  >&5
configure:15205: $? = 0
configure:15213: result: yes
configure:15326: checking for dirent.h that defines DIR
configure:15353: result: yes
configure:15367: checking for library containing opendir
configure:15415: result: none required
configure:15482: checking for ANSI C header files
configure:15586: result: yes
configure:15596: checking for memory.h
configure:15596: result: yes
configure:15608: checking for unistd.h
configure:15608: result: yes
configure:15620: checking ieeefp.h usability
configure:15620: llvm-gcc-4.2 -c -fPIC -m64 -DHAVE_ISNAN=1  conftest.c >&5
conftest.c:64:20: error: ieeefp.h: No such file or directory
configure:15620: $? = 1
configure: failed program was:
| /* confdefs.h */
| #define PACKAGE_NAME ""
| #define PACKAGE_TARNAME ""
| #define PACKAGE_VERSION ""
| #define PACKAGE_STRING ""
| #define PACKAGE_BUGREPORT ""
| #define PACKAGE_URL ""
| #define STDC_HEADERS 1
| #define HAVE_SYS_TYPES_H 1
| #define HAVE_SYS_STAT_H 1
| #define HAVE_STDLIB_H 1
| #define HAVE_STRING_H 1
| #define HAVE_MEMORY_H 1
| #define HAVE_STRINGS_H 1
| #define HAVE_INTTYPES_H 1
| #define HAVE_STDINT_H 1
| #define HAVE_UNISTD_H 1
| #define HAVE_DLFCN_H 1
| #define LT_OBJDIR ".libs/"
| #define HAVE_DIRENT_H 1
| #define CLOSEDIR_VOID 1
| #define HAVE_STRFTIME 1
| #define HAVE_VPRINTF 1
| #define HAVE_ALLOCA_H 1
| #define HAVE_ALLOCA 1
| #define HAVE_DIRENT_H 1
| #define STDC_HEADERS 1
| #define HAVE_MEMORY_H 1
| #define HAVE_UNISTD_H 1
| /* end confdefs.h.  */
| #include <stdio.h>
| #ifdef HAVE_SYS_TYPES_H
| # include <sys/types.h>
| #endif
| #ifdef HAVE_SYS_STAT_H
| # include <sys/stat.h>
| #endif
| #ifdef STDC_HEADERS
| # include <stdlib.h>
| # include <stddef.h>
| #else
| # ifdef HAVE_STDLIB_H
| #  include <stdlib.h>
| # endif
| #endif
| #ifdef HAVE_STRING_H
| # if !defined STDC_HEADERS && defined HAVE_MEMORY_H
| #  include <memory.h>
| # endif
| # include <string.h>
| #endif
| #ifdef HAVE_STRINGS_H
| # include <strings.h>
| #endif
| #ifdef HAVE_INTTYPES_H
| # include <inttypes.h>
| #endif
| #ifdef HAVE_STDINT_H
| # include <stdint.h>
| #endif
| #ifdef HAVE_UNISTD_H
| # include <unistd.h>
| #endif
| #include <ieeefp.h>
configure:15620: result: no
configure:15620: checking ieeefp.h presence
configure:15620: llvm-gcc-4.2 -E  conftest.c
conftest.c:31:20: error: ieeefp.h: No such file or directory
configure:15620: $? = 1
configure: failed program was:
| /* confdefs.h */
| #define PACKAGE_NAME ""
| #define PACKAGE_TARNAME ""
| #define PACKAGE_VERSION ""
| #define PACKAGE_STRING ""
| #define PACKAGE_BUGREPORT ""
| #define PACKAGE_URL ""
| #define STDC_HEADERS 1
| #define HAVE_SYS_TYPES_H 1
| #define HAVE_SYS_STAT_H 1
| #define HAVE_STDLIB_H 1
| #define HAVE_STRING_H 1
| #define HAVE_MEMORY_H 1
| #define HAVE_STRINGS_H 1
| #define HAVE_INTTYPES_H 1
| #define HAVE_STDINT_H 1
| #define HAVE_UNISTD_H 1
| #define HAVE_DLFCN_H 1
| #define LT_OBJDIR ".libs/"
| #define HAVE_DIRENT_H 1
| #define CLOSEDIR_VOID 1
| #define HAVE_STRFTIME 1
| #define HAVE_VPRINTF 1
| #define HAVE_ALLOCA_H 1
| #define HAVE_ALLOCA 1
| #define HAVE_DIRENT_H 1
| #define STDC_HEADERS 1
| #define HAVE_MEMORY_H 1
| #define HAVE_UNISTD_H 1
| /* end confdefs.h.  */
| #include <ieeefp.h>
configure:15620: result: no
configure:15620: checking for ieeefp.h
configure:15620: result: no
configure:15632: checking sys/file.h usability
configure:15632: llvm-gcc-4.2 -c -fPIC -m64 -DHAVE_ISNAN=1  conftest.c >&5
configure:15632: $? = 0
configure:15632: result: yes
configure:15632: checking sys/file.h presence
configure:15632: llvm-gcc-4.2 -E  conftest.c
configure:15632: $? = 0
configure:15632: result: yes
configure:15632: checking for sys/file.h
configure:15632: result: yes
configure:15644: checking sys/time.h usability
configure:15644: llvm-gcc-4.2 -c -fPIC -m64 -DHAVE_ISNAN=1  conftest.c >&5
configure:15644: $? = 0
configure:15644: result: yes
configure:15644: checking sys/time.h presence
configure:15644: llvm-gcc-4.2 -E  conftest.c
configure:15644: $? = 0
configure:15644: result: yes
configure:15644: checking for sys/time.h
configure:15644: result: yes
configure:15657: checking for strchr
configure:15657: llvm-gcc-4.2 -o conftest -fPIC -m64 -DHAVE_ISNAN=1   conftest.c  >&5
conftest.c:56: warning: conflicting types for built-in function 'strchr'
configure:15657: $? = 0
configure:15657: result: yes
configure:15657: checking for memcpy
configure:15657: llvm-gcc-4.2 -o conftest -fPIC -m64 -DHAVE_ISNAN=1   conftest.c  >&5
conftest.c:57: warning: conflicting types for built-in function 'memcpy'
configure:15657: $? = 0
configure:15657: result: yes
configure:15657: checking for gettimeofday
configure:15657: llvm-gcc-4.2 -o conftest -fPIC -m64 -DHAVE_ISNAN=1   conftest.c  >&5
configure:15657: $? = 0
configure:15657: result: yes
configure:15667: checking whether stat file-mode macros are broken
configure:15694: llvm-gcc-4.2 -c -fPIC -m64 -DHAVE_ISNAN=1  conftest.c >&5
configure:15694: $? = 0
configure:15701: result: no
configure:15709: checking whether struct tm is in sys/time.h or time.h
configure:15729: llvm-gcc-4.2 -c -fPIC -m64 -DHAVE_ISNAN=1  conftest.c >&5
configure:15729: $? = 0
configure:15736: result: time.h
configure:15744: checking for size_t
configure:15744: llvm-gcc-4.2 -c -fPIC -m64 -DHAVE_ISNAN=1  conftest.c >&5
configure:15744: $? = 0
configure:15744: llvm-gcc-4.2 -c -fPIC -m64 -DHAVE_ISNAN=1  conftest.c >&5
conftest.c: In function 'main':
conftest.c:72: error: expected expression before ')' token
configure:15744: $? = 1
configure: failed program was:
| /* confdefs.h */
| #define PACKAGE_NAME ""
| #define PACKAGE_TARNAME ""
| #define PACKAGE_VERSION ""
| #define PACKAGE_STRING ""
| #define PACKAGE_BUGREPORT ""
| #define PACKAGE_URL ""
| #define STDC_HEADERS 1
| #define HAVE_SYS_TYPES_H 1
| #define HAVE_SYS_STAT_H 1
| #define HAVE_STDLIB_H 1
| #define HAVE_STRING_H 1
| #define HAVE_MEMORY_H 1
| #define HAVE_STRINGS_H 1
| #define HAVE_INTTYPES_H 1
| #define HAVE_STDINT_H 1
| #define HAVE_UNISTD_H 1
| #define HAVE_DLFCN_H 1
| #define LT_OBJDIR ".libs/"
| #define HAVE_DIRENT_H 1
| #define CLOSEDIR_VOID 1
| #define HAVE_STRFTIME 1
| #define HAVE_VPRINTF 1
| #define HAVE_ALLOCA_H 1
| #define HAVE_ALLOCA 1
| #define HAVE_DIRENT_H 1
| #define STDC_HEADERS 1
| #define HAVE_MEMORY_H 1
| #define HAVE_UNISTD_H 1
| #define HAVE_SYS_FILE_H 1
| #define HAVE_SYS_TIME_H 1
| #define HAVE_STRCHR 1
| #define HAVE_MEMCPY 1
| #define HAVE_GETTIMEOFDAY 1
| /* end confdefs.h.  */
| #include <stdio.h>
| #ifdef HAVE_SYS_TYPES_H
| # include <sys/types.h>
| #endif
| #ifdef HAVE_SYS_STAT_H
| # include <sys/stat.h>
| #endif
| #ifdef STDC_HEADERS
| # include <stdlib.h>
| # include <stddef.h>
| #else
| # ifdef HAVE_STDLIB_H
| #  include <stdlib.h>
| # endif
| #endif
| #ifdef HAVE_STRING_H
| # if !defined STDC_HEADERS && defined HAVE_MEMORY_H
| #  include <memory.h>
| # endif
| # include <string.h>
| #endif
| #ifdef HAVE_STRINGS_H
| # include <strings.h>
| #endif
| #ifdef HAVE_INTTYPES_H
| # include <inttypes.h>
| #endif
| #ifdef HAVE_STDINT_H
| # include <stdint.h>
| #endif
| #ifdef HAVE_UNISTD_H
| # include <unistd.h>
| #endif
| int
| main ()
| {
| if (sizeof ((size_t)))
| 	    return 0;
|   ;
|   return 0;
| }
configure:15744: result: yes
configure:15755: checking for an ANSI C-conforming const
configure:15820: llvm-gcc-4.2 -c -fPIC -m64 -DHAVE_ISNAN=1  conftest.c >&5
configure:15820: $? = 0
configure:15827: result: yes
configure:15882: checking if llvm-g++-4.2 supports -pedantic
configure:15900: llvm-gcc-4.2 -c -fPIC -m64 -DHAVE_ISNAN=1  -pedantic conftest.c >&5
configure:15904: $? = 0
configure:15917: result: yes
configure:15926: checking if llvm-g++-4.2 supports -Wall
configure:15944: llvm-gcc-4.2 -c -fPIC -m64 -DHAVE_ISNAN=1  -Wall conftest.c >&5
configure:15948: $? = 0
configure:15961: result: yes
configure:15970: checking if llvm-g++-4.2 supports -ansi
configure:15988: llvm-gcc-4.2 -c -fPIC -m64 -DHAVE_ISNAN=1  -ansi conftest.c >&5
configure:15992: $? = 0
configure:16005: result: yes
configure:16014: checking if llvm-g++-4.2 supports -Wno-long-long
configure:16032: llvm-gcc-4.2 -c -fPIC -m64 -DHAVE_ISNAN=1  -Wno-long-long conftest.c >&5
configure:16036: $? = 0
configure:16049: result: yes
configure:16061: checking if llvm-g++-4.2 supports -ffloat-store
configure:16079: llvm-gcc-4.2 -c -fPIC -m64 -DHAVE_ISNAN=1  -ffloat-store conftest.c >&5
configure:16083: $? = 0
configure:16096: result: yes
configure:16114: checking for finite
configure:16130: llvm-gcc-4.2 -o conftest -fPIC -m64 -DHAVE_ISNAN=1  -pedantic -Wall -ansi -Wno-long-long  -ffloat-store   conftest.c  -lm >&5
conftest.c: In function 'main':
conftest.c:40: warning: implicit declaration of function 'finite'
configure:16130: $? = 0
configure:16139: result: yes
configure:16147: checking for isfinite
configure:16163: llvm-gcc-4.2 -o conftest -fPIC -m64 -DHAVE_ISNAN=1  -pedantic -Wall -ansi -Wno-long-long  -ffloat-store   conftest.c  -lm >&5
configure:16163: $? = 0
configure:16172: result: yes
configure:16187: checking for isnan
configure:16203: llvm-g++-4.2 -o conftest -fPIC -m64 -DHAVE_ISNAN=1 -DGEOS_INLINE  -pedantic -Wall -ansi -Wno-long-long  -ffloat-store   conftest.cpp  -lm >&5
conftest.cpp: In function 'int main()':
conftest.cpp:42: error: 'isnan' was not declared in this scope
configure:16203: $? = 1
configure: failed program was:
| /* confdefs.h */
| #define PACKAGE_NAME ""
| #define PACKAGE_TARNAME ""
| #define PACKAGE_VERSION ""
| #define PACKAGE_STRING ""
| #define PACKAGE_BUGREPORT ""
| #define PACKAGE_URL ""
| #define STDC_HEADERS 1
| #define HAVE_SYS_TYPES_H 1
| #define HAVE_SYS_STAT_H 1
| #define HAVE_STDLIB_H 1
| #define HAVE_STRING_H 1
| #define HAVE_MEMORY_H 1
| #define HAVE_STRINGS_H 1
| #define HAVE_INTTYPES_H 1
| #define HAVE_STDINT_H 1
| #define HAVE_UNISTD_H 1
| #define HAVE_DLFCN_H 1
| #define LT_OBJDIR ".libs/"
| #define HAVE_DIRENT_H 1
| #define CLOSEDIR_VOID 1
| #define HAVE_STRFTIME 1
| #define HAVE_VPRINTF 1
| #define HAVE_ALLOCA_H 1
| #define HAVE_ALLOCA 1
| #define HAVE_DIRENT_H 1
| #define STDC_HEADERS 1
| #define HAVE_MEMORY_H 1
| #define HAVE_UNISTD_H 1
| #define HAVE_SYS_FILE_H 1
| #define HAVE_SYS_TIME_H 1
| #define HAVE_STRCHR 1
| #define HAVE_MEMCPY 1
| #define HAVE_GETTIMEOFDAY 1
| #define HAVE_FINITE 1
| #define HAVE_ISFINITE 1
| /* end confdefs.h.  */
| #include <cmath>
| int
| main ()
| {
| double x; int y; y = isnan(x);
|   ;
|   return 0;
| }
configure:16212: result: no
configure:16230: checking whether int64_t is 64 bits
configure:16237: WARNING: 64 bit arithmetic disabled when cross-compiling
configure:16283: result: no
configure:16294: checking whether long int is 64 bits
configure:16301: WARNING: 64 bit arithmetic disabled when cross-compiling
configure:16347: result: no
configure:16358: checking whether long long int is 64 bits
configure:16365: WARNING: 64 bit arithmetic disabled when cross-compiling
configure:16411: result: no
configure:16422: WARNING: Could not find a working 64bit int type, you may experience weird bugs (undefined behaviour)
configure:16940: checking OS-specific settings
configure:17133: creating ./config.status

## ---------------------- ##
## Running config.status. ##
## ---------------------- ##

This file was extended by config.status, which was
generated by GNU Autoconf 2.64.  Invocation command line was

  CONFIG_FILES    = 
  CONFIG_HEADERS  = 
  CONFIG_LINKS    = 
  CONFIG_COMMANDS = 
  $ ./config.status 

on vertigo.home

config.status:1302: creating Makefile
config.status:1302: creating build/Makefile
config.status:1302: creating build/msvc80/Makefile
config.status:1302: creating build/msvc80/geos_c_dll/Makefile
config.status:1302: creating build/msvc80/geos_lib/Makefile
config.status:1302: creating build/msvc80/geos_python/Makefile
config.status:1302: creating build/msvc80/geos_ruby/Makefile
config.status:1302: creating build/msvc80/geos_unit/Makefile
config.status:1302: creating build/msvc80/geos_xmltester/Makefile
config.status:1302: creating build/msvc90/Makefile
config.status:1302: creating build/msvc90/geos_c_dll/Makefile
config.status:1302: creating build/msvc90/geos_lib/Makefile
config.status:1302: creating build/msvc90/geos_python/Makefile
config.status:1302: creating build/msvc90/geos_ruby/Makefile
config.status:1302: creating build/msvc90/geos_unit/Makefile
config.status:1302: creating build/msvc90/geos_xmltester/Makefile
config.status:1302: creating build/msvc10/Makefile
config.status:1302: creating build/msvc10/geos_c_dll/Makefile
config.status:1302: creating build/msvc10/geos_lib/Makefile
config.status:1302: creating build/msvc10/geos_unit/Makefile
config.status:1302: creating build/msvc10/geos_xmltester/Makefile
config.status:1302: creating capi/Makefile
config.status:1302: creating capi/geos_c.h
config.status:1302: creating doc/Doxyfile
config.status:1302: creating doc/Makefile
config.status:1302: creating macros/Makefile
config.status:1302: creating source/Makefile
config.status:1302: creating source/algorithm/Makefile
config.status:1302: creating source/algorithm/locate/Makefile
config.status:1302: creating source/algorithm/distance/Makefile
config.status:1302: creating source/geom/Makefile
config.status:1302: creating source/geom/prep/Makefile
config.status:1302: creating source/geom/util/Makefile
config.status:1302: creating source/geomgraph/Makefile
config.status:1302: creating source/geomgraph/index/Makefile
config.status:1302: creating source/headers/Makefile
config.status:1302: creating source/headers/geos/Makefile
config.status:1302: creating source/headers/geos/algorithm/Makefile
config.status:1302: creating source/headers/geos/algorithm/locate/Makefile
config.status:1302: creating source/headers/geos/algorithm/distance/Makefile
config.status:1302: creating source/headers/geos/geom/Makefile
config.status:1302: creating source/headers/geos/geom/prep/Makefile
config.status:1302: creating source/headers/geos/geom/util/Makefile
config.status:1302: creating source/headers/geos/geomgraph/Makefile
config.status:1302: creating source/headers/geos/geomgraph/index/Makefile
config.status:1302: creating source/headers/geos/index/Makefile
config.status:1302: creating source/headers/geos/index/bintree/Makefile
config.status:1302: creating source/headers/geos/index/chain/Makefile
config.status:1302: creating source/headers/geos/index/intervalrtree/Makefile
config.status:1302: creating source/headers/geos/index/quadtree/Makefile
config.status:1302: creating source/headers/geos/index/strtree/Makefile
config.status:1302: creating source/headers/geos/index/sweepline/Makefile
config.status:1302: creating source/headers/geos/io/Makefile
config.status:1302: creating source/headers/geos/linearref/Makefile
config.status:1302: creating source/headers/geos/noding/Makefile
config.status:1302: creating source/headers/geos/noding/snapround/Makefile
config.status:1302: creating source/headers/geos/operation/Makefile
config.status:1302: creating source/headers/geos/operation/buffer/Makefile
config.status:1302: creating source/headers/geos/operation/distance/Makefile
config.status:1302: creating source/headers/geos/operation/linemerge/Makefile
config.status:1302: creating source/headers/geos/operation/overlay/Makefile
config.status:1302: creating source/headers/geos/operation/overlay/snap/Makefile
config.status:1302: creating source/headers/geos/operation/polygonize/Makefile
config.status:1302: creating source/headers/geos/operation/predicate/Makefile
config.status:1302: creating source/headers/geos/operation/relate/Makefile
config.status:1302: creating source/headers/geos/operation/union/Makefile
config.status:1302: creating source/headers/geos/operation/valid/Makefile
config.status:1302: creating source/headers/geos/planargraph/Makefile
config.status:1302: creating source/headers/geos/planargraph/algorithm/Makefile
config.status:1302: creating source/headers/geos/precision/Makefile
config.status:1302: creating source/headers/geos/simplify/Makefile
config.status:1302: creating source/headers/geos/util/Makefile
config.status:1302: creating source/headers/geos/version.h
config.status:1302: creating source/index/Makefile
config.status:1302: creating source/index/bintree/Makefile
config.status:1302: creating source/index/chain/Makefile
config.status:1302: creating source/index/intervalrtree/Makefile
config.status:1302: creating source/index/quadtree/Makefile
config.status:1302: creating source/index/strtree/Makefile
config.status:1302: creating source/index/sweepline/Makefile
config.status:1302: creating source/io/Makefile
config.status:1302: creating source/linearref/Makefile
config.status:1302: creating source/noding/Makefile
config.status:1302: creating source/noding/snapround/Makefile
config.status:1302: creating source/operation/Makefile
config.status:1302: creating source/operation/buffer/Makefile
config.status:1302: creating source/operation/distance/Makefile
config.status:1302: creating source/operation/linemerge/Makefile
config.status:1302: creating source/operation/overlay/Makefile
config.status:1302: creating source/operation/polygonize/Makefile
config.status:1302: creating source/operation/predicate/Makefile
config.status:1302: creating source/operation/relate/Makefile
config.status:1302: creating source/operation/union/Makefile
config.status:1302: creating source/operation/valid/Makefile
config.status:1302: creating source/planargraph/Makefile
config.status:1302: creating source/precision/Makefile
config.status:1302: creating source/simplify/Makefile
config.status:1302: creating source/util/Makefile
config.status:1302: creating swig/geos.i
config.status:1302: creating swig/Makefile
config.status:1302: creating swig/python/Makefile
config.status:1302: creating swig/python/tests/Makefile
config.status:1302: creating swig/ruby/Makefile
config.status:1302: creating swig/ruby/test/Makefile
config.status:1302: creating tests/Makefile
config.status:1302: creating tests/bigtest/Makefile
config.status:1302: creating tests/unit/Makefile
config.status:1302: creating tests/perf/Makefile
config.status:1302: creating tests/perf/operation/Makefile
config.status:1302: creating tests/perf/operation/buffer/Makefile
config.status:1302: creating tests/xmltester/Makefile
config.status:1302: creating tests/geostest/Makefile
config.status:1302: creating tests/thread/Makefile
config.status:1302: creating tools/Makefile
config.status:1302: creating tools/geos-config
config.status:1302: creating source/headers/config.h
config.status:1302: creating source/headers/geos/platform.h
config.status:1522: executing depfiles commands
config.status:1522: executing libtool commands

## ---------------- ##
## Cache variables. ##
## ---------------- ##

ac_cv_build=x86_64-pc-linux-gnu
ac_cv_c_compiler_gnu=yes
ac_cv_c_const=yes
ac_cv_cxx_compiler_gnu=yes
ac_cv_env_CCC_set=
ac_cv_env_CCC_value=
ac_cv_env_CC_set=set
ac_cv_env_CC_value=llvm-gcc-4.2
ac_cv_env_CFLAGS_set=set
ac_cv_env_CFLAGS_value='-fPIC -m64 -DHAVE_ISNAN=1'
ac_cv_env_CPPFLAGS_set=
ac_cv_env_CPPFLAGS_value=
ac_cv_env_CPP_set=
ac_cv_env_CPP_value=
ac_cv_env_CXXCPP_set=
ac_cv_env_CXXCPP_value=
ac_cv_env_CXXFLAGS_set=set
ac_cv_env_CXXFLAGS_value='-fPIC -m64 -DHAVE_ISNAN=1'
ac_cv_env_CXX_set=set
ac_cv_env_CXX_value=llvm-g++-4.2
ac_cv_env_LDFLAGS_set=
ac_cv_env_LDFLAGS_value=
ac_cv_env_LIBS_set=
ac_cv_env_LIBS_value=
ac_cv_env_build_alias_set=set
ac_cv_env_build_alias_value=x86_64-pc-linux-gnu
ac_cv_env_host_alias_set=set
ac_cv_env_host_alias_value=arm-linux-eabi
ac_cv_env_target_alias_set=
ac_cv_env_target_alias_value=
ac_cv_finite=yes
ac_cv_func__doprnt=no
ac_cv_func_alloca_works=yes
ac_cv_func_closedir_void=yes
ac_cv_func_dlopen=yes
ac_cv_func_gettimeofday=yes
ac_cv_func_memcmp_working=no
ac_cv_func_memcpy=yes
ac_cv_func_shl_load=no
ac_cv_func_strchr=yes
ac_cv_func_strftime=yes
ac_cv_func_vprintf=yes
ac_cv_header_dirent_dirent_h=yes
ac_cv_header_dlfcn_h=yes
ac_cv_header_ieeefp_h=no
ac_cv_header_inttypes_h=yes
ac_cv_header_memory_h=yes
ac_cv_header_stat_broken=no
ac_cv_header_stdc=yes
ac_cv_header_stdint_h=yes
ac_cv_header_stdlib_h=yes
ac_cv_header_string_h=yes
ac_cv_header_strings_h=yes
ac_cv_header_sys_file_h=yes
ac_cv_header_sys_stat_h=yes
ac_cv_header_sys_time_h=yes
ac_cv_header_sys_types_h=yes
ac_cv_header_unistd_h=yes
ac_cv_host=arm-linux-eabi
ac_cv_isfinite=yes
ac_cv_isnan=no
ac_cv_lib_dld_shl_load=no
ac_cv_objext=o
ac_cv_path_EGREP='/usr/bin/grep -E'
ac_cv_path_FGREP='/usr/bin/grep -F'
ac_cv_path_GREP=/usr/bin/grep
ac_cv_path_SED=/usr/bin/sed
ac_cv_path_install='/usr/bin/install -c'
ac_cv_prog_AWK=awk
ac_cv_prog_CC=llvm-gcc-4.2
ac_cv_prog_CPP='llvm-gcc-4.2 -E'
ac_cv_prog_CXXCPP='llvm-g++-4.2 -E'
ac_cv_prog_OBJDUMP=objdump
ac_cv_prog_STRIP=strip
ac_cv_prog_ac_ct_AR=ar
ac_cv_prog_ac_ct_DUMPBIN='link -dump -symbols'
ac_cv_prog_ac_ct_RANLIB=ranlib
ac_cv_prog_ac_ct_STRIP=strip
ac_cv_prog_cc_c89=
ac_cv_prog_cc_g=yes
ac_cv_prog_cxx_g=yes
ac_cv_prog_make_make_set=yes
ac_cv_search_opendir='none required'
ac_cv_search_strerror='none required'
ac_cv_struct_tm=time.h
ac_cv_target=arm-linux-eabi
ac_cv_type_size_t=yes
ac_cv_working_alloca_h=yes
am_cv_CC_dependencies_compiler_type=gcc3
am_cv_CXX_dependencies_compiler_type=gcc3
dummy_cv_ansi=yes
dummy_cv_ffloat_store=yes
dummy_cv_no_long_long=yes
dummy_cv_pedantic=yes
dummy_cv_wall=yes
lt_cv_deplibs_check_method=unknown
lt_cv_dlopen=dlopen
lt_cv_dlopen_libs=
lt_cv_dlopen_self=cross
lt_cv_file_magic_cmd='$MAGIC_CMD'
lt_cv_file_magic_test_file=
lt_cv_ld_reload_flag=-r
lt_cv_nm_interface='BSD nm'
lt_cv_objdir=.libs
lt_cv_path_LD=/usr/llvm-gcc-4.2/libexec/gcc/i686-apple-darwin11/4.2.1/ld
lt_cv_path_LDCXX=/usr/llvm-gcc-4.2/libexec/gcc/i686-apple-darwin11/4.2.1/ld
lt_cv_path_NM=no
lt_cv_prog_compiler_c_o=yes
lt_cv_prog_compiler_c_o_CXX=yes
lt_cv_prog_compiler_pic_works=yes
lt_cv_prog_compiler_pic_works_CXX=yes
lt_cv_prog_compiler_rtti_exceptions=no
lt_cv_prog_compiler_static_works=no
lt_cv_prog_compiler_static_works_CXX=no
lt_cv_prog_gnu_ld=no
lt_cv_prog_gnu_ldcxx=no
lt_cv_sys_global_symbol_pipe=
lt_cv_sys_global_symbol_to_c_name_address='sed -n -e '\''s/^: \([^ ]*\) $/  {\"\1\", (void *) 0},/p'\'' -e '\''s/^[BCDEGRST]* \([^ ]*\) \([^ ]*\)$/  {"\2", (void *) \&\2},/p'\'''
lt_cv_sys_global_symbol_to_c_name_address_lib_prefix='sed -n -e '\''s/^: \([^ ]*\) $/  {\"\1\", (void *) 0},/p'\'' -e '\''s/^[BCDEGRST]* \([^ ]*\) \(lib[^ ]*\)$/  {"\2", (void *) \&\2},/p'\'' -e '\''s/^[BCDEGRST]* \([^ ]*\) \([^ ]*\)$/  {"lib\2", (void *) \&\2},/p'\'''
lt_cv_sys_global_symbol_to_cdecl=
lt_cv_sys_max_cmd_len=196608
pgac_cv_type_int64_t_64=no
pgac_cv_type_long_int_64=no
pgac_cv_type_long_long_int_64=no

## ----------------- ##
## Output variables. ##
## ----------------- ##

ACLOCAL='${SHELL} /Users/kirkj/army-agc/mobile-android/projects/spatialite-android/spatialite-android-library/jni/geos-3.2.2/missing --run aclocal-1.11'
ALLOCA=''
AMDEPBACKSLASH='\'
AMDEP_FALSE='#'
AMDEP_TRUE=''
AMTAR='${SHELL} /Users/kirkj/army-agc/mobile-android/projects/spatialite-android/spatialite-android-library/jni/geos-3.2.2/missing --run tar'
AR='ar'
AS='as'
AUTOCONF='${SHELL} /Users/kirkj/army-agc/mobile-android/projects/spatialite-android/spatialite-android-library/jni/geos-3.2.2/missing --run autoconf'
AUTOHEADER='${SHELL} /Users/kirkj/army-agc/mobile-android/projects/spatialite-android/spatialite-android-library/jni/geos-3.2.2/missing --run autoheader'
AUTOMAKE='${SHELL} /Users/kirkj/army-agc/mobile-android/projects/spatialite-android/spatialite-android-library/jni/geos-3.2.2/missing --run automake-1.11'
AWK='awk'
CAPI_INTERFACE_AGE='6'
CAPI_INTERFACE_CURRENT='7'
CAPI_INTERFACE_REVISION='2'
CAPI_VERSION='1.6.2'
CAPI_VERSION_MAJOR='1'
CAPI_VERSION_MINOR='6'
CAPI_VERSION_PATCH='2'
CC='llvm-gcc-4.2'
CCDEPMODE='depmode=gcc3'
CFLAGS='-fPIC -m64 -DHAVE_ISNAN=1  -pedantic -Wall -ansi -Wno-long-long  -ffloat-store'
CPP='llvm-gcc-4.2 -E'
CPPFLAGS=''
CXX='llvm-g++-4.2'
CXXCPP='llvm-g++-4.2 -E'
CXXDEPMODE='depmode=gcc3'
CXXFLAGS='-fPIC -m64 -DHAVE_ISNAN=1 -DGEOS_INLINE  -pedantic -Wall -ansi -Wno-long-long  -ffloat-store'
CYGPATH_W='echo'
DEFS='-DHAVE_CONFIG_H'
DEPDIR='.deps'
DLLTOOL='dlltool'
DSYMUTIL=''
DUMPBIN='link -dump -symbols'
ECHO_C='\c'
ECHO_N=''
ECHO_T=''
EGREP='/usr/bin/grep -E'
ENABLE_PYTHON_FALSE=''
ENABLE_PYTHON_TRUE='#'
ENABLE_RUBY_FALSE=''
ENABLE_RUBY_TRUE='#'
ENABLE_SWIG_FALSE=''
ENABLE_SWIG_TRUE='#'
EXEEXT=''
FGREP='/usr/bin/grep -F'
GREP='/usr/bin/grep'
INLINE_FLAGS='-DGEOS_INLINE'
INSTALL_DATA='${INSTALL} -m 644'
INSTALL_PROGRAM='${INSTALL}'
INSTALL_SCRIPT='${INSTALL}'
INSTALL_STRIP_PROGRAM='$(install_sh) -c -s'
INTERFACE_AGE=''
INTERFACE_CURRENT=''
INTERFACE_REVISION=''
JTS_PORT='1.10.0'
LD='/usr/llvm-gcc-4.2/libexec/gcc/i686-apple-darwin11/4.2.1/ld'
LDFLAGS=''
LIBOBJS=' ${LIBOBJDIR}memcmp$U.o'
LIBS=''
LIBTOOL='$(SHELL) $(top_builddir)/libtool'
LIPO=''
LN_S='ln -s'
LTLIBOBJS=' ${LIBOBJDIR}memcmp$U.lo'
MAKEINFO='${SHELL} /Users/kirkj/army-agc/mobile-android/projects/spatialite-android/spatialite-android-library/jni/geos-3.2.2/missing --run makeinfo'
MKDIR_P='./install-sh -c -d'
NM='link -dump -symbols'
NMEDIT=''
OBJDUMP='objdump'
OBJEXT='o'
OTOOL64=''
OTOOL=''
PACKAGE='geos'
PACKAGE_BUGREPORT=''
PACKAGE_NAME=''
PACKAGE_STRING=''
PACKAGE_TARNAME=''
PACKAGE_URL=''
PACKAGE_VERSION=''
PATH_SEPARATOR=':'
PYTHON=''
PYTHON_CPPFLAGS=''
PYTHON_EXEC_PREFIX=''
PYTHON_EXTRA_LIBS=''
PYTHON_LDFLAGS=''
PYTHON_PLATFORM=''
PYTHON_PREFIX=''
PYTHON_SITE_PKG=''
PYTHON_VERSION=''
RANLIB='ranlib'
RUBY=''
RUBY_BIN_DIR=''
RUBY_EXTENSION_DIR=''
RUBY_INCLUDE_DIR=''
RUBY_LIB_DIR=''
RUBY_SHARED_LIB=''
RUBY_SO_NAME=''
RUBY_VERSION=''
SED='/usr/bin/sed'
SET_MAKE=''
SHELL='/bin/sh'
STRIP='strip'
SWIG=''
SWIG_LIB=''
SWIG_PYTHON_CPPFLAGS=''
SWIG_PYTHON_OPT=''
VERSION='3.2.2'
VERSION_MAJOR='3'
VERSION_MINOR='2'
VERSION_PATCH='2'
ac_ct_CC=''
ac_ct_CXX=''
ac_ct_DUMPBIN='link -dump -symbols'
am__EXEEXT_FALSE=''
am__EXEEXT_TRUE='#'
am__fastdepCC_FALSE='#'
am__fastdepCC_TRUE=''
am__fastdepCXX_FALSE='#'
am__fastdepCXX_TRUE=''
am__include='include'
am__isrc=''
am__leading_dot='.'
am__quote=''
am__tar='${AMTAR} chof - "$$tardir"'
am__untar='${AMTAR} xf -'
bindir='${exec_prefix}/bin'
build='x86_64-pc-linux-gnu'
build_alias='x86_64-pc-linux-gnu'
build_cpu='x86_64'
build_os='linux-gnu'
build_vendor='pc'
datadir='${datarootdir}'
datarootdir='${prefix}/share'
docdir='${datarootdir}/doc/${PACKAGE}'
dvidir='${docdir}'
exec_prefix='${prefix}'
host='arm-linux-eabi'
host_alias='arm-linux-eabi'
host_cpu='arm'
host_os='eabi'
host_vendor='linux'
htmldir='${docdir}'
includedir='${prefix}/include'
infodir='${datarootdir}/info'
install_sh='${SHELL} /Users/kirkj/army-agc/mobile-android/projects/spatialite-android/spatialite-android-library/jni/geos-3.2.2/install-sh'
libdir='${exec_prefix}/lib'
libexecdir='${exec_prefix}/libexec'
localedir='${datarootdir}/locale'
localstatedir='${prefix}/var'
lt_ECHO='/bin/echo'
mandir='${datarootdir}/man'
mkdir_p='$(top_builddir)/./install-sh -c -d'
oldincludedir='/usr/include'
pdfdir='${docdir}'
pkgpyexecdir=''
pkgpythondir=''
prefix='/usr/local'
program_transform_name='s,x,x,'
psdir='${docdir}'
pyexecdir=''
pythondir=''
sbindir='${exec_prefix}/sbin'
sharedstatedir='${prefix}/com'
sysconfdir='${prefix}/etc'
target='arm-linux-eabi'
target_alias=''
target_cpu='arm'
target_os='eabi'
target_vendor='linux'

## ----------- ##
## confdefs.h. ##
## ----------- ##

/* confdefs.h */
#define PACKAGE_NAME ""
#define PACKAGE_TARNAME ""
#define PACKAGE_VERSION ""
#define PACKAGE_STRING ""
#define PACKAGE_BUGREPORT ""
#define PACKAGE_URL ""
#define STDC_HEADERS 1
#define HAVE_SYS_TYPES_H 1
#define HAVE_SYS_STAT_H 1
#define HAVE_STDLIB_H 1
#define HAVE_STRING_H 1
#define HAVE_MEMORY_H 1
#define HAVE_STRINGS_H 1
#define HAVE_INTTYPES_H 1
#define HAVE_STDINT_H 1
#define HAVE_UNISTD_H 1
#define HAVE_DLFCN_H 1
#define LT_OBJDIR ".libs/"
#define HAVE_DIRENT_H 1
#define CLOSEDIR_VOID 1
#define HAVE_STRFTIME 1
#define HAVE_VPRINTF 1
#define HAVE_ALLOCA_H 1
#define HAVE_ALLOCA 1
#define HAVE_DIRENT_H 1
#define STDC_HEADERS 1
#define HAVE_MEMORY_H 1
#define HAVE_UNISTD_H 1
#define HAVE_SYS_FILE_H 1
#define HAVE_SYS_TIME_H 1
#define HAVE_STRCHR 1
#define HAVE_MEMCPY 1
#define HAVE_GETTIMEOFDAY 1
#define HAVE_FINITE 1
#define HAVE_ISFINITE 1

configure: exit 0
