This file contains any messages produced by compilers while
running configure, to aid debugging if configure makes a mistake.

It was created by librasterlite2 configure 1.0.0-rc1, which was
generated by GNU Autoconf 2.69.  Invocation command line was

  $ ./configure --build=x86_64-pc-linux-gnu --host=arm-linux-eabi

## --------- ##
## Platform. ##
## --------- ##

hostname = mj10777-01-l
uname -m = x86_64
uname -r = 3.16.0-28-generic
uname -s = Linux
uname -v = #38-Ubuntu SMP Fri Dec 12 17:37:40 UTC 2014

/usr/bin/uname -p = unknown
/bin/uname -X     = unknown

/bin/arch              = unknown
/usr/bin/arch -k       = unknown
/usr/convex/getsysinfo = unknown
/usr/bin/hostinfo      = unknown
/bin/machine           = unknown
/usr/bin/oslevel       = unknown
/bin/universe          = unknown

PATH: /usr/local/pgsql/bin
PATH: /usr/local/pgsql/bin
PATH: /home/mj10777/bin
PATH: /usr/local/pgsql/bin
PATH: /usr/lib/lightdm/lightdm
PATH: /usr/local/sbin
PATH: /usr/local/bin
PATH: /usr/sbin
PATH: /usr/bin
PATH: /sbin
PATH: /bin
PATH: /usr/games
PATH: /home/mj10777/000_links/gnu_source/qt_dev/Qt5.1.0/5.1.0/gcc_64/bin
PATH: /home/mj10777/000_links/gnu_source/adt-bundle-linux/sdk
PATH: /home/mj10777/000_links/gnu_source/adt-bundle-linux/sdk/tools
PATH: /home/mj10777/000_links/gnu_source/adt-bundle-linux/sdk/platform-tools
PATH: /home/mj10777/000_links/gnu_source/adt-bundle-linux/sdk/tools
PATH: /home/mj10777/000_links/gnu_source/adt-bundle-linux/android-ndk-r9d
PATH: /home/mj10777/000_links/gnu_source/adt-bundle-linux/apache-ant/bin
PATH: /home/mj10777/000_links/gnu_source/adt-bundle-linux/android-studio/bin


## ----------- ##
## Core tests. ##
## ----------- ##

configure:2532: checking for a BSD-compatible install
configure:2600: result: /usr/bin/install -c
configure:2611: checking whether build environment is sane
configure:2666: result: yes
configure:2725: checking for arm-linux-eabi-strip
configure:2755: result: no
configure:2765: checking for strip
configure:2781: found /usr/bin/strip
configure:2792: result: strip
configure:2804: WARNING: using cross tools not prefixed with host triplet
configure:2817: checking for a thread-safe mkdir -p
configure:2856: result: /bin/mkdir -p
configure:2863: checking for gawk
configure:2879: found /usr/bin/gawk
configure:2890: result: gawk
configure:2901: checking whether make sets $(MAKE)
configure:2923: result: yes
configure:2952: checking whether make supports nested variables
configure:2969: result: yes
configure:3095: checking whether to enable maintainer-specific portions of Makefiles
configure:3104: result: no
configure:3157: checking for style of include used by make
configure:3185: result: GNU
configure:3216: checking for arm-linux-eabi-gcc
configure:3246: result: no
configure:3256: checking for gcc
configure:3272: found /usr/bin/gcc
configure:3283: result: gcc
configure:3512: checking for C compiler version
configure:3521: gcc --version >&5
gcc (Ubuntu 4.9.1-16ubuntu6) 4.9.1
Copyright (C) 2014 Free Software Foundation, Inc.
This is free software; see the source for copying conditions.  There is NO
warranty; not even for MERCHANTABILITY or FITNESS FOR A PARTICULAR PURPOSE.

configure:3532: $? = 0
configure:3521: gcc -v >&5
Using built-in specs.
COLLECT_GCC=gcc
COLLECT_LTO_WRAPPER=/usr/lib/gcc/x86_64-linux-gnu/4.9/lto-wrapper
Target: x86_64-linux-gnu
Configured with: ../src/configure -v --with-pkgversion='Ubuntu 4.9.1-16ubuntu6' --with-bugurl=file:///usr/share/doc/gcc-4.9/README.Bugs --enable-languages=c,c++,java,go,d,fortran,objc,obj-c++ --prefix=/usr --program-suffix=-4.9 --enable-shared --enable-linker-build-id --libexecdir=/usr/lib --without-included-gettext --enable-threads=posix --with-gxx-include-dir=/usr/include/c++/4.9 --libdir=/usr/lib --enable-nls --with-sysroot=/ --enable-clocale=gnu --enable-libstdcxx-debug --enable-libstdcxx-time=yes --enable-gnu-unique-object --disable-vtable-verify --enable-plugin --with-system-zlib --disable-browser-plugin --enable-java-awt=gtk --enable-gtk-cairo --with-java-home=/usr/lib/jvm/java-1.5.0-gcj-4.9-amd64/jre --enable-java-home --with-jvm-root-dir=/usr/lib/jvm/java-1.5.0-gcj-4.9-amd64 --with-jvm-jar-dir=/usr/lib/jvm-exports/java-1.5.0-gcj-4.9-amd64 --with-arch-directory=amd64 --with-ecj-jar=/usr/share/java/eclipse-ecj.jar --enable-objc-gc --enable-multiarch --disable-werror --with-arch-32=i686 --with-abi=m64 --with-multilib-list=m32,m64,mx32 --enable-multilib --with-tune=generic --enable-checking=release --build=x86_64-linux-gnu --host=x86_64-linux-gnu --target=x86_64-linux-gnu
Thread model: posix
gcc version 4.9.1 (Ubuntu 4.9.1-16ubuntu6) 
configure:3532: $? = 0
configure:3521: gcc -V >&5
gcc: error: unrecognized command line option '-V'
gcc: fatal error: no input files
compilation terminated.
configure:3532: $? = 4
configure:3521: gcc -qversion >&5
gcc: error: unrecognized command line option '-qversion'
gcc: fatal error: no input files
compilation terminated.
configure:3532: $? = 4
configure:3552: checking whether the C compiler works
configure:3574: gcc    conftest.c  >&5
configure:3578: $? = 0
configure:3626: result: yes
configure:3629: checking for C compiler default output file name
configure:3631: result: a.out
configure:3637: checking for suffix of executables
configure:3644: gcc -o conftest    conftest.c  >&5
configure:3648: $? = 0
configure:3670: result: 
configure:3692: checking whether we are cross compiling
configure:3730: result: yes
configure:3735: checking for suffix of object files
configure:3757: gcc -c   conftest.c >&5
configure:3761: $? = 0
configure:3782: result: o
configure:3786: checking whether we are using the GNU C compiler
configure:3805: gcc -c   conftest.c >&5
configure:3805: $? = 0
configure:3814: result: yes
configure:3823: checking whether gcc accepts -g
configure:3843: gcc -c -g  conftest.c >&5
configure:3843: $? = 0
configure:3884: result: yes
configure:3901: checking for gcc option to accept ISO C89
configure:3964: gcc  -c -g -O2  conftest.c >&5
configure:3964: $? = 0
configure:3977: result: none needed
configure:4002: checking whether gcc understands -c and -o together
configure:4024: gcc -c conftest.c -o conftest2.o
configure:4027: $? = 0
configure:4024: gcc -c conftest.c -o conftest2.o
configure:4027: $? = 0
configure:4039: result: yes
configure:4058: checking dependency style of gcc
configure:4169: result: gcc3
configure:4190: checking how to run the C preprocessor
configure:4221: gcc -E  conftest.c
configure:4221: $? = 0
configure:4235: gcc -E  conftest.c
conftest.c:15:28: fatal error: ac_nonexistent.h: No such file or directory
 #include <ac_nonexistent.h>
                            ^
compilation terminated.
configure:4235: $? = 1
configure: failed program was:
| /* confdefs.h */
| #define PACKAGE_NAME "librasterlite2"
| #define PACKAGE_TARNAME "librasterlite2"
| #define PACKAGE_VERSION "1.0.0-rc1"
| #define PACKAGE_STRING "librasterlite2 1.0.0-rc1"
| #define PACKAGE_BUGREPORT "a.furieri@lqt.it"
| #define PACKAGE_URL ""
| #define PACKAGE "librasterlite2"
| #define VERSION "1.0.0-rc1"
| #define _LARGE_FILE 1
| #define _FILE_OFFSET_BITS 64
| #define _LARGEFILE_SOURCE 1
| #define NDEBUG 1
| /* end confdefs.h.  */
| #include <ac_nonexistent.h>
configure:4260: result: gcc -E
configure:4280: gcc -E  conftest.c
configure:4280: $? = 0
configure:4294: gcc -E  conftest.c
conftest.c:15:28: fatal error: ac_nonexistent.h: No such file or directory
 #include <ac_nonexistent.h>
                            ^
compilation terminated.
configure:4294: $? = 1
configure: failed program was:
| /* confdefs.h */
| #define PACKAGE_NAME "librasterlite2"
| #define PACKAGE_TARNAME "librasterlite2"
| #define PACKAGE_VERSION "1.0.0-rc1"
| #define PACKAGE_STRING "librasterlite2 1.0.0-rc1"
| #define PACKAGE_BUGREPORT "a.furieri@lqt.it"
| #define PACKAGE_URL ""
| #define PACKAGE "librasterlite2"
| #define VERSION "1.0.0-rc1"
| #define _LARGE_FILE 1
| #define _FILE_OFFSET_BITS 64
| #define _LARGEFILE_SOURCE 1
| #define NDEBUG 1
| /* end confdefs.h.  */
| #include <ac_nonexistent.h>
configure:4323: checking for grep that handles long lines and -e
configure:4381: result: /bin/grep
configure:4386: checking for egrep
configure:4448: result: /bin/grep -E
configure:4453: checking for ANSI C header files
configure:4473: gcc -c -g -O2  conftest.c >&5
configure:4473: $? = 0
configure:4557: result: yes
configure:4570: checking for sys/types.h
configure:4570: gcc -c -g -O2  conftest.c >&5
configure:4570: $? = 0
configure:4570: result: yes
configure:4570: checking for sys/stat.h
configure:4570: gcc -c -g -O2  conftest.c >&5
configure:4570: $? = 0
configure:4570: result: yes
configure:4570: checking for stdlib.h
configure:4570: gcc -c -g -O2  conftest.c >&5
configure:4570: $? = 0
configure:4570: result: yes
configure:4570: checking for string.h
configure:4570: gcc -c -g -O2  conftest.c >&5
configure:4570: $? = 0
configure:4570: result: yes
configure:4570: checking for memory.h
configure:4570: gcc -c -g -O2  conftest.c >&5
configure:4570: $? = 0
configure:4570: result: yes
configure:4570: checking for strings.h
configure:4570: gcc -c -g -O2  conftest.c >&5
configure:4570: $? = 0
configure:4570: result: yes
configure:4570: checking for inttypes.h
configure:4570: gcc -c -g -O2  conftest.c >&5
configure:4570: $? = 0
configure:4570: result: yes
configure:4570: checking for stdint.h
configure:4570: gcc -c -g -O2  conftest.c >&5
configure:4570: $? = 0
configure:4570: result: yes
configure:4570: checking for unistd.h
configure:4570: gcc -c -g -O2  conftest.c >&5
configure:4570: $? = 0
configure:4570: result: yes
configure:4584: checking for stdlib.h
configure:4584: result: yes
configure:4598: checking stdio.h usability
configure:4598: gcc -c -g -O2  conftest.c >&5
configure:4598: $? = 0
configure:4598: result: yes
configure:4598: checking stdio.h presence
configure:4598: gcc -E  conftest.c
configure:4598: $? = 0
configure:4598: result: yes
configure:4598: checking for stdio.h
configure:4598: result: yes
configure:4612: checking for string.h
configure:4612: result: yes
configure:4626: checking for memory.h
configure:4626: result: yes
configure:4640: checking math.h usability
configure:4640: gcc -c -g -O2  conftest.c >&5
configure:4640: $? = 0
configure:4640: result: yes
configure:4640: checking math.h presence
configure:4640: gcc -E  conftest.c
configure:4640: $? = 0
configure:4640: result: yes
configure:4640: checking for math.h
configure:4640: result: yes
configure:4654: checking float.h usability
configure:4654: gcc -c -g -O2  conftest.c >&5
configure:4654: $? = 0
configure:4654: result: yes
configure:4654: checking float.h presence
configure:4654: gcc -E  conftest.c
configure:4654: $? = 0
configure:4654: result: yes
configure:4654: checking for float.h
configure:4654: result: yes
configure:4668: checking jpeglib.h usability
configure:4668: gcc -c -g -O2  conftest.c >&5
configure:4668: $? = 0
configure:4668: result: yes
configure:4668: checking jpeglib.h presence
configure:4668: gcc -E  conftest.c
configure:4668: $? = 0
configure:4668: result: yes
configure:4668: checking for jpeglib.h
configure:4668: result: yes
configure:4682: checking jerror.h usability
configure:4682: gcc -c -g -O2  conftest.c >&5
configure:4682: $? = 0
configure:4682: result: yes
configure:4682: checking jerror.h presence
configure:4682: gcc -E  conftest.c
configure:4682: $? = 0
configure:4682: result: yes
configure:4682: checking for jerror.h
configure:4682: result: yes
configure:4696: checking png.h usability
configure:4696: gcc -c -g -O2  conftest.c >&5
configure:4696: $? = 0
configure:4696: result: yes
configure:4696: checking png.h presence
configure:4696: gcc -E  conftest.c
configure:4696: $? = 0
configure:4696: result: yes
configure:4696: checking for png.h
configure:4696: result: yes
configure:4710: checking sqlite3.h usability
configure:4710: gcc -c -g -O2  conftest.c >&5
configure:4710: $? = 0
configure:4710: result: yes
configure:4710: checking sqlite3.h presence
configure:4710: gcc -E  conftest.c
configure:4710: $? = 0
configure:4710: result: yes
configure:4710: checking for sqlite3.h
configure:4710: result: yes
configure:4724: checking sqlite3ext.h usability
configure:4724: gcc -c -g -O2  conftest.c >&5
configure:4724: $? = 0
configure:4724: result: yes
configure:4724: checking sqlite3ext.h presence
configure:4724: gcc -E  conftest.c
configure:4724: $? = 0
configure:4724: result: yes
configure:4724: checking for sqlite3ext.h
configure:4724: result: yes
configure:4738: checking zlib.h usability
configure:4738: gcc -c -g -O2  conftest.c >&5
configure:4738: $? = 0
configure:4738: result: yes
configure:4738: checking zlib.h presence
configure:4738: gcc -E  conftest.c
configure:4738: $? = 0
configure:4738: result: yes
configure:4738: checking for zlib.h
configure:4738: result: yes
configure:4752: checking gif_lib.h usability
configure:4752: gcc -c -g -O2  conftest.c >&5
configure:4752: $? = 0
configure:4752: result: yes
configure:4752: checking gif_lib.h presence
configure:4752: gcc -E  conftest.c
configure:4752: $? = 0
configure:4752: result: yes
configure:4752: checking for gif_lib.h
configure:4752: result: yes
configure:4777: checking geotiff/geotiff.h usability
configure:4777: gcc -c -g -O2  conftest.c >&5
conftest.c:71:29: fatal error: geotiff/geotiff.h: No such file or directory
 #include <geotiff/geotiff.h>
                             ^
compilation terminated.
configure:4777: $? = 1
configure: failed program was:
| /* confdefs.h */
| #define PACKAGE_NAME "librasterlite2"
| #define PACKAGE_TARNAME "librasterlite2"
| #define PACKAGE_VERSION "1.0.0-rc1"
| #define PACKAGE_STRING "librasterlite2 1.0.0-rc1"
| #define PACKAGE_BUGREPORT "a.furieri@lqt.it"
| #define PACKAGE_URL ""
| #define PACKAGE "librasterlite2"
| #define VERSION "1.0.0-rc1"
| #define _LARGE_FILE 1
| #define _FILE_OFFSET_BITS 64
| #define _LARGEFILE_SOURCE 1
| #define NDEBUG 1
| #define STDC_HEADERS 1
| #define HAVE_SYS_TYPES_H 1
| #define HAVE_SYS_STAT_H 1
| #define HAVE_STDLIB_H 1
| #define HAVE_STRING_H 1
| #define HAVE_MEMORY_H 1
| #define HAVE_STRINGS_H 1
| #define HAVE_INTTYPES_H 1
| #define HAVE_STDINT_H 1
| #define HAVE_UNISTD_H 1
| #define HAVE_STDLIB_H 1
| #define HAVE_STDIO_H 1
| #define HAVE_STRING_H 1
| #define HAVE_MEMORY_H 1
| #define HAVE_MATH_H 1
| #define HAVE_FLOAT_H 1
| #define HAVE_JPEGLIB_H 1
| #define HAVE_JERROR_H 1
| #define HAVE_PNG_H 1
| #define HAVE_SQLITE3_H 1
| #define HAVE_SQLITE3EXT_H 1
| #define HAVE_ZLIB_H 1
| #define HAVE_GIF_LIB_H 1
| /* end confdefs.h.  */
| #include <stdio.h>
| #ifdef HAVE_SYS_TYPES_H
| # include <sys/types.h>
| #endif
| #ifdef HAVE_SYS_STAT_H
| # include <sys/stat.h>
| #endif
| #ifdef STDC_HEADERS
| # include <stdlib.h>
| # include <stddef.h>
| #else
| # ifdef HAVE_STDLIB_H
| #  include <stdlib.h>
| # endif
| #endif
| #ifdef HAVE_STRING_H
| # if !defined STDC_HEADERS && defined HAVE_MEMORY_H
| #  include <memory.h>
| # endif
| # include <string.h>
| #endif
| #ifdef HAVE_STRINGS_H
| # include <strings.h>
| #endif
| #ifdef HAVE_INTTYPES_H
| # include <inttypes.h>
| #endif
| #ifdef HAVE_STDINT_H
| # include <stdint.h>
| #endif
| #ifdef HAVE_UNISTD_H
| # include <unistd.h>
| #endif
| #include <geotiff/geotiff.h>
configure:4777: result: no
configure:4777: checking geotiff/geotiff.h presence
configure:4777: gcc -E  conftest.c
conftest.c:38:29: fatal error: geotiff/geotiff.h: No such file or directory
 #include <geotiff/geotiff.h>
                             ^
compilation terminated.
configure:4777: $? = 1
configure: failed program was:
| /* confdefs.h */
| #define PACKAGE_NAME "librasterlite2"
| #define PACKAGE_TARNAME "librasterlite2"
| #define PACKAGE_VERSION "1.0.0-rc1"
| #define PACKAGE_STRING "librasterlite2 1.0.0-rc1"
| #define PACKAGE_BUGREPORT "a.furieri@lqt.it"
| #define PACKAGE_URL ""
| #define PACKAGE "librasterlite2"
| #define VERSION "1.0.0-rc1"
| #define _LARGE_FILE 1
| #define _FILE_OFFSET_BITS 64
| #define _LARGEFILE_SOURCE 1
| #define NDEBUG 1
| #define STDC_HEADERS 1
| #define HAVE_SYS_TYPES_H 1
| #define HAVE_SYS_STAT_H 1
| #define HAVE_STDLIB_H 1
| #define HAVE_STRING_H 1
| #define HAVE_MEMORY_H 1
| #define HAVE_STRINGS_H 1
| #define HAVE_INTTYPES_H 1
| #define HAVE_STDINT_H 1
| #define HAVE_UNISTD_H 1
| #define HAVE_STDLIB_H 1
| #define HAVE_STDIO_H 1
| #define HAVE_STRING_H 1
| #define HAVE_MEMORY_H 1
| #define HAVE_MATH_H 1
| #define HAVE_FLOAT_H 1
| #define HAVE_JPEGLIB_H 1
| #define HAVE_JERROR_H 1
| #define HAVE_PNG_H 1
| #define HAVE_SQLITE3_H 1
| #define HAVE_SQLITE3EXT_H 1
| #define HAVE_ZLIB_H 1
| #define HAVE_GIF_LIB_H 1
| /* end confdefs.h.  */
| #include <geotiff/geotiff.h>
configure:4777: result: no
configure:4777: checking for geotiff/geotiff.h
configure:4777: result: no
configure:4789: checking libgeotiff/geotiff.h usability
configure:4789: gcc -c -g -O2  conftest.c >&5
conftest.c:71:32: fatal error: libgeotiff/geotiff.h: No such file or directory
 #include <libgeotiff/geotiff.h>
                                ^
compilation terminated.
configure:4789: $? = 1
configure: failed program was:
| /* confdefs.h */
| #define PACKAGE_NAME "librasterlite2"
| #define PACKAGE_TARNAME "librasterlite2"
| #define PACKAGE_VERSION "1.0.0-rc1"
| #define PACKAGE_STRING "librasterlite2 1.0.0-rc1"
| #define PACKAGE_BUGREPORT "a.furieri@lqt.it"
| #define PACKAGE_URL ""
| #define PACKAGE "librasterlite2"
| #define VERSION "1.0.0-rc1"
| #define _LARGE_FILE 1
| #define _FILE_OFFSET_BITS 64
| #define _LARGEFILE_SOURCE 1
| #define NDEBUG 1
| #define STDC_HEADERS 1
| #define HAVE_SYS_TYPES_H 1
| #define HAVE_SYS_STAT_H 1
| #define HAVE_STDLIB_H 1
| #define HAVE_STRING_H 1
| #define HAVE_MEMORY_H 1
| #define HAVE_STRINGS_H 1
| #define HAVE_INTTYPES_H 1
| #define HAVE_STDINT_H 1
| #define HAVE_UNISTD_H 1
| #define HAVE_STDLIB_H 1
| #define HAVE_STDIO_H 1
| #define HAVE_STRING_H 1
| #define HAVE_MEMORY_H 1
| #define HAVE_MATH_H 1
| #define HAVE_FLOAT_H 1
| #define HAVE_JPEGLIB_H 1
| #define HAVE_JERROR_H 1
| #define HAVE_PNG_H 1
| #define HAVE_SQLITE3_H 1
| #define HAVE_SQLITE3EXT_H 1
| #define HAVE_ZLIB_H 1
| #define HAVE_GIF_LIB_H 1
| /* end confdefs.h.  */
| #include <stdio.h>
| #ifdef HAVE_SYS_TYPES_H
| # include <sys/types.h>
| #endif
| #ifdef HAVE_SYS_STAT_H
| # include <sys/stat.h>
| #endif
| #ifdef STDC_HEADERS
| # include <stdlib.h>
| # include <stddef.h>
| #else
| # ifdef HAVE_STDLIB_H
| #  include <stdlib.h>
| # endif
| #endif
| #ifdef HAVE_STRING_H
| # if !defined STDC_HEADERS && defined HAVE_MEMORY_H
| #  include <memory.h>
| # endif
| # include <string.h>
| #endif
| #ifdef HAVE_STRINGS_H
| # include <strings.h>
| #endif
| #ifdef HAVE_INTTYPES_H
| # include <inttypes.h>
| #endif
| #ifdef HAVE_STDINT_H
| # include <stdint.h>
| #endif
| #ifdef HAVE_UNISTD_H
| # include <unistd.h>
| #endif
| #include <libgeotiff/geotiff.h>
configure:4789: result: no
configure:4789: checking libgeotiff/geotiff.h presence
configure:4789: gcc -E  conftest.c
conftest.c:38:32: fatal error: libgeotiff/geotiff.h: No such file or directory
 #include <libgeotiff/geotiff.h>
                                ^
compilation terminated.
configure:4789: $? = 1
configure: failed program was:
| /* confdefs.h */
| #define PACKAGE_NAME "librasterlite2"
| #define PACKAGE_TARNAME "librasterlite2"
| #define PACKAGE_VERSION "1.0.0-rc1"
| #define PACKAGE_STRING "librasterlite2 1.0.0-rc1"
| #define PACKAGE_BUGREPORT "a.furieri@lqt.it"
| #define PACKAGE_URL ""
| #define PACKAGE "librasterlite2"
| #define VERSION "1.0.0-rc1"
| #define _LARGE_FILE 1
| #define _FILE_OFFSET_BITS 64
| #define _LARGEFILE_SOURCE 1
| #define NDEBUG 1
| #define STDC_HEADERS 1
| #define HAVE_SYS_TYPES_H 1
| #define HAVE_SYS_STAT_H 1
| #define HAVE_STDLIB_H 1
| #define HAVE_STRING_H 1
| #define HAVE_MEMORY_H 1
| #define HAVE_STRINGS_H 1
| #define HAVE_INTTYPES_H 1
| #define HAVE_STDINT_H 1
| #define HAVE_UNISTD_H 1
| #define HAVE_STDLIB_H 1
| #define HAVE_STDIO_H 1
| #define HAVE_STRING_H 1
| #define HAVE_MEMORY_H 1
| #define HAVE_MATH_H 1
| #define HAVE_FLOAT_H 1
| #define HAVE_JPEGLIB_H 1
| #define HAVE_JERROR_H 1
| #define HAVE_PNG_H 1
| #define HAVE_SQLITE3_H 1
| #define HAVE_SQLITE3EXT_H 1
| #define HAVE_ZLIB_H 1
| #define HAVE_GIF_LIB_H 1
| /* end confdefs.h.  */
| #include <libgeotiff/geotiff.h>
configure:4789: result: no
configure:4789: checking for libgeotiff/geotiff.h
configure:4789: result: no
configure:4801: checking geotiff.h usability
configure:4801: gcc -c -g -O2  conftest.c >&5
configure:4801: $? = 0
configure:4801: result: yes
configure:4801: checking geotiff.h presence
configure:4801: gcc -E  conftest.c
configure:4801: $? = 0
configure:4801: result: yes
configure:4801: checking for geotiff.h
configure:4801: result: yes
configure:4834: checking for arm-linux-eabi-g++
configure:4864: result: no
configure:4834: checking for arm-linux-eabi-c++
configure:4864: result: no
configure:4834: checking for arm-linux-eabi-gpp
configure:4864: result: no
configure:4834: checking for arm-linux-eabi-aCC
configure:4864: result: no
configure:4834: checking for arm-linux-eabi-CC
configure:4864: result: no
configure:4834: checking for arm-linux-eabi-cxx
configure:4864: result: no
configure:4834: checking for arm-linux-eabi-cc++
configure:4864: result: no
configure:4834: checking for arm-linux-eabi-cl.exe
configure:4864: result: no
configure:4834: checking for arm-linux-eabi-FCC
configure:4864: result: no
configure:4834: checking for arm-linux-eabi-KCC
configure:4864: result: no
configure:4834: checking for arm-linux-eabi-RCC
configure:4864: result: no
configure:4834: checking for arm-linux-eabi-xlC_r
configure:4864: result: no
configure:4834: checking for arm-linux-eabi-xlC
configure:4864: result: no
configure:4878: checking for g++
configure:4894: found /usr/bin/g++
configure:4905: result: g++
configure:4932: checking for C++ compiler version
configure:4941: g++ --version >&5
g++ (Ubuntu 4.9.1-16ubuntu6) 4.9.1
Copyright (C) 2014 Free Software Foundation, Inc.
This is free software; see the source for copying conditions.  There is NO
warranty; not even for MERCHANTABILITY or FITNESS FOR A PARTICULAR PURPOSE.

configure:4952: $? = 0
configure:4941: g++ -v >&5
Using built-in specs.
COLLECT_GCC=g++
COLLECT_LTO_WRAPPER=/usr/lib/gcc/x86_64-linux-gnu/4.9/lto-wrapper
Target: x86_64-linux-gnu
Configured with: ../src/configure -v --with-pkgversion='Ubuntu 4.9.1-16ubuntu6' --with-bugurl=file:///usr/share/doc/gcc-4.9/README.Bugs --enable-languages=c,c++,java,go,d,fortran,objc,obj-c++ --prefix=/usr --program-suffix=-4.9 --enable-shared --enable-linker-build-id --libexecdir=/usr/lib --without-included-gettext --enable-threads=posix --with-gxx-include-dir=/usr/include/c++/4.9 --libdir=/usr/lib --enable-nls --with-sysroot=/ --enable-clocale=gnu --enable-libstdcxx-debug --enable-libstdcxx-time=yes --enable-gnu-unique-object --disable-vtable-verify --enable-plugin --with-system-zlib --disable-browser-plugin --enable-java-awt=gtk --enable-gtk-cairo --with-java-home=/usr/lib/jvm/java-1.5.0-gcj-4.9-amd64/jre --enable-java-home --with-jvm-root-dir=/usr/lib/jvm/java-1.5.0-gcj-4.9-amd64 --with-jvm-jar-dir=/usr/lib/jvm-exports/java-1.5.0-gcj-4.9-amd64 --with-arch-directory=amd64 --with-ecj-jar=/usr/share/java/eclipse-ecj.jar --enable-objc-gc --enable-multiarch --disable-werror --with-arch-32=i686 --with-abi=m64 --with-multilib-list=m32,m64,mx32 --enable-multilib --with-tune=generic --enable-checking=release --build=x86_64-linux-gnu --host=x86_64-linux-gnu --target=x86_64-linux-gnu
Thread model: posix
gcc version 4.9.1 (Ubuntu 4.9.1-16ubuntu6) 
configure:4952: $? = 0
configure:4941: g++ -V >&5
g++: error: unrecognized command line option '-V'
g++: fatal error: no input files
compilation terminated.
configure:4952: $? = 4
configure:4941: g++ -qversion >&5
g++: error: unrecognized command line option '-qversion'
g++: fatal error: no input files
compilation terminated.
configure:4952: $? = 4
configure:4956: checking whether we are using the GNU C++ compiler
configure:4975: g++ -c   conftest.cpp >&5
configure:4975: $? = 0
configure:4984: result: yes
configure:4993: checking whether g++ accepts -g
configure:5013: g++ -c -g  conftest.cpp >&5
configure:5013: $? = 0
configure:5054: result: yes
configure:5079: checking dependency style of g++
configure:5190: result: gcc3
configure:5213: checking for arm-linux-eabi-gcc
configure:5240: result: gcc
configure:5509: checking for C compiler version
configure:5518: gcc --version >&5
gcc (Ubuntu 4.9.1-16ubuntu6) 4.9.1
Copyright (C) 2014 Free Software Foundation, Inc.
This is free software; see the source for copying conditions.  There is NO
warranty; not even for MERCHANTABILITY or FITNESS FOR A PARTICULAR PURPOSE.

configure:5529: $? = 0
configure:5518: gcc -v >&5
Using built-in specs.
COLLECT_GCC=gcc
COLLECT_LTO_WRAPPER=/usr/lib/gcc/x86_64-linux-gnu/4.9/lto-wrapper
Target: x86_64-linux-gnu
Configured with: ../src/configure -v --with-pkgversion='Ubuntu 4.9.1-16ubuntu6' --with-bugurl=file:///usr/share/doc/gcc-4.9/README.Bugs --enable-languages=c,c++,java,go,d,fortran,objc,obj-c++ --prefix=/usr --program-suffix=-4.9 --enable-shared --enable-linker-build-id --libexecdir=/usr/lib --without-included-gettext --enable-threads=posix --with-gxx-include-dir=/usr/include/c++/4.9 --libdir=/usr/lib --enable-nls --with-sysroot=/ --enable-clocale=gnu --enable-libstdcxx-debug --enable-libstdcxx-time=yes --enable-gnu-unique-object --disable-vtable-verify --enable-plugin --with-system-zlib --disable-browser-plugin --enable-java-awt=gtk --enable-gtk-cairo --with-java-home=/usr/lib/jvm/java-1.5.0-gcj-4.9-amd64/jre --enable-java-home --with-jvm-root-dir=/usr/lib/jvm/java-1.5.0-gcj-4.9-amd64 --with-jvm-jar-dir=/usr/lib/jvm-exports/java-1.5.0-gcj-4.9-amd64 --with-arch-directory=amd64 --with-ecj-jar=/usr/share/java/eclipse-ecj.jar --enable-objc-gc --enable-multiarch --disable-werror --with-arch-32=i686 --with-abi=m64 --with-multilib-list=m32,m64,mx32 --enable-multilib --with-tune=generic --enable-checking=release --build=x86_64-linux-gnu --host=x86_64-linux-gnu --target=x86_64-linux-gnu
Thread model: posix
gcc version 4.9.1 (Ubuntu 4.9.1-16ubuntu6) 
configure:5529: $? = 0
configure:5518: gcc -V >&5
gcc: error: unrecognized command line option '-V'
gcc: fatal error: no input files
compilation terminated.
configure:5529: $? = 4
configure:5518: gcc -qversion >&5
gcc: error: unrecognized command line option '-qversion'
gcc: fatal error: no input files
compilation terminated.
configure:5529: $? = 4
configure:5533: checking whether we are using the GNU C compiler
configure:5561: result: yes
configure:5570: checking whether gcc accepts -g
configure:5631: result: yes
configure:5648: checking for gcc option to accept ISO C89
configure:5724: result: none needed
configure:5749: checking whether gcc understands -c and -o together
configure:5786: result: yes
configure:5805: checking dependency style of gcc
configure:5916: result: gcc3
configure:5936: checking how to run the C preprocessor
configure:6006: result: gcc -E
configure:6026: gcc -E  conftest.c
configure:6026: $? = 0
configure:6040: gcc -E  conftest.c
conftest.c:39:28: fatal error: ac_nonexistent.h: No such file or directory
 #include <ac_nonexistent.h>
                            ^
compilation terminated.
configure:6040: $? = 1
configure: failed program was:
| /* confdefs.h */
| #define PACKAGE_NAME "librasterlite2"
| #define PACKAGE_TARNAME "librasterlite2"
| #define PACKAGE_VERSION "1.0.0-rc1"
| #define PACKAGE_STRING "librasterlite2 1.0.0-rc1"
| #define PACKAGE_BUGREPORT "a.furieri@lqt.it"
| #define PACKAGE_URL ""
| #define PACKAGE "librasterlite2"
| #define VERSION "1.0.0-rc1"
| #define _LARGE_FILE 1
| #define _FILE_OFFSET_BITS 64
| #define _LARGEFILE_SOURCE 1
| #define NDEBUG 1
| #define STDC_HEADERS 1
| #define HAVE_SYS_TYPES_H 1
| #define HAVE_SYS_STAT_H 1
| #define HAVE_STDLIB_H 1
| #define HAVE_STRING_H 1
| #define HAVE_MEMORY_H 1
| #define HAVE_STRINGS_H 1
| #define HAVE_INTTYPES_H 1
| #define HAVE_STDINT_H 1
| #define HAVE_UNISTD_H 1
| #define HAVE_STDLIB_H 1
| #define HAVE_STDIO_H 1
| #define HAVE_STRING_H 1
| #define HAVE_MEMORY_H 1
| #define HAVE_MATH_H 1
| #define HAVE_FLOAT_H 1
| #define HAVE_JPEGLIB_H 1
| #define HAVE_JERROR_H 1
| #define HAVE_PNG_H 1
| #define HAVE_SQLITE3_H 1
| #define HAVE_SQLITE3EXT_H 1
| #define HAVE_ZLIB_H 1
| #define HAVE_GIF_LIB_H 1
| #define HAVE_GEOTIFF_H 1
| /* end confdefs.h.  */
| #include <ac_nonexistent.h>
configure:6069: checking whether ln -s works
configure:6073: result: yes
configure:6080: checking whether make sets $(MAKE)
configure:6102: result: yes
configure:6115: checking build system type
configure:6129: result: x86_64-pc-linux-gnu
configure:6149: checking host system type
configure:6162: result: arm-linux-eabi
configure:6531: checking how to print strings
configure:6558: result: printf
configure:6579: checking for a sed that does not truncate output
configure:6643: result: /bin/sed
configure:6661: checking for fgrep
configure:6723: result: /bin/grep -F
configure:6758: checking for ld used by gcc
configure:6825: result: /usr/bin/ld
configure:6832: checking if the linker (/usr/bin/ld) is GNU ld
configure:6847: result: yes
configure:6859: checking for BSD- or MS-compatible name lister (nm)
configure:6908: result: no
configure:6922: checking for arm-linux-eabi-dumpbin
configure:6952: result: no
configure:6922: checking for arm-linux-eabi-link
configure:6952: result: no
configure:6966: checking for dumpbin
configure:6996: result: no
configure:6966: checking for link
configure:6982: found /usr/bin/link
configure:6993: result: link -dump
configure:7038: checking the name lister (nm) interface
configure:7045: gcc -c -g -O2  conftest.c >&5
configure:7048: nm "conftest.o"
configure:7051: output
0000000000000000 B some_variable
configure:7058: result: BSD nm
configure:7062: checking the maximum length of command line arguments
configure:7192: result: 1572864
configure:7209: checking whether the shell understands some XSI constructs
configure:7219: result: yes
configure:7223: checking whether the shell understands "+="
configure:7229: result: yes
configure:7264: checking how to convert x86_64-pc-linux-gnu file names to arm-linux-eabi format
configure:7304: result: func_convert_file_noop
configure:7311: checking how to convert x86_64-pc-linux-gnu file names to toolchain format
configure:7331: result: func_convert_file_noop
configure:7338: checking for /usr/bin/ld option to reload object files
configure:7345: result: -r
configure:7379: checking for arm-linux-eabi-objdump
configure:7406: result: objdump
configure:7475: checking how to recognize dependent libraries
configure:7677: result: unknown
configure:7722: checking for arm-linux-eabi-dlltool
configure:7749: result: dlltool
configure:7819: checking how to associate runtime and link libraries
configure:7846: result: printf %s\n
configure:7862: checking for arm-linux-eabi-ar
configure:7892: result: no
configure:7906: checking for ar
configure:7922: found /usr/bin/ar
configure:7933: result: ar
configure:7970: checking for archiver @FILE support
configure:7987: gcc -c -g -O2  conftest.c >&5
configure:7987: $? = 0
configure:7990: ar cru libconftest.a @conftest.lst >&5
configure:7993: $? = 0
configure:7998: ar cru libconftest.a @conftest.lst >&5
ar: conftest.o: No such file or directory
configure:8001: $? = 1
configure:8013: result: @
configure:8031: checking for arm-linux-eabi-strip
configure:8058: result: strip
configure:8130: checking for arm-linux-eabi-ranlib
configure:8160: result: no
configure:8170: checking for ranlib
configure:8186: found /usr/bin/ranlib
configure:8197: result: ranlib
configure:8299: checking command to parse nm output from gcc object
configure:8419: gcc -c -g -O2  conftest.c >&5
configure:8422: $? = 0
configure:8426: nm conftest.o \| sed -n -e 's/^.*[ ]\([ABCDGIRSTW][ABCDGIRSTW]*\)[ ][ ]*\([_A-Za-z][_A-Za-z0-9]*\)$/\1 \2 \2/p' | sed '/ __gnu_lto/d' \> conftest.nm
configure:8429: $? = 0
configure:8495: gcc -o conftest -g -O2   conftest.c conftstm.o >&5
configure:8498: $? = 0
configure:8536: result: ok
configure:8573: checking for sysroot
configure:8603: result: no
configure:8819: checking for arm-linux-eabi-mt
configure:8849: result: no
configure:8859: checking for mt
configure:8875: found /bin/mt
configure:8886: result: mt
configure:8909: checking if mt is a manifest tool
configure:8915: mt '-?'
configure:8923: result: no
configure:9562: checking for dlfcn.h
configure:9562: gcc -c -g -O2  conftest.c >&5
configure:9562: $? = 0
configure:9562: result: yes
configure:9777: checking for objdir
configure:9792: result: .libs
configure:10063: checking if gcc supports -fno-rtti -fno-exceptions
configure:10081: gcc -c -g -O2  -fno-rtti -fno-exceptions conftest.c >&5
cc1: warning: command line option '-fno-rtti' is valid for C++/ObjC++ but not for C
configure:10085: $? = 0
configure:10098: result: no
configure:10425: checking for gcc option to produce PIC
configure:10432: result: -fPIC -DPIC
configure:10440: checking if gcc PIC flag -fPIC -DPIC works
configure:10458: gcc -c -g -O2  -fPIC -DPIC -DPIC conftest.c >&5
configure:10462: $? = 0
configure:10475: result: yes
configure:10504: checking if gcc static flag -static works
configure:10532: result: yes
configure:10547: checking if gcc supports -c -o file.o
configure:10568: gcc -c -g -O2  -o out/conftest2.o conftest.c >&5
configure:10572: $? = 0
configure:10594: result: yes
configure:10602: checking if gcc supports -c -o file.o
configure:10649: result: yes
configure:10682: checking whether the gcc linker (/usr/bin/ld) supports shared libraries
configure:11835: result: yes
configure:11872: checking whether -lc should be explicitly linked in
configure:11880: gcc -c -g -O2  conftest.c >&5
configure:11883: $? = 0
configure:11898: gcc -shared  -fPIC -DPIC conftest.o  -v -Wl,-soname -Wl,conftest -o conftest 2\>\&1 \| /bin/grep  -lc  \>/dev/null 2\>\&1
configure:11901: $? = 0
configure:11915: result: no
configure:12075: checking dynamic linker characteristics
configure:12812: result: no
configure:12919: checking how to hardcode library paths into programs
configure:12944: result: immediate
configure:13484: checking whether stripping libraries is possible
configure:13489: result: yes
configure:13524: checking if libtool supports shared libraries
configure:13526: result: no
configure:13529: checking whether to build shared libraries
configure:13550: result: no
configure:13553: checking whether to build static libraries
configure:13557: result: yes
configure:13580: checking how to run the C++ preprocessor
configure:13607: g++ -E  conftest.cpp
configure:13607: $? = 0
configure:13621: g++ -E  conftest.cpp
conftest.cpp:41:28: fatal error: ac_nonexistent.h: No such file or directory
 #include <ac_nonexistent.h>
                            ^
compilation terminated.
configure:13621: $? = 1
configure: failed program was:
| /* confdefs.h */
| #define PACKAGE_NAME "librasterlite2"
| #define PACKAGE_TARNAME "librasterlite2"
| #define PACKAGE_VERSION "1.0.0-rc1"
| #define PACKAGE_STRING "librasterlite2 1.0.0-rc1"
| #define PACKAGE_BUGREPORT "a.furieri@lqt.it"
| #define PACKAGE_URL ""
| #define PACKAGE "librasterlite2"
| #define VERSION "1.0.0-rc1"
| #define _LARGE_FILE 1
| #define _FILE_OFFSET_BITS 64
| #define _LARGEFILE_SOURCE 1
| #define NDEBUG 1
| #define STDC_HEADERS 1
| #define HAVE_SYS_TYPES_H 1
| #define HAVE_SYS_STAT_H 1
| #define HAVE_STDLIB_H 1
| #define HAVE_STRING_H 1
| #define HAVE_MEMORY_H 1
| #define HAVE_STRINGS_H 1
| #define HAVE_INTTYPES_H 1
| #define HAVE_STDINT_H 1
| #define HAVE_UNISTD_H 1
| #define HAVE_STDLIB_H 1
| #define HAVE_STDIO_H 1
| #define HAVE_STRING_H 1
| #define HAVE_MEMORY_H 1
| #define HAVE_MATH_H 1
| #define HAVE_FLOAT_H 1
| #define HAVE_JPEGLIB_H 1
| #define HAVE_JERROR_H 1
| #define HAVE_PNG_H 1
| #define HAVE_SQLITE3_H 1
| #define HAVE_SQLITE3EXT_H 1
| #define HAVE_ZLIB_H 1
| #define HAVE_GIF_LIB_H 1
| #define HAVE_GEOTIFF_H 1
| #define HAVE_DLFCN_H 1
| #define LT_OBJDIR ".libs/"
| /* end confdefs.h.  */
| #include <ac_nonexistent.h>
configure:13646: result: g++ -E
configure:13666: g++ -E  conftest.cpp
configure:13666: $? = 0
configure:13680: g++ -E  conftest.cpp
conftest.cpp:41:28: fatal error: ac_nonexistent.h: No such file or directory
 #include <ac_nonexistent.h>
                            ^
compilation terminated.
configure:13680: $? = 1
configure: failed program was:
| /* confdefs.h */
| #define PACKAGE_NAME "librasterlite2"
| #define PACKAGE_TARNAME "librasterlite2"
| #define PACKAGE_VERSION "1.0.0-rc1"
| #define PACKAGE_STRING "librasterlite2 1.0.0-rc1"
| #define PACKAGE_BUGREPORT "a.furieri@lqt.it"
| #define PACKAGE_URL ""
| #define PACKAGE "librasterlite2"
| #define VERSION "1.0.0-rc1"
| #define _LARGE_FILE 1
| #define _FILE_OFFSET_BITS 64
| #define _LARGEFILE_SOURCE 1
| #define NDEBUG 1
| #define STDC_HEADERS 1
| #define HAVE_SYS_TYPES_H 1
| #define HAVE_SYS_STAT_H 1
| #define HAVE_STDLIB_H 1
| #define HAVE_STRING_H 1
| #define HAVE_MEMORY_H 1
| #define HAVE_STRINGS_H 1
| #define HAVE_INTTYPES_H 1
| #define HAVE_STDINT_H 1
| #define HAVE_UNISTD_H 1
| #define HAVE_STDLIB_H 1
| #define HAVE_STDIO_H 1
| #define HAVE_STRING_H 1
| #define HAVE_MEMORY_H 1
| #define HAVE_MATH_H 1
| #define HAVE_FLOAT_H 1
| #define HAVE_JPEGLIB_H 1
| #define HAVE_JERROR_H 1
| #define HAVE_PNG_H 1
| #define HAVE_SQLITE3_H 1
| #define HAVE_SQLITE3EXT_H 1
| #define HAVE_ZLIB_H 1
| #define HAVE_GIF_LIB_H 1
| #define HAVE_GEOTIFF_H 1
| #define HAVE_DLFCN_H 1
| #define LT_OBJDIR ".libs/"
| /* end confdefs.h.  */
| #include <ac_nonexistent.h>
configure:13849: checking for ld used by g++
configure:13916: result: /usr/bin/ld
configure:13923: checking if the linker (/usr/bin/ld) is GNU ld
configure:13938: result: yes
configure:13993: checking whether the g++ linker (/usr/bin/ld) supports shared libraries
configure:14998: result: no
configure:15034: g++ -c -g -O2  conftest.cpp >&5
configure:15037: $? = 0
configure:15557: checking for g++ option to produce PIC
configure:15564: result: -fPIC -DPIC
configure:15572: checking if g++ PIC flag -fPIC -DPIC works
configure:15590: g++ -c -g -O2  -fPIC -DPIC -DPIC conftest.cpp >&5
configure:15594: $? = 0
configure:15607: result: yes
configure:15630: checking if g++ static flag -static works
configure:15658: result: yes
configure:15670: checking if g++ supports -c -o file.o
configure:15691: g++ -c -g -O2  -o out/conftest2.o conftest.cpp >&5
configure:15695: $? = 0
configure:15717: result: yes
configure:15722: checking if g++ supports -c -o file.o
configure:15769: result: yes
configure:15799: checking whether the g++ linker (/usr/bin/ld) supports shared libraries
configure:15835: result: no
configure:15976: checking dynamic linker characteristics
configure:16647: result: no
configure:16700: checking how to hardcode library paths into programs
configure:16725: result: immediate
configure:16788: checking for an ANSI C-conforming const
configure:16854: gcc -c -g -O2  conftest.c >&5
configure:16854: $? = 0
configure:16861: result: yes
configure:16869: checking for off_t
configure:16869: gcc -c -g -O2  conftest.c >&5
configure:16869: $? = 0
configure:16869: gcc -c -g -O2  conftest.c >&5
conftest.c: In function 'main':
conftest.c:77:20: error: expected expression before ')' token
 if (sizeof ((off_t)))
                    ^
configure:16869: $? = 1
configure: failed program was:
| /* confdefs.h */
| #define PACKAGE_NAME "librasterlite2"
| #define PACKAGE_TARNAME "librasterlite2"
| #define PACKAGE_VERSION "1.0.0-rc1"
| #define PACKAGE_STRING "librasterlite2 1.0.0-rc1"
| #define PACKAGE_BUGREPORT "a.furieri@lqt.it"
| #define PACKAGE_URL ""
| #define PACKAGE "librasterlite2"
| #define VERSION "1.0.0-rc1"
| #define _LARGE_FILE 1
| #define _FILE_OFFSET_BITS 64
| #define _LARGEFILE_SOURCE 1
| #define NDEBUG 1
| #define STDC_HEADERS 1
| #define HAVE_SYS_TYPES_H 1
| #define HAVE_SYS_STAT_H 1
| #define HAVE_STDLIB_H 1
| #define HAVE_STRING_H 1
| #define HAVE_MEMORY_H 1
| #define HAVE_STRINGS_H 1
| #define HAVE_INTTYPES_H 1
| #define HAVE_STDINT_H 1
| #define HAVE_UNISTD_H 1
| #define HAVE_STDLIB_H 1
| #define HAVE_STDIO_H 1
| #define HAVE_STRING_H 1
| #define HAVE_MEMORY_H 1
| #define HAVE_MATH_H 1
| #define HAVE_FLOAT_H 1
| #define HAVE_JPEGLIB_H 1
| #define HAVE_JERROR_H 1
| #define HAVE_PNG_H 1
| #define HAVE_SQLITE3_H 1
| #define HAVE_SQLITE3EXT_H 1
| #define HAVE_ZLIB_H 1
| #define HAVE_GIF_LIB_H 1
| #define HAVE_GEOTIFF_H 1
| #define HAVE_DLFCN_H 1
| #define LT_OBJDIR ".libs/"
| /* end confdefs.h.  */
| #include <stdio.h>
| #ifdef HAVE_SYS_TYPES_H
| # include <sys/types.h>
| #endif
| #ifdef HAVE_SYS_STAT_H
| # include <sys/stat.h>
| #endif
| #ifdef STDC_HEADERS
| # include <stdlib.h>
| # include <stddef.h>
| #else
| # ifdef HAVE_STDLIB_H
| #  include <stdlib.h>
| # endif
| #endif
| #ifdef HAVE_STRING_H
| # if !defined STDC_HEADERS && defined HAVE_MEMORY_H
| #  include <memory.h>
| # endif
| # include <string.h>
| #endif
| #ifdef HAVE_STRINGS_H
| # include <strings.h>
| #endif
| #ifdef HAVE_INTTYPES_H
| # include <inttypes.h>
| #endif
| #ifdef HAVE_STDINT_H
| # include <stdint.h>
| #endif
| #ifdef HAVE_UNISTD_H
| # include <unistd.h>
| #endif
| int
| main ()
| {
| if (sizeof ((off_t)))
| 	    return 0;
|   ;
|   return 0;
| }
configure:16869: result: yes
configure:16880: checking for size_t
configure:16880: gcc -c -g -O2  conftest.c >&5
configure:16880: $? = 0
configure:16880: gcc -c -g -O2  conftest.c >&5
conftest.c: In function 'main':
conftest.c:77:21: error: expected expression before ')' token
 if (sizeof ((size_t)))
                     ^
configure:16880: $? = 1
configure: failed program was:
| /* confdefs.h */
| #define PACKAGE_NAME "librasterlite2"
| #define PACKAGE_TARNAME "librasterlite2"
| #define PACKAGE_VERSION "1.0.0-rc1"
| #define PACKAGE_STRING "librasterlite2 1.0.0-rc1"
| #define PACKAGE_BUGREPORT "a.furieri@lqt.it"
| #define PACKAGE_URL ""
| #define PACKAGE "librasterlite2"
| #define VERSION "1.0.0-rc1"
| #define _LARGE_FILE 1
| #define _FILE_OFFSET_BITS 64
| #define _LARGEFILE_SOURCE 1
| #define NDEBUG 1
| #define STDC_HEADERS 1
| #define HAVE_SYS_TYPES_H 1
| #define HAVE_SYS_STAT_H 1
| #define HAVE_STDLIB_H 1
| #define HAVE_STRING_H 1
| #define HAVE_MEMORY_H 1
| #define HAVE_STRINGS_H 1
| #define HAVE_INTTYPES_H 1
| #define HAVE_STDINT_H 1
| #define HAVE_UNISTD_H 1
| #define HAVE_STDLIB_H 1
| #define HAVE_STDIO_H 1
| #define HAVE_STRING_H 1
| #define HAVE_MEMORY_H 1
| #define HAVE_MATH_H 1
| #define HAVE_FLOAT_H 1
| #define HAVE_JPEGLIB_H 1
| #define HAVE_JERROR_H 1
| #define HAVE_PNG_H 1
| #define HAVE_SQLITE3_H 1
| #define HAVE_SQLITE3EXT_H 1
| #define HAVE_ZLIB_H 1
| #define HAVE_GIF_LIB_H 1
| #define HAVE_GEOTIFF_H 1
| #define HAVE_DLFCN_H 1
| #define LT_OBJDIR ".libs/"
| /* end confdefs.h.  */
| #include <stdio.h>
| #ifdef HAVE_SYS_TYPES_H
| # include <sys/types.h>
| #endif
| #ifdef HAVE_SYS_STAT_H
| # include <sys/stat.h>
| #endif
| #ifdef STDC_HEADERS
| # include <stdlib.h>
| # include <stddef.h>
| #else
| # ifdef HAVE_STDLIB_H
| #  include <stdlib.h>
| # endif
| #endif
| #ifdef HAVE_STRING_H
| # if !defined STDC_HEADERS && defined HAVE_MEMORY_H
| #  include <memory.h>
| # endif
| # include <string.h>
| #endif
| #ifdef HAVE_STRINGS_H
| # include <strings.h>
| #endif
| #ifdef HAVE_INTTYPES_H
| # include <inttypes.h>
| #endif
| #ifdef HAVE_STDINT_H
| # include <stdint.h>
| #endif
| #ifdef HAVE_UNISTD_H
| # include <unistd.h>
| #endif
| int
| main ()
| {
| if (sizeof ((size_t)))
| 	    return 0;
|   ;
|   return 0;
| }
configure:16880: result: yes
configure:16891: checking whether time.h and sys/time.h may both be included
configure:16911: gcc -c -g -O2  conftest.c >&5
configure:16911: $? = 0
configure:16918: result: yes
configure:16926: checking whether struct tm is in sys/time.h or time.h
configure:16946: gcc -c -g -O2  conftest.c >&5
configure:16946: $? = 0
configure:16953: result: time.h
configure:16961: checking for working volatile
configure:16980: gcc -c -g -O2  conftest.c >&5
configure:16980: $? = 0
configure:16987: result: yes
configure:16997: checking whether lstat correctly handles trailing slash
configure:17040: result: no
configure:17059: checking whether lstat accepts an empty string
configure:17089: result: yes
configure:17105: checking whether lstat correctly handles trailing slash
configure:17148: result: no
configure:17167: checking for working memcmp
configure:17220: result: no
configure:17229: checking whether stat accepts an empty string
configure:17259: result: yes
configure:17277: checking for strftime
configure:17277: gcc -o conftest -g -O2   conftest.c  >&5
conftest.c:67:6: warning: conflicting types for built-in function 'strftime'
 char strftime ();
      ^
configure:17277: $? = 0
configure:17277: result: yes
configure:17333: checking for sqrt
configure:17333: gcc -o conftest -g -O2   conftest.c  >&5
conftest.c:68:6: warning: conflicting types for built-in function 'sqrt'
 char sqrt ();
      ^
/tmp/cczQBW1e.o: In function `main':
/home/mj10777/000_links/geopaparazzi/geopaparazzi.eu/libjsqlite-spatialite-android/libjsqlite-spatialite-android/spatialite-android-library/jni/librasterlite2-4.2.1/conftest.c:79: undefined reference to `sqrt'
collect2: error: ld returned 1 exit status
configure:17333: $? = 1
configure: failed program was:
| /* confdefs.h */
| #define PACKAGE_NAME "librasterlite2"
| #define PACKAGE_TARNAME "librasterlite2"
| #define PACKAGE_VERSION "1.0.0-rc1"
| #define PACKAGE_STRING "librasterlite2 1.0.0-rc1"
| #define PACKAGE_BUGREPORT "a.furieri@lqt.it"
| #define PACKAGE_URL ""
| #define PACKAGE "librasterlite2"
| #define VERSION "1.0.0-rc1"
| #define _LARGE_FILE 1
| #define _FILE_OFFSET_BITS 64
| #define _LARGEFILE_SOURCE 1
| #define NDEBUG 1
| #define STDC_HEADERS 1
| #define HAVE_SYS_TYPES_H 1
| #define HAVE_SYS_STAT_H 1
| #define HAVE_STDLIB_H 1
| #define HAVE_STRING_H 1
| #define HAVE_MEMORY_H 1
| #define HAVE_STRINGS_H 1
| #define HAVE_INTTYPES_H 1
| #define HAVE_STDINT_H 1
| #define HAVE_UNISTD_H 1
| #define HAVE_STDLIB_H 1
| #define HAVE_STDIO_H 1
| #define HAVE_STRING_H 1
| #define HAVE_MEMORY_H 1
| #define HAVE_MATH_H 1
| #define HAVE_FLOAT_H 1
| #define HAVE_JPEGLIB_H 1
| #define HAVE_JERROR_H 1
| #define HAVE_PNG_H 1
| #define HAVE_SQLITE3_H 1
| #define HAVE_SQLITE3EXT_H 1
| #define HAVE_ZLIB_H 1
| #define HAVE_GIF_LIB_H 1
| #define HAVE_GEOTIFF_H 1
| #define HAVE_DLFCN_H 1
| #define LT_OBJDIR ".libs/"
| #define TIME_WITH_SYS_TIME 1
| #define HAVE_LSTAT_EMPTY_STRING_BUG 1
| #define HAVE_STAT_EMPTY_STRING_BUG 1
| #define HAVE_STRFTIME 1
| /* end confdefs.h.  */
| /* Define sqrt to an innocuous variant, in case <limits.h> declares sqrt.
|    For example, HP-UX 11i <limits.h> declares gettimeofday.  */
| #define sqrt innocuous_sqrt
| 
| /* System header to define __stub macros and hopefully few prototypes,
|     which can conflict with char sqrt (); below.
|     Prefer <limits.h> to <assert.h> if __STDC__ is defined, since
|     <limits.h> exists even on freestanding compilers.  */
| 
| #ifdef __STDC__
| # include <limits.h>
| #else
| # include <assert.h>
| #endif
| 
| #undef sqrt
| 
| /* Override any GCC internal prototype to avoid an error.
|    Use char because int might match the return type of a GCC
|    builtin and then its argument prototype would still apply.  */
| #ifdef __cplusplus
| extern "C"
| #endif
| char sqrt ();
| /* The GNU C library defines this for functions which it implements
|     to always fail with ENOSYS.  Some functions are actually named
|     something starting with __ and the normal name is an alias.  */
| #if defined __stub_sqrt || defined __stub___sqrt
| choke me
| #endif
| 
| int
| main ()
| {
| return sqrt ();
|   ;
|   return 0;
| }
configure:17333: result: no
configure:17333: checking for strcasecmp
configure:17333: gcc -o conftest -g -O2   conftest.c  >&5
conftest.c:68:6: warning: conflicting types for built-in function 'strcasecmp'
 char strcasecmp ();
      ^
configure:17333: $? = 0
configure:17333: result: yes
configure:17333: checking for strerror
configure:17333: gcc -o conftest -g -O2   conftest.c  >&5
configure:17333: $? = 0
configure:17333: result: yes
configure:17333: checking for strncasecmp
configure:17333: gcc -o conftest -g -O2   conftest.c  >&5
conftest.c:70:6: warning: conflicting types for built-in function 'strncasecmp'
 char strncasecmp ();
      ^
configure:17333: $? = 0
configure:17333: result: yes
configure:17333: checking for strstr
configure:17333: gcc -o conftest -g -O2   conftest.c  >&5
conftest.c:71:6: warning: conflicting types for built-in function 'strstr'
 char strstr ();
      ^
configure:17333: $? = 0
configure:17333: result: yes
configure:17333: checking for strerror
configure:17333: result: yes
configure:17365: checking for sqlite3_prepare_v2 in -lsqlite3
configure:17390: gcc -o conftest -g -O2   conftest.c -lsqlite3 -lm  >&5
configure:17390: $? = 0
configure:17399: result: yes
configure:17412: checking for inflateInit_ in -lz
configure:17437: gcc -o conftest -g -O2   conftest.c -lz -lm -lsqlite3  >&5
configure:17437: $? = 0
configure:17446: result: yes
configure:17459: checking for jpeg_start_compress in -ljpeg
configure:17484: gcc -o conftest -g -O2   conftest.c -ljpeg -lm -lz -lsqlite3  >&5
configure:17484: $? = 0
configure:17493: result: yes
configure:17506: checking for DGifSlurp in -lgif
configure:17531: gcc -o conftest -g -O2   conftest.c -lgif -lm -ljpeg -lz -lsqlite3  >&5
configure:17531: $? = 0
configure:17540: result: yes
configure:17553: checking for TIFFClientOpen in -ltiff
configure:17578: gcc -o conftest -g -O2   conftest.c -ltiff -lm -lgif -ljpeg -lz -lsqlite3  >&5
configure:17578: $? = 0
configure:17587: result: yes
configure:17600: checking for GTIFSetFromProj4 in -lgeotiff
configure:17625: gcc -o conftest -g -O2   conftest.c -lgeotiff -lm -ltiff -lgif -ljpeg -lz -lsqlite3  >&5
configure:17625: $? = 0
configure:17634: result: yes
configure:17659: checking for arm-linux-eabi-pkg-config
configure:17692: result: no
configure:17702: checking for pkg-config
configure:17720: found /usr/bin/pkg-config
configure:17732: result: /usr/bin/pkg-config
configure:17757: checking pkg-config is at least version 0.9.0
configure:17760: result: yes
configure:17770: checking for LIBPNG
configure:17777: $PKG_CONFIG --exists --print-errors "libpng"
configure:17780: $? = 0
configure:17794: $PKG_CONFIG --exists --print-errors "libpng"
configure:17797: $? = 0
configure:17835: result: yes
configure:17860: checking openjpeg-2.0/openjpeg.h usability
configure:17860: gcc -c -g -O2  conftest.c >&5
configure:17860: $? = 0
configure:17860: result: yes
configure:17860: checking openjpeg-2.0/openjpeg.h presence
configure:17860: gcc -E  conftest.c
configure:17860: $? = 0
configure:17860: result: yes
configure:17860: checking for openjpeg-2.0/openjpeg.h
configure:17860: result: yes
configure:17872: checking openjpeg-2.1/openjpeg.h usability
configure:17872: gcc -c -g -O2  conftest.c >&5
conftest.c:91:35: fatal error: openjpeg-2.1/openjpeg.h: No such file or directory
 #include <openjpeg-2.1/openjpeg.h>
                                   ^
compilation terminated.
configure:17872: $? = 1
configure: failed program was:
| /* confdefs.h */
| #define PACKAGE_NAME "librasterlite2"
| #define PACKAGE_TARNAME "librasterlite2"
| #define PACKAGE_VERSION "1.0.0-rc1"
| #define PACKAGE_STRING "librasterlite2 1.0.0-rc1"
| #define PACKAGE_BUGREPORT "a.furieri@lqt.it"
| #define PACKAGE_URL ""
| #define PACKAGE "librasterlite2"
| #define VERSION "1.0.0-rc1"
| #define _LARGE_FILE 1
| #define _FILE_OFFSET_BITS 64
| #define _LARGEFILE_SOURCE 1
| #define NDEBUG 1
| #define STDC_HEADERS 1
| #define HAVE_SYS_TYPES_H 1
| #define HAVE_SYS_STAT_H 1
| #define HAVE_STDLIB_H 1
| #define HAVE_STRING_H 1
| #define HAVE_MEMORY_H 1
| #define HAVE_STRINGS_H 1
| #define HAVE_INTTYPES_H 1
| #define HAVE_STDINT_H 1
| #define HAVE_UNISTD_H 1
| #define HAVE_STDLIB_H 1
| #define HAVE_STDIO_H 1
| #define HAVE_STRING_H 1
| #define HAVE_MEMORY_H 1
| #define HAVE_MATH_H 1
| #define HAVE_FLOAT_H 1
| #define HAVE_JPEGLIB_H 1
| #define HAVE_JERROR_H 1
| #define HAVE_PNG_H 1
| #define HAVE_SQLITE3_H 1
| #define HAVE_SQLITE3EXT_H 1
| #define HAVE_ZLIB_H 1
| #define HAVE_GIF_LIB_H 1
| #define HAVE_GEOTIFF_H 1
| #define HAVE_DLFCN_H 1
| #define LT_OBJDIR ".libs/"
| #define TIME_WITH_SYS_TIME 1
| #define HAVE_LSTAT_EMPTY_STRING_BUG 1
| #define HAVE_STAT_EMPTY_STRING_BUG 1
| #define HAVE_STRFTIME 1
| #define HAVE_STRCASECMP 1
| #define HAVE_STRERROR 1
| #define HAVE_STRNCASECMP 1
| #define HAVE_STRSTR 1
| #define HAVE_STRERROR 1
| #define TARGET_CPU "x86_64-linux-gnu"
| #define HAVE_LIBSQLITE3 1
| #define HAVE_LIBZ 1
| #define HAVE_LIBJPEG 1
| #define HAVE_LIBGIF 1
| #define HAVE_LIBTIFF 1
| #define HAVE_LIBGEOTIFF 1
| #define HAVE_OPENJPEG_2_0_OPENJPEG_H 1
| /* end confdefs.h.  */
| #include <stdio.h>
| #ifdef HAVE_SYS_TYPES_H
| # include <sys/types.h>
| #endif
| #ifdef HAVE_SYS_STAT_H
| # include <sys/stat.h>
| #endif
| #ifdef STDC_HEADERS
| # include <stdlib.h>
| # include <stddef.h>
| #else
| # ifdef HAVE_STDLIB_H
| #  include <stdlib.h>
| # endif
| #endif
| #ifdef HAVE_STRING_H
| # if !defined STDC_HEADERS && defined HAVE_MEMORY_H
| #  include <memory.h>
| # endif
| # include <string.h>
| #endif
| #ifdef HAVE_STRINGS_H
| # include <strings.h>
| #endif
| #ifdef HAVE_INTTYPES_H
| # include <inttypes.h>
| #endif
| #ifdef HAVE_STDINT_H
| # include <stdint.h>
| #endif
| #ifdef HAVE_UNISTD_H
| # include <unistd.h>
| #endif
| #include <openjpeg-2.1/openjpeg.h>
configure:17872: result: no
configure:17872: checking openjpeg-2.1/openjpeg.h presence
configure:17872: gcc -E  conftest.c
conftest.c:58:35: fatal error: openjpeg-2.1/openjpeg.h: No such file or directory
 #include <openjpeg-2.1/openjpeg.h>
                                   ^
compilation terminated.
configure:17872: $? = 1
configure: failed program was:
| /* confdefs.h */
| #define PACKAGE_NAME "librasterlite2"
| #define PACKAGE_TARNAME "librasterlite2"
| #define PACKAGE_VERSION "1.0.0-rc1"
| #define PACKAGE_STRING "librasterlite2 1.0.0-rc1"
| #define PACKAGE_BUGREPORT "a.furieri@lqt.it"
| #define PACKAGE_URL ""
| #define PACKAGE "librasterlite2"
| #define VERSION "1.0.0-rc1"
| #define _LARGE_FILE 1
| #define _FILE_OFFSET_BITS 64
| #define _LARGEFILE_SOURCE 1
| #define NDEBUG 1
| #define STDC_HEADERS 1
| #define HAVE_SYS_TYPES_H 1
| #define HAVE_SYS_STAT_H 1
| #define HAVE_STDLIB_H 1
| #define HAVE_STRING_H 1
| #define HAVE_MEMORY_H 1
| #define HAVE_STRINGS_H 1
| #define HAVE_INTTYPES_H 1
| #define HAVE_STDINT_H 1
| #define HAVE_UNISTD_H 1
| #define HAVE_STDLIB_H 1
| #define HAVE_STDIO_H 1
| #define HAVE_STRING_H 1
| #define HAVE_MEMORY_H 1
| #define HAVE_MATH_H 1
| #define HAVE_FLOAT_H 1
| #define HAVE_JPEGLIB_H 1
| #define HAVE_JERROR_H 1
| #define HAVE_PNG_H 1
| #define HAVE_SQLITE3_H 1
| #define HAVE_SQLITE3EXT_H 1
| #define HAVE_ZLIB_H 1
| #define HAVE_GIF_LIB_H 1
| #define HAVE_GEOTIFF_H 1
| #define HAVE_DLFCN_H 1
| #define LT_OBJDIR ".libs/"
| #define TIME_WITH_SYS_TIME 1
| #define HAVE_LSTAT_EMPTY_STRING_BUG 1
| #define HAVE_STAT_EMPTY_STRING_BUG 1
| #define HAVE_STRFTIME 1
| #define HAVE_STRCASECMP 1
| #define HAVE_STRERROR 1
| #define HAVE_STRNCASECMP 1
| #define HAVE_STRSTR 1
| #define HAVE_STRERROR 1
| #define TARGET_CPU "x86_64-linux-gnu"
| #define HAVE_LIBSQLITE3 1
| #define HAVE_LIBZ 1
| #define HAVE_LIBJPEG 1
| #define HAVE_LIBGIF 1
| #define HAVE_LIBTIFF 1
| #define HAVE_LIBGEOTIFF 1
| #define HAVE_OPENJPEG_2_0_OPENJPEG_H 1
| /* end confdefs.h.  */
| #include <openjpeg-2.1/openjpeg.h>
configure:17872: result: no
configure:17872: checking for openjpeg-2.1/openjpeg.h
configure:17872: result: no
configure:17887: checking for opj_create_decompress in -lopenjp2
configure:17912: gcc -o conftest -g -O2   conftest.c -lopenjp2 -lm -lgeotiff -ltiff -lgif -ljpeg -lz -lsqlite3  >&5
configure:17912: $? = 0
configure:17921: result: yes
configure:17950: gcc -c -g -O2  conftest.c >&5
In file included from /usr/local/include/openjpeg-2.0/openjpeg.h:92:0,
                 from conftest.c:62:
/usr/local/include/openjpeg-2.0/opj_stdint.h:46:9: error: unknown type name 'size_t'
 typedef size_t        OPJ_SIZE_T;
         ^
In file included from conftest.c:62:0:
/usr/local/include/openjpeg-2.0/openjpeg.h:1052:75: error: unknown type name 'FILE'
 OPJ_API opj_stream_t* OPJ_CALLCONV opj_stream_create_default_file_stream (FILE * p_file, OPJ_BOOL p_is_read_stream);
                                                                           ^
/usr/local/include/openjpeg-2.0/openjpeg.h:1060:67: error: unknown type name 'FILE'
 OPJ_API opj_stream_t* OPJ_CALLCONV opj_stream_create_file_stream (FILE * p_file, OPJ_SIZE_T p_buffer_size, OPJ_BOOL p_is_read_stream);
                                                                   ^
In file included from conftest.c:62:0:
/usr/local/include/openjpeg-2.0/openjpeg.h:1367:12: error: unknown type name 'FILE'
            FILE* output_stream);
            ^
conftest.c: In function 'main':
conftest.c:67:60: error: 'NULL' undeclared (first use in this function)
 void *d; opj_stream_t *s; opj_stream_set_user_data (s, &d, NULL);
                                                            ^
conftest.c:67:60: note: each undeclared identifier is reported only once for each function it appears in
conftest.c:67:27: error: too many arguments to function 'opj_stream_set_user_data'
 void *d; opj_stream_t *s; opj_stream_set_user_data (s, &d, NULL);
                           ^
In file included from conftest.c:62:0:
/usr/local/include/openjpeg-2.0/openjpeg.h:1036:27: note: declared here
 OPJ_API void OPJ_CALLCONV opj_stream_set_user_data (opj_stream_t* p_stream, void * p_data);
                           ^
configure:17950: $? = 1
configure: failed program was:
| /* confdefs.h */
| #define PACKAGE_NAME "librasterlite2"
| #define PACKAGE_TARNAME "librasterlite2"
| #define PACKAGE_VERSION "1.0.0-rc1"
| #define PACKAGE_STRING "librasterlite2 1.0.0-rc1"
| #define PACKAGE_BUGREPORT "a.furieri@lqt.it"
| #define PACKAGE_URL ""
| #define PACKAGE "librasterlite2"
| #define VERSION "1.0.0-rc1"
| #define _LARGE_FILE 1
| #define _FILE_OFFSET_BITS 64
| #define _LARGEFILE_SOURCE 1
| #define NDEBUG 1
| #define STDC_HEADERS 1
| #define HAVE_SYS_TYPES_H 1
| #define HAVE_SYS_STAT_H 1
| #define HAVE_STDLIB_H 1
| #define HAVE_STRING_H 1
| #define HAVE_MEMORY_H 1
| #define HAVE_STRINGS_H 1
| #define HAVE_INTTYPES_H 1
| #define HAVE_STDINT_H 1
| #define HAVE_UNISTD_H 1
| #define HAVE_STDLIB_H 1
| #define HAVE_STDIO_H 1
| #define HAVE_STRING_H 1
| #define HAVE_MEMORY_H 1
| #define HAVE_MATH_H 1
| #define HAVE_FLOAT_H 1
| #define HAVE_JPEGLIB_H 1
| #define HAVE_JERROR_H 1
| #define HAVE_PNG_H 1
| #define HAVE_SQLITE3_H 1
| #define HAVE_SQLITE3EXT_H 1
| #define HAVE_ZLIB_H 1
| #define HAVE_GIF_LIB_H 1
| #define HAVE_GEOTIFF_H 1
| #define HAVE_DLFCN_H 1
| #define LT_OBJDIR ".libs/"
| #define TIME_WITH_SYS_TIME 1
| #define HAVE_LSTAT_EMPTY_STRING_BUG 1
| #define HAVE_STAT_EMPTY_STRING_BUG 1
| #define HAVE_STRFTIME 1
| #define HAVE_STRCASECMP 1
| #define HAVE_STRERROR 1
| #define HAVE_STRNCASECMP 1
| #define HAVE_STRSTR 1
| #define HAVE_STRERROR 1
| #define TARGET_CPU "x86_64-linux-gnu"
| #define HAVE_LIBSQLITE3 1
| #define HAVE_LIBZ 1
| #define HAVE_LIBJPEG 1
| #define HAVE_LIBGIF 1
| #define HAVE_LIBTIFF 1
| #define HAVE_LIBGEOTIFF 1
| #define HAVE_OPENJPEG_2_0_OPENJPEG_H 1
| #define HAVE_LIBOPENJP2 1
| /* end confdefs.h.  */
| #ifdef HAVE_OPENJPEG_2_1_OPENJPEG_H
|                                        #include <openjpeg-2.1/openjpeg.h>
|                                        #else
|                                        #include <openjpeg-2.0/openjpeg.h>
|                                        #endif
| int
| main ()
| {
| void *d; opj_stream_t *s; opj_stream_set_user_data (s, &d, NULL);
|   ;
|   return 0;
| }
configure:17958: result: no
configure:17982: checking for LIBWEBP
configure:17989: $PKG_CONFIG --exists --print-errors "libwebp"
configure:17992: $? = 0
configure:18006: $PKG_CONFIG --exists --print-errors "libwebp"
configure:18009: $? = 0
configure:18047: result: yes
configure:18072: checking for LIBLZMA
configure:18079: $PKG_CONFIG --exists --print-errors "liblzma"
configure:18082: $? = 0
configure:18096: $PKG_CONFIG --exists --print-errors "liblzma"
configure:18099: $? = 0
configure:18137: result: yes
configure:18162: checking CharLS/interface.h usability
configure:18162: gcc -c -g -O2  conftest.c >&5
configure:18162: $? = 0
configure:18162: result: yes
configure:18162: checking CharLS/interface.h presence
configure:18162: gcc -E  conftest.c
configure:18162: $? = 0
configure:18162: result: yes
configure:18162: checking for CharLS/interface.h
configure:18162: result: yes
configure:18174: checking for JpegLsEncode in -lCharLS
configure:18199: gcc -o conftest -g -O2   conftest.c -lCharLS -lm -lopenjp2 -lgeotiff -ltiff -lgif -ljpeg -lz -lsqlite3  >&5
configure:18199: $? = 0
configure:18208: result: yes
configure:18229: checking for LIBSPATIALITE
configure:18236: $PKG_CONFIG --exists --print-errors "spatialite"
configure:18239: $? = 0
configure:18253: $PKG_CONFIG --exists --print-errors "spatialite"
configure:18256: $? = 0
configure:18294: result: yes
configure:18303: checking for LIBCAIRO
configure:18310: $PKG_CONFIG --exists --print-errors "cairo"
configure:18313: $? = 0
configure:18327: $PKG_CONFIG --exists --print-errors "cairo"
configure:18330: $? = 0
configure:18368: result: yes
configure:18377: checking for LIBCURL
configure:18384: $PKG_CONFIG --exists --print-errors "libcurl"
configure:18387: $? = 0
configure:18401: $PKG_CONFIG --exists --print-errors "libcurl"
configure:18404: $? = 0
configure:18442: result: yes
configure:18451: checking for LIBXML2
configure:18458: $PKG_CONFIG --exists --print-errors "libxml-2.0"
configure:18461: $? = 0
configure:18475: $PKG_CONFIG --exists --print-errors "libxml-2.0"
configure:18478: $? = 0
configure:18516: result: yes
configure:18641: checking that generated files are newer than configure
configure:18647: result: done
configure:18686: creating ./config.status

## ---------------------- ##
## Running config.status. ##
## ---------------------- ##

This file was extended by librasterlite2 config.status 1.0.0-rc1, which was
generated by GNU Autoconf 2.69.  Invocation command line was

  CONFIG_FILES    = 
  CONFIG_HEADERS  = 
  CONFIG_LINKS    = 
  CONFIG_COMMANDS = 
  $ ./config.status 

on mj10777-01-l

config.status:1217: creating Makefile
config.status:1217: creating headers/Makefile
config.status:1217: creating src/Makefile
config.status:1217: creating test/Makefile
config.status:1217: creating test/sql_stmt_tests/Makefile
config.status:1217: creating test/sql_stmt_security_tests/Makefile
config.status:1217: creating tools/Makefile
config.status:1217: creating Doxyfile
config.status:1217: creating rasterlite2.pc
config.status:1217: creating config.h
config.status:1446: executing depfiles commands
config.status:1446: executing libtool commands

## ---------------- ##
## Cache variables. ##
## ---------------- ##

ac_cv_build=x86_64-pc-linux-gnu
ac_cv_c_compiler_gnu=yes
ac_cv_c_const=yes
ac_cv_c_volatile=yes
ac_cv_cxx_compiler_gnu=yes
ac_cv_env_CCC_set=
ac_cv_env_CCC_value=
ac_cv_env_CC_set=
ac_cv_env_CC_value=
ac_cv_env_CFLAGS_set=
ac_cv_env_CFLAGS_value=
ac_cv_env_CPPFLAGS_set=
ac_cv_env_CPPFLAGS_value=
ac_cv_env_CPP_set=
ac_cv_env_CPP_value=
ac_cv_env_CXXCPP_set=
ac_cv_env_CXXCPP_value=
ac_cv_env_CXXFLAGS_set=
ac_cv_env_CXXFLAGS_value=
ac_cv_env_CXX_set=
ac_cv_env_CXX_value=
ac_cv_env_LDFLAGS_set=
ac_cv_env_LDFLAGS_value=
ac_cv_env_LIBCAIRO_CFLAGS_set=
ac_cv_env_LIBCAIRO_CFLAGS_value=
ac_cv_env_LIBCAIRO_LIBS_set=
ac_cv_env_LIBCAIRO_LIBS_value=
ac_cv_env_LIBCURL_CFLAGS_set=
ac_cv_env_LIBCURL_CFLAGS_value=
ac_cv_env_LIBCURL_LIBS_set=
ac_cv_env_LIBCURL_LIBS_value=
ac_cv_env_LIBLZMA_CFLAGS_set=
ac_cv_env_LIBLZMA_CFLAGS_value=
ac_cv_env_LIBLZMA_LIBS_set=
ac_cv_env_LIBLZMA_LIBS_value=
ac_cv_env_LIBPNG_CFLAGS_set=
ac_cv_env_LIBPNG_CFLAGS_value=
ac_cv_env_LIBPNG_LIBS_set=
ac_cv_env_LIBPNG_LIBS_value=
ac_cv_env_LIBSPATIALITE_CFLAGS_set=
ac_cv_env_LIBSPATIALITE_CFLAGS_value=
ac_cv_env_LIBSPATIALITE_LIBS_set=
ac_cv_env_LIBSPATIALITE_LIBS_value=
ac_cv_env_LIBS_set=
ac_cv_env_LIBS_value=
ac_cv_env_LIBWEBP_CFLAGS_set=
ac_cv_env_LIBWEBP_CFLAGS_value=
ac_cv_env_LIBWEBP_LIBS_set=
ac_cv_env_LIBWEBP_LIBS_value=
ac_cv_env_LIBXML2_CFLAGS_set=
ac_cv_env_LIBXML2_CFLAGS_value=
ac_cv_env_LIBXML2_LIBS_set=
ac_cv_env_LIBXML2_LIBS_value=
ac_cv_env_PKG_CONFIG_LIBDIR_set=
ac_cv_env_PKG_CONFIG_LIBDIR_value=
ac_cv_env_PKG_CONFIG_PATH_set=
ac_cv_env_PKG_CONFIG_PATH_value=
ac_cv_env_PKG_CONFIG_set=
ac_cv_env_PKG_CONFIG_value=
ac_cv_env_build_alias_set=set
ac_cv_env_build_alias_value=x86_64-pc-linux-gnu
ac_cv_env_host_alias_set=set
ac_cv_env_host_alias_value=arm-linux-eabi
ac_cv_env_target_alias_set=
ac_cv_env_target_alias_value=
ac_cv_func_lstat_dereferences_slashed_symlink=no
ac_cv_func_lstat_empty_string_bug=yes
ac_cv_func_memcmp_working=no
ac_cv_func_sqrt=no
ac_cv_func_stat_empty_string_bug=yes
ac_cv_func_strcasecmp=yes
ac_cv_func_strerror=yes
ac_cv_func_strftime=yes
ac_cv_func_strncasecmp=yes
ac_cv_func_strstr=yes
ac_cv_header_CharLS_interface_h=yes
ac_cv_header_dlfcn_h=yes
ac_cv_header_float_h=yes
ac_cv_header_geotiff_geotiff_h=no
ac_cv_header_geotiff_h=yes
ac_cv_header_gif_lib_h=yes
ac_cv_header_inttypes_h=yes
ac_cv_header_jerror_h=yes
ac_cv_header_jpeglib_h=yes
ac_cv_header_libgeotiff_geotiff_h=no
ac_cv_header_math_h=yes
ac_cv_header_memory_h=yes
ac_cv_header_openjpeg_2_0_openjpeg_h=yes
ac_cv_header_openjpeg_2_1_openjpeg_h=no
ac_cv_header_png_h=yes
ac_cv_header_sqlite3_h=yes
ac_cv_header_sqlite3ext_h=yes
ac_cv_header_stdc=yes
ac_cv_header_stdint_h=yes
ac_cv_header_stdio_h=yes
ac_cv_header_stdlib_h=yes
ac_cv_header_string_h=yes
ac_cv_header_strings_h=yes
ac_cv_header_sys_stat_h=yes
ac_cv_header_sys_types_h=yes
ac_cv_header_time=yes
ac_cv_header_unistd_h=yes
ac_cv_header_zlib_h=yes
ac_cv_host=arm-linux-eabi
ac_cv_lib_CharLS_JpegLsEncode=yes
ac_cv_lib_geotiff_GTIFSetFromProj4=yes
ac_cv_lib_gif_DGifSlurp=yes
ac_cv_lib_jpeg_jpeg_start_compress=yes
ac_cv_lib_openjp2_opj_create_decompress=yes
ac_cv_lib_sqlite3_sqlite3_prepare_v2=yes
ac_cv_lib_tiff_TIFFClientOpen=yes
ac_cv_lib_z_inflateInit_=yes
ac_cv_objext=o
ac_cv_path_EGREP='/bin/grep -E'
ac_cv_path_FGREP='/bin/grep -F'
ac_cv_path_GREP=/bin/grep
ac_cv_path_SED=/bin/sed
ac_cv_path_ac_pt_PKG_CONFIG=/usr/bin/pkg-config
ac_cv_path_install='/usr/bin/install -c'
ac_cv_path_mkdir=/bin/mkdir
ac_cv_prog_AWK=gawk
ac_cv_prog_CC=gcc
ac_cv_prog_CPP='gcc -E'
ac_cv_prog_CXXCPP='g++ -E'
ac_cv_prog_DLLTOOL=dlltool
ac_cv_prog_OBJDUMP=objdump
ac_cv_prog_STRIP=strip
ac_cv_prog_ac_ct_AR=ar
ac_cv_prog_ac_ct_CC=gcc
ac_cv_prog_ac_ct_CXX=g++
ac_cv_prog_ac_ct_DUMPBIN='link -dump'
ac_cv_prog_ac_ct_MANIFEST_TOOL=mt
ac_cv_prog_ac_ct_RANLIB=ranlib
ac_cv_prog_ac_ct_STRIP=strip
ac_cv_prog_cc_c89=
ac_cv_prog_cc_g=yes
ac_cv_prog_cxx_g=yes
ac_cv_prog_make_make_set=yes
ac_cv_struct_tm=time.h
ac_cv_type_off_t=yes
ac_cv_type_size_t=yes
am_cv_CC_dependencies_compiler_type=gcc3
am_cv_CXX_dependencies_compiler_type=gcc3
am_cv_make_support_nested_variables=yes
am_cv_prog_cc_c_o=yes
lt_cv_ar_at_file=@
lt_cv_archive_cmds_need_lc=no
lt_cv_deplibs_check_method=unknown
lt_cv_file_magic_cmd='$MAGIC_CMD'
lt_cv_file_magic_test_file=
lt_cv_ld_reload_flag=-r
lt_cv_nm_interface='BSD nm'
lt_cv_objdir=.libs
lt_cv_path_LD=/usr/bin/ld
lt_cv_path_LDCXX=/usr/bin/ld
lt_cv_path_NM=no
lt_cv_path_mainfest_tool=no
lt_cv_prog_compiler_c_o=yes
lt_cv_prog_compiler_c_o_CXX=yes
lt_cv_prog_compiler_pic='-fPIC -DPIC'
lt_cv_prog_compiler_pic_CXX='-fPIC -DPIC'
lt_cv_prog_compiler_pic_works=yes
lt_cv_prog_compiler_pic_works_CXX=yes
lt_cv_prog_compiler_rtti_exceptions=no
lt_cv_prog_compiler_static_works=yes
lt_cv_prog_compiler_static_works_CXX=yes
lt_cv_prog_gnu_ld=yes
lt_cv_prog_gnu_ldcxx=yes
lt_cv_sharedlib_from_linklib_cmd='printf %s\n'
lt_cv_sys_global_symbol_pipe='sed -n -e '\''s/^.*[	 ]\([ABCDGIRSTW][ABCDGIRSTW]*\)[	 ][	 ]*\([_A-Za-z][_A-Za-z0-9]*\)$/\1 \2 \2/p'\'' | sed '\''/ __gnu_lto/d'\'''
lt_cv_sys_global_symbol_to_c_name_address='sed -n -e '\''s/^: \([^ ]*\)[ ]*$/  {\"\1\", (void *) 0},/p'\'' -e '\''s/^[ABCDGIRSTW]* \([^ ]*\) \([^ ]*\)$/  {"\2", (void *) \&\2},/p'\'''
lt_cv_sys_global_symbol_to_c_name_address_lib_prefix='sed -n -e '\''s/^: \([^ ]*\)[ ]*$/  {\"\1\", (void *) 0},/p'\'' -e '\''s/^[ABCDGIRSTW]* \([^ ]*\) \(lib[^ ]*\)$/  {"\2", (void *) \&\2},/p'\'' -e '\''s/^[ABCDGIRSTW]* \([^ ]*\) \([^ ]*\)$/  {"lib\2", (void *) \&\2},/p'\'''
lt_cv_sys_global_symbol_to_cdecl='sed -n -e '\''s/^T .* \(.*\)$/extern int \1();/p'\'' -e '\''s/^[ABCDGIRSTW]* .* \(.*\)$/extern char \1;/p'\'''
lt_cv_sys_max_cmd_len=1572864
lt_cv_to_host_file_cmd=func_convert_file_noop
lt_cv_to_tool_file_cmd=func_convert_file_noop
pkg_cv_LIBCAIRO_CFLAGS='-I/usr/local/include/freetype2 -I/usr/local/include -I/usr/local/include/libpng16 -I/usr/include/cairo -I/usr/include/glib-2.0 -I/usr/lib/x86_64-linux-gnu/glib-2.0/include -I/usr/include/pixman-1 -I/usr/include/freetype2 '
pkg_cv_LIBCAIRO_LIBS='-lcairo '
pkg_cv_LIBCURL_CFLAGS='-I/usr/local/include '
pkg_cv_LIBCURL_LIBS='-L/usr/local/lib -lcurl '
pkg_cv_LIBLZMA_CFLAGS=
pkg_cv_LIBLZMA_LIBS='-llzma '
pkg_cv_LIBPNG_CFLAGS='-I/usr/local/include/libpng16 '
pkg_cv_LIBPNG_LIBS='-L/usr/local/lib -lpng16 '
pkg_cv_LIBSPATIALITE_CFLAGS='-I/usr/local/include '
pkg_cv_LIBSPATIALITE_LIBS='-L/usr/local/lib -lspatialite -lsqlite3 -lm -lz '
pkg_cv_LIBWEBP_CFLAGS='-I/usr/local/include '
pkg_cv_LIBWEBP_LIBS='-L/usr/local/lib -lwebp '
pkg_cv_LIBXML2_CFLAGS='-I/usr/include/libxml2 '
pkg_cv_LIBXML2_LIBS='-lxml2 '

## ----------------- ##
## Output variables. ##
## ----------------- ##

ACLOCAL='${SHELL} /home/mj10777/000_links/geopaparazzi/geopaparazzi.eu/libjsqlite-spatialite-android/libjsqlite-spatialite-android/spatialite-android-library/jni/librasterlite2-4.2.1/missing aclocal-1.14'
AMDEPBACKSLASH='\'
AMDEP_FALSE='#'
AMDEP_TRUE=''
AMTAR='$${TAR-tar}'
AM_BACKSLASH='\'
AM_DEFAULT_V='$(AM_DEFAULT_VERBOSITY)'
AM_DEFAULT_VERBOSITY='1'
AM_V='$(V)'
AR='ar'
AS='as'
AUTOCONF='${SHELL} /home/mj10777/000_links/geopaparazzi/geopaparazzi.eu/libjsqlite-spatialite-android/libjsqlite-spatialite-android/spatialite-android-library/jni/librasterlite2-4.2.1/missing autoconf'
AUTOHEADER='${SHELL} /home/mj10777/000_links/geopaparazzi/geopaparazzi.eu/libjsqlite-spatialite-android/libjsqlite-spatialite-android/spatialite-android-library/jni/librasterlite2-4.2.1/missing autoheader'
AUTOMAKE='${SHELL} /home/mj10777/000_links/geopaparazzi/geopaparazzi.eu/libjsqlite-spatialite-android/libjsqlite-spatialite-android/spatialite-android-library/jni/librasterlite2-4.2.1/missing automake-1.14'
AWK='gawk'
CC='gcc'
CCDEPMODE='depmode=gcc3'
CFLAGS='-g -O2'
CPP='gcc -E'
CPPFLAGS=''
CXX='g++'
CXXCPP='g++ -E'
CXXDEPMODE='depmode=gcc3'
CXXFLAGS='-g -O2'
CYGPATH_W='echo'
DEFS='-DHAVE_CONFIG_H'
DEPDIR='.deps'
DLLTOOL='dlltool'
DSYMUTIL=''
DUMPBIN=':'
ECHO_C=''
ECHO_N='-n'
ECHO_T=''
EGREP='/bin/grep -E'
EXEEXT=''
FGREP='/bin/grep -F'
GREP='/bin/grep'
INSTALL_DATA='${INSTALL} -m 644'
INSTALL_PROGRAM='${INSTALL}'
INSTALL_SCRIPT='${INSTALL}'
INSTALL_STRIP_PROGRAM='$(install_sh) -c -s'
LD='/usr/bin/ld'
LDFLAGS=''
LIBCAIRO_CFLAGS='-I/usr/local/include/freetype2 -I/usr/local/include -I/usr/local/include/libpng16 -I/usr/include/cairo -I/usr/include/glib-2.0 -I/usr/lib/x86_64-linux-gnu/glib-2.0/include -I/usr/include/pixman-1 -I/usr/include/freetype2 '
LIBCAIRO_LIBS='-lcairo '
LIBCURL_CFLAGS='-I/usr/local/include '
LIBCURL_LIBS='-L/usr/local/lib -lcurl '
LIBLZMA_CFLAGS=''
LIBLZMA_LIBS='-llzma '
LIBOBJS=' ${LIBOBJDIR}lstat$U.o ${LIBOBJDIR}memcmp$U.o ${LIBOBJDIR}stat$U.o'
LIBPNG_CFLAGS='-I/usr/local/include/libpng16 '
LIBPNG_LIBS='-L/usr/local/lib -lpng16 '
LIBS='-lCharLS -lopenjp2 -lgeotiff -ltiff -lgif -ljpeg -lz -lsqlite3 '
LIBSPATIALITE_CFLAGS='-I/usr/local/include '
LIBSPATIALITE_LIBS='-L/usr/local/lib -lspatialite -lsqlite3 -lm -lz '
LIBTOOL='$(SHELL) $(top_builddir)/libtool'
LIBWEBP_CFLAGS='-I/usr/local/include '
LIBWEBP_LIBS='-L/usr/local/lib -lwebp '
LIBXML2_CFLAGS='-I/usr/include/libxml2 '
LIBXML2_LIBS='-lxml2 '
LIPO=''
LN_S='ln -s'
LTLIBOBJS=' ${LIBOBJDIR}lstat$U.lo ${LIBOBJDIR}memcmp$U.lo ${LIBOBJDIR}stat$U.lo'
MAINT='#'
MAINTAINER_MODE_FALSE=''
MAINTAINER_MODE_TRUE='#'
MAKEINFO='${SHELL} /home/mj10777/000_links/geopaparazzi/geopaparazzi.eu/libjsqlite-spatialite-android/libjsqlite-spatialite-android/spatialite-android-library/jni/librasterlite2-4.2.1/missing makeinfo'
MANIFEST_TOOL=':'
MINGW_FALSE=''
MINGW_TRUE='#'
MKDIR_P='/bin/mkdir -p'
NM='nm'
NMEDIT=''
OBJDUMP='objdump'
OBJEXT='o'
OTOOL64=''
OTOOL=''
PACKAGE='librasterlite2'
PACKAGE_BUGREPORT='a.furieri@lqt.it'
PACKAGE_NAME='librasterlite2'
PACKAGE_STRING='librasterlite2 1.0.0-rc1'
PACKAGE_TARNAME='librasterlite2'
PACKAGE_URL=''
PACKAGE_VERSION='1.0.0-rc1'
PATH_SEPARATOR=':'
PKG_CONFIG='/usr/bin/pkg-config'
PKG_CONFIG_LIBDIR=''
PKG_CONFIG_PATH=''
RANLIB='ranlib'
SED='/bin/sed'
SET_MAKE=''
SHELL='/bin/bash'
STRIP='strip'
VERSION='1.0.0-rc1'
ac_ct_AR='ar'
ac_ct_CC='gcc'
ac_ct_CXX='g++'
ac_ct_DUMPBIN='link -dump'
am__EXEEXT_FALSE=''
am__EXEEXT_TRUE='#'
am__fastdepCC_FALSE='#'
am__fastdepCC_TRUE=''
am__fastdepCXX_FALSE='#'
am__fastdepCXX_TRUE=''
am__include='include'
am__isrc=''
am__leading_dot='.'
am__nodep='_no'
am__quote=''
am__tar='$${TAR-tar} chof - "$$tardir"'
am__untar='$${TAR-tar} xf -'
bindir='${exec_prefix}/bin'
build='x86_64-pc-linux-gnu'
build_alias='x86_64-pc-linux-gnu'
build_cpu='x86_64'
build_os='linux-gnu'
build_vendor='pc'
datadir='${datarootdir}'
datarootdir='${prefix}/share'
docdir='${datarootdir}/doc/${PACKAGE_TARNAME}'
dvidir='${docdir}'
exec_prefix='${prefix}'
host='arm-linux-eabi'
host_alias='arm-linux-eabi'
host_cpu='arm'
host_os='eabi'
host_vendor='linux'
htmldir='${docdir}'
includedir='${prefix}/include'
infodir='${datarootdir}/info'
install_sh='${SHELL} /home/mj10777/000_links/geopaparazzi/geopaparazzi.eu/libjsqlite-spatialite-android/libjsqlite-spatialite-android/spatialite-android-library/jni/librasterlite2-4.2.1/install-sh'
libdir='${exec_prefix}/lib'
libexecdir='${exec_prefix}/libexec'
localedir='${datarootdir}/locale'
localstatedir='${prefix}/var'
mandir='${datarootdir}/man'
mkdir_p='$(MKDIR_P)'
oldincludedir='/usr/include'
pdfdir='${docdir}'
prefix='/usr/local'
program_transform_name='s,x,x,'
psdir='${docdir}'
sbindir='${exec_prefix}/sbin'
sharedstatedir='${prefix}/com'
sysconfdir='${prefix}/etc'
target_alias=''

## ----------- ##
## confdefs.h. ##
## ----------- ##

/* confdefs.h */
#define PACKAGE_NAME "librasterlite2"
#define PACKAGE_TARNAME "librasterlite2"
#define PACKAGE_VERSION "1.0.0-rc1"
#define PACKAGE_STRING "librasterlite2 1.0.0-rc1"
#define PACKAGE_BUGREPORT "a.furieri@lqt.it"
#define PACKAGE_URL ""
#define PACKAGE "librasterlite2"
#define VERSION "1.0.0-rc1"
#define _LARGE_FILE 1
#define _FILE_OFFSET_BITS 64
#define _LARGEFILE_SOURCE 1
#define NDEBUG 1
#define STDC_HEADERS 1
#define HAVE_SYS_TYPES_H 1
#define HAVE_SYS_STAT_H 1
#define HAVE_STDLIB_H 1
#define HAVE_STRING_H 1
#define HAVE_MEMORY_H 1
#define HAVE_STRINGS_H 1
#define HAVE_INTTYPES_H 1
#define HAVE_STDINT_H 1
#define HAVE_UNISTD_H 1
#define HAVE_STDLIB_H 1
#define HAVE_STDIO_H 1
#define HAVE_STRING_H 1
#define HAVE_MEMORY_H 1
#define HAVE_MATH_H 1
#define HAVE_FLOAT_H 1
#define HAVE_JPEGLIB_H 1
#define HAVE_JERROR_H 1
#define HAVE_PNG_H 1
#define HAVE_SQLITE3_H 1
#define HAVE_SQLITE3EXT_H 1
#define HAVE_ZLIB_H 1
#define HAVE_GIF_LIB_H 1
#define HAVE_GEOTIFF_H 1
#define HAVE_DLFCN_H 1
#define LT_OBJDIR ".libs/"
#define TIME_WITH_SYS_TIME 1
#define HAVE_LSTAT_EMPTY_STRING_BUG 1
#define HAVE_STAT_EMPTY_STRING_BUG 1
#define HAVE_STRFTIME 1
#define HAVE_STRCASECMP 1
#define HAVE_STRERROR 1
#define HAVE_STRNCASECMP 1
#define HAVE_STRSTR 1
#define HAVE_STRERROR 1
#define TARGET_CPU "x86_64-linux-gnu"
#define HAVE_LIBSQLITE3 1
#define HAVE_LIBZ 1
#define HAVE_LIBJPEG 1
#define HAVE_LIBGIF 1
#define HAVE_LIBTIFF 1
#define HAVE_LIBGEOTIFF 1
#define HAVE_OPENJPEG_2_0_OPENJPEG_H 1
#define HAVE_LIBOPENJP2 1
#define HAVE_CHARLS_INTERFACE_H 1
#define HAVE_LIBCHARLS 1

configure: exit 0
