This file contains any messages produced by compilers while
running configure, to aid debugging if configure makes a mistake.

It was created by configure, which was
generated by GNU Autoconf 2.69.  Invocation command line was

  $ ./configure --build=x86_64-pc-linux-gnu --host=arm-linux-eabi

## --------- ##
## Platform. ##
## --------- ##

hostname = mj10777-01-l
uname -m = x86_64
uname -r = 3.16.0-38-generic
uname -s = Linux
uname -v = #52-Ubuntu SMP Thu May 7 10:51:21 UTC 2015

/usr/bin/uname -p = unknown
/bin/uname -X     = unknown

/bin/arch              = unknown
/usr/bin/arch -k       = unknown
/usr/convex/getsysinfo = unknown
/usr/bin/hostinfo      = unknown
/bin/machine           = unknown
/usr/bin/oslevel       = unknown
/bin/universe          = unknown

PATH: /home/mj10777/bin
PATH: /home/mj10777/000_links/apps_local/bin
PATH: /usr/local/pgsql/bin
PATH: /usr/local/pgsql/bin
PATH: /usr/local/pgsql/bin
PATH: /usr/lib/lightdm/lightdm
PATH: /usr/local/sbin
PATH: /usr/local/bin
PATH: /usr/sbin
PATH: /usr/bin
PATH: /sbin
PATH: /bin
PATH: /usr/games
PATH: /usr/local/Qt-5.5.0/bin
PATH: ~/000_links/gnu_source/adt-bundle-linux/sdk
PATH: ~/000_links/gnu_source/adt-bundle-linux/sdk/tools/home/mj10777/000_links/gnu_source/adt-bundle-linux/sdk/platform-tools
PATH: /home/mj10777/000_links/gnu_source/adt-bundle-linux/sdk/tools
PATH: /home/mj10777/000_links/gnu_source/adt-bundle-linux/android-ndk-r9d
PATH: /home/mj10777/000_links/gnu_source/adt-bundle-linux/apache-ant/bin
PATH: /home/mj10777/000_links/gnu_source/adt-bundle-linux/android-studio/bin


## ----------- ##
## Core tests. ##
## ----------- ##

configure:2511: checking build system type
configure:2525: result: x86_64-pc-linux-gnu
configure:2545: checking host system type
configure:2558: result: arm-linux-eabi
configure:2578: checking target system type
configure:2591: result: arm-linux-eabi
configure:2653: checking for a BSD-compatible install
configure:2721: result: /usr/bin/install -c
configure:2732: checking whether build environment is sane
configure:2787: result: yes
configure:2846: checking for arm-linux-eabi-strip
configure:2876: result: no
configure:2886: checking for strip
configure:2902: found /usr/bin/strip
configure:2913: result: strip
configure:2925: WARNING: using cross tools not prefixed with host triplet
configure:2938: checking for a thread-safe mkdir -p
configure:2977: result: /bin/mkdir -p
configure:2984: checking for gawk
configure:3000: found /usr/bin/gawk
configure:3011: result: gawk
configure:3022: checking whether make sets $(MAKE)
configure:3044: result: yes
configure:3073: checking whether make supports nested variables
configure:3090: result: yes
configure:3209: checking whether to enable maintainer-specific portions of Makefiles
configure:3218: result: no
configure:3241: checking for arm-linux-eabi-gcc
configure:3271: result: no
configure:3281: checking for gcc
configure:3297: found /usr/bin/gcc
configure:3308: result: gcc
configure:3537: checking for C compiler version
configure:3546: gcc --version >&5
gcc (Ubuntu 4.9.1-16ubuntu6) 4.9.1
Copyright (C) 2014 Free Software Foundation, Inc.
This is free software; see the source for copying conditions.  There is NO
warranty; not even for MERCHANTABILITY or FITNESS FOR A PARTICULAR PURPOSE.

configure:3557: $? = 0
configure:3546: gcc -v >&5
Using built-in specs.
COLLECT_GCC=gcc
COLLECT_LTO_WRAPPER=/usr/lib/gcc/x86_64-linux-gnu/4.9/lto-wrapper
Target: x86_64-linux-gnu
Configured with: ../src/configure -v --with-pkgversion='Ubuntu 4.9.1-16ubuntu6' --with-bugurl=file:///usr/share/doc/gcc-4.9/README.Bugs --enable-languages=c,c++,java,go,d,fortran,objc,obj-c++ --prefix=/usr --program-suffix=-4.9 --enable-shared --enable-linker-build-id --libexecdir=/usr/lib --without-included-gettext --enable-threads=posix --with-gxx-include-dir=/usr/include/c++/4.9 --libdir=/usr/lib --enable-nls --with-sysroot=/ --enable-clocale=gnu --enable-libstdcxx-debug --enable-libstdcxx-time=yes --enable-gnu-unique-object --disable-vtable-verify --enable-plugin --with-system-zlib --disable-browser-plugin --enable-java-awt=gtk --enable-gtk-cairo --with-java-home=/usr/lib/jvm/java-1.5.0-gcj-4.9-amd64/jre --enable-java-home --with-jvm-root-dir=/usr/lib/jvm/java-1.5.0-gcj-4.9-amd64 --with-jvm-jar-dir=/usr/lib/jvm-exports/java-1.5.0-gcj-4.9-amd64 --with-arch-directory=amd64 --with-ecj-jar=/usr/share/java/eclipse-ecj.jar --enable-objc-gc --enable-multiarch --disable-werror --with-arch-32=i686 --with-abi=m64 --with-multilib-list=m32,m64,mx32 --enable-multilib --with-tune=generic --enable-checking=release --build=x86_64-linux-gnu --host=x86_64-linux-gnu --target=x86_64-linux-gnu
Thread model: posix
gcc version 4.9.1 (Ubuntu 4.9.1-16ubuntu6) 
configure:3557: $? = 0
configure:3546: gcc -V >&5
gcc: error: unrecognized command line option '-V'
gcc: fatal error: no input files
compilation terminated.
configure:3557: $? = 4
configure:3546: gcc -qversion >&5
gcc: error: unrecognized command line option '-qversion'
gcc: fatal error: no input files
compilation terminated.
configure:3557: $? = 4
configure:3577: checking whether the C compiler works
configure:3599: gcc    conftest.c  >&5
configure:3603: $? = 0
configure:3651: result: yes
configure:3654: checking for C compiler default output file name
configure:3656: result: a.out
configure:3662: checking for suffix of executables
configure:3669: gcc -o conftest    conftest.c  >&5
configure:3673: $? = 0
configure:3695: result: 
configure:3717: checking whether we are cross compiling
configure:3755: result: yes
configure:3760: checking for suffix of object files
configure:3782: gcc -c   conftest.c >&5
configure:3786: $? = 0
configure:3807: result: o
configure:3811: checking whether we are using the GNU C compiler
configure:3830: gcc -c   conftest.c >&5
configure:3830: $? = 0
configure:3839: result: yes
configure:3848: checking whether gcc accepts -g
configure:3868: gcc -c -g  conftest.c >&5
configure:3868: $? = 0
configure:3909: result: yes
configure:3926: checking for gcc option to accept ISO C89
configure:3989: gcc  -c -g -O2  conftest.c >&5
configure:3989: $? = 0
configure:4002: result: none needed
configure:4027: checking whether gcc understands -c and -o together
configure:4049: gcc -c conftest.c -o conftest2.o
configure:4052: $? = 0
configure:4049: gcc -c conftest.c -o conftest2.o
configure:4052: $? = 0
configure:4064: result: yes
configure:4092: checking for style of include used by make
configure:4120: result: GNU
configure:4146: checking dependency style of gcc
configure:4257: result: gcc3
configure:4626: checking how to print strings
configure:4653: result: printf
configure:4674: checking for a sed that does not truncate output
configure:4738: result: /bin/sed
configure:4756: checking for grep that handles long lines and -e
configure:4814: result: /bin/grep
configure:4819: checking for egrep
configure:4881: result: /bin/grep -E
configure:4886: checking for fgrep
configure:4948: result: /bin/grep -F
configure:4983: checking for ld used by gcc
configure:5050: result: /usr/bin/ld
configure:5057: checking if the linker (/usr/bin/ld) is GNU ld
configure:5072: result: yes
configure:5084: checking for BSD- or MS-compatible name lister (nm)
configure:5138: result: no
configure:5152: checking for arm-linux-eabi-dumpbin
configure:5182: result: no
configure:5152: checking for arm-linux-eabi-link
configure:5182: result: no
configure:5196: checking for dumpbin
configure:5226: result: no
configure:5196: checking for link
configure:5212: found /usr/bin/link
configure:5223: result: link -dump
configure:5268: checking the name lister (nm) interface
configure:5275: gcc -c -g -O2  conftest.c >&5
configure:5278: nm "conftest.o"
configure:5281: output
0000000000000000 B some_variable
configure:5288: result: BSD nm
configure:5291: checking whether ln -s works
configure:5295: result: yes
configure:5303: checking the maximum length of command line arguments
configure:5434: result: 1572864
configure:5482: checking how to convert x86_64-pc-linux-gnu file names to arm-linux-eabi format
configure:5522: result: func_convert_file_noop
configure:5529: checking how to convert x86_64-pc-linux-gnu file names to toolchain format
configure:5549: result: func_convert_file_noop
configure:5556: checking for /usr/bin/ld option to reload object files
configure:5563: result: -r
configure:5597: checking for arm-linux-eabi-objdump
configure:5624: result: objdump
configure:5693: checking how to recognize dependent libraries
configure:5893: result: unknown
configure:5938: checking for arm-linux-eabi-dlltool
configure:5965: result: dlltool
configure:6035: checking how to associate runtime and link libraries
configure:6062: result: printf %s\n
configure:6079: checking for arm-linux-eabi-ar
configure:6109: result: no
configure:6123: checking for ar
configure:6139: found /usr/bin/ar
configure:6150: result: ar
configure:6187: checking for archiver @FILE support
configure:6204: gcc -c -g -O2  conftest.c >&5
configure:6204: $? = 0
configure:6207: ar cru libconftest.a @conftest.lst >&5
configure:6210: $? = 0
configure:6215: ar cru libconftest.a @conftest.lst >&5
ar: conftest.o: No such file or directory
configure:6218: $? = 1
configure:6230: result: @
configure:6248: checking for arm-linux-eabi-strip
configure:6275: result: strip
configure:6347: checking for arm-linux-eabi-ranlib
configure:6377: result: no
configure:6387: checking for ranlib
configure:6403: found /usr/bin/ranlib
configure:6414: result: ranlib
configure:6516: checking command to parse nm output from gcc object
configure:6669: gcc -c -g -O2  conftest.c >&5
configure:6672: $? = 0
configure:6676: nm conftest.o \| sed -n -e 's/^.*[ ]\([ABCDGIRSTW][ABCDGIRSTW]*\)[ ][ ]*\([_A-Za-z][_A-Za-z0-9]*\)$/\1 \2 \2/p' | sed '/ __gnu_lto/d' \> conftest.nm
configure:6679: $? = 0
configure:6745: gcc -o conftest -g -O2   conftest.c conftstm.o >&5
configure:6748: $? = 0
configure:6786: result: ok
configure:6833: checking for sysroot
configure:6863: result: no
configure:6870: checking for a working dd
configure:6908: result: /bin/dd
configure:6912: checking how to truncate binary pipes
configure:6927: result: /bin/dd bs=4096 count=1
configure:7216: checking for arm-linux-eabi-mt
configure:7246: result: no
configure:7256: checking for mt
configure:7272: found /bin/mt
configure:7283: result: mt
configure:7306: checking if mt is a manifest tool
configure:7312: mt '-?'
configure:7320: result: no
configure:7997: checking how to run the C preprocessor
configure:8028: gcc -E  conftest.c
configure:8028: $? = 0
configure:8042: gcc -E  conftest.c
conftest.c:9:28: fatal error: ac_nonexistent.h: No such file or directory
 #include <ac_nonexistent.h>
                            ^
compilation terminated.
configure:8042: $? = 1
configure: failed program was:
| /* confdefs.h */
| #define PACKAGE_NAME ""
| #define PACKAGE_TARNAME ""
| #define PACKAGE_VERSION ""
| #define PACKAGE_STRING ""
| #define PACKAGE_BUGREPORT ""
| #define PACKAGE_URL ""
| /* end confdefs.h.  */
| #include <ac_nonexistent.h>
configure:8067: result: gcc -E
configure:8087: gcc -E  conftest.c
configure:8087: $? = 0
configure:8101: gcc -E  conftest.c
conftest.c:9:28: fatal error: ac_nonexistent.h: No such file or directory
 #include <ac_nonexistent.h>
                            ^
compilation terminated.
configure:8101: $? = 1
configure: failed program was:
| /* confdefs.h */
| #define PACKAGE_NAME ""
| #define PACKAGE_TARNAME ""
| #define PACKAGE_VERSION ""
| #define PACKAGE_STRING ""
| #define PACKAGE_BUGREPORT ""
| #define PACKAGE_URL ""
| /* end confdefs.h.  */
| #include <ac_nonexistent.h>
configure:8130: checking for ANSI C header files
configure:8150: gcc -c -g -O2  conftest.c >&5
configure:8150: $? = 0
configure:8234: result: yes
configure:8247: checking for sys/types.h
configure:8247: gcc -c -g -O2  conftest.c >&5
configure:8247: $? = 0
configure:8247: result: yes
configure:8247: checking for sys/stat.h
configure:8247: gcc -c -g -O2  conftest.c >&5
configure:8247: $? = 0
configure:8247: result: yes
configure:8247: checking for stdlib.h
configure:8247: gcc -c -g -O2  conftest.c >&5
configure:8247: $? = 0
configure:8247: result: yes
configure:8247: checking for string.h
configure:8247: gcc -c -g -O2  conftest.c >&5
configure:8247: $? = 0
configure:8247: result: yes
configure:8247: checking for memory.h
configure:8247: gcc -c -g -O2  conftest.c >&5
configure:8247: $? = 0
configure:8247: result: yes
configure:8247: checking for strings.h
configure:8247: gcc -c -g -O2  conftest.c >&5
configure:8247: $? = 0
configure:8247: result: yes
configure:8247: checking for inttypes.h
configure:8247: gcc -c -g -O2  conftest.c >&5
configure:8247: $? = 0
configure:8247: result: yes
configure:8247: checking for stdint.h
configure:8247: gcc -c -g -O2  conftest.c >&5
configure:8247: $? = 0
configure:8247: result: yes
configure:8247: checking for unistd.h
configure:8247: gcc -c -g -O2  conftest.c >&5
configure:8247: $? = 0
configure:8247: result: yes
configure:8261: checking for dlfcn.h
configure:8261: gcc -c -g -O2  conftest.c >&5
configure:8261: $? = 0
configure:8261: result: yes
configure:8513: checking for objdir
configure:8528: result: .libs
configure:8792: checking if gcc supports -fno-rtti -fno-exceptions
configure:8810: gcc -c -g -O2  -fno-rtti -fno-exceptions conftest.c >&5
cc1: warning: command line option '-fno-rtti' is valid for C++/ObjC++ but not for C
configure:8814: $? = 0
configure:8827: result: no
configure:9185: checking for gcc option to produce PIC
configure:9192: result: -fPIC -DPIC
configure:9200: checking if gcc PIC flag -fPIC -DPIC works
configure:9218: gcc -c -g -O2  -fPIC -DPIC -DPIC conftest.c >&5
configure:9222: $? = 0
configure:9235: result: yes
configure:9264: checking if gcc static flag -static works
configure:9292: result: yes
configure:9307: checking if gcc supports -c -o file.o
configure:9328: gcc -c -g -O2  -o out/conftest2.o conftest.c >&5
configure:9332: $? = 0
configure:9354: result: yes
configure:9362: checking if gcc supports -c -o file.o
configure:9409: result: yes
configure:9442: checking whether the gcc linker (/usr/bin/ld) supports shared libraries
configure:10705: result: yes
configure:10742: checking whether -lc should be explicitly linked in
configure:10750: gcc -c -g -O2  conftest.c >&5
configure:10753: $? = 0
configure:10768: gcc -shared  -fPIC -DPIC conftest.o  -v -Wl,-soname -Wl,conftest -o conftest 2\>\&1 \| /bin/grep  -lc  \>/dev/null 2\>\&1
configure:10771: $? = 0
configure:10785: result: no
configure:10945: checking dynamic linker characteristics
configure:11775: result: no
configure:11897: checking how to hardcode library paths into programs
configure:11922: result: immediate
configure:12024: checking for shl_load
configure:12024: gcc -o conftest -g -O2   conftest.c  >&5
/tmp/ccxXMgJt.o: In function `main':
/home/mj10777/000_links/geopaparazzi/geopaparazzi.eu/libjsqlite-spatialite-android/libjsqlite-spatialite-android/spatialite-android-library/jni/geos-3.6.1/conftest.c:55: undefined reference to `shl_load'
collect2: error: ld returned 1 exit status
configure:12024: $? = 1
configure: failed program was:
| /* confdefs.h */
| #define PACKAGE_NAME ""
| #define PACKAGE_TARNAME ""
| #define PACKAGE_VERSION ""
| #define PACKAGE_STRING ""
| #define PACKAGE_BUGREPORT ""
| #define PACKAGE_URL ""
| #define STDC_HEADERS 1
| #define HAVE_SYS_TYPES_H 1
| #define HAVE_SYS_STAT_H 1
| #define HAVE_STDLIB_H 1
| #define HAVE_STRING_H 1
| #define HAVE_MEMORY_H 1
| #define HAVE_STRINGS_H 1
| #define HAVE_INTTYPES_H 1
| #define HAVE_STDINT_H 1
| #define HAVE_UNISTD_H 1
| #define HAVE_DLFCN_H 1
| #define LT_OBJDIR ".libs/"
| /* end confdefs.h.  */
| /* Define shl_load to an innocuous variant, in case <limits.h> declares shl_load.
|    For example, HP-UX 11i <limits.h> declares gettimeofday.  */
| #define shl_load innocuous_shl_load
| 
| /* System header to define __stub macros and hopefully few prototypes,
|     which can conflict with char shl_load (); below.
|     Prefer <limits.h> to <assert.h> if __STDC__ is defined, since
|     <limits.h> exists even on freestanding compilers.  */
| 
| #ifdef __STDC__
| # include <limits.h>
| #else
| # include <assert.h>
| #endif
| 
| #undef shl_load
| 
| /* Override any GCC internal prototype to avoid an error.
|    Use char because int might match the return type of a GCC
|    builtin and then its argument prototype would still apply.  */
| #ifdef __cplusplus
| extern "C"
| #endif
| char shl_load ();
| /* The GNU C library defines this for functions which it implements
|     to always fail with ENOSYS.  Some functions are actually named
|     something starting with __ and the normal name is an alias.  */
| #if defined __stub_shl_load || defined __stub___shl_load
| choke me
| #endif
| 
| int
| main ()
| {
| return shl_load ();
|   ;
|   return 0;
| }
configure:12024: result: no
configure:12028: checking for shl_load in -ldld
configure:12053: gcc -o conftest -g -O2   conftest.c -ldld   >&5
/usr/bin/ld: cannot find -ldld
collect2: error: ld returned 1 exit status
configure:12053: $? = 1
configure: failed program was:
| /* confdefs.h */
| #define PACKAGE_NAME ""
| #define PACKAGE_TARNAME ""
| #define PACKAGE_VERSION ""
| #define PACKAGE_STRING ""
| #define PACKAGE_BUGREPORT ""
| #define PACKAGE_URL ""
| #define STDC_HEADERS 1
| #define HAVE_SYS_TYPES_H 1
| #define HAVE_SYS_STAT_H 1
| #define HAVE_STDLIB_H 1
| #define HAVE_STRING_H 1
| #define HAVE_MEMORY_H 1
| #define HAVE_STRINGS_H 1
| #define HAVE_INTTYPES_H 1
| #define HAVE_STDINT_H 1
| #define HAVE_UNISTD_H 1
| #define HAVE_DLFCN_H 1
| #define LT_OBJDIR ".libs/"
| /* end confdefs.h.  */
| 
| /* Override any GCC internal prototype to avoid an error.
|    Use char because int might match the return type of a GCC
|    builtin and then its argument prototype would still apply.  */
| #ifdef __cplusplus
| extern "C"
| #endif
| char shl_load ();
| int
| main ()
| {
| return shl_load ();
|   ;
|   return 0;
| }
configure:12062: result: no
configure:12067: checking for dlopen
configure:12067: gcc -o conftest -g -O2   conftest.c  >&5
/tmp/ccLaKenU.o: In function `main':
/home/mj10777/000_links/geopaparazzi/geopaparazzi.eu/libjsqlite-spatialite-android/libjsqlite-spatialite-android/spatialite-android-library/jni/geos-3.6.1/conftest.c:55: undefined reference to `dlopen'
collect2: error: ld returned 1 exit status
configure:12067: $? = 1
configure: failed program was:
| /* confdefs.h */
| #define PACKAGE_NAME ""
| #define PACKAGE_TARNAME ""
| #define PACKAGE_VERSION ""
| #define PACKAGE_STRING ""
| #define PACKAGE_BUGREPORT ""
| #define PACKAGE_URL ""
| #define STDC_HEADERS 1
| #define HAVE_SYS_TYPES_H 1
| #define HAVE_SYS_STAT_H 1
| #define HAVE_STDLIB_H 1
| #define HAVE_STRING_H 1
| #define HAVE_MEMORY_H 1
| #define HAVE_STRINGS_H 1
| #define HAVE_INTTYPES_H 1
| #define HAVE_STDINT_H 1
| #define HAVE_UNISTD_H 1
| #define HAVE_DLFCN_H 1
| #define LT_OBJDIR ".libs/"
| /* end confdefs.h.  */
| /* Define dlopen to an innocuous variant, in case <limits.h> declares dlopen.
|    For example, HP-UX 11i <limits.h> declares gettimeofday.  */
| #define dlopen innocuous_dlopen
| 
| /* System header to define __stub macros and hopefully few prototypes,
|     which can conflict with char dlopen (); below.
|     Prefer <limits.h> to <assert.h> if __STDC__ is defined, since
|     <limits.h> exists even on freestanding compilers.  */
| 
| #ifdef __STDC__
| # include <limits.h>
| #else
| # include <assert.h>
| #endif
| 
| #undef dlopen
| 
| /* Override any GCC internal prototype to avoid an error.
|    Use char because int might match the return type of a GCC
|    builtin and then its argument prototype would still apply.  */
| #ifdef __cplusplus
| extern "C"
| #endif
| char dlopen ();
| /* The GNU C library defines this for functions which it implements
|     to always fail with ENOSYS.  Some functions are actually named
|     something starting with __ and the normal name is an alias.  */
| #if defined __stub_dlopen || defined __stub___dlopen
| choke me
| #endif
| 
| int
| main ()
| {
| return dlopen ();
|   ;
|   return 0;
| }
configure:12067: result: no
configure:12071: checking for dlopen in -ldl
configure:12096: gcc -o conftest -g -O2   conftest.c -ldl   >&5
configure:12096: $? = 0
configure:12105: result: yes
configure:12224: checking whether a program can dlopen itself
configure:12325: result: cross
configure:12470: checking whether stripping libraries is possible
configure:12475: result: yes
configure:12510: checking if libtool supports shared libraries
configure:12512: result: no
configure:12515: checking whether to build shared libraries
configure:12540: result: no
configure:12543: checking whether to build static libraries
configure:12547: result: yes
configure:12599: checking for arm-linux-eabi-g++
configure:12629: result: no
configure:12599: checking for arm-linux-eabi-c++
configure:12629: result: no
configure:12599: checking for arm-linux-eabi-gpp
configure:12629: result: no
configure:12599: checking for arm-linux-eabi-aCC
configure:12629: result: no
configure:12599: checking for arm-linux-eabi-CC
configure:12629: result: no
configure:12599: checking for arm-linux-eabi-cxx
configure:12629: result: no
configure:12599: checking for arm-linux-eabi-cc++
configure:12629: result: no
configure:12599: checking for arm-linux-eabi-cl.exe
configure:12629: result: no
configure:12599: checking for arm-linux-eabi-FCC
configure:12629: result: no
configure:12599: checking for arm-linux-eabi-KCC
configure:12629: result: no
configure:12599: checking for arm-linux-eabi-RCC
configure:12629: result: no
configure:12599: checking for arm-linux-eabi-xlC_r
configure:12629: result: no
configure:12599: checking for arm-linux-eabi-xlC
configure:12629: result: no
configure:12643: checking for g++
configure:12659: found /usr/bin/g++
configure:12670: result: g++
configure:12697: checking for C++ compiler version
configure:12706: g++ --version >&5
g++ (Ubuntu 4.9.1-16ubuntu6) 4.9.1
Copyright (C) 2014 Free Software Foundation, Inc.
This is free software; see the source for copying conditions.  There is NO
warranty; not even for MERCHANTABILITY or FITNESS FOR A PARTICULAR PURPOSE.

configure:12717: $? = 0
configure:12706: g++ -v >&5
Using built-in specs.
COLLECT_GCC=g++
COLLECT_LTO_WRAPPER=/usr/lib/gcc/x86_64-linux-gnu/4.9/lto-wrapper
Target: x86_64-linux-gnu
Configured with: ../src/configure -v --with-pkgversion='Ubuntu 4.9.1-16ubuntu6' --with-bugurl=file:///usr/share/doc/gcc-4.9/README.Bugs --enable-languages=c,c++,java,go,d,fortran,objc,obj-c++ --prefix=/usr --program-suffix=-4.9 --enable-shared --enable-linker-build-id --libexecdir=/usr/lib --without-included-gettext --enable-threads=posix --with-gxx-include-dir=/usr/include/c++/4.9 --libdir=/usr/lib --enable-nls --with-sysroot=/ --enable-clocale=gnu --enable-libstdcxx-debug --enable-libstdcxx-time=yes --enable-gnu-unique-object --disable-vtable-verify --enable-plugin --with-system-zlib --disable-browser-plugin --enable-java-awt=gtk --enable-gtk-cairo --with-java-home=/usr/lib/jvm/java-1.5.0-gcj-4.9-amd64/jre --enable-java-home --with-jvm-root-dir=/usr/lib/jvm/java-1.5.0-gcj-4.9-amd64 --with-jvm-jar-dir=/usr/lib/jvm-exports/java-1.5.0-gcj-4.9-amd64 --with-arch-directory=amd64 --with-ecj-jar=/usr/share/java/eclipse-ecj.jar --enable-objc-gc --enable-multiarch --disable-werror --with-arch-32=i686 --with-abi=m64 --with-multilib-list=m32,m64,mx32 --enable-multilib --with-tune=generic --enable-checking=release --build=x86_64-linux-gnu --host=x86_64-linux-gnu --target=x86_64-linux-gnu
Thread model: posix
gcc version 4.9.1 (Ubuntu 4.9.1-16ubuntu6) 
configure:12717: $? = 0
configure:12706: g++ -V >&5
g++: error: unrecognized command line option '-V'
g++: fatal error: no input files
compilation terminated.
configure:12717: $? = 4
configure:12706: g++ -qversion >&5
g++: error: unrecognized command line option '-qversion'
g++: fatal error: no input files
compilation terminated.
configure:12717: $? = 4
configure:12721: checking whether we are using the GNU C++ compiler
configure:12740: g++ -c   conftest.cpp >&5
configure:12740: $? = 0
configure:12749: result: yes
configure:12758: checking whether g++ accepts -g
configure:12778: g++ -c -g  conftest.cpp >&5
configure:12778: $? = 0
configure:12819: result: yes
configure:12844: checking dependency style of g++
configure:12955: result: gcc3
configure:12988: checking how to run the C++ preprocessor
configure:13015: g++ -E  conftest.cpp
configure:13015: $? = 0
configure:13029: g++ -E  conftest.cpp
conftest.cpp:21:28: fatal error: ac_nonexistent.h: No such file or directory
 #include <ac_nonexistent.h>
                            ^
compilation terminated.
configure:13029: $? = 1
configure: failed program was:
| /* confdefs.h */
| #define PACKAGE_NAME ""
| #define PACKAGE_TARNAME ""
| #define PACKAGE_VERSION ""
| #define PACKAGE_STRING ""
| #define PACKAGE_BUGREPORT ""
| #define PACKAGE_URL ""
| #define STDC_HEADERS 1
| #define HAVE_SYS_TYPES_H 1
| #define HAVE_SYS_STAT_H 1
| #define HAVE_STDLIB_H 1
| #define HAVE_STRING_H 1
| #define HAVE_MEMORY_H 1
| #define HAVE_STRINGS_H 1
| #define HAVE_INTTYPES_H 1
| #define HAVE_STDINT_H 1
| #define HAVE_UNISTD_H 1
| #define HAVE_DLFCN_H 1
| #define LT_OBJDIR ".libs/"
| /* end confdefs.h.  */
| #include <ac_nonexistent.h>
configure:13054: result: g++ -E
configure:13074: g++ -E  conftest.cpp
configure:13074: $? = 0
configure:13088: g++ -E  conftest.cpp
conftest.cpp:21:28: fatal error: ac_nonexistent.h: No such file or directory
 #include <ac_nonexistent.h>
                            ^
compilation terminated.
configure:13088: $? = 1
configure: failed program was:
| /* confdefs.h */
| #define PACKAGE_NAME ""
| #define PACKAGE_TARNAME ""
| #define PACKAGE_VERSION ""
| #define PACKAGE_STRING ""
| #define PACKAGE_BUGREPORT ""
| #define PACKAGE_URL ""
| #define STDC_HEADERS 1
| #define HAVE_SYS_TYPES_H 1
| #define HAVE_SYS_STAT_H 1
| #define HAVE_STDLIB_H 1
| #define HAVE_STRING_H 1
| #define HAVE_MEMORY_H 1
| #define HAVE_STRINGS_H 1
| #define HAVE_INTTYPES_H 1
| #define HAVE_STDINT_H 1
| #define HAVE_UNISTD_H 1
| #define HAVE_DLFCN_H 1
| #define LT_OBJDIR ".libs/"
| /* end confdefs.h.  */
| #include <ac_nonexistent.h>
configure:13250: checking for ld used by g++
configure:13317: result: /usr/bin/ld
configure:13324: checking if the linker (/usr/bin/ld) is GNU ld
configure:13339: result: yes
configure:13394: checking whether the g++ linker (/usr/bin/ld) supports shared libraries
configure:14467: result: no
configure:14503: g++ -c -g -O2  conftest.cpp >&5
configure:14506: $? = 0
configure:14987: checking for g++ option to produce PIC
configure:14994: result: -fPIC -DPIC
configure:15002: checking if g++ PIC flag -fPIC -DPIC works
configure:15020: g++ -c -g -O2  -fPIC -DPIC -DPIC conftest.cpp >&5
configure:15024: $? = 0
configure:15037: result: yes
configure:15060: checking if g++ static flag -static works
configure:15088: result: yes
configure:15100: checking if g++ supports -c -o file.o
configure:15121: g++ -c -g -O2  -o out/conftest2.o conftest.cpp >&5
configure:15125: $? = 0
configure:15147: result: yes
configure:15152: checking if g++ supports -c -o file.o
configure:15199: result: yes
configure:15229: checking whether the g++ linker (/usr/bin/ld) supports shared libraries
configure:15272: result: no
configure:15413: checking dynamic linker characteristics
configure:16170: result: no
configure:16235: checking how to hardcode library paths into programs
configure:16260: result: immediate
configure:16300: checking for library containing strerror
configure:16331: gcc -o conftest -g -O2   conftest.c  >&5
configure:16331: $? = 0
configure:16348: result: none required
configure:16357: checking whether make sets $(MAKE)
configure:16379: result: yes
configure:16392: checking for dirent.h that defines DIR
configure:16411: gcc -c -g -O2  conftest.c >&5
configure:16411: $? = 0
configure:16419: result: yes
configure:16432: checking for library containing opendir
configure:16463: gcc -o conftest -g -O2   conftest.c  >&5
configure:16463: $? = 0
configure:16480: result: none required
configure:16547: checking whether closedir returns void
configure:16581: result: yes
configure:16589: checking for working memcmp
configure:16642: result: no
configure:16653: checking for strftime
configure:16653: gcc -o conftest -g -O2   conftest.c  >&5
conftest.c:46:6: warning: conflicting types for built-in function 'strftime'
 char strftime ();
      ^
configure:16653: $? = 0
configure:16653: result: yes
configure:16708: checking for vprintf
configure:16708: gcc -o conftest -g -O2   conftest.c  >&5
conftest.c:47:6: warning: conflicting types for built-in function 'vprintf'
 char vprintf ();
      ^
configure:16708: $? = 0
configure:16708: result: yes
configure:16714: checking for _doprnt
configure:16714: gcc -o conftest -g -O2   conftest.c  >&5
/tmp/ccHcPpbK.o: In function `main':
/home/mj10777/000_links/geopaparazzi/geopaparazzi.eu/libjsqlite-spatialite-android/libjsqlite-spatialite-android/spatialite-android-library/jni/geos-3.6.1/conftest.c:59: undefined reference to `_doprnt'
collect2: error: ld returned 1 exit status
configure:16714: $? = 1
configure: failed program was:
| /* confdefs.h */
| #define PACKAGE_NAME ""
| #define PACKAGE_TARNAME ""
| #define PACKAGE_VERSION ""
| #define PACKAGE_STRING ""
| #define PACKAGE_BUGREPORT ""
| #define PACKAGE_URL ""
| #define STDC_HEADERS 1
| #define HAVE_SYS_TYPES_H 1
| #define HAVE_SYS_STAT_H 1
| #define HAVE_STDLIB_H 1
| #define HAVE_STRING_H 1
| #define HAVE_MEMORY_H 1
| #define HAVE_STRINGS_H 1
| #define HAVE_INTTYPES_H 1
| #define HAVE_STDINT_H 1
| #define HAVE_UNISTD_H 1
| #define HAVE_DLFCN_H 1
| #define LT_OBJDIR ".libs/"
| #define HAVE_DIRENT_H 1
| #define CLOSEDIR_VOID 1
| #define HAVE_STRFTIME 1
| #define HAVE_VPRINTF 1
| /* end confdefs.h.  */
| /* Define _doprnt to an innocuous variant, in case <limits.h> declares _doprnt.
|    For example, HP-UX 11i <limits.h> declares gettimeofday.  */
| #define _doprnt innocuous__doprnt
| 
| /* System header to define __stub macros and hopefully few prototypes,
|     which can conflict with char _doprnt (); below.
|     Prefer <limits.h> to <assert.h> if __STDC__ is defined, since
|     <limits.h> exists even on freestanding compilers.  */
| 
| #ifdef __STDC__
| # include <limits.h>
| #else
| # include <assert.h>
| #endif
| 
| #undef _doprnt
| 
| /* Override any GCC internal prototype to avoid an error.
|    Use char because int might match the return type of a GCC
|    builtin and then its argument prototype would still apply.  */
| #ifdef __cplusplus
| extern "C"
| #endif
| char _doprnt ();
| /* The GNU C library defines this for functions which it implements
|     to always fail with ENOSYS.  Some functions are actually named
|     something starting with __ and the normal name is an alias.  */
| #if defined __stub__doprnt || defined __stub____doprnt
| choke me
| #endif
| 
| int
| main ()
| {
| return _doprnt ();
|   ;
|   return 0;
| }
configure:16714: result: no
configure:16725: checking for size_t
configure:16725: gcc -c -g -O2  conftest.c >&5
configure:16725: $? = 0
configure:16725: gcc -c -g -O2  conftest.c >&5
conftest.c: In function 'main':
conftest.c:61:21: error: expected expression before ')' token
 if (sizeof ((size_t)))
                     ^
configure:16725: $? = 1
configure: failed program was:
| /* confdefs.h */
| #define PACKAGE_NAME ""
| #define PACKAGE_TARNAME ""
| #define PACKAGE_VERSION ""
| #define PACKAGE_STRING ""
| #define PACKAGE_BUGREPORT ""
| #define PACKAGE_URL ""
| #define STDC_HEADERS 1
| #define HAVE_SYS_TYPES_H 1
| #define HAVE_SYS_STAT_H 1
| #define HAVE_STDLIB_H 1
| #define HAVE_STRING_H 1
| #define HAVE_MEMORY_H 1
| #define HAVE_STRINGS_H 1
| #define HAVE_INTTYPES_H 1
| #define HAVE_STDINT_H 1
| #define HAVE_UNISTD_H 1
| #define HAVE_DLFCN_H 1
| #define LT_OBJDIR ".libs/"
| #define HAVE_DIRENT_H 1
| #define CLOSEDIR_VOID 1
| #define HAVE_STRFTIME 1
| #define HAVE_VPRINTF 1
| /* end confdefs.h.  */
| #include <stdio.h>
| #ifdef HAVE_SYS_TYPES_H
| # include <sys/types.h>
| #endif
| #ifdef HAVE_SYS_STAT_H
| # include <sys/stat.h>
| #endif
| #ifdef STDC_HEADERS
| # include <stdlib.h>
| # include <stddef.h>
| #else
| # ifdef HAVE_STDLIB_H
| #  include <stdlib.h>
| # endif
| #endif
| #ifdef HAVE_STRING_H
| # if !defined STDC_HEADERS && defined HAVE_MEMORY_H
| #  include <memory.h>
| # endif
| # include <string.h>
| #endif
| #ifdef HAVE_STRINGS_H
| # include <strings.h>
| #endif
| #ifdef HAVE_INTTYPES_H
| # include <inttypes.h>
| #endif
| #ifdef HAVE_STDINT_H
| # include <stdint.h>
| #endif
| #ifdef HAVE_UNISTD_H
| # include <unistd.h>
| #endif
| int
| main ()
| {
| if (sizeof ((size_t)))
| 	    return 0;
|   ;
|   return 0;
| }
configure:16725: result: yes
configure:16738: checking for working alloca.h
configure:16755: gcc -o conftest -g -O2   conftest.c  >&5
configure:16755: $? = 0
configure:16763: result: yes
configure:16771: checking for alloca
configure:16808: gcc -o conftest -g -O2   conftest.c  >&5
configure:16808: $? = 0
configure:16816: result: yes
configure:16925: checking for dirent.h that defines DIR
configure:16952: result: yes
configure:16965: checking for library containing opendir
configure:17013: result: none required
configure:17080: checking for ANSI C header files
configure:17184: result: yes
configure:17194: checking for memory.h
configure:17194: result: yes
configure:17206: checking for unistd.h
configure:17206: result: yes
configure:17218: checking ieeefp.h usability
configure:17218: gcc -c -g -O2  conftest.c >&5
conftest.c:64:20: fatal error: ieeefp.h: No such file or directory
 #include <ieeefp.h>
                    ^
compilation terminated.
configure:17218: $? = 1
configure: failed program was:
| /* confdefs.h */
| #define PACKAGE_NAME ""
| #define PACKAGE_TARNAME ""
| #define PACKAGE_VERSION ""
| #define PACKAGE_STRING ""
| #define PACKAGE_BUGREPORT ""
| #define PACKAGE_URL ""
| #define STDC_HEADERS 1
| #define HAVE_SYS_TYPES_H 1
| #define HAVE_SYS_STAT_H 1
| #define HAVE_STDLIB_H 1
| #define HAVE_STRING_H 1
| #define HAVE_MEMORY_H 1
| #define HAVE_STRINGS_H 1
| #define HAVE_INTTYPES_H 1
| #define HAVE_STDINT_H 1
| #define HAVE_UNISTD_H 1
| #define HAVE_DLFCN_H 1
| #define LT_OBJDIR ".libs/"
| #define HAVE_DIRENT_H 1
| #define CLOSEDIR_VOID 1
| #define HAVE_STRFTIME 1
| #define HAVE_VPRINTF 1
| #define HAVE_ALLOCA_H 1
| #define HAVE_ALLOCA 1
| #define HAVE_DIRENT_H 1
| #define STDC_HEADERS 1
| #define HAVE_MEMORY_H 1
| #define HAVE_UNISTD_H 1
| /* end confdefs.h.  */
| #include <stdio.h>
| #ifdef HAVE_SYS_TYPES_H
| # include <sys/types.h>
| #endif
| #ifdef HAVE_SYS_STAT_H
| # include <sys/stat.h>
| #endif
| #ifdef STDC_HEADERS
| # include <stdlib.h>
| # include <stddef.h>
| #else
| # ifdef HAVE_STDLIB_H
| #  include <stdlib.h>
| # endif
| #endif
| #ifdef HAVE_STRING_H
| # if !defined STDC_HEADERS && defined HAVE_MEMORY_H
| #  include <memory.h>
| # endif
| # include <string.h>
| #endif
| #ifdef HAVE_STRINGS_H
| # include <strings.h>
| #endif
| #ifdef HAVE_INTTYPES_H
| # include <inttypes.h>
| #endif
| #ifdef HAVE_STDINT_H
| # include <stdint.h>
| #endif
| #ifdef HAVE_UNISTD_H
| # include <unistd.h>
| #endif
| #include <ieeefp.h>
configure:17218: result: no
configure:17218: checking ieeefp.h presence
configure:17218: gcc -E  conftest.c
conftest.c:31:20: fatal error: ieeefp.h: No such file or directory
 #include <ieeefp.h>
                    ^
compilation terminated.
configure:17218: $? = 1
configure: failed program was:
| /* confdefs.h */
| #define PACKAGE_NAME ""
| #define PACKAGE_TARNAME ""
| #define PACKAGE_VERSION ""
| #define PACKAGE_STRING ""
| #define PACKAGE_BUGREPORT ""
| #define PACKAGE_URL ""
| #define STDC_HEADERS 1
| #define HAVE_SYS_TYPES_H 1
| #define HAVE_SYS_STAT_H 1
| #define HAVE_STDLIB_H 1
| #define HAVE_STRING_H 1
| #define HAVE_MEMORY_H 1
| #define HAVE_STRINGS_H 1
| #define HAVE_INTTYPES_H 1
| #define HAVE_STDINT_H 1
| #define HAVE_UNISTD_H 1
| #define HAVE_DLFCN_H 1
| #define LT_OBJDIR ".libs/"
| #define HAVE_DIRENT_H 1
| #define CLOSEDIR_VOID 1
| #define HAVE_STRFTIME 1
| #define HAVE_VPRINTF 1
| #define HAVE_ALLOCA_H 1
| #define HAVE_ALLOCA 1
| #define HAVE_DIRENT_H 1
| #define STDC_HEADERS 1
| #define HAVE_MEMORY_H 1
| #define HAVE_UNISTD_H 1
| /* end confdefs.h.  */
| #include <ieeefp.h>
configure:17218: result: no
configure:17218: checking for ieeefp.h
configure:17218: result: no
configure:17230: checking sys/file.h usability
configure:17230: gcc -c -g -O2  conftest.c >&5
configure:17230: $? = 0
configure:17230: result: yes
configure:17230: checking sys/file.h presence
configure:17230: gcc -E  conftest.c
configure:17230: $? = 0
configure:17230: result: yes
configure:17230: checking for sys/file.h
configure:17230: result: yes
configure:17242: checking sys/time.h usability
configure:17242: gcc -c -g -O2  conftest.c >&5
configure:17242: $? = 0
configure:17242: result: yes
configure:17242: checking sys/time.h presence
configure:17242: gcc -E  conftest.c
configure:17242: $? = 0
configure:17242: result: yes
configure:17242: checking for sys/time.h
configure:17242: result: yes
configure:17255: checking for strchr
configure:17255: gcc -o conftest -g -O2   conftest.c  >&5
conftest.c:56:6: warning: conflicting types for built-in function 'strchr'
 char strchr ();
      ^
configure:17255: $? = 0
configure:17255: result: yes
configure:17255: checking for memcpy
configure:17255: gcc -o conftest -g -O2   conftest.c  >&5
conftest.c:57:6: warning: conflicting types for built-in function 'memcpy'
 char memcpy ();
      ^
configure:17255: $? = 0
configure:17255: result: yes
configure:17255: checking for gettimeofday
configure:17255: gcc -o conftest -g -O2   conftest.c  >&5
configure:17255: $? = 0
configure:17255: result: yes
configure:17264: checking whether stat file-mode macros are broken
configure:17291: gcc -c -g -O2  conftest.c >&5
configure:17291: $? = 0
configure:17298: result: no
configure:17306: checking whether struct tm is in sys/time.h or time.h
configure:17326: gcc -c -g -O2  conftest.c >&5
configure:17326: $? = 0
configure:17333: result: time.h
configure:17341: checking for size_t
configure:17341: result: yes
configure:17352: checking for an ANSI C-conforming const
configure:17418: gcc -c -g -O2  conftest.c >&5
configure:17418: $? = 0
configure:17425: result: yes
configure:17476: checking if requested to force inline functions
configure:17483: result: yes
configure:17490: checking if requested to enable assert macros
configure:17497: result: yes
configure:17501: checking if requested libstdc++ debug mode
configure:17508: result: no
configure:17519: checking if g++ supports -pedantic
configure:17537: gcc -c -g -O2  -pedantic conftest.c >&5
configure:17541: $? = 0
configure:17554: result: yes
configure:17563: checking if g++ supports -Wall
configure:17581: gcc -c -g -O2  -Wall conftest.c >&5
configure:17585: $? = 0
configure:17598: result: yes
configure:17607: checking if g++ supports -ansi
configure:17625: gcc -c -g -O2  -ansi conftest.c >&5
configure:17629: $? = 0
configure:17642: result: yes
configure:17651: checking if g++ supports -Wno-long-long
configure:17669: gcc -c -g -O2  -Wno-long-long conftest.c >&5
configure:17673: $? = 0
configure:17686: result: yes
configure:17698: checking if g++ supports -ffloat-store
configure:17716: gcc -c -g -O2  -ffloat-store conftest.c >&5
configure:17720: $? = 0
configure:17733: result: yes
configure:17753: checking for finite
configure:17769: gcc -o conftest -g -O2   conftest.c  -lm >&5
configure:17769: $? = 0
configure:17778: result: yes
configure:17786: checking for isfinite
configure:17802: gcc -o conftest -g -O2   conftest.c  -lm >&5
configure:17802: $? = 0
configure:17811: result: yes
configure:17826: checking for isnan
configure:17842: g++ -o conftest -g -O2   conftest.cpp  -lm >&5
configure:17842: $? = 0
configure:17851: result: yes
configure:17869: checking whether int64_t is 64 bits
configure:17891: gcc -c -g -O2  conftest.c >&5
conftest.c: In function 'main':
conftest.c:43:41: error: 'int64_t' undeclared (first use in this function)
 static int test_array [1 - 2 * !(sizeof(int64_t) == 8)];
                                         ^
conftest.c:43:41: note: each undeclared identifier is reported only once for each function it appears in
configure:17891: $? = 1
configure: failed program was:
| /* confdefs.h */
| #define PACKAGE_NAME ""
| #define PACKAGE_TARNAME ""
| #define PACKAGE_VERSION ""
| #define PACKAGE_STRING ""
| #define PACKAGE_BUGREPORT ""
| #define PACKAGE_URL ""
| #define STDC_HEADERS 1
| #define HAVE_SYS_TYPES_H 1
| #define HAVE_SYS_STAT_H 1
| #define HAVE_STDLIB_H 1
| #define HAVE_STRING_H 1
| #define HAVE_MEMORY_H 1
| #define HAVE_STRINGS_H 1
| #define HAVE_INTTYPES_H 1
| #define HAVE_STDINT_H 1
| #define HAVE_UNISTD_H 1
| #define HAVE_DLFCN_H 1
| #define LT_OBJDIR ".libs/"
| #define HAVE_DIRENT_H 1
| #define CLOSEDIR_VOID 1
| #define HAVE_STRFTIME 1
| #define HAVE_VPRINTF 1
| #define HAVE_ALLOCA_H 1
| #define HAVE_ALLOCA 1
| #define HAVE_DIRENT_H 1
| #define STDC_HEADERS 1
| #define HAVE_MEMORY_H 1
| #define HAVE_UNISTD_H 1
| #define HAVE_SYS_FILE_H 1
| #define HAVE_SYS_TIME_H 1
| #define HAVE_STRCHR 1
| #define HAVE_MEMCPY 1
| #define HAVE_GETTIMEOFDAY 1
| #define HAVE_FINITE 1
| #define HAVE_ISFINITE 1
| #define HAVE_ISNAN 1
| /* end confdefs.h.  */
| 
| int
| main ()
| {
| static int test_array [1 - 2 * !(sizeof(int64_t) == 8)];
| test_array [0] = 0;
| return test_array [0];
| 
|   ;
|   return 0;
| }
configure:17939: result: no
configure:17950: checking whether long long int is 64 bits
configure:17972: gcc -c -g -O2  conftest.c >&5
configure:17972: $? = 0
configure:18020: result: yes
configure:18636: checking OS-specific settings
configure:18800: checking that generated files are newer than configure
configure:18806: result: done
configure:18849: creating ./config.status

## ---------------------- ##
## Running config.status. ##
## ---------------------- ##

This file was extended by config.status, which was
generated by GNU Autoconf 2.69.  Invocation command line was

  CONFIG_FILES    = 
  CONFIG_HEADERS  = 
  CONFIG_LINKS    = 
  CONFIG_COMMANDS = 
  $ ./config.status 

on mj10777-01-l

config.status:1331: creating Makefile
config.status:1331: creating capi/Makefile
config.status:1331: creating capi/geos_c.h
config.status:1331: creating doc/Doxyfile
config.status:1331: creating doc/Makefile
config.status:1331: creating macros/Makefile
config.status:1331: creating src/Makefile
config.status:1331: creating src/algorithm/Makefile
config.status:1331: creating src/algorithm/locate/Makefile
config.status:1331: creating src/algorithm/distance/Makefile
config.status:1331: creating src/geom/Makefile
config.status:1331: creating src/geom/prep/Makefile
config.status:1331: creating src/geom/util/Makefile
config.status:1331: creating src/geomgraph/Makefile
config.status:1331: creating src/geomgraph/index/Makefile
config.status:1331: creating include/Makefile
config.status:1331: creating include/geos/Makefile
config.status:1331: creating include/geos/algorithm/Makefile
config.status:1331: creating include/geos/algorithm/locate/Makefile
config.status:1331: creating include/geos/algorithm/distance/Makefile
config.status:1331: creating include/geos/geom/Makefile
config.status:1331: creating include/geos/geom/prep/Makefile
config.status:1331: creating include/geos/geom/util/Makefile
config.status:1331: creating include/geos/geomgraph/Makefile
config.status:1331: creating include/geos/geomgraph/index/Makefile
config.status:1331: creating include/geos/index/Makefile
config.status:1331: creating include/geos/index/bintree/Makefile
config.status:1331: creating include/geos/index/chain/Makefile
config.status:1331: creating include/geos/index/intervalrtree/Makefile
config.status:1331: creating include/geos/index/quadtree/Makefile
config.status:1331: creating include/geos/index/strtree/Makefile
config.status:1331: creating include/geos/index/sweepline/Makefile
config.status:1331: creating include/geos/io/Makefile
config.status:1331: creating include/geos/linearref/Makefile
config.status:1331: creating include/geos/noding/Makefile
config.status:1331: creating include/geos/noding/snapround/Makefile
config.status:1331: creating include/geos/operation/Makefile
config.status:1331: creating include/geos/operation/buffer/Makefile
config.status:1331: creating include/geos/operation/distance/Makefile
config.status:1331: creating include/geos/operation/intersection/Makefile
config.status:1331: creating include/geos/operation/linemerge/Makefile
config.status:1331: creating include/geos/operation/overlay/Makefile
config.status:1331: creating include/geos/operation/overlay/snap/Makefile
config.status:1331: creating include/geos/operation/polygonize/Makefile
config.status:1331: creating include/geos/operation/predicate/Makefile
config.status:1331: creating include/geos/operation/relate/Makefile
config.status:1331: creating include/geos/operation/sharedpaths/Makefile
config.status:1331: creating include/geos/operation/union/Makefile
config.status:1331: creating include/geos/operation/valid/Makefile
config.status:1331: creating include/geos/planargraph/Makefile
config.status:1331: creating include/geos/planargraph/algorithm/Makefile
config.status:1331: creating include/geos/precision/Makefile
config.status:1331: creating include/geos/simplify/Makefile
config.status:1331: creating include/geos/triangulate/Makefile
config.status:1331: creating include/geos/triangulate/quadedge/Makefile
config.status:1331: creating include/geos/util/Makefile
config.status:1331: creating include/geos/version.h
config.status:1331: creating src/index/Makefile
config.status:1331: creating src/index/bintree/Makefile
config.status:1331: creating src/index/chain/Makefile
config.status:1331: creating src/index/intervalrtree/Makefile
config.status:1331: creating src/index/quadtree/Makefile
config.status:1331: creating src/index/strtree/Makefile
config.status:1331: creating src/index/sweepline/Makefile
config.status:1331: creating src/io/Makefile
config.status:1331: creating src/linearref/Makefile
config.status:1331: creating src/noding/Makefile
config.status:1331: creating src/noding/snapround/Makefile
config.status:1331: creating src/operation/Makefile
config.status:1331: creating src/operation/buffer/Makefile
config.status:1331: creating src/operation/distance/Makefile
config.status:1331: creating src/operation/intersection/Makefile
config.status:1331: creating src/operation/linemerge/Makefile
config.status:1331: creating src/operation/overlay/Makefile
config.status:1331: creating src/operation/polygonize/Makefile
config.status:1331: creating src/operation/predicate/Makefile
config.status:1331: creating src/operation/relate/Makefile
config.status:1331: creating src/operation/sharedpaths/Makefile
config.status:1331: creating src/operation/union/Makefile
config.status:1331: creating src/operation/valid/Makefile
config.status:1331: creating src/planargraph/Makefile
config.status:1331: creating src/precision/Makefile
config.status:1331: creating src/simplify/Makefile
config.status:1331: creating src/triangulate/Makefile
config.status:1331: creating src/triangulate/quadedge/Makefile
config.status:1331: creating src/util/Makefile
config.status:1331: creating swig/geos.i
config.status:1331: creating swig/Makefile
config.status:1331: creating swig/python/Makefile
config.status:1331: creating swig/python/tests/Makefile
config.status:1331: creating swig/ruby/Makefile
config.status:1331: creating swig/ruby/test/Makefile
config.status:1331: creating tests/Makefile
config.status:1331: creating tests/bigtest/Makefile
config.status:1331: creating tests/unit/Makefile
config.status:1331: creating tests/perf/Makefile
config.status:1331: creating tests/perf/operation/Makefile
config.status:1331: creating tests/perf/operation/buffer/Makefile
config.status:1331: creating tests/perf/operation/predicate/Makefile
config.status:1331: creating tests/perf/capi/Makefile
config.status:1331: creating tests/xmltester/Makefile
config.status:1331: creating tests/geostest/Makefile
config.status:1331: creating tests/thread/Makefile
config.status:1331: creating tools/Makefile
config.status:1331: creating tools/geos-config
config.status:1331: creating include/config.h
config.status:1331: creating include/geos/platform.h
config.status:1560: executing depfiles commands
config.status:1560: executing libtool commands

## ---------------- ##
## Cache variables. ##
## ---------------- ##

ac_cv_build=x86_64-pc-linux-gnu
ac_cv_c_compiler_gnu=yes
ac_cv_c_const=yes
ac_cv_cxx_compiler_gnu=yes
ac_cv_env_CCC_set=
ac_cv_env_CCC_value=
ac_cv_env_CC_set=
ac_cv_env_CC_value=
ac_cv_env_CFLAGS_set=
ac_cv_env_CFLAGS_value=
ac_cv_env_CPPFLAGS_set=
ac_cv_env_CPPFLAGS_value=
ac_cv_env_CPP_set=
ac_cv_env_CPP_value=
ac_cv_env_CXXCPP_set=
ac_cv_env_CXXCPP_value=
ac_cv_env_CXXFLAGS_set=
ac_cv_env_CXXFLAGS_value=
ac_cv_env_CXX_set=
ac_cv_env_CXX_value=
ac_cv_env_LDFLAGS_set=
ac_cv_env_LDFLAGS_value=
ac_cv_env_LIBS_set=
ac_cv_env_LIBS_value=
ac_cv_env_LT_SYS_LIBRARY_PATH_set=
ac_cv_env_LT_SYS_LIBRARY_PATH_value=
ac_cv_env_build_alias_set=set
ac_cv_env_build_alias_value=x86_64-pc-linux-gnu
ac_cv_env_host_alias_set=set
ac_cv_env_host_alias_value=arm-linux-eabi
ac_cv_env_target_alias_set=
ac_cv_env_target_alias_value=
ac_cv_finite=yes
ac_cv_func__doprnt=no
ac_cv_func_alloca_works=yes
ac_cv_func_closedir_void=yes
ac_cv_func_dlopen=no
ac_cv_func_gettimeofday=yes
ac_cv_func_memcmp_working=no
ac_cv_func_memcpy=yes
ac_cv_func_shl_load=no
ac_cv_func_strchr=yes
ac_cv_func_strftime=yes
ac_cv_func_vprintf=yes
ac_cv_header_dirent_dirent_h=yes
ac_cv_header_dlfcn_h=yes
ac_cv_header_ieeefp_h=no
ac_cv_header_inttypes_h=yes
ac_cv_header_memory_h=yes
ac_cv_header_stat_broken=no
ac_cv_header_stdc=yes
ac_cv_header_stdint_h=yes
ac_cv_header_stdlib_h=yes
ac_cv_header_string_h=yes
ac_cv_header_strings_h=yes
ac_cv_header_sys_file_h=yes
ac_cv_header_sys_stat_h=yes
ac_cv_header_sys_time_h=yes
ac_cv_header_sys_types_h=yes
ac_cv_header_unistd_h=yes
ac_cv_host=arm-linux-eabi
ac_cv_isfinite=yes
ac_cv_isnan=yes
ac_cv_lib_dl_dlopen=yes
ac_cv_lib_dld_shl_load=no
ac_cv_objext=o
ac_cv_path_EGREP='/bin/grep -E'
ac_cv_path_FGREP='/bin/grep -F'
ac_cv_path_GREP=/bin/grep
ac_cv_path_SED=/bin/sed
ac_cv_path_install='/usr/bin/install -c'
ac_cv_path_lt_DD=/bin/dd
ac_cv_path_mkdir=/bin/mkdir
ac_cv_prog_AWK=gawk
ac_cv_prog_CPP='gcc -E'
ac_cv_prog_CXXCPP='g++ -E'
ac_cv_prog_DLLTOOL=dlltool
ac_cv_prog_OBJDUMP=objdump
ac_cv_prog_STRIP=strip
ac_cv_prog_ac_ct_AR=ar
ac_cv_prog_ac_ct_CC=gcc
ac_cv_prog_ac_ct_CXX=g++
ac_cv_prog_ac_ct_DUMPBIN='link -dump'
ac_cv_prog_ac_ct_MANIFEST_TOOL=mt
ac_cv_prog_ac_ct_RANLIB=ranlib
ac_cv_prog_ac_ct_STRIP=strip
ac_cv_prog_cc_c89=
ac_cv_prog_cc_g=yes
ac_cv_prog_cxx_g=yes
ac_cv_prog_make_make_set=yes
ac_cv_search_opendir='none required'
ac_cv_search_strerror='none required'
ac_cv_struct_tm=time.h
ac_cv_target=arm-linux-eabi
ac_cv_type_size_t=yes
ac_cv_working_alloca_h=yes
am_cv_CC_dependencies_compiler_type=gcc3
am_cv_CXX_dependencies_compiler_type=gcc3
am_cv_make_support_nested_variables=yes
am_cv_prog_cc_c_o=yes
dummy_cv_ansi=yes
dummy_cv_ffloat_store=yes
dummy_cv_no_long_long=yes
dummy_cv_pedantic=yes
dummy_cv_wall=yes
lt_cv_ar_at_file=@
lt_cv_archive_cmds_need_lc=no
lt_cv_deplibs_check_method=unknown
lt_cv_dlopen=dlopen
lt_cv_dlopen_libs=-ldl
lt_cv_dlopen_self=cross
lt_cv_file_magic_cmd='$MAGIC_CMD'
lt_cv_file_magic_test_file=
lt_cv_ld_reload_flag=-r
lt_cv_nm_interface='BSD nm'
lt_cv_objdir=.libs
lt_cv_path_LD=/usr/bin/ld
lt_cv_path_LDCXX=/usr/bin/ld
lt_cv_path_NM=no
lt_cv_path_mainfest_tool=no
lt_cv_prog_compiler_c_o=yes
lt_cv_prog_compiler_c_o_CXX=yes
lt_cv_prog_compiler_pic='-fPIC -DPIC'
lt_cv_prog_compiler_pic_CXX='-fPIC -DPIC'
lt_cv_prog_compiler_pic_works=yes
lt_cv_prog_compiler_pic_works_CXX=yes
lt_cv_prog_compiler_rtti_exceptions=no
lt_cv_prog_compiler_static_works=yes
lt_cv_prog_compiler_static_works_CXX=yes
lt_cv_prog_gnu_ld=yes
lt_cv_prog_gnu_ldcxx=yes
lt_cv_sharedlib_from_linklib_cmd='printf %s\n'
lt_cv_sys_global_symbol_pipe='sed -n -e '\''s/^.*[	 ]\([ABCDGIRSTW][ABCDGIRSTW]*\)[	 ][	 ]*\([_A-Za-z][_A-Za-z0-9]*\)$/\1 \2 \2/p'\'' | sed '\''/ __gnu_lto/d'\'''
lt_cv_sys_global_symbol_to_c_name_address='sed -n -e '\''s/^: \(.*\) .*$/  {"\1", (void *) 0},/p'\'' -e '\''s/^[ABCDGIRSTW][ABCDGIRSTW]* .* \(.*\)$/  {"\1", (void *) \&\1},/p'\'''
lt_cv_sys_global_symbol_to_c_name_address_lib_prefix='sed -n -e '\''s/^: \(.*\) .*$/  {"\1", (void *) 0},/p'\'' -e '\''s/^[ABCDGIRSTW][ABCDGIRSTW]* .* \(lib.*\)$/  {"\1", (void *) \&\1},/p'\'' -e '\''s/^[ABCDGIRSTW][ABCDGIRSTW]* .* \(.*\)$/  {"lib\1", (void *) \&\1},/p'\'''
lt_cv_sys_global_symbol_to_cdecl='sed -n -e '\''s/^T .* \(.*\)$/extern int \1();/p'\'' -e '\''s/^[ABCDGIRSTW][ABCDGIRSTW]* .* \(.*\)$/extern char \1;/p'\'''
lt_cv_sys_global_symbol_to_import=
lt_cv_sys_max_cmd_len=1572864
lt_cv_to_host_file_cmd=func_convert_file_noop
lt_cv_to_tool_file_cmd=func_convert_file_noop
lt_cv_truncate_bin='/bin/dd bs=4096 count=1'
pgac_cv_type_int64_t_64=no
pgac_cv_type_long_long_int_64=yes

## ----------------- ##
## Output variables. ##
## ----------------- ##

ACLOCAL='${SHELL} /home/mj10777/000_links/geopaparazzi/geopaparazzi.eu/libjsqlite-spatialite-android/libjsqlite-spatialite-android/spatialite-android-library/jni/geos-3.6.1/missing aclocal-1.15'
ALLOCA=''
AMDEPBACKSLASH='\'
AMDEP_FALSE='#'
AMDEP_TRUE=''
AMTAR='$${TAR-tar}'
AM_BACKSLASH='\'
AM_CFLAGS='  -pedantic -Wall -ansi -Wno-long-long  -ffloat-store'
AM_CXXFLAGS=' -DGEOS_INLINE  -pedantic -Wall -ansi -Wno-long-long  -ffloat-store'
AM_DEFAULT_V='$(AM_DEFAULT_VERBOSITY)'
AM_DEFAULT_VERBOSITY='1'
AM_V='$(V)'
AR='ar'
AS='as'
AUTOCONF='${SHELL} /home/mj10777/000_links/geopaparazzi/geopaparazzi.eu/libjsqlite-spatialite-android/libjsqlite-spatialite-android/spatialite-android-library/jni/geos-3.6.1/missing autoconf'
AUTOHEADER='${SHELL} /home/mj10777/000_links/geopaparazzi/geopaparazzi.eu/libjsqlite-spatialite-android/libjsqlite-spatialite-android/spatialite-android-library/jni/geos-3.6.1/missing autoheader'
AUTOMAKE='${SHELL} /home/mj10777/000_links/geopaparazzi/geopaparazzi.eu/libjsqlite-spatialite-android/libjsqlite-spatialite-android/spatialite-android-library/jni/geos-3.6.1/missing automake-1.15'
AWK='gawk'
CAPI_INTERFACE_AGE='10'
CAPI_INTERFACE_CURRENT='11'
CAPI_INTERFACE_REVISION='1'
CAPI_VERSION='1.10.1'
CAPI_VERSION_MAJOR='1'
CAPI_VERSION_MINOR='10'
CAPI_VERSION_PATCH='1'
CC='gcc'
CCDEPMODE='depmode=gcc3'
CFLAGS='-g -O2'
CPP='gcc -E'
CPPFLAGS=''
CXX='g++'
CXXCPP='g++ -E'
CXXDEPMODE='depmode=gcc3'
CXXFLAGS='-g -O2'
CYGPATH_W='echo'
DEFS='-DHAVE_CONFIG_H'
DEPDIR='.deps'
DLLTOOL='dlltool'
DSYMUTIL=''
DUMPBIN=':'
ECHO_C=''
ECHO_N='-n'
ECHO_T=''
EGREP='/bin/grep -E'
ENABLE_PYTHON_FALSE=''
ENABLE_PYTHON_TRUE='#'
ENABLE_RUBY_FALSE=''
ENABLE_RUBY_TRUE='#'
ENABLE_SWIG_FALSE=''
ENABLE_SWIG_TRUE='#'
EXEEXT=''
FGREP='/bin/grep -F'
GREP='/bin/grep'
INLINE_FLAGS='-DGEOS_INLINE'
INSTALL_DATA='${INSTALL} -m 644'
INSTALL_PROGRAM='${INSTALL}'
INSTALL_SCRIPT='${INSTALL}'
INSTALL_STRIP_PROGRAM='$(install_sh) -c -s'
INTERFACE_AGE=''
INTERFACE_CURRENT=''
INTERFACE_REVISION=''
JTS_PORT='1.13.0'
LD='/usr/bin/ld'
LDFLAGS=''
LIBOBJS=' ${LIBOBJDIR}memcmp$U.o'
LIBS=''
LIBTOOL='$(SHELL) $(top_builddir)/libtool'
LIPO=''
LN_S='ln -s'
LTLIBOBJS=' ${LIBOBJDIR}memcmp$U.lo'
LT_SYS_LIBRARY_PATH=''
MAINT='#'
MAINTAINER_MODE_FALSE=''
MAINTAINER_MODE_TRUE='#'
MAKEINFO='${SHELL} /home/mj10777/000_links/geopaparazzi/geopaparazzi.eu/libjsqlite-spatialite-android/libjsqlite-spatialite-android/spatialite-android-library/jni/geos-3.6.1/missing makeinfo'
MANIFEST_TOOL=':'
MKDIR_P='/bin/mkdir -p'
NM='nm'
NMEDIT=''
OBJDUMP='objdump'
OBJEXT='o'
OTOOL64=''
OTOOL=''
PACKAGE='geos'
PACKAGE_BUGREPORT=''
PACKAGE_NAME=''
PACKAGE_STRING=''
PACKAGE_TARNAME=''
PACKAGE_URL=''
PACKAGE_VERSION=''
PATH_SEPARATOR=':'
PYTHON=''
PYTHON_CPPFLAGS=''
PYTHON_EXEC_PREFIX=''
PYTHON_EXTRA_LIBS=''
PYTHON_LDFLAGS=''
PYTHON_PLATFORM=''
PYTHON_PREFIX=''
PYTHON_SITE_PKG=''
PYTHON_VERSION=''
RANLIB='ranlib'
RUBY=''
RUBY_BIN_DIR=''
RUBY_EXTENSION_DIR=''
RUBY_INCLUDE_DIR=''
RUBY_LIB_DIR=''
RUBY_SHARED_LIB=''
RUBY_SITE_ARCH=''
RUBY_SO_NAME=''
RUBY_VERSION=''
SED='/bin/sed'
SET_MAKE=''
SHELL='/bin/bash'
STRIP='strip'
SWIG=''
SWIG_LIB=''
SWIG_PYTHON_CPPFLAGS=''
SWIG_PYTHON_OPT=''
VERSION='3.6.1'
VERSION_MAJOR='3'
VERSION_MINOR='6'
VERSION_PATCH='1'
ac_ct_AR='ar'
ac_ct_CC='gcc'
ac_ct_CXX='g++'
ac_ct_DUMPBIN='link -dump'
am__EXEEXT_FALSE=''
am__EXEEXT_TRUE='#'
am__fastdepCC_FALSE='#'
am__fastdepCC_TRUE=''
am__fastdepCXX_FALSE='#'
am__fastdepCXX_TRUE=''
am__include='include'
am__isrc=''
am__leading_dot='.'
am__nodep='_no'
am__quote=''
am__tar='$${TAR-tar} chof - "$$tardir"'
am__untar='$${TAR-tar} xf -'
bindir='${exec_prefix}/bin'
build='x86_64-pc-linux-gnu'
build_alias='x86_64-pc-linux-gnu'
build_cpu='x86_64'
build_os='linux-gnu'
build_vendor='pc'
datadir='${datarootdir}'
datarootdir='${prefix}/share'
docdir='${datarootdir}/doc/${PACKAGE}'
dvidir='${docdir}'
exec_prefix='${prefix}'
host='arm-linux-eabi'
host_alias='arm-linux-eabi'
host_cpu='arm'
host_os='eabi'
host_vendor='linux'
htmldir='${docdir}'
includedir='${prefix}/include'
infodir='${datarootdir}/info'
install_sh='${SHELL} /home/mj10777/000_links/geopaparazzi/geopaparazzi.eu/libjsqlite-spatialite-android/libjsqlite-spatialite-android/spatialite-android-library/jni/geos-3.6.1/install-sh'
libdir='${exec_prefix}/lib'
libexecdir='${exec_prefix}/libexec'
localedir='${datarootdir}/locale'
localstatedir='${prefix}/var'
mandir='${datarootdir}/man'
mkdir_p='$(MKDIR_P)'
oldincludedir='/usr/include'
pdfdir='${docdir}'
pkgpyexecdir=''
pkgpythondir=''
prefix='/usr/local'
program_transform_name='s,x,x,'
psdir='${docdir}'
pyexecdir=''
pythondir=''
runstatedir='${localstatedir}/run'
sbindir='${exec_prefix}/sbin'
sharedstatedir='${prefix}/com'
sysconfdir='${prefix}/etc'
target='arm-linux-eabi'
target_alias=''
target_cpu='arm'
target_os='eabi'
target_vendor='linux'

## ----------- ##
## confdefs.h. ##
## ----------- ##

/* confdefs.h */
#define PACKAGE_NAME ""
#define PACKAGE_TARNAME ""
#define PACKAGE_VERSION ""
#define PACKAGE_STRING ""
#define PACKAGE_BUGREPORT ""
#define PACKAGE_URL ""
#define STDC_HEADERS 1
#define HAVE_SYS_TYPES_H 1
#define HAVE_SYS_STAT_H 1
#define HAVE_STDLIB_H 1
#define HAVE_STRING_H 1
#define HAVE_MEMORY_H 1
#define HAVE_STRINGS_H 1
#define HAVE_INTTYPES_H 1
#define HAVE_STDINT_H 1
#define HAVE_UNISTD_H 1
#define HAVE_DLFCN_H 1
#define LT_OBJDIR ".libs/"
#define HAVE_DIRENT_H 1
#define CLOSEDIR_VOID 1
#define HAVE_STRFTIME 1
#define HAVE_VPRINTF 1
#define HAVE_ALLOCA_H 1
#define HAVE_ALLOCA 1
#define HAVE_DIRENT_H 1
#define STDC_HEADERS 1
#define HAVE_MEMORY_H 1
#define HAVE_UNISTD_H 1
#define HAVE_SYS_FILE_H 1
#define HAVE_SYS_TIME_H 1
#define HAVE_STRCHR 1
#define HAVE_MEMCPY 1
#define HAVE_GETTIMEOFDAY 1
#define HAVE_FINITE 1
#define HAVE_ISFINITE 1
#define HAVE_ISNAN 1
#define HAVE_LONG_LONG_INT_64 1

configure: exit 0
