This file contains any messages produced by compilers while
running configure, to aid debugging if configure makes a mistake.

It was created by pixman configure 0.36.0, which was
generated by GNU Autoconf 2.69.  Invocation command line was

  $ ./configure --build=x86_64-pc-linux-gnu --host=arm-linux-eabi

## --------- ##
## Platform. ##
## --------- ##

hostname = mj10777-01-l
uname -m = x86_64
uname -r = 3.16.0-38-generic
uname -s = Linux
uname -v = #52-Ubuntu SMP Thu May 7 10:51:21 UTC 2015

/usr/bin/uname -p = unknown
/bin/uname -X     = unknown

/bin/arch              = unknown
/usr/bin/arch -k       = unknown
/usr/convex/getsysinfo = unknown
/usr/bin/hostinfo      = unknown
/bin/machine           = unknown
/usr/bin/oslevel       = unknown
/bin/universe          = unknown

PATH: /usr/local/bin
PATH: /usr/bin
PATH: /home/mj10777/000_links/apps_local/bin
PATH: /home/mj10777/000_links/apps_local/libQt592/bin
PATH: /home/mj10777/000_links/apps_local/gdal_git_master/bin
PATH: /home/mj10777/000_links/apps_local/libproj/proj-6.1.1/bin
PATH: /home/mj10777/000_links/gnu_source/adt-bundle-linux/sdk
PATH: /home/mj10777/000_links/gnu_source/adt-bundle-linux/sdk/tools
PATH: /home/mj10777/000_links/gnu_source/adt-bundle-linux/sdk/platform-tools
PATH: /home/mj10777/000_links/gnu_source/adt-bundle-linux/ndk/android-ndk-r20
PATH: /home/mj10777/000_links/gnu_source/adt-bundle-linux/apache-ant/bin
PATH: /home/mj10777/000_links/gnu_source/adt-bundle-linux/android-studio/bin
PATH: /usr/local/pgsql/bin
PATH: /home/mj10777/bin
PATH: /usr/local/pgsql/bin
PATH: /usr/local/sbin
PATH: /usr/local/bin
PATH: /usr/sbin
PATH: /usr/bin
PATH: /sbin
PATH: /bin
PATH: /usr/games
PATH: /usr/local/games
PATH: /home/mj10777/bin
PATH: /usr/local/java/jdk1.8.0_11/bin


## ----------- ##
## Core tests. ##
## ----------- ##

configure:2613: checking for a BSD-compatible install
configure:2681: result: /usr/bin/install -c
configure:2692: checking whether build environment is sane
configure:2747: result: yes
configure:2806: checking for arm-linux-eabi-strip
configure:2836: result: no
configure:2846: checking for strip
configure:2862: found /usr/bin/strip
configure:2873: result: strip
configure:2885: WARNING: using cross tools not prefixed with host triplet
configure:2898: checking for a thread-safe mkdir -p
configure:2937: result: /bin/mkdir -p
configure:2944: checking for gawk
configure:2960: found /usr/bin/gawk
configure:2971: result: gawk
configure:2982: checking whether make sets $(MAKE)
configure:3004: result: yes
configure:3033: checking whether make supports nested variables
configure:3050: result: yes
configure:3189: checking whether make supports nested variables
configure:3206: result: yes
configure:3225: checking build system type
configure:3239: result: x86_64-pc-linux-gnu
configure:3259: checking host system type
configure:3272: result: arm-linux-eabi
configure:3303: checking for arm-linux-eabi-gcc
configure:3333: result: no
configure:3343: checking for gcc
configure:3359: found /usr/bin/gcc
configure:3370: result: gcc
configure:3599: checking for C compiler version
configure:3608: gcc --version >&5
gcc (Ubuntu 4.9.1-16ubuntu6) 4.9.1
Copyright (C) 2014 Free Software Foundation, Inc.
This is free software; see the source for copying conditions.  There is NO
warranty; not even for MERCHANTABILITY or FITNESS FOR A PARTICULAR PURPOSE.

configure:3619: $? = 0
configure:3608: gcc -v >&5
Using built-in specs.
COLLECT_GCC=gcc
COLLECT_LTO_WRAPPER=/usr/lib/gcc/x86_64-linux-gnu/4.9/lto-wrapper
Target: x86_64-linux-gnu
Configured with: ../src/configure -v --with-pkgversion='Ubuntu 4.9.1-16ubuntu6' --with-bugurl=file:///usr/share/doc/gcc-4.9/README.Bugs --enable-languages=c,c++,java,go,d,fortran,objc,obj-c++ --prefix=/usr --program-suffix=-4.9 --enable-shared --enable-linker-build-id --libexecdir=/usr/lib --without-included-gettext --enable-threads=posix --with-gxx-include-dir=/usr/include/c++/4.9 --libdir=/usr/lib --enable-nls --with-sysroot=/ --enable-clocale=gnu --enable-libstdcxx-debug --enable-libstdcxx-time=yes --enable-gnu-unique-object --disable-vtable-verify --enable-plugin --with-system-zlib --disable-browser-plugin --enable-java-awt=gtk --enable-gtk-cairo --with-java-home=/usr/lib/jvm/java-1.5.0-gcj-4.9-amd64/jre --enable-java-home --with-jvm-root-dir=/usr/lib/jvm/java-1.5.0-gcj-4.9-amd64 --with-jvm-jar-dir=/usr/lib/jvm-exports/java-1.5.0-gcj-4.9-amd64 --with-arch-directory=amd64 --with-ecj-jar=/usr/share/java/eclipse-ecj.jar --enable-objc-gc --enable-multiarch --disable-werror --with-arch-32=i686 --with-abi=m64 --with-multilib-list=m32,m64,mx32 --enable-multilib --with-tune=generic --enable-checking=release --build=x86_64-linux-gnu --host=x86_64-linux-gnu --target=x86_64-linux-gnu
Thread model: posix
gcc version 4.9.1 (Ubuntu 4.9.1-16ubuntu6) 
configure:3619: $? = 0
configure:3608: gcc -V >&5
gcc: error: unrecognized command line option '-V'
gcc: fatal error: no input files
compilation terminated.
configure:3619: $? = 4
configure:3608: gcc -qversion >&5
gcc: error: unrecognized command line option '-qversion'
gcc: fatal error: no input files
compilation terminated.
configure:3619: $? = 4
configure:3639: checking whether the C compiler works
configure:3661: gcc    conftest.c  >&5
configure:3665: $? = 0
configure:3713: result: yes
configure:3716: checking for C compiler default output file name
configure:3718: result: a.out
configure:3724: checking for suffix of executables
configure:3731: gcc -o conftest    conftest.c  >&5
configure:3735: $? = 0
configure:3757: result: 
configure:3779: checking whether we are cross compiling
configure:3817: result: yes
configure:3822: checking for suffix of object files
configure:3844: gcc -c   conftest.c >&5
configure:3848: $? = 0
configure:3869: result: o
configure:3873: checking whether we are using the GNU C compiler
configure:3892: gcc -c   conftest.c >&5
configure:3892: $? = 0
configure:3901: result: yes
configure:3910: checking whether gcc accepts -g
configure:3930: gcc -c -g  conftest.c >&5
configure:3930: $? = 0
configure:3971: result: yes
configure:3988: checking for gcc option to accept ISO C89
configure:4051: gcc  -c -g -O2  conftest.c >&5
configure:4051: $? = 0
configure:4064: result: none needed
configure:4089: checking whether gcc understands -c and -o together
configure:4111: gcc -c conftest.c -o conftest2.o
configure:4114: $? = 0
configure:4111: gcc -c conftest.c -o conftest2.o
configure:4114: $? = 0
configure:4126: result: yes
configure:4146: checking whether make supports the include directive
configure:4161: make -f confmf.GNU && cat confinc.out
this is the am__doit target
configure:4164: $? = 0
configure:4183: result: yes (GNU style)
configure:4208: checking dependency style of gcc
configure:4319: result: gcc3
configure:4343: checking dependency style of gcc
configure:4452: result: gcc3
configure:4513: checking how to print strings
configure:4540: result: printf
configure:4561: checking for a sed that does not truncate output
configure:4625: result: /bin/sed
configure:4643: checking for grep that handles long lines and -e
configure:4701: result: /bin/grep
configure:4706: checking for egrep
configure:4768: result: /bin/grep -E
configure:4773: checking for fgrep
configure:4835: result: /bin/grep -F
configure:4870: checking for ld used by gcc
configure:4937: result: /usr/bin/ld
configure:4944: checking if the linker (/usr/bin/ld) is GNU ld
configure:4959: result: yes
configure:4971: checking for BSD- or MS-compatible name lister (nm)
configure:5025: result: no
configure:5039: checking for arm-linux-eabi-dumpbin
configure:5069: result: no
configure:5039: checking for arm-linux-eabi-link
configure:5069: result: no
configure:5083: checking for dumpbin
configure:5113: result: no
configure:5083: checking for link
configure:5099: found /usr/bin/link
configure:5110: result: link -dump
configure:5155: checking the name lister (nm) interface
configure:5162: gcc -c -g -O2  conftest.c >&5
configure:5165: nm "conftest.o"
configure:5168: output
0000000000000000 B some_variable
configure:5175: result: BSD nm
configure:5178: checking whether ln -s works
configure:5182: result: yes
configure:5190: checking the maximum length of command line arguments
configure:5321: result: 1572864
configure:5369: checking how to convert x86_64-pc-linux-gnu file names to arm-linux-eabi format
configure:5409: result: func_convert_file_noop
configure:5416: checking how to convert x86_64-pc-linux-gnu file names to toolchain format
configure:5436: result: func_convert_file_noop
configure:5443: checking for /usr/bin/ld option to reload object files
configure:5450: result: -r
configure:5484: checking for arm-linux-eabi-objdump
configure:5514: result: no
configure:5524: checking for objdump
configure:5540: found /usr/bin/objdump
configure:5551: result: objdump
configure:5583: checking how to recognize dependent libraries
configure:5783: result: unknown
configure:5828: checking for arm-linux-eabi-dlltool
configure:5858: result: no
configure:5868: checking for dlltool
configure:5898: result: no
configure:5928: checking how to associate runtime and link libraries
configure:5955: result: printf %s\n
configure:5972: checking for arm-linux-eabi-ar
configure:6002: result: no
configure:6016: checking for ar
configure:6032: found /usr/bin/ar
configure:6043: result: ar
configure:6080: checking for archiver @FILE support
configure:6097: gcc -c -g -O2  conftest.c >&5
configure:6097: $? = 0
configure:6100: ar cru libconftest.a @conftest.lst >&5
configure:6103: $? = 0
configure:6108: ar cru libconftest.a @conftest.lst >&5
ar: conftest.o: No such file or directory
configure:6111: $? = 1
configure:6123: result: @
configure:6141: checking for arm-linux-eabi-strip
configure:6168: result: strip
configure:6240: checking for arm-linux-eabi-ranlib
configure:6270: result: no
configure:6280: checking for ranlib
configure:6296: found /usr/bin/ranlib
configure:6307: result: ranlib
configure:6409: checking command to parse nm output from gcc object
configure:6562: gcc -c -g -O2  conftest.c >&5
configure:6565: $? = 0
configure:6569: nm conftest.o | sed -n -e 's/^.*[	 ]\([ABCDGIRSTW][ABCDGIRSTW]*\)[	 ][	 ]*\([_A-Za-z][_A-Za-z0-9]*\)$/\1 \2 \2/p' | sed '/ __gnu_lto/d' > conftest.nm
configure:6635: gcc -o conftest -g -O2   conftest.c conftstm.o >&5
configure:6638: $? = 0
configure:6676: result: ok
configure:6723: checking for sysroot
configure:6753: result: no
configure:6760: checking for a working dd
configure:6798: result: /bin/dd
configure:6802: checking how to truncate binary pipes
configure:6817: result: /bin/dd bs=4096 count=1
configure:7106: checking for arm-linux-eabi-mt
configure:7136: result: no
configure:7146: checking for mt
configure:7162: found /bin/mt
configure:7173: result: mt
configure:7196: checking if mt is a manifest tool
configure:7202: mt '-?'
configure:7210: result: no
configure:7887: checking how to run the C preprocessor
configure:7918: gcc -E  conftest.c
configure:7918: $? = 0
configure:7932: gcc -E  conftest.c
conftest.c:11:28: fatal error: ac_nonexistent.h: No such file or directory
 #include <ac_nonexistent.h>
                            ^
compilation terminated.
configure:7932: $? = 1
configure: failed program was:
| /* confdefs.h */
| #define PACKAGE_NAME "pixman"
| #define PACKAGE_TARNAME "pixman"
| #define PACKAGE_VERSION "0.36.0"
| #define PACKAGE_STRING "pixman 0.36.0"
| #define PACKAGE_BUGREPORT "pixman@lists.freedesktop.org"
| #define PACKAGE_URL ""
| #define PACKAGE "pixman"
| #define VERSION "0.36.0"
| /* end confdefs.h.  */
| #include <ac_nonexistent.h>
configure:7957: result: gcc -E
configure:7977: gcc -E  conftest.c
configure:7977: $? = 0
configure:7991: gcc -E  conftest.c
conftest.c:11:28: fatal error: ac_nonexistent.h: No such file or directory
 #include <ac_nonexistent.h>
                            ^
compilation terminated.
configure:7991: $? = 1
configure: failed program was:
| /* confdefs.h */
| #define PACKAGE_NAME "pixman"
| #define PACKAGE_TARNAME "pixman"
| #define PACKAGE_VERSION "0.36.0"
| #define PACKAGE_STRING "pixman 0.36.0"
| #define PACKAGE_BUGREPORT "pixman@lists.freedesktop.org"
| #define PACKAGE_URL ""
| #define PACKAGE "pixman"
| #define VERSION "0.36.0"
| /* end confdefs.h.  */
| #include <ac_nonexistent.h>
configure:8020: checking for ANSI C header files
configure:8040: gcc -c -g -O2  conftest.c >&5
configure:8040: $? = 0
configure:8124: result: yes
configure:8137: checking for sys/types.h
configure:8137: gcc -c -g -O2  conftest.c >&5
configure:8137: $? = 0
configure:8137: result: yes
configure:8137: checking for sys/stat.h
configure:8137: gcc -c -g -O2  conftest.c >&5
configure:8137: $? = 0
configure:8137: result: yes
configure:8137: checking for stdlib.h
configure:8137: gcc -c -g -O2  conftest.c >&5
configure:8137: $? = 0
configure:8137: result: yes
configure:8137: checking for string.h
configure:8137: gcc -c -g -O2  conftest.c >&5
configure:8137: $? = 0
configure:8137: result: yes
configure:8137: checking for memory.h
configure:8137: gcc -c -g -O2  conftest.c >&5
configure:8137: $? = 0
configure:8137: result: yes
configure:8137: checking for strings.h
configure:8137: gcc -c -g -O2  conftest.c >&5
configure:8137: $? = 0
configure:8137: result: yes
configure:8137: checking for inttypes.h
configure:8137: gcc -c -g -O2  conftest.c >&5
configure:8137: $? = 0
configure:8137: result: yes
configure:8137: checking for stdint.h
configure:8137: gcc -c -g -O2  conftest.c >&5
configure:8137: $? = 0
configure:8137: result: yes
configure:8137: checking for unistd.h
configure:8137: gcc -c -g -O2  conftest.c >&5
configure:8137: $? = 0
configure:8137: result: yes
configure:8151: checking for dlfcn.h
configure:8151: gcc -c -g -O2  conftest.c >&5
configure:8151: $? = 0
configure:8151: result: yes
configure:8407: checking for objdir
configure:8422: result: .libs
configure:8682: checking if gcc supports -fno-rtti -fno-exceptions
configure:8700: gcc -c -g -O2  -fno-rtti -fno-exceptions conftest.c >&5
cc1: warning: command line option '-fno-rtti' is valid for C++/ObjC++ but not for C
configure:8704: $? = 0
configure:8717: result: no
configure:9075: checking for gcc option to produce PIC
configure:9082: result: -fPIC -DPIC
configure:9090: checking if gcc PIC flag -fPIC -DPIC works
configure:9108: gcc -c -g -O2  -fPIC -DPIC -DPIC conftest.c >&5
configure:9112: $? = 0
configure:9125: result: yes
configure:9154: checking if gcc static flag -static works
configure:9182: result: yes
configure:9197: checking if gcc supports -c -o file.o
configure:9218: gcc -c -g -O2  -o out/conftest2.o conftest.c >&5
configure:9222: $? = 0
configure:9244: result: yes
configure:9252: checking if gcc supports -c -o file.o
configure:9299: result: yes
configure:9332: checking whether the gcc linker (/usr/bin/ld) supports shared libraries
configure:10595: result: yes
configure:10632: checking whether -lc should be explicitly linked in
configure:10640: gcc -c -g -O2  conftest.c >&5
configure:10643: $? = 0
configure:10658: gcc -shared  -fPIC -DPIC conftest.o  -v -Wl,-soname -Wl,conftest -o conftest 2\>\&1 \| /bin/grep  -lc  \>/dev/null 2\>\&1
configure:10661: $? = 0
configure:10675: result: no
configure:10835: checking dynamic linker characteristics
configure:11665: result: no
configure:11787: checking how to hardcode library paths into programs
configure:11812: result: immediate
configure:12360: checking whether stripping libraries is possible
configure:12365: result: yes
configure:12400: checking if libtool supports shared libraries
configure:12402: result: no
configure:12405: checking whether to build shared libraries
configure:12430: result: no
configure:12433: checking whether to build static libraries
configure:12437: result: yes
configure:12476: checking for getisax
configure:12476: gcc -o conftest -g -O2   conftest.c  >&5
/tmp/ccvrlFim.o: In function `main':
/home/mj10777/000_links/geopaparazzi/geopaparazzi.eu/libjsqlite-spatialite-android/libjsqlite-spatialite-android/spatialite-android-library/jni/pixman-0.36.0/conftest.c:57: undefined reference to `getisax'
collect2: error: ld returned 1 exit status
configure:12476: $? = 1
configure: failed program was:
| /* confdefs.h */
| #define PACKAGE_NAME "pixman"
| #define PACKAGE_TARNAME "pixman"
| #define PACKAGE_VERSION "0.36.0"
| #define PACKAGE_STRING "pixman 0.36.0"
| #define PACKAGE_BUGREPORT "pixman@lists.freedesktop.org"
| #define PACKAGE_URL ""
| #define PACKAGE "pixman"
| #define VERSION "0.36.0"
| #define STDC_HEADERS 1
| #define HAVE_SYS_TYPES_H 1
| #define HAVE_SYS_STAT_H 1
| #define HAVE_STDLIB_H 1
| #define HAVE_STRING_H 1
| #define HAVE_MEMORY_H 1
| #define HAVE_STRINGS_H 1
| #define HAVE_INTTYPES_H 1
| #define HAVE_STDINT_H 1
| #define HAVE_UNISTD_H 1
| #define HAVE_DLFCN_H 1
| #define LT_OBJDIR ".libs/"
| /* end confdefs.h.  */
| /* Define getisax to an innocuous variant, in case <limits.h> declares getisax.
|    For example, HP-UX 11i <limits.h> declares gettimeofday.  */
| #define getisax innocuous_getisax
| 
| /* System header to define __stub macros and hopefully few prototypes,
|     which can conflict with char getisax (); below.
|     Prefer <limits.h> to <assert.h> if __STDC__ is defined, since
|     <limits.h> exists even on freestanding compilers.  */
| 
| #ifdef __STDC__
| # include <limits.h>
| #else
| # include <assert.h>
| #endif
| 
| #undef getisax
| 
| /* Override any GCC internal prototype to avoid an error.
|    Use char because int might match the return type of a GCC
|    builtin and then its argument prototype would still apply.  */
| #ifdef __cplusplus
| extern "C"
| #endif
| char getisax ();
| /* The GNU C library defines this for functions which it implements
|     to always fail with ENOSYS.  Some functions are actually named
|     something starting with __ and the normal name is an alias.  */
| #if defined __stub_getisax || defined __stub___getisax
| choke me
| #endif
| 
| int
| main ()
| {
| return getisax ();
|   ;
|   return 0;
| }
configure:12476: result: no
configure:12485: checking whether byte ordering is bigendian
configure:12500: gcc -c -g -O2  conftest.c >&5
conftest.c:24:9: error: unknown type name 'not'
         not a universal capable compiler
         ^
conftest.c:24:15: error: expected '=', ',', ';', 'asm' or '__attribute__' before 'universal'
         not a universal capable compiler
               ^
conftest.c:24:15: error: unknown type name 'universal'
configure:12500: $? = 1
configure: failed program was:
| /* confdefs.h */
| #define PACKAGE_NAME "pixman"
| #define PACKAGE_TARNAME "pixman"
| #define PACKAGE_VERSION "0.36.0"
| #define PACKAGE_STRING "pixman 0.36.0"
| #define PACKAGE_BUGREPORT "pixman@lists.freedesktop.org"
| #define PACKAGE_URL ""
| #define PACKAGE "pixman"
| #define VERSION "0.36.0"
| #define STDC_HEADERS 1
| #define HAVE_SYS_TYPES_H 1
| #define HAVE_SYS_STAT_H 1
| #define HAVE_STDLIB_H 1
| #define HAVE_STRING_H 1
| #define HAVE_MEMORY_H 1
| #define HAVE_STRINGS_H 1
| #define HAVE_INTTYPES_H 1
| #define HAVE_STDINT_H 1
| #define HAVE_UNISTD_H 1
| #define HAVE_DLFCN_H 1
| #define LT_OBJDIR ".libs/"
| /* end confdefs.h.  */
| #ifndef __APPLE_CC__
| 	       not a universal capable compiler
| 	     #endif
| 	     typedef int dummy;
| 
configure:12545: gcc -c -g -O2  conftest.c >&5
configure:12545: $? = 0
configure:12563: gcc -c -g -O2  conftest.c >&5
conftest.c: In function 'main':
conftest.c:30:4: error: unknown type name 'not'
    not big endian
    ^
conftest.c:30:12: error: expected '=', ',', ';', 'asm' or '__attribute__' before 'endian'
    not big endian
            ^
configure:12563: $? = 1
configure: failed program was:
| /* confdefs.h */
| #define PACKAGE_NAME "pixman"
| #define PACKAGE_TARNAME "pixman"
| #define PACKAGE_VERSION "0.36.0"
| #define PACKAGE_STRING "pixman 0.36.0"
| #define PACKAGE_BUGREPORT "pixman@lists.freedesktop.org"
| #define PACKAGE_URL ""
| #define PACKAGE "pixman"
| #define VERSION "0.36.0"
| #define STDC_HEADERS 1
| #define HAVE_SYS_TYPES_H 1
| #define HAVE_SYS_STAT_H 1
| #define HAVE_STDLIB_H 1
| #define HAVE_STRING_H 1
| #define HAVE_MEMORY_H 1
| #define HAVE_STRINGS_H 1
| #define HAVE_INTTYPES_H 1
| #define HAVE_STDINT_H 1
| #define HAVE_UNISTD_H 1
| #define HAVE_DLFCN_H 1
| #define LT_OBJDIR ".libs/"
| /* end confdefs.h.  */
| #include <sys/types.h>
| 		#include <sys/param.h>
| 
| int
| main ()
| {
| #if BYTE_ORDER != BIG_ENDIAN
| 		 not big endian
| 		#endif
| 
|   ;
|   return 0;
| }
configure:12691: result: no
configure:12709: checking for inline
configure:12725: gcc -c -g -O2  conftest.c >&5
configure:12725: $? = 0
configure:12733: result: inline
configure:12757: checking whether the compiler supports -Werror
configure:12773: gcc -o conftest -g -O2 -Werror    conftest.c   >&5
configure:12773: $? = 0
configure:12796: result: yes
configure:12807: checking size of long
configure:12812: gcc -c -g -O2  conftest.c >&5
configure:12812: $? = 0
configure:12812: gcc -c -g -O2  conftest.c >&5
conftest.c: In function 'main':
conftest.c:59:12: error: size of array 'test_array' is negative
 static int test_array [1 - 2 * !(((long int) (sizeof (long))) <= 0)];
            ^
configure:12812: $? = 1
configure: failed program was:
| /* confdefs.h */
| #define PACKAGE_NAME "pixman"
| #define PACKAGE_TARNAME "pixman"
| #define PACKAGE_VERSION "0.36.0"
| #define PACKAGE_STRING "pixman 0.36.0"
| #define PACKAGE_BUGREPORT "pixman@lists.freedesktop.org"
| #define PACKAGE_URL ""
| #define PACKAGE "pixman"
| #define VERSION "0.36.0"
| #define STDC_HEADERS 1
| #define HAVE_SYS_TYPES_H 1
| #define HAVE_SYS_STAT_H 1
| #define HAVE_STDLIB_H 1
| #define HAVE_STRING_H 1
| #define HAVE_MEMORY_H 1
| #define HAVE_STRINGS_H 1
| #define HAVE_INTTYPES_H 1
| #define HAVE_STDINT_H 1
| #define HAVE_UNISTD_H 1
| #define HAVE_DLFCN_H 1
| #define LT_OBJDIR ".libs/"
| /* end confdefs.h.  */
| #include <stdio.h>
| #ifdef HAVE_SYS_TYPES_H
| # include <sys/types.h>
| #endif
| #ifdef HAVE_SYS_STAT_H
| # include <sys/stat.h>
| #endif
| #ifdef STDC_HEADERS
| # include <stdlib.h>
| # include <stddef.h>
| #else
| # ifdef HAVE_STDLIB_H
| #  include <stdlib.h>
| # endif
| #endif
| #ifdef HAVE_STRING_H
| # if !defined STDC_HEADERS && defined HAVE_MEMORY_H
| #  include <memory.h>
| # endif
| # include <string.h>
| #endif
| #ifdef HAVE_STRINGS_H
| # include <strings.h>
| #endif
| #ifdef HAVE_INTTYPES_H
| # include <inttypes.h>
| #endif
| #ifdef HAVE_STDINT_H
| # include <stdint.h>
| #endif
| #ifdef HAVE_UNISTD_H
| # include <unistd.h>
| #endif
| int
| main ()
| {
| static int test_array [1 - 2 * !(((long int) (sizeof (long))) <= 0)];
| test_array [0] = 0;
| return test_array [0];
| 
|   ;
|   return 0;
| }
configure:12812: gcc -c -g -O2  conftest.c >&5
conftest.c: In function 'main':
conftest.c:59:12: error: size of array 'test_array' is negative
 static int test_array [1 - 2 * !(((long int) (sizeof (long))) <= 1)];
            ^
configure:12812: $? = 1
configure: failed program was:
| /* confdefs.h */
| #define PACKAGE_NAME "pixman"
| #define PACKAGE_TARNAME "pixman"
| #define PACKAGE_VERSION "0.36.0"
| #define PACKAGE_STRING "pixman 0.36.0"
| #define PACKAGE_BUGREPORT "pixman@lists.freedesktop.org"
| #define PACKAGE_URL ""
| #define PACKAGE "pixman"
| #define VERSION "0.36.0"
| #define STDC_HEADERS 1
| #define HAVE_SYS_TYPES_H 1
| #define HAVE_SYS_STAT_H 1
| #define HAVE_STDLIB_H 1
| #define HAVE_STRING_H 1
| #define HAVE_MEMORY_H 1
| #define HAVE_STRINGS_H 1
| #define HAVE_INTTYPES_H 1
| #define HAVE_STDINT_H 1
| #define HAVE_UNISTD_H 1
| #define HAVE_DLFCN_H 1
| #define LT_OBJDIR ".libs/"
| /* end confdefs.h.  */
| #include <stdio.h>
| #ifdef HAVE_SYS_TYPES_H
| # include <sys/types.h>
| #endif
| #ifdef HAVE_SYS_STAT_H
| # include <sys/stat.h>
| #endif
| #ifdef STDC_HEADERS
| # include <stdlib.h>
| # include <stddef.h>
| #else
| # ifdef HAVE_STDLIB_H
| #  include <stdlib.h>
| # endif
| #endif
| #ifdef HAVE_STRING_H
| # if !defined STDC_HEADERS && defined HAVE_MEMORY_H
| #  include <memory.h>
| # endif
| # include <string.h>
| #endif
| #ifdef HAVE_STRINGS_H
| # include <strings.h>
| #endif
| #ifdef HAVE_INTTYPES_H
| # include <inttypes.h>
| #endif
| #ifdef HAVE_STDINT_H
| # include <stdint.h>
| #endif
| #ifdef HAVE_UNISTD_H
| # include <unistd.h>
| #endif
| int
| main ()
| {
| static int test_array [1 - 2 * !(((long int) (sizeof (long))) <= 1)];
| test_array [0] = 0;
| return test_array [0];
| 
|   ;
|   return 0;
| }
configure:12812: gcc -c -g -O2  conftest.c >&5
conftest.c: In function 'main':
conftest.c:59:12: error: size of array 'test_array' is negative
 static int test_array [1 - 2 * !(((long int) (sizeof (long))) <= 3)];
            ^
configure:12812: $? = 1
configure: failed program was:
| /* confdefs.h */
| #define PACKAGE_NAME "pixman"
| #define PACKAGE_TARNAME "pixman"
| #define PACKAGE_VERSION "0.36.0"
| #define PACKAGE_STRING "pixman 0.36.0"
| #define PACKAGE_BUGREPORT "pixman@lists.freedesktop.org"
| #define PACKAGE_URL ""
| #define PACKAGE "pixman"
| #define VERSION "0.36.0"
| #define STDC_HEADERS 1
| #define HAVE_SYS_TYPES_H 1
| #define HAVE_SYS_STAT_H 1
| #define HAVE_STDLIB_H 1
| #define HAVE_STRING_H 1
| #define HAVE_MEMORY_H 1
| #define HAVE_STRINGS_H 1
| #define HAVE_INTTYPES_H 1
| #define HAVE_STDINT_H 1
| #define HAVE_UNISTD_H 1
| #define HAVE_DLFCN_H 1
| #define LT_OBJDIR ".libs/"
| /* end confdefs.h.  */
| #include <stdio.h>
| #ifdef HAVE_SYS_TYPES_H
| # include <sys/types.h>
| #endif
| #ifdef HAVE_SYS_STAT_H
| # include <sys/stat.h>
| #endif
| #ifdef STDC_HEADERS
| # include <stdlib.h>
| # include <stddef.h>
| #else
| # ifdef HAVE_STDLIB_H
| #  include <stdlib.h>
| # endif
| #endif
| #ifdef HAVE_STRING_H
| # if !defined STDC_HEADERS && defined HAVE_MEMORY_H
| #  include <memory.h>
| # endif
| # include <string.h>
| #endif
| #ifdef HAVE_STRINGS_H
| # include <strings.h>
| #endif
| #ifdef HAVE_INTTYPES_H
| # include <inttypes.h>
| #endif
| #ifdef HAVE_STDINT_H
| # include <stdint.h>
| #endif
| #ifdef HAVE_UNISTD_H
| # include <unistd.h>
| #endif
| int
| main ()
| {
| static int test_array [1 - 2 * !(((long int) (sizeof (long))) <= 3)];
| test_array [0] = 0;
| return test_array [0];
| 
|   ;
|   return 0;
| }
configure:12812: gcc -c -g -O2  conftest.c >&5
conftest.c: In function 'main':
conftest.c:59:12: error: size of array 'test_array' is negative
 static int test_array [1 - 2 * !(((long int) (sizeof (long))) <= 7)];
            ^
configure:12812: $? = 1
configure: failed program was:
| /* confdefs.h */
| #define PACKAGE_NAME "pixman"
| #define PACKAGE_TARNAME "pixman"
| #define PACKAGE_VERSION "0.36.0"
| #define PACKAGE_STRING "pixman 0.36.0"
| #define PACKAGE_BUGREPORT "pixman@lists.freedesktop.org"
| #define PACKAGE_URL ""
| #define PACKAGE "pixman"
| #define VERSION "0.36.0"
| #define STDC_HEADERS 1
| #define HAVE_SYS_TYPES_H 1
| #define HAVE_SYS_STAT_H 1
| #define HAVE_STDLIB_H 1
| #define HAVE_STRING_H 1
| #define HAVE_MEMORY_H 1
| #define HAVE_STRINGS_H 1
| #define HAVE_INTTYPES_H 1
| #define HAVE_STDINT_H 1
| #define HAVE_UNISTD_H 1
| #define HAVE_DLFCN_H 1
| #define LT_OBJDIR ".libs/"
| /* end confdefs.h.  */
| #include <stdio.h>
| #ifdef HAVE_SYS_TYPES_H
| # include <sys/types.h>
| #endif
| #ifdef HAVE_SYS_STAT_H
| # include <sys/stat.h>
| #endif
| #ifdef STDC_HEADERS
| # include <stdlib.h>
| # include <stddef.h>
| #else
| # ifdef HAVE_STDLIB_H
| #  include <stdlib.h>
| # endif
| #endif
| #ifdef HAVE_STRING_H
| # if !defined STDC_HEADERS && defined HAVE_MEMORY_H
| #  include <memory.h>
| # endif
| # include <string.h>
| #endif
| #ifdef HAVE_STRINGS_H
| # include <strings.h>
| #endif
| #ifdef HAVE_INTTYPES_H
| # include <inttypes.h>
| #endif
| #ifdef HAVE_STDINT_H
| # include <stdint.h>
| #endif
| #ifdef HAVE_UNISTD_H
| # include <unistd.h>
| #endif
| int
| main ()
| {
| static int test_array [1 - 2 * !(((long int) (sizeof (long))) <= 7)];
| test_array [0] = 0;
| return test_array [0];
| 
|   ;
|   return 0;
| }
configure:12812: gcc -c -g -O2  conftest.c >&5
configure:12812: $? = 0
configure:12812: gcc -c -g -O2  conftest.c >&5
configure:12812: $? = 0
configure:12812: gcc -c -g -O2  conftest.c >&5
configure:12812: $? = 0
configure:12812: gcc -c -g -O2  conftest.c >&5
configure:12812: $? = 0
configure:12826: result: 8
configure:12838: checking whether __SUNPRO_C is declared
configure:12838: gcc -c -g -O2  conftest.c >&5
conftest.c: In function 'main':
conftest.c:64:10: error: '__SUNPRO_C' undeclared (first use in this function)
   (void) __SUNPRO_C;
          ^
conftest.c:64:10: note: each undeclared identifier is reported only once for each function it appears in
configure:12838: $? = 1
configure: failed program was:
| /* confdefs.h */
| #define PACKAGE_NAME "pixman"
| #define PACKAGE_TARNAME "pixman"
| #define PACKAGE_VERSION "0.36.0"
| #define PACKAGE_STRING "pixman 0.36.0"
| #define PACKAGE_BUGREPORT "pixman@lists.freedesktop.org"
| #define PACKAGE_URL ""
| #define PACKAGE "pixman"
| #define VERSION "0.36.0"
| #define STDC_HEADERS 1
| #define HAVE_SYS_TYPES_H 1
| #define HAVE_SYS_STAT_H 1
| #define HAVE_STDLIB_H 1
| #define HAVE_STRING_H 1
| #define HAVE_MEMORY_H 1
| #define HAVE_STRINGS_H 1
| #define HAVE_INTTYPES_H 1
| #define HAVE_STDINT_H 1
| #define HAVE_UNISTD_H 1
| #define HAVE_DLFCN_H 1
| #define LT_OBJDIR ".libs/"
| #define SIZEOF_LONG 8
| /* end confdefs.h.  */
| #include <stdio.h>
| #ifdef HAVE_SYS_TYPES_H
| # include <sys/types.h>
| #endif
| #ifdef HAVE_SYS_STAT_H
| # include <sys/stat.h>
| #endif
| #ifdef STDC_HEADERS
| # include <stdlib.h>
| # include <stddef.h>
| #else
| # ifdef HAVE_STDLIB_H
| #  include <stdlib.h>
| # endif
| #endif
| #ifdef HAVE_STRING_H
| # if !defined STDC_HEADERS && defined HAVE_MEMORY_H
| #  include <memory.h>
| # endif
| # include <string.h>
| #endif
| #ifdef HAVE_STRINGS_H
| # include <strings.h>
| #endif
| #ifdef HAVE_INTTYPES_H
| # include <inttypes.h>
| #endif
| #ifdef HAVE_STDINT_H
| # include <stdint.h>
| #endif
| #ifdef HAVE_UNISTD_H
| # include <unistd.h>
| #endif
| int
| main ()
| {
| #ifndef __SUNPRO_C
| #ifdef __cplusplus
|   (void) __SUNPRO_C;
| #else
|   (void) __SUNPRO_C;
| #endif
| #endif
| 
|   ;
|   return 0;
| }
configure:12838: result: no
configure:12845: checking whether __amd64 is declared
configure:12845: gcc -c -g -O2  conftest.c >&5
configure:12845: $? = 0
configure:12845: result: yes
configure:12886: checking whether the compiler supports -Wall
configure:12904: gcc -o conftest -g -O2 -Werror -Wall    conftest.c   >&5
configure:12904: $? = 0
configure:12930: result: yes
configure:12933: checking whether the compiler supports -Wdeclaration-after-statement
configure:12951: gcc -o conftest -g -O2 -Wall -Werror -Wdeclaration-after-statement    conftest.c   >&5
configure:12951: $? = 0
configure:12977: result: yes
configure:12980: checking whether the compiler supports -Wno-unused-local-typedefs
configure:12998: gcc -o conftest -g -O2 -Wall -Wdeclaration-after-statement -Werror -Wno-unused-local-typedefs    conftest.c   >&5
configure:12998: $? = 0
configure:13024: result: yes
configure:13027: checking whether the compiler supports -fno-strict-aliasing
configure:13045: gcc -o conftest -g -O2 -Wall -Wdeclaration-after-statement -Wno-unused-local-typedefs -Werror -fno-strict-aliasing    conftest.c   >&5
configure:13045: $? = 0
configure:13071: result: yes
configure:13086: checking for gcc option to support OpenMP
configure:13101: gcc -o conftest -g -O2 -Wall -Wdeclaration-after-statement -Wno-unused-local-typedefs -fno-strict-aliasing   conftest.c  >&5
conftest.c:26:2: error: unknown type name 'choke'
  choke me
  ^
In file included from conftest.c:28:0:
/usr/lib/gcc/x86_64-linux-gnu/4.9/include/omp.h:34:1: error: expected '=', ',', ';', 'asm' or '__attribute__' before 'typedef'
 typedef struct
 ^
configure:13101: $? = 1
configure: failed program was:
| /* confdefs.h */
| #define PACKAGE_NAME "pixman"
| #define PACKAGE_TARNAME "pixman"
| #define PACKAGE_VERSION "0.36.0"
| #define PACKAGE_STRING "pixman 0.36.0"
| #define PACKAGE_BUGREPORT "pixman@lists.freedesktop.org"
| #define PACKAGE_URL ""
| #define PACKAGE "pixman"
| #define VERSION "0.36.0"
| #define STDC_HEADERS 1
| #define HAVE_SYS_TYPES_H 1
| #define HAVE_SYS_STAT_H 1
| #define HAVE_STDLIB_H 1
| #define HAVE_STRING_H 1
| #define HAVE_MEMORY_H 1
| #define HAVE_STRINGS_H 1
| #define HAVE_INTTYPES_H 1
| #define HAVE_STDINT_H 1
| #define HAVE_UNISTD_H 1
| #define HAVE_DLFCN_H 1
| #define LT_OBJDIR ".libs/"
| #define SIZEOF_LONG 8
| /* end confdefs.h.  */
| 
| #ifndef _OPENMP
|  choke me
| #endif
| #include <omp.h>
| int main () { return omp_get_num_threads (); }
| 
configure:13119: gcc -o conftest -g -O2 -Wall -Wdeclaration-after-statement -Wno-unused-local-typedefs -fno-strict-aliasing -fopenmp   conftest.c  >&5
configure:13119: $? = 0
configure:13133: result: -fopenmp
configure:13199: gcc -o conftest -g -O2 -Wall -Wdeclaration-after-statement -Wno-unused-local-typedefs -fno-strict-aliasing -fopenmp   -fopenmp conftest.c   >&5
configure:13199: $? = 0
configure:13231: checking whether the compiler supports -fvisibility=hidden
configure:13256: gcc -o conftest -g -O2 -Wall -Wdeclaration-after-statement -Wno-unused-local-typedefs -fno-strict-aliasing -Werror -fvisibility=hidden    conftest.c   >&5
configure:13256: $? = 0
configure:13282: result: yes
configure:13286: checking whether the compiler supports -xldscope=hidden
configure:13308: gcc -o conftest -g -O2 -Wall -Wdeclaration-after-statement -Wno-unused-local-typedefs -fno-strict-aliasing -fvisibility=hidden -Werror -xldscope=hidden    conftest.c   >&5
gcc: error: language ldscope=hidden not recognized
gcc: error: language ldscope=hidden not recognized
configure:13308: $? = 1
configure: failed program was:
| /* confdefs.h */
| #define PACKAGE_NAME "pixman"
| #define PACKAGE_TARNAME "pixman"
| #define PACKAGE_VERSION "0.36.0"
| #define PACKAGE_STRING "pixman 0.36.0"
| #define PACKAGE_BUGREPORT "pixman@lists.freedesktop.org"
| #define PACKAGE_URL ""
| #define PACKAGE "pixman"
| #define VERSION "0.36.0"
| #define STDC_HEADERS 1
| #define HAVE_SYS_TYPES_H 1
| #define HAVE_SYS_STAT_H 1
| #define HAVE_STDLIB_H 1
| #define HAVE_STRING_H 1
| #define HAVE_MEMORY_H 1
| #define HAVE_STRINGS_H 1
| #define HAVE_INTTYPES_H 1
| #define HAVE_STDINT_H 1
| #define HAVE_UNISTD_H 1
| #define HAVE_DLFCN_H 1
| #define LT_OBJDIR ".libs/"
| #define SIZEOF_LONG 8
| #define USE_OPENMP 1
| /* end confdefs.h.  */
| #if defined(__SUNPRO_C) && (__SUNPRO_C >= 0x550)
| #else
| #error Need Sun Studio 8 for visibility
| #endif
| 
| 		 int main(int c, char **v) { (void)c; (void)v; return 0; }
| 
configure:13334: result: no
configure:13344: checking whether to use Loongson MMI assembler
configure:13369: gcc -o conftest  -march=loongson2f -g -O2 -Wall -Wdeclaration-after-statement -Wno-unused-local-typedefs -fno-strict-aliasing -fvisibility=hidden -I.   conftest.c  >&5
conftest.c:1:0: error: bad value (loongson2f) for -march= switch
 /* confdefs.h */
 ^
configure:13369: $? = 1
configure: failed program was:
| /* confdefs.h */
| #define PACKAGE_NAME "pixman"
| #define PACKAGE_TARNAME "pixman"
| #define PACKAGE_VERSION "0.36.0"
| #define PACKAGE_STRING "pixman 0.36.0"
| #define PACKAGE_BUGREPORT "pixman@lists.freedesktop.org"
| #define PACKAGE_URL ""
| #define PACKAGE "pixman"
| #define VERSION "0.36.0"
| #define STDC_HEADERS 1
| #define HAVE_SYS_TYPES_H 1
| #define HAVE_SYS_STAT_H 1
| #define HAVE_STDLIB_H 1
| #define HAVE_STRING_H 1
| #define HAVE_MEMORY_H 1
| #define HAVE_STRINGS_H 1
| #define HAVE_INTTYPES_H 1
| #define HAVE_STDINT_H 1
| #define HAVE_UNISTD_H 1
| #define HAVE_DLFCN_H 1
| #define LT_OBJDIR ".libs/"
| #define SIZEOF_LONG 8
| #define USE_OPENMP 1
| /* end confdefs.h.  */
| 
| #ifndef __mips_loongson_vector_rev
| #error "Loongson Multimedia Instructions are only available on Loongson"
| #endif
| #if defined(__GNUC__) && (__GNUC__ < 4 || (__GNUC__ == 4 && __GNUC_MINOR__ < 4))
| #error "Need GCC >= 4.4 for Loongson MMI compilation"
| #endif
| #include "pixman/loongson-mmintrin.h"
| int main () {
|     union {
|         __m64 v;
|         char c[8];
|     } a = { .c = {1, 2, 3, 4, 5, 6, 7, 8} };
|     int b = 4;
|     __m64 c = _mm_srli_pi16 (a.v, b);
|     return 0;
| }
configure:13396: result: no
configure:13426: checking whether to use MMX intrinsics
configure:13468: gcc -c -mmmx -Winline -g -O2 -Wall -Wdeclaration-after-statement -Wno-unused-local-typedefs -fno-strict-aliasing -fvisibility=hidden  conftest.c >&5
configure:13468: $? = 0
configure:13494: result: yes
configure:13522: checking whether to use SSE2 intrinsics
configure:13545: gcc -c -msse2 -Winline -g -O2 -Wall -Wdeclaration-after-statement -Wno-unused-local-typedefs -fno-strict-aliasing -fvisibility=hidden  conftest.c >&5
configure:13545: $? = 0
configure:13569: result: yes
configure:13590: checking whether to use SSSE3 intrinsics
configure:13609: gcc -c -mssse3 -Winline -g -O2 -Wall -Wdeclaration-after-statement -Wno-unused-local-typedefs -fno-strict-aliasing -fvisibility=hidden  conftest.c >&5
configure:13609: $? = 0
configure:13633: result: yes
configure:13700: checking whether to use VMX/Altivec intrinsics
configure:13717: gcc -c -maltivec -mabi=altivec -g -O2 -Wall -Wdeclaration-after-statement -Wno-unused-local-typedefs -fno-strict-aliasing -fvisibility=hidden  conftest.c >&5
gcc: error: unrecognized argument in option '-mabi=altivec'
gcc: note: valid arguments to '-mabi=' are: ms sysv
gcc: error: unrecognized command line option '-maltivec'
configure:13717: $? = 1
configure: failed program was:
| /* confdefs.h */
| #define PACKAGE_NAME "pixman"
| #define PACKAGE_TARNAME "pixman"
| #define PACKAGE_VERSION "0.36.0"
| #define PACKAGE_STRING "pixman 0.36.0"
| #define PACKAGE_BUGREPORT "pixman@lists.freedesktop.org"
| #define PACKAGE_URL ""
| #define PACKAGE "pixman"
| #define VERSION "0.36.0"
| #define STDC_HEADERS 1
| #define HAVE_SYS_TYPES_H 1
| #define HAVE_SYS_STAT_H 1
| #define HAVE_STDLIB_H 1
| #define HAVE_STRING_H 1
| #define HAVE_MEMORY_H 1
| #define HAVE_STRINGS_H 1
| #define HAVE_INTTYPES_H 1
| #define HAVE_STDINT_H 1
| #define HAVE_UNISTD_H 1
| #define HAVE_DLFCN_H 1
| #define LT_OBJDIR ".libs/"
| #define SIZEOF_LONG 8
| #define USE_OPENMP 1
| #define USE_X86_MMX 1
| #define USE_SSE2 1
| #define USE_SSSE3 1
| /* end confdefs.h.  */
| 
| #if defined(__GNUC__) && (__GNUC__ < 3 || (__GNUC__ == 3 && __GNUC_MINOR__ < 4))
| #error "Need GCC >= 3.4 for sane altivec support"
| #endif
| #include <altivec.h>
| int main () {
|     vector unsigned int v = vec_splat_u32 (1);
|     v = vec_sub (v, v);
|     return 0;
| }
configure:13743: result: no
configure:13761: checking whether to use ARM SIMD assembler
configure:13779: gcc -c -x assembler-with-cpp -g -O2 -Wall -Wdeclaration-after-statement -Wno-unused-local-typedefs -fno-strict-aliasing -fvisibility=hidden  conftest.c >&5
conftest.c:35:2: error: #error EABI is required (to be sure that calling conventions are compatible)
 #error EABI is required (to be sure that calling conventions are compatible)
  ^
configure:13779: $? = 1
configure: failed program was:
| /* confdefs.h */
| #define PACKAGE_NAME "pixman"
| #define PACKAGE_TARNAME "pixman"
| #define PACKAGE_VERSION "0.36.0"
| #define PACKAGE_STRING "pixman 0.36.0"
| #define PACKAGE_BUGREPORT "pixman@lists.freedesktop.org"
| #define PACKAGE_URL ""
| #define PACKAGE "pixman"
| #define VERSION "0.36.0"
| #define STDC_HEADERS 1
| #define HAVE_SYS_TYPES_H 1
| #define HAVE_SYS_STAT_H 1
| #define HAVE_STDLIB_H 1
| #define HAVE_STRING_H 1
| #define HAVE_MEMORY_H 1
| #define HAVE_STRINGS_H 1
| #define HAVE_INTTYPES_H 1
| #define HAVE_STDINT_H 1
| #define HAVE_UNISTD_H 1
| #define HAVE_DLFCN_H 1
| #define LT_OBJDIR ".libs/"
| #define SIZEOF_LONG 8
| #define USE_OPENMP 1
| #define USE_X86_MMX 1
| #define USE_SSE2 1
| #define USE_SSSE3 1
| /* end confdefs.h.  */
| 
| .text
| .arch armv6
| .object_arch armv4
| .arm
| .altmacro
| #ifndef __ARM_EABI__
| #error EABI is required (to be sure that calling conventions are compatible)
| #endif
| pld [r0]
| uqadd8 r0, r0, r0
configure:13812: result: no
configure:13819: checking whether to use ARM NEON assembler
configure:13839: gcc -c -x assembler-with-cpp -g -O2 -Wall -Wdeclaration-after-statement -Wno-unused-local-typedefs -fno-strict-aliasing -fvisibility=hidden  conftest.c >&5
conftest.c:37:2: error: #error EABI is required (to be sure that calling conventions are compatible)
 #error EABI is required (to be sure that calling conventions are compatible)
  ^
configure:13839: $? = 1
configure: failed program was:
| /* confdefs.h */
| #define PACKAGE_NAME "pixman"
| #define PACKAGE_TARNAME "pixman"
| #define PACKAGE_VERSION "0.36.0"
| #define PACKAGE_STRING "pixman 0.36.0"
| #define PACKAGE_BUGREPORT "pixman@lists.freedesktop.org"
| #define PACKAGE_URL ""
| #define PACKAGE "pixman"
| #define VERSION "0.36.0"
| #define STDC_HEADERS 1
| #define HAVE_SYS_TYPES_H 1
| #define HAVE_SYS_STAT_H 1
| #define HAVE_STDLIB_H 1
| #define HAVE_STRING_H 1
| #define HAVE_MEMORY_H 1
| #define HAVE_STRINGS_H 1
| #define HAVE_INTTYPES_H 1
| #define HAVE_STDINT_H 1
| #define HAVE_UNISTD_H 1
| #define HAVE_DLFCN_H 1
| #define LT_OBJDIR ".libs/"
| #define SIZEOF_LONG 8
| #define USE_OPENMP 1
| #define USE_X86_MMX 1
| #define USE_SSE2 1
| #define USE_SSSE3 1
| /* end confdefs.h.  */
| 
| .text
| .fpu neon
| .arch armv7a
| .object_arch armv4
| .eabi_attribute 10, 0
| .arm
| .altmacro
| #ifndef __ARM_EABI__
| #error EABI is required (to be sure that calling conventions are compatible)
| #endif
| pld [r0]
| vmovn.u16 d0, q0
configure:13872: result: no
configure:13903: checking whether to use ARM IWMMXT intrinsics
configure:13929: gcc -c -g -O2 -Wall -Wdeclaration-after-statement -Wno-unused-local-typedefs -fno-strict-aliasing -fvisibility=hidden -flax-vector-conversions -Winline -march=iwmmxt2  conftest.c >&5
conftest.c:1:0: error: bad value (iwmmxt2) for -march= switch
 /* confdefs.h */
 ^
configure:13929: $? = 1
configure: failed program was:
| /* confdefs.h */
| #define PACKAGE_NAME "pixman"
| #define PACKAGE_TARNAME "pixman"
| #define PACKAGE_VERSION "0.36.0"
| #define PACKAGE_STRING "pixman 0.36.0"
| #define PACKAGE_BUGREPORT "pixman@lists.freedesktop.org"
| #define PACKAGE_URL ""
| #define PACKAGE "pixman"
| #define VERSION "0.36.0"
| #define STDC_HEADERS 1
| #define HAVE_SYS_TYPES_H 1
| #define HAVE_SYS_STAT_H 1
| #define HAVE_STDLIB_H 1
| #define HAVE_STRING_H 1
| #define HAVE_MEMORY_H 1
| #define HAVE_STRINGS_H 1
| #define HAVE_INTTYPES_H 1
| #define HAVE_STDINT_H 1
| #define HAVE_UNISTD_H 1
| #define HAVE_DLFCN_H 1
| #define LT_OBJDIR ".libs/"
| #define SIZEOF_LONG 8
| #define USE_OPENMP 1
| #define USE_X86_MMX 1
| #define USE_SSE2 1
| #define USE_SSSE3 1
| /* end confdefs.h.  */
| 
| #ifndef __arm__
| #error "IWMMXT is only available on ARM"
| #endif
| #ifndef __IWMMXT__
| #error "IWMMXT not enabled (with -march=iwmmxt)"
| #endif
| #if defined(__GNUC__) && (__GNUC__ < 4 || (__GNUC__ == 4 && __GNUC_MINOR__ < 8))
| #error "Need GCC >= 4.8 for IWMMXT intrinsics"
| #endif
| #include <mmintrin.h>
| int main () {
| 	union {
| 		__m64 v;
| 		char c[8];
| 	} a = { .c = {1, 2, 3, 4, 5, 6, 7, 8} };
| 	int b = 4;
| 	__m64 c = _mm_srli_si64 (a.v, b);
| }
configure:13947: result: no
configure:13964: checking whether to use MIPS DSPr2 assembler
configure:13987: gcc -c -mdspr2 -g -O2 -Wall -Wdeclaration-after-statement -Wno-unused-local-typedefs -fno-strict-aliasing -fvisibility=hidden  conftest.c >&5
gcc: error: unrecognized command line option '-mdspr2'
configure:13987: $? = 1
configure: failed program was:
| /* confdefs.h */
| #define PACKAGE_NAME "pixman"
| #define PACKAGE_TARNAME "pixman"
| #define PACKAGE_VERSION "0.36.0"
| #define PACKAGE_STRING "pixman 0.36.0"
| #define PACKAGE_BUGREPORT "pixman@lists.freedesktop.org"
| #define PACKAGE_URL ""
| #define PACKAGE "pixman"
| #define VERSION "0.36.0"
| #define STDC_HEADERS 1
| #define HAVE_SYS_TYPES_H 1
| #define HAVE_SYS_STAT_H 1
| #define HAVE_STDLIB_H 1
| #define HAVE_STRING_H 1
| #define HAVE_MEMORY_H 1
| #define HAVE_STRINGS_H 1
| #define HAVE_INTTYPES_H 1
| #define HAVE_STDINT_H 1
| #define HAVE_UNISTD_H 1
| #define HAVE_DLFCN_H 1
| #define LT_OBJDIR ".libs/"
| #define SIZEOF_LONG 8
| #define USE_OPENMP 1
| #define USE_X86_MMX 1
| #define USE_SSE2 1
| #define USE_SSSE3 1
| /* end confdefs.h.  */
| 
| #if !(defined(__mips__) &&  __mips_isa_rev >= 2)
| #error MIPS DSPr2 is currently only available on MIPS32r2 platforms.
| #endif
| int
| main ()
| {
|     int c = 0, a = 0, b = 0;
|     __asm__ __volatile__ (
|         "precr.qb.ph %[c], %[a], %[b]          \n\t"
|         : [c] "=r" (c)
|         : [a] "r" (a), [b] "r" (b)
|     );
|     return c;
| }
configure:14020: result: no
configure:14028: checking whether to use GNU-style inline assembler
configure:14039: gcc -c -g -O2 -Wall -Wdeclaration-after-statement -Wno-unused-local-typedefs -fno-strict-aliasing -fvisibility=hidden  conftest.c >&5
configure:14039: $? = 0
configure:14062: result: yes
configure:14144: checking for arm-linux-eabi-pkg-config
configure:14177: result: no
configure:14187: checking for pkg-config
configure:14205: found /usr/bin/pkg-config
configure:14217: result: /usr/bin/pkg-config
configure:14242: checking pkg-config is at least version 0.9.0
configure:14245: result: yes
configure:14394: checking for pixman_version_string in -lpixman-1
configure:14419: gcc -o conftest -g -O2 -Wall -Wdeclaration-after-statement -Wno-unused-local-typedefs -fno-strict-aliasing -fvisibility=hidden   conftest.c -lpixman-1   >&5
configure:14419: $? = 0
configure:14428: result: yes
configure:14441: checking for GTK
configure:14448: $PKG_CONFIG --exists --print-errors "gtk+-2.0 >= 2.16 pixman-1"
configure:14451: $? = 0
configure:14465: $PKG_CONFIG --exists --print-errors "gtk+-2.0 >= 2.16 pixman-1"
configure:14468: $? = 0
configure:14506: result: yes
configure:14525: checking for posix_memalign
configure:14525: gcc -o conftest -g -O2 -Wall -Wdeclaration-after-statement -Wno-unused-local-typedefs -fno-strict-aliasing -fvisibility=hidden   conftest.c  >&5
conftest.c:52:6: warning: conflicting types for built-in function 'posix_memalign'
 char posix_memalign ();
      ^
configure:14525: $? = 0
configure:14525: result: yes
configure:14538: checking for sigaction
configure:14538: gcc -o conftest -g -O2 -Wall -Wdeclaration-after-statement -Wno-unused-local-typedefs -fno-strict-aliasing -fvisibility=hidden   conftest.c  >&5
configure:14538: $? = 0
configure:14538: result: yes
configure:14551: checking for alarm
configure:14551: gcc -o conftest -g -O2 -Wall -Wdeclaration-after-statement -Wno-unused-local-typedefs -fno-strict-aliasing -fvisibility=hidden   conftest.c  >&5
configure:14551: $? = 0
configure:14551: result: yes
configure:14564: checking sys/mman.h usability
configure:14564: gcc -c -g -O2 -Wall -Wdeclaration-after-statement -Wno-unused-local-typedefs -fno-strict-aliasing -fvisibility=hidden  conftest.c >&5
configure:14564: $? = 0
configure:14564: result: yes
configure:14564: checking sys/mman.h presence
configure:14564: gcc -E  conftest.c
configure:14564: $? = 0
configure:14564: result: yes
configure:14564: checking for sys/mman.h
configure:14564: result: yes
configure:14573: checking for mmap
configure:14573: gcc -o conftest -g -O2 -Wall -Wdeclaration-after-statement -Wno-unused-local-typedefs -fno-strict-aliasing -fvisibility=hidden   conftest.c  >&5
configure:14573: $? = 0
configure:14573: result: yes
configure:14586: checking for mprotect
configure:14586: gcc -o conftest -g -O2 -Wall -Wdeclaration-after-statement -Wno-unused-local-typedefs -fno-strict-aliasing -fvisibility=hidden   conftest.c  >&5
configure:14586: $? = 0
configure:14586: result: yes
configure:14599: checking for getpagesize
configure:14599: gcc -o conftest -g -O2 -Wall -Wdeclaration-after-statement -Wno-unused-local-typedefs -fno-strict-aliasing -fvisibility=hidden   conftest.c  >&5
configure:14599: $? = 0
configure:14599: result: yes
configure:14612: checking fenv.h usability
configure:14612: gcc -c -g -O2 -Wall -Wdeclaration-after-statement -Wno-unused-local-typedefs -fno-strict-aliasing -fvisibility=hidden  conftest.c >&5
configure:14612: $? = 0
configure:14612: result: yes
configure:14612: checking fenv.h presence
configure:14612: gcc -E  conftest.c
configure:14612: $? = 0
configure:14612: result: yes
configure:14612: checking for fenv.h
configure:14612: result: yes
configure:14621: checking for feenableexcept in -lm
configure:14646: gcc -o conftest -g -O2 -Wall -Wdeclaration-after-statement -Wno-unused-local-typedefs -fno-strict-aliasing -fvisibility=hidden   conftest.c -lm   >&5
configure:14646: $? = 0
configure:14655: result: yes
configure:14669: checking whether FE_DIVBYZERO is declared
configure:14669: gcc -c -g -O2 -Wall -Wdeclaration-after-statement -Wno-unused-local-typedefs -fno-strict-aliasing -fvisibility=hidden  conftest.c >&5
configure:14669: $? = 0
configure:14669: result: yes
configure:14678: checking for gettimeofday
configure:14678: gcc -o conftest -g -O2 -Wall -Wdeclaration-after-statement -Wno-unused-local-typedefs -fno-strict-aliasing -fvisibility=hidden   conftest.c  >&5
configure:14678: $? = 0
configure:14678: result: yes
configure:14685: checking sys/time.h usability
configure:14685: gcc -c -g -O2 -Wall -Wdeclaration-after-statement -Wno-unused-local-typedefs -fno-strict-aliasing -fvisibility=hidden  conftest.c >&5
configure:14685: $? = 0
configure:14685: result: yes
configure:14685: checking sys/time.h presence
configure:14685: gcc -E  conftest.c
configure:14685: $? = 0
configure:14685: result: yes
configure:14685: checking for sys/time.h
configure:14685: result: yes
configure:14700: checking for library containing sqrtf
configure:14731: gcc -o conftest -g -O2 -Wall -Wdeclaration-after-statement -Wno-unused-local-typedefs -fno-strict-aliasing -fvisibility=hidden   conftest.c  >&5
conftest.c:47:6: warning: conflicting types for built-in function 'sqrtf'
 char sqrtf ();
      ^
/tmp/ccpTQIKy.o: In function `main':
/home/mj10777/000_links/geopaparazzi/geopaparazzi.eu/libjsqlite-spatialite-android/libjsqlite-spatialite-android/spatialite-android-library/jni/pixman-0.36.0/conftest.c:51: undefined reference to `sqrtf'
collect2: error: ld returned 1 exit status
configure:14731: $? = 1
configure: failed program was:
| /* confdefs.h */
| #define PACKAGE_NAME "pixman"
| #define PACKAGE_TARNAME "pixman"
| #define PACKAGE_VERSION "0.36.0"
| #define PACKAGE_STRING "pixman 0.36.0"
| #define PACKAGE_BUGREPORT "pixman@lists.freedesktop.org"
| #define PACKAGE_URL ""
| #define PACKAGE "pixman"
| #define VERSION "0.36.0"
| #define STDC_HEADERS 1
| #define HAVE_SYS_TYPES_H 1
| #define HAVE_SYS_STAT_H 1
| #define HAVE_STDLIB_H 1
| #define HAVE_STRING_H 1
| #define HAVE_MEMORY_H 1
| #define HAVE_STRINGS_H 1
| #define HAVE_INTTYPES_H 1
| #define HAVE_STDINT_H 1
| #define HAVE_UNISTD_H 1
| #define HAVE_DLFCN_H 1
| #define LT_OBJDIR ".libs/"
| #define SIZEOF_LONG 8
| #define USE_OPENMP 1
| #define USE_X86_MMX 1
| #define USE_SSE2 1
| #define USE_SSSE3 1
| #define USE_GCC_INLINE_ASM 1
| #define HAVE_POSIX_MEMALIGN 1
| #define HAVE_SIGACTION 1
| #define HAVE_ALARM 1
| #define HAVE_SYS_MMAN_H 1
| #define HAVE_MMAP 1
| #define HAVE_MPROTECT 1
| #define HAVE_GETPAGESIZE 1
| #define HAVE_FENV_H 1
| #define HAVE_FEENABLEEXCEPT 1
| #define HAVE_FEDIVBYZERO 1
| #define HAVE_GETTIMEOFDAY 1
| /* end confdefs.h.  */
| 
| /* Override any GCC internal prototype to avoid an error.
|    Use char because int might match the return type of a GCC
|    builtin and then its argument prototype would still apply.  */
| #ifdef __cplusplus
| extern "C"
| #endif
| char sqrtf ();
| int
| main ()
| {
| return sqrtf ();
|   ;
|   return 0;
| }
configure:14731: gcc -o conftest -g -O2 -Wall -Wdeclaration-after-statement -Wno-unused-local-typedefs -fno-strict-aliasing -fvisibility=hidden   conftest.c -lm   >&5
conftest.c:47:6: warning: conflicting types for built-in function 'sqrtf'
 char sqrtf ();
      ^
configure:14731: $? = 0
configure:14748: result: -lm
configure:14762: checking for thread local storage (TLS) support
configure:14790: gcc -c -g -O2 -Wall -Wdeclaration-after-statement -Wno-unused-local-typedefs -fno-strict-aliasing -fvisibility=hidden  conftest.c >&5
configure:14790: $? = 0
configure:14798: result: __thread
configure:14816: checking for pthreads
configure:14866: gcc -o conftest -g -O2 -Wall -Wdeclaration-after-statement -Wno-unused-local-typedefs -fno-strict-aliasing -fvisibility=hidden -pthread   -pthread conftest.c -lm   >&5
configure:14866: $? = 0
configure:15054: result: yes
configure:15066: checking for __attribute__((constructor))
configure:15083: gcc -o conftest -g -O2 -Wall -Wdeclaration-after-statement -Wno-unused-local-typedefs -fno-strict-aliasing -fvisibility=hidden   conftest.c -lm  >&5
configure:15083: $? = 0
configure:15095: result: yes
configure:15102: checking for __float128
configure:15110: gcc -o conftest -g -O2 -Wall -Wdeclaration-after-statement -Wno-unused-local-typedefs -fno-strict-aliasing -fvisibility=hidden   conftest.c -lm  >&5
configure:15110: $? = 0
configure:15122: result: yes
configure:15128: checking for __builtin_clz
configure:15136: gcc -o conftest -g -O2 -Wall -Wdeclaration-after-statement -Wno-unused-local-typedefs -fno-strict-aliasing -fvisibility=hidden   conftest.c -lm  >&5
configure:15136: $? = 0
configure:15148: result: yes
configure:15154: checking for GCC vector extensions
configure:15163: gcc -o conftest -g -O2 -Wall -Wdeclaration-after-statement -Wno-unused-local-typedefs -fno-strict-aliasing -fvisibility=hidden   conftest.c -lm  >&5
configure:15163: $? = 0
configure:15175: result: yes
configure:15282: checking for PNG
configure:15289: $PKG_CONFIG --exists --print-errors "libpng"
configure:15292: $? = 0
configure:15306: $PKG_CONFIG --exists --print-errors "libpng"
configure:15309: $? = 0
configure:15347: result: yes
configure:15472: checking that generated files are newer than configure
configure:15478: result: done
configure:15550: creating ./config.status

## ---------------------- ##
## Running config.status. ##
## ---------------------- ##

This file was extended by pixman config.status 0.36.0, which was
generated by GNU Autoconf 2.69.  Invocation command line was

  CONFIG_FILES    = 
  CONFIG_HEADERS  = 
  CONFIG_LINKS    = 
  CONFIG_COMMANDS = 
  $ ./config.status 

on mj10777-01-l

config.status:1178: creating pixman-1.pc
config.status:1178: creating pixman-1-uninstalled.pc
config.status:1178: creating Makefile
config.status:1178: creating pixman/Makefile
config.status:1178: creating pixman/pixman-version.h
config.status:1178: creating demos/Makefile
config.status:1178: creating test/Makefile
config.status:1178: creating config.h
config.status:1407: executing depfiles commands
config.status:1484: cd pixman       && sed -e '/# am--include-marker/d' Makefile         | make -f - am--depfiles
config.status:1489: $? = 0
config.status:1484: cd demos       && sed -e '/# am--include-marker/d' Makefile         | make -f - am--depfiles
config.status:1489: $? = 0
config.status:1484: cd test       && sed -e '/# am--include-marker/d' Makefile         | make -f - am--depfiles
config.status:1489: $? = 0
config.status:1407: executing libtool commands

## ---------------- ##
## Cache variables. ##
## ---------------- ##

ac_cv_build=x86_64-pc-linux-gnu
ac_cv_c_bigendian=no
ac_cv_c_compiler_gnu=yes
ac_cv_c_inline=inline
ac_cv_env_CCASFLAGS_set=
ac_cv_env_CCASFLAGS_value=
ac_cv_env_CCAS_set=
ac_cv_env_CCAS_value=
ac_cv_env_CC_set=
ac_cv_env_CC_value=
ac_cv_env_CFLAGS_set=
ac_cv_env_CFLAGS_value=
ac_cv_env_CPPFLAGS_set=
ac_cv_env_CPPFLAGS_value=
ac_cv_env_CPP_set=
ac_cv_env_CPP_value=
ac_cv_env_GTK_CFLAGS_set=
ac_cv_env_GTK_CFLAGS_value=
ac_cv_env_GTK_LIBS_set=
ac_cv_env_GTK_LIBS_value=
ac_cv_env_LDFLAGS_set=
ac_cv_env_LDFLAGS_value=
ac_cv_env_LIBS_set=
ac_cv_env_LIBS_value=
ac_cv_env_LT_SYS_LIBRARY_PATH_set=
ac_cv_env_LT_SYS_LIBRARY_PATH_value=
ac_cv_env_PKG_CONFIG_LIBDIR_set=
ac_cv_env_PKG_CONFIG_LIBDIR_value=
ac_cv_env_PKG_CONFIG_PATH_set=
ac_cv_env_PKG_CONFIG_PATH_value=
ac_cv_env_PKG_CONFIG_set=
ac_cv_env_PKG_CONFIG_value=
ac_cv_env_PNG_CFLAGS_set=
ac_cv_env_PNG_CFLAGS_value=
ac_cv_env_PNG_LIBS_set=
ac_cv_env_PNG_LIBS_value=
ac_cv_env_build_alias_set=set
ac_cv_env_build_alias_value=x86_64-pc-linux-gnu
ac_cv_env_host_alias_set=set
ac_cv_env_host_alias_value=arm-linux-eabi
ac_cv_env_target_alias_set=
ac_cv_env_target_alias_value=
ac_cv_func_alarm=yes
ac_cv_func_getisax=no
ac_cv_func_getpagesize=yes
ac_cv_func_gettimeofday=yes
ac_cv_func_mmap=yes
ac_cv_func_mprotect=yes
ac_cv_func_posix_memalign=yes
ac_cv_func_sigaction=yes
ac_cv_have_decl_FE_DIVBYZERO=yes
ac_cv_have_decl___SUNPRO_C=no
ac_cv_have_decl___amd64=yes
ac_cv_header_dlfcn_h=yes
ac_cv_header_fenv_h=yes
ac_cv_header_inttypes_h=yes
ac_cv_header_memory_h=yes
ac_cv_header_stdc=yes
ac_cv_header_stdint_h=yes
ac_cv_header_stdlib_h=yes
ac_cv_header_string_h=yes
ac_cv_header_strings_h=yes
ac_cv_header_sys_mman_h=yes
ac_cv_header_sys_stat_h=yes
ac_cv_header_sys_time_h=yes
ac_cv_header_sys_types_h=yes
ac_cv_header_unistd_h=yes
ac_cv_host=arm-linux-eabi
ac_cv_lib_m_feenableexcept=yes
ac_cv_lib_pixman_1_pixman_version_string=yes
ac_cv_objext=o
ac_cv_path_EGREP='/bin/grep -E'
ac_cv_path_FGREP='/bin/grep -F'
ac_cv_path_GREP=/bin/grep
ac_cv_path_SED=/bin/sed
ac_cv_path_ac_pt_PKG_CONFIG=/usr/bin/pkg-config
ac_cv_path_install='/usr/bin/install -c'
ac_cv_path_lt_DD=/bin/dd
ac_cv_path_mkdir=/bin/mkdir
ac_cv_prog_AWK=gawk
ac_cv_prog_CPP='gcc -E'
ac_cv_prog_STRIP=strip
ac_cv_prog_ac_ct_AR=ar
ac_cv_prog_ac_ct_CC=gcc
ac_cv_prog_ac_ct_DUMPBIN='link -dump'
ac_cv_prog_ac_ct_MANIFEST_TOOL=mt
ac_cv_prog_ac_ct_OBJDUMP=objdump
ac_cv_prog_ac_ct_RANLIB=ranlib
ac_cv_prog_ac_ct_STRIP=strip
ac_cv_prog_c_openmp=-fopenmp
ac_cv_prog_cc_c89=
ac_cv_prog_cc_g=yes
ac_cv_prog_make_make_set=yes
ac_cv_search_sqrtf=-lm
ac_cv_sizeof_long=8
ac_cv_tls=__thread
am_cv_CCAS_dependencies_compiler_type=gcc3
am_cv_CC_dependencies_compiler_type=gcc3
am_cv_make_support_nested_variables=yes
am_cv_prog_cc_c_o=yes
lt_cv_ar_at_file=@
lt_cv_archive_cmds_need_lc=no
lt_cv_deplibs_check_method=unknown
lt_cv_file_magic_cmd='$MAGIC_CMD'
lt_cv_file_magic_test_file=
lt_cv_ld_reload_flag=-r
lt_cv_nm_interface='BSD nm'
lt_cv_objdir=.libs
lt_cv_path_LD=/usr/bin/ld
lt_cv_path_NM=no
lt_cv_path_mainfest_tool=no
lt_cv_prog_compiler_c_o=yes
lt_cv_prog_compiler_pic='-fPIC -DPIC'
lt_cv_prog_compiler_pic_works=yes
lt_cv_prog_compiler_rtti_exceptions=no
lt_cv_prog_compiler_static_works=yes
lt_cv_prog_gnu_ld=yes
lt_cv_sharedlib_from_linklib_cmd='printf %s\n'
lt_cv_sys_global_symbol_pipe='sed -n -e '\''s/^.*[	 ]\([ABCDGIRSTW][ABCDGIRSTW]*\)[	 ][	 ]*\([_A-Za-z][_A-Za-z0-9]*\)$/\1 \2 \2/p'\'' | sed '\''/ __gnu_lto/d'\'''
lt_cv_sys_global_symbol_to_c_name_address='sed -n -e '\''s/^: \(.*\) .*$/  {"\1", (void *) 0},/p'\'' -e '\''s/^[ABCDGIRSTW][ABCDGIRSTW]* .* \(.*\)$/  {"\1", (void *) \&\1},/p'\'''
lt_cv_sys_global_symbol_to_c_name_address_lib_prefix='sed -n -e '\''s/^: \(.*\) .*$/  {"\1", (void *) 0},/p'\'' -e '\''s/^[ABCDGIRSTW][ABCDGIRSTW]* .* \(lib.*\)$/  {"\1", (void *) \&\1},/p'\'' -e '\''s/^[ABCDGIRSTW][ABCDGIRSTW]* .* \(.*\)$/  {"lib\1", (void *) \&\1},/p'\'''
lt_cv_sys_global_symbol_to_cdecl='sed -n -e '\''s/^T .* \(.*\)$/extern int \1();/p'\'' -e '\''s/^[ABCDGIRSTW][ABCDGIRSTW]* .* \(.*\)$/extern char \1;/p'\'''
lt_cv_sys_global_symbol_to_import=
lt_cv_sys_max_cmd_len=1572864
lt_cv_to_host_file_cmd=func_convert_file_noop
lt_cv_to_tool_file_cmd=func_convert_file_noop
lt_cv_truncate_bin='/bin/dd bs=4096 count=1'
pkg_cv_GTK_CFLAGS='-pthread -I/usr/local/include/cairo -I/usr/local/include/libpng16 -I/usr/local/include -I/usr/local/include/freetype2 -I/usr/local/include -I/usr/include/gtk-2.0 -I/usr/lib/x86_64-linux-gnu/gtk-2.0/include -I/usr/include/gio-unix-2.0/ -I/usr/include/pango-1.0 -I/usr/include/atk-1.0 -I/usr/include/gdk-pixbuf-2.0 -I/usr/include/libpng12 -I/usr/include/pango-1.0 -I/usr/include/harfbuzz -I/usr/include/pango-1.0 -I/usr/include/glib-2.0 -I/usr/lib/x86_64-linux-gnu/glib-2.0/include -I/usr/include/freetype2 -I/usr/include/pixman-1 '
pkg_cv_GTK_LIBS='-L/usr/local/lib -lgtk-x11-2.0 -lgdk-x11-2.0 -lpangocairo-1.0 -latk-1.0 -lcairo -lgdk_pixbuf-2.0 -lgio-2.0 -lpangoft2-1.0 -lpango-1.0 -lgobject-2.0 -lglib-2.0 -lfontconfig -lfreetype -lpixman-1 '
pkg_cv_PNG_CFLAGS='-I/usr/local/include/libpng16 -I/usr/local/include '
pkg_cv_PNG_LIBS='-L/usr/local/lib -lpng16 -lz '

## ----------------- ##
## Output variables. ##
## ----------------- ##

ACLOCAL='${SHELL} /home/mj10777/000_links/geopaparazzi/geopaparazzi.eu/libjsqlite-spatialite-android/libjsqlite-spatialite-android/spatialite-android-library/jni/pixman-0.36.0/missing aclocal-1.16'
AMDEPBACKSLASH='\'
AMDEP_FALSE='#'
AMDEP_TRUE=''
AMTAR='$${TAR-tar}'
AM_BACKSLASH='\'
AM_DEFAULT_V='$(AM_DEFAULT_VERBOSITY)'
AM_DEFAULT_VERBOSITY='0'
AM_V='$(V)'
AR='ar'
AUTOCONF='${SHELL} /home/mj10777/000_links/geopaparazzi/geopaparazzi.eu/libjsqlite-spatialite-android/libjsqlite-spatialite-android/spatialite-android-library/jni/pixman-0.36.0/missing autoconf'
AUTOHEADER='${SHELL} /home/mj10777/000_links/geopaparazzi/geopaparazzi.eu/libjsqlite-spatialite-android/libjsqlite-spatialite-android/spatialite-android-library/jni/pixman-0.36.0/missing autoheader'
AUTOMAKE='${SHELL} /home/mj10777/000_links/geopaparazzi/geopaparazzi.eu/libjsqlite-spatialite-android/libjsqlite-spatialite-android/spatialite-android-library/jni/pixman-0.36.0/missing automake-1.16'
AWK='gawk'
CC='gcc'
CCAS='gcc'
CCASDEPMODE='depmode=gcc3'
CCASFLAGS='-g -O2'
CCDEPMODE='depmode=gcc3'
CFLAGS='-g -O2 -Wall -Wdeclaration-after-statement -Wno-unused-local-typedefs -fno-strict-aliasing -fvisibility=hidden'
CPP='gcc -E'
CPPFLAGS=''
CYGPATH_W='echo'
DEFS='-DHAVE_CONFIG_H'
DEPDIR='.deps'
DLLTOOL='false'
DSYMUTIL=''
DUMPBIN=':'
ECHO_C=''
ECHO_N='-n'
ECHO_T=''
EGREP='/bin/grep -E'
EXEEXT=''
FGREP='/bin/grep -F'
GREP='/bin/grep'
GTK_CFLAGS='-pthread -I/usr/local/include/cairo -I/usr/local/include/libpng16 -I/usr/local/include -I/usr/local/include/freetype2 -I/usr/local/include -I/usr/include/gtk-2.0 -I/usr/lib/x86_64-linux-gnu/gtk-2.0/include -I/usr/include/gio-unix-2.0/ -I/usr/include/pango-1.0 -I/usr/include/atk-1.0 -I/usr/include/gdk-pixbuf-2.0 -I/usr/include/libpng12 -I/usr/include/pango-1.0 -I/usr/include/harfbuzz -I/usr/include/pango-1.0 -I/usr/include/glib-2.0 -I/usr/lib/x86_64-linux-gnu/glib-2.0/include -I/usr/include/freetype2 -I/usr/include/pixman-1 '
GTK_LIBS='-L/usr/local/lib -lgtk-x11-2.0 -lgdk-x11-2.0 -lpangocairo-1.0 -latk-1.0 -lcairo -lgdk_pixbuf-2.0 -lgio-2.0 -lpangoft2-1.0 -lpango-1.0 -lgobject-2.0 -lglib-2.0 -lfontconfig -lfreetype -lpixman-1 '
HAVE_GTK_FALSE='#'
HAVE_GTK_TRUE=''
HAVE_LIBPNG=''
HAVE_PTHREADS=''
INSTALL_DATA='${INSTALL} -m 644'
INSTALL_PROGRAM='${INSTALL}'
INSTALL_SCRIPT='${INSTALL}'
INSTALL_STRIP_PROGRAM='$(install_sh) -c -s'
IWMMXT_CFLAGS=''
LD='/usr/bin/ld'
LDFLAGS=''
LIBOBJS=''
LIBS='-lm '
LIBTOOL='$(SHELL) $(top_builddir)/libtool'
LIPO=''
LN_S='ln -s'
LS_CFLAGS=''
LTLIBOBJS=''
LT_SYS_LIBRARY_PATH=''
LT_VERSION_INFO='36:0:36'
MAKEINFO='${SHELL} /home/mj10777/000_links/geopaparazzi/geopaparazzi.eu/libjsqlite-spatialite-android/libjsqlite-spatialite-android/spatialite-android-library/jni/pixman-0.36.0/missing makeinfo'
MANIFEST_TOOL=':'
MKDIR_P='/bin/mkdir -p'
MMX_CFLAGS='-mmmx -Winline'
MMX_LDFLAGS=''
NM='nm'
NMEDIT=''
OBJDUMP='objdump'
OBJEXT='o'
OPENMP_CFLAGS='-fopenmp'
OTOOL64=''
OTOOL=''
PACKAGE='pixman'
PACKAGE_BUGREPORT='pixman@lists.freedesktop.org'
PACKAGE_NAME='pixman'
PACKAGE_STRING='pixman 0.36.0'
PACKAGE_TARNAME='pixman'
PACKAGE_URL=''
PACKAGE_VERSION='0.36.0'
PATH_SEPARATOR=':'
PIXMAN_GNUPLOT=''
PIXMAN_TIMERS=''
PIXMAN_VERSION_MAJOR='0'
PIXMAN_VERSION_MICRO='0'
PIXMAN_VERSION_MINOR='36'
PKG_CONFIG='/usr/bin/pkg-config'
PKG_CONFIG_LIBDIR=''
PKG_CONFIG_PATH=''
PNG_CFLAGS='-I/usr/local/include/libpng16 -I/usr/local/include '
PNG_LIBS='-L/usr/local/lib -lpng16 -lz '
PTHREAD_CFLAGS='-g -O2 -Wall -Wdeclaration-after-statement -Wno-unused-local-typedefs -fno-strict-aliasing -fvisibility=hidden -pthread'
PTHREAD_LDFLAGS=' -pthread'
PTHREAD_LIBS='-lm  '
RANLIB='ranlib'
SED='/bin/sed'
SET_MAKE=''
SHELL='/bin/bash'
SSE2_CFLAGS='-msse2 -Winline'
SSE2_LDFLAGS=''
SSSE3_CFLAGS='-mssse3 -Winline'
STRIP='strip'
TESTPROGS_EXTRA_LDFLAGS=''
TOOLCHAIN_SUPPORTS_ATTRIBUTE_CONSTRUCTOR=''
TOOLCHAIN_SUPPORTS__THREAD=''
USE_ARM_IWMMXT_FALSE=''
USE_ARM_IWMMXT_TRUE='#'
USE_ARM_NEON_FALSE=''
USE_ARM_NEON_TRUE='#'
USE_ARM_SIMD_FALSE=''
USE_ARM_SIMD_TRUE='#'
USE_GCC_INLINE_ASM_FALSE='#'
USE_GCC_INLINE_ASM_TRUE=''
USE_LOONGSON_MMI_FALSE=''
USE_LOONGSON_MMI_TRUE='#'
USE_MIPS_DSPR2_FALSE=''
USE_MIPS_DSPR2_TRUE='#'
USE_SSE2_FALSE='#'
USE_SSE2_TRUE=''
USE_SSSE3_FALSE='#'
USE_SSSE3_TRUE=''
USE_VMX_FALSE=''
USE_VMX_TRUE='#'
USE_X86_MMX_FALSE='#'
USE_X86_MMX_TRUE=''
VERSION='0.36.0'
VMX_CFLAGS=''
ac_ct_AR='ar'
ac_ct_CC='gcc'
ac_ct_DUMPBIN='link -dump'
am__EXEEXT_FALSE=''
am__EXEEXT_TRUE='#'
am__fastdepCCAS_FALSE='#'
am__fastdepCCAS_TRUE=''
am__fastdepCC_FALSE='#'
am__fastdepCC_TRUE=''
am__include='include'
am__isrc=''
am__leading_dot='.'
am__nodep='_no'
am__quote=''
am__tar='$${TAR-tar} chof - "$$tardir"'
am__untar='$${TAR-tar} xf -'
bindir='${exec_prefix}/bin'
build='x86_64-pc-linux-gnu'
build_alias='x86_64-pc-linux-gnu'
build_cpu='x86_64'
build_os='linux-gnu'
build_vendor='pc'
datadir='${datarootdir}'
datarootdir='${prefix}/share'
docdir='${datarootdir}/doc/${PACKAGE_TARNAME}'
dvidir='${docdir}'
exec_prefix='${prefix}'
host='arm-linux-eabi'
host_alias='arm-linux-eabi'
host_cpu='arm'
host_os='eabi'
host_vendor='linux'
htmldir='${docdir}'
includedir='${prefix}/include'
infodir='${datarootdir}/info'
install_sh='${SHELL} /home/mj10777/000_links/geopaparazzi/geopaparazzi.eu/libjsqlite-spatialite-android/libjsqlite-spatialite-android/spatialite-android-library/jni/pixman-0.36.0/install-sh'
libdir='${exec_prefix}/lib'
libexecdir='${exec_prefix}/libexec'
localedir='${datarootdir}/locale'
localstatedir='${prefix}/var'
mandir='${datarootdir}/man'
mkdir_p='$(MKDIR_P)'
oldincludedir='/usr/include'
pdfdir='${docdir}'
prefix='/usr/local'
program_transform_name='s,x,x,'
psdir='${docdir}'
runstatedir='${localstatedir}/run'
sbindir='${exec_prefix}/sbin'
sharedstatedir='${prefix}/com'
sysconfdir='${prefix}/etc'
target_alias=''

## ----------- ##
## confdefs.h. ##
## ----------- ##

/* confdefs.h */
#define PACKAGE_NAME "pixman"
#define PACKAGE_TARNAME "pixman"
#define PACKAGE_VERSION "0.36.0"
#define PACKAGE_STRING "pixman 0.36.0"
#define PACKAGE_BUGREPORT "pixman@lists.freedesktop.org"
#define PACKAGE_URL ""
#define PACKAGE "pixman"
#define VERSION "0.36.0"
#define STDC_HEADERS 1
#define HAVE_SYS_TYPES_H 1
#define HAVE_SYS_STAT_H 1
#define HAVE_STDLIB_H 1
#define HAVE_STRING_H 1
#define HAVE_MEMORY_H 1
#define HAVE_STRINGS_H 1
#define HAVE_INTTYPES_H 1
#define HAVE_STDINT_H 1
#define HAVE_UNISTD_H 1
#define HAVE_DLFCN_H 1
#define LT_OBJDIR ".libs/"
#define SIZEOF_LONG 8
#define USE_OPENMP 1
#define USE_X86_MMX 1
#define USE_SSE2 1
#define USE_SSSE3 1
#define USE_GCC_INLINE_ASM 1
#define HAVE_POSIX_MEMALIGN 1
#define HAVE_SIGACTION 1
#define HAVE_ALARM 1
#define HAVE_SYS_MMAN_H 1
#define HAVE_MMAP 1
#define HAVE_MPROTECT 1
#define HAVE_GETPAGESIZE 1
#define HAVE_FENV_H 1
#define HAVE_FEENABLEEXCEPT 1
#define HAVE_FEDIVBYZERO 1
#define HAVE_GETTIMEOFDAY 1
#define TLS __thread
#define HAVE_PTHREADS /**/
#define TOOLCHAIN_SUPPORTS_ATTRIBUTE_CONSTRUCTOR /**/
#define HAVE_FLOAT128 /**/
#define HAVE_BUILTIN_CLZ /**/
#define HAVE_GCC_VECTOR_EXTENSIONS /**/
#define HAVE_LIBPNG 1

configure: exit 0
