This file contains any messages produced by compilers while
running configure, to aid debugging if configure makes a mistake.

It was created by librasterlite2 configure 1.0.0-rc1, which was
generated by GNU Autoconf 2.69.  Invocation command line was

  $ ./configure --build=x86_64-pc-linux-gnu --host=arm-linux-eabi

## --------- ##
## Platform. ##
## --------- ##

hostname = mj10777-01-l
uname -m = x86_64
uname -r = 3.16.0-38-generic
uname -s = Linux
uname -v = #52-Ubuntu SMP Thu May 7 10:51:21 UTC 2015

/usr/bin/uname -p = unknown
/bin/uname -X     = unknown

/bin/arch              = unknown
/usr/bin/arch -k       = unknown
/usr/convex/getsysinfo = unknown
/usr/bin/hostinfo      = unknown
/bin/machine           = unknown
/usr/bin/oslevel       = unknown
/bin/universe          = unknown

PATH: /usr/local/pgsql/bin
PATH: /usr/local/pgsql/bin
PATH: /home/mj10777/bin
PATH: /usr/local/pgsql/bin
PATH: /usr/lib/lightdm/lightdm
PATH: /usr/local/sbin
PATH: /usr/local/bin
PATH: /usr/sbin
PATH: /usr/bin
PATH: /sbin
PATH: /bin
PATH: /usr/games
PATH: /home/mj10777/000_links/gnu_source/qt_dev/Qt5.1.0/5.1.0/gcc_64/bin
PATH: /home/mj10777/000_links/gnu_source/adt-bundle-linux/sdk
PATH: /home/mj10777/000_links/gnu_source/adt-bundle-linux/sdk/tools
PATH: /home/mj10777/000_links/gnu_source/adt-bundle-linux/sdk/platform-tools
PATH: /home/mj10777/000_links/gnu_source/adt-bundle-linux/sdk/tools
PATH: /home/mj10777/000_links/gnu_source/adt-bundle-linux/android-ndk-r9d
PATH: /home/mj10777/000_links/gnu_source/adt-bundle-linux/apache-ant/bin
PATH: /home/mj10777/000_links/gnu_source/adt-bundle-linux/android-studio/bin


## ----------- ##
## Core tests. ##
## ----------- ##

configure:2542: checking for a BSD-compatible install
configure:2610: result: /usr/bin/install -c
configure:2621: checking whether build environment is sane
configure:2676: result: yes
configure:2735: checking for arm-linux-eabi-strip
configure:2765: result: no
configure:2775: checking for strip
configure:2791: found /usr/bin/strip
configure:2802: result: strip
configure:2814: WARNING: using cross tools not prefixed with host triplet
configure:2827: checking for a thread-safe mkdir -p
configure:2866: result: /bin/mkdir -p
configure:2873: checking for gawk
configure:2889: found /usr/bin/gawk
configure:2900: result: gawk
configure:2911: checking whether make sets $(MAKE)
configure:2933: result: yes
configure:2962: checking whether make supports nested variables
configure:2979: result: yes
configure:3106: checking whether to enable maintainer-specific portions of Makefiles
configure:3115: result: no
configure:3168: checking for style of include used by make
configure:3196: result: GNU
configure:3227: checking for arm-linux-eabi-gcc
configure:3257: result: no
configure:3267: checking for gcc
configure:3283: found /usr/bin/gcc
configure:3294: result: gcc
configure:3523: checking for C compiler version
configure:3532: gcc --version >&5
gcc (Ubuntu 4.9.1-16ubuntu6) 4.9.1
Copyright (C) 2014 Free Software Foundation, Inc.
This is free software; see the source for copying conditions.  There is NO
warranty; not even for MERCHANTABILITY or FITNESS FOR A PARTICULAR PURPOSE.

configure:3543: $? = 0
configure:3532: gcc -v >&5
Using built-in specs.
COLLECT_GCC=gcc
COLLECT_LTO_WRAPPER=/usr/lib/gcc/x86_64-linux-gnu/4.9/lto-wrapper
Target: x86_64-linux-gnu
Configured with: ../src/configure -v --with-pkgversion='Ubuntu 4.9.1-16ubuntu6' --with-bugurl=file:///usr/share/doc/gcc-4.9/README.Bugs --enable-languages=c,c++,java,go,d,fortran,objc,obj-c++ --prefix=/usr --program-suffix=-4.9 --enable-shared --enable-linker-build-id --libexecdir=/usr/lib --without-included-gettext --enable-threads=posix --with-gxx-include-dir=/usr/include/c++/4.9 --libdir=/usr/lib --enable-nls --with-sysroot=/ --enable-clocale=gnu --enable-libstdcxx-debug --enable-libstdcxx-time=yes --enable-gnu-unique-object --disable-vtable-verify --enable-plugin --with-system-zlib --disable-browser-plugin --enable-java-awt=gtk --enable-gtk-cairo --with-java-home=/usr/lib/jvm/java-1.5.0-gcj-4.9-amd64/jre --enable-java-home --with-jvm-root-dir=/usr/lib/jvm/java-1.5.0-gcj-4.9-amd64 --with-jvm-jar-dir=/usr/lib/jvm-exports/java-1.5.0-gcj-4.9-amd64 --with-arch-directory=amd64 --with-ecj-jar=/usr/share/java/eclipse-ecj.jar --enable-objc-gc --enable-multiarch --disable-werror --with-arch-32=i686 --with-abi=m64 --with-multilib-list=m32,m64,mx32 --enable-multilib --with-tune=generic --enable-checking=release --build=x86_64-linux-gnu --host=x86_64-linux-gnu --target=x86_64-linux-gnu
Thread model: posix
gcc version 4.9.1 (Ubuntu 4.9.1-16ubuntu6) 
configure:3543: $? = 0
configure:3532: gcc -V >&5
gcc: error: unrecognized command line option '-V'
gcc: fatal error: no input files
compilation terminated.
configure:3543: $? = 4
configure:3532: gcc -qversion >&5
gcc: error: unrecognized command line option '-qversion'
gcc: fatal error: no input files
compilation terminated.
configure:3543: $? = 4
configure:3563: checking whether the C compiler works
configure:3585: gcc    conftest.c  >&5
configure:3589: $? = 0
configure:3637: result: yes
configure:3640: checking for C compiler default output file name
configure:3642: result: a.out
configure:3648: checking for suffix of executables
configure:3655: gcc -o conftest    conftest.c  >&5
configure:3659: $? = 0
configure:3681: result: 
configure:3703: checking whether we are cross compiling
configure:3741: result: yes
configure:3746: checking for suffix of object files
configure:3768: gcc -c   conftest.c >&5
configure:3772: $? = 0
configure:3793: result: o
configure:3797: checking whether we are using the GNU C compiler
configure:3816: gcc -c   conftest.c >&5
configure:3816: $? = 0
configure:3825: result: yes
configure:3834: checking whether gcc accepts -g
configure:3854: gcc -c -g  conftest.c >&5
configure:3854: $? = 0
configure:3895: result: yes
configure:3912: checking for gcc option to accept ISO C89
configure:3975: gcc  -c -g -O2  conftest.c >&5
configure:3975: $? = 0
configure:3988: result: none needed
configure:4013: checking whether gcc understands -c and -o together
configure:4035: gcc -c conftest.c -o conftest2.o
configure:4038: $? = 0
configure:4035: gcc -c conftest.c -o conftest2.o
configure:4038: $? = 0
configure:4050: result: yes
configure:4069: checking dependency style of gcc
configure:4180: result: gcc3
configure:4201: checking how to run the C preprocessor
configure:4232: gcc -E  conftest.c
configure:4232: $? = 0
configure:4246: gcc -E  conftest.c
conftest.c:15:28: fatal error: ac_nonexistent.h: No such file or directory
 #include <ac_nonexistent.h>
                            ^
compilation terminated.
configure:4246: $? = 1
configure: failed program was:
| /* confdefs.h */
| #define PACKAGE_NAME "librasterlite2"
| #define PACKAGE_TARNAME "librasterlite2"
| #define PACKAGE_VERSION "1.0.0-rc1"
| #define PACKAGE_STRING "librasterlite2 1.0.0-rc1"
| #define PACKAGE_BUGREPORT "a.furieri@lqt.it"
| #define PACKAGE_URL ""
| #define PACKAGE "librasterlite2"
| #define VERSION "1.0.0-rc1"
| #define _LARGE_FILE 1
| #define _FILE_OFFSET_BITS 64
| #define _LARGEFILE_SOURCE 1
| #define NDEBUG 1
| /* end confdefs.h.  */
| #include <ac_nonexistent.h>
configure:4271: result: gcc -E
configure:4291: gcc -E  conftest.c
configure:4291: $? = 0
configure:4305: gcc -E  conftest.c
conftest.c:15:28: fatal error: ac_nonexistent.h: No such file or directory
 #include <ac_nonexistent.h>
                            ^
compilation terminated.
configure:4305: $? = 1
configure: failed program was:
| /* confdefs.h */
| #define PACKAGE_NAME "librasterlite2"
| #define PACKAGE_TARNAME "librasterlite2"
| #define PACKAGE_VERSION "1.0.0-rc1"
| #define PACKAGE_STRING "librasterlite2 1.0.0-rc1"
| #define PACKAGE_BUGREPORT "a.furieri@lqt.it"
| #define PACKAGE_URL ""
| #define PACKAGE "librasterlite2"
| #define VERSION "1.0.0-rc1"
| #define _LARGE_FILE 1
| #define _FILE_OFFSET_BITS 64
| #define _LARGEFILE_SOURCE 1
| #define NDEBUG 1
| /* end confdefs.h.  */
| #include <ac_nonexistent.h>
configure:4334: checking for grep that handles long lines and -e
configure:4392: result: /bin/grep
configure:4397: checking for egrep
configure:4459: result: /bin/grep -E
configure:4464: checking for ANSI C header files
configure:4484: gcc -c -g -O2  conftest.c >&5
configure:4484: $? = 0
configure:4568: result: yes
configure:4581: checking for sys/types.h
configure:4581: gcc -c -g -O2  conftest.c >&5
configure:4581: $? = 0
configure:4581: result: yes
configure:4581: checking for sys/stat.h
configure:4581: gcc -c -g -O2  conftest.c >&5
configure:4581: $? = 0
configure:4581: result: yes
configure:4581: checking for stdlib.h
configure:4581: gcc -c -g -O2  conftest.c >&5
configure:4581: $? = 0
configure:4581: result: yes
configure:4581: checking for string.h
configure:4581: gcc -c -g -O2  conftest.c >&5
configure:4581: $? = 0
configure:4581: result: yes
configure:4581: checking for memory.h
configure:4581: gcc -c -g -O2  conftest.c >&5
configure:4581: $? = 0
configure:4581: result: yes
configure:4581: checking for strings.h
configure:4581: gcc -c -g -O2  conftest.c >&5
configure:4581: $? = 0
configure:4581: result: yes
configure:4581: checking for inttypes.h
configure:4581: gcc -c -g -O2  conftest.c >&5
configure:4581: $? = 0
configure:4581: result: yes
configure:4581: checking for stdint.h
configure:4581: gcc -c -g -O2  conftest.c >&5
configure:4581: $? = 0
configure:4581: result: yes
configure:4581: checking for unistd.h
configure:4581: gcc -c -g -O2  conftest.c >&5
configure:4581: $? = 0
configure:4581: result: yes
configure:4595: checking for stdlib.h
configure:4595: result: yes
configure:4609: checking stdio.h usability
configure:4609: gcc -c -g -O2  conftest.c >&5
configure:4609: $? = 0
configure:4609: result: yes
configure:4609: checking stdio.h presence
configure:4609: gcc -E  conftest.c
configure:4609: $? = 0
configure:4609: result: yes
configure:4609: checking for stdio.h
configure:4609: result: yes
configure:4623: checking for string.h
configure:4623: result: yes
configure:4637: checking for memory.h
configure:4637: result: yes
configure:4651: checking math.h usability
configure:4651: gcc -c -g -O2  conftest.c >&5
configure:4651: $? = 0
configure:4651: result: yes
configure:4651: checking math.h presence
configure:4651: gcc -E  conftest.c
configure:4651: $? = 0
configure:4651: result: yes
configure:4651: checking for math.h
configure:4651: result: yes
configure:4665: checking float.h usability
configure:4665: gcc -c -g -O2  conftest.c >&5
configure:4665: $? = 0
configure:4665: result: yes
configure:4665: checking float.h presence
configure:4665: gcc -E  conftest.c
configure:4665: $? = 0
configure:4665: result: yes
configure:4665: checking for float.h
configure:4665: result: yes
configure:4679: checking jpeglib.h usability
configure:4679: gcc -c -g -O2  conftest.c >&5
configure:4679: $? = 0
configure:4679: result: yes
configure:4679: checking jpeglib.h presence
configure:4679: gcc -E  conftest.c
configure:4679: $? = 0
configure:4679: result: yes
configure:4679: checking for jpeglib.h
configure:4679: result: yes
configure:4693: checking jerror.h usability
configure:4693: gcc -c -g -O2  conftest.c >&5
configure:4693: $? = 0
configure:4693: result: yes
configure:4693: checking jerror.h presence
configure:4693: gcc -E  conftest.c
configure:4693: $? = 0
configure:4693: result: yes
configure:4693: checking for jerror.h
configure:4693: result: yes
configure:4707: checking png.h usability
configure:4707: gcc -c -g -O2  conftest.c >&5
configure:4707: $? = 0
configure:4707: result: yes
configure:4707: checking png.h presence
configure:4707: gcc -E  conftest.c
configure:4707: $? = 0
configure:4707: result: yes
configure:4707: checking for png.h
configure:4707: result: yes
configure:4721: checking sqlite3.h usability
configure:4721: gcc -c -g -O2  conftest.c >&5
configure:4721: $? = 0
configure:4721: result: yes
configure:4721: checking sqlite3.h presence
configure:4721: gcc -E  conftest.c
configure:4721: $? = 0
configure:4721: result: yes
configure:4721: checking for sqlite3.h
configure:4721: result: yes
configure:4735: checking sqlite3ext.h usability
configure:4735: gcc -c -g -O2  conftest.c >&5
configure:4735: $? = 0
configure:4735: result: yes
configure:4735: checking sqlite3ext.h presence
configure:4735: gcc -E  conftest.c
configure:4735: $? = 0
configure:4735: result: yes
configure:4735: checking for sqlite3ext.h
configure:4735: result: yes
configure:4749: checking zlib.h usability
configure:4749: gcc -c -g -O2  conftest.c >&5
configure:4749: $? = 0
configure:4749: result: yes
configure:4749: checking zlib.h presence
configure:4749: gcc -E  conftest.c
configure:4749: $? = 0
configure:4749: result: yes
configure:4749: checking for zlib.h
configure:4749: result: yes
configure:4763: checking gif_lib.h usability
configure:4763: gcc -c -g -O2  conftest.c >&5
configure:4763: $? = 0
configure:4763: result: yes
configure:4763: checking gif_lib.h presence
configure:4763: gcc -E  conftest.c
configure:4763: $? = 0
configure:4763: result: yes
configure:4763: checking for gif_lib.h
configure:4763: result: yes
configure:4788: checking geotiff/geotiff.h usability
configure:4788: gcc -c -g -O2  conftest.c >&5
conftest.c:71:29: fatal error: geotiff/geotiff.h: No such file or directory
 #include <geotiff/geotiff.h>
                             ^
compilation terminated.
configure:4788: $? = 1
configure: failed program was:
| /* confdefs.h */
| #define PACKAGE_NAME "librasterlite2"
| #define PACKAGE_TARNAME "librasterlite2"
| #define PACKAGE_VERSION "1.0.0-rc1"
| #define PACKAGE_STRING "librasterlite2 1.0.0-rc1"
| #define PACKAGE_BUGREPORT "a.furieri@lqt.it"
| #define PACKAGE_URL ""
| #define PACKAGE "librasterlite2"
| #define VERSION "1.0.0-rc1"
| #define _LARGE_FILE 1
| #define _FILE_OFFSET_BITS 64
| #define _LARGEFILE_SOURCE 1
| #define NDEBUG 1
| #define STDC_HEADERS 1
| #define HAVE_SYS_TYPES_H 1
| #define HAVE_SYS_STAT_H 1
| #define HAVE_STDLIB_H 1
| #define HAVE_STRING_H 1
| #define HAVE_MEMORY_H 1
| #define HAVE_STRINGS_H 1
| #define HAVE_INTTYPES_H 1
| #define HAVE_STDINT_H 1
| #define HAVE_UNISTD_H 1
| #define HAVE_STDLIB_H 1
| #define HAVE_STDIO_H 1
| #define HAVE_STRING_H 1
| #define HAVE_MEMORY_H 1
| #define HAVE_MATH_H 1
| #define HAVE_FLOAT_H 1
| #define HAVE_JPEGLIB_H 1
| #define HAVE_JERROR_H 1
| #define HAVE_PNG_H 1
| #define HAVE_SQLITE3_H 1
| #define HAVE_SQLITE3EXT_H 1
| #define HAVE_ZLIB_H 1
| #define HAVE_GIF_LIB_H 1
| /* end confdefs.h.  */
| #include <stdio.h>
| #ifdef HAVE_SYS_TYPES_H
| # include <sys/types.h>
| #endif
| #ifdef HAVE_SYS_STAT_H
| # include <sys/stat.h>
| #endif
| #ifdef STDC_HEADERS
| # include <stdlib.h>
| # include <stddef.h>
| #else
| # ifdef HAVE_STDLIB_H
| #  include <stdlib.h>
| # endif
| #endif
| #ifdef HAVE_STRING_H
| # if !defined STDC_HEADERS && defined HAVE_MEMORY_H
| #  include <memory.h>
| # endif
| # include <string.h>
| #endif
| #ifdef HAVE_STRINGS_H
| # include <strings.h>
| #endif
| #ifdef HAVE_INTTYPES_H
| # include <inttypes.h>
| #endif
| #ifdef HAVE_STDINT_H
| # include <stdint.h>
| #endif
| #ifdef HAVE_UNISTD_H
| # include <unistd.h>
| #endif
| #include <geotiff/geotiff.h>
configure:4788: result: no
configure:4788: checking geotiff/geotiff.h presence
configure:4788: gcc -E  conftest.c
conftest.c:38:29: fatal error: geotiff/geotiff.h: No such file or directory
 #include <geotiff/geotiff.h>
                             ^
compilation terminated.
configure:4788: $? = 1
configure: failed program was:
| /* confdefs.h */
| #define PACKAGE_NAME "librasterlite2"
| #define PACKAGE_TARNAME "librasterlite2"
| #define PACKAGE_VERSION "1.0.0-rc1"
| #define PACKAGE_STRING "librasterlite2 1.0.0-rc1"
| #define PACKAGE_BUGREPORT "a.furieri@lqt.it"
| #define PACKAGE_URL ""
| #define PACKAGE "librasterlite2"
| #define VERSION "1.0.0-rc1"
| #define _LARGE_FILE 1
| #define _FILE_OFFSET_BITS 64
| #define _LARGEFILE_SOURCE 1
| #define NDEBUG 1
| #define STDC_HEADERS 1
| #define HAVE_SYS_TYPES_H 1
| #define HAVE_SYS_STAT_H 1
| #define HAVE_STDLIB_H 1
| #define HAVE_STRING_H 1
| #define HAVE_MEMORY_H 1
| #define HAVE_STRINGS_H 1
| #define HAVE_INTTYPES_H 1
| #define HAVE_STDINT_H 1
| #define HAVE_UNISTD_H 1
| #define HAVE_STDLIB_H 1
| #define HAVE_STDIO_H 1
| #define HAVE_STRING_H 1
| #define HAVE_MEMORY_H 1
| #define HAVE_MATH_H 1
| #define HAVE_FLOAT_H 1
| #define HAVE_JPEGLIB_H 1
| #define HAVE_JERROR_H 1
| #define HAVE_PNG_H 1
| #define HAVE_SQLITE3_H 1
| #define HAVE_SQLITE3EXT_H 1
| #define HAVE_ZLIB_H 1
| #define HAVE_GIF_LIB_H 1
| /* end confdefs.h.  */
| #include <geotiff/geotiff.h>
configure:4788: result: no
configure:4788: checking for geotiff/geotiff.h
configure:4788: result: no
configure:4800: checking libgeotiff/geotiff.h usability
configure:4800: gcc -c -g -O2  conftest.c >&5
conftest.c:71:32: fatal error: libgeotiff/geotiff.h: No such file or directory
 #include <libgeotiff/geotiff.h>
                                ^
compilation terminated.
configure:4800: $? = 1
configure: failed program was:
| /* confdefs.h */
| #define PACKAGE_NAME "librasterlite2"
| #define PACKAGE_TARNAME "librasterlite2"
| #define PACKAGE_VERSION "1.0.0-rc1"
| #define PACKAGE_STRING "librasterlite2 1.0.0-rc1"
| #define PACKAGE_BUGREPORT "a.furieri@lqt.it"
| #define PACKAGE_URL ""
| #define PACKAGE "librasterlite2"
| #define VERSION "1.0.0-rc1"
| #define _LARGE_FILE 1
| #define _FILE_OFFSET_BITS 64
| #define _LARGEFILE_SOURCE 1
| #define NDEBUG 1
| #define STDC_HEADERS 1
| #define HAVE_SYS_TYPES_H 1
| #define HAVE_SYS_STAT_H 1
| #define HAVE_STDLIB_H 1
| #define HAVE_STRING_H 1
| #define HAVE_MEMORY_H 1
| #define HAVE_STRINGS_H 1
| #define HAVE_INTTYPES_H 1
| #define HAVE_STDINT_H 1
| #define HAVE_UNISTD_H 1
| #define HAVE_STDLIB_H 1
| #define HAVE_STDIO_H 1
| #define HAVE_STRING_H 1
| #define HAVE_MEMORY_H 1
| #define HAVE_MATH_H 1
| #define HAVE_FLOAT_H 1
| #define HAVE_JPEGLIB_H 1
| #define HAVE_JERROR_H 1
| #define HAVE_PNG_H 1
| #define HAVE_SQLITE3_H 1
| #define HAVE_SQLITE3EXT_H 1
| #define HAVE_ZLIB_H 1
| #define HAVE_GIF_LIB_H 1
| /* end confdefs.h.  */
| #include <stdio.h>
| #ifdef HAVE_SYS_TYPES_H
| # include <sys/types.h>
| #endif
| #ifdef HAVE_SYS_STAT_H
| # include <sys/stat.h>
| #endif
| #ifdef STDC_HEADERS
| # include <stdlib.h>
| # include <stddef.h>
| #else
| # ifdef HAVE_STDLIB_H
| #  include <stdlib.h>
| # endif
| #endif
| #ifdef HAVE_STRING_H
| # if !defined STDC_HEADERS && defined HAVE_MEMORY_H
| #  include <memory.h>
| # endif
| # include <string.h>
| #endif
| #ifdef HAVE_STRINGS_H
| # include <strings.h>
| #endif
| #ifdef HAVE_INTTYPES_H
| # include <inttypes.h>
| #endif
| #ifdef HAVE_STDINT_H
| # include <stdint.h>
| #endif
| #ifdef HAVE_UNISTD_H
| # include <unistd.h>
| #endif
| #include <libgeotiff/geotiff.h>
configure:4800: result: no
configure:4800: checking libgeotiff/geotiff.h presence
configure:4800: gcc -E  conftest.c
conftest.c:38:32: fatal error: libgeotiff/geotiff.h: No such file or directory
 #include <libgeotiff/geotiff.h>
                                ^
compilation terminated.
configure:4800: $? = 1
configure: failed program was:
| /* confdefs.h */
| #define PACKAGE_NAME "librasterlite2"
| #define PACKAGE_TARNAME "librasterlite2"
| #define PACKAGE_VERSION "1.0.0-rc1"
| #define PACKAGE_STRING "librasterlite2 1.0.0-rc1"
| #define PACKAGE_BUGREPORT "a.furieri@lqt.it"
| #define PACKAGE_URL ""
| #define PACKAGE "librasterlite2"
| #define VERSION "1.0.0-rc1"
| #define _LARGE_FILE 1
| #define _FILE_OFFSET_BITS 64
| #define _LARGEFILE_SOURCE 1
| #define NDEBUG 1
| #define STDC_HEADERS 1
| #define HAVE_SYS_TYPES_H 1
| #define HAVE_SYS_STAT_H 1
| #define HAVE_STDLIB_H 1
| #define HAVE_STRING_H 1
| #define HAVE_MEMORY_H 1
| #define HAVE_STRINGS_H 1
| #define HAVE_INTTYPES_H 1
| #define HAVE_STDINT_H 1
| #define HAVE_UNISTD_H 1
| #define HAVE_STDLIB_H 1
| #define HAVE_STDIO_H 1
| #define HAVE_STRING_H 1
| #define HAVE_MEMORY_H 1
| #define HAVE_MATH_H 1
| #define HAVE_FLOAT_H 1
| #define HAVE_JPEGLIB_H 1
| #define HAVE_JERROR_H 1
| #define HAVE_PNG_H 1
| #define HAVE_SQLITE3_H 1
| #define HAVE_SQLITE3EXT_H 1
| #define HAVE_ZLIB_H 1
| #define HAVE_GIF_LIB_H 1
| /* end confdefs.h.  */
| #include <libgeotiff/geotiff.h>
configure:4800: result: no
configure:4800: checking for libgeotiff/geotiff.h
configure:4800: result: no
configure:4812: checking geotiff.h usability
configure:4812: gcc -c -g -O2  conftest.c >&5
configure:4812: $? = 0
configure:4812: result: yes
configure:4812: checking geotiff.h presence
configure:4812: gcc -E  conftest.c
configure:4812: $? = 0
configure:4812: result: yes
configure:4812: checking for geotiff.h
configure:4812: result: yes
configure:4845: checking for arm-linux-eabi-g++
configure:4875: result: no
configure:4845: checking for arm-linux-eabi-c++
configure:4875: result: no
configure:4845: checking for arm-linux-eabi-gpp
configure:4875: result: no
configure:4845: checking for arm-linux-eabi-aCC
configure:4875: result: no
configure:4845: checking for arm-linux-eabi-CC
configure:4875: result: no
configure:4845: checking for arm-linux-eabi-cxx
configure:4875: result: no
configure:4845: checking for arm-linux-eabi-cc++
configure:4875: result: no
configure:4845: checking for arm-linux-eabi-cl.exe
configure:4875: result: no
configure:4845: checking for arm-linux-eabi-FCC
configure:4875: result: no
configure:4845: checking for arm-linux-eabi-KCC
configure:4875: result: no
configure:4845: checking for arm-linux-eabi-RCC
configure:4875: result: no
configure:4845: checking for arm-linux-eabi-xlC_r
configure:4875: result: no
configure:4845: checking for arm-linux-eabi-xlC
configure:4875: result: no
configure:4889: checking for g++
configure:4905: found /usr/bin/g++
configure:4916: result: g++
configure:4943: checking for C++ compiler version
configure:4952: g++ --version >&5
g++ (Ubuntu 4.9.1-16ubuntu6) 4.9.1
Copyright (C) 2014 Free Software Foundation, Inc.
This is free software; see the source for copying conditions.  There is NO
warranty; not even for MERCHANTABILITY or FITNESS FOR A PARTICULAR PURPOSE.

configure:4963: $? = 0
configure:4952: g++ -v >&5
Using built-in specs.
COLLECT_GCC=g++
COLLECT_LTO_WRAPPER=/usr/lib/gcc/x86_64-linux-gnu/4.9/lto-wrapper
Target: x86_64-linux-gnu
Configured with: ../src/configure -v --with-pkgversion='Ubuntu 4.9.1-16ubuntu6' --with-bugurl=file:///usr/share/doc/gcc-4.9/README.Bugs --enable-languages=c,c++,java,go,d,fortran,objc,obj-c++ --prefix=/usr --program-suffix=-4.9 --enable-shared --enable-linker-build-id --libexecdir=/usr/lib --without-included-gettext --enable-threads=posix --with-gxx-include-dir=/usr/include/c++/4.9 --libdir=/usr/lib --enable-nls --with-sysroot=/ --enable-clocale=gnu --enable-libstdcxx-debug --enable-libstdcxx-time=yes --enable-gnu-unique-object --disable-vtable-verify --enable-plugin --with-system-zlib --disable-browser-plugin --enable-java-awt=gtk --enable-gtk-cairo --with-java-home=/usr/lib/jvm/java-1.5.0-gcj-4.9-amd64/jre --enable-java-home --with-jvm-root-dir=/usr/lib/jvm/java-1.5.0-gcj-4.9-amd64 --with-jvm-jar-dir=/usr/lib/jvm-exports/java-1.5.0-gcj-4.9-amd64 --with-arch-directory=amd64 --with-ecj-jar=/usr/share/java/eclipse-ecj.jar --enable-objc-gc --enable-multiarch --disable-werror --with-arch-32=i686 --with-abi=m64 --with-multilib-list=m32,m64,mx32 --enable-multilib --with-tune=generic --enable-checking=release --build=x86_64-linux-gnu --host=x86_64-linux-gnu --target=x86_64-linux-gnu
Thread model: posix
gcc version 4.9.1 (Ubuntu 4.9.1-16ubuntu6) 
configure:4963: $? = 0
configure:4952: g++ -V >&5
g++: error: unrecognized command line option '-V'
g++: fatal error: no input files
compilation terminated.
configure:4963: $? = 4
configure:4952: g++ -qversion >&5
g++: error: unrecognized command line option '-qversion'
g++: fatal error: no input files
compilation terminated.
configure:4963: $? = 4
configure:4967: checking whether we are using the GNU C++ compiler
configure:4986: g++ -c   conftest.cpp >&5
configure:4986: $? = 0
configure:4995: result: yes
configure:5004: checking whether g++ accepts -g
configure:5024: g++ -c -g  conftest.cpp >&5
configure:5024: $? = 0
configure:5065: result: yes
configure:5090: checking dependency style of g++
configure:5201: result: gcc3
configure:5224: checking for arm-linux-eabi-gcc
configure:5251: result: gcc
configure:5520: checking for C compiler version
configure:5529: gcc --version >&5
gcc (Ubuntu 4.9.1-16ubuntu6) 4.9.1
Copyright (C) 2014 Free Software Foundation, Inc.
This is free software; see the source for copying conditions.  There is NO
warranty; not even for MERCHANTABILITY or FITNESS FOR A PARTICULAR PURPOSE.

configure:5540: $? = 0
configure:5529: gcc -v >&5
Using built-in specs.
COLLECT_GCC=gcc
COLLECT_LTO_WRAPPER=/usr/lib/gcc/x86_64-linux-gnu/4.9/lto-wrapper
Target: x86_64-linux-gnu
Configured with: ../src/configure -v --with-pkgversion='Ubuntu 4.9.1-16ubuntu6' --with-bugurl=file:///usr/share/doc/gcc-4.9/README.Bugs --enable-languages=c,c++,java,go,d,fortran,objc,obj-c++ --prefix=/usr --program-suffix=-4.9 --enable-shared --enable-linker-build-id --libexecdir=/usr/lib --without-included-gettext --enable-threads=posix --with-gxx-include-dir=/usr/include/c++/4.9 --libdir=/usr/lib --enable-nls --with-sysroot=/ --enable-clocale=gnu --enable-libstdcxx-debug --enable-libstdcxx-time=yes --enable-gnu-unique-object --disable-vtable-verify --enable-plugin --with-system-zlib --disable-browser-plugin --enable-java-awt=gtk --enable-gtk-cairo --with-java-home=/usr/lib/jvm/java-1.5.0-gcj-4.9-amd64/jre --enable-java-home --with-jvm-root-dir=/usr/lib/jvm/java-1.5.0-gcj-4.9-amd64 --with-jvm-jar-dir=/usr/lib/jvm-exports/java-1.5.0-gcj-4.9-amd64 --with-arch-directory=amd64 --with-ecj-jar=/usr/share/java/eclipse-ecj.jar --enable-objc-gc --enable-multiarch --disable-werror --with-arch-32=i686 --with-abi=m64 --with-multilib-list=m32,m64,mx32 --enable-multilib --with-tune=generic --enable-checking=release --build=x86_64-linux-gnu --host=x86_64-linux-gnu --target=x86_64-linux-gnu
Thread model: posix
gcc version 4.9.1 (Ubuntu 4.9.1-16ubuntu6) 
configure:5540: $? = 0
configure:5529: gcc -V >&5
gcc: error: unrecognized command line option '-V'
gcc: fatal error: no input files
compilation terminated.
configure:5540: $? = 4
configure:5529: gcc -qversion >&5
gcc: error: unrecognized command line option '-qversion'
gcc: fatal error: no input files
compilation terminated.
configure:5540: $? = 4
configure:5544: checking whether we are using the GNU C compiler
configure:5572: result: yes
configure:5581: checking whether gcc accepts -g
configure:5642: result: yes
configure:5659: checking for gcc option to accept ISO C89
configure:5735: result: none needed
configure:5760: checking whether gcc understands -c and -o together
configure:5797: result: yes
configure:5816: checking dependency style of gcc
configure:5927: result: gcc3
configure:5947: checking how to run the C preprocessor
configure:6017: result: gcc -E
configure:6037: gcc -E  conftest.c
configure:6037: $? = 0
configure:6051: gcc -E  conftest.c
conftest.c:39:28: fatal error: ac_nonexistent.h: No such file or directory
 #include <ac_nonexistent.h>
                            ^
compilation terminated.
configure:6051: $? = 1
configure: failed program was:
| /* confdefs.h */
| #define PACKAGE_NAME "librasterlite2"
| #define PACKAGE_TARNAME "librasterlite2"
| #define PACKAGE_VERSION "1.0.0-rc1"
| #define PACKAGE_STRING "librasterlite2 1.0.0-rc1"
| #define PACKAGE_BUGREPORT "a.furieri@lqt.it"
| #define PACKAGE_URL ""
| #define PACKAGE "librasterlite2"
| #define VERSION "1.0.0-rc1"
| #define _LARGE_FILE 1
| #define _FILE_OFFSET_BITS 64
| #define _LARGEFILE_SOURCE 1
| #define NDEBUG 1
| #define STDC_HEADERS 1
| #define HAVE_SYS_TYPES_H 1
| #define HAVE_SYS_STAT_H 1
| #define HAVE_STDLIB_H 1
| #define HAVE_STRING_H 1
| #define HAVE_MEMORY_H 1
| #define HAVE_STRINGS_H 1
| #define HAVE_INTTYPES_H 1
| #define HAVE_STDINT_H 1
| #define HAVE_UNISTD_H 1
| #define HAVE_STDLIB_H 1
| #define HAVE_STDIO_H 1
| #define HAVE_STRING_H 1
| #define HAVE_MEMORY_H 1
| #define HAVE_MATH_H 1
| #define HAVE_FLOAT_H 1
| #define HAVE_JPEGLIB_H 1
| #define HAVE_JERROR_H 1
| #define HAVE_PNG_H 1
| #define HAVE_SQLITE3_H 1
| #define HAVE_SQLITE3EXT_H 1
| #define HAVE_ZLIB_H 1
| #define HAVE_GIF_LIB_H 1
| #define HAVE_GEOTIFF_H 1
| /* end confdefs.h.  */
| #include <ac_nonexistent.h>
configure:6080: checking whether ln -s works
configure:6084: result: yes
configure:6091: checking whether make sets $(MAKE)
configure:6113: result: yes
configure:6126: checking build system type
configure:6140: result: x86_64-pc-linux-gnu
configure:6160: checking host system type
configure:6173: result: arm-linux-eabi
configure:6542: checking how to print strings
configure:6569: result: printf
configure:6590: checking for a sed that does not truncate output
configure:6654: result: /bin/sed
configure:6672: checking for fgrep
configure:6734: result: /bin/grep -F
configure:6769: checking for ld used by gcc
configure:6836: result: /usr/bin/ld
configure:6843: checking if the linker (/usr/bin/ld) is GNU ld
configure:6858: result: yes
configure:6870: checking for BSD- or MS-compatible name lister (nm)
configure:6919: result: no
configure:6933: checking for arm-linux-eabi-dumpbin
configure:6963: result: no
configure:6933: checking for arm-linux-eabi-link
configure:6963: result: no
configure:6977: checking for dumpbin
configure:7007: result: no
configure:6977: checking for link
configure:6993: found /usr/bin/link
configure:7004: result: link -dump
configure:7049: checking the name lister (nm) interface
configure:7056: gcc -c -g -O2  conftest.c >&5
configure:7059: nm "conftest.o"
configure:7062: output
0000000000000000 B some_variable
configure:7069: result: BSD nm
configure:7073: checking the maximum length of command line arguments
configure:7203: result: 1572864
configure:7220: checking whether the shell understands some XSI constructs
configure:7230: result: yes
configure:7234: checking whether the shell understands "+="
configure:7240: result: yes
configure:7275: checking how to convert x86_64-pc-linux-gnu file names to arm-linux-eabi format
configure:7315: result: func_convert_file_noop
configure:7322: checking how to convert x86_64-pc-linux-gnu file names to toolchain format
configure:7342: result: func_convert_file_noop
configure:7349: checking for /usr/bin/ld option to reload object files
configure:7356: result: -r
configure:7390: checking for arm-linux-eabi-objdump
configure:7417: result: objdump
configure:7486: checking how to recognize dependent libraries
configure:7688: result: unknown
configure:7733: checking for arm-linux-eabi-dlltool
configure:7760: result: dlltool
configure:7830: checking how to associate runtime and link libraries
configure:7857: result: printf %s\n
configure:7873: checking for arm-linux-eabi-ar
configure:7903: result: no
configure:7917: checking for ar
configure:7933: found /usr/bin/ar
configure:7944: result: ar
configure:7981: checking for archiver @FILE support
configure:7998: gcc -c -g -O2  conftest.c >&5
configure:7998: $? = 0
configure:8001: ar cru libconftest.a @conftest.lst >&5
configure:8004: $? = 0
configure:8009: ar cru libconftest.a @conftest.lst >&5
ar: conftest.o: No such file or directory
configure:8012: $? = 1
configure:8024: result: @
configure:8042: checking for arm-linux-eabi-strip
configure:8069: result: strip
configure:8141: checking for arm-linux-eabi-ranlib
configure:8171: result: no
configure:8181: checking for ranlib
configure:8197: found /usr/bin/ranlib
configure:8208: result: ranlib
configure:8310: checking command to parse nm output from gcc object
configure:8430: gcc -c -g -O2  conftest.c >&5
configure:8433: $? = 0
configure:8437: nm conftest.o \| sed -n -e 's/^.*[ ]\([ABCDGIRSTW][ABCDGIRSTW]*\)[ ][ ]*\([_A-Za-z][_A-Za-z0-9]*\)$/\1 \2 \2/p' | sed '/ __gnu_lto/d' \> conftest.nm
configure:8440: $? = 0
configure:8506: gcc -o conftest -g -O2   conftest.c conftstm.o >&5
configure:8509: $? = 0
configure:8547: result: ok
configure:8584: checking for sysroot
configure:8614: result: no
configure:8830: checking for arm-linux-eabi-mt
configure:8860: result: no
configure:8870: checking for mt
configure:8886: found /bin/mt
configure:8897: result: mt
configure:8920: checking if mt is a manifest tool
configure:8926: mt '-?'
configure:8934: result: no
configure:9573: checking for dlfcn.h
configure:9573: gcc -c -g -O2  conftest.c >&5
configure:9573: $? = 0
configure:9573: result: yes
configure:9788: checking for objdir
configure:9803: result: .libs
configure:10074: checking if gcc supports -fno-rtti -fno-exceptions
configure:10092: gcc -c -g -O2  -fno-rtti -fno-exceptions conftest.c >&5
cc1: warning: command line option '-fno-rtti' is valid for C++/ObjC++ but not for C
configure:10096: $? = 0
configure:10109: result: no
configure:10436: checking for gcc option to produce PIC
configure:10443: result: -fPIC -DPIC
configure:10451: checking if gcc PIC flag -fPIC -DPIC works
configure:10469: gcc -c -g -O2  -fPIC -DPIC -DPIC conftest.c >&5
configure:10473: $? = 0
configure:10486: result: yes
configure:10515: checking if gcc static flag -static works
configure:10543: result: yes
configure:10558: checking if gcc supports -c -o file.o
configure:10579: gcc -c -g -O2  -o out/conftest2.o conftest.c >&5
configure:10583: $? = 0
configure:10605: result: yes
configure:10613: checking if gcc supports -c -o file.o
configure:10660: result: yes
configure:10693: checking whether the gcc linker (/usr/bin/ld) supports shared libraries
configure:11846: result: yes
configure:11883: checking whether -lc should be explicitly linked in
configure:11891: gcc -c -g -O2  conftest.c >&5
configure:11894: $? = 0
configure:11909: gcc -shared  -fPIC -DPIC conftest.o  -v -Wl,-soname -Wl,conftest -o conftest 2\>\&1 \| /bin/grep  -lc  \>/dev/null 2\>\&1
configure:11912: $? = 0
configure:11926: result: no
configure:12086: checking dynamic linker characteristics
configure:12823: result: no
configure:12930: checking how to hardcode library paths into programs
configure:12955: result: immediate
configure:13495: checking whether stripping libraries is possible
configure:13500: result: yes
configure:13535: checking if libtool supports shared libraries
configure:13537: result: no
configure:13540: checking whether to build shared libraries
configure:13561: result: no
configure:13564: checking whether to build static libraries
configure:13568: result: yes
configure:13591: checking how to run the C++ preprocessor
configure:13618: g++ -E  conftest.cpp
configure:13618: $? = 0
configure:13632: g++ -E  conftest.cpp
conftest.cpp:41:28: fatal error: ac_nonexistent.h: No such file or directory
 #include <ac_nonexistent.h>
                            ^
compilation terminated.
configure:13632: $? = 1
configure: failed program was:
| /* confdefs.h */
| #define PACKAGE_NAME "librasterlite2"
| #define PACKAGE_TARNAME "librasterlite2"
| #define PACKAGE_VERSION "1.0.0-rc1"
| #define PACKAGE_STRING "librasterlite2 1.0.0-rc1"
| #define PACKAGE_BUGREPORT "a.furieri@lqt.it"
| #define PACKAGE_URL ""
| #define PACKAGE "librasterlite2"
| #define VERSION "1.0.0-rc1"
| #define _LARGE_FILE 1
| #define _FILE_OFFSET_BITS 64
| #define _LARGEFILE_SOURCE 1
| #define NDEBUG 1
| #define STDC_HEADERS 1
| #define HAVE_SYS_TYPES_H 1
| #define HAVE_SYS_STAT_H 1
| #define HAVE_STDLIB_H 1
| #define HAVE_STRING_H 1
| #define HAVE_MEMORY_H 1
| #define HAVE_STRINGS_H 1
| #define HAVE_INTTYPES_H 1
| #define HAVE_STDINT_H 1
| #define HAVE_UNISTD_H 1
| #define HAVE_STDLIB_H 1
| #define HAVE_STDIO_H 1
| #define HAVE_STRING_H 1
| #define HAVE_MEMORY_H 1
| #define HAVE_MATH_H 1
| #define HAVE_FLOAT_H 1
| #define HAVE_JPEGLIB_H 1
| #define HAVE_JERROR_H 1
| #define HAVE_PNG_H 1
| #define HAVE_SQLITE3_H 1
| #define HAVE_SQLITE3EXT_H 1
| #define HAVE_ZLIB_H 1
| #define HAVE_GIF_LIB_H 1
| #define HAVE_GEOTIFF_H 1
| #define HAVE_DLFCN_H 1
| #define LT_OBJDIR ".libs/"
| /* end confdefs.h.  */
| #include <ac_nonexistent.h>
configure:13657: result: g++ -E
configure:13677: g++ -E  conftest.cpp
configure:13677: $? = 0
configure:13691: g++ -E  conftest.cpp
conftest.cpp:41:28: fatal error: ac_nonexistent.h: No such file or directory
 #include <ac_nonexistent.h>
                            ^
compilation terminated.
configure:13691: $? = 1
configure: failed program was:
| /* confdefs.h */
| #define PACKAGE_NAME "librasterlite2"
| #define PACKAGE_TARNAME "librasterlite2"
| #define PACKAGE_VERSION "1.0.0-rc1"
| #define PACKAGE_STRING "librasterlite2 1.0.0-rc1"
| #define PACKAGE_BUGREPORT "a.furieri@lqt.it"
| #define PACKAGE_URL ""
| #define PACKAGE "librasterlite2"
| #define VERSION "1.0.0-rc1"
| #define _LARGE_FILE 1
| #define _FILE_OFFSET_BITS 64
| #define _LARGEFILE_SOURCE 1
| #define NDEBUG 1
| #define STDC_HEADERS 1
| #define HAVE_SYS_TYPES_H 1
| #define HAVE_SYS_STAT_H 1
| #define HAVE_STDLIB_H 1
| #define HAVE_STRING_H 1
| #define HAVE_MEMORY_H 1
| #define HAVE_STRINGS_H 1
| #define HAVE_INTTYPES_H 1
| #define HAVE_STDINT_H 1
| #define HAVE_UNISTD_H 1
| #define HAVE_STDLIB_H 1
| #define HAVE_STDIO_H 1
| #define HAVE_STRING_H 1
| #define HAVE_MEMORY_H 1
| #define HAVE_MATH_H 1
| #define HAVE_FLOAT_H 1
| #define HAVE_JPEGLIB_H 1
| #define HAVE_JERROR_H 1
| #define HAVE_PNG_H 1
| #define HAVE_SQLITE3_H 1
| #define HAVE_SQLITE3EXT_H 1
| #define HAVE_ZLIB_H 1
| #define HAVE_GIF_LIB_H 1
| #define HAVE_GEOTIFF_H 1
| #define HAVE_DLFCN_H 1
| #define LT_OBJDIR ".libs/"
| /* end confdefs.h.  */
| #include <ac_nonexistent.h>
configure:13860: checking for ld used by g++
configure:13927: result: /usr/bin/ld
configure:13934: checking if the linker (/usr/bin/ld) is GNU ld
configure:13949: result: yes
configure:14004: checking whether the g++ linker (/usr/bin/ld) supports shared libraries
configure:15009: result: no
configure:15045: g++ -c -g -O2  conftest.cpp >&5
configure:15048: $? = 0
configure:15568: checking for g++ option to produce PIC
configure:15575: result: -fPIC -DPIC
configure:15583: checking if g++ PIC flag -fPIC -DPIC works
configure:15601: g++ -c -g -O2  -fPIC -DPIC -DPIC conftest.cpp >&5
configure:15605: $? = 0
configure:15618: result: yes
configure:15641: checking if g++ static flag -static works
configure:15669: result: yes
configure:15681: checking if g++ supports -c -o file.o
configure:15702: g++ -c -g -O2  -o out/conftest2.o conftest.cpp >&5
configure:15706: $? = 0
configure:15728: result: yes
configure:15733: checking if g++ supports -c -o file.o
configure:15780: result: yes
configure:15810: checking whether the g++ linker (/usr/bin/ld) supports shared libraries
configure:15846: result: no
configure:15987: checking dynamic linker characteristics
configure:16658: result: no
configure:16711: checking how to hardcode library paths into programs
configure:16736: result: immediate
configure:16799: checking for an ANSI C-conforming const
configure:16865: gcc -c -g -O2  conftest.c >&5
configure:16865: $? = 0
configure:16872: result: yes
configure:16880: checking for off_t
configure:16880: gcc -c -g -O2  conftest.c >&5
configure:16880: $? = 0
configure:16880: gcc -c -g -O2  conftest.c >&5
conftest.c: In function 'main':
conftest.c:77:20: error: expected expression before ')' token
 if (sizeof ((off_t)))
                    ^
configure:16880: $? = 1
configure: failed program was:
| /* confdefs.h */
| #define PACKAGE_NAME "librasterlite2"
| #define PACKAGE_TARNAME "librasterlite2"
| #define PACKAGE_VERSION "1.0.0-rc1"
| #define PACKAGE_STRING "librasterlite2 1.0.0-rc1"
| #define PACKAGE_BUGREPORT "a.furieri@lqt.it"
| #define PACKAGE_URL ""
| #define PACKAGE "librasterlite2"
| #define VERSION "1.0.0-rc1"
| #define _LARGE_FILE 1
| #define _FILE_OFFSET_BITS 64
| #define _LARGEFILE_SOURCE 1
| #define NDEBUG 1
| #define STDC_HEADERS 1
| #define HAVE_SYS_TYPES_H 1
| #define HAVE_SYS_STAT_H 1
| #define HAVE_STDLIB_H 1
| #define HAVE_STRING_H 1
| #define HAVE_MEMORY_H 1
| #define HAVE_STRINGS_H 1
| #define HAVE_INTTYPES_H 1
| #define HAVE_STDINT_H 1
| #define HAVE_UNISTD_H 1
| #define HAVE_STDLIB_H 1
| #define HAVE_STDIO_H 1
| #define HAVE_STRING_H 1
| #define HAVE_MEMORY_H 1
| #define HAVE_MATH_H 1
| #define HAVE_FLOAT_H 1
| #define HAVE_JPEGLIB_H 1
| #define HAVE_JERROR_H 1
| #define HAVE_PNG_H 1
| #define HAVE_SQLITE3_H 1
| #define HAVE_SQLITE3EXT_H 1
| #define HAVE_ZLIB_H 1
| #define HAVE_GIF_LIB_H 1
| #define HAVE_GEOTIFF_H 1
| #define HAVE_DLFCN_H 1
| #define LT_OBJDIR ".libs/"
| /* end confdefs.h.  */
| #include <stdio.h>
| #ifdef HAVE_SYS_TYPES_H
| # include <sys/types.h>
| #endif
| #ifdef HAVE_SYS_STAT_H
| # include <sys/stat.h>
| #endif
| #ifdef STDC_HEADERS
| # include <stdlib.h>
| # include <stddef.h>
| #else
| # ifdef HAVE_STDLIB_H
| #  include <stdlib.h>
| # endif
| #endif
| #ifdef HAVE_STRING_H
| # if !defined STDC_HEADERS && defined HAVE_MEMORY_H
| #  include <memory.h>
| # endif
| # include <string.h>
| #endif
| #ifdef HAVE_STRINGS_H
| # include <strings.h>
| #endif
| #ifdef HAVE_INTTYPES_H
| # include <inttypes.h>
| #endif
| #ifdef HAVE_STDINT_H
| # include <stdint.h>
| #endif
| #ifdef HAVE_UNISTD_H
| # include <unistd.h>
| #endif
| int
| main ()
| {
| if (sizeof ((off_t)))
| 	    return 0;
|   ;
|   return 0;
| }
configure:16880: result: yes
configure:16891: checking for size_t
configure:16891: gcc -c -g -O2  conftest.c >&5
configure:16891: $? = 0
configure:16891: gcc -c -g -O2  conftest.c >&5
conftest.c: In function 'main':
conftest.c:77:21: error: expected expression before ')' token
 if (sizeof ((size_t)))
                     ^
configure:16891: $? = 1
configure: failed program was:
| /* confdefs.h */
| #define PACKAGE_NAME "librasterlite2"
| #define PACKAGE_TARNAME "librasterlite2"
| #define PACKAGE_VERSION "1.0.0-rc1"
| #define PACKAGE_STRING "librasterlite2 1.0.0-rc1"
| #define PACKAGE_BUGREPORT "a.furieri@lqt.it"
| #define PACKAGE_URL ""
| #define PACKAGE "librasterlite2"
| #define VERSION "1.0.0-rc1"
| #define _LARGE_FILE 1
| #define _FILE_OFFSET_BITS 64
| #define _LARGEFILE_SOURCE 1
| #define NDEBUG 1
| #define STDC_HEADERS 1
| #define HAVE_SYS_TYPES_H 1
| #define HAVE_SYS_STAT_H 1
| #define HAVE_STDLIB_H 1
| #define HAVE_STRING_H 1
| #define HAVE_MEMORY_H 1
| #define HAVE_STRINGS_H 1
| #define HAVE_INTTYPES_H 1
| #define HAVE_STDINT_H 1
| #define HAVE_UNISTD_H 1
| #define HAVE_STDLIB_H 1
| #define HAVE_STDIO_H 1
| #define HAVE_STRING_H 1
| #define HAVE_MEMORY_H 1
| #define HAVE_MATH_H 1
| #define HAVE_FLOAT_H 1
| #define HAVE_JPEGLIB_H 1
| #define HAVE_JERROR_H 1
| #define HAVE_PNG_H 1
| #define HAVE_SQLITE3_H 1
| #define HAVE_SQLITE3EXT_H 1
| #define HAVE_ZLIB_H 1
| #define HAVE_GIF_LIB_H 1
| #define HAVE_GEOTIFF_H 1
| #define HAVE_DLFCN_H 1
| #define LT_OBJDIR ".libs/"
| /* end confdefs.h.  */
| #include <stdio.h>
| #ifdef HAVE_SYS_TYPES_H
| # include <sys/types.h>
| #endif
| #ifdef HAVE_SYS_STAT_H
| # include <sys/stat.h>
| #endif
| #ifdef STDC_HEADERS
| # include <stdlib.h>
| # include <stddef.h>
| #else
| # ifdef HAVE_STDLIB_H
| #  include <stdlib.h>
| # endif
| #endif
| #ifdef HAVE_STRING_H
| # if !defined STDC_HEADERS && defined HAVE_MEMORY_H
| #  include <memory.h>
| # endif
| # include <string.h>
| #endif
| #ifdef HAVE_STRINGS_H
| # include <strings.h>
| #endif
| #ifdef HAVE_INTTYPES_H
| # include <inttypes.h>
| #endif
| #ifdef HAVE_STDINT_H
| # include <stdint.h>
| #endif
| #ifdef HAVE_UNISTD_H
| # include <unistd.h>
| #endif
| int
| main ()
| {
| if (sizeof ((size_t)))
| 	    return 0;
|   ;
|   return 0;
| }
configure:16891: result: yes
configure:16902: checking whether time.h and sys/time.h may both be included
configure:16922: gcc -c -g -O2  conftest.c >&5
configure:16922: $? = 0
configure:16929: result: yes
configure:16937: checking whether struct tm is in sys/time.h or time.h
configure:16957: gcc -c -g -O2  conftest.c >&5
configure:16957: $? = 0
configure:16964: result: time.h
configure:16972: checking for working volatile
configure:16991: gcc -c -g -O2  conftest.c >&5
configure:16991: $? = 0
configure:16998: result: yes
configure:17008: checking whether lstat correctly handles trailing slash
configure:17051: result: no
configure:17070: checking whether lstat accepts an empty string
configure:17100: result: yes
configure:17116: checking whether lstat correctly handles trailing slash
configure:17159: result: no
configure:17178: checking for working memcmp
configure:17231: result: no
configure:17240: checking whether stat accepts an empty string
configure:17270: result: yes
configure:17288: checking for strftime
configure:17288: gcc -o conftest -g -O2   conftest.c  >&5
conftest.c:67:6: warning: conflicting types for built-in function 'strftime'
 char strftime ();
      ^
configure:17288: $? = 0
configure:17288: result: yes
configure:17344: checking for sqrt
configure:17344: gcc -o conftest -g -O2   conftest.c  >&5
conftest.c:68:6: warning: conflicting types for built-in function 'sqrt'
 char sqrt ();
      ^
/tmp/cc5xlRY6.o: In function `main':
/home/mj10777/000_links/geopaparazzi/spatialite-android/fossil_update_clean/librasterlite2/conftest.c:79: undefined reference to `sqrt'
collect2: error: ld returned 1 exit status
configure:17344: $? = 1
configure: failed program was:
| /* confdefs.h */
| #define PACKAGE_NAME "librasterlite2"
| #define PACKAGE_TARNAME "librasterlite2"
| #define PACKAGE_VERSION "1.0.0-rc1"
| #define PACKAGE_STRING "librasterlite2 1.0.0-rc1"
| #define PACKAGE_BUGREPORT "a.furieri@lqt.it"
| #define PACKAGE_URL ""
| #define PACKAGE "librasterlite2"
| #define VERSION "1.0.0-rc1"
| #define _LARGE_FILE 1
| #define _FILE_OFFSET_BITS 64
| #define _LARGEFILE_SOURCE 1
| #define NDEBUG 1
| #define STDC_HEADERS 1
| #define HAVE_SYS_TYPES_H 1
| #define HAVE_SYS_STAT_H 1
| #define HAVE_STDLIB_H 1
| #define HAVE_STRING_H 1
| #define HAVE_MEMORY_H 1
| #define HAVE_STRINGS_H 1
| #define HAVE_INTTYPES_H 1
| #define HAVE_STDINT_H 1
| #define HAVE_UNISTD_H 1
| #define HAVE_STDLIB_H 1
| #define HAVE_STDIO_H 1
| #define HAVE_STRING_H 1
| #define HAVE_MEMORY_H 1
| #define HAVE_MATH_H 1
| #define HAVE_FLOAT_H 1
| #define HAVE_JPEGLIB_H 1
| #define HAVE_JERROR_H 1
| #define HAVE_PNG_H 1
| #define HAVE_SQLITE3_H 1
| #define HAVE_SQLITE3EXT_H 1
| #define HAVE_ZLIB_H 1
| #define HAVE_GIF_LIB_H 1
| #define HAVE_GEOTIFF_H 1
| #define HAVE_DLFCN_H 1
| #define LT_OBJDIR ".libs/"
| #define TIME_WITH_SYS_TIME 1
| #define HAVE_LSTAT_EMPTY_STRING_BUG 1
| #define HAVE_STAT_EMPTY_STRING_BUG 1
| #define HAVE_STRFTIME 1
| /* end confdefs.h.  */
| /* Define sqrt to an innocuous variant, in case <limits.h> declares sqrt.
|    For example, HP-UX 11i <limits.h> declares gettimeofday.  */
| #define sqrt innocuous_sqrt
| 
| /* System header to define __stub macros and hopefully few prototypes,
|     which can conflict with char sqrt (); below.
|     Prefer <limits.h> to <assert.h> if __STDC__ is defined, since
|     <limits.h> exists even on freestanding compilers.  */
| 
| #ifdef __STDC__
| # include <limits.h>
| #else
| # include <assert.h>
| #endif
| 
| #undef sqrt
| 
| /* Override any GCC internal prototype to avoid an error.
|    Use char because int might match the return type of a GCC
|    builtin and then its argument prototype would still apply.  */
| #ifdef __cplusplus
| extern "C"
| #endif
| char sqrt ();
| /* The GNU C library defines this for functions which it implements
|     to always fail with ENOSYS.  Some functions are actually named
|     something starting with __ and the normal name is an alias.  */
| #if defined __stub_sqrt || defined __stub___sqrt
| choke me
| #endif
| 
| int
| main ()
| {
| return sqrt ();
|   ;
|   return 0;
| }
configure:17344: result: no
configure:17344: checking for strcasecmp
configure:17344: gcc -o conftest -g -O2   conftest.c  >&5
conftest.c:68:6: warning: conflicting types for built-in function 'strcasecmp'
 char strcasecmp ();
      ^
configure:17344: $? = 0
configure:17344: result: yes
configure:17344: checking for strerror
configure:17344: gcc -o conftest -g -O2   conftest.c  >&5
configure:17344: $? = 0
configure:17344: result: yes
configure:17344: checking for strncasecmp
configure:17344: gcc -o conftest -g -O2   conftest.c  >&5
conftest.c:70:6: warning: conflicting types for built-in function 'strncasecmp'
 char strncasecmp ();
      ^
configure:17344: $? = 0
configure:17344: result: yes
configure:17344: checking for strstr
configure:17344: gcc -o conftest -g -O2   conftest.c  >&5
conftest.c:71:6: warning: conflicting types for built-in function 'strstr'
 char strstr ();
      ^
configure:17344: $? = 0
configure:17344: result: yes
configure:17344: checking for strerror
configure:17344: result: yes
configure:17376: checking for sqlite3_prepare_v2 in -lsqlite3
configure:17401: gcc -o conftest -g -O2   conftest.c -lsqlite3 -lm  >&5
configure:17401: $? = 0
configure:17410: result: yes
configure:17423: checking for inflateInit_ in -lz
configure:17448: gcc -o conftest -g -O2   conftest.c -lz -lm -lsqlite3  >&5
configure:17448: $? = 0
configure:17457: result: yes
configure:17470: checking for jpeg_start_compress in -ljpeg
configure:17495: gcc -o conftest -g -O2   conftest.c -ljpeg -lm -lz -lsqlite3  >&5
configure:17495: $? = 0
configure:17504: result: yes
configure:17517: checking for DGifSlurp in -lgif
configure:17542: gcc -o conftest -g -O2   conftest.c -lgif -lm -ljpeg -lz -lsqlite3  >&5
configure:17542: $? = 0
configure:17551: result: yes
configure:17564: checking for TIFFClientOpen in -ltiff
configure:17589: gcc -o conftest -g -O2   conftest.c -ltiff -lm -lgif -ljpeg -lz -lsqlite3  >&5
configure:17589: $? = 0
configure:17598: result: yes
configure:17611: checking for GTIFSetFromProj4 in -lgeotiff
configure:17636: gcc -o conftest -g -O2   conftest.c -lgeotiff -lm -ltiff -lgif -ljpeg -lz -lsqlite3  >&5
configure:17636: $? = 0
configure:17645: result: yes
configure:17670: checking for arm-linux-eabi-pkg-config
configure:17703: result: no
configure:17713: checking for pkg-config
configure:17731: found /usr/bin/pkg-config
configure:17743: result: /usr/bin/pkg-config
configure:17768: checking pkg-config is at least version 0.9.0
configure:17771: result: yes
configure:17781: checking for LIBPNG
configure:17788: $PKG_CONFIG --exists --print-errors "libpng"
configure:17791: $? = 0
configure:17805: $PKG_CONFIG --exists --print-errors "libpng"
configure:17808: $? = 0
configure:17846: result: yes
configure:17872: checking openjpeg-2.0/openjpeg.h usability
configure:17872: gcc -c -g -O2  conftest.c >&5
configure:17872: $? = 0
configure:17872: result: yes
configure:17872: checking openjpeg-2.0/openjpeg.h presence
configure:17872: gcc -E  conftest.c
configure:17872: $? = 0
configure:17872: result: yes
configure:17872: checking for openjpeg-2.0/openjpeg.h
configure:17872: result: yes
configure:17884: checking openjpeg-2.1/openjpeg.h usability
configure:17884: gcc -c -g -O2  conftest.c >&5
conftest.c:91:35: fatal error: openjpeg-2.1/openjpeg.h: No such file or directory
 #include <openjpeg-2.1/openjpeg.h>
                                   ^
compilation terminated.
configure:17884: $? = 1
configure: failed program was:
| /* confdefs.h */
| #define PACKAGE_NAME "librasterlite2"
| #define PACKAGE_TARNAME "librasterlite2"
| #define PACKAGE_VERSION "1.0.0-rc1"
| #define PACKAGE_STRING "librasterlite2 1.0.0-rc1"
| #define PACKAGE_BUGREPORT "a.furieri@lqt.it"
| #define PACKAGE_URL ""
| #define PACKAGE "librasterlite2"
| #define VERSION "1.0.0-rc1"
| #define _LARGE_FILE 1
| #define _FILE_OFFSET_BITS 64
| #define _LARGEFILE_SOURCE 1
| #define NDEBUG 1
| #define STDC_HEADERS 1
| #define HAVE_SYS_TYPES_H 1
| #define HAVE_SYS_STAT_H 1
| #define HAVE_STDLIB_H 1
| #define HAVE_STRING_H 1
| #define HAVE_MEMORY_H 1
| #define HAVE_STRINGS_H 1
| #define HAVE_INTTYPES_H 1
| #define HAVE_STDINT_H 1
| #define HAVE_UNISTD_H 1
| #define HAVE_STDLIB_H 1
| #define HAVE_STDIO_H 1
| #define HAVE_STRING_H 1
| #define HAVE_MEMORY_H 1
| #define HAVE_MATH_H 1
| #define HAVE_FLOAT_H 1
| #define HAVE_JPEGLIB_H 1
| #define HAVE_JERROR_H 1
| #define HAVE_PNG_H 1
| #define HAVE_SQLITE3_H 1
| #define HAVE_SQLITE3EXT_H 1
| #define HAVE_ZLIB_H 1
| #define HAVE_GIF_LIB_H 1
| #define HAVE_GEOTIFF_H 1
| #define HAVE_DLFCN_H 1
| #define LT_OBJDIR ".libs/"
| #define TIME_WITH_SYS_TIME 1
| #define HAVE_LSTAT_EMPTY_STRING_BUG 1
| #define HAVE_STAT_EMPTY_STRING_BUG 1
| #define HAVE_STRFTIME 1
| #define HAVE_STRCASECMP 1
| #define HAVE_STRERROR 1
| #define HAVE_STRNCASECMP 1
| #define HAVE_STRSTR 1
| #define HAVE_STRERROR 1
| #define TARGET_CPU "x86_64-linux-gnu"
| #define HAVE_LIBSQLITE3 1
| #define HAVE_LIBZ 1
| #define HAVE_LIBJPEG 1
| #define HAVE_LIBGIF 1
| #define HAVE_LIBTIFF 1
| #define HAVE_LIBGEOTIFF 1
| #define HAVE_OPENJPEG_2_0_OPENJPEG_H 1
| /* end confdefs.h.  */
| #include <stdio.h>
| #ifdef HAVE_SYS_TYPES_H
| # include <sys/types.h>
| #endif
| #ifdef HAVE_SYS_STAT_H
| # include <sys/stat.h>
| #endif
| #ifdef STDC_HEADERS
| # include <stdlib.h>
| # include <stddef.h>
| #else
| # ifdef HAVE_STDLIB_H
| #  include <stdlib.h>
| # endif
| #endif
| #ifdef HAVE_STRING_H
| # if !defined STDC_HEADERS && defined HAVE_MEMORY_H
| #  include <memory.h>
| # endif
| # include <string.h>
| #endif
| #ifdef HAVE_STRINGS_H
| # include <strings.h>
| #endif
| #ifdef HAVE_INTTYPES_H
| # include <inttypes.h>
| #endif
| #ifdef HAVE_STDINT_H
| # include <stdint.h>
| #endif
| #ifdef HAVE_UNISTD_H
| # include <unistd.h>
| #endif
| #include <openjpeg-2.1/openjpeg.h>
configure:17884: result: no
configure:17884: checking openjpeg-2.1/openjpeg.h presence
configure:17884: gcc -E  conftest.c
conftest.c:58:35: fatal error: openjpeg-2.1/openjpeg.h: No such file or directory
 #include <openjpeg-2.1/openjpeg.h>
                                   ^
compilation terminated.
configure:17884: $? = 1
configure: failed program was:
| /* confdefs.h */
| #define PACKAGE_NAME "librasterlite2"
| #define PACKAGE_TARNAME "librasterlite2"
| #define PACKAGE_VERSION "1.0.0-rc1"
| #define PACKAGE_STRING "librasterlite2 1.0.0-rc1"
| #define PACKAGE_BUGREPORT "a.furieri@lqt.it"
| #define PACKAGE_URL ""
| #define PACKAGE "librasterlite2"
| #define VERSION "1.0.0-rc1"
| #define _LARGE_FILE 1
| #define _FILE_OFFSET_BITS 64
| #define _LARGEFILE_SOURCE 1
| #define NDEBUG 1
| #define STDC_HEADERS 1
| #define HAVE_SYS_TYPES_H 1
| #define HAVE_SYS_STAT_H 1
| #define HAVE_STDLIB_H 1
| #define HAVE_STRING_H 1
| #define HAVE_MEMORY_H 1
| #define HAVE_STRINGS_H 1
| #define HAVE_INTTYPES_H 1
| #define HAVE_STDINT_H 1
| #define HAVE_UNISTD_H 1
| #define HAVE_STDLIB_H 1
| #define HAVE_STDIO_H 1
| #define HAVE_STRING_H 1
| #define HAVE_MEMORY_H 1
| #define HAVE_MATH_H 1
| #define HAVE_FLOAT_H 1
| #define HAVE_JPEGLIB_H 1
| #define HAVE_JERROR_H 1
| #define HAVE_PNG_H 1
| #define HAVE_SQLITE3_H 1
| #define HAVE_SQLITE3EXT_H 1
| #define HAVE_ZLIB_H 1
| #define HAVE_GIF_LIB_H 1
| #define HAVE_GEOTIFF_H 1
| #define HAVE_DLFCN_H 1
| #define LT_OBJDIR ".libs/"
| #define TIME_WITH_SYS_TIME 1
| #define HAVE_LSTAT_EMPTY_STRING_BUG 1
| #define HAVE_STAT_EMPTY_STRING_BUG 1
| #define HAVE_STRFTIME 1
| #define HAVE_STRCASECMP 1
| #define HAVE_STRERROR 1
| #define HAVE_STRNCASECMP 1
| #define HAVE_STRSTR 1
| #define HAVE_STRERROR 1
| #define TARGET_CPU "x86_64-linux-gnu"
| #define HAVE_LIBSQLITE3 1
| #define HAVE_LIBZ 1
| #define HAVE_LIBJPEG 1
| #define HAVE_LIBGIF 1
| #define HAVE_LIBTIFF 1
| #define HAVE_LIBGEOTIFF 1
| #define HAVE_OPENJPEG_2_0_OPENJPEG_H 1
| /* end confdefs.h.  */
| #include <openjpeg-2.1/openjpeg.h>
configure:17884: result: no
configure:17884: checking for openjpeg-2.1/openjpeg.h
configure:17884: result: no
configure:17899: checking for opj_create_decompress in -lopenjp2
configure:17924: gcc -o conftest -g -O2   conftest.c -lopenjp2 -lm -lgeotiff -ltiff -lgif -ljpeg -lz -lsqlite3  >&5
configure:17924: $? = 0
configure:17933: result: yes
configure:17962: gcc -c -g -O2  conftest.c >&5
In file included from /usr/local/include/openjpeg-2.0/openjpeg.h:92:0,
                 from conftest.c:62:
/usr/local/include/openjpeg-2.0/opj_stdint.h:46:9: error: unknown type name 'size_t'
 typedef size_t        OPJ_SIZE_T;
         ^
In file included from conftest.c:62:0:
/usr/local/include/openjpeg-2.0/openjpeg.h:1052:75: error: unknown type name 'FILE'
 OPJ_API opj_stream_t* OPJ_CALLCONV opj_stream_create_default_file_stream (FILE * p_file, OPJ_BOOL p_is_read_stream);
                                                                           ^
/usr/local/include/openjpeg-2.0/openjpeg.h:1060:67: error: unknown type name 'FILE'
 OPJ_API opj_stream_t* OPJ_CALLCONV opj_stream_create_file_stream (FILE * p_file, OPJ_SIZE_T p_buffer_size, OPJ_BOOL p_is_read_stream);
                                                                   ^
In file included from conftest.c:62:0:
/usr/local/include/openjpeg-2.0/openjpeg.h:1367:12: error: unknown type name 'FILE'
            FILE* output_stream);
            ^
conftest.c: In function 'main':
conftest.c:67:60: error: 'NULL' undeclared (first use in this function)
 void *d; opj_stream_t *s; opj_stream_set_user_data (s, &d, NULL);
                                                            ^
conftest.c:67:60: note: each undeclared identifier is reported only once for each function it appears in
conftest.c:67:27: error: too many arguments to function 'opj_stream_set_user_data'
 void *d; opj_stream_t *s; opj_stream_set_user_data (s, &d, NULL);
                           ^
In file included from conftest.c:62:0:
/usr/local/include/openjpeg-2.0/openjpeg.h:1036:27: note: declared here
 OPJ_API void OPJ_CALLCONV opj_stream_set_user_data (opj_stream_t* p_stream, void * p_data);
                           ^
configure:17962: $? = 1
configure: failed program was:
| /* confdefs.h */
| #define PACKAGE_NAME "librasterlite2"
| #define PACKAGE_TARNAME "librasterlite2"
| #define PACKAGE_VERSION "1.0.0-rc1"
| #define PACKAGE_STRING "librasterlite2 1.0.0-rc1"
| #define PACKAGE_BUGREPORT "a.furieri@lqt.it"
| #define PACKAGE_URL ""
| #define PACKAGE "librasterlite2"
| #define VERSION "1.0.0-rc1"
| #define _LARGE_FILE 1
| #define _FILE_OFFSET_BITS 64
| #define _LARGEFILE_SOURCE 1
| #define NDEBUG 1
| #define STDC_HEADERS 1
| #define HAVE_SYS_TYPES_H 1
| #define HAVE_SYS_STAT_H 1
| #define HAVE_STDLIB_H 1
| #define HAVE_STRING_H 1
| #define HAVE_MEMORY_H 1
| #define HAVE_STRINGS_H 1
| #define HAVE_INTTYPES_H 1
| #define HAVE_STDINT_H 1
| #define HAVE_UNISTD_H 1
| #define HAVE_STDLIB_H 1
| #define HAVE_STDIO_H 1
| #define HAVE_STRING_H 1
| #define HAVE_MEMORY_H 1
| #define HAVE_MATH_H 1
| #define HAVE_FLOAT_H 1
| #define HAVE_JPEGLIB_H 1
| #define HAVE_JERROR_H 1
| #define HAVE_PNG_H 1
| #define HAVE_SQLITE3_H 1
| #define HAVE_SQLITE3EXT_H 1
| #define HAVE_ZLIB_H 1
| #define HAVE_GIF_LIB_H 1
| #define HAVE_GEOTIFF_H 1
| #define HAVE_DLFCN_H 1
| #define LT_OBJDIR ".libs/"
| #define TIME_WITH_SYS_TIME 1
| #define HAVE_LSTAT_EMPTY_STRING_BUG 1
| #define HAVE_STAT_EMPTY_STRING_BUG 1
| #define HAVE_STRFTIME 1
| #define HAVE_STRCASECMP 1
| #define HAVE_STRERROR 1
| #define HAVE_STRNCASECMP 1
| #define HAVE_STRSTR 1
| #define HAVE_STRERROR 1
| #define TARGET_CPU "x86_64-linux-gnu"
| #define HAVE_LIBSQLITE3 1
| #define HAVE_LIBZ 1
| #define HAVE_LIBJPEG 1
| #define HAVE_LIBGIF 1
| #define HAVE_LIBTIFF 1
| #define HAVE_LIBGEOTIFF 1
| #define HAVE_OPENJPEG_2_0_OPENJPEG_H 1
| #define HAVE_LIBOPENJP2 1
| /* end confdefs.h.  */
| #ifdef HAVE_OPENJPEG_2_1_OPENJPEG_H
|                                        #include <openjpeg-2.1/openjpeg.h>
|                                        #else
|                                        #include <openjpeg-2.0/openjpeg.h>
|                                        #endif
| int
| main ()
| {
| void *d; opj_stream_t *s; opj_stream_set_user_data (s, &d, NULL);
|   ;
|   return 0;
| }
configure:17970: result: no
configure:17994: checking for LIBWEBP
configure:18001: $PKG_CONFIG --exists --print-errors "libwebp"
configure:18004: $? = 0
configure:18018: $PKG_CONFIG --exists --print-errors "libwebp"
configure:18021: $? = 0
configure:18059: result: yes
configure:18084: checking for LIBLZMA
configure:18091: $PKG_CONFIG --exists --print-errors "liblzma"
configure:18094: $? = 0
configure:18108: $PKG_CONFIG --exists --print-errors "liblzma"
configure:18111: $? = 0
configure:18149: result: yes
configure:18174: checking CharLS/interface.h usability
configure:18174: gcc -c -g -O2  conftest.c >&5
configure:18174: $? = 0
configure:18174: result: yes
configure:18174: checking CharLS/interface.h presence
configure:18174: gcc -E  conftest.c
configure:18174: $? = 0
configure:18174: result: yes
configure:18174: checking for CharLS/interface.h
configure:18174: result: yes
configure:18186: checking for JpegLsEncode in -lCharLS
configure:18211: gcc -o conftest -g -O2   conftest.c -lCharLS -lm -lopenjp2 -lgeotiff -ltiff -lgif -ljpeg -lz -lsqlite3  >&5
configure:18211: $? = 0
configure:18220: result: yes
configure:18241: checking for LIBSPATIALITE
configure:18248: $PKG_CONFIG --exists --print-errors "spatialite"
configure:18251: $? = 0
configure:18265: $PKG_CONFIG --exists --print-errors "spatialite"
configure:18268: $? = 0
configure:18306: result: yes
configure:18315: checking for LIBCAIRO
configure:18322: $PKG_CONFIG --exists --print-errors "cairo"
configure:18325: $? = 0
configure:18339: $PKG_CONFIG --exists --print-errors "cairo"
configure:18342: $? = 0
configure:18380: result: yes
configure:18389: checking for LIBCURL
configure:18396: $PKG_CONFIG --exists --print-errors "libcurl"
configure:18399: $? = 0
configure:18413: $PKG_CONFIG --exists --print-errors "libcurl"
configure:18416: $? = 0
configure:18454: result: yes
configure:18463: checking for LIBXML2
configure:18470: $PKG_CONFIG --exists --print-errors "libxml-2.0"
configure:18473: $? = 0
configure:18487: $PKG_CONFIG --exists --print-errors "libxml-2.0"
configure:18490: $? = 0
configure:18528: result: yes
configure:18537: checking for FREETYPE2
configure:18544: $PKG_CONFIG --exists --print-errors "freetype2"
configure:18547: $? = 0
configure:18561: $PKG_CONFIG --exists --print-errors "freetype2"
configure:18564: $? = 0
configure:18602: result: yes
configure:18727: checking that generated files are newer than configure
configure:18733: result: done
configure:18772: creating ./config.status

## ---------------------- ##
## Running config.status. ##
## ---------------------- ##

This file was extended by librasterlite2 config.status 1.0.0-rc1, which was
generated by GNU Autoconf 2.69.  Invocation command line was

  CONFIG_FILES    = 
  CONFIG_HEADERS  = 
  CONFIG_LINKS    = 
  CONFIG_COMMANDS = 
  $ ./config.status 

on mj10777-01-l

config.status:1215: creating Makefile
config.status:1215: creating headers/Makefile
config.status:1215: creating src/Makefile
config.status:1215: creating test/Makefile
config.status:1215: creating test/sql_stmt_tests/Makefile
config.status:1215: creating test/sql_stmt_security_tests/Makefile
config.status:1215: creating tools/Makefile
config.status:1215: creating Doxyfile
config.status:1215: creating rasterlite2.pc
config.status:1215: creating config.h
config.status:1444: executing depfiles commands
config.status:1444: executing libtool commands

## ---------------- ##
## Cache variables. ##
## ---------------- ##

ac_cv_build=x86_64-pc-linux-gnu
ac_cv_c_compiler_gnu=yes
ac_cv_c_const=yes
ac_cv_c_volatile=yes
ac_cv_cxx_compiler_gnu=yes
ac_cv_env_CCC_set=
ac_cv_env_CCC_value=
ac_cv_env_CC_set=
ac_cv_env_CC_value=
ac_cv_env_CFLAGS_set=
ac_cv_env_CFLAGS_value=
ac_cv_env_CPPFLAGS_set=
ac_cv_env_CPPFLAGS_value=
ac_cv_env_CPP_set=
ac_cv_env_CPP_value=
ac_cv_env_CXXCPP_set=
ac_cv_env_CXXCPP_value=
ac_cv_env_CXXFLAGS_set=
ac_cv_env_CXXFLAGS_value=
ac_cv_env_CXX_set=
ac_cv_env_CXX_value=
ac_cv_env_FREETYPE2_CFLAGS_set=
ac_cv_env_FREETYPE2_CFLAGS_value=
ac_cv_env_FREETYPE2_LIBS_set=
ac_cv_env_FREETYPE2_LIBS_value=
ac_cv_env_LDFLAGS_set=
ac_cv_env_LDFLAGS_value=
ac_cv_env_LIBCAIRO_CFLAGS_set=
ac_cv_env_LIBCAIRO_CFLAGS_value=
ac_cv_env_LIBCAIRO_LIBS_set=
ac_cv_env_LIBCAIRO_LIBS_value=
ac_cv_env_LIBCURL_CFLAGS_set=
ac_cv_env_LIBCURL_CFLAGS_value=
ac_cv_env_LIBCURL_LIBS_set=
ac_cv_env_LIBCURL_LIBS_value=
ac_cv_env_LIBLZMA_CFLAGS_set=
ac_cv_env_LIBLZMA_CFLAGS_value=
ac_cv_env_LIBLZMA_LIBS_set=
ac_cv_env_LIBLZMA_LIBS_value=
ac_cv_env_LIBPNG_CFLAGS_set=
ac_cv_env_LIBPNG_CFLAGS_value=
ac_cv_env_LIBPNG_LIBS_set=
ac_cv_env_LIBPNG_LIBS_value=
ac_cv_env_LIBSPATIALITE_CFLAGS_set=
ac_cv_env_LIBSPATIALITE_CFLAGS_value=
ac_cv_env_LIBSPATIALITE_LIBS_set=
ac_cv_env_LIBSPATIALITE_LIBS_value=
ac_cv_env_LIBS_set=
ac_cv_env_LIBS_value=
ac_cv_env_LIBWEBP_CFLAGS_set=
ac_cv_env_LIBWEBP_CFLAGS_value=
ac_cv_env_LIBWEBP_LIBS_set=
ac_cv_env_LIBWEBP_LIBS_value=
ac_cv_env_LIBXML2_CFLAGS_set=
ac_cv_env_LIBXML2_CFLAGS_value=
ac_cv_env_LIBXML2_LIBS_set=
ac_cv_env_LIBXML2_LIBS_value=
ac_cv_env_PKG_CONFIG_LIBDIR_set=
ac_cv_env_PKG_CONFIG_LIBDIR_value=
ac_cv_env_PKG_CONFIG_PATH_set=
ac_cv_env_PKG_CONFIG_PATH_value=
ac_cv_env_PKG_CONFIG_set=
ac_cv_env_PKG_CONFIG_value=
ac_cv_env_build_alias_set=set
ac_cv_env_build_alias_value=x86_64-pc-linux-gnu
ac_cv_env_host_alias_set=set
ac_cv_env_host_alias_value=arm-linux-eabi
ac_cv_env_target_alias_set=
ac_cv_env_target_alias_value=
ac_cv_func_lstat_dereferences_slashed_symlink=no
ac_cv_func_lstat_empty_string_bug=yes
ac_cv_func_memcmp_working=no
ac_cv_func_sqrt=no
ac_cv_func_stat_empty_string_bug=yes
ac_cv_func_strcasecmp=yes
ac_cv_func_strerror=yes
ac_cv_func_strftime=yes
ac_cv_func_strncasecmp=yes
ac_cv_func_strstr=yes
ac_cv_header_CharLS_interface_h=yes
ac_cv_header_dlfcn_h=yes
ac_cv_header_float_h=yes
ac_cv_header_geotiff_geotiff_h=no
ac_cv_header_geotiff_h=yes
ac_cv_header_gif_lib_h=yes
ac_cv_header_inttypes_h=yes
ac_cv_header_jerror_h=yes
ac_cv_header_jpeglib_h=yes
ac_cv_header_libgeotiff_geotiff_h=no
ac_cv_header_math_h=yes
ac_cv_header_memory_h=yes
ac_cv_header_openjpeg_2_0_openjpeg_h=yes
ac_cv_header_openjpeg_2_1_openjpeg_h=no
ac_cv_header_png_h=yes
ac_cv_header_sqlite3_h=yes
ac_cv_header_sqlite3ext_h=yes
ac_cv_header_stdc=yes
ac_cv_header_stdint_h=yes
ac_cv_header_stdio_h=yes
ac_cv_header_stdlib_h=yes
ac_cv_header_string_h=yes
ac_cv_header_strings_h=yes
ac_cv_header_sys_stat_h=yes
ac_cv_header_sys_types_h=yes
ac_cv_header_time=yes
ac_cv_header_unistd_h=yes
ac_cv_header_zlib_h=yes
ac_cv_host=arm-linux-eabi
ac_cv_lib_CharLS_JpegLsEncode=yes
ac_cv_lib_geotiff_GTIFSetFromProj4=yes
ac_cv_lib_gif_DGifSlurp=yes
ac_cv_lib_jpeg_jpeg_start_compress=yes
ac_cv_lib_openjp2_opj_create_decompress=yes
ac_cv_lib_sqlite3_sqlite3_prepare_v2=yes
ac_cv_lib_tiff_TIFFClientOpen=yes
ac_cv_lib_z_inflateInit_=yes
ac_cv_objext=o
ac_cv_path_EGREP='/bin/grep -E'
ac_cv_path_FGREP='/bin/grep -F'
ac_cv_path_GREP=/bin/grep
ac_cv_path_SED=/bin/sed
ac_cv_path_ac_pt_PKG_CONFIG=/usr/bin/pkg-config
ac_cv_path_install='/usr/bin/install -c'
ac_cv_path_mkdir=/bin/mkdir
ac_cv_prog_AWK=gawk
ac_cv_prog_CC=gcc
ac_cv_prog_CPP='gcc -E'
ac_cv_prog_CXXCPP='g++ -E'
ac_cv_prog_DLLTOOL=dlltool
ac_cv_prog_OBJDUMP=objdump
ac_cv_prog_STRIP=strip
ac_cv_prog_ac_ct_AR=ar
ac_cv_prog_ac_ct_CC=gcc
ac_cv_prog_ac_ct_CXX=g++
ac_cv_prog_ac_ct_DUMPBIN='link -dump'
ac_cv_prog_ac_ct_MANIFEST_TOOL=mt
ac_cv_prog_ac_ct_RANLIB=ranlib
ac_cv_prog_ac_ct_STRIP=strip
ac_cv_prog_cc_c89=
ac_cv_prog_cc_g=yes
ac_cv_prog_cxx_g=yes
ac_cv_prog_make_make_set=yes
ac_cv_struct_tm=time.h
ac_cv_type_off_t=yes
ac_cv_type_size_t=yes
am_cv_CC_dependencies_compiler_type=gcc3
am_cv_CXX_dependencies_compiler_type=gcc3
am_cv_make_support_nested_variables=yes
am_cv_prog_cc_c_o=yes
lt_cv_ar_at_file=@
lt_cv_archive_cmds_need_lc=no
lt_cv_deplibs_check_method=unknown
lt_cv_file_magic_cmd='$MAGIC_CMD'
lt_cv_file_magic_test_file=
lt_cv_ld_reload_flag=-r
lt_cv_nm_interface='BSD nm'
lt_cv_objdir=.libs
lt_cv_path_LD=/usr/bin/ld
lt_cv_path_LDCXX=/usr/bin/ld
lt_cv_path_NM=no
lt_cv_path_mainfest_tool=no
lt_cv_prog_compiler_c_o=yes
lt_cv_prog_compiler_c_o_CXX=yes
lt_cv_prog_compiler_pic='-fPIC -DPIC'
lt_cv_prog_compiler_pic_CXX='-fPIC -DPIC'
lt_cv_prog_compiler_pic_works=yes
lt_cv_prog_compiler_pic_works_CXX=yes
lt_cv_prog_compiler_rtti_exceptions=no
lt_cv_prog_compiler_static_works=yes
lt_cv_prog_compiler_static_works_CXX=yes
lt_cv_prog_gnu_ld=yes
lt_cv_prog_gnu_ldcxx=yes
lt_cv_sharedlib_from_linklib_cmd='printf %s\n'
lt_cv_sys_global_symbol_pipe='sed -n -e '\''s/^.*[	 ]\([ABCDGIRSTW][ABCDGIRSTW]*\)[	 ][	 ]*\([_A-Za-z][_A-Za-z0-9]*\)$/\1 \2 \2/p'\'' | sed '\''/ __gnu_lto/d'\'''
lt_cv_sys_global_symbol_to_c_name_address='sed -n -e '\''s/^: \([^ ]*\)[ ]*$/  {\"\1\", (void *) 0},/p'\'' -e '\''s/^[ABCDGIRSTW]* \([^ ]*\) \([^ ]*\)$/  {"\2", (void *) \&\2},/p'\'''
lt_cv_sys_global_symbol_to_c_name_address_lib_prefix='sed -n -e '\''s/^: \([^ ]*\)[ ]*$/  {\"\1\", (void *) 0},/p'\'' -e '\''s/^[ABCDGIRSTW]* \([^ ]*\) \(lib[^ ]*\)$/  {"\2", (void *) \&\2},/p'\'' -e '\''s/^[ABCDGIRSTW]* \([^ ]*\) \([^ ]*\)$/  {"lib\2", (void *) \&\2},/p'\'''
lt_cv_sys_global_symbol_to_cdecl='sed -n -e '\''s/^T .* \(.*\)$/extern int \1();/p'\'' -e '\''s/^[ABCDGIRSTW]* .* \(.*\)$/extern char \1;/p'\'''
lt_cv_sys_max_cmd_len=1572864
lt_cv_to_host_file_cmd=func_convert_file_noop
lt_cv_to_tool_file_cmd=func_convert_file_noop
pkg_cv_FREETYPE2_CFLAGS='-I/usr/local/include/freetype2 -I/usr/local/include '
pkg_cv_FREETYPE2_LIBS='-L/usr/local/lib -lfreetype '
pkg_cv_LIBCAIRO_CFLAGS='-I/usr/local/include/freetype2 -I/usr/local/include -I/usr/local/include/libpng16 -I/usr/include/cairo -I/usr/include/glib-2.0 -I/usr/lib/x86_64-linux-gnu/glib-2.0/include -I/usr/include/pixman-1 -I/usr/include/freetype2 '
pkg_cv_LIBCAIRO_LIBS='-lcairo '
pkg_cv_LIBCURL_CFLAGS='-I/usr/local/include '
pkg_cv_LIBCURL_LIBS='-L/usr/local/lib -lcurl '
pkg_cv_LIBLZMA_CFLAGS=
pkg_cv_LIBLZMA_LIBS='-llzma '
pkg_cv_LIBPNG_CFLAGS='-I/usr/local/include/libpng16 '
pkg_cv_LIBPNG_LIBS='-L/usr/local/lib -lpng16 '
pkg_cv_LIBSPATIALITE_CFLAGS='-I/usr/local/include '
pkg_cv_LIBSPATIALITE_LIBS='-L/usr/local/lib -lspatialite -lsqlite3 -lm -lz '
pkg_cv_LIBWEBP_CFLAGS='-I/usr/local/include '
pkg_cv_LIBWEBP_LIBS='-L/usr/local/lib -lwebp '
pkg_cv_LIBXML2_CFLAGS='-I/usr/include/libxml2 '
pkg_cv_LIBXML2_LIBS='-lxml2 '

## ----------------- ##
## Output variables. ##
## ----------------- ##

ACLOCAL='${SHELL} /home/mj10777/000_links/geopaparazzi/spatialite-android/fossil_update_clean/librasterlite2/missing aclocal-1.15'
AMDEPBACKSLASH='\'
AMDEP_FALSE='#'
AMDEP_TRUE=''
AMTAR='$${TAR-tar}'
AM_BACKSLASH='\'
AM_DEFAULT_V='$(AM_DEFAULT_VERBOSITY)'
AM_DEFAULT_VERBOSITY='1'
AM_V='$(V)'
AR='ar'
AS='as'
AUTOCONF='${SHELL} /home/mj10777/000_links/geopaparazzi/spatialite-android/fossil_update_clean/librasterlite2/missing autoconf'
AUTOHEADER='${SHELL} /home/mj10777/000_links/geopaparazzi/spatialite-android/fossil_update_clean/librasterlite2/missing autoheader'
AUTOMAKE='${SHELL} /home/mj10777/000_links/geopaparazzi/spatialite-android/fossil_update_clean/librasterlite2/missing automake-1.15'
AWK='gawk'
CC='gcc'
CCDEPMODE='depmode=gcc3'
CFLAGS='-g -O2'
CPP='gcc -E'
CPPFLAGS=''
CXX='g++'
CXXCPP='g++ -E'
CXXDEPMODE='depmode=gcc3'
CXXFLAGS='-g -O2'
CYGPATH_W='echo'
DEFS='-DHAVE_CONFIG_H'
DEPDIR='.deps'
DLLTOOL='dlltool'
DSYMUTIL=''
DUMPBIN=':'
ECHO_C=''
ECHO_N='-n'
ECHO_T=''
EGREP='/bin/grep -E'
EXEEXT=''
FGREP='/bin/grep -F'
FREETYPE2_CFLAGS='-I/usr/local/include/freetype2 -I/usr/local/include '
FREETYPE2_LIBS='-L/usr/local/lib -lfreetype '
GREP='/bin/grep'
INSTALL_DATA='${INSTALL} -m 644'
INSTALL_PROGRAM='${INSTALL}'
INSTALL_SCRIPT='${INSTALL}'
INSTALL_STRIP_PROGRAM='$(install_sh) -c -s'
LD='/usr/bin/ld'
LDFLAGS=''
LIBCAIRO_CFLAGS='-I/usr/local/include/freetype2 -I/usr/local/include -I/usr/local/include/libpng16 -I/usr/include/cairo -I/usr/include/glib-2.0 -I/usr/lib/x86_64-linux-gnu/glib-2.0/include -I/usr/include/pixman-1 -I/usr/include/freetype2 '
LIBCAIRO_LIBS='-lcairo '
LIBCURL_CFLAGS='-I/usr/local/include '
LIBCURL_LIBS='-L/usr/local/lib -lcurl '
LIBFREETYPE2_CFLAGS=''
LIBFREETYPE2_LIBS=''
LIBLZMA_CFLAGS=''
LIBLZMA_LIBS='-llzma '
LIBOBJS=' ${LIBOBJDIR}lstat$U.o ${LIBOBJDIR}memcmp$U.o ${LIBOBJDIR}stat$U.o'
LIBPNG_CFLAGS='-I/usr/local/include/libpng16 '
LIBPNG_LIBS='-L/usr/local/lib -lpng16 '
LIBS='-lCharLS -lopenjp2 -lgeotiff -ltiff -lgif -ljpeg -lz -lsqlite3 '
LIBSPATIALITE_CFLAGS='-I/usr/local/include '
LIBSPATIALITE_LIBS='-L/usr/local/lib -lspatialite -lsqlite3 -lm -lz '
LIBTOOL='$(SHELL) $(top_builddir)/libtool'
LIBWEBP_CFLAGS='-I/usr/local/include '
LIBWEBP_LIBS='-L/usr/local/lib -lwebp '
LIBXML2_CFLAGS='-I/usr/include/libxml2 '
LIBXML2_LIBS='-lxml2 '
LIPO=''
LN_S='ln -s'
LTLIBOBJS=' ${LIBOBJDIR}lstat$U.lo ${LIBOBJDIR}memcmp$U.lo ${LIBOBJDIR}stat$U.lo'
MAINT='#'
MAINTAINER_MODE_FALSE=''
MAINTAINER_MODE_TRUE='#'
MAKEINFO='${SHELL} /home/mj10777/000_links/geopaparazzi/spatialite-android/fossil_update_clean/librasterlite2/missing makeinfo'
MANIFEST_TOOL=':'
MINGW_FALSE=''
MINGW_TRUE='#'
MKDIR_P='/bin/mkdir -p'
NM='nm'
NMEDIT=''
OBJDUMP='objdump'
OBJEXT='o'
OTOOL64=''
OTOOL=''
PACKAGE='librasterlite2'
PACKAGE_BUGREPORT='a.furieri@lqt.it'
PACKAGE_NAME='librasterlite2'
PACKAGE_STRING='librasterlite2 1.0.0-rc1'
PACKAGE_TARNAME='librasterlite2'
PACKAGE_URL=''
PACKAGE_VERSION='1.0.0-rc1'
PATH_SEPARATOR=':'
PKG_CONFIG='/usr/bin/pkg-config'
PKG_CONFIG_LIBDIR=''
PKG_CONFIG_PATH=''
RANLIB='ranlib'
SED='/bin/sed'
SET_MAKE=''
SHELL='/bin/bash'
STRIP='strip'
VERSION='1.0.0-rc1'
ac_ct_AR='ar'
ac_ct_CC='gcc'
ac_ct_CXX='g++'
ac_ct_DUMPBIN='link -dump'
am__EXEEXT_FALSE=''
am__EXEEXT_TRUE='#'
am__fastdepCC_FALSE='#'
am__fastdepCC_TRUE=''
am__fastdepCXX_FALSE='#'
am__fastdepCXX_TRUE=''
am__include='include'
am__isrc=''
am__leading_dot='.'
am__nodep='_no'
am__quote=''
am__tar='$${TAR-tar} chof - "$$tardir"'
am__untar='$${TAR-tar} xf -'
bindir='${exec_prefix}/bin'
build='x86_64-pc-linux-gnu'
build_alias='x86_64-pc-linux-gnu'
build_cpu='x86_64'
build_os='linux-gnu'
build_vendor='pc'
datadir='${datarootdir}'
datarootdir='${prefix}/share'
docdir='${datarootdir}/doc/${PACKAGE_TARNAME}'
dvidir='${docdir}'
exec_prefix='${prefix}'
host='arm-linux-eabi'
host_alias='arm-linux-eabi'
host_cpu='arm'
host_os='eabi'
host_vendor='linux'
htmldir='${docdir}'
includedir='${prefix}/include'
infodir='${datarootdir}/info'
install_sh='${SHELL} /home/mj10777/000_links/geopaparazzi/spatialite-android/fossil_update_clean/librasterlite2/install-sh'
libdir='${exec_prefix}/lib'
libexecdir='${exec_prefix}/libexec'
localedir='${datarootdir}/locale'
localstatedir='${prefix}/var'
mandir='${datarootdir}/man'
mkdir_p='$(MKDIR_P)'
oldincludedir='/usr/include'
pdfdir='${docdir}'
prefix='/usr/local'
program_transform_name='s,x,x,'
psdir='${docdir}'
sbindir='${exec_prefix}/sbin'
sharedstatedir='${prefix}/com'
sysconfdir='${prefix}/etc'
target_alias=''

## ----------- ##
## confdefs.h. ##
## ----------- ##

/* confdefs.h */
#define PACKAGE_NAME "librasterlite2"
#define PACKAGE_TARNAME "librasterlite2"
#define PACKAGE_VERSION "1.0.0-rc1"
#define PACKAGE_STRING "librasterlite2 1.0.0-rc1"
#define PACKAGE_BUGREPORT "a.furieri@lqt.it"
#define PACKAGE_URL ""
#define PACKAGE "librasterlite2"
#define VERSION "1.0.0-rc1"
#define _LARGE_FILE 1
#define _FILE_OFFSET_BITS 64
#define _LARGEFILE_SOURCE 1
#define NDEBUG 1
#define STDC_HEADERS 1
#define HAVE_SYS_TYPES_H 1
#define HAVE_SYS_STAT_H 1
#define HAVE_STDLIB_H 1
#define HAVE_STRING_H 1
#define HAVE_MEMORY_H 1
#define HAVE_STRINGS_H 1
#define HAVE_INTTYPES_H 1
#define HAVE_STDINT_H 1
#define HAVE_UNISTD_H 1
#define HAVE_STDLIB_H 1
#define HAVE_STDIO_H 1
#define HAVE_STRING_H 1
#define HAVE_MEMORY_H 1
#define HAVE_MATH_H 1
#define HAVE_FLOAT_H 1
#define HAVE_JPEGLIB_H 1
#define HAVE_JERROR_H 1
#define HAVE_PNG_H 1
#define HAVE_SQLITE3_H 1
#define HAVE_SQLITE3EXT_H 1
#define HAVE_ZLIB_H 1
#define HAVE_GIF_LIB_H 1
#define HAVE_GEOTIFF_H 1
#define HAVE_DLFCN_H 1
#define LT_OBJDIR ".libs/"
#define TIME_WITH_SYS_TIME 1
#define HAVE_LSTAT_EMPTY_STRING_BUG 1
#define HAVE_STAT_EMPTY_STRING_BUG 1
#define HAVE_STRFTIME 1
#define HAVE_STRCASECMP 1
#define HAVE_STRERROR 1
#define HAVE_STRNCASECMP 1
#define HAVE_STRSTR 1
#define HAVE_STRERROR 1
#define TARGET_CPU "x86_64-linux-gnu"
#define HAVE_LIBSQLITE3 1
#define HAVE_LIBZ 1
#define HAVE_LIBJPEG 1
#define HAVE_LIBGIF 1
#define HAVE_LIBTIFF 1
#define HAVE_LIBGEOTIFF 1
#define HAVE_OPENJPEG_2_0_OPENJPEG_H 1
#define HAVE_LIBOPENJP2 1
#define HAVE_CHARLS_INTERFACE_H 1
#define HAVE_LIBCHARLS 1

configure: exit 0
