This file contains any messages produced by compilers while
running configure, to aid debugging if configure makes a mistake.

It was created by librasterlite2 configure 1.1.0-beta1, which was
generated by GNU Autoconf 2.69.  Invocation command line was

  $ ./configure --build=x86_64-pc-linux-gnu --host=arm-linux-eabi

## --------- ##
## Platform. ##
## --------- ##

hostname = mj10777-01-l
uname -m = x86_64
uname -r = 3.16.0-38-generic
uname -s = Linux
uname -v = #52-Ubuntu SMP Thu May 7 10:51:21 UTC 2015

/usr/bin/uname -p = unknown
/bin/uname -X     = unknown

/bin/arch              = unknown
/usr/bin/arch -k       = unknown
/usr/convex/getsysinfo = unknown
/usr/bin/hostinfo      = unknown
/bin/machine           = unknown
/usr/bin/oslevel       = unknown
/bin/universe          = unknown

PATH: /usr/local/bin
PATH: /usr/bin
PATH: /home/mj10777/000_links/apps_local/bin
PATH: /home/mj10777/000_links/apps_local/libQt592/bin
PATH: /home/mj10777/000_links/apps_local/gdal_git_master/bin
PATH: /home/mj10777/000_links/apps_local/libproj/proj-6.1.1/bin
PATH: /home/mj10777/000_links/gnu_source/adt-bundle-linux/sdk
PATH: /home/mj10777/000_links/gnu_source/adt-bundle-linux/sdk/tools
PATH: /home/mj10777/000_links/gnu_source/adt-bundle-linux/sdk/platform-tools
PATH: /home/mj10777/000_links/gnu_source/adt-bundle-linux/ndk/android-ndk-r16b
PATH: /home/mj10777/000_links/gnu_source/adt-bundle-linux/apache-ant/bin
PATH: /home/mj10777/000_links/gnu_source/adt-bundle-linux/android-studio/bin
PATH: /usr/local/pgsql/bin
PATH: /home/mj10777/bin
PATH: /usr/local/pgsql/bin
PATH: /usr/local/sbin
PATH: /usr/local/bin
PATH: /usr/sbin
PATH: /usr/bin
PATH: /sbin
PATH: /bin
PATH: /usr/games
PATH: /usr/local/games
PATH: /home/mj10777/bin
PATH: /usr/local/java/jdk1.8.0_11/bin


## ----------- ##
## Core tests. ##
## ----------- ##

configure:2583: checking for a BSD-compatible install
configure:2651: result: /usr/bin/install -c
configure:2662: checking whether build environment is sane
configure:2717: result: yes
configure:2776: checking for arm-linux-eabi-strip
configure:2806: result: no
configure:2816: checking for strip
configure:2832: found /usr/bin/strip
configure:2843: result: strip
configure:2855: WARNING: using cross tools not prefixed with host triplet
configure:2868: checking for a thread-safe mkdir -p
configure:2907: result: /bin/mkdir -p
configure:2914: checking for gawk
configure:2930: found /usr/bin/gawk
configure:2941: result: gawk
configure:2952: checking whether make sets $(MAKE)
configure:2974: result: yes
configure:3003: checking whether make supports nested variables
configure:3020: result: yes
configure:3147: checking whether to enable maintainer-specific portions of Makefiles
configure:3156: result: no
configure:3212: checking for style of include used by make
configure:3240: result: GNU
configure:3271: checking for arm-linux-eabi-gcc
configure:3301: result: no
configure:3311: checking for gcc
configure:3327: found /usr/bin/gcc
configure:3338: result: gcc
configure:3567: checking for C compiler version
configure:3576: gcc --version >&5
gcc (Ubuntu 4.9.1-16ubuntu6) 4.9.1
Copyright (C) 2014 Free Software Foundation, Inc.
This is free software; see the source for copying conditions.  There is NO
warranty; not even for MERCHANTABILITY or FITNESS FOR A PARTICULAR PURPOSE.

configure:3587: $? = 0
configure:3576: gcc -v >&5
Using built-in specs.
COLLECT_GCC=gcc
COLLECT_LTO_WRAPPER=/usr/lib/gcc/x86_64-linux-gnu/4.9/lto-wrapper
Target: x86_64-linux-gnu
Configured with: ../src/configure -v --with-pkgversion='Ubuntu 4.9.1-16ubuntu6' --with-bugurl=file:///usr/share/doc/gcc-4.9/README.Bugs --enable-languages=c,c++,java,go,d,fortran,objc,obj-c++ --prefix=/usr --program-suffix=-4.9 --enable-shared --enable-linker-build-id --libexecdir=/usr/lib --without-included-gettext --enable-threads=posix --with-gxx-include-dir=/usr/include/c++/4.9 --libdir=/usr/lib --enable-nls --with-sysroot=/ --enable-clocale=gnu --enable-libstdcxx-debug --enable-libstdcxx-time=yes --enable-gnu-unique-object --disable-vtable-verify --enable-plugin --with-system-zlib --disable-browser-plugin --enable-java-awt=gtk --enable-gtk-cairo --with-java-home=/usr/lib/jvm/java-1.5.0-gcj-4.9-amd64/jre --enable-java-home --with-jvm-root-dir=/usr/lib/jvm/java-1.5.0-gcj-4.9-amd64 --with-jvm-jar-dir=/usr/lib/jvm-exports/java-1.5.0-gcj-4.9-amd64 --with-arch-directory=amd64 --with-ecj-jar=/usr/share/java/eclipse-ecj.jar --enable-objc-gc --enable-multiarch --disable-werror --with-arch-32=i686 --with-abi=m64 --with-multilib-list=m32,m64,mx32 --enable-multilib --with-tune=generic --enable-checking=release --build=x86_64-linux-gnu --host=x86_64-linux-gnu --target=x86_64-linux-gnu
Thread model: posix
gcc version 4.9.1 (Ubuntu 4.9.1-16ubuntu6) 
configure:3587: $? = 0
configure:3576: gcc -V >&5
gcc: error: unrecognized command line option '-V'
gcc: fatal error: no input files
compilation terminated.
configure:3587: $? = 4
configure:3576: gcc -qversion >&5
gcc: error: unrecognized command line option '-qversion'
gcc: fatal error: no input files
compilation terminated.
configure:3587: $? = 4
configure:3607: checking whether the C compiler works
configure:3629: gcc -I/home/mj10777/000_links/apps_local/gdal_externals/include -I/home/mj10777/000_links/apps_local/gdal_externals/include/openjpeg-2.3 -I/home/mj10777/000_links/apps_local/libproj/proj-6.1.1/include -I/usr/local/include  -I/usr/include  -L/home/mj10777/000_links/apps_local/gdal_externals/lib -L/home/mj10777/000_links/apps_local/libproj/proj-6.1.1/lib -L/usr/local/lib  -L/usr/lib conftest.c  >&5
configure:3633: $? = 0
configure:3681: result: yes
configure:3684: checking for C compiler default output file name
configure:3686: result: a.out
configure:3692: checking for suffix of executables
configure:3699: gcc -o conftest -I/home/mj10777/000_links/apps_local/gdal_externals/include -I/home/mj10777/000_links/apps_local/gdal_externals/include/openjpeg-2.3 -I/home/mj10777/000_links/apps_local/libproj/proj-6.1.1/include -I/usr/local/include  -I/usr/include  -L/home/mj10777/000_links/apps_local/gdal_externals/lib -L/home/mj10777/000_links/apps_local/libproj/proj-6.1.1/lib -L/usr/local/lib  -L/usr/lib conftest.c  >&5
configure:3703: $? = 0
configure:3725: result: 
configure:3747: checking whether we are cross compiling
configure:3785: result: yes
configure:3790: checking for suffix of object files
configure:3812: gcc -c -I/home/mj10777/000_links/apps_local/gdal_externals/include -I/home/mj10777/000_links/apps_local/gdal_externals/include/openjpeg-2.3 -I/home/mj10777/000_links/apps_local/libproj/proj-6.1.1/include -I/usr/local/include  -I/usr/include  conftest.c >&5
configure:3816: $? = 0
configure:3837: result: o
configure:3841: checking whether we are using the GNU C compiler
configure:3860: gcc -c -I/home/mj10777/000_links/apps_local/gdal_externals/include -I/home/mj10777/000_links/apps_local/gdal_externals/include/openjpeg-2.3 -I/home/mj10777/000_links/apps_local/libproj/proj-6.1.1/include -I/usr/local/include  -I/usr/include  conftest.c >&5
configure:3860: $? = 0
configure:3869: result: yes
configure:3878: checking whether gcc accepts -g
configure:3898: gcc -c -g  conftest.c >&5
configure:3898: $? = 0
configure:3939: result: yes
configure:3956: checking for gcc option to accept ISO C89
configure:4019: gcc  -c -I/home/mj10777/000_links/apps_local/gdal_externals/include -I/home/mj10777/000_links/apps_local/gdal_externals/include/openjpeg-2.3 -I/home/mj10777/000_links/apps_local/libproj/proj-6.1.1/include -I/usr/local/include  -I/usr/include  conftest.c >&5
configure:4019: $? = 0
configure:4032: result: none needed
configure:4057: checking whether gcc understands -c and -o together
configure:4079: gcc -c conftest.c -o conftest2.o
configure:4082: $? = 0
configure:4079: gcc -c conftest.c -o conftest2.o
configure:4082: $? = 0
configure:4094: result: yes
configure:4113: checking dependency style of gcc
configure:4224: result: gcc3
configure:4245: checking how to run the C preprocessor
configure:4276: gcc -E  conftest.c
configure:4276: $? = 0
configure:4290: gcc -E  conftest.c
conftest.c:15:28: fatal error: ac_nonexistent.h: No such file or directory
 #include <ac_nonexistent.h>
                            ^
compilation terminated.
configure:4290: $? = 1
configure: failed program was:
| /* confdefs.h */
| #define PACKAGE_NAME "librasterlite2"
| #define PACKAGE_TARNAME "librasterlite2"
| #define PACKAGE_VERSION "1.1.0-beta1"
| #define PACKAGE_STRING "librasterlite2 1.1.0-beta1"
| #define PACKAGE_BUGREPORT "a.furieri@lqt.it"
| #define PACKAGE_URL ""
| #define PACKAGE "librasterlite2"
| #define VERSION "1.1.0-beta1"
| #define _LARGE_FILE 1
| #define _FILE_OFFSET_BITS 64
| #define _LARGEFILE_SOURCE 1
| #define NDEBUG 1
| /* end confdefs.h.  */
| #include <ac_nonexistent.h>
configure:4315: result: gcc -E
configure:4335: gcc -E  conftest.c
configure:4335: $? = 0
configure:4349: gcc -E  conftest.c
conftest.c:15:28: fatal error: ac_nonexistent.h: No such file or directory
 #include <ac_nonexistent.h>
                            ^
compilation terminated.
configure:4349: $? = 1
configure: failed program was:
| /* confdefs.h */
| #define PACKAGE_NAME "librasterlite2"
| #define PACKAGE_TARNAME "librasterlite2"
| #define PACKAGE_VERSION "1.1.0-beta1"
| #define PACKAGE_STRING "librasterlite2 1.1.0-beta1"
| #define PACKAGE_BUGREPORT "a.furieri@lqt.it"
| #define PACKAGE_URL ""
| #define PACKAGE "librasterlite2"
| #define VERSION "1.1.0-beta1"
| #define _LARGE_FILE 1
| #define _FILE_OFFSET_BITS 64
| #define _LARGEFILE_SOURCE 1
| #define NDEBUG 1
| /* end confdefs.h.  */
| #include <ac_nonexistent.h>
configure:4378: checking for grep that handles long lines and -e
configure:4436: result: /bin/grep
configure:4441: checking for egrep
configure:4503: result: /bin/grep -E
configure:4508: checking for ANSI C header files
configure:4528: gcc -c -I/home/mj10777/000_links/apps_local/gdal_externals/include -I/home/mj10777/000_links/apps_local/gdal_externals/include/openjpeg-2.3 -I/home/mj10777/000_links/apps_local/libproj/proj-6.1.1/include -I/usr/local/include  -I/usr/include  conftest.c >&5
configure:4528: $? = 0
configure:4612: result: yes
configure:4625: checking for sys/types.h
configure:4625: gcc -c -I/home/mj10777/000_links/apps_local/gdal_externals/include -I/home/mj10777/000_links/apps_local/gdal_externals/include/openjpeg-2.3 -I/home/mj10777/000_links/apps_local/libproj/proj-6.1.1/include -I/usr/local/include  -I/usr/include  conftest.c >&5
configure:4625: $? = 0
configure:4625: result: yes
configure:4625: checking for sys/stat.h
configure:4625: gcc -c -I/home/mj10777/000_links/apps_local/gdal_externals/include -I/home/mj10777/000_links/apps_local/gdal_externals/include/openjpeg-2.3 -I/home/mj10777/000_links/apps_local/libproj/proj-6.1.1/include -I/usr/local/include  -I/usr/include  conftest.c >&5
configure:4625: $? = 0
configure:4625: result: yes
configure:4625: checking for stdlib.h
configure:4625: gcc -c -I/home/mj10777/000_links/apps_local/gdal_externals/include -I/home/mj10777/000_links/apps_local/gdal_externals/include/openjpeg-2.3 -I/home/mj10777/000_links/apps_local/libproj/proj-6.1.1/include -I/usr/local/include  -I/usr/include  conftest.c >&5
configure:4625: $? = 0
configure:4625: result: yes
configure:4625: checking for string.h
configure:4625: gcc -c -I/home/mj10777/000_links/apps_local/gdal_externals/include -I/home/mj10777/000_links/apps_local/gdal_externals/include/openjpeg-2.3 -I/home/mj10777/000_links/apps_local/libproj/proj-6.1.1/include -I/usr/local/include  -I/usr/include  conftest.c >&5
configure:4625: $? = 0
configure:4625: result: yes
configure:4625: checking for memory.h
configure:4625: gcc -c -I/home/mj10777/000_links/apps_local/gdal_externals/include -I/home/mj10777/000_links/apps_local/gdal_externals/include/openjpeg-2.3 -I/home/mj10777/000_links/apps_local/libproj/proj-6.1.1/include -I/usr/local/include  -I/usr/include  conftest.c >&5
configure:4625: $? = 0
configure:4625: result: yes
configure:4625: checking for strings.h
configure:4625: gcc -c -I/home/mj10777/000_links/apps_local/gdal_externals/include -I/home/mj10777/000_links/apps_local/gdal_externals/include/openjpeg-2.3 -I/home/mj10777/000_links/apps_local/libproj/proj-6.1.1/include -I/usr/local/include  -I/usr/include  conftest.c >&5
configure:4625: $? = 0
configure:4625: result: yes
configure:4625: checking for inttypes.h
configure:4625: gcc -c -I/home/mj10777/000_links/apps_local/gdal_externals/include -I/home/mj10777/000_links/apps_local/gdal_externals/include/openjpeg-2.3 -I/home/mj10777/000_links/apps_local/libproj/proj-6.1.1/include -I/usr/local/include  -I/usr/include  conftest.c >&5
configure:4625: $? = 0
configure:4625: result: yes
configure:4625: checking for stdint.h
configure:4625: gcc -c -I/home/mj10777/000_links/apps_local/gdal_externals/include -I/home/mj10777/000_links/apps_local/gdal_externals/include/openjpeg-2.3 -I/home/mj10777/000_links/apps_local/libproj/proj-6.1.1/include -I/usr/local/include  -I/usr/include  conftest.c >&5
configure:4625: $? = 0
configure:4625: result: yes
configure:4625: checking for unistd.h
configure:4625: gcc -c -I/home/mj10777/000_links/apps_local/gdal_externals/include -I/home/mj10777/000_links/apps_local/gdal_externals/include/openjpeg-2.3 -I/home/mj10777/000_links/apps_local/libproj/proj-6.1.1/include -I/usr/local/include  -I/usr/include  conftest.c >&5
configure:4625: $? = 0
configure:4625: result: yes
configure:4639: checking for stdlib.h
configure:4639: result: yes
configure:4653: checking stdio.h usability
configure:4653: gcc -c -I/home/mj10777/000_links/apps_local/gdal_externals/include -I/home/mj10777/000_links/apps_local/gdal_externals/include/openjpeg-2.3 -I/home/mj10777/000_links/apps_local/libproj/proj-6.1.1/include -I/usr/local/include  -I/usr/include  conftest.c >&5
configure:4653: $? = 0
configure:4653: result: yes
configure:4653: checking stdio.h presence
configure:4653: gcc -E  conftest.c
configure:4653: $? = 0
configure:4653: result: yes
configure:4653: checking for stdio.h
configure:4653: result: yes
configure:4667: checking for string.h
configure:4667: result: yes
configure:4681: checking for memory.h
configure:4681: result: yes
configure:4695: checking math.h usability
configure:4695: gcc -c -I/home/mj10777/000_links/apps_local/gdal_externals/include -I/home/mj10777/000_links/apps_local/gdal_externals/include/openjpeg-2.3 -I/home/mj10777/000_links/apps_local/libproj/proj-6.1.1/include -I/usr/local/include  -I/usr/include  conftest.c >&5
configure:4695: $? = 0
configure:4695: result: yes
configure:4695: checking math.h presence
configure:4695: gcc -E  conftest.c
configure:4695: $? = 0
configure:4695: result: yes
configure:4695: checking for math.h
configure:4695: result: yes
configure:4709: checking float.h usability
configure:4709: gcc -c -I/home/mj10777/000_links/apps_local/gdal_externals/include -I/home/mj10777/000_links/apps_local/gdal_externals/include/openjpeg-2.3 -I/home/mj10777/000_links/apps_local/libproj/proj-6.1.1/include -I/usr/local/include  -I/usr/include  conftest.c >&5
configure:4709: $? = 0
configure:4709: result: yes
configure:4709: checking float.h presence
configure:4709: gcc -E  conftest.c
configure:4709: $? = 0
configure:4709: result: yes
configure:4709: checking for float.h
configure:4709: result: yes
configure:4723: checking jpeglib.h usability
configure:4723: gcc -c -I/home/mj10777/000_links/apps_local/gdal_externals/include -I/home/mj10777/000_links/apps_local/gdal_externals/include/openjpeg-2.3 -I/home/mj10777/000_links/apps_local/libproj/proj-6.1.1/include -I/usr/local/include  -I/usr/include  conftest.c >&5
configure:4723: $? = 0
configure:4723: result: yes
configure:4723: checking jpeglib.h presence
configure:4723: gcc -E  conftest.c
configure:4723: $? = 0
configure:4723: result: yes
configure:4723: checking for jpeglib.h
configure:4723: result: yes
configure:4737: checking jerror.h usability
configure:4737: gcc -c -I/home/mj10777/000_links/apps_local/gdal_externals/include -I/home/mj10777/000_links/apps_local/gdal_externals/include/openjpeg-2.3 -I/home/mj10777/000_links/apps_local/libproj/proj-6.1.1/include -I/usr/local/include  -I/usr/include  conftest.c >&5
configure:4737: $? = 0
configure:4737: result: yes
configure:4737: checking jerror.h presence
configure:4737: gcc -E  conftest.c
configure:4737: $? = 0
configure:4737: result: yes
configure:4737: checking for jerror.h
configure:4737: result: yes
configure:4751: checking png.h usability
configure:4751: gcc -c -I/home/mj10777/000_links/apps_local/gdal_externals/include -I/home/mj10777/000_links/apps_local/gdal_externals/include/openjpeg-2.3 -I/home/mj10777/000_links/apps_local/libproj/proj-6.1.1/include -I/usr/local/include  -I/usr/include  conftest.c >&5
configure:4751: $? = 0
configure:4751: result: yes
configure:4751: checking png.h presence
configure:4751: gcc -E  conftest.c
configure:4751: $? = 0
configure:4751: result: yes
configure:4751: checking for png.h
configure:4751: result: yes
configure:4765: checking sqlite3.h usability
configure:4765: gcc -c -I/home/mj10777/000_links/apps_local/gdal_externals/include -I/home/mj10777/000_links/apps_local/gdal_externals/include/openjpeg-2.3 -I/home/mj10777/000_links/apps_local/libproj/proj-6.1.1/include -I/usr/local/include  -I/usr/include  conftest.c >&5
configure:4765: $? = 0
configure:4765: result: yes
configure:4765: checking sqlite3.h presence
configure:4765: gcc -E  conftest.c
configure:4765: $? = 0
configure:4765: result: yes
configure:4765: checking for sqlite3.h
configure:4765: result: yes
configure:4779: checking sqlite3ext.h usability
configure:4779: gcc -c -I/home/mj10777/000_links/apps_local/gdal_externals/include -I/home/mj10777/000_links/apps_local/gdal_externals/include/openjpeg-2.3 -I/home/mj10777/000_links/apps_local/libproj/proj-6.1.1/include -I/usr/local/include  -I/usr/include  conftest.c >&5
configure:4779: $? = 0
configure:4779: result: yes
configure:4779: checking sqlite3ext.h presence
configure:4779: gcc -E  conftest.c
configure:4779: $? = 0
configure:4779: result: yes
configure:4779: checking for sqlite3ext.h
configure:4779: result: yes
configure:4793: checking zlib.h usability
configure:4793: gcc -c -I/home/mj10777/000_links/apps_local/gdal_externals/include -I/home/mj10777/000_links/apps_local/gdal_externals/include/openjpeg-2.3 -I/home/mj10777/000_links/apps_local/libproj/proj-6.1.1/include -I/usr/local/include  -I/usr/include  conftest.c >&5
configure:4793: $? = 0
configure:4793: result: yes
configure:4793: checking zlib.h presence
configure:4793: gcc -E  conftest.c
configure:4793: $? = 0
configure:4793: result: yes
configure:4793: checking for zlib.h
configure:4793: result: yes
configure:4807: checking gif_lib.h usability
configure:4807: gcc -c -I/home/mj10777/000_links/apps_local/gdal_externals/include -I/home/mj10777/000_links/apps_local/gdal_externals/include/openjpeg-2.3 -I/home/mj10777/000_links/apps_local/libproj/proj-6.1.1/include -I/usr/local/include  -I/usr/include  conftest.c >&5
configure:4807: $? = 0
configure:4807: result: yes
configure:4807: checking gif_lib.h presence
configure:4807: gcc -E  conftest.c
configure:4807: $? = 0
configure:4807: result: yes
configure:4807: checking for gif_lib.h
configure:4807: result: yes
configure:4832: checking geotiff/geotiff.h usability
configure:4832: gcc -c -I/home/mj10777/000_links/apps_local/gdal_externals/include -I/home/mj10777/000_links/apps_local/gdal_externals/include/openjpeg-2.3 -I/home/mj10777/000_links/apps_local/libproj/proj-6.1.1/include -I/usr/local/include  -I/usr/include  conftest.c >&5
conftest.c:71:29: fatal error: geotiff/geotiff.h: No such file or directory
 #include <geotiff/geotiff.h>
                             ^
compilation terminated.
configure:4832: $? = 1
configure: failed program was:
| /* confdefs.h */
| #define PACKAGE_NAME "librasterlite2"
| #define PACKAGE_TARNAME "librasterlite2"
| #define PACKAGE_VERSION "1.1.0-beta1"
| #define PACKAGE_STRING "librasterlite2 1.1.0-beta1"
| #define PACKAGE_BUGREPORT "a.furieri@lqt.it"
| #define PACKAGE_URL ""
| #define PACKAGE "librasterlite2"
| #define VERSION "1.1.0-beta1"
| #define _LARGE_FILE 1
| #define _FILE_OFFSET_BITS 64
| #define _LARGEFILE_SOURCE 1
| #define NDEBUG 1
| #define STDC_HEADERS 1
| #define HAVE_SYS_TYPES_H 1
| #define HAVE_SYS_STAT_H 1
| #define HAVE_STDLIB_H 1
| #define HAVE_STRING_H 1
| #define HAVE_MEMORY_H 1
| #define HAVE_STRINGS_H 1
| #define HAVE_INTTYPES_H 1
| #define HAVE_STDINT_H 1
| #define HAVE_UNISTD_H 1
| #define HAVE_STDLIB_H 1
| #define HAVE_STDIO_H 1
| #define HAVE_STRING_H 1
| #define HAVE_MEMORY_H 1
| #define HAVE_MATH_H 1
| #define HAVE_FLOAT_H 1
| #define HAVE_JPEGLIB_H 1
| #define HAVE_JERROR_H 1
| #define HAVE_PNG_H 1
| #define HAVE_SQLITE3_H 1
| #define HAVE_SQLITE3EXT_H 1
| #define HAVE_ZLIB_H 1
| #define HAVE_GIF_LIB_H 1
| /* end confdefs.h.  */
| #include <stdio.h>
| #ifdef HAVE_SYS_TYPES_H
| # include <sys/types.h>
| #endif
| #ifdef HAVE_SYS_STAT_H
| # include <sys/stat.h>
| #endif
| #ifdef STDC_HEADERS
| # include <stdlib.h>
| # include <stddef.h>
| #else
| # ifdef HAVE_STDLIB_H
| #  include <stdlib.h>
| # endif
| #endif
| #ifdef HAVE_STRING_H
| # if !defined STDC_HEADERS && defined HAVE_MEMORY_H
| #  include <memory.h>
| # endif
| # include <string.h>
| #endif
| #ifdef HAVE_STRINGS_H
| # include <strings.h>
| #endif
| #ifdef HAVE_INTTYPES_H
| # include <inttypes.h>
| #endif
| #ifdef HAVE_STDINT_H
| # include <stdint.h>
| #endif
| #ifdef HAVE_UNISTD_H
| # include <unistd.h>
| #endif
| #include <geotiff/geotiff.h>
configure:4832: result: no
configure:4832: checking geotiff/geotiff.h presence
configure:4832: gcc -E  conftest.c
conftest.c:38:29: fatal error: geotiff/geotiff.h: No such file or directory
 #include <geotiff/geotiff.h>
                             ^
compilation terminated.
configure:4832: $? = 1
configure: failed program was:
| /* confdefs.h */
| #define PACKAGE_NAME "librasterlite2"
| #define PACKAGE_TARNAME "librasterlite2"
| #define PACKAGE_VERSION "1.1.0-beta1"
| #define PACKAGE_STRING "librasterlite2 1.1.0-beta1"
| #define PACKAGE_BUGREPORT "a.furieri@lqt.it"
| #define PACKAGE_URL ""
| #define PACKAGE "librasterlite2"
| #define VERSION "1.1.0-beta1"
| #define _LARGE_FILE 1
| #define _FILE_OFFSET_BITS 64
| #define _LARGEFILE_SOURCE 1
| #define NDEBUG 1
| #define STDC_HEADERS 1
| #define HAVE_SYS_TYPES_H 1
| #define HAVE_SYS_STAT_H 1
| #define HAVE_STDLIB_H 1
| #define HAVE_STRING_H 1
| #define HAVE_MEMORY_H 1
| #define HAVE_STRINGS_H 1
| #define HAVE_INTTYPES_H 1
| #define HAVE_STDINT_H 1
| #define HAVE_UNISTD_H 1
| #define HAVE_STDLIB_H 1
| #define HAVE_STDIO_H 1
| #define HAVE_STRING_H 1
| #define HAVE_MEMORY_H 1
| #define HAVE_MATH_H 1
| #define HAVE_FLOAT_H 1
| #define HAVE_JPEGLIB_H 1
| #define HAVE_JERROR_H 1
| #define HAVE_PNG_H 1
| #define HAVE_SQLITE3_H 1
| #define HAVE_SQLITE3EXT_H 1
| #define HAVE_ZLIB_H 1
| #define HAVE_GIF_LIB_H 1
| /* end confdefs.h.  */
| #include <geotiff/geotiff.h>
configure:4832: result: no
configure:4832: checking for geotiff/geotiff.h
configure:4832: result: no
configure:4844: checking libgeotiff/geotiff.h usability
configure:4844: gcc -c -I/home/mj10777/000_links/apps_local/gdal_externals/include -I/home/mj10777/000_links/apps_local/gdal_externals/include/openjpeg-2.3 -I/home/mj10777/000_links/apps_local/libproj/proj-6.1.1/include -I/usr/local/include  -I/usr/include  conftest.c >&5
conftest.c:71:32: fatal error: libgeotiff/geotiff.h: No such file or directory
 #include <libgeotiff/geotiff.h>
                                ^
compilation terminated.
configure:4844: $? = 1
configure: failed program was:
| /* confdefs.h */
| #define PACKAGE_NAME "librasterlite2"
| #define PACKAGE_TARNAME "librasterlite2"
| #define PACKAGE_VERSION "1.1.0-beta1"
| #define PACKAGE_STRING "librasterlite2 1.1.0-beta1"
| #define PACKAGE_BUGREPORT "a.furieri@lqt.it"
| #define PACKAGE_URL ""
| #define PACKAGE "librasterlite2"
| #define VERSION "1.1.0-beta1"
| #define _LARGE_FILE 1
| #define _FILE_OFFSET_BITS 64
| #define _LARGEFILE_SOURCE 1
| #define NDEBUG 1
| #define STDC_HEADERS 1
| #define HAVE_SYS_TYPES_H 1
| #define HAVE_SYS_STAT_H 1
| #define HAVE_STDLIB_H 1
| #define HAVE_STRING_H 1
| #define HAVE_MEMORY_H 1
| #define HAVE_STRINGS_H 1
| #define HAVE_INTTYPES_H 1
| #define HAVE_STDINT_H 1
| #define HAVE_UNISTD_H 1
| #define HAVE_STDLIB_H 1
| #define HAVE_STDIO_H 1
| #define HAVE_STRING_H 1
| #define HAVE_MEMORY_H 1
| #define HAVE_MATH_H 1
| #define HAVE_FLOAT_H 1
| #define HAVE_JPEGLIB_H 1
| #define HAVE_JERROR_H 1
| #define HAVE_PNG_H 1
| #define HAVE_SQLITE3_H 1
| #define HAVE_SQLITE3EXT_H 1
| #define HAVE_ZLIB_H 1
| #define HAVE_GIF_LIB_H 1
| /* end confdefs.h.  */
| #include <stdio.h>
| #ifdef HAVE_SYS_TYPES_H
| # include <sys/types.h>
| #endif
| #ifdef HAVE_SYS_STAT_H
| # include <sys/stat.h>
| #endif
| #ifdef STDC_HEADERS
| # include <stdlib.h>
| # include <stddef.h>
| #else
| # ifdef HAVE_STDLIB_H
| #  include <stdlib.h>
| # endif
| #endif
| #ifdef HAVE_STRING_H
| # if !defined STDC_HEADERS && defined HAVE_MEMORY_H
| #  include <memory.h>
| # endif
| # include <string.h>
| #endif
| #ifdef HAVE_STRINGS_H
| # include <strings.h>
| #endif
| #ifdef HAVE_INTTYPES_H
| # include <inttypes.h>
| #endif
| #ifdef HAVE_STDINT_H
| # include <stdint.h>
| #endif
| #ifdef HAVE_UNISTD_H
| # include <unistd.h>
| #endif
| #include <libgeotiff/geotiff.h>
configure:4844: result: no
configure:4844: checking libgeotiff/geotiff.h presence
configure:4844: gcc -E  conftest.c
conftest.c:38:32: fatal error: libgeotiff/geotiff.h: No such file or directory
 #include <libgeotiff/geotiff.h>
                                ^
compilation terminated.
configure:4844: $? = 1
configure: failed program was:
| /* confdefs.h */
| #define PACKAGE_NAME "librasterlite2"
| #define PACKAGE_TARNAME "librasterlite2"
| #define PACKAGE_VERSION "1.1.0-beta1"
| #define PACKAGE_STRING "librasterlite2 1.1.0-beta1"
| #define PACKAGE_BUGREPORT "a.furieri@lqt.it"
| #define PACKAGE_URL ""
| #define PACKAGE "librasterlite2"
| #define VERSION "1.1.0-beta1"
| #define _LARGE_FILE 1
| #define _FILE_OFFSET_BITS 64
| #define _LARGEFILE_SOURCE 1
| #define NDEBUG 1
| #define STDC_HEADERS 1
| #define HAVE_SYS_TYPES_H 1
| #define HAVE_SYS_STAT_H 1
| #define HAVE_STDLIB_H 1
| #define HAVE_STRING_H 1
| #define HAVE_MEMORY_H 1
| #define HAVE_STRINGS_H 1
| #define HAVE_INTTYPES_H 1
| #define HAVE_STDINT_H 1
| #define HAVE_UNISTD_H 1
| #define HAVE_STDLIB_H 1
| #define HAVE_STDIO_H 1
| #define HAVE_STRING_H 1
| #define HAVE_MEMORY_H 1
| #define HAVE_MATH_H 1
| #define HAVE_FLOAT_H 1
| #define HAVE_JPEGLIB_H 1
| #define HAVE_JERROR_H 1
| #define HAVE_PNG_H 1
| #define HAVE_SQLITE3_H 1
| #define HAVE_SQLITE3EXT_H 1
| #define HAVE_ZLIB_H 1
| #define HAVE_GIF_LIB_H 1
| /* end confdefs.h.  */
| #include <libgeotiff/geotiff.h>
configure:4844: result: no
configure:4844: checking for libgeotiff/geotiff.h
configure:4844: result: no
configure:4856: checking geotiff.h usability
configure:4856: gcc -c -I/home/mj10777/000_links/apps_local/gdal_externals/include -I/home/mj10777/000_links/apps_local/gdal_externals/include/openjpeg-2.3 -I/home/mj10777/000_links/apps_local/libproj/proj-6.1.1/include -I/usr/local/include  -I/usr/include  conftest.c >&5
configure:4856: $? = 0
configure:4856: result: yes
configure:4856: checking geotiff.h presence
configure:4856: gcc -E  conftest.c
conftest.c:38:21: fatal error: geotiff.h: No such file or directory
 #include <geotiff.h>
                     ^
compilation terminated.
configure:4856: $? = 1
configure: failed program was:
| /* confdefs.h */
| #define PACKAGE_NAME "librasterlite2"
| #define PACKAGE_TARNAME "librasterlite2"
| #define PACKAGE_VERSION "1.1.0-beta1"
| #define PACKAGE_STRING "librasterlite2 1.1.0-beta1"
| #define PACKAGE_BUGREPORT "a.furieri@lqt.it"
| #define PACKAGE_URL ""
| #define PACKAGE "librasterlite2"
| #define VERSION "1.1.0-beta1"
| #define _LARGE_FILE 1
| #define _FILE_OFFSET_BITS 64
| #define _LARGEFILE_SOURCE 1
| #define NDEBUG 1
| #define STDC_HEADERS 1
| #define HAVE_SYS_TYPES_H 1
| #define HAVE_SYS_STAT_H 1
| #define HAVE_STDLIB_H 1
| #define HAVE_STRING_H 1
| #define HAVE_MEMORY_H 1
| #define HAVE_STRINGS_H 1
| #define HAVE_INTTYPES_H 1
| #define HAVE_STDINT_H 1
| #define HAVE_UNISTD_H 1
| #define HAVE_STDLIB_H 1
| #define HAVE_STDIO_H 1
| #define HAVE_STRING_H 1
| #define HAVE_MEMORY_H 1
| #define HAVE_MATH_H 1
| #define HAVE_FLOAT_H 1
| #define HAVE_JPEGLIB_H 1
| #define HAVE_JERROR_H 1
| #define HAVE_PNG_H 1
| #define HAVE_SQLITE3_H 1
| #define HAVE_SQLITE3EXT_H 1
| #define HAVE_ZLIB_H 1
| #define HAVE_GIF_LIB_H 1
| /* end confdefs.h.  */
| #include <geotiff.h>
configure:4856: result: no
configure:4856: WARNING: geotiff.h: accepted by the compiler, rejected by the preprocessor!
configure:4856: WARNING: geotiff.h: proceeding with the compiler's result
configure:4856: checking for geotiff.h
configure:4856: result: yes
configure:4889: checking for arm-linux-eabi-g++
configure:4919: result: no
configure:4889: checking for arm-linux-eabi-c++
configure:4919: result: no
configure:4889: checking for arm-linux-eabi-gpp
configure:4919: result: no
configure:4889: checking for arm-linux-eabi-aCC
configure:4919: result: no
configure:4889: checking for arm-linux-eabi-CC
configure:4919: result: no
configure:4889: checking for arm-linux-eabi-cxx
configure:4919: result: no
configure:4889: checking for arm-linux-eabi-cc++
configure:4919: result: no
configure:4889: checking for arm-linux-eabi-cl.exe
configure:4919: result: no
configure:4889: checking for arm-linux-eabi-FCC
configure:4919: result: no
configure:4889: checking for arm-linux-eabi-KCC
configure:4919: result: no
configure:4889: checking for arm-linux-eabi-RCC
configure:4919: result: no
configure:4889: checking for arm-linux-eabi-xlC_r
configure:4919: result: no
configure:4889: checking for arm-linux-eabi-xlC
configure:4919: result: no
configure:4933: checking for g++
configure:4949: found /usr/bin/g++
configure:4960: result: g++
configure:4987: checking for C++ compiler version
configure:4996: g++ --version >&5
g++ (Ubuntu 4.9.1-16ubuntu6) 4.9.1
Copyright (C) 2014 Free Software Foundation, Inc.
This is free software; see the source for copying conditions.  There is NO
warranty; not even for MERCHANTABILITY or FITNESS FOR A PARTICULAR PURPOSE.

configure:5007: $? = 0
configure:4996: g++ -v >&5
Using built-in specs.
COLLECT_GCC=g++
COLLECT_LTO_WRAPPER=/usr/lib/gcc/x86_64-linux-gnu/4.9/lto-wrapper
Target: x86_64-linux-gnu
Configured with: ../src/configure -v --with-pkgversion='Ubuntu 4.9.1-16ubuntu6' --with-bugurl=file:///usr/share/doc/gcc-4.9/README.Bugs --enable-languages=c,c++,java,go,d,fortran,objc,obj-c++ --prefix=/usr --program-suffix=-4.9 --enable-shared --enable-linker-build-id --libexecdir=/usr/lib --without-included-gettext --enable-threads=posix --with-gxx-include-dir=/usr/include/c++/4.9 --libdir=/usr/lib --enable-nls --with-sysroot=/ --enable-clocale=gnu --enable-libstdcxx-debug --enable-libstdcxx-time=yes --enable-gnu-unique-object --disable-vtable-verify --enable-plugin --with-system-zlib --disable-browser-plugin --enable-java-awt=gtk --enable-gtk-cairo --with-java-home=/usr/lib/jvm/java-1.5.0-gcj-4.9-amd64/jre --enable-java-home --with-jvm-root-dir=/usr/lib/jvm/java-1.5.0-gcj-4.9-amd64 --with-jvm-jar-dir=/usr/lib/jvm-exports/java-1.5.0-gcj-4.9-amd64 --with-arch-directory=amd64 --with-ecj-jar=/usr/share/java/eclipse-ecj.jar --enable-objc-gc --enable-multiarch --disable-werror --with-arch-32=i686 --with-abi=m64 --with-multilib-list=m32,m64,mx32 --enable-multilib --with-tune=generic --enable-checking=release --build=x86_64-linux-gnu --host=x86_64-linux-gnu --target=x86_64-linux-gnu
Thread model: posix
gcc version 4.9.1 (Ubuntu 4.9.1-16ubuntu6) 
configure:5007: $? = 0
configure:4996: g++ -V >&5
g++: error: unrecognized command line option '-V'
g++: fatal error: no input files
compilation terminated.
configure:5007: $? = 4
configure:4996: g++ -qversion >&5
g++: error: unrecognized command line option '-qversion'
g++: fatal error: no input files
compilation terminated.
configure:5007: $? = 4
configure:5011: checking whether we are using the GNU C++ compiler
configure:5030: g++ -c   conftest.cpp >&5
configure:5030: $? = 0
configure:5039: result: yes
configure:5048: checking whether g++ accepts -g
configure:5068: g++ -c -g  conftest.cpp >&5
configure:5068: $? = 0
configure:5109: result: yes
configure:5134: checking dependency style of g++
configure:5245: result: gcc3
configure:5268: checking for arm-linux-eabi-gcc
configure:5295: result: gcc
configure:5564: checking for C compiler version
configure:5573: gcc --version >&5
gcc (Ubuntu 4.9.1-16ubuntu6) 4.9.1
Copyright (C) 2014 Free Software Foundation, Inc.
This is free software; see the source for copying conditions.  There is NO
warranty; not even for MERCHANTABILITY or FITNESS FOR A PARTICULAR PURPOSE.

configure:5584: $? = 0
configure:5573: gcc -v >&5
Using built-in specs.
COLLECT_GCC=gcc
COLLECT_LTO_WRAPPER=/usr/lib/gcc/x86_64-linux-gnu/4.9/lto-wrapper
Target: x86_64-linux-gnu
Configured with: ../src/configure -v --with-pkgversion='Ubuntu 4.9.1-16ubuntu6' --with-bugurl=file:///usr/share/doc/gcc-4.9/README.Bugs --enable-languages=c,c++,java,go,d,fortran,objc,obj-c++ --prefix=/usr --program-suffix=-4.9 --enable-shared --enable-linker-build-id --libexecdir=/usr/lib --without-included-gettext --enable-threads=posix --with-gxx-include-dir=/usr/include/c++/4.9 --libdir=/usr/lib --enable-nls --with-sysroot=/ --enable-clocale=gnu --enable-libstdcxx-debug --enable-libstdcxx-time=yes --enable-gnu-unique-object --disable-vtable-verify --enable-plugin --with-system-zlib --disable-browser-plugin --enable-java-awt=gtk --enable-gtk-cairo --with-java-home=/usr/lib/jvm/java-1.5.0-gcj-4.9-amd64/jre --enable-java-home --with-jvm-root-dir=/usr/lib/jvm/java-1.5.0-gcj-4.9-amd64 --with-jvm-jar-dir=/usr/lib/jvm-exports/java-1.5.0-gcj-4.9-amd64 --with-arch-directory=amd64 --with-ecj-jar=/usr/share/java/eclipse-ecj.jar --enable-objc-gc --enable-multiarch --disable-werror --with-arch-32=i686 --with-abi=m64 --with-multilib-list=m32,m64,mx32 --enable-multilib --with-tune=generic --enable-checking=release --build=x86_64-linux-gnu --host=x86_64-linux-gnu --target=x86_64-linux-gnu
Thread model: posix
gcc version 4.9.1 (Ubuntu 4.9.1-16ubuntu6) 
configure:5584: $? = 0
configure:5573: gcc -V >&5
gcc: error: unrecognized command line option '-V'
gcc: fatal error: no input files
compilation terminated.
configure:5584: $? = 4
configure:5573: gcc -qversion >&5
gcc: error: unrecognized command line option '-qversion'
gcc: fatal error: no input files
compilation terminated.
configure:5584: $? = 4
configure:5588: checking whether we are using the GNU C compiler
configure:5616: result: yes
configure:5625: checking whether gcc accepts -g
configure:5686: result: yes
configure:5703: checking for gcc option to accept ISO C89
configure:5779: result: none needed
configure:5804: checking whether gcc understands -c and -o together
configure:5841: result: yes
configure:5860: checking dependency style of gcc
configure:5971: result: gcc3
configure:5991: checking how to run the C preprocessor
configure:6061: result: gcc -E
configure:6081: gcc -E  conftest.c
configure:6081: $? = 0
configure:6095: gcc -E  conftest.c
conftest.c:39:28: fatal error: ac_nonexistent.h: No such file or directory
 #include <ac_nonexistent.h>
                            ^
compilation terminated.
configure:6095: $? = 1
configure: failed program was:
| /* confdefs.h */
| #define PACKAGE_NAME "librasterlite2"
| #define PACKAGE_TARNAME "librasterlite2"
| #define PACKAGE_VERSION "1.1.0-beta1"
| #define PACKAGE_STRING "librasterlite2 1.1.0-beta1"
| #define PACKAGE_BUGREPORT "a.furieri@lqt.it"
| #define PACKAGE_URL ""
| #define PACKAGE "librasterlite2"
| #define VERSION "1.1.0-beta1"
| #define _LARGE_FILE 1
| #define _FILE_OFFSET_BITS 64
| #define _LARGEFILE_SOURCE 1
| #define NDEBUG 1
| #define STDC_HEADERS 1
| #define HAVE_SYS_TYPES_H 1
| #define HAVE_SYS_STAT_H 1
| #define HAVE_STDLIB_H 1
| #define HAVE_STRING_H 1
| #define HAVE_MEMORY_H 1
| #define HAVE_STRINGS_H 1
| #define HAVE_INTTYPES_H 1
| #define HAVE_STDINT_H 1
| #define HAVE_UNISTD_H 1
| #define HAVE_STDLIB_H 1
| #define HAVE_STDIO_H 1
| #define HAVE_STRING_H 1
| #define HAVE_MEMORY_H 1
| #define HAVE_MATH_H 1
| #define HAVE_FLOAT_H 1
| #define HAVE_JPEGLIB_H 1
| #define HAVE_JERROR_H 1
| #define HAVE_PNG_H 1
| #define HAVE_SQLITE3_H 1
| #define HAVE_SQLITE3EXT_H 1
| #define HAVE_ZLIB_H 1
| #define HAVE_GIF_LIB_H 1
| #define HAVE_GEOTIFF_H 1
| /* end confdefs.h.  */
| #include <ac_nonexistent.h>
configure:6124: checking whether ln -s works
configure:6128: result: yes
configure:6135: checking whether make sets $(MAKE)
configure:6157: result: yes
configure:6170: checking build system type
configure:6184: result: x86_64-pc-linux-gnu
configure:6204: checking host system type
configure:6217: result: arm-linux-eabi
configure:6586: checking how to print strings
configure:6613: result: printf
configure:6634: checking for a sed that does not truncate output
configure:6698: result: /bin/sed
configure:6716: checking for fgrep
configure:6778: result: /bin/grep -F
configure:6813: checking for ld used by gcc
configure:6880: result: /usr/bin/ld
configure:6887: checking if the linker (/usr/bin/ld) is GNU ld
configure:6902: result: yes
configure:6914: checking for BSD- or MS-compatible name lister (nm)
configure:6963: result: no
configure:6977: checking for arm-linux-eabi-dumpbin
configure:7007: result: no
configure:6977: checking for arm-linux-eabi-link
configure:7007: result: no
configure:7021: checking for dumpbin
configure:7051: result: no
configure:7021: checking for link
configure:7037: found /usr/bin/link
configure:7048: result: link -dump
configure:7093: checking the name lister (nm) interface
configure:7100: gcc -c -I/home/mj10777/000_links/apps_local/gdal_externals/include -I/home/mj10777/000_links/apps_local/gdal_externals/include/openjpeg-2.3 -I/home/mj10777/000_links/apps_local/libproj/proj-6.1.1/include -I/usr/local/include  -I/usr/include  conftest.c >&5
configure:7103: nm "conftest.o"
configure:7106: output
0000000000000000 B some_variable
configure:7113: result: BSD nm
configure:7117: checking the maximum length of command line arguments
configure:7247: result: 1572864
configure:7264: checking whether the shell understands some XSI constructs
configure:7274: result: yes
configure:7278: checking whether the shell understands "+="
configure:7284: result: yes
configure:7319: checking how to convert x86_64-pc-linux-gnu file names to arm-linux-eabi format
configure:7359: result: func_convert_file_noop
configure:7366: checking how to convert x86_64-pc-linux-gnu file names to toolchain format
configure:7386: result: func_convert_file_noop
configure:7393: checking for /usr/bin/ld option to reload object files
configure:7400: result: -r
configure:7434: checking for arm-linux-eabi-objdump
configure:7461: result: objdump
configure:7530: checking how to recognize dependent libraries
configure:7732: result: unknown
configure:7777: checking for arm-linux-eabi-dlltool
configure:7804: result: dlltool
configure:7874: checking how to associate runtime and link libraries
configure:7901: result: printf %s\n
configure:7917: checking for arm-linux-eabi-ar
configure:7947: result: no
configure:7961: checking for ar
configure:7977: found /usr/bin/ar
configure:7988: result: ar
configure:8025: checking for archiver @FILE support
configure:8042: gcc -c -I/home/mj10777/000_links/apps_local/gdal_externals/include -I/home/mj10777/000_links/apps_local/gdal_externals/include/openjpeg-2.3 -I/home/mj10777/000_links/apps_local/libproj/proj-6.1.1/include -I/usr/local/include  -I/usr/include  conftest.c >&5
configure:8042: $? = 0
configure:8045: ar cru libconftest.a @conftest.lst >&5
configure:8048: $? = 0
configure:8053: ar cru libconftest.a @conftest.lst >&5
ar: conftest.o: No such file or directory
configure:8056: $? = 1
configure:8068: result: @
configure:8086: checking for arm-linux-eabi-strip
configure:8113: result: strip
configure:8185: checking for arm-linux-eabi-ranlib
configure:8215: result: no
configure:8225: checking for ranlib
configure:8241: found /usr/bin/ranlib
configure:8252: result: ranlib
configure:8354: checking command to parse nm output from gcc object
configure:8474: gcc -c -I/home/mj10777/000_links/apps_local/gdal_externals/include -I/home/mj10777/000_links/apps_local/gdal_externals/include/openjpeg-2.3 -I/home/mj10777/000_links/apps_local/libproj/proj-6.1.1/include -I/usr/local/include  -I/usr/include  conftest.c >&5
configure:8477: $? = 0
configure:8481: nm conftest.o \| sed -n -e 's/^.*[ ]\([ABCDGIRSTW][ABCDGIRSTW]*\)[ ][ ]*\([_A-Za-z][_A-Za-z0-9]*\)$/\1 \2 \2/p' | sed '/ __gnu_lto/d' \> conftest.nm
configure:8484: $? = 0
configure:8550: gcc -o conftest -I/home/mj10777/000_links/apps_local/gdal_externals/include -I/home/mj10777/000_links/apps_local/gdal_externals/include/openjpeg-2.3 -I/home/mj10777/000_links/apps_local/libproj/proj-6.1.1/include -I/usr/local/include  -I/usr/include  -L/home/mj10777/000_links/apps_local/gdal_externals/lib -L/home/mj10777/000_links/apps_local/libproj/proj-6.1.1/lib -L/usr/local/lib  -L/usr/lib conftest.c conftstm.o >&5
configure:8553: $? = 0
configure:8591: result: ok
configure:8628: checking for sysroot
configure:8658: result: no
configure:8874: checking for arm-linux-eabi-mt
configure:8904: result: no
configure:8914: checking for mt
configure:8930: found /bin/mt
configure:8941: result: mt
configure:8964: checking if mt is a manifest tool
configure:8970: mt '-?'
configure:8978: result: no
configure:9617: checking for dlfcn.h
configure:9617: gcc -c -I/home/mj10777/000_links/apps_local/gdal_externals/include -I/home/mj10777/000_links/apps_local/gdal_externals/include/openjpeg-2.3 -I/home/mj10777/000_links/apps_local/libproj/proj-6.1.1/include -I/usr/local/include  -I/usr/include  conftest.c >&5
configure:9617: $? = 0
configure:9617: result: yes
configure:9832: checking for objdir
configure:9847: result: .libs
configure:10118: checking if gcc supports -fno-rtti -fno-exceptions
configure:10136: gcc -c -I/home/mj10777/000_links/apps_local/gdal_externals/include -I/home/mj10777/000_links/apps_local/gdal_externals/include/openjpeg-2.3 -I/home/mj10777/000_links/apps_local/libproj/proj-6.1.1/include -I/usr/local/include  -I/usr/include  -fno-rtti -fno-exceptions conftest.c >&5
cc1: warning: command line option '-fno-rtti' is valid for C++/ObjC++ but not for C
configure:10140: $? = 0
configure:10153: result: no
configure:10480: checking for gcc option to produce PIC
configure:10487: result: -fPIC -DPIC
configure:10495: checking if gcc PIC flag -fPIC -DPIC works
configure:10513: gcc -c -I/home/mj10777/000_links/apps_local/gdal_externals/include -I/home/mj10777/000_links/apps_local/gdal_externals/include/openjpeg-2.3 -I/home/mj10777/000_links/apps_local/libproj/proj-6.1.1/include -I/usr/local/include  -I/usr/include  -fPIC -DPIC -DPIC conftest.c >&5
configure:10517: $? = 0
configure:10530: result: yes
configure:10559: checking if gcc static flag -static works
configure:10587: result: yes
configure:10602: checking if gcc supports -c -o file.o
configure:10623: gcc -c -I/home/mj10777/000_links/apps_local/gdal_externals/include -I/home/mj10777/000_links/apps_local/gdal_externals/include/openjpeg-2.3 -I/home/mj10777/000_links/apps_local/libproj/proj-6.1.1/include -I/usr/local/include  -I/usr/include  -o out/conftest2.o conftest.c >&5
configure:10627: $? = 0
configure:10649: result: yes
configure:10657: checking if gcc supports -c -o file.o
configure:10704: result: yes
configure:10737: checking whether the gcc linker (/usr/bin/ld) supports shared libraries
configure:11890: result: yes
configure:11927: checking whether -lc should be explicitly linked in
configure:11935: gcc -c -I/home/mj10777/000_links/apps_local/gdal_externals/include -I/home/mj10777/000_links/apps_local/gdal_externals/include/openjpeg-2.3 -I/home/mj10777/000_links/apps_local/libproj/proj-6.1.1/include -I/usr/local/include  -I/usr/include  conftest.c >&5
configure:11938: $? = 0
configure:11953: gcc -shared  -fPIC -DPIC conftest.o  -v -Wl,-soname -Wl,conftest -o conftest 2\>\&1 \| /bin/grep  -lc  \>/dev/null 2\>\&1
configure:11956: $? = 0
configure:11970: result: no
configure:12130: checking dynamic linker characteristics
configure:12867: result: no
configure:12974: checking how to hardcode library paths into programs
configure:12999: result: immediate
configure:13539: checking whether stripping libraries is possible
configure:13544: result: yes
configure:13579: checking if libtool supports shared libraries
configure:13581: result: no
configure:13584: checking whether to build shared libraries
configure:13605: result: no
configure:13608: checking whether to build static libraries
configure:13612: result: yes
configure:13635: checking how to run the C++ preprocessor
configure:13662: g++ -E  conftest.cpp
configure:13662: $? = 0
configure:13676: g++ -E  conftest.cpp
conftest.cpp:41:28: fatal error: ac_nonexistent.h: No such file or directory
 #include <ac_nonexistent.h>
                            ^
compilation terminated.
configure:13676: $? = 1
configure: failed program was:
| /* confdefs.h */
| #define PACKAGE_NAME "librasterlite2"
| #define PACKAGE_TARNAME "librasterlite2"
| #define PACKAGE_VERSION "1.1.0-beta1"
| #define PACKAGE_STRING "librasterlite2 1.1.0-beta1"
| #define PACKAGE_BUGREPORT "a.furieri@lqt.it"
| #define PACKAGE_URL ""
| #define PACKAGE "librasterlite2"
| #define VERSION "1.1.0-beta1"
| #define _LARGE_FILE 1
| #define _FILE_OFFSET_BITS 64
| #define _LARGEFILE_SOURCE 1
| #define NDEBUG 1
| #define STDC_HEADERS 1
| #define HAVE_SYS_TYPES_H 1
| #define HAVE_SYS_STAT_H 1
| #define HAVE_STDLIB_H 1
| #define HAVE_STRING_H 1
| #define HAVE_MEMORY_H 1
| #define HAVE_STRINGS_H 1
| #define HAVE_INTTYPES_H 1
| #define HAVE_STDINT_H 1
| #define HAVE_UNISTD_H 1
| #define HAVE_STDLIB_H 1
| #define HAVE_STDIO_H 1
| #define HAVE_STRING_H 1
| #define HAVE_MEMORY_H 1
| #define HAVE_MATH_H 1
| #define HAVE_FLOAT_H 1
| #define HAVE_JPEGLIB_H 1
| #define HAVE_JERROR_H 1
| #define HAVE_PNG_H 1
| #define HAVE_SQLITE3_H 1
| #define HAVE_SQLITE3EXT_H 1
| #define HAVE_ZLIB_H 1
| #define HAVE_GIF_LIB_H 1
| #define HAVE_GEOTIFF_H 1
| #define HAVE_DLFCN_H 1
| #define LT_OBJDIR ".libs/"
| /* end confdefs.h.  */
| #include <ac_nonexistent.h>
configure:13701: result: g++ -E
configure:13721: g++ -E  conftest.cpp
configure:13721: $? = 0
configure:13735: g++ -E  conftest.cpp
conftest.cpp:41:28: fatal error: ac_nonexistent.h: No such file or directory
 #include <ac_nonexistent.h>
                            ^
compilation terminated.
configure:13735: $? = 1
configure: failed program was:
| /* confdefs.h */
| #define PACKAGE_NAME "librasterlite2"
| #define PACKAGE_TARNAME "librasterlite2"
| #define PACKAGE_VERSION "1.1.0-beta1"
| #define PACKAGE_STRING "librasterlite2 1.1.0-beta1"
| #define PACKAGE_BUGREPORT "a.furieri@lqt.it"
| #define PACKAGE_URL ""
| #define PACKAGE "librasterlite2"
| #define VERSION "1.1.0-beta1"
| #define _LARGE_FILE 1
| #define _FILE_OFFSET_BITS 64
| #define _LARGEFILE_SOURCE 1
| #define NDEBUG 1
| #define STDC_HEADERS 1
| #define HAVE_SYS_TYPES_H 1
| #define HAVE_SYS_STAT_H 1
| #define HAVE_STDLIB_H 1
| #define HAVE_STRING_H 1
| #define HAVE_MEMORY_H 1
| #define HAVE_STRINGS_H 1
| #define HAVE_INTTYPES_H 1
| #define HAVE_STDINT_H 1
| #define HAVE_UNISTD_H 1
| #define HAVE_STDLIB_H 1
| #define HAVE_STDIO_H 1
| #define HAVE_STRING_H 1
| #define HAVE_MEMORY_H 1
| #define HAVE_MATH_H 1
| #define HAVE_FLOAT_H 1
| #define HAVE_JPEGLIB_H 1
| #define HAVE_JERROR_H 1
| #define HAVE_PNG_H 1
| #define HAVE_SQLITE3_H 1
| #define HAVE_SQLITE3EXT_H 1
| #define HAVE_ZLIB_H 1
| #define HAVE_GIF_LIB_H 1
| #define HAVE_GEOTIFF_H 1
| #define HAVE_DLFCN_H 1
| #define LT_OBJDIR ".libs/"
| /* end confdefs.h.  */
| #include <ac_nonexistent.h>
configure:13904: checking for ld used by g++
configure:13971: result: /usr/bin/ld
configure:13978: checking if the linker (/usr/bin/ld) is GNU ld
configure:13993: result: yes
configure:14048: checking whether the g++ linker (/usr/bin/ld) supports shared libraries
configure:15053: result: no
configure:15089: g++ -c -g -O2  conftest.cpp >&5
configure:15092: $? = 0
configure:15612: checking for g++ option to produce PIC
configure:15619: result: -fPIC -DPIC
configure:15627: checking if g++ PIC flag -fPIC -DPIC works
configure:15645: g++ -c -g -O2  -fPIC -DPIC -DPIC conftest.cpp >&5
configure:15649: $? = 0
configure:15662: result: yes
configure:15685: checking if g++ static flag -static works
configure:15713: result: yes
configure:15725: checking if g++ supports -c -o file.o
configure:15746: g++ -c -g -O2  -o out/conftest2.o conftest.cpp >&5
configure:15750: $? = 0
configure:15772: result: yes
configure:15777: checking if g++ supports -c -o file.o
configure:15824: result: yes
configure:15854: checking whether the g++ linker (/usr/bin/ld) supports shared libraries
configure:15890: result: no
configure:16031: checking dynamic linker characteristics
configure:16702: result: no
configure:16755: checking how to hardcode library paths into programs
configure:16780: result: immediate
configure:16843: checking for an ANSI C-conforming const
configure:16909: gcc -c -I/home/mj10777/000_links/apps_local/gdal_externals/include -I/home/mj10777/000_links/apps_local/gdal_externals/include/openjpeg-2.3 -I/home/mj10777/000_links/apps_local/libproj/proj-6.1.1/include -I/usr/local/include  -I/usr/include  conftest.c >&5
configure:16909: $? = 0
configure:16916: result: yes
configure:16924: checking for off_t
configure:16924: gcc -c -I/home/mj10777/000_links/apps_local/gdal_externals/include -I/home/mj10777/000_links/apps_local/gdal_externals/include/openjpeg-2.3 -I/home/mj10777/000_links/apps_local/libproj/proj-6.1.1/include -I/usr/local/include  -I/usr/include  conftest.c >&5
configure:16924: $? = 0
configure:16924: gcc -c -I/home/mj10777/000_links/apps_local/gdal_externals/include -I/home/mj10777/000_links/apps_local/gdal_externals/include/openjpeg-2.3 -I/home/mj10777/000_links/apps_local/libproj/proj-6.1.1/include -I/usr/local/include  -I/usr/include  conftest.c >&5
conftest.c: In function 'main':
conftest.c:77:20: error: expected expression before ')' token
 if (sizeof ((off_t)))
                    ^
configure:16924: $? = 1
configure: failed program was:
| /* confdefs.h */
| #define PACKAGE_NAME "librasterlite2"
| #define PACKAGE_TARNAME "librasterlite2"
| #define PACKAGE_VERSION "1.1.0-beta1"
| #define PACKAGE_STRING "librasterlite2 1.1.0-beta1"
| #define PACKAGE_BUGREPORT "a.furieri@lqt.it"
| #define PACKAGE_URL ""
| #define PACKAGE "librasterlite2"
| #define VERSION "1.1.0-beta1"
| #define _LARGE_FILE 1
| #define _FILE_OFFSET_BITS 64
| #define _LARGEFILE_SOURCE 1
| #define NDEBUG 1
| #define STDC_HEADERS 1
| #define HAVE_SYS_TYPES_H 1
| #define HAVE_SYS_STAT_H 1
| #define HAVE_STDLIB_H 1
| #define HAVE_STRING_H 1
| #define HAVE_MEMORY_H 1
| #define HAVE_STRINGS_H 1
| #define HAVE_INTTYPES_H 1
| #define HAVE_STDINT_H 1
| #define HAVE_UNISTD_H 1
| #define HAVE_STDLIB_H 1
| #define HAVE_STDIO_H 1
| #define HAVE_STRING_H 1
| #define HAVE_MEMORY_H 1
| #define HAVE_MATH_H 1
| #define HAVE_FLOAT_H 1
| #define HAVE_JPEGLIB_H 1
| #define HAVE_JERROR_H 1
| #define HAVE_PNG_H 1
| #define HAVE_SQLITE3_H 1
| #define HAVE_SQLITE3EXT_H 1
| #define HAVE_ZLIB_H 1
| #define HAVE_GIF_LIB_H 1
| #define HAVE_GEOTIFF_H 1
| #define HAVE_DLFCN_H 1
| #define LT_OBJDIR ".libs/"
| /* end confdefs.h.  */
| #include <stdio.h>
| #ifdef HAVE_SYS_TYPES_H
| # include <sys/types.h>
| #endif
| #ifdef HAVE_SYS_STAT_H
| # include <sys/stat.h>
| #endif
| #ifdef STDC_HEADERS
| # include <stdlib.h>
| # include <stddef.h>
| #else
| # ifdef HAVE_STDLIB_H
| #  include <stdlib.h>
| # endif
| #endif
| #ifdef HAVE_STRING_H
| # if !defined STDC_HEADERS && defined HAVE_MEMORY_H
| #  include <memory.h>
| # endif
| # include <string.h>
| #endif
| #ifdef HAVE_STRINGS_H
| # include <strings.h>
| #endif
| #ifdef HAVE_INTTYPES_H
| # include <inttypes.h>
| #endif
| #ifdef HAVE_STDINT_H
| # include <stdint.h>
| #endif
| #ifdef HAVE_UNISTD_H
| # include <unistd.h>
| #endif
| int
| main ()
| {
| if (sizeof ((off_t)))
| 	    return 0;
|   ;
|   return 0;
| }
configure:16924: result: yes
configure:16935: checking for size_t
configure:16935: gcc -c -I/home/mj10777/000_links/apps_local/gdal_externals/include -I/home/mj10777/000_links/apps_local/gdal_externals/include/openjpeg-2.3 -I/home/mj10777/000_links/apps_local/libproj/proj-6.1.1/include -I/usr/local/include  -I/usr/include  conftest.c >&5
configure:16935: $? = 0
configure:16935: gcc -c -I/home/mj10777/000_links/apps_local/gdal_externals/include -I/home/mj10777/000_links/apps_local/gdal_externals/include/openjpeg-2.3 -I/home/mj10777/000_links/apps_local/libproj/proj-6.1.1/include -I/usr/local/include  -I/usr/include  conftest.c >&5
conftest.c: In function 'main':
conftest.c:77:21: error: expected expression before ')' token
 if (sizeof ((size_t)))
                     ^
configure:16935: $? = 1
configure: failed program was:
| /* confdefs.h */
| #define PACKAGE_NAME "librasterlite2"
| #define PACKAGE_TARNAME "librasterlite2"
| #define PACKAGE_VERSION "1.1.0-beta1"
| #define PACKAGE_STRING "librasterlite2 1.1.0-beta1"
| #define PACKAGE_BUGREPORT "a.furieri@lqt.it"
| #define PACKAGE_URL ""
| #define PACKAGE "librasterlite2"
| #define VERSION "1.1.0-beta1"
| #define _LARGE_FILE 1
| #define _FILE_OFFSET_BITS 64
| #define _LARGEFILE_SOURCE 1
| #define NDEBUG 1
| #define STDC_HEADERS 1
| #define HAVE_SYS_TYPES_H 1
| #define HAVE_SYS_STAT_H 1
| #define HAVE_STDLIB_H 1
| #define HAVE_STRING_H 1
| #define HAVE_MEMORY_H 1
| #define HAVE_STRINGS_H 1
| #define HAVE_INTTYPES_H 1
| #define HAVE_STDINT_H 1
| #define HAVE_UNISTD_H 1
| #define HAVE_STDLIB_H 1
| #define HAVE_STDIO_H 1
| #define HAVE_STRING_H 1
| #define HAVE_MEMORY_H 1
| #define HAVE_MATH_H 1
| #define HAVE_FLOAT_H 1
| #define HAVE_JPEGLIB_H 1
| #define HAVE_JERROR_H 1
| #define HAVE_PNG_H 1
| #define HAVE_SQLITE3_H 1
| #define HAVE_SQLITE3EXT_H 1
| #define HAVE_ZLIB_H 1
| #define HAVE_GIF_LIB_H 1
| #define HAVE_GEOTIFF_H 1
| #define HAVE_DLFCN_H 1
| #define LT_OBJDIR ".libs/"
| /* end confdefs.h.  */
| #include <stdio.h>
| #ifdef HAVE_SYS_TYPES_H
| # include <sys/types.h>
| #endif
| #ifdef HAVE_SYS_STAT_H
| # include <sys/stat.h>
| #endif
| #ifdef STDC_HEADERS
| # include <stdlib.h>
| # include <stddef.h>
| #else
| # ifdef HAVE_STDLIB_H
| #  include <stdlib.h>
| # endif
| #endif
| #ifdef HAVE_STRING_H
| # if !defined STDC_HEADERS && defined HAVE_MEMORY_H
| #  include <memory.h>
| # endif
| # include <string.h>
| #endif
| #ifdef HAVE_STRINGS_H
| # include <strings.h>
| #endif
| #ifdef HAVE_INTTYPES_H
| # include <inttypes.h>
| #endif
| #ifdef HAVE_STDINT_H
| # include <stdint.h>
| #endif
| #ifdef HAVE_UNISTD_H
| # include <unistd.h>
| #endif
| int
| main ()
| {
| if (sizeof ((size_t)))
| 	    return 0;
|   ;
|   return 0;
| }
configure:16935: result: yes
configure:16946: checking whether time.h and sys/time.h may both be included
configure:16966: gcc -c -I/home/mj10777/000_links/apps_local/gdal_externals/include -I/home/mj10777/000_links/apps_local/gdal_externals/include/openjpeg-2.3 -I/home/mj10777/000_links/apps_local/libproj/proj-6.1.1/include -I/usr/local/include  -I/usr/include  conftest.c >&5
configure:16966: $? = 0
configure:16973: result: yes
configure:16981: checking whether struct tm is in sys/time.h or time.h
configure:17001: gcc -c -I/home/mj10777/000_links/apps_local/gdal_externals/include -I/home/mj10777/000_links/apps_local/gdal_externals/include/openjpeg-2.3 -I/home/mj10777/000_links/apps_local/libproj/proj-6.1.1/include -I/usr/local/include  -I/usr/include  conftest.c >&5
configure:17001: $? = 0
configure:17008: result: time.h
configure:17016: checking for working volatile
configure:17035: gcc -c -I/home/mj10777/000_links/apps_local/gdal_externals/include -I/home/mj10777/000_links/apps_local/gdal_externals/include/openjpeg-2.3 -I/home/mj10777/000_links/apps_local/libproj/proj-6.1.1/include -I/usr/local/include  -I/usr/include  conftest.c >&5
configure:17035: $? = 0
configure:17042: result: yes
configure:17052: checking whether lstat correctly handles trailing slash
configure:17095: result: no
configure:17114: checking whether lstat accepts an empty string
configure:17144: result: yes
configure:17160: checking whether lstat correctly handles trailing slash
configure:17203: result: no
configure:17222: checking for working memcmp
configure:17275: result: no
configure:17284: checking whether stat accepts an empty string
configure:17314: result: yes
configure:17332: checking for strftime
configure:17332: gcc -o conftest -I/home/mj10777/000_links/apps_local/gdal_externals/include -I/home/mj10777/000_links/apps_local/gdal_externals/include/openjpeg-2.3 -I/home/mj10777/000_links/apps_local/libproj/proj-6.1.1/include -I/usr/local/include  -I/usr/include  -L/home/mj10777/000_links/apps_local/gdal_externals/lib -L/home/mj10777/000_links/apps_local/libproj/proj-6.1.1/lib -L/usr/local/lib  -L/usr/lib conftest.c  >&5
conftest.c:67:6: warning: conflicting types for built-in function 'strftime'
 char strftime ();
      ^
configure:17332: $? = 0
configure:17332: result: yes
configure:17388: checking for sqrt
configure:17388: gcc -o conftest -I/home/mj10777/000_links/apps_local/gdal_externals/include -I/home/mj10777/000_links/apps_local/gdal_externals/include/openjpeg-2.3 -I/home/mj10777/000_links/apps_local/libproj/proj-6.1.1/include -I/usr/local/include  -I/usr/include  -L/home/mj10777/000_links/apps_local/gdal_externals/lib -L/home/mj10777/000_links/apps_local/libproj/proj-6.1.1/lib -L/usr/local/lib  -L/usr/lib conftest.c  >&5
conftest.c:68:6: warning: conflicting types for built-in function 'sqrt'
 char sqrt ();
      ^
/tmp/ccdn1lez.o: In function `main':
conftest.c:(.text+0xa): undefined reference to `sqrt'
collect2: error: ld returned 1 exit status
configure:17388: $? = 1
configure: failed program was:
| /* confdefs.h */
| #define PACKAGE_NAME "librasterlite2"
| #define PACKAGE_TARNAME "librasterlite2"
| #define PACKAGE_VERSION "1.1.0-beta1"
| #define PACKAGE_STRING "librasterlite2 1.1.0-beta1"
| #define PACKAGE_BUGREPORT "a.furieri@lqt.it"
| #define PACKAGE_URL ""
| #define PACKAGE "librasterlite2"
| #define VERSION "1.1.0-beta1"
| #define _LARGE_FILE 1
| #define _FILE_OFFSET_BITS 64
| #define _LARGEFILE_SOURCE 1
| #define NDEBUG 1
| #define STDC_HEADERS 1
| #define HAVE_SYS_TYPES_H 1
| #define HAVE_SYS_STAT_H 1
| #define HAVE_STDLIB_H 1
| #define HAVE_STRING_H 1
| #define HAVE_MEMORY_H 1
| #define HAVE_STRINGS_H 1
| #define HAVE_INTTYPES_H 1
| #define HAVE_STDINT_H 1
| #define HAVE_UNISTD_H 1
| #define HAVE_STDLIB_H 1
| #define HAVE_STDIO_H 1
| #define HAVE_STRING_H 1
| #define HAVE_MEMORY_H 1
| #define HAVE_MATH_H 1
| #define HAVE_FLOAT_H 1
| #define HAVE_JPEGLIB_H 1
| #define HAVE_JERROR_H 1
| #define HAVE_PNG_H 1
| #define HAVE_SQLITE3_H 1
| #define HAVE_SQLITE3EXT_H 1
| #define HAVE_ZLIB_H 1
| #define HAVE_GIF_LIB_H 1
| #define HAVE_GEOTIFF_H 1
| #define HAVE_DLFCN_H 1
| #define LT_OBJDIR ".libs/"
| #define TIME_WITH_SYS_TIME 1
| #define HAVE_LSTAT_EMPTY_STRING_BUG 1
| #define HAVE_STAT_EMPTY_STRING_BUG 1
| #define HAVE_STRFTIME 1
| /* end confdefs.h.  */
| /* Define sqrt to an innocuous variant, in case <limits.h> declares sqrt.
|    For example, HP-UX 11i <limits.h> declares gettimeofday.  */
| #define sqrt innocuous_sqrt
| 
| /* System header to define __stub macros and hopefully few prototypes,
|     which can conflict with char sqrt (); below.
|     Prefer <limits.h> to <assert.h> if __STDC__ is defined, since
|     <limits.h> exists even on freestanding compilers.  */
| 
| #ifdef __STDC__
| # include <limits.h>
| #else
| # include <assert.h>
| #endif
| 
| #undef sqrt
| 
| /* Override any GCC internal prototype to avoid an error.
|    Use char because int might match the return type of a GCC
|    builtin and then its argument prototype would still apply.  */
| #ifdef __cplusplus
| extern "C"
| #endif
| char sqrt ();
| /* The GNU C library defines this for functions which it implements
|     to always fail with ENOSYS.  Some functions are actually named
|     something starting with __ and the normal name is an alias.  */
| #if defined __stub_sqrt || defined __stub___sqrt
| choke me
| #endif
| 
| int
| main ()
| {
| return sqrt ();
|   ;
|   return 0;
| }
configure:17388: result: no
configure:17388: checking for strcasecmp
configure:17388: gcc -o conftest -I/home/mj10777/000_links/apps_local/gdal_externals/include -I/home/mj10777/000_links/apps_local/gdal_externals/include/openjpeg-2.3 -I/home/mj10777/000_links/apps_local/libproj/proj-6.1.1/include -I/usr/local/include  -I/usr/include  -L/home/mj10777/000_links/apps_local/gdal_externals/lib -L/home/mj10777/000_links/apps_local/libproj/proj-6.1.1/lib -L/usr/local/lib  -L/usr/lib conftest.c  >&5
conftest.c:68:6: warning: conflicting types for built-in function 'strcasecmp'
 char strcasecmp ();
      ^
configure:17388: $? = 0
configure:17388: result: yes
configure:17388: checking for strerror
configure:17388: gcc -o conftest -I/home/mj10777/000_links/apps_local/gdal_externals/include -I/home/mj10777/000_links/apps_local/gdal_externals/include/openjpeg-2.3 -I/home/mj10777/000_links/apps_local/libproj/proj-6.1.1/include -I/usr/local/include  -I/usr/include  -L/home/mj10777/000_links/apps_local/gdal_externals/lib -L/home/mj10777/000_links/apps_local/libproj/proj-6.1.1/lib -L/usr/local/lib  -L/usr/lib conftest.c  >&5
configure:17388: $? = 0
configure:17388: result: yes
configure:17388: checking for strncasecmp
configure:17388: gcc -o conftest -I/home/mj10777/000_links/apps_local/gdal_externals/include -I/home/mj10777/000_links/apps_local/gdal_externals/include/openjpeg-2.3 -I/home/mj10777/000_links/apps_local/libproj/proj-6.1.1/include -I/usr/local/include  -I/usr/include  -L/home/mj10777/000_links/apps_local/gdal_externals/lib -L/home/mj10777/000_links/apps_local/libproj/proj-6.1.1/lib -L/usr/local/lib  -L/usr/lib conftest.c  >&5
conftest.c:70:6: warning: conflicting types for built-in function 'strncasecmp'
 char strncasecmp ();
      ^
configure:17388: $? = 0
configure:17388: result: yes
configure:17388: checking for strstr
configure:17388: gcc -o conftest -I/home/mj10777/000_links/apps_local/gdal_externals/include -I/home/mj10777/000_links/apps_local/gdal_externals/include/openjpeg-2.3 -I/home/mj10777/000_links/apps_local/libproj/proj-6.1.1/include -I/usr/local/include  -I/usr/include  -L/home/mj10777/000_links/apps_local/gdal_externals/lib -L/home/mj10777/000_links/apps_local/libproj/proj-6.1.1/lib -L/usr/local/lib  -L/usr/lib conftest.c  >&5
conftest.c:71:6: warning: conflicting types for built-in function 'strstr'
 char strstr ();
      ^
configure:17388: $? = 0
configure:17388: result: yes
configure:17388: checking for strerror
configure:17388: result: yes
configure:17420: checking for sqlite3_prepare_v2 in -lsqlite3
configure:17445: gcc -o conftest -I/home/mj10777/000_links/apps_local/gdal_externals/include -I/home/mj10777/000_links/apps_local/gdal_externals/include/openjpeg-2.3 -I/home/mj10777/000_links/apps_local/libproj/proj-6.1.1/include -I/usr/local/include  -I/usr/include  -L/home/mj10777/000_links/apps_local/gdal_externals/lib -L/home/mj10777/000_links/apps_local/libproj/proj-6.1.1/lib -L/usr/local/lib  -L/usr/lib conftest.c -lsqlite3 -lm  >&5
configure:17445: $? = 0
configure:17454: result: yes
configure:17467: checking for inflateInit_ in -lz
configure:17492: gcc -o conftest -I/home/mj10777/000_links/apps_local/gdal_externals/include -I/home/mj10777/000_links/apps_local/gdal_externals/include/openjpeg-2.3 -I/home/mj10777/000_links/apps_local/libproj/proj-6.1.1/include -I/usr/local/include  -I/usr/include  -L/home/mj10777/000_links/apps_local/gdal_externals/lib -L/home/mj10777/000_links/apps_local/libproj/proj-6.1.1/lib -L/usr/local/lib  -L/usr/lib conftest.c -lz -lm -lsqlite3  >&5
configure:17492: $? = 0
configure:17501: result: yes
configure:17514: checking for jpeg_start_compress in -ljpeg
configure:17539: gcc -o conftest -I/home/mj10777/000_links/apps_local/gdal_externals/include -I/home/mj10777/000_links/apps_local/gdal_externals/include/openjpeg-2.3 -I/home/mj10777/000_links/apps_local/libproj/proj-6.1.1/include -I/usr/local/include  -I/usr/include  -L/home/mj10777/000_links/apps_local/gdal_externals/lib -L/home/mj10777/000_links/apps_local/libproj/proj-6.1.1/lib -L/usr/local/lib  -L/usr/lib conftest.c -ljpeg -lm -lz -lsqlite3  >&5
configure:17539: $? = 0
configure:17548: result: yes
configure:17561: checking for DGifSlurp in -lgif
configure:17586: gcc -o conftest -I/home/mj10777/000_links/apps_local/gdal_externals/include -I/home/mj10777/000_links/apps_local/gdal_externals/include/openjpeg-2.3 -I/home/mj10777/000_links/apps_local/libproj/proj-6.1.1/include -I/usr/local/include  -I/usr/include  -L/home/mj10777/000_links/apps_local/gdal_externals/lib -L/home/mj10777/000_links/apps_local/libproj/proj-6.1.1/lib -L/usr/local/lib  -L/usr/lib conftest.c -lgif -lm -ljpeg -lz -lsqlite3  >&5
configure:17586: $? = 0
configure:17595: result: yes
configure:17608: checking for TIFFClientOpen in -ltiff
configure:17633: gcc -o conftest -I/home/mj10777/000_links/apps_local/gdal_externals/include -I/home/mj10777/000_links/apps_local/gdal_externals/include/openjpeg-2.3 -I/home/mj10777/000_links/apps_local/libproj/proj-6.1.1/include -I/usr/local/include  -I/usr/include  -L/home/mj10777/000_links/apps_local/gdal_externals/lib -L/home/mj10777/000_links/apps_local/libproj/proj-6.1.1/lib -L/usr/local/lib  -L/usr/lib conftest.c -ltiff -lm -lgif -ljpeg -lz -lsqlite3  >&5
configure:17633: $? = 0
configure:17642: result: yes
configure:17655: checking for GTIFSetFromProj4 in -lgeotiff
configure:17680: gcc -o conftest -I/home/mj10777/000_links/apps_local/gdal_externals/include -I/home/mj10777/000_links/apps_local/gdal_externals/include/openjpeg-2.3 -I/home/mj10777/000_links/apps_local/libproj/proj-6.1.1/include -I/usr/local/include  -I/usr/include  -L/home/mj10777/000_links/apps_local/gdal_externals/lib -L/home/mj10777/000_links/apps_local/libproj/proj-6.1.1/lib -L/usr/local/lib  -L/usr/lib conftest.c -lgeotiff -lm -ltiff -lgif -ljpeg -lz -lsqlite3  >&5
configure:17680: $? = 0
configure:17689: result: yes
configure:17705: checking proj.h usability
configure:17705: gcc -c -I/home/mj10777/000_links/apps_local/gdal_externals/include -I/home/mj10777/000_links/apps_local/gdal_externals/include/openjpeg-2.3 -I/home/mj10777/000_links/apps_local/libproj/proj-6.1.1/include -I/usr/local/include  -I/usr/include  conftest.c >&5
configure:17705: $? = 0
configure:17705: result: yes
configure:17705: checking proj.h presence
configure:17705: gcc -E  conftest.c
conftest.c:57:18: fatal error: proj.h: No such file or directory
 #include <proj.h>
                  ^
compilation terminated.
configure:17705: $? = 1
configure: failed program was:
| /* confdefs.h */
| #define PACKAGE_NAME "librasterlite2"
| #define PACKAGE_TARNAME "librasterlite2"
| #define PACKAGE_VERSION "1.1.0-beta1"
| #define PACKAGE_STRING "librasterlite2 1.1.0-beta1"
| #define PACKAGE_BUGREPORT "a.furieri@lqt.it"
| #define PACKAGE_URL ""
| #define PACKAGE "librasterlite2"
| #define VERSION "1.1.0-beta1"
| #define _LARGE_FILE 1
| #define _FILE_OFFSET_BITS 64
| #define _LARGEFILE_SOURCE 1
| #define NDEBUG 1
| #define STDC_HEADERS 1
| #define HAVE_SYS_TYPES_H 1
| #define HAVE_SYS_STAT_H 1
| #define HAVE_STDLIB_H 1
| #define HAVE_STRING_H 1
| #define HAVE_MEMORY_H 1
| #define HAVE_STRINGS_H 1
| #define HAVE_INTTYPES_H 1
| #define HAVE_STDINT_H 1
| #define HAVE_UNISTD_H 1
| #define HAVE_STDLIB_H 1
| #define HAVE_STDIO_H 1
| #define HAVE_STRING_H 1
| #define HAVE_MEMORY_H 1
| #define HAVE_MATH_H 1
| #define HAVE_FLOAT_H 1
| #define HAVE_JPEGLIB_H 1
| #define HAVE_JERROR_H 1
| #define HAVE_PNG_H 1
| #define HAVE_SQLITE3_H 1
| #define HAVE_SQLITE3EXT_H 1
| #define HAVE_ZLIB_H 1
| #define HAVE_GIF_LIB_H 1
| #define HAVE_GEOTIFF_H 1
| #define HAVE_DLFCN_H 1
| #define LT_OBJDIR ".libs/"
| #define TIME_WITH_SYS_TIME 1
| #define HAVE_LSTAT_EMPTY_STRING_BUG 1
| #define HAVE_STAT_EMPTY_STRING_BUG 1
| #define HAVE_STRFTIME 1
| #define HAVE_STRCASECMP 1
| #define HAVE_STRERROR 1
| #define HAVE_STRNCASECMP 1
| #define HAVE_STRSTR 1
| #define HAVE_STRERROR 1
| #define TARGET_CPU "x86_64-linux-gnu"
| #define HAVE_LIBSQLITE3 1
| #define HAVE_LIBZ 1
| #define HAVE_LIBJPEG 1
| #define HAVE_LIBGIF 1
| #define HAVE_LIBTIFF 1
| #define HAVE_LIBGEOTIFF 1
| /* end confdefs.h.  */
| #include <proj.h>
configure:17705: result: no
configure:17705: WARNING: proj.h: accepted by the compiler, rejected by the preprocessor!
configure:17705: WARNING: proj.h: proceeding with the compiler's result
configure:17705: checking for proj.h
configure:17705: result: yes
configure:17730: checking for library containing proj_normalize_for_visualization
configure:17761: gcc -o conftest -I/home/mj10777/000_links/apps_local/gdal_externals/include -I/home/mj10777/000_links/apps_local/gdal_externals/include/openjpeg-2.3 -I/home/mj10777/000_links/apps_local/libproj/proj-6.1.1/include -I/usr/local/include  -I/usr/include  -L/home/mj10777/000_links/apps_local/gdal_externals/lib -L/home/mj10777/000_links/apps_local/libproj/proj-6.1.1/lib -L/usr/local/lib  -L/usr/lib conftest.c -lgeotiff -ltiff -lgif -ljpeg -lz -lsqlite3  >&5
/tmp/ccomIF6C.o: In function `main':
conftest.c:(.text+0xa): undefined reference to `proj_normalize_for_visualization'
collect2: error: ld returned 1 exit status
configure:17761: $? = 1
configure: failed program was:
| /* confdefs.h */
| #define PACKAGE_NAME "librasterlite2"
| #define PACKAGE_TARNAME "librasterlite2"
| #define PACKAGE_VERSION "1.1.0-beta1"
| #define PACKAGE_STRING "librasterlite2 1.1.0-beta1"
| #define PACKAGE_BUGREPORT "a.furieri@lqt.it"
| #define PACKAGE_URL ""
| #define PACKAGE "librasterlite2"
| #define VERSION "1.1.0-beta1"
| #define _LARGE_FILE 1
| #define _FILE_OFFSET_BITS 64
| #define _LARGEFILE_SOURCE 1
| #define NDEBUG 1
| #define STDC_HEADERS 1
| #define HAVE_SYS_TYPES_H 1
| #define HAVE_SYS_STAT_H 1
| #define HAVE_STDLIB_H 1
| #define HAVE_STRING_H 1
| #define HAVE_MEMORY_H 1
| #define HAVE_STRINGS_H 1
| #define HAVE_INTTYPES_H 1
| #define HAVE_STDINT_H 1
| #define HAVE_UNISTD_H 1
| #define HAVE_STDLIB_H 1
| #define HAVE_STDIO_H 1
| #define HAVE_STRING_H 1
| #define HAVE_MEMORY_H 1
| #define HAVE_MATH_H 1
| #define HAVE_FLOAT_H 1
| #define HAVE_JPEGLIB_H 1
| #define HAVE_JERROR_H 1
| #define HAVE_PNG_H 1
| #define HAVE_SQLITE3_H 1
| #define HAVE_SQLITE3EXT_H 1
| #define HAVE_ZLIB_H 1
| #define HAVE_GIF_LIB_H 1
| #define HAVE_GEOTIFF_H 1
| #define HAVE_DLFCN_H 1
| #define LT_OBJDIR ".libs/"
| #define TIME_WITH_SYS_TIME 1
| #define HAVE_LSTAT_EMPTY_STRING_BUG 1
| #define HAVE_STAT_EMPTY_STRING_BUG 1
| #define HAVE_STRFTIME 1
| #define HAVE_STRCASECMP 1
| #define HAVE_STRERROR 1
| #define HAVE_STRNCASECMP 1
| #define HAVE_STRSTR 1
| #define HAVE_STRERROR 1
| #define TARGET_CPU "x86_64-linux-gnu"
| #define HAVE_LIBSQLITE3 1
| #define HAVE_LIBZ 1
| #define HAVE_LIBJPEG 1
| #define HAVE_LIBGIF 1
| #define HAVE_LIBTIFF 1
| #define HAVE_LIBGEOTIFF 1
| #define HAVE_PROJ_H 1
| /* end confdefs.h.  */
| 
| /* Override any GCC internal prototype to avoid an error.
|    Use char because int might match the return type of a GCC
|    builtin and then its argument prototype would still apply.  */
| #ifdef __cplusplus
| extern "C"
| #endif
| char proj_normalize_for_visualization ();
| int
| main ()
| {
| return proj_normalize_for_visualization ();
|   ;
|   return 0;
| }
configure:17761: gcc -o conftest -I/home/mj10777/000_links/apps_local/gdal_externals/include -I/home/mj10777/000_links/apps_local/gdal_externals/include/openjpeg-2.3 -I/home/mj10777/000_links/apps_local/libproj/proj-6.1.1/include -I/usr/local/include  -I/usr/include  -L/home/mj10777/000_links/apps_local/gdal_externals/lib -L/home/mj10777/000_links/apps_local/libproj/proj-6.1.1/lib -L/usr/local/lib  -L/usr/lib conftest.c -lproj  -lgeotiff -ltiff -lgif -ljpeg -lz -lsqlite3  >&5
configure:17761: $? = 0
configure:17778: result: -lproj
configure:17872: checking for arm-linux-eabi-pkg-config
configure:17905: result: no
configure:17915: checking for pkg-config
configure:17933: found /usr/bin/pkg-config
configure:17945: result: /usr/bin/pkg-config
configure:17970: checking pkg-config is at least version 0.9.0
configure:17973: result: yes
configure:17983: checking for LIBOPENJP2
configure:17990: $PKG_CONFIG --exists --print-errors "libopenjp2"
configure:17993: $? = 0
configure:18007: $PKG_CONFIG --exists --print-errors "libopenjp2"
configure:18010: $? = 0
configure:18048: result: yes
configure:18072: checking for LIBWEBP
configure:18079: $PKG_CONFIG --exists --print-errors "libwebp"
configure:18082: $? = 0
configure:18096: $PKG_CONFIG --exists --print-errors "libwebp"
configure:18099: $? = 0
configure:18137: result: yes
configure:18162: checking for LIBLZMA
configure:18169: $PKG_CONFIG --exists --print-errors "liblzma"
configure:18172: $? = 0
configure:18186: $PKG_CONFIG --exists --print-errors "liblzma"
configure:18189: $? = 0
configure:18227: result: yes
configure:18252: checking for LIBLZ4
configure:18259: $PKG_CONFIG --exists --print-errors "liblz4"
configure:18262: $? = 0
configure:18276: $PKG_CONFIG --exists --print-errors "liblz4"
configure:18279: $? = 0
configure:18317: result: yes
configure:18342: checking for LIBZSTD
configure:18349: $PKG_CONFIG --exists --print-errors "libzstd"
configure:18352: $? = 0
configure:18366: $PKG_CONFIG --exists --print-errors "libzstd"
configure:18369: $? = 0
configure:18407: result: yes
configure:18439: checking CharLS/interface.h usability
configure:18439: gcc -c -I/home/mj10777/000_links/apps_local/gdal_externals/include -I/home/mj10777/000_links/apps_local/gdal_externals/include/openjpeg-2.3 -I/home/mj10777/000_links/apps_local/libproj/proj-6.1.1/include -I/usr/local/include  -I/usr/include  conftest.c >&5
configure:18439: $? = 0
configure:18439: result: yes
configure:18439: checking CharLS/interface.h presence
configure:18439: gcc -E  conftest.c
configure:18439: $? = 0
configure:18439: result: yes
configure:18439: checking for CharLS/interface.h
configure:18439: result: yes
configure:18451: checking CharLS/charls.h usability
configure:18451: gcc -c -I/home/mj10777/000_links/apps_local/gdal_externals/include -I/home/mj10777/000_links/apps_local/gdal_externals/include/openjpeg-2.3 -I/home/mj10777/000_links/apps_local/libproj/proj-6.1.1/include -I/usr/local/include  -I/usr/include  conftest.c >&5
configure:18451: $? = 0
configure:18451: result: yes
configure:18451: checking CharLS/charls.h presence
configure:18451: gcc -E  conftest.c
conftest.c:60:27: fatal error: CharLS/charls.h: No such file or directory
 #include <CharLS/charls.h>
                           ^
compilation terminated.
configure:18451: $? = 1
configure: failed program was:
| /* confdefs.h */
| #define PACKAGE_NAME "librasterlite2"
| #define PACKAGE_TARNAME "librasterlite2"
| #define PACKAGE_VERSION "1.1.0-beta1"
| #define PACKAGE_STRING "librasterlite2 1.1.0-beta1"
| #define PACKAGE_BUGREPORT "a.furieri@lqt.it"
| #define PACKAGE_URL ""
| #define PACKAGE "librasterlite2"
| #define VERSION "1.1.0-beta1"
| #define _LARGE_FILE 1
| #define _FILE_OFFSET_BITS 64
| #define _LARGEFILE_SOURCE 1
| #define NDEBUG 1
| #define STDC_HEADERS 1
| #define HAVE_SYS_TYPES_H 1
| #define HAVE_SYS_STAT_H 1
| #define HAVE_STDLIB_H 1
| #define HAVE_STRING_H 1
| #define HAVE_MEMORY_H 1
| #define HAVE_STRINGS_H 1
| #define HAVE_INTTYPES_H 1
| #define HAVE_STDINT_H 1
| #define HAVE_UNISTD_H 1
| #define HAVE_STDLIB_H 1
| #define HAVE_STDIO_H 1
| #define HAVE_STRING_H 1
| #define HAVE_MEMORY_H 1
| #define HAVE_MATH_H 1
| #define HAVE_FLOAT_H 1
| #define HAVE_JPEGLIB_H 1
| #define HAVE_JERROR_H 1
| #define HAVE_PNG_H 1
| #define HAVE_SQLITE3_H 1
| #define HAVE_SQLITE3EXT_H 1
| #define HAVE_ZLIB_H 1
| #define HAVE_GIF_LIB_H 1
| #define HAVE_GEOTIFF_H 1
| #define HAVE_DLFCN_H 1
| #define LT_OBJDIR ".libs/"
| #define TIME_WITH_SYS_TIME 1
| #define HAVE_LSTAT_EMPTY_STRING_BUG 1
| #define HAVE_STAT_EMPTY_STRING_BUG 1
| #define HAVE_STRFTIME 1
| #define HAVE_STRCASECMP 1
| #define HAVE_STRERROR 1
| #define HAVE_STRNCASECMP 1
| #define HAVE_STRSTR 1
| #define HAVE_STRERROR 1
| #define TARGET_CPU "x86_64-linux-gnu"
| #define HAVE_LIBSQLITE3 1
| #define HAVE_LIBZ 1
| #define HAVE_LIBJPEG 1
| #define HAVE_LIBGIF 1
| #define HAVE_LIBTIFF 1
| #define HAVE_LIBGEOTIFF 1
| #define HAVE_PROJ_H 1
| #define PROJ_NEW 1
| #define HAVE_CHARLS_INTERFACE_H 1
| /* end confdefs.h.  */
| #include <CharLS/charls.h>
configure:18451: result: no
configure:18451: WARNING: CharLS/charls.h: accepted by the compiler, rejected by the preprocessor!
configure:18451: WARNING: CharLS/charls.h: proceeding with the compiler's result
configure:18451: checking for CharLS/charls.h
configure:18451: result: yes
configure:18466: checking for JpegLsEncode in -lCharLS
configure:18491: gcc -o conftest -I/home/mj10777/000_links/apps_local/gdal_externals/include -I/home/mj10777/000_links/apps_local/gdal_externals/include/openjpeg-2.3 -I/home/mj10777/000_links/apps_local/libproj/proj-6.1.1/include -I/usr/local/include  -I/usr/include  -L/home/mj10777/000_links/apps_local/gdal_externals/lib -L/home/mj10777/000_links/apps_local/libproj/proj-6.1.1/lib -L/usr/local/lib  -L/usr/lib conftest.c -lCharLS -lm -lproj -lgeotiff -ltiff -lgif -ljpeg -lz -lsqlite3  >&5
configure:18491: $? = 0
configure:18500: result: yes
configure:18522: gcc -c -I/home/mj10777/000_links/apps_local/gdal_externals/include -I/home/mj10777/000_links/apps_local/gdal_externals/include/openjpeg-2.3 -I/home/mj10777/000_links/apps_local/libproj/proj-6.1.1/include -I/usr/local/include  -I/usr/include  conftest.c >&5
configure:18522: $? = 0
configure:18524: result: yes
configure:18543: checking for LIBSPATIALITE
configure:18550: $PKG_CONFIG --exists --print-errors "spatialite"
configure:18553: $? = 0
configure:18567: $PKG_CONFIG --exists --print-errors "spatialite"
configure:18570: $? = 0
configure:18608: result: yes
configure:18617: checking for LIBPNG
configure:18624: $PKG_CONFIG --exists --print-errors "libpng"
configure:18627: $? = 0
configure:18641: $PKG_CONFIG --exists --print-errors "libpng"
configure:18644: $? = 0
configure:18682: result: yes
configure:18691: checking for LIBCURL
configure:18698: $PKG_CONFIG --exists --print-errors "libcurl"
configure:18701: $? = 0
configure:18715: $PKG_CONFIG --exists --print-errors "libcurl"
configure:18718: $? = 0
configure:18756: result: yes
configure:18765: checking for LIBXML2
configure:18772: $PKG_CONFIG --exists --print-errors "libxml-2.0"
configure:18775: $? = 0
configure:18789: $PKG_CONFIG --exists --print-errors "libxml-2.0"
configure:18792: $? = 0
configure:18830: result: yes
configure:18839: checking for LIBFREETYPE2
configure:18846: $PKG_CONFIG --exists --print-errors "freetype2"
configure:18849: $? = 0
configure:18863: $PKG_CONFIG --exists --print-errors "freetype2"
configure:18866: $? = 0
configure:18904: result: yes
configure:18913: checking for LIBFONTCONFIG
configure:18920: $PKG_CONFIG --exists --print-errors "fontconfig"
configure:18923: $? = 0
configure:18937: $PKG_CONFIG --exists --print-errors "fontconfig"
configure:18940: $? = 0
configure:18978: result: yes
configure:18987: checking for LIBPIXMAN
configure:18994: $PKG_CONFIG --exists --print-errors "pixman-1"
configure:18997: $? = 0
configure:19011: $PKG_CONFIG --exists --print-errors "pixman-1"
configure:19014: $? = 0
configure:19052: result: yes
configure:19061: checking for LIBCAIRO
configure:19068: $PKG_CONFIG --exists --print-errors "cairo"
configure:19071: $? = 0
configure:19085: $PKG_CONFIG --exists --print-errors "cairo"
configure:19088: $? = 0
configure:19126: result: yes
configure:19251: checking that generated files are newer than configure
configure:19257: result: done
configure:19296: creating ./config.status

## ---------------------- ##
## Running config.status. ##
## ---------------------- ##

This file was extended by librasterlite2 config.status 1.1.0-beta1, which was
generated by GNU Autoconf 2.69.  Invocation command line was

  CONFIG_FILES    = 
  CONFIG_HEADERS  = 
  CONFIG_LINKS    = 
  CONFIG_COMMANDS = 
  $ ./config.status 

on mj10777-01-l

config.status:1234: creating Makefile
config.status:1234: creating headers/Makefile
config.status:1234: creating src/Makefile
config.status:1234: creating test/Makefile
config.status:1234: creating test/sql_stmt_tests/Makefile
config.status:1234: creating test/sql_stmt_security_tests/Makefile
config.status:1234: creating tools/Makefile
config.status:1234: creating examples/Makefile
config.status:1234: creating Doxyfile
config.status:1234: creating rasterlite2.pc
config.status:1234: creating config.h
config.status:1463: executing depfiles commands
config.status:1463: executing libtool commands

## ---------------- ##
## Cache variables. ##
## ---------------- ##

ac_cv_build=x86_64-pc-linux-gnu
ac_cv_c_compiler_gnu=yes
ac_cv_c_const=yes
ac_cv_c_volatile=yes
ac_cv_cxx_compiler_gnu=yes
ac_cv_env_CCC_set=
ac_cv_env_CCC_value=
ac_cv_env_CC_set=
ac_cv_env_CC_value=
ac_cv_env_CFLAGS_set=set
ac_cv_env_CFLAGS_value='-I/home/mj10777/000_links/apps_local/gdal_externals/include -I/home/mj10777/000_links/apps_local/gdal_externals/include/openjpeg-2.3 -I/home/mj10777/000_links/apps_local/libproj/proj-6.1.1/include -I/usr/local/include  -I/usr/include'
ac_cv_env_CPPFLAGS_set=
ac_cv_env_CPPFLAGS_value=
ac_cv_env_CPP_set=
ac_cv_env_CPP_value=
ac_cv_env_CXXCPP_set=
ac_cv_env_CXXCPP_value=
ac_cv_env_CXXFLAGS_set=
ac_cv_env_CXXFLAGS_value=
ac_cv_env_CXX_set=
ac_cv_env_CXX_value=
ac_cv_env_LDFLAGS_set=set
ac_cv_env_LDFLAGS_value='-L/home/mj10777/000_links/apps_local/gdal_externals/lib -L/home/mj10777/000_links/apps_local/libproj/proj-6.1.1/lib -L/usr/local/lib  -L/usr/lib'
ac_cv_env_LIBCAIRO_CFLAGS_set=
ac_cv_env_LIBCAIRO_CFLAGS_value=
ac_cv_env_LIBCAIRO_LIBS_set=
ac_cv_env_LIBCAIRO_LIBS_value=
ac_cv_env_LIBCURL_CFLAGS_set=
ac_cv_env_LIBCURL_CFLAGS_value=
ac_cv_env_LIBCURL_LIBS_set=
ac_cv_env_LIBCURL_LIBS_value=
ac_cv_env_LIBFONTCONFIG_CFLAGS_set=
ac_cv_env_LIBFONTCONFIG_CFLAGS_value=
ac_cv_env_LIBFONTCONFIG_LIBS_set=
ac_cv_env_LIBFONTCONFIG_LIBS_value=
ac_cv_env_LIBFREETYPE2_CFLAGS_set=
ac_cv_env_LIBFREETYPE2_CFLAGS_value=
ac_cv_env_LIBFREETYPE2_LIBS_set=
ac_cv_env_LIBFREETYPE2_LIBS_value=
ac_cv_env_LIBLZ4_CFLAGS_set=
ac_cv_env_LIBLZ4_CFLAGS_value=
ac_cv_env_LIBLZ4_LIBS_set=
ac_cv_env_LIBLZ4_LIBS_value=
ac_cv_env_LIBLZMA_CFLAGS_set=
ac_cv_env_LIBLZMA_CFLAGS_value=
ac_cv_env_LIBLZMA_LIBS_set=
ac_cv_env_LIBLZMA_LIBS_value=
ac_cv_env_LIBOPENJP2_CFLAGS_set=
ac_cv_env_LIBOPENJP2_CFLAGS_value=
ac_cv_env_LIBOPENJP2_LIBS_set=
ac_cv_env_LIBOPENJP2_LIBS_value=
ac_cv_env_LIBPIXMAN_CFLAGS_set=
ac_cv_env_LIBPIXMAN_CFLAGS_value=
ac_cv_env_LIBPIXMAN_LIBS_set=
ac_cv_env_LIBPIXMAN_LIBS_value=
ac_cv_env_LIBPNG_CFLAGS_set=
ac_cv_env_LIBPNG_CFLAGS_value=
ac_cv_env_LIBPNG_LIBS_set=
ac_cv_env_LIBPNG_LIBS_value=
ac_cv_env_LIBSPATIALITE_CFLAGS_set=
ac_cv_env_LIBSPATIALITE_CFLAGS_value=
ac_cv_env_LIBSPATIALITE_LIBS_set=
ac_cv_env_LIBSPATIALITE_LIBS_value=
ac_cv_env_LIBS_set=
ac_cv_env_LIBS_value=
ac_cv_env_LIBWEBP_CFLAGS_set=
ac_cv_env_LIBWEBP_CFLAGS_value=
ac_cv_env_LIBWEBP_LIBS_set=
ac_cv_env_LIBWEBP_LIBS_value=
ac_cv_env_LIBXML2_CFLAGS_set=
ac_cv_env_LIBXML2_CFLAGS_value=
ac_cv_env_LIBXML2_LIBS_set=
ac_cv_env_LIBXML2_LIBS_value=
ac_cv_env_LIBZSTD_CFLAGS_set=
ac_cv_env_LIBZSTD_CFLAGS_value=
ac_cv_env_LIBZSTD_LIBS_set=
ac_cv_env_LIBZSTD_LIBS_value=
ac_cv_env_PKG_CONFIG_LIBDIR_set=
ac_cv_env_PKG_CONFIG_LIBDIR_value=
ac_cv_env_PKG_CONFIG_PATH_set=set
ac_cv_env_PKG_CONFIG_PATH_value=/home/mj10777/000_links/apps_local/gdal_externals/lib/pkgconfig:/home/mj10777/000_links/apps_local/libproj/proj-6.1.1/lib/pkgconfig:/usr/local/lib:/usr/lib
ac_cv_env_PKG_CONFIG_set=
ac_cv_env_PKG_CONFIG_value=
ac_cv_env_build_alias_set=set
ac_cv_env_build_alias_value=x86_64-pc-linux-gnu
ac_cv_env_host_alias_set=set
ac_cv_env_host_alias_value=arm-linux-eabi
ac_cv_env_target_alias_set=
ac_cv_env_target_alias_value=
ac_cv_func_lstat_dereferences_slashed_symlink=no
ac_cv_func_lstat_empty_string_bug=yes
ac_cv_func_memcmp_working=no
ac_cv_func_sqrt=no
ac_cv_func_stat_empty_string_bug=yes
ac_cv_func_strcasecmp=yes
ac_cv_func_strerror=yes
ac_cv_func_strftime=yes
ac_cv_func_strncasecmp=yes
ac_cv_func_strstr=yes
ac_cv_header_CharLS_charls_h=yes
ac_cv_header_CharLS_interface_h=yes
ac_cv_header_dlfcn_h=yes
ac_cv_header_float_h=yes
ac_cv_header_geotiff_geotiff_h=no
ac_cv_header_geotiff_h=yes
ac_cv_header_gif_lib_h=yes
ac_cv_header_inttypes_h=yes
ac_cv_header_jerror_h=yes
ac_cv_header_jpeglib_h=yes
ac_cv_header_libgeotiff_geotiff_h=no
ac_cv_header_math_h=yes
ac_cv_header_memory_h=yes
ac_cv_header_png_h=yes
ac_cv_header_proj_h=yes
ac_cv_header_sqlite3_h=yes
ac_cv_header_sqlite3ext_h=yes
ac_cv_header_stdc=yes
ac_cv_header_stdint_h=yes
ac_cv_header_stdio_h=yes
ac_cv_header_stdlib_h=yes
ac_cv_header_string_h=yes
ac_cv_header_strings_h=yes
ac_cv_header_sys_stat_h=yes
ac_cv_header_sys_types_h=yes
ac_cv_header_time=yes
ac_cv_header_unistd_h=yes
ac_cv_header_zlib_h=yes
ac_cv_host=arm-linux-eabi
ac_cv_lib_CharLS_JpegLsEncode=yes
ac_cv_lib_geotiff_GTIFSetFromProj4=yes
ac_cv_lib_gif_DGifSlurp=yes
ac_cv_lib_jpeg_jpeg_start_compress=yes
ac_cv_lib_sqlite3_sqlite3_prepare_v2=yes
ac_cv_lib_tiff_TIFFClientOpen=yes
ac_cv_lib_z_inflateInit_=yes
ac_cv_objext=o
ac_cv_path_EGREP='/bin/grep -E'
ac_cv_path_FGREP='/bin/grep -F'
ac_cv_path_GREP=/bin/grep
ac_cv_path_SED=/bin/sed
ac_cv_path_ac_pt_PKG_CONFIG=/usr/bin/pkg-config
ac_cv_path_install='/usr/bin/install -c'
ac_cv_path_mkdir=/bin/mkdir
ac_cv_prog_AWK=gawk
ac_cv_prog_CC=gcc
ac_cv_prog_CPP='gcc -E'
ac_cv_prog_CXXCPP='g++ -E'
ac_cv_prog_DLLTOOL=dlltool
ac_cv_prog_OBJDUMP=objdump
ac_cv_prog_STRIP=strip
ac_cv_prog_ac_ct_AR=ar
ac_cv_prog_ac_ct_CC=gcc
ac_cv_prog_ac_ct_CXX=g++
ac_cv_prog_ac_ct_DUMPBIN='link -dump'
ac_cv_prog_ac_ct_MANIFEST_TOOL=mt
ac_cv_prog_ac_ct_RANLIB=ranlib
ac_cv_prog_ac_ct_STRIP=strip
ac_cv_prog_cc_c89=
ac_cv_prog_cc_g=yes
ac_cv_prog_cxx_g=yes
ac_cv_prog_make_make_set=yes
ac_cv_search_proj_normalize_for_visualization=-lproj
ac_cv_struct_tm=time.h
ac_cv_type_off_t=yes
ac_cv_type_size_t=yes
am_cv_CC_dependencies_compiler_type=gcc3
am_cv_CXX_dependencies_compiler_type=gcc3
am_cv_make_support_nested_variables=yes
am_cv_prog_cc_c_o=yes
lt_cv_ar_at_file=@
lt_cv_archive_cmds_need_lc=no
lt_cv_deplibs_check_method=unknown
lt_cv_file_magic_cmd='$MAGIC_CMD'
lt_cv_file_magic_test_file=
lt_cv_ld_reload_flag=-r
lt_cv_nm_interface='BSD nm'
lt_cv_objdir=.libs
lt_cv_path_LD=/usr/bin/ld
lt_cv_path_LDCXX=/usr/bin/ld
lt_cv_path_NM=no
lt_cv_path_mainfest_tool=no
lt_cv_prog_compiler_c_o=yes
lt_cv_prog_compiler_c_o_CXX=yes
lt_cv_prog_compiler_pic='-fPIC -DPIC'
lt_cv_prog_compiler_pic_CXX='-fPIC -DPIC'
lt_cv_prog_compiler_pic_works=yes
lt_cv_prog_compiler_pic_works_CXX=yes
lt_cv_prog_compiler_rtti_exceptions=no
lt_cv_prog_compiler_static_works=yes
lt_cv_prog_compiler_static_works_CXX=yes
lt_cv_prog_gnu_ld=yes
lt_cv_prog_gnu_ldcxx=yes
lt_cv_sharedlib_from_linklib_cmd='printf %s\n'
lt_cv_sys_global_symbol_pipe='sed -n -e '\''s/^.*[	 ]\([ABCDGIRSTW][ABCDGIRSTW]*\)[	 ][	 ]*\([_A-Za-z][_A-Za-z0-9]*\)$/\1 \2 \2/p'\'' | sed '\''/ __gnu_lto/d'\'''
lt_cv_sys_global_symbol_to_c_name_address='sed -n -e '\''s/^: \([^ ]*\)[ ]*$/  {\"\1\", (void *) 0},/p'\'' -e '\''s/^[ABCDGIRSTW]* \([^ ]*\) \([^ ]*\)$/  {"\2", (void *) \&\2},/p'\'''
lt_cv_sys_global_symbol_to_c_name_address_lib_prefix='sed -n -e '\''s/^: \([^ ]*\)[ ]*$/  {\"\1\", (void *) 0},/p'\'' -e '\''s/^[ABCDGIRSTW]* \([^ ]*\) \(lib[^ ]*\)$/  {"\2", (void *) \&\2},/p'\'' -e '\''s/^[ABCDGIRSTW]* \([^ ]*\) \([^ ]*\)$/  {"lib\2", (void *) \&\2},/p'\'''
lt_cv_sys_global_symbol_to_cdecl='sed -n -e '\''s/^T .* \(.*\)$/extern int \1();/p'\'' -e '\''s/^[ABCDGIRSTW]* .* \(.*\)$/extern char \1;/p'\'''
lt_cv_sys_max_cmd_len=1572864
lt_cv_to_host_file_cmd=func_convert_file_noop
lt_cv_to_tool_file_cmd=func_convert_file_noop
pkg_cv_LIBCAIRO_CFLAGS='-I/home/mj10777/000_links/apps_local/gdal_externals/include/libpng16 -I/usr/local/include/cairo -I/usr/local/include -I/usr/local/include/freetype2 -I/usr/local/include -I/usr/include/glib-2.0 -I/usr/lib/x86_64-linux-gnu/glib-2.0/include -I/usr/include/pixman-1 -I/usr/include/freetype2 '
pkg_cv_LIBCAIRO_LIBS='-L/usr/local/lib -lcairo '
pkg_cv_LIBCURL_CFLAGS='-I/usr/local/include '
pkg_cv_LIBCURL_LIBS='-L/usr/local/lib -lcurl '
pkg_cv_LIBFONTCONFIG_CFLAGS='-I/usr/local/include -I/usr/local/include/freetype2 -I/usr/local/include -I/usr/include/freetype2 '
pkg_cv_LIBFONTCONFIG_LIBS='-L/usr/local/lib -lfontconfig -lfreetype '
pkg_cv_LIBFREETYPE2_CFLAGS='-I/usr/local/include/freetype2 -I/usr/local/include '
pkg_cv_LIBFREETYPE2_LIBS='-L/usr/local/lib -lfreetype '
pkg_cv_LIBLZ4_CFLAGS='-I/home/mj10777/000_links/apps_local/gdal_externals/include '
pkg_cv_LIBLZ4_LIBS='-L/home/mj10777/000_links/apps_local/gdal_externals/lib -llz4 '
pkg_cv_LIBLZMA_CFLAGS=
pkg_cv_LIBLZMA_LIBS='-llzma '
pkg_cv_LIBOPENJP2_CFLAGS='-I/home/mj10777/000_links/apps_local/gdal_externals/include/openjpeg-2.3 '
pkg_cv_LIBOPENJP2_LIBS='-L/home/mj10777/000_links/apps_local/gdal_externals/lib -lopenjp2 '
pkg_cv_LIBPIXMAN_CFLAGS='-I/usr/include/pixman-1 '
pkg_cv_LIBPIXMAN_LIBS='-lpixman-1 '
pkg_cv_LIBPNG_CFLAGS='-I/home/mj10777/000_links/apps_local/gdal_externals/include/libpng16 -I/usr/local/include '
pkg_cv_LIBPNG_LIBS='-L/home/mj10777/000_links/apps_local/gdal_externals/lib -L/usr/local/lib -lpng16 -lz '
pkg_cv_LIBSPATIALITE_CFLAGS='-I/usr/local/include '
pkg_cv_LIBSPATIALITE_LIBS='-L/usr/local/lib -lspatialite '
pkg_cv_LIBWEBP_CFLAGS='-I/usr/local/include '
pkg_cv_LIBWEBP_LIBS='-L/usr/local/lib -lwebp '
pkg_cv_LIBXML2_CFLAGS='-I/usr/include/libxml2 '
pkg_cv_LIBXML2_LIBS='-lxml2 '
pkg_cv_LIBZSTD_CFLAGS='-I/usr/local/include '
pkg_cv_LIBZSTD_LIBS='-L/usr/local/lib -lzstd '

## ----------------- ##
## Output variables. ##
## ----------------- ##

ACLOCAL='${SHELL} /home/mj10777/000_links/geopaparazzi/geopaparazzi.eu/libjsqlite-spatialite-android/libjsqlite-spatialite-android/spatialite-android-library/jni/librasterlite2-5.0.0/missing aclocal-1.15'
AMDEPBACKSLASH='\'
AMDEP_FALSE='#'
AMDEP_TRUE=''
AMTAR='$${TAR-tar}'
AM_BACKSLASH='\'
AM_DEFAULT_V='$(AM_DEFAULT_VERBOSITY)'
AM_DEFAULT_VERBOSITY='1'
AM_V='$(V)'
AR='ar'
AS='as'
AUTOCONF='${SHELL} /home/mj10777/000_links/geopaparazzi/geopaparazzi.eu/libjsqlite-spatialite-android/libjsqlite-spatialite-android/spatialite-android-library/jni/librasterlite2-5.0.0/missing autoconf'
AUTOHEADER='${SHELL} /home/mj10777/000_links/geopaparazzi/geopaparazzi.eu/libjsqlite-spatialite-android/libjsqlite-spatialite-android/spatialite-android-library/jni/librasterlite2-5.0.0/missing autoheader'
AUTOMAKE='${SHELL} /home/mj10777/000_links/geopaparazzi/geopaparazzi.eu/libjsqlite-spatialite-android/libjsqlite-spatialite-android/spatialite-android-library/jni/librasterlite2-5.0.0/missing automake-1.15'
AWK='gawk'
CC='gcc'
CCDEPMODE='depmode=gcc3'
CFLAGS='-I/home/mj10777/000_links/apps_local/gdal_externals/include -I/home/mj10777/000_links/apps_local/gdal_externals/include/openjpeg-2.3 -I/home/mj10777/000_links/apps_local/libproj/proj-6.1.1/include -I/usr/local/include  -I/usr/include'
CPP='gcc -E'
CPPFLAGS=''
CXX='g++'
CXXCPP='g++ -E'
CXXDEPMODE='depmode=gcc3'
CXXFLAGS='-g -O2'
CYGPATH_W='echo'
DEFS='-DHAVE_CONFIG_H'
DEPDIR='.deps'
DLLTOOL='dlltool'
DSYMUTIL=''
DUMPBIN=':'
ECHO_C=''
ECHO_N='-n'
ECHO_T=''
EGREP='/bin/grep -E'
EXEEXT=''
FGREP='/bin/grep -F'
GREP='/bin/grep'
INSTALL_DATA='${INSTALL} -m 644'
INSTALL_PROGRAM='${INSTALL}'
INSTALL_SCRIPT='${INSTALL}'
INSTALL_STRIP_PROGRAM='$(install_sh) -c -s'
LD='/usr/bin/ld'
LDFLAGS='-L/home/mj10777/000_links/apps_local/gdal_externals/lib -L/home/mj10777/000_links/apps_local/libproj/proj-6.1.1/lib -L/usr/local/lib  -L/usr/lib'
LIBCAIRO_CFLAGS='-I/home/mj10777/000_links/apps_local/gdal_externals/include/libpng16 -I/usr/local/include/cairo -I/usr/local/include -I/usr/local/include/freetype2 -I/usr/local/include -I/usr/include/glib-2.0 -I/usr/lib/x86_64-linux-gnu/glib-2.0/include -I/usr/include/pixman-1 -I/usr/include/freetype2 '
LIBCAIRO_LIBS='-L/usr/local/lib -lcairo '
LIBCURL_CFLAGS='-I/usr/local/include '
LIBCURL_LIBS='-L/usr/local/lib -lcurl '
LIBFONTCONFIG_CFLAGS='-I/usr/local/include -I/usr/local/include/freetype2 -I/usr/local/include -I/usr/include/freetype2 '
LIBFONTCONFIG_LIBS='-L/usr/local/lib -lfontconfig -lfreetype '
LIBFREETYPE2_CFLAGS='-I/usr/local/include/freetype2 -I/usr/local/include '
LIBFREETYPE2_LIBS='-L/usr/local/lib -lfreetype '
LIBLZ4_CFLAGS='-I/home/mj10777/000_links/apps_local/gdal_externals/include '
LIBLZ4_LIBS='-L/home/mj10777/000_links/apps_local/gdal_externals/lib -llz4 '
LIBLZMA_CFLAGS=''
LIBLZMA_LIBS='-llzma '
LIBOBJS=' ${LIBOBJDIR}lstat$U.o ${LIBOBJDIR}memcmp$U.o ${LIBOBJDIR}stat$U.o'
LIBOPENJP2_CFLAGS='-I/home/mj10777/000_links/apps_local/gdal_externals/include/openjpeg-2.3 '
LIBOPENJP2_LIBS='-L/home/mj10777/000_links/apps_local/gdal_externals/lib -lopenjp2 '
LIBPIXMAN_CFLAGS='-I/usr/include/pixman-1 '
LIBPIXMAN_LIBS='-lpixman-1 '
LIBPNG_CFLAGS='-I/home/mj10777/000_links/apps_local/gdal_externals/include/libpng16 -I/usr/local/include '
LIBPNG_LIBS='-L/home/mj10777/000_links/apps_local/gdal_externals/lib -L/usr/local/lib -lpng16 -lz '
LIBS='-lCharLS -lproj -lgeotiff -ltiff -lgif -ljpeg -lz -lsqlite3 '
LIBSPATIALITE_CFLAGS='-I/usr/local/include '
LIBSPATIALITE_LIBS='-L/usr/local/lib -lspatialite '
LIBTOOL='$(SHELL) $(top_builddir)/libtool'
LIBWEBP_CFLAGS='-I/usr/local/include '
LIBWEBP_LIBS='-L/usr/local/lib -lwebp '
LIBXML2_CFLAGS='-I/usr/include/libxml2 '
LIBXML2_LIBS='-lxml2 '
LIBZSTD_CFLAGS='-I/usr/local/include '
LIBZSTD_LIBS='-L/usr/local/lib -lzstd '
LIPO=''
LN_S='ln -s'
LTLIBOBJS=' ${LIBOBJDIR}lstat$U.lo ${LIBOBJDIR}memcmp$U.lo ${LIBOBJDIR}stat$U.lo'
MAINT='#'
MAINTAINER_MODE_FALSE=''
MAINTAINER_MODE_TRUE='#'
MAKEINFO='${SHELL} /home/mj10777/000_links/geopaparazzi/geopaparazzi.eu/libjsqlite-spatialite-android/libjsqlite-spatialite-android/spatialite-android-library/jni/librasterlite2-5.0.0/missing makeinfo'
MANIFEST_TOOL=':'
MINGW_FALSE=''
MINGW_TRUE='#'
MKDIR_P='/bin/mkdir -p'
NM='nm'
NMEDIT=''
OBJDUMP='objdump'
OBJEXT='o'
OTOOL64=''
OTOOL=''
PACKAGE='librasterlite2'
PACKAGE_BUGREPORT='a.furieri@lqt.it'
PACKAGE_NAME='librasterlite2'
PACKAGE_STRING='librasterlite2 1.1.0-beta1'
PACKAGE_TARNAME='librasterlite2'
PACKAGE_URL=''
PACKAGE_VERSION='1.1.0-beta1'
PATH_SEPARATOR=':'
PKG_CONFIG='/usr/bin/pkg-config'
PKG_CONFIG_LIBDIR=''
PKG_CONFIG_PATH='/home/mj10777/000_links/apps_local/gdal_externals/lib/pkgconfig:/home/mj10777/000_links/apps_local/libproj/proj-6.1.1/lib/pkgconfig:/usr/local/lib:/usr/lib'
RANLIB='ranlib'
SED='/bin/sed'
SET_MAKE=''
SHELL='/bin/bash'
STRIP='strip'
VERSION='1.1.0-beta1'
ac_ct_AR='ar'
ac_ct_CC='gcc'
ac_ct_CXX='g++'
ac_ct_DUMPBIN='link -dump'
am__EXEEXT_FALSE=''
am__EXEEXT_TRUE='#'
am__fastdepCC_FALSE='#'
am__fastdepCC_TRUE=''
am__fastdepCXX_FALSE='#'
am__fastdepCXX_TRUE=''
am__include='include'
am__isrc=''
am__leading_dot='.'
am__nodep='_no'
am__quote=''
am__tar='$${TAR-tar} chof - "$$tardir"'
am__untar='$${TAR-tar} xf -'
bindir='${exec_prefix}/bin'
build='x86_64-pc-linux-gnu'
build_alias='x86_64-pc-linux-gnu'
build_cpu='x86_64'
build_os='linux-gnu'
build_vendor='pc'
datadir='${datarootdir}'
datarootdir='${prefix}/share'
docdir='${datarootdir}/doc/${PACKAGE_TARNAME}'
dvidir='${docdir}'
exec_prefix='${prefix}'
host='arm-linux-eabi'
host_alias='arm-linux-eabi'
host_cpu='arm'
host_os='eabi'
host_vendor='linux'
htmldir='${docdir}'
includedir='${prefix}/include'
infodir='${datarootdir}/info'
install_sh='${SHELL} /home/mj10777/000_links/geopaparazzi/geopaparazzi.eu/libjsqlite-spatialite-android/libjsqlite-spatialite-android/spatialite-android-library/jni/librasterlite2-5.0.0/install-sh'
libdir='${exec_prefix}/lib'
libexecdir='${exec_prefix}/libexec'
localedir='${datarootdir}/locale'
localstatedir='${prefix}/var'
mandir='${datarootdir}/man'
mkdir_p='$(MKDIR_P)'
oldincludedir='/usr/include'
pdfdir='${docdir}'
prefix='/usr/local'
program_transform_name='s,x,x,'
psdir='${docdir}'
sbindir='${exec_prefix}/sbin'
sharedstatedir='${prefix}/com'
sysconfdir='${prefix}/etc'
target_alias=''

## ----------- ##
## confdefs.h. ##
## ----------- ##

/* confdefs.h */
#define PACKAGE_NAME "librasterlite2"
#define PACKAGE_TARNAME "librasterlite2"
#define PACKAGE_VERSION "1.1.0-beta1"
#define PACKAGE_STRING "librasterlite2 1.1.0-beta1"
#define PACKAGE_BUGREPORT "a.furieri@lqt.it"
#define PACKAGE_URL ""
#define PACKAGE "librasterlite2"
#define VERSION "1.1.0-beta1"
#define _LARGE_FILE 1
#define _FILE_OFFSET_BITS 64
#define _LARGEFILE_SOURCE 1
#define NDEBUG 1
#define STDC_HEADERS 1
#define HAVE_SYS_TYPES_H 1
#define HAVE_SYS_STAT_H 1
#define HAVE_STDLIB_H 1
#define HAVE_STRING_H 1
#define HAVE_MEMORY_H 1
#define HAVE_STRINGS_H 1
#define HAVE_INTTYPES_H 1
#define HAVE_STDINT_H 1
#define HAVE_UNISTD_H 1
#define HAVE_STDLIB_H 1
#define HAVE_STDIO_H 1
#define HAVE_STRING_H 1
#define HAVE_MEMORY_H 1
#define HAVE_MATH_H 1
#define HAVE_FLOAT_H 1
#define HAVE_JPEGLIB_H 1
#define HAVE_JERROR_H 1
#define HAVE_PNG_H 1
#define HAVE_SQLITE3_H 1
#define HAVE_SQLITE3EXT_H 1
#define HAVE_ZLIB_H 1
#define HAVE_GIF_LIB_H 1
#define HAVE_GEOTIFF_H 1
#define HAVE_DLFCN_H 1
#define LT_OBJDIR ".libs/"
#define TIME_WITH_SYS_TIME 1
#define HAVE_LSTAT_EMPTY_STRING_BUG 1
#define HAVE_STAT_EMPTY_STRING_BUG 1
#define HAVE_STRFTIME 1
#define HAVE_STRCASECMP 1
#define HAVE_STRERROR 1
#define HAVE_STRNCASECMP 1
#define HAVE_STRSTR 1
#define HAVE_STRERROR 1
#define TARGET_CPU "x86_64-linux-gnu"
#define HAVE_LIBSQLITE3 1
#define HAVE_LIBZ 1
#define HAVE_LIBJPEG 1
#define HAVE_LIBGIF 1
#define HAVE_LIBTIFF 1
#define HAVE_LIBGEOTIFF 1
#define HAVE_PROJ_H 1
#define PROJ_NEW 1
#define HAVE_CHARLS_INTERFACE_H 1
#define HAVE_CHARLS_CHARLS_H 1
#define HAVE_LIBCHARLS 1
#define CHARLS_2 1

configure: exit 0
