This file contains any messages produced by compilers while
running configure, to aid debugging if configure makes a mistake.

It was created by libgeotiff configure 1.4.2, which was
generated by GNU Autoconf 2.69.  Invocation command line was

  $ ./configure 

## --------- ##
## Platform. ##
## --------- ##

hostname = mj10777-01-l
uname -m = x86_64
uname -r = 3.16.0-38-generic
uname -s = Linux
uname -v = #52-Ubuntu SMP Thu May 7 10:51:21 UTC 2015

/usr/bin/uname -p = unknown
/bin/uname -X     = unknown

/bin/arch              = unknown
/usr/bin/arch -k       = unknown
/usr/convex/getsysinfo = unknown
/usr/bin/hostinfo      = unknown
/bin/machine           = unknown
/usr/bin/oslevel       = unknown
/bin/universe          = unknown

PATH: /home/mj10777/bin
PATH: /home/mj10777/000_links/apps_local/bin
PATH: /usr/local/pgsql/bin
PATH: /usr/local/pgsql/bin
PATH: /usr/local/pgsql/bin
PATH: /usr/lib/lightdm/lightdm
PATH: /usr/local/sbin
PATH: /usr/local/bin
PATH: /usr/sbin
PATH: /usr/bin
PATH: /sbin
PATH: /bin
PATH: /usr/games
PATH: /usr/local/Qt-5.5.0/bin
PATH: ~/000_links/gnu_source/adt-bundle-linux/sdk
PATH: ~/000_links/gnu_source/adt-bundle-linux/sdk/tools/home/mj10777/000_links/gnu_source/adt-bundle-linux/sdk/platform-tools
PATH: /home/mj10777/000_links/gnu_source/adt-bundle-linux/sdk/tools
PATH: /home/mj10777/000_links/gnu_source/adt-bundle-linux/android-ndk-r9d
PATH: /home/mj10777/000_links/gnu_source/adt-bundle-linux/apache-ant/bin
PATH: /home/mj10777/000_links/gnu_source/adt-bundle-linux/android-studio/bin


## ----------- ##
## Core tests. ##
## ----------- ##

configure:2490: checking build system type
configure:2504: result: x86_64-unknown-linux-gnu
configure:2549: checking for a BSD-compatible install
configure:2617: result: /usr/bin/install -c
configure:2628: checking whether build environment is sane
configure:2683: result: yes
configure:2834: checking for a thread-safe mkdir -p
configure:2873: result: /bin/mkdir -p
configure:2880: checking for gawk
configure:2896: found /usr/bin/gawk
configure:2907: result: gawk
configure:2918: checking whether make sets $(MAKE)
configure:2940: result: yes
configure:2969: checking whether make supports nested variables
configure:2986: result: yes
configure:3112: checking whether to enable maintainer-specific portions of Makefiles
configure:3121: result: no
configure:3182: checking for gcc
configure:3198: found /usr/bin/gcc
configure:3209: result: gcc
configure:3438: checking for C compiler version
configure:3447: gcc --version >&5
gcc (Ubuntu 4.9.1-16ubuntu6) 4.9.1
Copyright (C) 2014 Free Software Foundation, Inc.
This is free software; see the source for copying conditions.  There is NO
warranty; not even for MERCHANTABILITY or FITNESS FOR A PARTICULAR PURPOSE.

configure:3458: $? = 0
configure:3447: gcc -v >&5
Using built-in specs.
COLLECT_GCC=gcc
COLLECT_LTO_WRAPPER=/usr/lib/gcc/x86_64-linux-gnu/4.9/lto-wrapper
Target: x86_64-linux-gnu
Configured with: ../src/configure -v --with-pkgversion='Ubuntu 4.9.1-16ubuntu6' --with-bugurl=file:///usr/share/doc/gcc-4.9/README.Bugs --enable-languages=c,c++,java,go,d,fortran,objc,obj-c++ --prefix=/usr --program-suffix=-4.9 --enable-shared --enable-linker-build-id --libexecdir=/usr/lib --without-included-gettext --enable-threads=posix --with-gxx-include-dir=/usr/include/c++/4.9 --libdir=/usr/lib --enable-nls --with-sysroot=/ --enable-clocale=gnu --enable-libstdcxx-debug --enable-libstdcxx-time=yes --enable-gnu-unique-object --disable-vtable-verify --enable-plugin --with-system-zlib --disable-browser-plugin --enable-java-awt=gtk --enable-gtk-cairo --with-java-home=/usr/lib/jvm/java-1.5.0-gcj-4.9-amd64/jre --enable-java-home --with-jvm-root-dir=/usr/lib/jvm/java-1.5.0-gcj-4.9-amd64 --with-jvm-jar-dir=/usr/lib/jvm-exports/java-1.5.0-gcj-4.9-amd64 --with-arch-directory=amd64 --with-ecj-jar=/usr/share/java/eclipse-ecj.jar --enable-objc-gc --enable-multiarch --disable-werror --with-arch-32=i686 --with-abi=m64 --with-multilib-list=m32,m64,mx32 --enable-multilib --with-tune=generic --enable-checking=release --build=x86_64-linux-gnu --host=x86_64-linux-gnu --target=x86_64-linux-gnu
Thread model: posix
gcc version 4.9.1 (Ubuntu 4.9.1-16ubuntu6) 
configure:3458: $? = 0
configure:3447: gcc -V >&5
gcc: error: unrecognized command line option '-V'
gcc: fatal error: no input files
compilation terminated.
configure:3458: $? = 4
configure:3447: gcc -qversion >&5
gcc: error: unrecognized command line option '-qversion'
gcc: fatal error: no input files
compilation terminated.
configure:3458: $? = 4
configure:3478: checking whether the C compiler works
configure:3500: gcc    conftest.c  >&5
configure:3504: $? = 0
configure:3552: result: yes
configure:3555: checking for C compiler default output file name
configure:3557: result: a.out
configure:3563: checking for suffix of executables
configure:3570: gcc -o conftest    conftest.c  >&5
configure:3574: $? = 0
configure:3596: result: 
configure:3618: checking whether we are cross compiling
configure:3626: gcc -o conftest    conftest.c  >&5
configure:3630: $? = 0
configure:3637: ./conftest
configure:3641: $? = 0
configure:3656: result: no
configure:3661: checking for suffix of object files
configure:3683: gcc -c   conftest.c >&5
configure:3687: $? = 0
configure:3708: result: o
configure:3712: checking whether we are using the GNU C compiler
configure:3731: gcc -c   conftest.c >&5
configure:3731: $? = 0
configure:3740: result: yes
configure:3749: checking whether gcc accepts -g
configure:3769: gcc -c -g  conftest.c >&5
configure:3769: $? = 0
configure:3810: result: yes
configure:3827: checking for gcc option to accept ISO C89
configure:3890: gcc  -c -g -O2  conftest.c >&5
configure:3890: $? = 0
configure:3903: result: none needed
configure:3928: checking whether gcc understands -c and -o together
configure:3950: gcc -c conftest.c -o conftest2.o
configure:3953: $? = 0
configure:3950: gcc -c conftest.c -o conftest2.o
configure:3953: $? = 0
configure:3965: result: yes
configure:3993: checking for style of include used by make
configure:4021: result: GNU
configure:4047: checking dependency style of gcc
configure:4158: result: gcc3
configure:4231: checking for g++
configure:4247: found /usr/bin/g++
configure:4258: result: g++
configure:4285: checking for C++ compiler version
configure:4294: g++ --version >&5
g++ (Ubuntu 4.9.1-16ubuntu6) 4.9.1
Copyright (C) 2014 Free Software Foundation, Inc.
This is free software; see the source for copying conditions.  There is NO
warranty; not even for MERCHANTABILITY or FITNESS FOR A PARTICULAR PURPOSE.

configure:4305: $? = 0
configure:4294: g++ -v >&5
Using built-in specs.
COLLECT_GCC=g++
COLLECT_LTO_WRAPPER=/usr/lib/gcc/x86_64-linux-gnu/4.9/lto-wrapper
Target: x86_64-linux-gnu
Configured with: ../src/configure -v --with-pkgversion='Ubuntu 4.9.1-16ubuntu6' --with-bugurl=file:///usr/share/doc/gcc-4.9/README.Bugs --enable-languages=c,c++,java,go,d,fortran,objc,obj-c++ --prefix=/usr --program-suffix=-4.9 --enable-shared --enable-linker-build-id --libexecdir=/usr/lib --without-included-gettext --enable-threads=posix --with-gxx-include-dir=/usr/include/c++/4.9 --libdir=/usr/lib --enable-nls --with-sysroot=/ --enable-clocale=gnu --enable-libstdcxx-debug --enable-libstdcxx-time=yes --enable-gnu-unique-object --disable-vtable-verify --enable-plugin --with-system-zlib --disable-browser-plugin --enable-java-awt=gtk --enable-gtk-cairo --with-java-home=/usr/lib/jvm/java-1.5.0-gcj-4.9-amd64/jre --enable-java-home --with-jvm-root-dir=/usr/lib/jvm/java-1.5.0-gcj-4.9-amd64 --with-jvm-jar-dir=/usr/lib/jvm-exports/java-1.5.0-gcj-4.9-amd64 --with-arch-directory=amd64 --with-ecj-jar=/usr/share/java/eclipse-ecj.jar --enable-objc-gc --enable-multiarch --disable-werror --with-arch-32=i686 --with-abi=m64 --with-multilib-list=m32,m64,mx32 --enable-multilib --with-tune=generic --enable-checking=release --build=x86_64-linux-gnu --host=x86_64-linux-gnu --target=x86_64-linux-gnu
Thread model: posix
gcc version 4.9.1 (Ubuntu 4.9.1-16ubuntu6) 
configure:4305: $? = 0
configure:4294: g++ -V >&5
g++: error: unrecognized command line option '-V'
g++: fatal error: no input files
compilation terminated.
configure:4305: $? = 4
configure:4294: g++ -qversion >&5
g++: error: unrecognized command line option '-qversion'
g++: fatal error: no input files
compilation terminated.
configure:4305: $? = 4
configure:4309: checking whether we are using the GNU C++ compiler
configure:4328: g++ -c   conftest.cpp >&5
configure:4328: $? = 0
configure:4337: result: yes
configure:4346: checking whether g++ accepts -g
configure:4366: g++ -c -g  conftest.cpp >&5
configure:4366: $? = 0
configure:4407: result: yes
configure:4432: checking dependency style of g++
configure:4543: result: gcc3
configure:4563: checking how to run the C++ preprocessor
configure:4590: g++ -E  conftest.cpp
configure:4590: $? = 0
configure:4604: g++ -E  conftest.cpp
conftest.cpp:11:28: fatal error: ac_nonexistent.h: No such file or directory
 #include <ac_nonexistent.h>
                            ^
compilation terminated.
configure:4604: $? = 1
configure: failed program was:
| /* confdefs.h */
| #define PACKAGE_NAME "libgeotiff"
| #define PACKAGE_TARNAME "libgeotiff"
| #define PACKAGE_VERSION "1.4.2"
| #define PACKAGE_STRING "libgeotiff 1.4.2"
| #define PACKAGE_BUGREPORT "warmerdam@pobox.com"
| #define PACKAGE_URL ""
| #define PACKAGE "libgeotiff"
| #define VERSION "1.4.2"
| /* end confdefs.h.  */
| #include <ac_nonexistent.h>
configure:4629: result: g++ -E
configure:4649: g++ -E  conftest.cpp
configure:4649: $? = 0
configure:4663: g++ -E  conftest.cpp
conftest.cpp:11:28: fatal error: ac_nonexistent.h: No such file or directory
 #include <ac_nonexistent.h>
                            ^
compilation terminated.
configure:4663: $? = 1
configure: failed program was:
| /* confdefs.h */
| #define PACKAGE_NAME "libgeotiff"
| #define PACKAGE_TARNAME "libgeotiff"
| #define PACKAGE_VERSION "1.4.2"
| #define PACKAGE_STRING "libgeotiff 1.4.2"
| #define PACKAGE_BUGREPORT "warmerdam@pobox.com"
| #define PACKAGE_URL ""
| #define PACKAGE "libgeotiff"
| #define VERSION "1.4.2"
| /* end confdefs.h.  */
| #include <ac_nonexistent.h>
configure:4692: checking whether ln -s works
configure:4696: result: yes
configure:4703: checking whether make sets $(MAKE)
configure:4725: result: yes
configure:4759: checking host system type
configure:4772: result: x86_64-unknown-linux-gnu
configure:4813: checking how to print strings
configure:4840: result: printf
configure:4861: checking for a sed that does not truncate output
configure:4925: result: /bin/sed
configure:4943: checking for grep that handles long lines and -e
configure:5001: result: /bin/grep
configure:5006: checking for egrep
configure:5068: result: /bin/grep -E
configure:5073: checking for fgrep
configure:5135: result: /bin/grep -F
configure:5170: checking for ld used by gcc
configure:5237: result: /usr/bin/ld
configure:5244: checking if the linker (/usr/bin/ld) is GNU ld
configure:5259: result: yes
configure:5271: checking for BSD- or MS-compatible name lister (nm)
configure:5320: result: /usr/bin/nm -B
configure:5450: checking the name lister (/usr/bin/nm -B) interface
configure:5457: gcc -c -g -O2  conftest.c >&5
configure:5460: /usr/bin/nm -B "conftest.o"
configure:5463: output
0000000000000000 B some_variable
configure:5470: result: BSD nm
configure:5474: checking the maximum length of command line arguments
configure:5605: result: 1572864
configure:5622: checking whether the shell understands some XSI constructs
configure:5632: result: yes
configure:5636: checking whether the shell understands "+="
configure:5642: result: yes
configure:5677: checking how to convert x86_64-unknown-linux-gnu file names to x86_64-unknown-linux-gnu format
configure:5717: result: func_convert_file_noop
configure:5724: checking how to convert x86_64-unknown-linux-gnu file names to toolchain format
configure:5744: result: func_convert_file_noop
configure:5751: checking for /usr/bin/ld option to reload object files
configure:5758: result: -r
configure:5832: checking for objdump
configure:5848: found /usr/bin/objdump
configure:5859: result: objdump
configure:5891: checking how to recognize dependent libraries
configure:6089: result: pass_all
configure:6174: checking for dlltool
configure:6204: result: no
configure:6234: checking how to associate runtime and link libraries
configure:6261: result: printf %s\n
configure:6322: checking for ar
configure:6338: found /usr/bin/ar
configure:6349: result: ar
configure:6386: checking for archiver @FILE support
configure:6403: gcc -c -g -O2  conftest.c >&5
configure:6403: $? = 0
configure:6406: ar cru libconftest.a @conftest.lst >&5
configure:6409: $? = 0
configure:6414: ar cru libconftest.a @conftest.lst >&5
ar: conftest.o: No such file or directory
configure:6417: $? = 1
configure:6429: result: @
configure:6487: checking for strip
configure:6503: found /usr/bin/strip
configure:6514: result: strip
configure:6586: checking for ranlib
configure:6602: found /usr/bin/ranlib
configure:6613: result: ranlib
configure:6715: checking command to parse /usr/bin/nm -B output from gcc object
configure:6835: gcc -c -g -O2  conftest.c >&5
configure:6838: $? = 0
configure:6842: /usr/bin/nm -B conftest.o \| sed -n -e 's/^.*[ ]\([ABCDGIRSTW][ABCDGIRSTW]*\)[ ][ ]*\([_A-Za-z][_A-Za-z0-9]*\)$/\1 \2 \2/p' | sed '/ __gnu_lto/d' \> conftest.nm
configure:6845: $? = 0
configure:6911: gcc -o conftest -g -O2   conftest.c conftstm.o >&5
configure:6914: $? = 0
configure:6952: result: ok
configure:6989: checking for sysroot
configure:7019: result: no
configure:7096: gcc -c -g -O2  conftest.c >&5
configure:7099: $? = 0
configure:7288: checking for mt
configure:7304: found /bin/mt
configure:7315: result: mt
configure:7338: checking if mt is a manifest tool
configure:7344: mt '-?'
configure:7352: result: no
configure:7994: checking how to run the C preprocessor
configure:8025: gcc -E  conftest.c
configure:8025: $? = 0
configure:8039: gcc -E  conftest.c
conftest.c:11:28: fatal error: ac_nonexistent.h: No such file or directory
 #include <ac_nonexistent.h>
                            ^
compilation terminated.
configure:8039: $? = 1
configure: failed program was:
| /* confdefs.h */
| #define PACKAGE_NAME "libgeotiff"
| #define PACKAGE_TARNAME "libgeotiff"
| #define PACKAGE_VERSION "1.4.2"
| #define PACKAGE_STRING "libgeotiff 1.4.2"
| #define PACKAGE_BUGREPORT "warmerdam@pobox.com"
| #define PACKAGE_URL ""
| #define PACKAGE "libgeotiff"
| #define VERSION "1.4.2"
| /* end confdefs.h.  */
| #include <ac_nonexistent.h>
configure:8064: result: gcc -E
configure:8084: gcc -E  conftest.c
configure:8084: $? = 0
configure:8098: gcc -E  conftest.c
conftest.c:11:28: fatal error: ac_nonexistent.h: No such file or directory
 #include <ac_nonexistent.h>
                            ^
compilation terminated.
configure:8098: $? = 1
configure: failed program was:
| /* confdefs.h */
| #define PACKAGE_NAME "libgeotiff"
| #define PACKAGE_TARNAME "libgeotiff"
| #define PACKAGE_VERSION "1.4.2"
| #define PACKAGE_STRING "libgeotiff 1.4.2"
| #define PACKAGE_BUGREPORT "warmerdam@pobox.com"
| #define PACKAGE_URL ""
| #define PACKAGE "libgeotiff"
| #define VERSION "1.4.2"
| /* end confdefs.h.  */
| #include <ac_nonexistent.h>
configure:8127: checking for ANSI C header files
configure:8147: gcc -c -g -O2  conftest.c >&5
configure:8147: $? = 0
configure:8220: gcc -o conftest -g -O2   conftest.c  >&5
configure:8220: $? = 0
configure:8220: ./conftest
configure:8220: $? = 0
configure:8231: result: yes
configure:8244: checking for sys/types.h
configure:8244: gcc -c -g -O2  conftest.c >&5
configure:8244: $? = 0
configure:8244: result: yes
configure:8244: checking for sys/stat.h
configure:8244: gcc -c -g -O2  conftest.c >&5
configure:8244: $? = 0
configure:8244: result: yes
configure:8244: checking for stdlib.h
configure:8244: gcc -c -g -O2  conftest.c >&5
configure:8244: $? = 0
configure:8244: result: yes
configure:8244: checking for string.h
configure:8244: gcc -c -g -O2  conftest.c >&5
configure:8244: $? = 0
configure:8244: result: yes
configure:8244: checking for memory.h
configure:8244: gcc -c -g -O2  conftest.c >&5
configure:8244: $? = 0
configure:8244: result: yes
configure:8244: checking for strings.h
configure:8244: gcc -c -g -O2  conftest.c >&5
configure:8244: $? = 0
configure:8244: result: yes
configure:8244: checking for inttypes.h
configure:8244: gcc -c -g -O2  conftest.c >&5
configure:8244: $? = 0
configure:8244: result: yes
configure:8244: checking for stdint.h
configure:8244: gcc -c -g -O2  conftest.c >&5
configure:8244: $? = 0
configure:8244: result: yes
configure:8244: checking for unistd.h
configure:8244: gcc -c -g -O2  conftest.c >&5
configure:8244: $? = 0
configure:8244: result: yes
configure:8258: checking for dlfcn.h
configure:8258: gcc -c -g -O2  conftest.c >&5
configure:8258: $? = 0
configure:8258: result: yes
configure:8475: checking for objdir
configure:8490: result: .libs
configure:8761: checking if gcc supports -fno-rtti -fno-exceptions
configure:8779: gcc -c -g -O2  -fno-rtti -fno-exceptions conftest.c >&5
cc1: warning: command line option '-fno-rtti' is valid for C++/ObjC++ but not for C
configure:8783: $? = 0
configure:8796: result: no
configure:9123: checking for gcc option to produce PIC
configure:9130: result: -fPIC -DPIC
configure:9138: checking if gcc PIC flag -fPIC -DPIC works
configure:9156: gcc -c -g -O2  -fPIC -DPIC -DPIC conftest.c >&5
configure:9160: $? = 0
configure:9173: result: yes
configure:9202: checking if gcc static flag -static works
configure:9230: result: yes
configure:9245: checking if gcc supports -c -o file.o
configure:9266: gcc -c -g -O2  -o out/conftest2.o conftest.c >&5
configure:9270: $? = 0
configure:9292: result: yes
configure:9300: checking if gcc supports -c -o file.o
configure:9347: result: yes
configure:9380: checking whether the gcc linker (/usr/bin/ld -m elf_x86_64) supports shared libraries
configure:10537: result: yes
configure:10574: checking whether -lc should be explicitly linked in
configure:10582: gcc -c -g -O2  conftest.c >&5
configure:10585: $? = 0
configure:10600: gcc -shared  -fPIC -DPIC conftest.o  -v -Wl,-soname -Wl,conftest -o conftest 2\>\&1 \| /bin/grep  -lc  \>/dev/null 2\>\&1
configure:10603: $? = 0
configure:10617: result: no
configure:10777: checking dynamic linker characteristics
configure:11277: gcc -o conftest -g -O2   -Wl,-rpath -Wl,/foo conftest.c  >&5
configure:11277: $? = 0
configure:11511: result: GNU/Linux ld.so
configure:11618: checking how to hardcode library paths into programs
configure:11643: result: immediate
configure:12183: checking whether stripping libraries is possible
configure:12188: result: yes
configure:12223: checking if libtool supports shared libraries
configure:12225: result: yes
configure:12228: checking whether to build shared libraries
configure:12249: result: yes
configure:12252: checking whether to build static libraries
configure:12256: result: yes
configure:12279: checking how to run the C++ preprocessor
configure:12345: result: g++ -E
configure:12365: g++ -E  conftest.cpp
configure:12365: $? = 0
configure:12379: g++ -E  conftest.cpp
conftest.cpp:23:28: fatal error: ac_nonexistent.h: No such file or directory
 #include <ac_nonexistent.h>
                            ^
compilation terminated.
configure:12379: $? = 1
configure: failed program was:
| /* confdefs.h */
| #define PACKAGE_NAME "libgeotiff"
| #define PACKAGE_TARNAME "libgeotiff"
| #define PACKAGE_VERSION "1.4.2"
| #define PACKAGE_STRING "libgeotiff 1.4.2"
| #define PACKAGE_BUGREPORT "warmerdam@pobox.com"
| #define PACKAGE_URL ""
| #define PACKAGE "libgeotiff"
| #define VERSION "1.4.2"
| #define STDC_HEADERS 1
| #define HAVE_SYS_TYPES_H 1
| #define HAVE_SYS_STAT_H 1
| #define HAVE_STDLIB_H 1
| #define HAVE_STRING_H 1
| #define HAVE_MEMORY_H 1
| #define HAVE_STRINGS_H 1
| #define HAVE_INTTYPES_H 1
| #define HAVE_STDINT_H 1
| #define HAVE_UNISTD_H 1
| #define HAVE_DLFCN_H 1
| #define LT_OBJDIR ".libs/"
| /* end confdefs.h.  */
| #include <ac_nonexistent.h>
configure:12548: checking for ld used by g++
configure:12615: result: /usr/bin/ld -m elf_x86_64
configure:12622: checking if the linker (/usr/bin/ld -m elf_x86_64) is GNU ld
configure:12637: result: yes
configure:12692: checking whether the g++ linker (/usr/bin/ld -m elf_x86_64) supports shared libraries
configure:13694: result: yes
configure:13730: g++ -c -g -O2  conftest.cpp >&5
configure:13733: $? = 0
configure:14253: checking for g++ option to produce PIC
configure:14260: result: -fPIC -DPIC
configure:14268: checking if g++ PIC flag -fPIC -DPIC works
configure:14286: g++ -c -g -O2  -fPIC -DPIC -DPIC conftest.cpp >&5
configure:14290: $? = 0
configure:14303: result: yes
configure:14326: checking if g++ static flag -static works
configure:14354: result: yes
configure:14366: checking if g++ supports -c -o file.o
configure:14387: g++ -c -g -O2  -o out/conftest2.o conftest.cpp >&5
configure:14391: $? = 0
configure:14413: result: yes
configure:14418: checking if g++ supports -c -o file.o
configure:14465: result: yes
configure:14495: checking whether the g++ linker (/usr/bin/ld -m elf_x86_64) supports shared libraries
configure:14534: result: yes
configure:14675: checking dynamic linker characteristics
configure:15343: result: GNU/Linux ld.so
configure:15396: checking how to hardcode library paths into programs
configure:15421: result: immediate
configure:15496: checking for string.h
configure:15496: result: yes
configure:15510: checking stdio.h usability
configure:15510: gcc -c -g -O2  conftest.c >&5
configure:15510: $? = 0
configure:15510: result: yes
configure:15510: checking stdio.h presence
configure:15510: gcc -E  conftest.c
configure:15510: $? = 0
configure:15510: result: yes
configure:15510: checking for stdio.h
configure:15510: result: yes
configure:15524: checking for stdlib.h
configure:15524: result: yes
configure:15539: checking locale.h usability
configure:15539: gcc -c -g -O2  conftest.c >&5
configure:15539: $? = 0
configure:15539: result: yes
configure:15539: checking locale.h presence
configure:15539: gcc -E  conftest.c
configure:15539: $? = 0
configure:15539: result: yes
configure:15539: checking for locale.h
configure:15539: result: yes
configure:15562: checking for debug enabled
configure:15573: result: no
configure:15578: checking for exp in -lm
configure:15603: gcc -o conftest -g -O2 -O3 -DNDEBUG   conftest.c -lm    >&5
conftest.c:34:6: warning: conflicting types for built-in function 'exp'
 char exp ();
      ^
configure:15603: $? = 0
configure:15612: result: yes
configure:15735: checking for zlib
configure:15737: result: no
configure:15780: checking for jpeg
configure:15782: result: no
configure:15977: checking for TIFFOpen in -ltiff
configure:16002: gcc -o conftest -g -O2 -O3 -DNDEBUG   conftest.c -ltiff -lm -lm   >&5
configure:16002: $? = 0
configure:16011: result: yes
configure:16021: checking for TIFFMergeFieldInfo in -ltiff
configure:16046: gcc -o conftest -g -O2 -O3 -DNDEBUG   conftest.c -ltiff -lm -lm   >&5
configure:16046: $? = 0
configure:16055: result: yes
configure:16140: checking for pj_init in -lproj
configure:16165: gcc -o conftest -g -O2 -O3 -DNDEBUG   conftest.c -lproj -lm -lm   -ltiff >&5
configure:16165: $? = 0
configure:16174: result: yes
configure:16187: checking proj_api.h usability
configure:16187: gcc -c -g -O2 -O3 -DNDEBUG  conftest.c >&5
configure:16187: $? = 0
configure:16187: result: yes
configure:16187: checking proj_api.h presence
configure:16187: gcc -E  conftest.c
configure:16187: $? = 0
configure:16187: result: yes
configure:16187: checking for proj_api.h
configure:16187: result: yes
configure:16236: checking if EPSG tables will be read from .csv files
configure:16238: result: no
configure:16369: checking for doxygen
configure:16387: found /usr/bin/doxygen
configure:16399: result: /usr/bin/doxygen
configure:16475: checking for perl
configure:16493: found /usr/bin/perl
configure:16505: result: /usr/bin/perl
configure:16648: checking for dot
configure:16666: found /usr/bin/dot
configure:16678: result: /usr/bin/dot
configure:18312: checking that generated files are newer than configure
configure:18318: result: done
configure:18461: creating ./config.status

## ---------------------- ##
## Running config.status. ##
## ---------------------- ##

This file was extended by libgeotiff config.status 1.4.2, which was
generated by GNU Autoconf 2.69.  Invocation command line was

  CONFIG_FILES    = 
  CONFIG_HEADERS  = 
  CONFIG_LINKS    = 
  CONFIG_COMMANDS = 
  $ ./config.status 

on mj10777-01-l

config.status:1233: creating Makefile
config.status:1233: creating libxtiff/Makefile
config.status:1233: creating bin/Makefile
config.status:1233: creating man/Makefile
config.status:1233: creating man/man1/Makefile
config.status:1233: creating cmake/Makefile
config.status:1233: creating geo_config.h
config.status:1414: geo_config.h is unchanged
config.status:1462: executing depfiles commands
config.status:1462: executing libtool commands

## ---------------- ##
## Cache variables. ##
## ---------------- ##

ac_cv_build=x86_64-unknown-linux-gnu
ac_cv_c_compiler_gnu=yes
ac_cv_cxx_compiler_gnu=yes
ac_cv_env_CCC_set=
ac_cv_env_CCC_value=
ac_cv_env_CC_set=
ac_cv_env_CC_value=
ac_cv_env_CFLAGS_set=
ac_cv_env_CFLAGS_value=
ac_cv_env_CPPFLAGS_set=
ac_cv_env_CPPFLAGS_value=
ac_cv_env_CPP_set=
ac_cv_env_CPP_value=
ac_cv_env_CXXCPP_set=
ac_cv_env_CXXCPP_value=
ac_cv_env_CXXFLAGS_set=
ac_cv_env_CXXFLAGS_value=
ac_cv_env_CXX_set=
ac_cv_env_CXX_value=
ac_cv_env_DOXYGEN_PAPER_SIZE_set=
ac_cv_env_DOXYGEN_PAPER_SIZE_value=
ac_cv_env_LDFLAGS_set=
ac_cv_env_LDFLAGS_value=
ac_cv_env_LIBS_set=
ac_cv_env_LIBS_value=
ac_cv_env_build_alias_set=
ac_cv_env_build_alias_value=
ac_cv_env_host_alias_set=
ac_cv_env_host_alias_value=
ac_cv_env_target_alias_set=
ac_cv_env_target_alias_value=
ac_cv_header_dlfcn_h=yes
ac_cv_header_inttypes_h=yes
ac_cv_header_locale_h=yes
ac_cv_header_memory_h=yes
ac_cv_header_proj_api_h=yes
ac_cv_header_stdc=yes
ac_cv_header_stdint_h=yes
ac_cv_header_stdio_h=yes
ac_cv_header_stdlib_h=yes
ac_cv_header_string_h=yes
ac_cv_header_strings_h=yes
ac_cv_header_sys_stat_h=yes
ac_cv_header_sys_types_h=yes
ac_cv_header_unistd_h=yes
ac_cv_host=x86_64-unknown-linux-gnu
ac_cv_lib_m_exp=yes
ac_cv_lib_proj_pj_init=yes
ac_cv_lib_tiff_TIFFMergeFieldInfo=yes
ac_cv_lib_tiff_TIFFOpen=yes
ac_cv_objext=o
ac_cv_path_EGREP='/bin/grep -E'
ac_cv_path_FGREP='/bin/grep -F'
ac_cv_path_GREP=/bin/grep
ac_cv_path_SED=/bin/sed
ac_cv_path_ac_pt_DX_DOT=/usr/bin/dot
ac_cv_path_ac_pt_DX_DOXYGEN=/usr/bin/doxygen
ac_cv_path_ac_pt_DX_PERL=/usr/bin/perl
ac_cv_path_install='/usr/bin/install -c'
ac_cv_path_mkdir=/bin/mkdir
ac_cv_prog_AWK=gawk
ac_cv_prog_CPP='gcc -E'
ac_cv_prog_CXXCPP='g++ -E'
ac_cv_prog_ac_ct_AR=ar
ac_cv_prog_ac_ct_CC=gcc
ac_cv_prog_ac_ct_CXX=g++
ac_cv_prog_ac_ct_MANIFEST_TOOL=mt
ac_cv_prog_ac_ct_OBJDUMP=objdump
ac_cv_prog_ac_ct_RANLIB=ranlib
ac_cv_prog_ac_ct_STRIP=strip
ac_cv_prog_cc_c89=
ac_cv_prog_cc_g=yes
ac_cv_prog_cxx_g=yes
ac_cv_prog_make_make_set=yes
am_cv_CC_dependencies_compiler_type=gcc3
am_cv_CXX_dependencies_compiler_type=gcc3
am_cv_make_support_nested_variables=yes
am_cv_prog_cc_c_o=yes
lt_cv_ar_at_file=@
lt_cv_archive_cmds_need_lc=no
lt_cv_deplibs_check_method=pass_all
lt_cv_file_magic_cmd='$MAGIC_CMD'
lt_cv_file_magic_test_file=
lt_cv_ld_reload_flag=-r
lt_cv_nm_interface='BSD nm'
lt_cv_objdir=.libs
lt_cv_path_LD=/usr/bin/ld
lt_cv_path_LDCXX='/usr/bin/ld -m elf_x86_64'
lt_cv_path_NM='/usr/bin/nm -B'
lt_cv_path_mainfest_tool=no
lt_cv_prog_compiler_c_o=yes
lt_cv_prog_compiler_c_o_CXX=yes
lt_cv_prog_compiler_pic='-fPIC -DPIC'
lt_cv_prog_compiler_pic_CXX='-fPIC -DPIC'
lt_cv_prog_compiler_pic_works=yes
lt_cv_prog_compiler_pic_works_CXX=yes
lt_cv_prog_compiler_rtti_exceptions=no
lt_cv_prog_compiler_static_works=yes
lt_cv_prog_compiler_static_works_CXX=yes
lt_cv_prog_gnu_ld=yes
lt_cv_prog_gnu_ldcxx=yes
lt_cv_sharedlib_from_linklib_cmd='printf %s\n'
lt_cv_shlibpath_overrides_runpath=no
lt_cv_sys_global_symbol_pipe='sed -n -e '\''s/^.*[	 ]\([ABCDGIRSTW][ABCDGIRSTW]*\)[	 ][	 ]*\([_A-Za-z][_A-Za-z0-9]*\)$/\1 \2 \2/p'\'' | sed '\''/ __gnu_lto/d'\'''
lt_cv_sys_global_symbol_to_c_name_address='sed -n -e '\''s/^: \([^ ]*\)[ ]*$/  {\"\1\", (void *) 0},/p'\'' -e '\''s/^[ABCDGIRSTW]* \([^ ]*\) \([^ ]*\)$/  {"\2", (void *) \&\2},/p'\'''
lt_cv_sys_global_symbol_to_c_name_address_lib_prefix='sed -n -e '\''s/^: \([^ ]*\)[ ]*$/  {\"\1\", (void *) 0},/p'\'' -e '\''s/^[ABCDGIRSTW]* \([^ ]*\) \(lib[^ ]*\)$/  {"\2", (void *) \&\2},/p'\'' -e '\''s/^[ABCDGIRSTW]* \([^ ]*\) \([^ ]*\)$/  {"lib\2", (void *) \&\2},/p'\'''
lt_cv_sys_global_symbol_to_cdecl='sed -n -e '\''s/^T .* \(.*\)$/extern int \1();/p'\'' -e '\''s/^[ABCDGIRSTW]* .* \(.*\)$/extern char \1;/p'\'''
lt_cv_sys_max_cmd_len=1572864
lt_cv_to_host_file_cmd=func_convert_file_noop
lt_cv_to_tool_file_cmd=func_convert_file_noop

## ----------------- ##
## Output variables. ##
## ----------------- ##

ACLOCAL='${SHELL} /home/mj10777/000_links/geopaparazzi/geopaparazzi.eu/libjsqlite-spatialite-android/libjsqlite-spatialite-android/spatialite-android-library/jni/libgeotiff-1.4.2/missing aclocal-1.14'
AMDEPBACKSLASH='\'
AMDEP_FALSE='#'
AMDEP_TRUE=''
AMTAR='$${TAR-tar}'
AM_BACKSLASH='\'
AM_DEFAULT_V='$(AM_DEFAULT_VERBOSITY)'
AM_DEFAULT_VERBOSITY='1'
AM_V='$(V)'
AR='ar'
AUTOCONF='${SHELL} /home/mj10777/000_links/geopaparazzi/geopaparazzi.eu/libjsqlite-spatialite-android/libjsqlite-spatialite-android/spatialite-android-library/jni/libgeotiff-1.4.2/missing autoconf'
AUTOHEADER='${SHELL} /home/mj10777/000_links/geopaparazzi/geopaparazzi.eu/libjsqlite-spatialite-android/libjsqlite-spatialite-android/spatialite-android-library/jni/libgeotiff-1.4.2/missing autoheader'
AUTOMAKE='${SHELL} /home/mj10777/000_links/geopaparazzi/geopaparazzi.eu/libjsqlite-spatialite-android/libjsqlite-spatialite-android/spatialite-android-library/jni/libgeotiff-1.4.2/missing automake-1.14'
AWK='gawk'
CC='gcc'
CCDEPMODE='depmode=gcc3'
CFLAGS='-g -O2 -O3 -DNDEBUG'
CPP='gcc -E'
CPPFLAGS=''
CSV_IS_CONFIG_FALSE=''
CSV_IS_CONFIG_TRUE='#'
CXX='g++'
CXXCPP='g++ -E'
CXXDEPMODE='depmode=gcc3'
CXXFLAGS='-g -O2 -O3 -DNDEBUG'
CYGPATH_W='echo'
DEFS='-DHAVE_CONFIG_H'
DEPDIR='.deps'
DLLTOOL='false'
DOXYGEN_PAPER_SIZE=''
DSYMUTIL=''
DUMPBIN=''
DX_COND_chi_FALSE=''
DX_COND_chi_TRUE='#'
DX_COND_chm_FALSE=''
DX_COND_chm_TRUE='#'
DX_COND_doc_FALSE='#'
DX_COND_doc_TRUE=''
DX_COND_dot_FALSE='#'
DX_COND_dot_TRUE=''
DX_COND_html_FALSE='#'
DX_COND_html_TRUE=''
DX_COND_latex_FALSE=''
DX_COND_latex_TRUE='#'
DX_COND_man_FALSE='#'
DX_COND_man_TRUE=''
DX_COND_pdf_FALSE=''
DX_COND_pdf_TRUE='#'
DX_COND_ps_FALSE=''
DX_COND_ps_TRUE='#'
DX_COND_rtf_FALSE=''
DX_COND_rtf_TRUE='#'
DX_COND_xml_FALSE=''
DX_COND_xml_TRUE='#'
DX_CONFIG='docs/Doxyfile'
DX_DOCDIR='docs/output'
DX_DOT='/usr/bin/dot'
DX_DOXYGEN='/usr/bin/doxygen'
DX_DVIPS=''
DX_EGREP=''
DX_ENV=' SRCDIR='\''.'\'' PROJECT='\''libgeotiff'\'' DOCDIR='\''docs/output'\'' VERSION='\''1.4.2'\'' PERL_PATH='\''/usr/bin/perl'\'' HAVE_DOT='\''YES'\'' DOT_PATH='\''/usr/bin'\'' GENERATE_MAN='\''YES'\'' GENERATE_RTF='\''NO'\'' GENERATE_XML='\''NO'\'' GENERATE_HTMLHELP='\''NO'\'' GENERATE_CHI='\''NO'\'' GENERATE_HTML='\''YES'\'' GENERATE_LATEX='\''NO'\'''
DX_FLAG_DX_CURRENT_FEATURE=''
DX_FLAG_chi='0'
DX_FLAG_chm='0'
DX_FLAG_doc='1'
DX_FLAG_dot='1'
DX_FLAG_html='1'
DX_FLAG_man='1'
DX_FLAG_pdf='0'
DX_FLAG_ps='0'
DX_FLAG_rtf='0'
DX_FLAG_xml='0'
DX_HHC=''
DX_LATEX=''
DX_MAKEINDEX=''
DX_PDFLATEX=''
DX_PERL='/usr/bin/perl'
DX_PROJECT='libgeotiff'
ECHO_C=''
ECHO_N='-n'
ECHO_T=''
EGREP='/bin/grep -E'
EXEEXT=''
FGREP='/bin/grep -F'
GREP='/bin/grep'
HAVE_LIBPROJ=''
INSTALL_DATA='${INSTALL} -m 644'
INSTALL_PROGRAM='${INSTALL}'
INSTALL_SCRIPT='${INSTALL}'
INSTALL_STRIP_PROGRAM='$(install_sh) -c -s'
JPEG_INC=''
JPEG_IS_CONFIG_FALSE=''
JPEG_IS_CONFIG_TRUE='#'
JPEG_PREFIX=''
LD='/usr/bin/ld -m elf_x86_64'
LDFLAGS=''
LIBOBJS=''
LIBS='-lproj -lm   -ltiff'
LIBTOOL='$(SHELL) $(top_builddir)/libtool'
LIPO=''
LN_S='ln -s'
LTLIBOBJS=''
MAINT='#'
MAINTAINER_MODE_FALSE=''
MAINTAINER_MODE_TRUE='#'
MAKEINFO='${SHELL} /home/mj10777/000_links/geopaparazzi/geopaparazzi.eu/libjsqlite-spatialite-android/libjsqlite-spatialite-android/spatialite-android-library/jni/libgeotiff-1.4.2/missing makeinfo'
MANIFEST_TOOL=':'
MKDIR_P='/bin/mkdir -p'
NM='/usr/bin/nm -B'
NMEDIT=''
OBJDUMP='objdump'
OBJEXT='o'
OTOOL64=''
OTOOL=''
PACKAGE='libgeotiff'
PACKAGE_BUGREPORT='warmerdam@pobox.com'
PACKAGE_NAME='libgeotiff'
PACKAGE_STRING='libgeotiff 1.4.2'
PACKAGE_TARNAME='libgeotiff'
PACKAGE_URL=''
PACKAGE_VERSION='1.4.2'
PATH_SEPARATOR=':'
PROJECTS_H_IS_CONFIG_FALSE='#'
PROJECTS_H_IS_CONFIG_TRUE=''
PROJ_INC=''
PROJ_IS_CONFIG_FALSE='#'
PROJ_IS_CONFIG_TRUE=''
RANLIB='ranlib'
RELEASE_VERSION='1.4.2'
SED='/bin/sed'
SET_MAKE=''
SHELL='/bin/bash'
STRIP='strip'
TIFF_INC=''
TIFF_IS_CONFIG_FALSE='#'
TIFF_IS_CONFIG_TRUE=''
TIFF_PREFIX=''
VERSION='1.4.2'
ZIP_INC=''
ZIP_IS_CONFIG_FALSE=''
ZIP_IS_CONFIG_TRUE='#'
ZIP_PREFIX=''
ac_ct_AR='ar'
ac_ct_CC='gcc'
ac_ct_CXX='g++'
ac_ct_DUMPBIN=''
am__EXEEXT_FALSE=''
am__EXEEXT_TRUE='#'
am__fastdepCC_FALSE='#'
am__fastdepCC_TRUE=''
am__fastdepCXX_FALSE='#'
am__fastdepCXX_TRUE=''
am__include='include'
am__isrc=''
am__leading_dot='.'
am__nodep='_no'
am__quote=''
am__tar='$${TAR-tar} chof - "$$tardir"'
am__untar='$${TAR-tar} xf -'
bindir='${exec_prefix}/bin'
build='x86_64-unknown-linux-gnu'
build_alias=''
build_cpu='x86_64'
build_os='linux-gnu'
build_vendor='unknown'
datadir='${datarootdir}'
datarootdir='${prefix}/share'
docdir='${datarootdir}/doc/${PACKAGE_TARNAME}'
dvidir='${docdir}'
exec_prefix='${prefix}'
host='x86_64-unknown-linux-gnu'
host_alias=''
host_cpu='x86_64'
host_os='linux-gnu'
host_vendor='unknown'
htmldir='${docdir}'
includedir='${prefix}/include'
infodir='${datarootdir}/info'
install_sh='${SHELL} /home/mj10777/000_links/geopaparazzi/geopaparazzi.eu/libjsqlite-spatialite-android/libjsqlite-spatialite-android/spatialite-android-library/jni/libgeotiff-1.4.2/install-sh'
libdir='${exec_prefix}/lib'
libexecdir='${exec_prefix}/libexec'
localedir='${datarootdir}/locale'
localstatedir='${prefix}/var'
mandir='${datarootdir}/man'
mkdir_p='$(MKDIR_P)'
oldincludedir='/usr/include'
pdfdir='${docdir}'
prefix='/usr/local'
program_transform_name='s,x,x,'
psdir='${docdir}'
sbindir='${exec_prefix}/sbin'
sharedstatedir='${prefix}/com'
sysconfdir='${prefix}/etc'
target_alias=''

## ----------- ##
## confdefs.h. ##
## ----------- ##

/* confdefs.h */
#define PACKAGE_NAME "libgeotiff"
#define PACKAGE_TARNAME "libgeotiff"
#define PACKAGE_VERSION "1.4.2"
#define PACKAGE_STRING "libgeotiff 1.4.2"
#define PACKAGE_BUGREPORT "warmerdam@pobox.com"
#define PACKAGE_URL ""
#define PACKAGE "libgeotiff"
#define VERSION "1.4.2"
#define STDC_HEADERS 1
#define HAVE_SYS_TYPES_H 1
#define HAVE_SYS_STAT_H 1
#define HAVE_STDLIB_H 1
#define HAVE_STRING_H 1
#define HAVE_MEMORY_H 1
#define HAVE_STRINGS_H 1
#define HAVE_INTTYPES_H 1
#define HAVE_STDINT_H 1
#define HAVE_UNISTD_H 1
#define HAVE_DLFCN_H 1
#define LT_OBJDIR ".libs/"
#define HAVE_STRING_H 1
#define HAVE_STDIO_H 1
#define HAVE_STDLIB_H 1
#define HAVE_LOCALE_H 1
#define HAVE_LIBM 1
#define HAVE_LIBPROJ 1
#define HAVE_PROJ_API_H 1

configure: exit 0
