This file contains any messages produced by compilers while
running configure, to aid debugging if configure makes a mistake.

It was created by PROJ.4 Projections configure 4.8.0, which was
generated by GNU Autoconf 2.68.  Invocation command line was

  $ ./configure --build=x86_64-pc-linux-gnu --host=arm-linux-eabi

## --------- ##
## Platform. ##
## --------- ##

hostname = mj10777-01-l
uname -m = x86_64
uname -r = 3.2.0-56-generic
uname -s = Linux
uname -v = #86-Ubuntu SMP Wed Oct 23 09:20:45 UTC 2013

/usr/bin/uname -p = unknown
/bin/uname -X     = unknown

/bin/arch              = unknown
/usr/bin/arch -k       = unknown
/usr/convex/getsysinfo = unknown
/usr/bin/hostinfo      = unknown
/bin/machine           = unknown
/usr/bin/oslevel       = unknown
/bin/universe          = unknown

PATH: /usr/local/pgsql/bin
PATH: /usr/local/pgsql/bin
PATH: /home/mj10777/bin
PATH: /usr/local/pgsql/bin
PATH: /usr/lib/lightdm/lightdm
PATH: /usr/local/sbin
PATH: /usr/local/bin
PATH: /usr/sbin
PATH: /usr/bin
PATH: /sbin
PATH: /bin
PATH: /usr/games
PATH: /home/mj10777/000_links/gnu_source/qt_dev/Qt5.1.0/5.1.0/gcc_64/bin
PATH: /home/mj10777/000_links/gnu_source/adt-bundle-linux/sdk
PATH: /home/mj10777/000_links/gnu_source/adt-bundle-linux/sdk/tools/home/mj10777/gnu_source/adt-bundle-linux/sdk/platform-tools
PATH: /home/mj10777/gnu_source/adt-bundle-linux/sdk/tools
PATH: /home/mj10777/gnu_source/adt-bundle-linux/android-ndk-r8e


## ----------- ##
## Core tests. ##
## ----------- ##

configure:2241: checking for a BSD-compatible install
configure:2309: result: /usr/bin/install -c
configure:2320: checking whether build environment is sane
configure:2370: result: yes
configure:2419: checking for arm-linux-eabi-strip
configure:2449: result: no
configure:2459: checking for strip
configure:2475: found /usr/bin/strip
configure:2486: result: strip
configure:2498: WARNING: using cross tools not prefixed with host triplet
configure:2511: checking for a thread-safe mkdir -p
configure:2550: result: /bin/mkdir -p
configure:2563: checking for gawk
configure:2579: found /usr/bin/gawk
configure:2590: result: gawk
configure:2601: checking whether make sets $(MAKE)
configure:2623: result: yes
configure:2704: checking whether to enable maintainer-specific portions of Makefiles
configure:2713: result: no
configure:2737: checking for arm-linux-eabi-gcc
configure:2767: result: no
configure:2777: checking for gcc
configure:2793: found /usr/bin/gcc
configure:2804: result: gcc
configure:3033: checking for C compiler version
configure:3042: gcc --version >&5
gcc (Ubuntu 4.8.1-2ubuntu1~12.04) 4.8.1
Copyright (C) 2013 Free Software Foundation, Inc.
This is free software; see the source for copying conditions.  There is NO
warranty; not even for MERCHANTABILITY or FITNESS FOR A PARTICULAR PURPOSE.

configure:3053: $? = 0
configure:3042: gcc -v >&5
Using built-in specs.
COLLECT_GCC=gcc
COLLECT_LTO_WRAPPER=/usr/lib/gcc/x86_64-linux-gnu/4.8/lto-wrapper
Target: x86_64-linux-gnu
Configured with: ../src/configure -v --with-pkgversion='Ubuntu 4.8.1-2ubuntu1~12.04' --with-bugurl=file:///usr/share/doc/gcc-4.8/README.Bugs --enable-languages=c,c++,java,go,d,fortran,objc,obj-c++ --prefix=/usr --program-suffix=-4.8 --enable-shared --enable-linker-build-id --libexecdir=/usr/lib --without-included-gettext --enable-threads=posix --with-gxx-include-dir=/usr/include/c++/4.8 --libdir=/usr/lib --enable-nls --with-sysroot=/ --enable-clocale=gnu --enable-libstdcxx-debug --enable-libstdcxx-time=yes --enable-gnu-unique-object --enable-plugin --with-system-zlib --disable-browser-plugin --enable-java-awt=gtk --enable-gtk-cairo --with-java-home=/usr/lib/jvm/java-1.5.0-gcj-4.8-amd64/jre --enable-java-home --with-jvm-root-dir=/usr/lib/jvm/java-1.5.0-gcj-4.8-amd64 --with-jvm-jar-dir=/usr/lib/jvm-exports/java-1.5.0-gcj-4.8-amd64 --with-arch-directory=amd64 --with-ecj-jar=/usr/share/java/eclipse-ecj.jar --enable-objc-gc --enable-multiarch --disable-werror --with-arch-32=i686 --with-abi=m64 --with-multilib-list=m32,m64 --with-tune=generic --enable-checking=release --build=x86_64-linux-gnu --host=x86_64-linux-gnu --target=x86_64-linux-gnu
Thread model: posix
gcc version 4.8.1 (Ubuntu 4.8.1-2ubuntu1~12.04) 
configure:3053: $? = 0
configure:3042: gcc -V >&5
gcc: error: unrecognized command line option '-V'
gcc: fatal error: no input files
compilation terminated.
configure:3053: $? = 4
configure:3042: gcc -qversion >&5
gcc: error: unrecognized command line option '-qversion'
gcc: fatal error: no input files
compilation terminated.
configure:3053: $? = 4
configure:3073: checking whether the C compiler works
configure:3095: gcc    conftest.c  >&5
configure:3099: $? = 0
configure:3147: result: yes
configure:3150: checking for C compiler default output file name
configure:3152: result: a.out
configure:3158: checking for suffix of executables
configure:3165: gcc -o conftest    conftest.c  >&5
configure:3169: $? = 0
configure:3191: result: 
configure:3213: checking whether we are cross compiling
configure:3251: result: yes
configure:3256: checking for suffix of object files
configure:3278: gcc -c   conftest.c >&5
configure:3282: $? = 0
configure:3303: result: o
configure:3307: checking whether we are using the GNU C compiler
configure:3326: gcc -c   conftest.c >&5
configure:3326: $? = 0
configure:3335: result: yes
configure:3344: checking whether gcc accepts -g
configure:3364: gcc -c -g  conftest.c >&5
configure:3364: $? = 0
configure:3405: result: yes
configure:3422: checking for gcc option to accept ISO C89
configure:3486: gcc  -c -g -O2  conftest.c >&5
configure:3486: $? = 0
configure:3499: result: none needed
configure:3530: checking for style of include used by make
configure:3558: result: GNU
configure:3583: checking dependency style of gcc
configure:3693: result: gcc3
configure:3709: checking whether ln -s works
configure:3713: result: yes
configure:3720: checking whether make sets $(MAKE)
configure:3742: result: yes
configure:3780: checking build system type
configure:3794: result: x86_64-pc-linux-gnu
configure:3814: checking host system type
configure:3827: result: arm-linux-eabi
configure:3868: checking how to print strings
configure:3895: result: printf
configure:3916: checking for a sed that does not truncate output
configure:3980: result: /bin/sed
configure:3998: checking for grep that handles long lines and -e
configure:4056: result: /bin/grep
configure:4061: checking for egrep
configure:4123: result: /bin/grep -E
configure:4128: checking for fgrep
configure:4190: result: /bin/grep -F
configure:4225: checking for ld used by gcc
configure:4292: result: /usr/bin/ld
configure:4299: checking if the linker (/usr/bin/ld) is GNU ld
configure:4314: result: yes
configure:4326: checking for BSD- or MS-compatible name lister (nm)
configure:4375: result: no
configure:4389: checking for arm-linux-eabi-dumpbin
configure:4419: result: no
configure:4389: checking for arm-linux-eabi-link
configure:4419: result: no
configure:4433: checking for dumpbin
configure:4463: result: no
configure:4433: checking for link
configure:4449: found /usr/bin/link
configure:4460: result: link -dump
configure:4505: checking the name lister (nm) interface
configure:4512: gcc -c -g -O2  conftest.c >&5
configure:4515: nm "conftest.o"
configure:4518: output
0000000000000000 B some_variable
configure:4525: result: BSD nm
configure:4529: checking the maximum length of command line arguments
configure:4654: result: 1572864
configure:4671: checking whether the shell understands some XSI constructs
configure:4681: result: yes
configure:4685: checking whether the shell understands "+="
configure:4691: result: yes
configure:4726: checking how to convert x86_64-pc-linux-gnu file names to arm-linux-eabi format
configure:4766: result: func_convert_file_noop
configure:4773: checking how to convert x86_64-pc-linux-gnu file names to toolchain format
configure:4793: result: func_convert_file_noop
configure:4800: checking for /usr/bin/ld option to reload object files
configure:4807: result: -r
configure:4841: checking for arm-linux-eabi-objdump
configure:4871: result: no
configure:4881: checking for objdump
configure:4897: found /usr/bin/objdump
configure:4908: result: objdump
configure:4940: checking how to recognize dependent libraries
configure:5142: result: unknown
configure:5187: checking for arm-linux-eabi-dlltool
configure:5217: result: no
configure:5227: checking for dlltool
configure:5257: result: no
configure:5287: checking how to associate runtime and link libraries
configure:5314: result: printf %s\n
configure:5331: checking for arm-linux-eabi-ar
configure:5361: result: no
configure:5375: checking for ar
configure:5391: found /usr/bin/ar
configure:5402: result: ar
configure:5439: checking for archiver @FILE support
configure:5456: gcc -c -g -O2  conftest.c >&5
configure:5456: $? = 0
configure:5459: ar cru libconftest.a @conftest.lst >&5
configure:5462: $? = 0
configure:5467: ar cru libconftest.a @conftest.lst >&5
ar: conftest.o: No such file or directory
configure:5470: $? = 1
configure:5482: result: @
configure:5500: checking for arm-linux-eabi-strip
configure:5527: result: strip
configure:5599: checking for arm-linux-eabi-ranlib
configure:5629: result: no
configure:5639: checking for ranlib
configure:5655: found /usr/bin/ranlib
configure:5666: result: ranlib
configure:5768: checking command to parse nm output from gcc object
configure:5887: gcc -c -g -O2  conftest.c >&5
configure:5890: $? = 0
configure:5894: nm conftest.o \| sed -n -e 's/^.*[ ]\([ABCDGIRSTW][ABCDGIRSTW]*\)[ ][ ]*\([_A-Za-z][_A-Za-z0-9]*\)$/\1 \2 \2/p' | sed '/ __gnu_lto/d' \> conftest.nm
configure:5897: $? = 0
configure:5963: gcc -o conftest -g -O2   conftest.c conftstm.o >&5
configure:5966: $? = 0
configure:6004: result: ok
configure:6041: checking for sysroot
configure:6071: result: no
configure:6274: checking for arm-linux-eabi-mt
configure:6304: result: no
configure:6314: checking for mt
configure:6330: found /bin/mt
configure:6341: result: mt
configure:6364: checking if mt is a manifest tool
configure:6370: mt '-?'
configure:6378: result: no
configure:7010: checking how to run the C preprocessor
configure:7041: gcc -E  conftest.c
configure:7041: $? = 0
configure:7055: gcc -E  conftest.c
conftest.c:11:28: fatal error: ac_nonexistent.h: No such file or directory
 #include <ac_nonexistent.h>
                            ^
compilation terminated.
configure:7055: $? = 1
configure: failed program was:
| /* confdefs.h */
| #define PACKAGE_NAME "PROJ.4 Projections"
| #define PACKAGE_TARNAME "proj"
| #define PACKAGE_VERSION "4.8.0"
| #define PACKAGE_STRING "PROJ.4 Projections 4.8.0"
| #define PACKAGE_BUGREPORT "warmerdam@pobox.com"
| #define PACKAGE_URL ""
| #define PACKAGE "proj"
| #define VERSION "4.8.0"
| /* end confdefs.h.  */
| #include <ac_nonexistent.h>
configure:7080: result: gcc -E
configure:7100: gcc -E  conftest.c
configure:7100: $? = 0
configure:7114: gcc -E  conftest.c
conftest.c:11:28: fatal error: ac_nonexistent.h: No such file or directory
 #include <ac_nonexistent.h>
                            ^
compilation terminated.
configure:7114: $? = 1
configure: failed program was:
| /* confdefs.h */
| #define PACKAGE_NAME "PROJ.4 Projections"
| #define PACKAGE_TARNAME "proj"
| #define PACKAGE_VERSION "4.8.0"
| #define PACKAGE_STRING "PROJ.4 Projections 4.8.0"
| #define PACKAGE_BUGREPORT "warmerdam@pobox.com"
| #define PACKAGE_URL ""
| #define PACKAGE "proj"
| #define VERSION "4.8.0"
| /* end confdefs.h.  */
| #include <ac_nonexistent.h>
configure:7143: checking for ANSI C header files
configure:7163: gcc -c -g -O2  conftest.c >&5
configure:7163: $? = 0
configure:7247: result: yes
configure:7260: checking for sys/types.h
configure:7260: gcc -c -g -O2  conftest.c >&5
configure:7260: $? = 0
configure:7260: result: yes
configure:7260: checking for sys/stat.h
configure:7260: gcc -c -g -O2  conftest.c >&5
configure:7260: $? = 0
configure:7260: result: yes
configure:7260: checking for stdlib.h
configure:7260: gcc -c -g -O2  conftest.c >&5
configure:7260: $? = 0
configure:7260: result: yes
configure:7260: checking for string.h
configure:7260: gcc -c -g -O2  conftest.c >&5
configure:7260: $? = 0
configure:7260: result: yes
configure:7260: checking for memory.h
configure:7260: gcc -c -g -O2  conftest.c >&5
configure:7260: $? = 0
configure:7260: result: yes
configure:7260: checking for strings.h
configure:7260: gcc -c -g -O2  conftest.c >&5
configure:7260: $? = 0
configure:7260: result: yes
configure:7260: checking for inttypes.h
configure:7260: gcc -c -g -O2  conftest.c >&5
configure:7260: $? = 0
configure:7260: result: yes
configure:7260: checking for stdint.h
configure:7260: gcc -c -g -O2  conftest.c >&5
configure:7260: $? = 0
configure:7260: result: yes
configure:7260: checking for unistd.h
configure:7260: gcc -c -g -O2  conftest.c >&5
configure:7260: $? = 0
configure:7260: result: yes
configure:7274: checking for dlfcn.h
configure:7274: gcc -c -g -O2  conftest.c >&5
configure:7274: $? = 0
configure:7274: result: yes
configure:7461: checking for objdir
configure:7476: result: .libs
configure:7743: checking if gcc supports -fno-rtti -fno-exceptions
configure:7761: gcc -c -g -O2  -fno-rtti -fno-exceptions conftest.c >&5
cc1: warning: command line option '-fno-rtti' is valid for C++/ObjC++ but not for C [enabled by default]
configure:7765: $? = 0
configure:7778: result: no
configure:8088: checking for gcc option to produce PIC
configure:8095: result: -fPIC -DPIC
configure:8103: checking if gcc PIC flag -fPIC -DPIC works
configure:8121: gcc -c -g -O2  -fPIC -DPIC -DPIC conftest.c >&5
configure:8125: $? = 0
configure:8138: result: yes
configure:8167: checking if gcc static flag -static works
configure:8195: result: yes
configure:8210: checking if gcc supports -c -o file.o
configure:8231: gcc -c -g -O2  -o out/conftest2.o conftest.c >&5
configure:8235: $? = 0
configure:8257: result: yes
configure:8265: checking if gcc supports -c -o file.o
configure:8312: result: yes
configure:8345: checking whether the gcc linker (/usr/bin/ld) supports shared libraries
configure:9503: result: yes
configure:9540: checking whether -lc should be explicitly linked in
configure:9548: gcc -c -g -O2  conftest.c >&5
configure:9551: $? = 0
configure:9566: gcc -shared  -fPIC -DPIC conftest.o  -v -Wl,-soname -Wl,conftest -o conftest 2\>\&1 \| /bin/grep  -lc  \>/dev/null 2\>\&1
configure:9569: $? = 0
configure:9583: result: no
configure:9748: checking dynamic linker characteristics
configure:10484: result: no
configure:10591: checking how to hardcode library paths into programs
configure:10616: result: immediate
configure:11156: checking whether stripping libraries is possible
configure:11161: result: yes
configure:11196: checking if libtool supports shared libraries
configure:11198: result: no
configure:11201: checking whether to build shared libraries
configure:11222: result: no
configure:11225: checking whether to build static libraries
configure:11229: result: yes
configure:11265: checking for exp in -lm
configure:11290: gcc -o conftest -g -O2   conftest.c -lm   >&5
conftest.c:30:6: warning: conflicting types for built-in function 'exp' [enabled by default]
 char exp ();
      ^
configure:11290: $? = 0
configure:11299: result: yes
configure:11311: checking for ANSI C header files
configure:11415: result: yes
configure:11468: checking jni.h usability
configure:11468: gcc -c -g -O2  conftest.c >&5
conftest.c:58:17: fatal error: jni.h: No such file or directory
 #include <jni.h>
                 ^
compilation terminated.
configure:11468: $? = 1
configure: failed program was:
| /* confdefs.h */
| #define PACKAGE_NAME "PROJ.4 Projections"
| #define PACKAGE_TARNAME "proj"
| #define PACKAGE_VERSION "4.8.0"
| #define PACKAGE_STRING "PROJ.4 Projections 4.8.0"
| #define PACKAGE_BUGREPORT "warmerdam@pobox.com"
| #define PACKAGE_URL ""
| #define PACKAGE "proj"
| #define VERSION "4.8.0"
| #define STDC_HEADERS 1
| #define HAVE_SYS_TYPES_H 1
| #define HAVE_SYS_STAT_H 1
| #define HAVE_STDLIB_H 1
| #define HAVE_STRING_H 1
| #define HAVE_MEMORY_H 1
| #define HAVE_STRINGS_H 1
| #define HAVE_INTTYPES_H 1
| #define HAVE_STDINT_H 1
| #define HAVE_UNISTD_H 1
| #define HAVE_DLFCN_H 1
| #define LT_OBJDIR ".libs/"
| #define HAVE_LIBM 1
| #define STDC_HEADERS 1
| /* end confdefs.h.  */
| #include <stdio.h>
| #ifdef HAVE_SYS_TYPES_H
| # include <sys/types.h>
| #endif
| #ifdef HAVE_SYS_STAT_H
| # include <sys/stat.h>
| #endif
| #ifdef STDC_HEADERS
| # include <stdlib.h>
| # include <stddef.h>
| #else
| # ifdef HAVE_STDLIB_H
| #  include <stdlib.h>
| # endif
| #endif
| #ifdef HAVE_STRING_H
| # if !defined STDC_HEADERS && defined HAVE_MEMORY_H
| #  include <memory.h>
| # endif
| # include <string.h>
| #endif
| #ifdef HAVE_STRINGS_H
| # include <strings.h>
| #endif
| #ifdef HAVE_INTTYPES_H
| # include <inttypes.h>
| #endif
| #ifdef HAVE_STDINT_H
| # include <stdint.h>
| #endif
| #ifdef HAVE_UNISTD_H
| # include <unistd.h>
| #endif
| #include <jni.h>
configure:11468: result: no
configure:11468: checking jni.h presence
configure:11468: gcc -E  conftest.c
conftest.c:25:17: fatal error: jni.h: No such file or directory
 #include <jni.h>
                 ^
compilation terminated.
configure:11468: $? = 1
configure: failed program was:
| /* confdefs.h */
| #define PACKAGE_NAME "PROJ.4 Projections"
| #define PACKAGE_TARNAME "proj"
| #define PACKAGE_VERSION "4.8.0"
| #define PACKAGE_STRING "PROJ.4 Projections 4.8.0"
| #define PACKAGE_BUGREPORT "warmerdam@pobox.com"
| #define PACKAGE_URL ""
| #define PACKAGE "proj"
| #define VERSION "4.8.0"
| #define STDC_HEADERS 1
| #define HAVE_SYS_TYPES_H 1
| #define HAVE_SYS_STAT_H 1
| #define HAVE_STDLIB_H 1
| #define HAVE_STRING_H 1
| #define HAVE_MEMORY_H 1
| #define HAVE_STRINGS_H 1
| #define HAVE_INTTYPES_H 1
| #define HAVE_STDINT_H 1
| #define HAVE_UNISTD_H 1
| #define HAVE_DLFCN_H 1
| #define LT_OBJDIR ".libs/"
| #define HAVE_LIBM 1
| #define STDC_HEADERS 1
| /* end confdefs.h.  */
| #include <jni.h>
configure:11468: result: no
configure:11468: checking for jni.h
configure:11468: result: no
configure:11479: checking whether to enable Java/JNI support
configure:11483: result: disabled
configure:11512: checking for mutexes
configure:11516: result: enabled, pthread
configure:11663: creating ./config.status

## ---------------------- ##
## Running config.status. ##
## ---------------------- ##

This file was extended by PROJ.4 Projections config.status 4.8.0, which was
generated by GNU Autoconf 2.68.  Invocation command line was

  CONFIG_FILES    = 
  CONFIG_HEADERS  = 
  CONFIG_LINKS    = 
  CONFIG_COMMANDS = 
  $ ./config.status 

on mj10777-01-l

config.status:1106: creating Makefile
config.status:1106: creating src/Makefile
config.status:1106: creating man/Makefile
config.status:1106: creating man/man1/Makefile
config.status:1106: creating man/man3/Makefile
config.status:1106: creating nad/Makefile
config.status:1106: creating jniwrap/Makefile
config.status:1106: creating jniwrap/org/Makefile
config.status:1106: creating jniwrap/org/proj4/Makefile
config.status:1106: creating src/proj_config.h
config.status:1335: executing depfiles commands
config.status:1335: executing libtool commands
configure:14051: creating ./config.status

## ---------------------- ##
## Running config.status. ##
## ---------------------- ##

This file was extended by PROJ.4 Projections config.status 4.8.0, which was
generated by GNU Autoconf 2.68.  Invocation command line was

  CONFIG_FILES    = 
  CONFIG_HEADERS  = 
  CONFIG_LINKS    = 
  CONFIG_COMMANDS = 
  $ ./config.status 

on mj10777-01-l

config.status:1108: creating Makefile
config.status:1108: creating src/Makefile
config.status:1108: creating man/Makefile
config.status:1108: creating man/man1/Makefile
config.status:1108: creating man/man3/Makefile
config.status:1108: creating nad/Makefile
config.status:1108: creating jniwrap/Makefile
config.status:1108: creating jniwrap/org/Makefile
config.status:1108: creating jniwrap/org/proj4/Makefile
config.status:1108: creating proj.pc
config.status:1108: creating src/proj_config.h
config.status:1289: src/proj_config.h is unchanged
config.status:1337: executing depfiles commands
config.status:1337: executing libtool commands

## ---------------- ##
## Cache variables. ##
## ---------------- ##

ac_cv_build=x86_64-pc-linux-gnu
ac_cv_c_compiler_gnu=yes
ac_cv_env_CC_set=
ac_cv_env_CC_value=
ac_cv_env_CFLAGS_set=
ac_cv_env_CFLAGS_value=
ac_cv_env_CPPFLAGS_set=
ac_cv_env_CPPFLAGS_value=
ac_cv_env_CPP_set=
ac_cv_env_CPP_value=
ac_cv_env_LDFLAGS_set=
ac_cv_env_LDFLAGS_value=
ac_cv_env_LIBS_set=
ac_cv_env_LIBS_value=
ac_cv_env_build_alias_set=set
ac_cv_env_build_alias_value=x86_64-pc-linux-gnu
ac_cv_env_host_alias_set=set
ac_cv_env_host_alias_value=arm-linux-eabi
ac_cv_env_target_alias_set=
ac_cv_env_target_alias_value=
ac_cv_header_dlfcn_h=yes
ac_cv_header_inttypes_h=yes
ac_cv_header_jni_h=no
ac_cv_header_memory_h=yes
ac_cv_header_stdc=yes
ac_cv_header_stdint_h=yes
ac_cv_header_stdlib_h=yes
ac_cv_header_string_h=yes
ac_cv_header_strings_h=yes
ac_cv_header_sys_stat_h=yes
ac_cv_header_sys_types_h=yes
ac_cv_header_unistd_h=yes
ac_cv_host=arm-linux-eabi
ac_cv_lib_m_exp=yes
ac_cv_objext=o
ac_cv_path_EGREP='/bin/grep -E'
ac_cv_path_FGREP='/bin/grep -F'
ac_cv_path_GREP=/bin/grep
ac_cv_path_SED=/bin/sed
ac_cv_path_install='/usr/bin/install -c'
ac_cv_path_mkdir=/bin/mkdir
ac_cv_prog_AWK=gawk
ac_cv_prog_CPP='gcc -E'
ac_cv_prog_STRIP=strip
ac_cv_prog_ac_ct_AR=ar
ac_cv_prog_ac_ct_CC=gcc
ac_cv_prog_ac_ct_DUMPBIN='link -dump'
ac_cv_prog_ac_ct_MANIFEST_TOOL=mt
ac_cv_prog_ac_ct_OBJDUMP=objdump
ac_cv_prog_ac_ct_RANLIB=ranlib
ac_cv_prog_ac_ct_STRIP=strip
ac_cv_prog_cc_c89=
ac_cv_prog_cc_g=yes
ac_cv_prog_make_make_set=yes
am_cv_CC_dependencies_compiler_type=gcc3
lt_cv_ar_at_file=@
lt_cv_archive_cmds_need_lc=no
lt_cv_deplibs_check_method=unknown
lt_cv_file_magic_cmd='$MAGIC_CMD'
lt_cv_file_magic_test_file=
lt_cv_ld_reload_flag=-r
lt_cv_nm_interface='BSD nm'
lt_cv_objdir=.libs
lt_cv_path_LD=/usr/bin/ld
lt_cv_path_NM=no
lt_cv_path_mainfest_tool=no
lt_cv_prog_compiler_c_o=yes
lt_cv_prog_compiler_pic='-fPIC -DPIC'
lt_cv_prog_compiler_pic_works=yes
lt_cv_prog_compiler_rtti_exceptions=no
lt_cv_prog_compiler_static_works=yes
lt_cv_prog_gnu_ld=yes
lt_cv_sharedlib_from_linklib_cmd='printf %s\n'
lt_cv_sys_global_symbol_pipe='sed -n -e '\''s/^.*[	 ]\([ABCDGIRSTW][ABCDGIRSTW]*\)[	 ][	 ]*\([_A-Za-z][_A-Za-z0-9]*\)$/\1 \2 \2/p'\'' | sed '\''/ __gnu_lto/d'\'''
lt_cv_sys_global_symbol_to_c_name_address='sed -n -e '\''s/^: \([^ ]*\)[ ]*$/  {\"\1\", (void *) 0},/p'\'' -e '\''s/^[ABCDGIRSTW]* \([^ ]*\) \([^ ]*\)$/  {"\2", (void *) \&\2},/p'\'''
lt_cv_sys_global_symbol_to_c_name_address_lib_prefix='sed -n -e '\''s/^: \([^ ]*\)[ ]*$/  {\"\1\", (void *) 0},/p'\'' -e '\''s/^[ABCDGIRSTW]* \([^ ]*\) \(lib[^ ]*\)$/  {"\2", (void *) \&\2},/p'\'' -e '\''s/^[ABCDGIRSTW]* \([^ ]*\) \([^ ]*\)$/  {"lib\2", (void *) \&\2},/p'\'''
lt_cv_sys_global_symbol_to_cdecl='sed -n -e '\''s/^T .* \(.*\)$/extern int \1();/p'\'' -e '\''s/^[ABCDGIRSTW]* .* \(.*\)$/extern char \1;/p'\'''
lt_cv_sys_max_cmd_len=1572864
lt_cv_to_host_file_cmd=func_convert_file_noop
lt_cv_to_tool_file_cmd=func_convert_file_noop

## ----------------- ##
## Output variables. ##
## ----------------- ##

ACLOCAL='${SHELL} /home/mj10777/000_links/geopaparazzi/spatialite-android/4.0.0.0.brad/bradh-spatialiteandroid/spatialite-android-library/jni/proj-4.8.0/missing --run aclocal-1.11'
AMDEPBACKSLASH='\'
AMDEP_FALSE='#'
AMDEP_TRUE=''
AMTAR='${SHELL} /home/mj10777/000_links/geopaparazzi/spatialite-android/4.0.0.0.brad/bradh-spatialiteandroid/spatialite-android-library/jni/proj-4.8.0/missing --run tar'
AR='ar'
AUTOCONF='${SHELL} /home/mj10777/000_links/geopaparazzi/spatialite-android/4.0.0.0.brad/bradh-spatialiteandroid/spatialite-android-library/jni/proj-4.8.0/missing --run autoconf'
AUTOHEADER='${SHELL} /home/mj10777/000_links/geopaparazzi/spatialite-android/4.0.0.0.brad/bradh-spatialiteandroid/spatialite-android-library/jni/proj-4.8.0/missing --run autoheader'
AUTOMAKE='${SHELL} /home/mj10777/000_links/geopaparazzi/spatialite-android/4.0.0.0.brad/bradh-spatialiteandroid/spatialite-android-library/jni/proj-4.8.0/missing --run automake-1.11'
AWK='gawk'
CC='gcc'
CCDEPMODE='depmode=gcc3'
CFLAGS='-g -O2'
CPP='gcc -E'
CPPFLAGS=''
CYGPATH_W='echo'
DEFS='-DHAVE_CONFIG_H'
DEPDIR='.deps'
DLLTOOL='false'
DSYMUTIL=''
DUMPBIN=':'
ECHO_C=''
ECHO_N='-n'
ECHO_T=''
EGREP='/bin/grep -E'
EXEEXT=''
FGREP='/bin/grep -F'
GREP='/bin/grep'
INSTALL_DATA='${INSTALL} -m 644'
INSTALL_PROGRAM='${INSTALL}'
INSTALL_SCRIPT='${INSTALL}'
INSTALL_STRIP_PROGRAM='$(install_sh) -c -s'
JNI_INCLUDE=''
LD='/usr/bin/ld'
LDFLAGS=''
LIBOBJS=''
LIBS='-lm '
LIBTOOL='$(SHELL) $(top_builddir)/libtool'
LIPO=''
LN_S='ln -s'
LTLIBOBJS=''
MAINT='#'
MAINTAINER_MODE_FALSE=''
MAINTAINER_MODE_TRUE='#'
MAKEINFO='${SHELL} /home/mj10777/000_links/geopaparazzi/spatialite-android/4.0.0.0.brad/bradh-spatialiteandroid/spatialite-android-library/jni/proj-4.8.0/missing --run makeinfo'
MANIFEST_TOOL=':'
MKDIR_P='/bin/mkdir -p'
MUTEX_SETTING='pthread'
NM='nm'
NMEDIT=''
OBJDUMP='objdump'
OBJEXT='o'
OTOOL64=''
OTOOL=''
PACKAGE='proj'
PACKAGE_BUGREPORT='warmerdam@pobox.com'
PACKAGE_NAME='PROJ.4 Projections'
PACKAGE_STRING='PROJ.4 Projections 4.8.0'
PACKAGE_TARNAME='proj'
PACKAGE_URL=''
PACKAGE_VERSION='4.8.0'
PATH_SEPARATOR=':'
RANLIB='ranlib'
SED='/bin/sed'
SET_MAKE=''
SHELL='/bin/bash'
STRIP='strip'
VERSION='4.8.0'
ac_ct_AR='ar'
ac_ct_CC='gcc'
ac_ct_DUMPBIN='link -dump'
am__EXEEXT_FALSE=''
am__EXEEXT_TRUE='#'
am__fastdepCC_FALSE='#'
am__fastdepCC_TRUE=''
am__include='include'
am__isrc=''
am__leading_dot='.'
am__quote=''
am__tar='${AMTAR} chof - "$$tardir"'
am__untar='${AMTAR} xf -'
bindir='${exec_prefix}/bin'
build='x86_64-pc-linux-gnu'
build_alias='x86_64-pc-linux-gnu'
build_cpu='x86_64'
build_os='linux-gnu'
build_vendor='pc'
datadir='${datarootdir}'
datarootdir='${prefix}/share'
docdir='${datarootdir}/doc/${PACKAGE_TARNAME}'
dvidir='${docdir}'
exec_prefix='${prefix}'
host='arm-linux-eabi'
host_alias='arm-linux-eabi'
host_cpu='arm'
host_os='eabi'
host_vendor='linux'
htmldir='${docdir}'
includedir='${prefix}/include'
infodir='${datarootdir}/info'
install_sh='${SHELL} /home/mj10777/000_links/geopaparazzi/spatialite-android/4.0.0.0.brad/bradh-spatialiteandroid/spatialite-android-library/jni/proj-4.8.0/install-sh'
libdir='${exec_prefix}/lib'
libexecdir='${exec_prefix}/libexec'
localedir='${datarootdir}/locale'
localstatedir='${prefix}/var'
mandir='${datarootdir}/man'
mkdir_p='/bin/mkdir -p'
oldincludedir='/usr/include'
pdfdir='${docdir}'
prefix='/usr/local'
program_transform_name='s,x,x,'
psdir='${docdir}'
sbindir='${exec_prefix}/sbin'
sharedstatedir='${prefix}/com'
sysconfdir='${prefix}/etc'
target_alias=''

## ----------- ##
## confdefs.h. ##
## ----------- ##

/* confdefs.h */
#define PACKAGE_NAME "PROJ.4 Projections"
#define PACKAGE_TARNAME "proj"
#define PACKAGE_VERSION "4.8.0"
#define PACKAGE_STRING "PROJ.4 Projections 4.8.0"
#define PACKAGE_BUGREPORT "warmerdam@pobox.com"
#define PACKAGE_URL ""
#define PACKAGE "proj"
#define VERSION "4.8.0"
#define STDC_HEADERS 1
#define HAVE_SYS_TYPES_H 1
#define HAVE_SYS_STAT_H 1
#define HAVE_STDLIB_H 1
#define HAVE_STRING_H 1
#define HAVE_MEMORY_H 1
#define HAVE_STRINGS_H 1
#define HAVE_INTTYPES_H 1
#define HAVE_STDINT_H 1
#define HAVE_UNISTD_H 1
#define HAVE_DLFCN_H 1
#define LT_OBJDIR ".libs/"
#define HAVE_LIBM 1
#define STDC_HEADERS 1

configure: exit 0
