This file contains any messages produced by compilers while
running configure, to aid debugging if configure makes a mistake.

It was created by giflib configure 5.1.4, which was
generated by GNU Autoconf 2.69.  Invocation command line was

  $ ./configure --build=x86_64-pc-linux-gnu --host=arm-linux-eabi

## --------- ##
## Platform. ##
## --------- ##

hostname = mj10777-01-l
uname -m = x86_64
uname -r = 3.16.0-38-generic
uname -s = Linux
uname -v = #52-Ubuntu SMP Thu May 7 10:51:21 UTC 2015

/usr/bin/uname -p = unknown
/bin/uname -X     = unknown

/bin/arch              = unknown
/usr/bin/arch -k       = unknown
/usr/convex/getsysinfo = unknown
/usr/bin/hostinfo      = unknown
/bin/machine           = unknown
/usr/bin/oslevel       = unknown
/bin/universe          = unknown

PATH: /home/mj10777/bin
PATH: /home/mj10777/000_links/apps_local/bin
PATH: /home/mj10777/000_links/apps_local/libQt592/bin
PATH: /home/mj10777/000_links/apps_local/gdal_git_master/bin
PATH: /home/mj10777/000_links/gnu_source/adt-bundle-linux/sdk
PATH: /home/mj10777/000_links/gnu_source/adt-bundle-linux/sdk/tools
PATH: /home/mj10777/000_links/gnu_source/adt-bundle-linux/sdk/platform-tools
PATH: /home/mj10777/000_links/gnu_source/adt-bundle-linux/ndk/android-ndk-r16b
PATH: /home/mj10777/000_links/gnu_source/adt-bundle-linux/apache-ant/bin
PATH: /home/mj10777/000_links/gnu_source/adt-bundle-linux/android-studio/bin
PATH: /usr/local/bin
PATH: /usr/bin
PATH: /usr/local/pgsql/bin
PATH: /home/mj10777/bin
PATH: /usr/local/pgsql/bin
PATH: /usr/local/sbin
PATH: /usr/local/bin
PATH: /usr/sbin
PATH: /usr/bin
PATH: /sbin
PATH: /bin
PATH: /usr/games
PATH: /usr/local/games
PATH: /home/mj10777/bin
PATH: /usr/local/java/jdk1.8.0_11/bin


## ----------- ##
## Core tests. ##
## ----------- ##

configure:2256: checking for a BSD-compatible install
configure:2324: result: /usr/bin/install -c
configure:2335: checking whether build environment is sane
configure:2390: result: yes
configure:2449: checking for arm-linux-eabi-strip
configure:2479: result: no
configure:2489: checking for strip
configure:2505: found /usr/bin/strip
configure:2516: result: strip
configure:2528: WARNING: using cross tools not prefixed with host triplet
configure:2541: checking for a thread-safe mkdir -p
configure:2580: result: /bin/mkdir -p
configure:2587: checking for gawk
configure:2603: found /usr/bin/gawk
configure:2614: result: gawk
configure:2625: checking whether make sets $(MAKE)
configure:2647: result: yes
configure:2676: checking whether make supports nested variables
configure:2693: result: yes
configure:2830: checking whether make supports nested variables
configure:2847: result: yes
configure:2874: checking for style of include used by make
configure:2902: result: GNU
configure:2933: checking for arm-linux-eabi-gcc
configure:2963: result: no
configure:2973: checking for gcc
configure:2989: found /usr/bin/gcc
configure:3000: result: gcc
configure:3229: checking for C compiler version
configure:3238: gcc --version >&5
gcc (Ubuntu 4.9.1-16ubuntu6) 4.9.1
Copyright (C) 2014 Free Software Foundation, Inc.
This is free software; see the source for copying conditions.  There is NO
warranty; not even for MERCHANTABILITY or FITNESS FOR A PARTICULAR PURPOSE.

configure:3249: $? = 0
configure:3238: gcc -v >&5
Using built-in specs.
COLLECT_GCC=gcc
COLLECT_LTO_WRAPPER=/usr/lib/gcc/x86_64-linux-gnu/4.9/lto-wrapper
Target: x86_64-linux-gnu
Configured with: ../src/configure -v --with-pkgversion='Ubuntu 4.9.1-16ubuntu6' --with-bugurl=file:///usr/share/doc/gcc-4.9/README.Bugs --enable-languages=c,c++,java,go,d,fortran,objc,obj-c++ --prefix=/usr --program-suffix=-4.9 --enable-shared --enable-linker-build-id --libexecdir=/usr/lib --without-included-gettext --enable-threads=posix --with-gxx-include-dir=/usr/include/c++/4.9 --libdir=/usr/lib --enable-nls --with-sysroot=/ --enable-clocale=gnu --enable-libstdcxx-debug --enable-libstdcxx-time=yes --enable-gnu-unique-object --disable-vtable-verify --enable-plugin --with-system-zlib --disable-browser-plugin --enable-java-awt=gtk --enable-gtk-cairo --with-java-home=/usr/lib/jvm/java-1.5.0-gcj-4.9-amd64/jre --enable-java-home --with-jvm-root-dir=/usr/lib/jvm/java-1.5.0-gcj-4.9-amd64 --with-jvm-jar-dir=/usr/lib/jvm-exports/java-1.5.0-gcj-4.9-amd64 --with-arch-directory=amd64 --with-ecj-jar=/usr/share/java/eclipse-ecj.jar --enable-objc-gc --enable-multiarch --disable-werror --with-arch-32=i686 --with-abi=m64 --with-multilib-list=m32,m64,mx32 --enable-multilib --with-tune=generic --enable-checking=release --build=x86_64-linux-gnu --host=x86_64-linux-gnu --target=x86_64-linux-gnu
Thread model: posix
gcc version 4.9.1 (Ubuntu 4.9.1-16ubuntu6) 
configure:3249: $? = 0
configure:3238: gcc -V >&5
gcc: error: unrecognized command line option '-V'
gcc: fatal error: no input files
compilation terminated.
configure:3249: $? = 4
configure:3238: gcc -qversion >&5
gcc: error: unrecognized command line option '-qversion'
gcc: fatal error: no input files
compilation terminated.
configure:3249: $? = 4
configure:3269: checking whether the C compiler works
configure:3291: gcc    conftest.c  >&5
configure:3295: $? = 0
configure:3343: result: yes
configure:3346: checking for C compiler default output file name
configure:3348: result: a.out
configure:3354: checking for suffix of executables
configure:3361: gcc -o conftest    conftest.c  >&5
configure:3365: $? = 0
configure:3387: result: 
configure:3409: checking whether we are cross compiling
configure:3447: result: yes
configure:3452: checking for suffix of object files
configure:3474: gcc -c   conftest.c >&5
configure:3478: $? = 0
configure:3499: result: o
configure:3503: checking whether we are using the GNU C compiler
configure:3522: gcc -c   conftest.c >&5
configure:3522: $? = 0
configure:3531: result: yes
configure:3540: checking whether gcc accepts -g
configure:3560: gcc -c -g  conftest.c >&5
configure:3560: $? = 0
configure:3601: result: yes
configure:3618: checking for gcc option to accept ISO C89
configure:3681: gcc  -c -g -O2  conftest.c >&5
configure:3681: $? = 0
configure:3694: result: none needed
configure:3719: checking whether gcc understands -c and -o together
configure:3741: gcc -c conftest.c -o conftest2.o
configure:3744: $? = 0
configure:3741: gcc -c conftest.c -o conftest2.o
configure:3744: $? = 0
configure:3756: result: yes
configure:3775: checking dependency style of gcc
configure:3886: result: gcc3
configure:3907: checking for arm-linux-eabi-ar
configure:3937: result: no
configure:3907: checking for arm-linux-eabi-lib
configure:3937: result: no
configure:3907: checking for arm-linux-eabi-link
configure:3937: result: no
configure:3951: checking for ar
configure:3967: found /usr/bin/ar
configure:3978: result: ar
configure:4004: checking the archiver (ar) interface
configure:4020: gcc -c -g -O2  conftest.c >&5
configure:4020: $? = 0
configure:4022: ar cru libconftest.a conftest.o >&5
configure:4025: $? = 0
configure:4053: result: ar
configure:4102: checking build system type
configure:4116: result: x86_64-pc-linux-gnu
configure:4136: checking host system type
configure:4149: result: arm-linux-eabi
configure:4190: checking how to print strings
configure:4217: result: printf
configure:4238: checking for a sed that does not truncate output
configure:4302: result: /bin/sed
configure:4320: checking for grep that handles long lines and -e
configure:4378: result: /bin/grep
configure:4383: checking for egrep
configure:4445: result: /bin/grep -E
configure:4450: checking for fgrep
configure:4512: result: /bin/grep -F
configure:4547: checking for ld used by gcc
configure:4614: result: /usr/bin/ld
configure:4621: checking if the linker (/usr/bin/ld) is GNU ld
configure:4636: result: yes
configure:4648: checking for BSD- or MS-compatible name lister (nm)
configure:4697: result: no
configure:4711: checking for arm-linux-eabi-dumpbin
configure:4741: result: no
configure:4711: checking for arm-linux-eabi-link
configure:4741: result: no
configure:4755: checking for dumpbin
configure:4785: result: no
configure:4755: checking for link
configure:4771: found /usr/bin/link
configure:4782: result: link -dump
configure:4827: checking the name lister (nm) interface
configure:4834: gcc -c -g -O2  conftest.c >&5
configure:4837: nm "conftest.o"
configure:4840: output
0000000000000000 B some_variable
configure:4847: result: BSD nm
configure:4850: checking whether ln -s works
configure:4854: result: yes
configure:4862: checking the maximum length of command line arguments
configure:4993: result: 1572864
configure:5010: checking whether the shell understands some XSI constructs
configure:5020: result: yes
configure:5024: checking whether the shell understands "+="
configure:5030: result: yes
configure:5065: checking how to convert x86_64-pc-linux-gnu file names to arm-linux-eabi format
configure:5105: result: func_convert_file_noop
configure:5112: checking how to convert x86_64-pc-linux-gnu file names to toolchain format
configure:5132: result: func_convert_file_noop
configure:5139: checking for /usr/bin/ld option to reload object files
configure:5146: result: -r
configure:5180: checking for arm-linux-eabi-objdump
configure:5210: result: no
configure:5220: checking for objdump
configure:5236: found /usr/bin/objdump
configure:5247: result: objdump
configure:5279: checking how to recognize dependent libraries
configure:5477: result: unknown
configure:5522: checking for arm-linux-eabi-dlltool
configure:5552: result: no
configure:5562: checking for dlltool
configure:5592: result: no
configure:5622: checking how to associate runtime and link libraries
configure:5649: result: printf %s\n
configure:5665: checking for arm-linux-eabi-ar
configure:5692: result: ar
configure:5773: checking for archiver @FILE support
configure:5790: gcc -c -g -O2  conftest.c >&5
configure:5790: $? = 0
configure:5793: ar cru libconftest.a @conftest.lst >&5
configure:5796: $? = 0
configure:5801: ar cru libconftest.a @conftest.lst >&5
ar: conftest.o: No such file or directory
configure:5804: $? = 1
configure:5816: result: @
configure:5834: checking for arm-linux-eabi-strip
configure:5861: result: strip
configure:5933: checking for arm-linux-eabi-ranlib
configure:5963: result: no
configure:5973: checking for ranlib
configure:5989: found /usr/bin/ranlib
configure:6000: result: ranlib
configure:6102: checking command to parse nm output from gcc object
configure:6222: gcc -c -g -O2  conftest.c >&5
configure:6225: $? = 0
configure:6229: nm conftest.o \| sed -n -e 's/^.*[ ]\([ABCDGIRSTW][ABCDGIRSTW]*\)[ ][ ]*\([_A-Za-z][_A-Za-z0-9]*\)$/\1 \2 \2/p' | sed '/ __gnu_lto/d' \> conftest.nm
configure:6232: $? = 0
configure:6298: gcc -o conftest -g -O2   conftest.c conftstm.o >&5
configure:6301: $? = 0
configure:6339: result: ok
configure:6376: checking for sysroot
configure:6406: result: no
configure:6629: checking for arm-linux-eabi-mt
configure:6659: result: no
configure:6669: checking for mt
configure:6685: found /bin/mt
configure:6696: result: mt
configure:6719: checking if mt is a manifest tool
configure:6725: mt '-?'
configure:6733: result: no
configure:7375: checking how to run the C preprocessor
configure:7406: gcc -E  conftest.c
configure:7406: $? = 0
configure:7420: gcc -E  conftest.c
conftest.c:11:28: fatal error: ac_nonexistent.h: No such file or directory
 #include <ac_nonexistent.h>
                            ^
compilation terminated.
configure:7420: $? = 1
configure: failed program was:
| /* confdefs.h */
| #define PACKAGE_NAME "giflib"
| #define PACKAGE_TARNAME "giflib"
| #define PACKAGE_VERSION "5.1.4"
| #define PACKAGE_STRING "giflib 5.1.4"
| #define PACKAGE_BUGREPORT "esr@thyrsus.com"
| #define PACKAGE_URL ""
| #define PACKAGE "giflib"
| #define VERSION "5.1.4"
| /* end confdefs.h.  */
| #include <ac_nonexistent.h>
configure:7445: result: gcc -E
configure:7465: gcc -E  conftest.c
configure:7465: $? = 0
configure:7479: gcc -E  conftest.c
conftest.c:11:28: fatal error: ac_nonexistent.h: No such file or directory
 #include <ac_nonexistent.h>
                            ^
compilation terminated.
configure:7479: $? = 1
configure: failed program was:
| /* confdefs.h */
| #define PACKAGE_NAME "giflib"
| #define PACKAGE_TARNAME "giflib"
| #define PACKAGE_VERSION "5.1.4"
| #define PACKAGE_STRING "giflib 5.1.4"
| #define PACKAGE_BUGREPORT "esr@thyrsus.com"
| #define PACKAGE_URL ""
| #define PACKAGE "giflib"
| #define VERSION "5.1.4"
| /* end confdefs.h.  */
| #include <ac_nonexistent.h>
configure:7508: checking for ANSI C header files
configure:7528: gcc -c -g -O2  conftest.c >&5
configure:7528: $? = 0
configure:7612: result: yes
configure:7625: checking for sys/types.h
configure:7625: gcc -c -g -O2  conftest.c >&5
configure:7625: $? = 0
configure:7625: result: yes
configure:7625: checking for sys/stat.h
configure:7625: gcc -c -g -O2  conftest.c >&5
configure:7625: $? = 0
configure:7625: result: yes
configure:7625: checking for stdlib.h
configure:7625: gcc -c -g -O2  conftest.c >&5
configure:7625: $? = 0
configure:7625: result: yes
configure:7625: checking for string.h
configure:7625: gcc -c -g -O2  conftest.c >&5
configure:7625: $? = 0
configure:7625: result: yes
configure:7625: checking for memory.h
configure:7625: gcc -c -g -O2  conftest.c >&5
configure:7625: $? = 0
configure:7625: result: yes
configure:7625: checking for strings.h
configure:7625: gcc -c -g -O2  conftest.c >&5
configure:7625: $? = 0
configure:7625: result: yes
configure:7625: checking for inttypes.h
configure:7625: gcc -c -g -O2  conftest.c >&5
configure:7625: $? = 0
configure:7625: result: yes
configure:7625: checking for stdint.h
configure:7625: gcc -c -g -O2  conftest.c >&5
configure:7625: $? = 0
configure:7625: result: yes
configure:7625: checking for unistd.h
configure:7625: gcc -c -g -O2  conftest.c >&5
configure:7625: $? = 0
configure:7625: result: yes
configure:7639: checking for dlfcn.h
configure:7639: gcc -c -g -O2  conftest.c >&5
configure:7639: $? = 0
configure:7639: result: yes
configure:7845: checking for objdir
configure:7860: result: .libs
configure:8131: checking if gcc supports -fno-rtti -fno-exceptions
configure:8149: gcc -c -g -O2  -fno-rtti -fno-exceptions conftest.c >&5
cc1: warning: command line option '-fno-rtti' is valid for C++/ObjC++ but not for C
configure:8153: $? = 0
configure:8166: result: no
configure:8493: checking for gcc option to produce PIC
configure:8500: result: -fPIC -DPIC
configure:8508: checking if gcc PIC flag -fPIC -DPIC works
configure:8526: gcc -c -g -O2  -fPIC -DPIC -DPIC conftest.c >&5
configure:8530: $? = 0
configure:8543: result: yes
configure:8572: checking if gcc static flag -static works
configure:8600: result: yes
configure:8615: checking if gcc supports -c -o file.o
configure:8636: gcc -c -g -O2  -o out/conftest2.o conftest.c >&5
configure:8640: $? = 0
configure:8662: result: yes
configure:8670: checking if gcc supports -c -o file.o
configure:8717: result: yes
configure:8750: checking whether the gcc linker (/usr/bin/ld) supports shared libraries
configure:9907: result: yes
configure:9944: checking whether -lc should be explicitly linked in
configure:9952: gcc -c -g -O2  conftest.c >&5
configure:9955: $? = 0
configure:9970: gcc -shared  -fPIC -DPIC conftest.o  -v -Wl,-soname -Wl,conftest -o conftest 2\>\&1 \| /bin/grep  -lc  \>/dev/null 2\>\&1
configure:9973: $? = 0
configure:9987: result: no
configure:10147: checking dynamic linker characteristics
configure:10881: result: no
configure:10988: checking how to hardcode library paths into programs
configure:11013: result: immediate
configure:11553: checking whether stripping libraries is possible
configure:11558: result: yes
configure:11593: checking if libtool supports shared libraries
configure:11595: result: no
configure:11598: checking whether to build shared libraries
configure:11619: result: no
configure:11622: checking whether to build static libraries
configure:11626: result: yes
configure:11671: checking for arm-linux-eabi-gcc
configure:11698: result: gcc
configure:11967: checking for C compiler version
configure:11976: gcc --version >&5
gcc (Ubuntu 4.9.1-16ubuntu6) 4.9.1
Copyright (C) 2014 Free Software Foundation, Inc.
This is free software; see the source for copying conditions.  There is NO
warranty; not even for MERCHANTABILITY or FITNESS FOR A PARTICULAR PURPOSE.

configure:11987: $? = 0
configure:11976: gcc -v >&5
Using built-in specs.
COLLECT_GCC=gcc
COLLECT_LTO_WRAPPER=/usr/lib/gcc/x86_64-linux-gnu/4.9/lto-wrapper
Target: x86_64-linux-gnu
Configured with: ../src/configure -v --with-pkgversion='Ubuntu 4.9.1-16ubuntu6' --with-bugurl=file:///usr/share/doc/gcc-4.9/README.Bugs --enable-languages=c,c++,java,go,d,fortran,objc,obj-c++ --prefix=/usr --program-suffix=-4.9 --enable-shared --enable-linker-build-id --libexecdir=/usr/lib --without-included-gettext --enable-threads=posix --with-gxx-include-dir=/usr/include/c++/4.9 --libdir=/usr/lib --enable-nls --with-sysroot=/ --enable-clocale=gnu --enable-libstdcxx-debug --enable-libstdcxx-time=yes --enable-gnu-unique-object --disable-vtable-verify --enable-plugin --with-system-zlib --disable-browser-plugin --enable-java-awt=gtk --enable-gtk-cairo --with-java-home=/usr/lib/jvm/java-1.5.0-gcj-4.9-amd64/jre --enable-java-home --with-jvm-root-dir=/usr/lib/jvm/java-1.5.0-gcj-4.9-amd64 --with-jvm-jar-dir=/usr/lib/jvm-exports/java-1.5.0-gcj-4.9-amd64 --with-arch-directory=amd64 --with-ecj-jar=/usr/share/java/eclipse-ecj.jar --enable-objc-gc --enable-multiarch --disable-werror --with-arch-32=i686 --with-abi=m64 --with-multilib-list=m32,m64,mx32 --enable-multilib --with-tune=generic --enable-checking=release --build=x86_64-linux-gnu --host=x86_64-linux-gnu --target=x86_64-linux-gnu
Thread model: posix
gcc version 4.9.1 (Ubuntu 4.9.1-16ubuntu6) 
configure:11987: $? = 0
configure:11976: gcc -V >&5
gcc: error: unrecognized command line option '-V'
gcc: fatal error: no input files
compilation terminated.
configure:11987: $? = 4
configure:11976: gcc -qversion >&5
gcc: error: unrecognized command line option '-qversion'
gcc: fatal error: no input files
compilation terminated.
configure:11987: $? = 4
configure:11991: checking whether we are using the GNU C compiler
configure:12019: result: yes
configure:12028: checking whether gcc accepts -g
configure:12089: result: yes
configure:12106: checking for gcc option to accept ISO C89
configure:12182: result: none needed
configure:12207: checking whether gcc understands -c and -o together
configure:12244: result: yes
configure:12263: checking dependency style of gcc
configure:12374: result: gcc3
configure:12394: checking how to run the C preprocessor
configure:12464: result: gcc -E
configure:12484: gcc -E  conftest.c
configure:12484: $? = 0
configure:12498: gcc -E  conftest.c
conftest.c:23:28: fatal error: ac_nonexistent.h: No such file or directory
 #include <ac_nonexistent.h>
                            ^
compilation terminated.
configure:12498: $? = 1
configure: failed program was:
| /* confdefs.h */
| #define PACKAGE_NAME "giflib"
| #define PACKAGE_TARNAME "giflib"
| #define PACKAGE_VERSION "5.1.4"
| #define PACKAGE_STRING "giflib 5.1.4"
| #define PACKAGE_BUGREPORT "esr@thyrsus.com"
| #define PACKAGE_URL ""
| #define PACKAGE "giflib"
| #define VERSION "5.1.4"
| #define STDC_HEADERS 1
| #define HAVE_SYS_TYPES_H 1
| #define HAVE_SYS_STAT_H 1
| #define HAVE_STDLIB_H 1
| #define HAVE_STRING_H 1
| #define HAVE_MEMORY_H 1
| #define HAVE_STRINGS_H 1
| #define HAVE_INTTYPES_H 1
| #define HAVE_STDINT_H 1
| #define HAVE_UNISTD_H 1
| #define HAVE_DLFCN_H 1
| #define LT_OBJDIR ".libs/"
| /* end confdefs.h.  */
| #include <ac_nonexistent.h>
configure:12527: checking whether ln -s works
configure:12531: result: yes
configure:12538: checking whether make sets $(MAKE)
configure:12560: result: yes
configure:12573: checking for xmlto
configure:12601: result: no
configure:12627: checking limits.h usability
configure:12627: gcc -c -g -O2 -Wall  conftest.c >&5
configure:12627: $? = 0
configure:12627: result: yes
configure:12627: checking limits.h presence
configure:12627: gcc -E  conftest.c
configure:12627: $? = 0
configure:12627: result: yes
configure:12627: checking for limits.h
configure:12627: result: yes
configure:12641: checking fcntl.h usability
configure:12641: gcc -c -g -O2 -Wall  conftest.c >&5
configure:12641: $? = 0
configure:12641: result: yes
configure:12641: checking fcntl.h presence
configure:12641: gcc -E  conftest.c
configure:12641: $? = 0
configure:12641: result: yes
configure:12641: checking for fcntl.h
configure:12641: result: yes
configure:12655: checking for stdint.h
configure:12655: result: yes
configure:12669: checking stdarg.h usability
configure:12669: gcc -c -g -O2 -Wall  conftest.c >&5
configure:12669: $? = 0
configure:12669: result: yes
configure:12669: checking stdarg.h presence
configure:12669: gcc -E  conftest.c
configure:12669: $? = 0
configure:12669: result: yes
configure:12669: checking for stdarg.h
configure:12669: result: yes
configure:12792: checking that generated files are newer than configure
configure:12798: result: done
configure:12829: creating ./config.status

## ---------------------- ##
## Running config.status. ##
## ---------------------- ##

This file was extended by giflib config.status 5.1.4, which was
generated by GNU Autoconf 2.69.  Invocation command line was

  CONFIG_FILES    = 
  CONFIG_HEADERS  = 
  CONFIG_LINKS    = 
  CONFIG_COMMANDS = 
  $ ./config.status 

on mj10777-01-l

config.status:1095: creating util/Makefile
config.status:1095: creating lib/Makefile
config.status:1095: creating Makefile
config.status:1095: creating doc/Makefile
config.status:1095: creating pic/Makefile
config.status:1095: creating config.h
config.status:1324: executing depfiles commands
config.status:1324: executing libtool commands

## ---------------- ##
## Cache variables. ##
## ---------------- ##

ac_cv_build=x86_64-pc-linux-gnu
ac_cv_c_compiler_gnu=yes
ac_cv_env_CC_set=
ac_cv_env_CC_value=
ac_cv_env_CFLAGS_set=
ac_cv_env_CFLAGS_value=
ac_cv_env_CPPFLAGS_set=
ac_cv_env_CPPFLAGS_value=
ac_cv_env_CPP_set=
ac_cv_env_CPP_value=
ac_cv_env_LDFLAGS_set=
ac_cv_env_LDFLAGS_value=
ac_cv_env_LIBS_set=
ac_cv_env_LIBS_value=
ac_cv_env_build_alias_set=set
ac_cv_env_build_alias_value=x86_64-pc-linux-gnu
ac_cv_env_host_alias_set=set
ac_cv_env_host_alias_value=arm-linux-eabi
ac_cv_env_target_alias_set=
ac_cv_env_target_alias_value=
ac_cv_header_dlfcn_h=yes
ac_cv_header_fcntl_h=yes
ac_cv_header_inttypes_h=yes
ac_cv_header_limits_h=yes
ac_cv_header_memory_h=yes
ac_cv_header_stdarg_h=yes
ac_cv_header_stdc=yes
ac_cv_header_stdint_h=yes
ac_cv_header_stdlib_h=yes
ac_cv_header_string_h=yes
ac_cv_header_strings_h=yes
ac_cv_header_sys_stat_h=yes
ac_cv_header_sys_types_h=yes
ac_cv_header_unistd_h=yes
ac_cv_host=arm-linux-eabi
ac_cv_objext=o
ac_cv_path_EGREP='/bin/grep -E'
ac_cv_path_FGREP='/bin/grep -F'
ac_cv_path_GREP=/bin/grep
ac_cv_path_SED=/bin/sed
ac_cv_path_install='/usr/bin/install -c'
ac_cv_path_mkdir=/bin/mkdir
ac_cv_prog_AR=ar
ac_cv_prog_AWK=gawk
ac_cv_prog_CC=gcc
ac_cv_prog_CPP='gcc -E'
ac_cv_prog_STRIP=strip
ac_cv_prog_ac_ct_AR=ar
ac_cv_prog_ac_ct_CC=gcc
ac_cv_prog_ac_ct_DUMPBIN='link -dump'
ac_cv_prog_ac_ct_MANIFEST_TOOL=mt
ac_cv_prog_ac_ct_OBJDUMP=objdump
ac_cv_prog_ac_ct_RANLIB=ranlib
ac_cv_prog_ac_ct_STRIP=strip
ac_cv_prog_cc_c89=
ac_cv_prog_cc_g=yes
ac_cv_prog_have_xmlto=no
ac_cv_prog_make_make_set=yes
am_cv_CC_dependencies_compiler_type=gcc3
am_cv_ar_interface=ar
am_cv_make_support_nested_variables=yes
am_cv_prog_cc_c_o=yes
lt_cv_ar_at_file=@
lt_cv_archive_cmds_need_lc=no
lt_cv_deplibs_check_method=unknown
lt_cv_file_magic_cmd='$MAGIC_CMD'
lt_cv_file_magic_test_file=
lt_cv_ld_reload_flag=-r
lt_cv_nm_interface='BSD nm'
lt_cv_objdir=.libs
lt_cv_path_LD=/usr/bin/ld
lt_cv_path_NM=no
lt_cv_path_mainfest_tool=no
lt_cv_prog_compiler_c_o=yes
lt_cv_prog_compiler_pic='-fPIC -DPIC'
lt_cv_prog_compiler_pic_works=yes
lt_cv_prog_compiler_rtti_exceptions=no
lt_cv_prog_compiler_static_works=yes
lt_cv_prog_gnu_ld=yes
lt_cv_sharedlib_from_linklib_cmd='printf %s\n'
lt_cv_sys_global_symbol_pipe='sed -n -e '\''s/^.*[	 ]\([ABCDGIRSTW][ABCDGIRSTW]*\)[	 ][	 ]*\([_A-Za-z][_A-Za-z0-9]*\)$/\1 \2 \2/p'\'' | sed '\''/ __gnu_lto/d'\'''
lt_cv_sys_global_symbol_to_c_name_address='sed -n -e '\''s/^: \([^ ]*\)[ ]*$/  {\"\1\", (void *) 0},/p'\'' -e '\''s/^[ABCDGIRSTW]* \([^ ]*\) \([^ ]*\)$/  {"\2", (void *) \&\2},/p'\'''
lt_cv_sys_global_symbol_to_c_name_address_lib_prefix='sed -n -e '\''s/^: \([^ ]*\)[ ]*$/  {\"\1\", (void *) 0},/p'\'' -e '\''s/^[ABCDGIRSTW]* \([^ ]*\) \(lib[^ ]*\)$/  {"\2", (void *) \&\2},/p'\'' -e '\''s/^[ABCDGIRSTW]* \([^ ]*\) \([^ ]*\)$/  {"lib\2", (void *) \&\2},/p'\'''
lt_cv_sys_global_symbol_to_cdecl='sed -n -e '\''s/^T .* \(.*\)$/extern int \1();/p'\'' -e '\''s/^[ABCDGIRSTW]* .* \(.*\)$/extern char \1;/p'\'''
lt_cv_sys_max_cmd_len=1572864
lt_cv_to_host_file_cmd=func_convert_file_noop
lt_cv_to_tool_file_cmd=func_convert_file_noop

## ----------------- ##
## Output variables. ##
## ----------------- ##

ACLOCAL='${SHELL} /home/mj10777/000_links/geopaparazzi/geopaparazzi.eu/libjsqlite-spatialite-android/libjsqlite-spatialite-android/spatialite-android-library/jni/giflib-5.1.4/missing aclocal-1.15'
AMDEPBACKSLASH='\'
AMDEP_FALSE='#'
AMDEP_TRUE=''
AMTAR='$${TAR-tar}'
AM_BACKSLASH='\'
AM_DEFAULT_V='$(AM_DEFAULT_VERBOSITY)'
AM_DEFAULT_VERBOSITY='0'
AM_V='$(V)'
AR='ar'
AUTOCONF='${SHELL} /home/mj10777/000_links/geopaparazzi/geopaparazzi.eu/libjsqlite-spatialite-android/libjsqlite-spatialite-android/spatialite-android-library/jni/giflib-5.1.4/missing autoconf'
AUTOHEADER='${SHELL} /home/mj10777/000_links/geopaparazzi/geopaparazzi.eu/libjsqlite-spatialite-android/libjsqlite-spatialite-android/spatialite-android-library/jni/giflib-5.1.4/missing autoheader'
AUTOMAKE='${SHELL} /home/mj10777/000_links/geopaparazzi/geopaparazzi.eu/libjsqlite-spatialite-android/libjsqlite-spatialite-android/spatialite-android-library/jni/giflib-5.1.4/missing automake-1.15'
AWK='gawk'
BUILD_DOC_FALSE=''
BUILD_DOC_TRUE='#'
CC='gcc'
CCDEPMODE='depmode=gcc3'
CFLAGS='-g -O2 -Wall'
CPP='gcc -E'
CPPFLAGS=''
CYGPATH_W='echo'
DEFS='-DHAVE_CONFIG_H'
DEPDIR='.deps'
DLLTOOL='false'
DSYMUTIL=''
DUMPBIN=':'
ECHO_C=''
ECHO_N='-n'
ECHO_T=''
EGREP='/bin/grep -E'
EXEEXT=''
FGREP='/bin/grep -F'
GREP='/bin/grep'
INSTALL_DATA='${INSTALL} -m 644'
INSTALL_PROGRAM='${INSTALL}'
INSTALL_SCRIPT='${INSTALL}'
INSTALL_STRIP_PROGRAM='$(install_sh) -c -s'
LD='/usr/bin/ld'
LDFLAGS=''
LIBOBJS=''
LIBS=''
LIBTOOL='$(SHELL) $(top_builddir)/libtool'
LIPO=''
LN_S='ln -s'
LTLIBOBJS=''
MAKEINFO='${SHELL} /home/mj10777/000_links/geopaparazzi/geopaparazzi.eu/libjsqlite-spatialite-android/libjsqlite-spatialite-android/spatialite-android-library/jni/giflib-5.1.4/missing makeinfo'
MANIFEST_TOOL=':'
MKDIR_P='/bin/mkdir -p'
NM='nm'
NMEDIT=''
OBJDUMP='objdump'
OBJEXT='o'
OTOOL64=''
OTOOL=''
PACKAGE='giflib'
PACKAGE_BUGREPORT='esr@thyrsus.com'
PACKAGE_NAME='giflib'
PACKAGE_STRING='giflib 5.1.4'
PACKAGE_TARNAME='giflib'
PACKAGE_URL=''
PACKAGE_VERSION='5.1.4'
PATH_SEPARATOR=':'
RANLIB='ranlib'
SED='/bin/sed'
SET_MAKE=''
SHELL='/bin/bash'
SHLIBVERSION='7:0:0'
STRIP='strip'
VERSION='5.1.4'
ac_ct_AR='ar'
ac_ct_CC='gcc'
ac_ct_DUMPBIN='link -dump'
am__EXEEXT_FALSE=''
am__EXEEXT_TRUE='#'
am__fastdepCC_FALSE='#'
am__fastdepCC_TRUE=''
am__include='include'
am__isrc=''
am__leading_dot='.'
am__nodep='_no'
am__quote=''
am__tar='$${TAR-tar} chof - "$$tardir"'
am__untar='$${TAR-tar} xf -'
bindir='${exec_prefix}/bin'
build='x86_64-pc-linux-gnu'
build_alias='x86_64-pc-linux-gnu'
build_cpu='x86_64'
build_os='linux-gnu'
build_vendor='pc'
datadir='${datarootdir}'
datarootdir='${prefix}/share'
docdir='${datarootdir}/doc/${PACKAGE_TARNAME}'
dvidir='${docdir}'
exec_prefix='${prefix}'
have_xmlto='no'
host='arm-linux-eabi'
host_alias='arm-linux-eabi'
host_cpu='arm'
host_os='eabi'
host_vendor='linux'
htmldir='${docdir}'
includedir='${prefix}/include'
infodir='${datarootdir}/info'
install_sh='${SHELL} /home/mj10777/000_links/geopaparazzi/geopaparazzi.eu/libjsqlite-spatialite-android/libjsqlite-spatialite-android/spatialite-android-library/jni/giflib-5.1.4/install-sh'
libdir='${exec_prefix}/lib'
libexecdir='${exec_prefix}/libexec'
localedir='${datarootdir}/locale'
localstatedir='${prefix}/var'
mandir='${datarootdir}/man'
mkdir_p='$(MKDIR_P)'
oldincludedir='/usr/include'
pdfdir='${docdir}'
prefix='/usr/local'
program_transform_name='s,x,x,'
psdir='${docdir}'
sbindir='${exec_prefix}/sbin'
sharedstatedir='${prefix}/com'
sysconfdir='${prefix}/etc'
target_alias=''

## ----------- ##
## confdefs.h. ##
## ----------- ##

/* confdefs.h */
#define PACKAGE_NAME "giflib"
#define PACKAGE_TARNAME "giflib"
#define PACKAGE_VERSION "5.1.4"
#define PACKAGE_STRING "giflib 5.1.4"
#define PACKAGE_BUGREPORT "esr@thyrsus.com"
#define PACKAGE_URL ""
#define PACKAGE "giflib"
#define VERSION "5.1.4"
#define STDC_HEADERS 1
#define HAVE_SYS_TYPES_H 1
#define HAVE_SYS_STAT_H 1
#define HAVE_STDLIB_H 1
#define HAVE_STRING_H 1
#define HAVE_MEMORY_H 1
#define HAVE_STRINGS_H 1
#define HAVE_INTTYPES_H 1
#define HAVE_STDINT_H 1
#define HAVE_UNISTD_H 1
#define HAVE_DLFCN_H 1
#define LT_OBJDIR ".libs/"
#define HAVE_LIMITS_H 1
#define HAVE_FCNTL_H 1
#define HAVE_STDINT_H 1
#define HAVE_STDARG_H 1

configure: exit 0
