This file contains any messages produced by compilers while
running configure, to aid debugging if configure makes a mistake.

It was created by libspatialite configure 4.4.0-RC0, which was
generated by GNU Autoconf 2.69.  Invocation command line was

  $ ./configure --enable-lwgeom=yes --enable-gcp --enable-examples=no --build=x86_64-pc-linux-gnu --host=arm-linux-eabi

## --------- ##
## Platform. ##
## --------- ##

hostname = mj10777-01-l
uname -m = x86_64
uname -r = 3.16.0-38-generic
uname -s = Linux
uname -v = #52-Ubuntu SMP Thu May 7 10:51:21 UTC 2015

/usr/bin/uname -p = unknown
/bin/uname -X     = unknown

/bin/arch              = unknown
/usr/bin/arch -k       = unknown
/usr/convex/getsysinfo = unknown
/usr/bin/hostinfo      = unknown
/bin/machine           = unknown
/usr/bin/oslevel       = unknown
/bin/universe          = unknown

PATH: /usr/local/pgsql/bin
PATH: /usr/local/pgsql/bin
PATH: /home/mj10777/bin
PATH: /usr/local/pgsql/bin
PATH: /usr/lib/lightdm/lightdm
PATH: /usr/local/sbin
PATH: /usr/local/bin
PATH: /usr/sbin
PATH: /usr/bin
PATH: /sbin
PATH: /bin
PATH: /usr/games
PATH: /usr/local/Qt-5.5.0/bin
PATH: /home/mj10777/000_links/gnu_source/adt-bundle-linux/sdk
PATH: /home/mj10777/000_links/gnu_source/adt-bundle-linux/sdk/tools
PATH: /home/mj10777/000_links/gnu_source/adt-bundle-linux/sdk/platform-tools
PATH: /home/mj10777/000_links/gnu_source/adt-bundle-linux/sdk/tools
PATH: /home/mj10777/000_links/gnu_source/adt-bundle-linux/android-ndk-r9d
PATH: /home/mj10777/000_links/gnu_source/adt-bundle-linux/apache-ant/bin
PATH: /home/mj10777/000_links/gnu_source/adt-bundle-linux/android-studio/bin


## ----------- ##
## Core tests. ##
## ----------- ##

configure:2575: checking for a BSD-compatible install
configure:2643: result: /usr/bin/install -c
configure:2654: checking whether build environment is sane
configure:2709: result: yes
configure:2747: WARNING: 'missing' script is too old or missing
configure:2768: checking for arm-linux-eabi-strip
configure:2798: result: no
configure:2808: checking for strip
configure:2824: found /usr/bin/strip
configure:2835: result: strip
configure:2847: WARNING: using cross tools not prefixed with host triplet
configure:2860: checking for a thread-safe mkdir -p
configure:2899: result: /bin/mkdir -p
configure:2906: checking for gawk
configure:2922: found /usr/bin/gawk
configure:2933: result: gawk
configure:2944: checking whether make sets $(MAKE)
configure:2966: result: yes
configure:2995: checking whether make supports nested variables
configure:3012: result: yes
configure:3139: checking whether to enable maintainer-specific portions of Makefiles
configure:3148: result: no
configure:3214: checking for style of include used by make
configure:3242: result: GNU
configure:3273: checking for arm-linux-eabi-gcc
configure:3303: result: no
configure:3313: checking for gcc
configure:3329: found /usr/bin/gcc
configure:3340: result: gcc
configure:3569: checking for C compiler version
configure:3578: gcc --version >&5
gcc (Ubuntu 4.9.1-16ubuntu6) 4.9.1
Copyright (C) 2014 Free Software Foundation, Inc.
This is free software; see the source for copying conditions.  There is NO
warranty; not even for MERCHANTABILITY or FITNESS FOR A PARTICULAR PURPOSE.

configure:3589: $? = 0
configure:3578: gcc -v >&5
Using built-in specs.
COLLECT_GCC=gcc
COLLECT_LTO_WRAPPER=/usr/lib/gcc/x86_64-linux-gnu/4.9/lto-wrapper
Target: x86_64-linux-gnu
Configured with: ../src/configure -v --with-pkgversion='Ubuntu 4.9.1-16ubuntu6' --with-bugurl=file:///usr/share/doc/gcc-4.9/README.Bugs --enable-languages=c,c++,java,go,d,fortran,objc,obj-c++ --prefix=/usr --program-suffix=-4.9 --enable-shared --enable-linker-build-id --libexecdir=/usr/lib --without-included-gettext --enable-threads=posix --with-gxx-include-dir=/usr/include/c++/4.9 --libdir=/usr/lib --enable-nls --with-sysroot=/ --enable-clocale=gnu --enable-libstdcxx-debug --enable-libstdcxx-time=yes --enable-gnu-unique-object --disable-vtable-verify --enable-plugin --with-system-zlib --disable-browser-plugin --enable-java-awt=gtk --enable-gtk-cairo --with-java-home=/usr/lib/jvm/java-1.5.0-gcj-4.9-amd64/jre --enable-java-home --with-jvm-root-dir=/usr/lib/jvm/java-1.5.0-gcj-4.9-amd64 --with-jvm-jar-dir=/usr/lib/jvm-exports/java-1.5.0-gcj-4.9-amd64 --with-arch-directory=amd64 --with-ecj-jar=/usr/share/java/eclipse-ecj.jar --enable-objc-gc --enable-multiarch --disable-werror --with-arch-32=i686 --with-abi=m64 --with-multilib-list=m32,m64,mx32 --enable-multilib --with-tune=generic --enable-checking=release --build=x86_64-linux-gnu --host=x86_64-linux-gnu --target=x86_64-linux-gnu
Thread model: posix
gcc version 4.9.1 (Ubuntu 4.9.1-16ubuntu6) 
configure:3589: $? = 0
configure:3578: gcc -V >&5
gcc: error: unrecognized command line option '-V'
gcc: fatal error: no input files
compilation terminated.
configure:3589: $? = 4
configure:3578: gcc -qversion >&5
gcc: error: unrecognized command line option '-qversion'
gcc: fatal error: no input files
compilation terminated.
configure:3589: $? = 4
configure:3609: checking whether the C compiler works
configure:3631: gcc    conftest.c  >&5
configure:3635: $? = 0
configure:3683: result: yes
configure:3686: checking for C compiler default output file name
configure:3688: result: a.out
configure:3694: checking for suffix of executables
configure:3701: gcc -o conftest    conftest.c  >&5
configure:3705: $? = 0
configure:3727: result: 
configure:3749: checking whether we are cross compiling
configure:3787: result: yes
configure:3792: checking for suffix of object files
configure:3814: gcc -c   conftest.c >&5
configure:3818: $? = 0
configure:3839: result: o
configure:3843: checking whether we are using the GNU C compiler
configure:3862: gcc -c   conftest.c >&5
configure:3862: $? = 0
configure:3871: result: yes
configure:3880: checking whether gcc accepts -g
configure:3900: gcc -c -g  conftest.c >&5
configure:3900: $? = 0
configure:3941: result: yes
configure:3958: checking for gcc option to accept ISO C89
configure:4021: gcc  -c -g -O2  conftest.c >&5
configure:4021: $? = 0
configure:4034: result: none needed
configure:4059: checking whether gcc understands -c and -o together
configure:4081: gcc -c conftest.c -o conftest2.o
configure:4084: $? = 0
configure:4081: gcc -c conftest.c -o conftest2.o
configure:4084: $? = 0
configure:4096: result: yes
configure:4115: checking dependency style of gcc
configure:4226: result: gcc3
configure:4247: checking how to run the C preprocessor
configure:4278: gcc -E  conftest.c
configure:4278: $? = 0
configure:4292: gcc -E  conftest.c
conftest.c:15:28: fatal error: ac_nonexistent.h: No such file or directory
 #include <ac_nonexistent.h>
                            ^
compilation terminated.
configure:4292: $? = 1
configure: failed program was:
| /* confdefs.h */
| #define PACKAGE_NAME "libspatialite"
| #define PACKAGE_TARNAME "libspatialite"
| #define PACKAGE_VERSION "4.4.0-RC0"
| #define PACKAGE_STRING "libspatialite 4.4.0-RC0"
| #define PACKAGE_BUGREPORT "a.furieri@lqt.it"
| #define PACKAGE_URL ""
| #define PACKAGE "libspatialite"
| #define VERSION "4.4.0-RC0"
| #define _LARGE_FILE 1
| #define _FILE_OFFSET_BITS 64
| #define _LARGEFILE_SOURCE 1
| #define NDEBUG 1
| /* end confdefs.h.  */
| #include <ac_nonexistent.h>
configure:4317: result: gcc -E
configure:4337: gcc -E  conftest.c
configure:4337: $? = 0
configure:4351: gcc -E  conftest.c
conftest.c:15:28: fatal error: ac_nonexistent.h: No such file or directory
 #include <ac_nonexistent.h>
                            ^
compilation terminated.
configure:4351: $? = 1
configure: failed program was:
| /* confdefs.h */
| #define PACKAGE_NAME "libspatialite"
| #define PACKAGE_TARNAME "libspatialite"
| #define PACKAGE_VERSION "4.4.0-RC0"
| #define PACKAGE_STRING "libspatialite 4.4.0-RC0"
| #define PACKAGE_BUGREPORT "a.furieri@lqt.it"
| #define PACKAGE_URL ""
| #define PACKAGE "libspatialite"
| #define VERSION "4.4.0-RC0"
| #define _LARGE_FILE 1
| #define _FILE_OFFSET_BITS 64
| #define _LARGEFILE_SOURCE 1
| #define NDEBUG 1
| /* end confdefs.h.  */
| #include <ac_nonexistent.h>
configure:4380: checking for grep that handles long lines and -e
configure:4438: result: /bin/grep
configure:4443: checking for egrep
configure:4505: result: /bin/grep -E
configure:4510: checking for ANSI C header files
configure:4530: gcc -c -g -O2  conftest.c >&5
configure:4530: $? = 0
configure:4614: result: yes
configure:4627: checking for sys/types.h
configure:4627: gcc -c -g -O2  conftest.c >&5
configure:4627: $? = 0
configure:4627: result: yes
configure:4627: checking for sys/stat.h
configure:4627: gcc -c -g -O2  conftest.c >&5
configure:4627: $? = 0
configure:4627: result: yes
configure:4627: checking for stdlib.h
configure:4627: gcc -c -g -O2  conftest.c >&5
configure:4627: $? = 0
configure:4627: result: yes
configure:4627: checking for string.h
configure:4627: gcc -c -g -O2  conftest.c >&5
configure:4627: $? = 0
configure:4627: result: yes
configure:4627: checking for memory.h
configure:4627: gcc -c -g -O2  conftest.c >&5
configure:4627: $? = 0
configure:4627: result: yes
configure:4627: checking for strings.h
configure:4627: gcc -c -g -O2  conftest.c >&5
configure:4627: $? = 0
configure:4627: result: yes
configure:4627: checking for inttypes.h
configure:4627: gcc -c -g -O2  conftest.c >&5
configure:4627: $? = 0
configure:4627: result: yes
configure:4627: checking for stdint.h
configure:4627: gcc -c -g -O2  conftest.c >&5
configure:4627: $? = 0
configure:4627: result: yes
configure:4627: checking for unistd.h
configure:4627: gcc -c -g -O2  conftest.c >&5
configure:4627: $? = 0
configure:4627: result: yes
configure:4641: checking for stdlib.h
configure:4641: result: yes
configure:4655: checking stdio.h usability
configure:4655: gcc -c -g -O2  conftest.c >&5
configure:4655: $? = 0
configure:4655: result: yes
configure:4655: checking stdio.h presence
configure:4655: gcc -E  conftest.c
configure:4655: $? = 0
configure:4655: result: yes
configure:4655: checking for stdio.h
configure:4655: result: yes
configure:4669: checking for string.h
configure:4669: result: yes
configure:4683: checking for memory.h
configure:4683: result: yes
configure:4697: checking math.h usability
configure:4697: gcc -c -g -O2  conftest.c >&5
configure:4697: $? = 0
configure:4697: result: yes
configure:4697: checking math.h presence
configure:4697: gcc -E  conftest.c
configure:4697: $? = 0
configure:4697: result: yes
configure:4697: checking for math.h
configure:4697: result: yes
configure:4711: checking float.h usability
configure:4711: gcc -c -g -O2  conftest.c >&5
configure:4711: $? = 0
configure:4711: result: yes
configure:4711: checking float.h presence
configure:4711: gcc -E  conftest.c
configure:4711: $? = 0
configure:4711: result: yes
configure:4711: checking for float.h
configure:4711: result: yes
configure:4725: checking fcntl.h usability
configure:4725: gcc -c -g -O2  conftest.c >&5
configure:4725: $? = 0
configure:4725: result: yes
configure:4725: checking fcntl.h presence
configure:4725: gcc -E  conftest.c
configure:4725: $? = 0
configure:4725: result: yes
configure:4725: checking for fcntl.h
configure:4725: result: yes
configure:4739: checking for inttypes.h
configure:4739: result: yes
configure:4753: checking stddef.h usability
configure:4753: gcc -c -g -O2  conftest.c >&5
configure:4753: $? = 0
configure:4753: result: yes
configure:4753: checking stddef.h presence
configure:4753: gcc -E  conftest.c
configure:4753: $? = 0
configure:4753: result: yes
configure:4753: checking for stddef.h
configure:4753: result: yes
configure:4767: checking for stdint.h
configure:4767: result: yes
configure:4781: checking sys/time.h usability
configure:4781: gcc -c -g -O2  conftest.c >&5
configure:4781: $? = 0
configure:4781: result: yes
configure:4781: checking sys/time.h presence
configure:4781: gcc -E  conftest.c
configure:4781: $? = 0
configure:4781: result: yes
configure:4781: checking for sys/time.h
configure:4781: result: yes
configure:4795: checking for unistd.h
configure:4795: result: yes
configure:4809: checking sqlite3.h usability
configure:4809: gcc -c -g -O2  conftest.c >&5
configure:4809: $? = 0
configure:4809: result: yes
configure:4809: checking sqlite3.h presence
configure:4809: gcc -E  conftest.c
configure:4809: $? = 0
configure:4809: result: yes
configure:4809: checking for sqlite3.h
configure:4809: result: yes
configure:4823: checking sqlite3ext.h usability
configure:4823: gcc -c -g -O2  conftest.c >&5
configure:4823: $? = 0
configure:4823: result: yes
configure:4823: checking sqlite3ext.h presence
configure:4823: gcc -E  conftest.c
configure:4823: $? = 0
configure:4823: result: yes
configure:4823: checking for sqlite3ext.h
configure:4823: result: yes
configure:4837: checking zlib.h usability
configure:4837: gcc -c -g -O2  conftest.c >&5
configure:4837: $? = 0
configure:4837: result: yes
configure:4837: checking zlib.h presence
configure:4837: gcc -E  conftest.c
configure:4837: $? = 0
configure:4837: result: yes
configure:4837: checking for zlib.h
configure:4837: result: yes
configure:4866: checking for arm-linux-eabi-g++
configure:4896: result: no
configure:4866: checking for arm-linux-eabi-c++
configure:4896: result: no
configure:4866: checking for arm-linux-eabi-gpp
configure:4896: result: no
configure:4866: checking for arm-linux-eabi-aCC
configure:4896: result: no
configure:4866: checking for arm-linux-eabi-CC
configure:4896: result: no
configure:4866: checking for arm-linux-eabi-cxx
configure:4896: result: no
configure:4866: checking for arm-linux-eabi-cc++
configure:4896: result: no
configure:4866: checking for arm-linux-eabi-cl.exe
configure:4896: result: no
configure:4866: checking for arm-linux-eabi-FCC
configure:4896: result: no
configure:4866: checking for arm-linux-eabi-KCC
configure:4896: result: no
configure:4866: checking for arm-linux-eabi-RCC
configure:4896: result: no
configure:4866: checking for arm-linux-eabi-xlC_r
configure:4896: result: no
configure:4866: checking for arm-linux-eabi-xlC
configure:4896: result: no
configure:4910: checking for g++
configure:4926: found /usr/bin/g++
configure:4937: result: g++
configure:4964: checking for C++ compiler version
configure:4973: g++ --version >&5
g++ (Ubuntu 4.9.1-16ubuntu6) 4.9.1
Copyright (C) 2014 Free Software Foundation, Inc.
This is free software; see the source for copying conditions.  There is NO
warranty; not even for MERCHANTABILITY or FITNESS FOR A PARTICULAR PURPOSE.

configure:4984: $? = 0
configure:4973: g++ -v >&5
Using built-in specs.
COLLECT_GCC=g++
COLLECT_LTO_WRAPPER=/usr/lib/gcc/x86_64-linux-gnu/4.9/lto-wrapper
Target: x86_64-linux-gnu
Configured with: ../src/configure -v --with-pkgversion='Ubuntu 4.9.1-16ubuntu6' --with-bugurl=file:///usr/share/doc/gcc-4.9/README.Bugs --enable-languages=c,c++,java,go,d,fortran,objc,obj-c++ --prefix=/usr --program-suffix=-4.9 --enable-shared --enable-linker-build-id --libexecdir=/usr/lib --without-included-gettext --enable-threads=posix --with-gxx-include-dir=/usr/include/c++/4.9 --libdir=/usr/lib --enable-nls --with-sysroot=/ --enable-clocale=gnu --enable-libstdcxx-debug --enable-libstdcxx-time=yes --enable-gnu-unique-object --disable-vtable-verify --enable-plugin --with-system-zlib --disable-browser-plugin --enable-java-awt=gtk --enable-gtk-cairo --with-java-home=/usr/lib/jvm/java-1.5.0-gcj-4.9-amd64/jre --enable-java-home --with-jvm-root-dir=/usr/lib/jvm/java-1.5.0-gcj-4.9-amd64 --with-jvm-jar-dir=/usr/lib/jvm-exports/java-1.5.0-gcj-4.9-amd64 --with-arch-directory=amd64 --with-ecj-jar=/usr/share/java/eclipse-ecj.jar --enable-objc-gc --enable-multiarch --disable-werror --with-arch-32=i686 --with-abi=m64 --with-multilib-list=m32,m64,mx32 --enable-multilib --with-tune=generic --enable-checking=release --build=x86_64-linux-gnu --host=x86_64-linux-gnu --target=x86_64-linux-gnu
Thread model: posix
gcc version 4.9.1 (Ubuntu 4.9.1-16ubuntu6) 
configure:4984: $? = 0
configure:4973: g++ -V >&5
g++: error: unrecognized command line option '-V'
g++: fatal error: no input files
compilation terminated.
configure:4984: $? = 4
configure:4973: g++ -qversion >&5
g++: error: unrecognized command line option '-qversion'
g++: fatal error: no input files
compilation terminated.
configure:4984: $? = 4
configure:4988: checking whether we are using the GNU C++ compiler
configure:5007: g++ -c   conftest.cpp >&5
configure:5007: $? = 0
configure:5016: result: yes
configure:5025: checking whether g++ accepts -g
configure:5045: g++ -c -g  conftest.cpp >&5
configure:5045: $? = 0
configure:5086: result: yes
configure:5111: checking dependency style of g++
configure:5222: result: gcc3
configure:5245: checking for arm-linux-eabi-gcc
configure:5272: result: gcc
configure:5541: checking for C compiler version
configure:5550: gcc --version >&5
gcc (Ubuntu 4.9.1-16ubuntu6) 4.9.1
Copyright (C) 2014 Free Software Foundation, Inc.
This is free software; see the source for copying conditions.  There is NO
warranty; not even for MERCHANTABILITY or FITNESS FOR A PARTICULAR PURPOSE.

configure:5561: $? = 0
configure:5550: gcc -v >&5
Using built-in specs.
COLLECT_GCC=gcc
COLLECT_LTO_WRAPPER=/usr/lib/gcc/x86_64-linux-gnu/4.9/lto-wrapper
Target: x86_64-linux-gnu
Configured with: ../src/configure -v --with-pkgversion='Ubuntu 4.9.1-16ubuntu6' --with-bugurl=file:///usr/share/doc/gcc-4.9/README.Bugs --enable-languages=c,c++,java,go,d,fortran,objc,obj-c++ --prefix=/usr --program-suffix=-4.9 --enable-shared --enable-linker-build-id --libexecdir=/usr/lib --without-included-gettext --enable-threads=posix --with-gxx-include-dir=/usr/include/c++/4.9 --libdir=/usr/lib --enable-nls --with-sysroot=/ --enable-clocale=gnu --enable-libstdcxx-debug --enable-libstdcxx-time=yes --enable-gnu-unique-object --disable-vtable-verify --enable-plugin --with-system-zlib --disable-browser-plugin --enable-java-awt=gtk --enable-gtk-cairo --with-java-home=/usr/lib/jvm/java-1.5.0-gcj-4.9-amd64/jre --enable-java-home --with-jvm-root-dir=/usr/lib/jvm/java-1.5.0-gcj-4.9-amd64 --with-jvm-jar-dir=/usr/lib/jvm-exports/java-1.5.0-gcj-4.9-amd64 --with-arch-directory=amd64 --with-ecj-jar=/usr/share/java/eclipse-ecj.jar --enable-objc-gc --enable-multiarch --disable-werror --with-arch-32=i686 --with-abi=m64 --with-multilib-list=m32,m64,mx32 --enable-multilib --with-tune=generic --enable-checking=release --build=x86_64-linux-gnu --host=x86_64-linux-gnu --target=x86_64-linux-gnu
Thread model: posix
gcc version 4.9.1 (Ubuntu 4.9.1-16ubuntu6) 
configure:5561: $? = 0
configure:5550: gcc -V >&5
gcc: error: unrecognized command line option '-V'
gcc: fatal error: no input files
compilation terminated.
configure:5561: $? = 4
configure:5550: gcc -qversion >&5
gcc: error: unrecognized command line option '-qversion'
gcc: fatal error: no input files
compilation terminated.
configure:5561: $? = 4
configure:5565: checking whether we are using the GNU C compiler
configure:5593: result: yes
configure:5602: checking whether gcc accepts -g
configure:5663: result: yes
configure:5680: checking for gcc option to accept ISO C89
configure:5756: result: none needed
configure:5781: checking whether gcc understands -c and -o together
configure:5818: result: yes
configure:5837: checking dependency style of gcc
configure:5948: result: gcc3
configure:5968: checking how to run the C preprocessor
configure:6038: result: gcc -E
configure:6058: gcc -E  conftest.c
configure:6058: $? = 0
configure:6072: gcc -E  conftest.c
conftest.c:40:28: fatal error: ac_nonexistent.h: No such file or directory
 #include <ac_nonexistent.h>
                            ^
compilation terminated.
configure:6072: $? = 1
configure: failed program was:
| /* confdefs.h */
| #define PACKAGE_NAME "libspatialite"
| #define PACKAGE_TARNAME "libspatialite"
| #define PACKAGE_VERSION "4.4.0-RC0"
| #define PACKAGE_STRING "libspatialite 4.4.0-RC0"
| #define PACKAGE_BUGREPORT "a.furieri@lqt.it"
| #define PACKAGE_URL ""
| #define PACKAGE "libspatialite"
| #define VERSION "4.4.0-RC0"
| #define _LARGE_FILE 1
| #define _FILE_OFFSET_BITS 64
| #define _LARGEFILE_SOURCE 1
| #define NDEBUG 1
| #define STDC_HEADERS 1
| #define HAVE_SYS_TYPES_H 1
| #define HAVE_SYS_STAT_H 1
| #define HAVE_STDLIB_H 1
| #define HAVE_STRING_H 1
| #define HAVE_MEMORY_H 1
| #define HAVE_STRINGS_H 1
| #define HAVE_INTTYPES_H 1
| #define HAVE_STDINT_H 1
| #define HAVE_UNISTD_H 1
| #define HAVE_STDLIB_H 1
| #define HAVE_STDIO_H 1
| #define HAVE_STRING_H 1
| #define HAVE_MEMORY_H 1
| #define HAVE_MATH_H 1
| #define HAVE_FLOAT_H 1
| #define HAVE_FCNTL_H 1
| #define HAVE_INTTYPES_H 1
| #define HAVE_STDDEF_H 1
| #define HAVE_STDINT_H 1
| #define HAVE_SYS_TIME_H 1
| #define HAVE_UNISTD_H 1
| #define HAVE_SQLITE3_H 1
| #define HAVE_SQLITE3EXT_H 1
| #define HAVE_ZLIB_H 1
| /* end confdefs.h.  */
| #include <ac_nonexistent.h>
configure:6101: checking whether ln -s works
configure:6105: result: yes
configure:6112: checking whether make sets $(MAKE)
configure:6134: result: yes
configure:6147: checking build system type
configure:6161: result: x86_64-pc-linux-gnu
configure:6181: checking host system type
configure:6194: result: arm-linux-eabi
configure:6563: checking how to print strings
configure:6590: result: printf
configure:6611: checking for a sed that does not truncate output
configure:6675: result: /bin/sed
configure:6693: checking for fgrep
configure:6755: result: /bin/grep -F
configure:6790: checking for ld used by gcc
configure:6857: result: /usr/bin/ld
configure:6864: checking if the linker (/usr/bin/ld) is GNU ld
configure:6879: result: yes
configure:6891: checking for BSD- or MS-compatible name lister (nm)
configure:6940: result: no
configure:6954: checking for arm-linux-eabi-dumpbin
configure:6984: result: no
configure:6954: checking for arm-linux-eabi-link
configure:6984: result: no
configure:6998: checking for dumpbin
configure:7028: result: no
configure:6998: checking for link
configure:7014: found /usr/bin/link
configure:7025: result: link -dump
configure:7070: checking the name lister (nm) interface
configure:7077: gcc -c -g -O2  conftest.c >&5
configure:7080: nm "conftest.o"
configure:7083: output
0000000000000000 B some_variable
configure:7090: result: BSD nm
configure:7094: checking the maximum length of command line arguments
configure:7219: result: 1572864
configure:7236: checking whether the shell understands some XSI constructs
configure:7246: result: yes
configure:7250: checking whether the shell understands "+="
configure:7256: result: yes
configure:7291: checking how to convert x86_64-pc-linux-gnu file names to arm-linux-eabi format
configure:7331: result: func_convert_file_noop
configure:7338: checking how to convert x86_64-pc-linux-gnu file names to toolchain format
configure:7358: result: func_convert_file_noop
configure:7365: checking for /usr/bin/ld option to reload object files
configure:7372: result: -r
configure:7406: checking for arm-linux-eabi-objdump
configure:7433: result: objdump
configure:7502: checking how to recognize dependent libraries
configure:7704: result: unknown
configure:7749: checking for arm-linux-eabi-dlltool
configure:7776: result: dlltool
configure:7846: checking how to associate runtime and link libraries
configure:7873: result: printf %s\n
configure:7889: checking for arm-linux-eabi-ar
configure:7919: result: no
configure:7933: checking for ar
configure:7949: found /usr/bin/ar
configure:7960: result: ar
configure:7997: checking for archiver @FILE support
configure:8014: gcc -c -g -O2  conftest.c >&5
configure:8014: $? = 0
configure:8017: ar cru libconftest.a @conftest.lst >&5
configure:8020: $? = 0
configure:8025: ar cru libconftest.a @conftest.lst >&5
ar: conftest.o: No such file or directory
configure:8028: $? = 1
configure:8040: result: @
configure:8058: checking for arm-linux-eabi-strip
configure:8085: result: strip
configure:8157: checking for arm-linux-eabi-ranlib
configure:8187: result: no
configure:8197: checking for ranlib
configure:8213: found /usr/bin/ranlib
configure:8224: result: ranlib
configure:8326: checking command to parse nm output from gcc object
configure:8445: gcc -c -g -O2  conftest.c >&5
configure:8448: $? = 0
configure:8452: nm conftest.o \| sed -n -e 's/^.*[ ]\([ABCDGIRSTW][ABCDGIRSTW]*\)[ ][ ]*\([_A-Za-z][_A-Za-z0-9]*\)$/\1 \2 \2/p' | sed '/ __gnu_lto/d' \> conftest.nm
configure:8455: $? = 0
configure:8521: gcc -o conftest -g -O2   conftest.c conftstm.o >&5
configure:8524: $? = 0
configure:8562: result: ok
configure:8599: checking for sysroot
configure:8629: result: no
configure:8832: checking for arm-linux-eabi-mt
configure:8862: result: no
configure:8872: checking for mt
configure:8888: found /bin/mt
configure:8899: result: mt
configure:8922: checking if mt is a manifest tool
configure:8928: mt '-?'
configure:8936: result: no
configure:9565: checking for dlfcn.h
configure:9565: gcc -c -g -O2  conftest.c >&5
configure:9565: $? = 0
configure:9565: result: yes
configure:9761: checking for objdir
configure:9776: result: .libs
configure:10047: checking if gcc supports -fno-rtti -fno-exceptions
configure:10065: gcc -c -g -O2  -fno-rtti -fno-exceptions conftest.c >&5
cc1: warning: command line option '-fno-rtti' is valid for C++/ObjC++ but not for C
configure:10069: $? = 0
configure:10082: result: no
configure:10392: checking for gcc option to produce PIC
configure:10399: result: -fPIC -DPIC
configure:10407: checking if gcc PIC flag -fPIC -DPIC works
configure:10425: gcc -c -g -O2  -fPIC -DPIC -DPIC conftest.c >&5
configure:10429: $? = 0
configure:10442: result: yes
configure:10471: checking if gcc static flag -static works
configure:10499: result: yes
configure:10514: checking if gcc supports -c -o file.o
configure:10535: gcc -c -g -O2  -o out/conftest2.o conftest.c >&5
configure:10539: $? = 0
configure:10561: result: yes
configure:10569: checking if gcc supports -c -o file.o
configure:10616: result: yes
configure:10649: checking whether the gcc linker (/usr/bin/ld) supports shared libraries
configure:11807: result: yes
configure:11844: checking whether -lc should be explicitly linked in
configure:11852: gcc -c -g -O2  conftest.c >&5
configure:11855: $? = 0
configure:11870: gcc -shared  -fPIC -DPIC conftest.o  -v -Wl,-soname -Wl,conftest -o conftest 2\>\&1 \| /bin/grep  -lc  \>/dev/null 2\>\&1
configure:11873: $? = 0
configure:11887: result: no
configure:12052: checking dynamic linker characteristics
configure:12792: result: no
configure:12899: checking how to hardcode library paths into programs
configure:12924: result: immediate
configure:13464: checking whether stripping libraries is possible
configure:13469: result: yes
configure:13504: checking if libtool supports shared libraries
configure:13506: result: no
configure:13509: checking whether to build shared libraries
configure:13530: result: no
configure:13533: checking whether to build static libraries
configure:13537: result: yes
configure:13560: checking how to run the C++ preprocessor
configure:13587: g++ -E  conftest.cpp
configure:13587: $? = 0
configure:13601: g++ -E  conftest.cpp
conftest.cpp:42:28: fatal error: ac_nonexistent.h: No such file or directory
 #include <ac_nonexistent.h>
                            ^
compilation terminated.
configure:13601: $? = 1
configure: failed program was:
| /* confdefs.h */
| #define PACKAGE_NAME "libspatialite"
| #define PACKAGE_TARNAME "libspatialite"
| #define PACKAGE_VERSION "4.4.0-RC0"
| #define PACKAGE_STRING "libspatialite 4.4.0-RC0"
| #define PACKAGE_BUGREPORT "a.furieri@lqt.it"
| #define PACKAGE_URL ""
| #define PACKAGE "libspatialite"
| #define VERSION "4.4.0-RC0"
| #define _LARGE_FILE 1
| #define _FILE_OFFSET_BITS 64
| #define _LARGEFILE_SOURCE 1
| #define NDEBUG 1
| #define STDC_HEADERS 1
| #define HAVE_SYS_TYPES_H 1
| #define HAVE_SYS_STAT_H 1
| #define HAVE_STDLIB_H 1
| #define HAVE_STRING_H 1
| #define HAVE_MEMORY_H 1
| #define HAVE_STRINGS_H 1
| #define HAVE_INTTYPES_H 1
| #define HAVE_STDINT_H 1
| #define HAVE_UNISTD_H 1
| #define HAVE_STDLIB_H 1
| #define HAVE_STDIO_H 1
| #define HAVE_STRING_H 1
| #define HAVE_MEMORY_H 1
| #define HAVE_MATH_H 1
| #define HAVE_FLOAT_H 1
| #define HAVE_FCNTL_H 1
| #define HAVE_INTTYPES_H 1
| #define HAVE_STDDEF_H 1
| #define HAVE_STDINT_H 1
| #define HAVE_SYS_TIME_H 1
| #define HAVE_UNISTD_H 1
| #define HAVE_SQLITE3_H 1
| #define HAVE_SQLITE3EXT_H 1
| #define HAVE_ZLIB_H 1
| #define HAVE_DLFCN_H 1
| #define LT_OBJDIR ".libs/"
| /* end confdefs.h.  */
| #include <ac_nonexistent.h>
configure:13626: result: g++ -E
configure:13646: g++ -E  conftest.cpp
configure:13646: $? = 0
configure:13660: g++ -E  conftest.cpp
conftest.cpp:42:28: fatal error: ac_nonexistent.h: No such file or directory
 #include <ac_nonexistent.h>
                            ^
compilation terminated.
configure:13660: $? = 1
configure: failed program was:
| /* confdefs.h */
| #define PACKAGE_NAME "libspatialite"
| #define PACKAGE_TARNAME "libspatialite"
| #define PACKAGE_VERSION "4.4.0-RC0"
| #define PACKAGE_STRING "libspatialite 4.4.0-RC0"
| #define PACKAGE_BUGREPORT "a.furieri@lqt.it"
| #define PACKAGE_URL ""
| #define PACKAGE "libspatialite"
| #define VERSION "4.4.0-RC0"
| #define _LARGE_FILE 1
| #define _FILE_OFFSET_BITS 64
| #define _LARGEFILE_SOURCE 1
| #define NDEBUG 1
| #define STDC_HEADERS 1
| #define HAVE_SYS_TYPES_H 1
| #define HAVE_SYS_STAT_H 1
| #define HAVE_STDLIB_H 1
| #define HAVE_STRING_H 1
| #define HAVE_MEMORY_H 1
| #define HAVE_STRINGS_H 1
| #define HAVE_INTTYPES_H 1
| #define HAVE_STDINT_H 1
| #define HAVE_UNISTD_H 1
| #define HAVE_STDLIB_H 1
| #define HAVE_STDIO_H 1
| #define HAVE_STRING_H 1
| #define HAVE_MEMORY_H 1
| #define HAVE_MATH_H 1
| #define HAVE_FLOAT_H 1
| #define HAVE_FCNTL_H 1
| #define HAVE_INTTYPES_H 1
| #define HAVE_STDDEF_H 1
| #define HAVE_STDINT_H 1
| #define HAVE_SYS_TIME_H 1
| #define HAVE_UNISTD_H 1
| #define HAVE_SQLITE3_H 1
| #define HAVE_SQLITE3EXT_H 1
| #define HAVE_ZLIB_H 1
| #define HAVE_DLFCN_H 1
| #define LT_OBJDIR ".libs/"
| /* end confdefs.h.  */
| #include <ac_nonexistent.h>
configure:13830: checking for ld used by g++
configure:13897: result: /usr/bin/ld
configure:13904: checking if the linker (/usr/bin/ld) is GNU ld
configure:13919: result: yes
configure:13974: checking whether the g++ linker (/usr/bin/ld) supports shared libraries
configure:14978: result: no
configure:15013: g++ -c -g -O2  conftest.cpp >&5
configure:15016: $? = 0
configure:15536: checking for g++ option to produce PIC
configure:15543: result: -fPIC -DPIC
configure:15551: checking if g++ PIC flag -fPIC -DPIC works
configure:15569: g++ -c -g -O2  -fPIC -DPIC -DPIC conftest.cpp >&5
configure:15573: $? = 0
configure:15586: result: yes
configure:15609: checking if g++ static flag -static works
configure:15637: result: yes
configure:15649: checking if g++ supports -c -o file.o
configure:15670: g++ -c -g -O2  -o out/conftest2.o conftest.cpp >&5
configure:15674: $? = 0
configure:15696: result: yes
configure:15701: checking if g++ supports -c -o file.o
configure:15748: result: yes
configure:15778: checking whether the g++ linker (/usr/bin/ld) supports shared libraries
configure:15812: result: no
configure:15955: checking dynamic linker characteristics
configure:16629: result: no
configure:16682: checking how to hardcode library paths into programs
configure:16707: result: immediate
configure:16768: checking for an ANSI C-conforming const
configure:16834: gcc -c -g -O2  conftest.c >&5
configure:16834: $? = 0
configure:16841: result: yes
configure:16849: checking for off_t
configure:16849: gcc -c -g -O2  conftest.c >&5
configure:16849: $? = 0
configure:16849: gcc -c -g -O2  conftest.c >&5
conftest.c: In function 'main':
conftest.c:78:20: error: expected expression before ')' token
 if (sizeof ((off_t)))
                    ^
configure:16849: $? = 1
configure: failed program was:
| /* confdefs.h */
| #define PACKAGE_NAME "libspatialite"
| #define PACKAGE_TARNAME "libspatialite"
| #define PACKAGE_VERSION "4.4.0-RC0"
| #define PACKAGE_STRING "libspatialite 4.4.0-RC0"
| #define PACKAGE_BUGREPORT "a.furieri@lqt.it"
| #define PACKAGE_URL ""
| #define PACKAGE "libspatialite"
| #define VERSION "4.4.0-RC0"
| #define _LARGE_FILE 1
| #define _FILE_OFFSET_BITS 64
| #define _LARGEFILE_SOURCE 1
| #define NDEBUG 1
| #define STDC_HEADERS 1
| #define HAVE_SYS_TYPES_H 1
| #define HAVE_SYS_STAT_H 1
| #define HAVE_STDLIB_H 1
| #define HAVE_STRING_H 1
| #define HAVE_MEMORY_H 1
| #define HAVE_STRINGS_H 1
| #define HAVE_INTTYPES_H 1
| #define HAVE_STDINT_H 1
| #define HAVE_UNISTD_H 1
| #define HAVE_STDLIB_H 1
| #define HAVE_STDIO_H 1
| #define HAVE_STRING_H 1
| #define HAVE_MEMORY_H 1
| #define HAVE_MATH_H 1
| #define HAVE_FLOAT_H 1
| #define HAVE_FCNTL_H 1
| #define HAVE_INTTYPES_H 1
| #define HAVE_STDDEF_H 1
| #define HAVE_STDINT_H 1
| #define HAVE_SYS_TIME_H 1
| #define HAVE_UNISTD_H 1
| #define HAVE_SQLITE3_H 1
| #define HAVE_SQLITE3EXT_H 1
| #define HAVE_ZLIB_H 1
| #define HAVE_DLFCN_H 1
| #define LT_OBJDIR ".libs/"
| /* end confdefs.h.  */
| #include <stdio.h>
| #ifdef HAVE_SYS_TYPES_H
| # include <sys/types.h>
| #endif
| #ifdef HAVE_SYS_STAT_H
| # include <sys/stat.h>
| #endif
| #ifdef STDC_HEADERS
| # include <stdlib.h>
| # include <stddef.h>
| #else
| # ifdef HAVE_STDLIB_H
| #  include <stdlib.h>
| # endif
| #endif
| #ifdef HAVE_STRING_H
| # if !defined STDC_HEADERS && defined HAVE_MEMORY_H
| #  include <memory.h>
| # endif
| # include <string.h>
| #endif
| #ifdef HAVE_STRINGS_H
| # include <strings.h>
| #endif
| #ifdef HAVE_INTTYPES_H
| # include <inttypes.h>
| #endif
| #ifdef HAVE_STDINT_H
| # include <stdint.h>
| #endif
| #ifdef HAVE_UNISTD_H
| # include <unistd.h>
| #endif
| int
| main ()
| {
| if (sizeof ((off_t)))
| 	    return 0;
|   ;
|   return 0;
| }
configure:16849: result: yes
configure:16860: checking for size_t
configure:16860: gcc -c -g -O2  conftest.c >&5
configure:16860: $? = 0
configure:16860: gcc -c -g -O2  conftest.c >&5
conftest.c: In function 'main':
conftest.c:78:21: error: expected expression before ')' token
 if (sizeof ((size_t)))
                     ^
configure:16860: $? = 1
configure: failed program was:
| /* confdefs.h */
| #define PACKAGE_NAME "libspatialite"
| #define PACKAGE_TARNAME "libspatialite"
| #define PACKAGE_VERSION "4.4.0-RC0"
| #define PACKAGE_STRING "libspatialite 4.4.0-RC0"
| #define PACKAGE_BUGREPORT "a.furieri@lqt.it"
| #define PACKAGE_URL ""
| #define PACKAGE "libspatialite"
| #define VERSION "4.4.0-RC0"
| #define _LARGE_FILE 1
| #define _FILE_OFFSET_BITS 64
| #define _LARGEFILE_SOURCE 1
| #define NDEBUG 1
| #define STDC_HEADERS 1
| #define HAVE_SYS_TYPES_H 1
| #define HAVE_SYS_STAT_H 1
| #define HAVE_STDLIB_H 1
| #define HAVE_STRING_H 1
| #define HAVE_MEMORY_H 1
| #define HAVE_STRINGS_H 1
| #define HAVE_INTTYPES_H 1
| #define HAVE_STDINT_H 1
| #define HAVE_UNISTD_H 1
| #define HAVE_STDLIB_H 1
| #define HAVE_STDIO_H 1
| #define HAVE_STRING_H 1
| #define HAVE_MEMORY_H 1
| #define HAVE_MATH_H 1
| #define HAVE_FLOAT_H 1
| #define HAVE_FCNTL_H 1
| #define HAVE_INTTYPES_H 1
| #define HAVE_STDDEF_H 1
| #define HAVE_STDINT_H 1
| #define HAVE_SYS_TIME_H 1
| #define HAVE_UNISTD_H 1
| #define HAVE_SQLITE3_H 1
| #define HAVE_SQLITE3EXT_H 1
| #define HAVE_ZLIB_H 1
| #define HAVE_DLFCN_H 1
| #define LT_OBJDIR ".libs/"
| /* end confdefs.h.  */
| #include <stdio.h>
| #ifdef HAVE_SYS_TYPES_H
| # include <sys/types.h>
| #endif
| #ifdef HAVE_SYS_STAT_H
| # include <sys/stat.h>
| #endif
| #ifdef STDC_HEADERS
| # include <stdlib.h>
| # include <stddef.h>
| #else
| # ifdef HAVE_STDLIB_H
| #  include <stdlib.h>
| # endif
| #endif
| #ifdef HAVE_STRING_H
| # if !defined STDC_HEADERS && defined HAVE_MEMORY_H
| #  include <memory.h>
| # endif
| # include <string.h>
| #endif
| #ifdef HAVE_STRINGS_H
| # include <strings.h>
| #endif
| #ifdef HAVE_INTTYPES_H
| # include <inttypes.h>
| #endif
| #ifdef HAVE_STDINT_H
| # include <stdint.h>
| #endif
| #ifdef HAVE_UNISTD_H
| # include <unistd.h>
| #endif
| int
| main ()
| {
| if (sizeof ((size_t)))
| 	    return 0;
|   ;
|   return 0;
| }
configure:16860: result: yes
configure:16871: checking whether time.h and sys/time.h may both be included
configure:16891: gcc -c -g -O2  conftest.c >&5
configure:16891: $? = 0
configure:16898: result: yes
configure:16906: checking whether struct tm is in sys/time.h or time.h
configure:16926: gcc -c -g -O2  conftest.c >&5
configure:16926: $? = 0
configure:16933: result: time.h
configure:16941: checking for working volatile
configure:16960: gcc -c -g -O2  conftest.c >&5
configure:16960: $? = 0
configure:16967: result: yes
configure:16977: checking whether lstat correctly handles trailing slash
configure:17020: result: no
configure:17039: checking whether lstat accepts an empty string
configure:17069: result: yes
configure:17085: checking whether lstat correctly handles trailing slash
configure:17128: result: no
configure:17147: checking for working memcmp
configure:17200: result: no
configure:17209: checking whether stat accepts an empty string
configure:17239: result: yes
configure:17257: checking for strftime
configure:17257: gcc -o conftest -g -O2   conftest.c  >&5
conftest.c:68:6: warning: conflicting types for built-in function 'strftime'
 char strftime ();
      ^
configure:17257: $? = 0
configure:17257: result: yes
configure:17313: checking for memset
configure:17313: gcc -o conftest -g -O2   conftest.c  >&5
conftest.c:69:6: warning: conflicting types for built-in function 'memset'
 char memset ();
      ^
configure:17313: $? = 0
configure:17313: result: yes
configure:17313: checking for sqrt
configure:17313: gcc -o conftest -g -O2   conftest.c  >&5
conftest.c:70:6: warning: conflicting types for built-in function 'sqrt'
 char sqrt ();
      ^
/tmp/cc5pLHh8.o: In function `main':
/home/mj10777/000_links/geopaparazzi/geopaparazzi.eu/libjsqlite-spatialite-android/libjsqlite-spatialite-android/spatialite-android-library/jni/libspatialite-4.4.0/conftest.c:81: undefined reference to `sqrt'
collect2: error: ld returned 1 exit status
configure:17313: $? = 1
configure: failed program was:
| /* confdefs.h */
| #define PACKAGE_NAME "libspatialite"
| #define PACKAGE_TARNAME "libspatialite"
| #define PACKAGE_VERSION "4.4.0-RC0"
| #define PACKAGE_STRING "libspatialite 4.4.0-RC0"
| #define PACKAGE_BUGREPORT "a.furieri@lqt.it"
| #define PACKAGE_URL ""
| #define PACKAGE "libspatialite"
| #define VERSION "4.4.0-RC0"
| #define _LARGE_FILE 1
| #define _FILE_OFFSET_BITS 64
| #define _LARGEFILE_SOURCE 1
| #define NDEBUG 1
| #define STDC_HEADERS 1
| #define HAVE_SYS_TYPES_H 1
| #define HAVE_SYS_STAT_H 1
| #define HAVE_STDLIB_H 1
| #define HAVE_STRING_H 1
| #define HAVE_MEMORY_H 1
| #define HAVE_STRINGS_H 1
| #define HAVE_INTTYPES_H 1
| #define HAVE_STDINT_H 1
| #define HAVE_UNISTD_H 1
| #define HAVE_STDLIB_H 1
| #define HAVE_STDIO_H 1
| #define HAVE_STRING_H 1
| #define HAVE_MEMORY_H 1
| #define HAVE_MATH_H 1
| #define HAVE_FLOAT_H 1
| #define HAVE_FCNTL_H 1
| #define HAVE_INTTYPES_H 1
| #define HAVE_STDDEF_H 1
| #define HAVE_STDINT_H 1
| #define HAVE_SYS_TIME_H 1
| #define HAVE_UNISTD_H 1
| #define HAVE_SQLITE3_H 1
| #define HAVE_SQLITE3EXT_H 1
| #define HAVE_ZLIB_H 1
| #define HAVE_DLFCN_H 1
| #define LT_OBJDIR ".libs/"
| #define TIME_WITH_SYS_TIME 1
| #define HAVE_LSTAT_EMPTY_STRING_BUG 1
| #define HAVE_STAT_EMPTY_STRING_BUG 1
| #define HAVE_STRFTIME 1
| #define HAVE_MEMSET 1
| /* end confdefs.h.  */
| /* Define sqrt to an innocuous variant, in case <limits.h> declares sqrt.
|    For example, HP-UX 11i <limits.h> declares gettimeofday.  */
| #define sqrt innocuous_sqrt
| 
| /* System header to define __stub macros and hopefully few prototypes,
|     which can conflict with char sqrt (); below.
|     Prefer <limits.h> to <assert.h> if __STDC__ is defined, since
|     <limits.h> exists even on freestanding compilers.  */
| 
| #ifdef __STDC__
| # include <limits.h>
| #else
| # include <assert.h>
| #endif
| 
| #undef sqrt
| 
| /* Override any GCC internal prototype to avoid an error.
|    Use char because int might match the return type of a GCC
|    builtin and then its argument prototype would still apply.  */
| #ifdef __cplusplus
| extern "C"
| #endif
| char sqrt ();
| /* The GNU C library defines this for functions which it implements
|     to always fail with ENOSYS.  Some functions are actually named
|     something starting with __ and the normal name is an alias.  */
| #if defined __stub_sqrt || defined __stub___sqrt
| choke me
| #endif
| 
| int
| main ()
| {
| return sqrt ();
|   ;
|   return 0;
| }
configure:17313: result: no
configure:17313: checking for strcasecmp
configure:17313: gcc -o conftest -g -O2   conftest.c  >&5
conftest.c:70:6: warning: conflicting types for built-in function 'strcasecmp'
 char strcasecmp ();
      ^
configure:17313: $? = 0
configure:17313: result: yes
configure:17313: checking for strerror
configure:17313: gcc -o conftest -g -O2   conftest.c  >&5
configure:17313: $? = 0
configure:17313: result: yes
configure:17313: checking for strncasecmp
configure:17313: gcc -o conftest -g -O2   conftest.c  >&5
conftest.c:72:6: warning: conflicting types for built-in function 'strncasecmp'
 char strncasecmp ();
      ^
configure:17313: $? = 0
configure:17313: result: yes
configure:17313: checking for strstr
configure:17313: gcc -o conftest -g -O2   conftest.c  >&5
conftest.c:73:6: warning: conflicting types for built-in function 'strstr'
 char strstr ();
      ^
configure:17313: $? = 0
configure:17313: result: yes
configure:17313: checking for fdatasync
configure:17313: gcc -o conftest -g -O2   conftest.c  >&5
configure:17313: $? = 0
configure:17313: result: yes
configure:17313: checking for ftruncate
configure:17313: gcc -o conftest -g -O2   conftest.c  >&5
configure:17313: $? = 0
configure:17313: result: yes
configure:17313: checking for getcwd
configure:17313: gcc -o conftest -g -O2   conftest.c  >&5
configure:17313: $? = 0
configure:17313: result: yes
configure:17313: checking for gettimeofday
configure:17313: gcc -o conftest -g -O2   conftest.c  >&5
configure:17313: $? = 0
configure:17313: result: yes
configure:17313: checking for localtime_r
configure:17313: gcc -o conftest -g -O2   conftest.c  >&5
configure:17313: $? = 0
configure:17313: result: yes
configure:17313: checking for memmove
configure:17313: gcc -o conftest -g -O2   conftest.c  >&5
conftest.c:79:6: warning: conflicting types for built-in function 'memmove'
 char memmove ();
      ^
configure:17313: $? = 0
configure:17313: result: yes
configure:17313: checking for strerror
configure:17313: result: yes
configure:17324: checking for sqlite3_prepare_v2 in -lsqlite3
configure:17349: gcc -o conftest -g -O2   conftest.c -lsqlite3 -lm  >&5
configure:17349: $? = 0
configure:17358: result: yes
configure:17371: checking for inflateInit_ in -lz
configure:17396: gcc -o conftest -g -O2   conftest.c -lz -lm -lsqlite3  >&5
configure:17396: $? = 0
configure:17405: result: yes
configure:17521: checking for sqlite3_rtree_query_callback in -lsqlite3
configure:17546: gcc -o conftest -g -O2   conftest.c -lsqlite3 -lm -lz -lsqlite3  >&5
configure:17546: $? = 0
configure:17555: result: yes
configure:17587: checking proj_api.h usability
configure:17587: gcc -c -g -O2  conftest.c >&5
configure:17587: $? = 0
configure:17587: result: yes
configure:17587: checking proj_api.h presence
configure:17587: gcc -E  conftest.c
configure:17587: $? = 0
configure:17587: result: yes
configure:17587: checking for proj_api.h
configure:17587: result: yes
configure:17599: checking for library containing pj_init_plus
configure:17630: gcc -o conftest -g -O2   conftest.c -lsqlite3 -lz -lsqlite3  >&5
/tmp/cc3IoRtD.o: In function `main':
/home/mj10777/000_links/geopaparazzi/geopaparazzi.eu/libjsqlite-spatialite-android/libjsqlite-spatialite-android/spatialite-android-library/jni/libspatialite-4.4.0/conftest.c:75: undefined reference to `pj_init_plus'
collect2: error: ld returned 1 exit status
configure:17630: $? = 1
configure: failed program was:
| /* confdefs.h */
| #define PACKAGE_NAME "libspatialite"
| #define PACKAGE_TARNAME "libspatialite"
| #define PACKAGE_VERSION "4.4.0-RC0"
| #define PACKAGE_STRING "libspatialite 4.4.0-RC0"
| #define PACKAGE_BUGREPORT "a.furieri@lqt.it"
| #define PACKAGE_URL ""
| #define PACKAGE "libspatialite"
| #define VERSION "4.4.0-RC0"
| #define _LARGE_FILE 1
| #define _FILE_OFFSET_BITS 64
| #define _LARGEFILE_SOURCE 1
| #define NDEBUG 1
| #define STDC_HEADERS 1
| #define HAVE_SYS_TYPES_H 1
| #define HAVE_SYS_STAT_H 1
| #define HAVE_STDLIB_H 1
| #define HAVE_STRING_H 1
| #define HAVE_MEMORY_H 1
| #define HAVE_STRINGS_H 1
| #define HAVE_INTTYPES_H 1
| #define HAVE_STDINT_H 1
| #define HAVE_UNISTD_H 1
| #define HAVE_STDLIB_H 1
| #define HAVE_STDIO_H 1
| #define HAVE_STRING_H 1
| #define HAVE_MEMORY_H 1
| #define HAVE_MATH_H 1
| #define HAVE_FLOAT_H 1
| #define HAVE_FCNTL_H 1
| #define HAVE_INTTYPES_H 1
| #define HAVE_STDDEF_H 1
| #define HAVE_STDINT_H 1
| #define HAVE_SYS_TIME_H 1
| #define HAVE_UNISTD_H 1
| #define HAVE_SQLITE3_H 1
| #define HAVE_SQLITE3EXT_H 1
| #define HAVE_ZLIB_H 1
| #define HAVE_DLFCN_H 1
| #define LT_OBJDIR ".libs/"
| #define TIME_WITH_SYS_TIME 1
| #define HAVE_LSTAT_EMPTY_STRING_BUG 1
| #define HAVE_STAT_EMPTY_STRING_BUG 1
| #define HAVE_STRFTIME 1
| #define HAVE_MEMSET 1
| #define HAVE_STRCASECMP 1
| #define HAVE_STRERROR 1
| #define HAVE_STRNCASECMP 1
| #define HAVE_STRSTR 1
| #define HAVE_FDATASYNC 1
| #define HAVE_FTRUNCATE 1
| #define HAVE_GETCWD 1
| #define HAVE_GETTIMEOFDAY 1
| #define HAVE_LOCALTIME_R 1
| #define HAVE_MEMMOVE 1
| #define HAVE_STRERROR 1
| #define HAVE_LIBSQLITE3 1
| #define HAVE_LIBZ 1
| #define TARGET_CPU "x86_64-linux-gnu"
| #define OMIT_GEOCALLBACKS 1
| #define HAVE_LIBSQLITE3 1
| #define HAVE_PROJ_API_H 1
| /* end confdefs.h.  */
| 
| /* Override any GCC internal prototype to avoid an error.
|    Use char because int might match the return type of a GCC
|    builtin and then its argument prototype would still apply.  */
| #ifdef __cplusplus
| extern "C"
| #endif
| char pj_init_plus ();
| int
| main ()
| {
| return pj_init_plus ();
|   ;
|   return 0;
| }
configure:17630: gcc -o conftest -g -O2   conftest.c -lproj -lm -lsqlite3 -lz -lsqlite3  >&5
configure:17630: $? = 0
configure:17647: result: -lproj
configure:17657: checking for library containing pj_init_ctx
configure:17688: gcc -o conftest -g -O2   conftest.c -lproj -lsqlite3 -lz -lsqlite3  >&5
configure:17688: $? = 0
configure:17705: result: none required
configure:17734: checking iconv.h usability
configure:17734: gcc -c -g -O2  conftest.c >&5
configure:17734: $? = 0
configure:17734: result: yes
configure:17734: checking iconv.h presence
configure:17734: gcc -E  conftest.c
configure:17734: $? = 0
configure:17734: result: yes
configure:17734: checking for iconv.h
configure:17734: result: yes
configure:17748: checking for library containing iconv
configure:17779: gcc -o conftest -g -O2   conftest.c -lproj -lsqlite3 -lz -lsqlite3  >&5
configure:17779: $? = 0
configure:17796: result: none required
configure:17863: checking for library containing locale_charset
configure:17894: gcc -o conftest -g -O2   conftest.c -lproj -lsqlite3 -lz -lsqlite3  >&5
/tmp/ccpIOQNl.o: In function `main':
/home/mj10777/000_links/geopaparazzi/geopaparazzi.eu/libjsqlite-spatialite-android/libjsqlite-spatialite-android/spatialite-android-library/jni/libspatialite-4.4.0/conftest.c:76: undefined reference to `locale_charset'
collect2: error: ld returned 1 exit status
configure:17894: $? = 1
configure: failed program was:
| /* confdefs.h */
| #define PACKAGE_NAME "libspatialite"
| #define PACKAGE_TARNAME "libspatialite"
| #define PACKAGE_VERSION "4.4.0-RC0"
| #define PACKAGE_STRING "libspatialite 4.4.0-RC0"
| #define PACKAGE_BUGREPORT "a.furieri@lqt.it"
| #define PACKAGE_URL ""
| #define PACKAGE "libspatialite"
| #define VERSION "4.4.0-RC0"
| #define _LARGE_FILE 1
| #define _FILE_OFFSET_BITS 64
| #define _LARGEFILE_SOURCE 1
| #define NDEBUG 1
| #define STDC_HEADERS 1
| #define HAVE_SYS_TYPES_H 1
| #define HAVE_SYS_STAT_H 1
| #define HAVE_STDLIB_H 1
| #define HAVE_STRING_H 1
| #define HAVE_MEMORY_H 1
| #define HAVE_STRINGS_H 1
| #define HAVE_INTTYPES_H 1
| #define HAVE_STDINT_H 1
| #define HAVE_UNISTD_H 1
| #define HAVE_STDLIB_H 1
| #define HAVE_STDIO_H 1
| #define HAVE_STRING_H 1
| #define HAVE_MEMORY_H 1
| #define HAVE_MATH_H 1
| #define HAVE_FLOAT_H 1
| #define HAVE_FCNTL_H 1
| #define HAVE_INTTYPES_H 1
| #define HAVE_STDDEF_H 1
| #define HAVE_STDINT_H 1
| #define HAVE_SYS_TIME_H 1
| #define HAVE_UNISTD_H 1
| #define HAVE_SQLITE3_H 1
| #define HAVE_SQLITE3EXT_H 1
| #define HAVE_ZLIB_H 1
| #define HAVE_DLFCN_H 1
| #define LT_OBJDIR ".libs/"
| #define TIME_WITH_SYS_TIME 1
| #define HAVE_LSTAT_EMPTY_STRING_BUG 1
| #define HAVE_STAT_EMPTY_STRING_BUG 1
| #define HAVE_STRFTIME 1
| #define HAVE_MEMSET 1
| #define HAVE_STRCASECMP 1
| #define HAVE_STRERROR 1
| #define HAVE_STRNCASECMP 1
| #define HAVE_STRSTR 1
| #define HAVE_FDATASYNC 1
| #define HAVE_FTRUNCATE 1
| #define HAVE_GETCWD 1
| #define HAVE_GETTIMEOFDAY 1
| #define HAVE_LOCALTIME_R 1
| #define HAVE_MEMMOVE 1
| #define HAVE_STRERROR 1
| #define HAVE_LIBSQLITE3 1
| #define HAVE_LIBZ 1
| #define TARGET_CPU "x86_64-linux-gnu"
| #define OMIT_GEOCALLBACKS 1
| #define HAVE_LIBSQLITE3 1
| #define HAVE_PROJ_API_H 1
| #define HAVE_ICONV_H 1
| /* end confdefs.h.  */
| 
| /* Override any GCC internal prototype to avoid an error.
|    Use char because int might match the return type of a GCC
|    builtin and then its argument prototype would still apply.  */
| #ifdef __cplusplus
| extern "C"
| #endif
| char locale_charset ();
| int
| main ()
| {
| return locale_charset ();
|   ;
|   return 0;
| }
configure:17894: gcc -o conftest -g -O2   conftest.c -lcharset  -lproj -lsqlite3 -lz -lsqlite3  >&5
configure:17894: $? = 0
configure:17911: result: -lcharset
configure:17996: checking freexl.h usability
configure:17996: gcc -c -g -O2  conftest.c >&5
configure:17996: $? = 0
configure:17996: result: yes
configure:17996: checking freexl.h presence
configure:17996: gcc -E  conftest.c
configure:17996: $? = 0
configure:17996: result: yes
configure:17996: checking for freexl.h
configure:17996: result: yes
configure:18008: checking for library containing freexl_version
configure:18039: gcc -o conftest -g -O2   conftest.c -lcharset -lproj -lsqlite3 -lz -lsqlite3  >&5
/tmp/ccUuvMf9.o: In function `main':
/home/mj10777/000_links/geopaparazzi/geopaparazzi.eu/libjsqlite-spatialite-android/libjsqlite-spatialite-android/spatialite-android-library/jni/libspatialite-4.4.0/conftest.c:77: undefined reference to `freexl_version'
collect2: error: ld returned 1 exit status
configure:18039: $? = 1
configure: failed program was:
| /* confdefs.h */
| #define PACKAGE_NAME "libspatialite"
| #define PACKAGE_TARNAME "libspatialite"
| #define PACKAGE_VERSION "4.4.0-RC0"
| #define PACKAGE_STRING "libspatialite 4.4.0-RC0"
| #define PACKAGE_BUGREPORT "a.furieri@lqt.it"
| #define PACKAGE_URL ""
| #define PACKAGE "libspatialite"
| #define VERSION "4.4.0-RC0"
| #define _LARGE_FILE 1
| #define _FILE_OFFSET_BITS 64
| #define _LARGEFILE_SOURCE 1
| #define NDEBUG 1
| #define STDC_HEADERS 1
| #define HAVE_SYS_TYPES_H 1
| #define HAVE_SYS_STAT_H 1
| #define HAVE_STDLIB_H 1
| #define HAVE_STRING_H 1
| #define HAVE_MEMORY_H 1
| #define HAVE_STRINGS_H 1
| #define HAVE_INTTYPES_H 1
| #define HAVE_STDINT_H 1
| #define HAVE_UNISTD_H 1
| #define HAVE_STDLIB_H 1
| #define HAVE_STDIO_H 1
| #define HAVE_STRING_H 1
| #define HAVE_MEMORY_H 1
| #define HAVE_MATH_H 1
| #define HAVE_FLOAT_H 1
| #define HAVE_FCNTL_H 1
| #define HAVE_INTTYPES_H 1
| #define HAVE_STDDEF_H 1
| #define HAVE_STDINT_H 1
| #define HAVE_SYS_TIME_H 1
| #define HAVE_UNISTD_H 1
| #define HAVE_SQLITE3_H 1
| #define HAVE_SQLITE3EXT_H 1
| #define HAVE_ZLIB_H 1
| #define HAVE_DLFCN_H 1
| #define LT_OBJDIR ".libs/"
| #define TIME_WITH_SYS_TIME 1
| #define HAVE_LSTAT_EMPTY_STRING_BUG 1
| #define HAVE_STAT_EMPTY_STRING_BUG 1
| #define HAVE_STRFTIME 1
| #define HAVE_MEMSET 1
| #define HAVE_STRCASECMP 1
| #define HAVE_STRERROR 1
| #define HAVE_STRNCASECMP 1
| #define HAVE_STRSTR 1
| #define HAVE_FDATASYNC 1
| #define HAVE_FTRUNCATE 1
| #define HAVE_GETCWD 1
| #define HAVE_GETTIMEOFDAY 1
| #define HAVE_LOCALTIME_R 1
| #define HAVE_MEMMOVE 1
| #define HAVE_STRERROR 1
| #define HAVE_LIBSQLITE3 1
| #define HAVE_LIBZ 1
| #define TARGET_CPU "x86_64-linux-gnu"
| #define OMIT_GEOCALLBACKS 1
| #define HAVE_LIBSQLITE3 1
| #define HAVE_PROJ_API_H 1
| #define HAVE_ICONV_H 1
| #define HAVE_FREEXL_H 1
| /* end confdefs.h.  */
| 
| /* Override any GCC internal prototype to avoid an error.
|    Use char because int might match the return type of a GCC
|    builtin and then its argument prototype would still apply.  */
| #ifdef __cplusplus
| extern "C"
| #endif
| char freexl_version ();
| int
| main ()
| {
| return freexl_version ();
|   ;
|   return 0;
| }
configure:18039: gcc -o conftest -g -O2   conftest.c -lfreexl -lm -lcharset -lproj -lsqlite3 -lz -lsqlite3  >&5
configure:18039: $? = 0
configure:18056: result: -lfreexl
configure:18114: checking for geos-config
configure:18132: found /usr/local/bin/geos-config
configure:18144: result: /usr/local/bin/geos-config
configure:18179: checking geos_c.h usability
configure:18179: gcc -c -g -O2 -I/usr/local/include conftest.c >&5
configure:18179: $? = 0
configure:18179: result: yes
configure:18179: checking geos_c.h presence
configure:18179: gcc -E -I/usr/local/include conftest.c
configure:18179: $? = 0
configure:18179: result: yes
configure:18179: checking for geos_c.h
configure:18179: result: yes
configure:18195: checking for library containing GEOSCoveredBy
configure:18226: gcc -o conftest -g -O2   conftest.c -L/usr/local/lib >&5
/tmp/ccYayobV.o: In function `main':
/home/mj10777/000_links/geopaparazzi/geopaparazzi.eu/libjsqlite-spatialite-android/libjsqlite-spatialite-android/spatialite-android-library/jni/libspatialite-4.4.0/conftest.c:78: undefined reference to `GEOSCoveredBy'
collect2: error: ld returned 1 exit status
configure:18226: $? = 1
configure: failed program was:
| /* confdefs.h */
| #define PACKAGE_NAME "libspatialite"
| #define PACKAGE_TARNAME "libspatialite"
| #define PACKAGE_VERSION "4.4.0-RC0"
| #define PACKAGE_STRING "libspatialite 4.4.0-RC0"
| #define PACKAGE_BUGREPORT "a.furieri@lqt.it"
| #define PACKAGE_URL ""
| #define PACKAGE "libspatialite"
| #define VERSION "4.4.0-RC0"
| #define _LARGE_FILE 1
| #define _FILE_OFFSET_BITS 64
| #define _LARGEFILE_SOURCE 1
| #define NDEBUG 1
| #define STDC_HEADERS 1
| #define HAVE_SYS_TYPES_H 1
| #define HAVE_SYS_STAT_H 1
| #define HAVE_STDLIB_H 1
| #define HAVE_STRING_H 1
| #define HAVE_MEMORY_H 1
| #define HAVE_STRINGS_H 1
| #define HAVE_INTTYPES_H 1
| #define HAVE_STDINT_H 1
| #define HAVE_UNISTD_H 1
| #define HAVE_STDLIB_H 1
| #define HAVE_STDIO_H 1
| #define HAVE_STRING_H 1
| #define HAVE_MEMORY_H 1
| #define HAVE_MATH_H 1
| #define HAVE_FLOAT_H 1
| #define HAVE_FCNTL_H 1
| #define HAVE_INTTYPES_H 1
| #define HAVE_STDDEF_H 1
| #define HAVE_STDINT_H 1
| #define HAVE_SYS_TIME_H 1
| #define HAVE_UNISTD_H 1
| #define HAVE_SQLITE3_H 1
| #define HAVE_SQLITE3EXT_H 1
| #define HAVE_ZLIB_H 1
| #define HAVE_DLFCN_H 1
| #define LT_OBJDIR ".libs/"
| #define TIME_WITH_SYS_TIME 1
| #define HAVE_LSTAT_EMPTY_STRING_BUG 1
| #define HAVE_STAT_EMPTY_STRING_BUG 1
| #define HAVE_STRFTIME 1
| #define HAVE_MEMSET 1
| #define HAVE_STRCASECMP 1
| #define HAVE_STRERROR 1
| #define HAVE_STRNCASECMP 1
| #define HAVE_STRSTR 1
| #define HAVE_FDATASYNC 1
| #define HAVE_FTRUNCATE 1
| #define HAVE_GETCWD 1
| #define HAVE_GETTIMEOFDAY 1
| #define HAVE_LOCALTIME_R 1
| #define HAVE_MEMMOVE 1
| #define HAVE_STRERROR 1
| #define HAVE_LIBSQLITE3 1
| #define HAVE_LIBZ 1
| #define TARGET_CPU "x86_64-linux-gnu"
| #define OMIT_GEOCALLBACKS 1
| #define HAVE_LIBSQLITE3 1
| #define HAVE_PROJ_API_H 1
| #define HAVE_ICONV_H 1
| #define HAVE_FREEXL_H 1
| #define HAVE_GEOS_C_H 1
| /* end confdefs.h.  */
| 
| /* Override any GCC internal prototype to avoid an error.
|    Use char because int might match the return type of a GCC
|    builtin and then its argument prototype would still apply.  */
| #ifdef __cplusplus
| extern "C"
| #endif
| char GEOSCoveredBy ();
| int
| main ()
| {
| return GEOSCoveredBy ();
|   ;
|   return 0;
| }
configure:18226: gcc -o conftest -g -O2   conftest.c -lgeos_c  -L/usr/local/lib >&5
configure:18226: $? = 0
configure:18243: result: -lgeos_c
configure:18282: checking for library containing GEOSDelaunayTriangulation
configure:18313: gcc -o conftest -g -O2   conftest.c -lfreexl -lcharset -lproj -lsqlite3 -lz -lsqlite3  -L/usr/local/lib -lgeos_c >&5
configure:18313: $? = 0
configure:18330: result: none required
configure:18355: checking for library containing GEOSContext_setErrorMessageHandler_r
configure:18386: gcc -o conftest -g -O2   conftest.c -lfreexl -lcharset -lproj -lsqlite3 -lz -lsqlite3  -L/usr/local/lib -lgeos_c >&5
configure:18386: $? = 0
configure:18403: result: none required
configure:18446: checking liblwgeom.h usability
configure:18446: gcc -c -g -O2  conftest.c >&5
configure:18446: $? = 0
configure:18446: result: yes
configure:18446: checking liblwgeom.h presence
configure:18446: gcc -E  conftest.c
configure:18446: $? = 0
configure:18446: result: yes
configure:18446: checking for liblwgeom.h
configure:18446: result: yes
configure:18465: gcc -o conftest -g -O2   conftest.c -lfreexl -lcharset -lproj -lsqlite3 -lz -lsqlite3  -L/usr/local/lib -lgeos_c -llwgeom -lgeos_c >&5
configure:18465: $? = 0
configure:18478: checking for library containing lwgeom_set_handlers
configure:18509: gcc -o conftest -g -O2   conftest.c -lfreexl -lcharset -lproj -lsqlite3 -lz -lsqlite3  -L/usr/local/lib -lgeos_c -llwgeom -lgeos_c >&5
configure:18509: $? = 0
configure:18526: result: none required
configure:18538: checking for library containing lwt_AddIsoNode
configure:18569: gcc -o conftest -g -O2   conftest.c -lfreexl -lcharset -lproj -lsqlite3 -lz -lsqlite3  -L/usr/local/lib -lgeos_c -llwgeom -lgeos_c >&5
configure:18569: $? = 0
configure:18586: result: none required
configure:18623: checking for arm-linux-eabi-pkg-config
configure:18656: result: no
configure:18666: checking for pkg-config
configure:18684: found /usr/bin/pkg-config
configure:18696: result: /usr/bin/pkg-config
configure:18721: checking pkg-config is at least version 0.9.0
configure:18724: result: yes
configure:18734: checking for LIBXML2
configure:18741: $PKG_CONFIG --exists --print-errors "libxml-2.0"
configure:18744: $? = 0
configure:18758: $PKG_CONFIG --exists --print-errors "libxml-2.0"
configure:18761: $? = 0
configure:18799: result: yes
configure:18917: checking whether SQLITE_INDEX_CONSTRAINT_LIKE is declared
configure:18917: gcc -c -g -O2  conftest.c >&5
conftest.c: In function 'main':
conftest.c:85:10: error: 'SQLITE_INDEX_CONSTRAINT_LIKE' undeclared (first use in this function)
   (void) SQLITE_INDEX_CONSTRAINT_LIKE;
          ^
conftest.c:85:10: note: each undeclared identifier is reported only once for each function it appears in
configure:18917: $? = 1
configure: failed program was:
| /* confdefs.h */
| #define PACKAGE_NAME "libspatialite"
| #define PACKAGE_TARNAME "libspatialite"
| #define PACKAGE_VERSION "4.4.0-RC0"
| #define PACKAGE_STRING "libspatialite 4.4.0-RC0"
| #define PACKAGE_BUGREPORT "a.furieri@lqt.it"
| #define PACKAGE_URL ""
| #define PACKAGE "libspatialite"
| #define VERSION "4.4.0-RC0"
| #define _LARGE_FILE 1
| #define _FILE_OFFSET_BITS 64
| #define _LARGEFILE_SOURCE 1
| #define NDEBUG 1
| #define STDC_HEADERS 1
| #define HAVE_SYS_TYPES_H 1
| #define HAVE_SYS_STAT_H 1
| #define HAVE_STDLIB_H 1
| #define HAVE_STRING_H 1
| #define HAVE_MEMORY_H 1
| #define HAVE_STRINGS_H 1
| #define HAVE_INTTYPES_H 1
| #define HAVE_STDINT_H 1
| #define HAVE_UNISTD_H 1
| #define HAVE_STDLIB_H 1
| #define HAVE_STDIO_H 1
| #define HAVE_STRING_H 1
| #define HAVE_MEMORY_H 1
| #define HAVE_MATH_H 1
| #define HAVE_FLOAT_H 1
| #define HAVE_FCNTL_H 1
| #define HAVE_INTTYPES_H 1
| #define HAVE_STDDEF_H 1
| #define HAVE_STDINT_H 1
| #define HAVE_SYS_TIME_H 1
| #define HAVE_UNISTD_H 1
| #define HAVE_SQLITE3_H 1
| #define HAVE_SQLITE3EXT_H 1
| #define HAVE_ZLIB_H 1
| #define HAVE_DLFCN_H 1
| #define LT_OBJDIR ".libs/"
| #define TIME_WITH_SYS_TIME 1
| #define HAVE_LSTAT_EMPTY_STRING_BUG 1
| #define HAVE_STAT_EMPTY_STRING_BUG 1
| #define HAVE_STRFTIME 1
| #define HAVE_MEMSET 1
| #define HAVE_STRCASECMP 1
| #define HAVE_STRERROR 1
| #define HAVE_STRNCASECMP 1
| #define HAVE_STRSTR 1
| #define HAVE_FDATASYNC 1
| #define HAVE_FTRUNCATE 1
| #define HAVE_GETCWD 1
| #define HAVE_GETTIMEOFDAY 1
| #define HAVE_LOCALTIME_R 1
| #define HAVE_MEMMOVE 1
| #define HAVE_STRERROR 1
| #define HAVE_LIBSQLITE3 1
| #define HAVE_LIBZ 1
| #define TARGET_CPU "x86_64-linux-gnu"
| #define OMIT_GEOCALLBACKS 1
| #define HAVE_LIBSQLITE3 1
| #define HAVE_PROJ_API_H 1
| #define HAVE_ICONV_H 1
| #define HAVE_FREEXL_H 1
| #define HAVE_GEOS_C_H 1
| #define ENABLE_GCP 1
| #define GEOS_ADVANCED 1
| #define GEOS_REENTRANT 1
| #define HAVE_LIBLWGEOM_H 1
| #define ENABLE_LWGEOM 1
| #define POSTGIS_2_1 1
| #define POSTGIS_2_2 1
| #define ENABLE_LIBXML2 1
| #define ENABLE_GEOPACKAGE 1
| /* end confdefs.h.  */
| #include <sqlite3.h>
| 
| int
| main ()
| {
| #ifndef SQLITE_INDEX_CONSTRAINT_LIKE
| #ifdef __cplusplus
|   (void) SQLITE_INDEX_CONSTRAINT_LIKE;
| #else
|   (void) SQLITE_INDEX_CONSTRAINT_LIKE;
| #endif
| #endif
| 
|   ;
|   return 0;
| }
configure:18917: result: no
configure:19033: checking that generated files are newer than configure
configure:19039: result: done
configure:19098: creating ./config.status

## ---------------------- ##
## Running config.status. ##
## ---------------------- ##

This file was extended by libspatialite config.status 4.4.0-RC0, which was
generated by GNU Autoconf 2.69.  Invocation command line was

  CONFIG_FILES    = 
  CONFIG_HEADERS  = 
  CONFIG_LINKS    = 
  CONFIG_COMMANDS = 
  $ ./config.status 

on mj10777-01-l

config.status:1264: creating Makefile
config.status:1264: creating src/Makefile
config.status:1264: creating src/headers/Makefile
config.status:1264: creating src/gaiaaux/Makefile
config.status:1264: creating src/gaiaexif/Makefile
config.status:1264: creating src/gaiageo/Makefile
config.status:1264: creating src/gaiageo/flex/Makefile
config.status:1264: creating src/gaiageo/lemon/Makefile
config.status:1264: creating src/gaiageo/lemon/lemon_src/Makefile
config.status:1264: creating src/geopackage/Makefile
config.status:1264: creating src/spatialite/Makefile
config.status:1264: creating src/shapefiles/Makefile
config.status:1264: creating src/dxf/Makefile
config.status:1264: creating src/md5/Makefile
config.status:1264: creating src/control_points/Makefile
config.status:1264: creating src/cutter/Makefile
config.status:1264: creating src/topology/Makefile
config.status:1264: creating src/srsinit/Makefile
config.status:1264: creating src/srsinit/epsg_update/Makefile
config.status:1264: creating src/connection_cache/Makefile
config.status:1264: creating src/connection_cache/generator/Makefile
config.status:1264: creating src/virtualtext/Makefile
config.status:1264: creating src/wfs/Makefile
config.status:1264: creating test/Makefile
config.status:1264: creating test/sql_stmt_tests/Makefile
config.status:1264: creating test/sql_stmt_geos_tests/Makefile
config.status:1264: creating test/sql_stmt_geosadvanced_tests/Makefile
config.status:1264: creating test/sql_stmt_geopackage_tests/Makefile
config.status:1264: creating test/sql_stmt_gpkg_epsg_tests/Makefile
config.status:1264: creating test/sql_stmt_proj_tests/Makefile
config.status:1264: creating test/sql_stmt_mathsql_tests/Makefile
config.status:1264: creating test/sql_stmt_lwgeom_tests/Makefile
config.status:1264: creating test/sql_stmt_lwgeom_20_tests/Makefile
config.status:1264: creating test/sql_stmt_lwgeom_22_tests/Makefile
config.status:1264: creating test/sql_stmt_libxml2_tests/Makefile
config.status:1264: creating test/sql_stmt_security_tests/Makefile
config.status:1264: creating test/sql_stmt_xmlsec_tests/Makefile
config.status:1264: creating test/sql_stmt_freexl_tests/Makefile
config.status:1264: creating test/sql_stmt_cache_tests/Makefile
config.status:1264: creating test/sql_stmt_nocache_tests/Makefile
config.status:1264: creating test/sql_stmt_voronoj1_tests/Makefile
config.status:1264: creating test/sql_stmt_voronoj2_tests/Makefile
config.status:1264: creating examples/Makefile
config.status:1264: creating Doxyfile
config.status:1264: creating spatialite.pc
config.status:1264: creating config.h
config.status:1493: executing depfiles commands
config.status:1493: executing libtool commands

## ---------------- ##
## Cache variables. ##
## ---------------- ##

ac_cv_build=x86_64-pc-linux-gnu
ac_cv_c_compiler_gnu=yes
ac_cv_c_const=yes
ac_cv_c_volatile=yes
ac_cv_cxx_compiler_gnu=yes
ac_cv_env_CCC_set=
ac_cv_env_CCC_value=
ac_cv_env_CC_set=
ac_cv_env_CC_value=
ac_cv_env_CFLAGS_set=
ac_cv_env_CFLAGS_value=
ac_cv_env_CPPFLAGS_set=
ac_cv_env_CPPFLAGS_value=
ac_cv_env_CPP_set=
ac_cv_env_CPP_value=
ac_cv_env_CXXCPP_set=
ac_cv_env_CXXCPP_value=
ac_cv_env_CXXFLAGS_set=
ac_cv_env_CXXFLAGS_value=
ac_cv_env_CXX_set=
ac_cv_env_CXX_value=
ac_cv_env_LDFLAGS_set=
ac_cv_env_LDFLAGS_value=
ac_cv_env_LIBS_set=
ac_cv_env_LIBS_value=
ac_cv_env_LIBXML2_CFLAGS_set=
ac_cv_env_LIBXML2_CFLAGS_value=
ac_cv_env_LIBXML2_LIBS_set=
ac_cv_env_LIBXML2_LIBS_value=
ac_cv_env_PKG_CONFIG_LIBDIR_set=
ac_cv_env_PKG_CONFIG_LIBDIR_value=
ac_cv_env_PKG_CONFIG_PATH_set=
ac_cv_env_PKG_CONFIG_PATH_value=
ac_cv_env_PKG_CONFIG_set=
ac_cv_env_PKG_CONFIG_value=
ac_cv_env_build_alias_set=set
ac_cv_env_build_alias_value=x86_64-pc-linux-gnu
ac_cv_env_host_alias_set=set
ac_cv_env_host_alias_value=arm-linux-eabi
ac_cv_env_target_alias_set=
ac_cv_env_target_alias_value=
ac_cv_func_fdatasync=yes
ac_cv_func_ftruncate=yes
ac_cv_func_getcwd=yes
ac_cv_func_gettimeofday=yes
ac_cv_func_localtime_r=yes
ac_cv_func_lstat_dereferences_slashed_symlink=no
ac_cv_func_lstat_empty_string_bug=yes
ac_cv_func_memcmp_working=no
ac_cv_func_memmove=yes
ac_cv_func_memset=yes
ac_cv_func_sqrt=no
ac_cv_func_stat_empty_string_bug=yes
ac_cv_func_strcasecmp=yes
ac_cv_func_strerror=yes
ac_cv_func_strftime=yes
ac_cv_func_strncasecmp=yes
ac_cv_func_strstr=yes
ac_cv_have_decl_SQLITE_INDEX_CONSTRAINT_LIKE=no
ac_cv_header_dlfcn_h=yes
ac_cv_header_fcntl_h=yes
ac_cv_header_float_h=yes
ac_cv_header_freexl_h=yes
ac_cv_header_geos_c_h=yes
ac_cv_header_iconv_h=yes
ac_cv_header_inttypes_h=yes
ac_cv_header_liblwgeom_h=yes
ac_cv_header_math_h=yes
ac_cv_header_memory_h=yes
ac_cv_header_proj_api_h=yes
ac_cv_header_sqlite3_h=yes
ac_cv_header_sqlite3ext_h=yes
ac_cv_header_stdc=yes
ac_cv_header_stddef_h=yes
ac_cv_header_stdint_h=yes
ac_cv_header_stdio_h=yes
ac_cv_header_stdlib_h=yes
ac_cv_header_string_h=yes
ac_cv_header_strings_h=yes
ac_cv_header_sys_stat_h=yes
ac_cv_header_sys_time_h=yes
ac_cv_header_sys_types_h=yes
ac_cv_header_time=yes
ac_cv_header_unistd_h=yes
ac_cv_header_zlib_h=yes
ac_cv_host=arm-linux-eabi
ac_cv_lib_sqlite3_sqlite3_prepare_v2=yes
ac_cv_lib_sqlite3_sqlite3_rtree_query_callback=yes
ac_cv_lib_z_inflateInit_=yes
ac_cv_objext=o
ac_cv_path_EGREP='/bin/grep -E'
ac_cv_path_FGREP='/bin/grep -F'
ac_cv_path_GEOSCONFIG=/usr/local/bin/geos-config
ac_cv_path_GREP=/bin/grep
ac_cv_path_SED=/bin/sed
ac_cv_path_ac_pt_PKG_CONFIG=/usr/bin/pkg-config
ac_cv_path_install='/usr/bin/install -c'
ac_cv_path_mkdir=/bin/mkdir
ac_cv_prog_AWK=gawk
ac_cv_prog_CC=gcc
ac_cv_prog_CPP='gcc -E'
ac_cv_prog_CXXCPP='g++ -E'
ac_cv_prog_DLLTOOL=dlltool
ac_cv_prog_OBJDUMP=objdump
ac_cv_prog_STRIP=strip
ac_cv_prog_ac_ct_AR=ar
ac_cv_prog_ac_ct_CC=gcc
ac_cv_prog_ac_ct_CXX=g++
ac_cv_prog_ac_ct_DUMPBIN='link -dump'
ac_cv_prog_ac_ct_MANIFEST_TOOL=mt
ac_cv_prog_ac_ct_RANLIB=ranlib
ac_cv_prog_ac_ct_STRIP=strip
ac_cv_prog_cc_c89=
ac_cv_prog_cc_g=yes
ac_cv_prog_cxx_g=yes
ac_cv_prog_make_make_set=yes
ac_cv_search_GEOSContext_setErrorMessageHandler_r='none required'
ac_cv_search_GEOSCoveredBy=-lgeos_c
ac_cv_search_GEOSDelaunayTriangulation='none required'
ac_cv_search_freexl_version=-lfreexl
ac_cv_search_iconv='none required'
ac_cv_search_locale_charset=-lcharset
ac_cv_search_lwgeom_set_handlers='none required'
ac_cv_search_lwt_AddIsoNode='none required'
ac_cv_search_pj_init_ctx='none required'
ac_cv_search_pj_init_plus=-lproj
ac_cv_struct_tm=time.h
ac_cv_type_off_t=yes
ac_cv_type_size_t=yes
am_cv_CC_dependencies_compiler_type=gcc3
am_cv_CXX_dependencies_compiler_type=gcc3
am_cv_make_support_nested_variables=yes
am_cv_prog_cc_c_o=yes
lt_cv_ar_at_file=@
lt_cv_archive_cmds_need_lc=no
lt_cv_deplibs_check_method=unknown
lt_cv_file_magic_cmd='$MAGIC_CMD'
lt_cv_file_magic_test_file=
lt_cv_ld_reload_flag=-r
lt_cv_nm_interface='BSD nm'
lt_cv_objdir=.libs
lt_cv_path_LD=/usr/bin/ld
lt_cv_path_LDCXX=/usr/bin/ld
lt_cv_path_NM=no
lt_cv_path_mainfest_tool=no
lt_cv_prog_compiler_c_o=yes
lt_cv_prog_compiler_c_o_CXX=yes
lt_cv_prog_compiler_pic='-fPIC -DPIC'
lt_cv_prog_compiler_pic_CXX='-fPIC -DPIC'
lt_cv_prog_compiler_pic_works=yes
lt_cv_prog_compiler_pic_works_CXX=yes
lt_cv_prog_compiler_rtti_exceptions=no
lt_cv_prog_compiler_static_works=yes
lt_cv_prog_compiler_static_works_CXX=yes
lt_cv_prog_gnu_ld=yes
lt_cv_prog_gnu_ldcxx=yes
lt_cv_sharedlib_from_linklib_cmd='printf %s\n'
lt_cv_sys_global_symbol_pipe='sed -n -e '\''s/^.*[	 ]\([ABCDGIRSTW][ABCDGIRSTW]*\)[	 ][	 ]*\([_A-Za-z][_A-Za-z0-9]*\)$/\1 \2 \2/p'\'' | sed '\''/ __gnu_lto/d'\'''
lt_cv_sys_global_symbol_to_c_name_address='sed -n -e '\''s/^: \([^ ]*\)[ ]*$/  {\"\1\", (void *) 0},/p'\'' -e '\''s/^[ABCDGIRSTW]* \([^ ]*\) \([^ ]*\)$/  {"\2", (void *) \&\2},/p'\'''
lt_cv_sys_global_symbol_to_c_name_address_lib_prefix='sed -n -e '\''s/^: \([^ ]*\)[ ]*$/  {\"\1\", (void *) 0},/p'\'' -e '\''s/^[ABCDGIRSTW]* \([^ ]*\) \(lib[^ ]*\)$/  {"\2", (void *) \&\2},/p'\'' -e '\''s/^[ABCDGIRSTW]* \([^ ]*\) \([^ ]*\)$/  {"lib\2", (void *) \&\2},/p'\'''
lt_cv_sys_global_symbol_to_cdecl='sed -n -e '\''s/^T .* \(.*\)$/extern int \1();/p'\'' -e '\''s/^[ABCDGIRSTW]* .* \(.*\)$/extern char \1;/p'\'''
lt_cv_sys_max_cmd_len=1572864
lt_cv_to_host_file_cmd=func_convert_file_noop
lt_cv_to_tool_file_cmd=func_convert_file_noop
pkg_cv_LIBXML2_CFLAGS='-I/usr/include/libxml2 '
pkg_cv_LIBXML2_LIBS='-lxml2 '

## ----------------- ##
## Output variables. ##
## ----------------- ##

ACLOCAL='aclocal-1.15'
AMDEPBACKSLASH='\'
AMDEP_FALSE='#'
AMDEP_TRUE=''
AMTAR='$${TAR-tar}'
AM_BACKSLASH='\'
AM_DEFAULT_V='$(AM_DEFAULT_VERBOSITY)'
AM_DEFAULT_VERBOSITY='1'
AM_V='$(V)'
ANDROID_FALSE=''
ANDROID_TRUE='#'
AR='ar'
AS='as'
AUTOCONF='autoconf'
AUTOHEADER='autoheader'
AUTOMAKE='automake-1.15'
AWK='gawk'
CC='gcc'
CCDEPMODE='depmode=gcc3'
CFLAGS='-g -O2'
CPP='gcc -E'
CPPFLAGS=''
CXX='g++'
CXXCPP='g++ -E'
CXXDEPMODE='depmode=gcc3'
CXXFLAGS='-g -O2'
CYGPATH_W='echo'
DEFS='-DHAVE_CONFIG_H'
DEPDIR='.deps'
DLLTOOL='dlltool'
DSYMUTIL=''
DUMPBIN=':'
ECHO_C=''
ECHO_N='-n'
ECHO_T=''
EGREP='/bin/grep -E'
ENABLE_EXAMPLES_FALSE=''
ENABLE_EXAMPLES_TRUE='#'
ENABLE_GEOPACKAGE_FALSE='#'
ENABLE_GEOPACKAGE_TRUE=''
EXEEXT=''
FGREP='/bin/grep -F'
GEOSCONFIG='/usr/local/bin/geos-config'
GEOS_CFLAGS='-I/usr/local/include'
GEOS_LDFLAGS='-L/usr/local/lib'
GREP='/bin/grep'
INSTALL_DATA='${INSTALL} -m 644'
INSTALL_PROGRAM='${INSTALL}'
INSTALL_SCRIPT='${INSTALL}'
INSTALL_STRIP_PROGRAM='$(install_sh) -c -s'
LD='/usr/bin/ld'
LDFLAGS=''
LIBOBJS=' ${LIBOBJDIR}lstat$U.o ${LIBOBJDIR}memcmp$U.o ${LIBOBJDIR}stat$U.o'
LIBS='-lfreexl -lcharset -lproj -lsqlite3 -lz -lsqlite3  -L/usr/local/lib -lgeos_c -llwgeom -lgeos_c'
LIBTOOL='$(SHELL) $(top_builddir)/libtool'
LIBXML2_CFLAGS='-I/usr/include/libxml2 '
LIBXML2_LIBS='-lxml2 '
LIPO=''
LN_S='ln -s'
LTLIBOBJS=' ${LIBOBJDIR}lstat$U.lo ${LIBOBJDIR}memcmp$U.lo ${LIBOBJDIR}stat$U.lo'
MACOSX_FALSE=''
MACOSX_TRUE='#'
MAINT='#'
MAINTAINER_MODE_FALSE=''
MAINTAINER_MODE_TRUE='#'
MAKEINFO='makeinfo'
MANIFEST_TOOL=':'
MINGW_FALSE=''
MINGW_TRUE='#'
MKDIR_P='/bin/mkdir -p'
MODULE_ONLY_FALSE=''
MODULE_ONLY_TRUE='#'
NM='nm'
NMEDIT=''
OBJDUMP='objdump'
OBJEXT='o'
OTOOL64=''
OTOOL=''
PACKAGE='libspatialite'
PACKAGE_BUGREPORT='a.furieri@lqt.it'
PACKAGE_NAME='libspatialite'
PACKAGE_STRING='libspatialite 4.4.0-RC0'
PACKAGE_TARNAME='libspatialite'
PACKAGE_URL=''
PACKAGE_VERSION='4.4.0-RC0'
PATH_SEPARATOR=':'
PKG_CONFIG='/usr/bin/pkg-config'
PKG_CONFIG_LIBDIR=''
PKG_CONFIG_PATH=''
RANLIB='ranlib'
SED='/bin/sed'
SET_MAKE=''
SHELL='/bin/bash'
STRIP='strip'
VERSION='4.4.0-RC0'
ac_ct_AR='ar'
ac_ct_CC='gcc'
ac_ct_CXX='g++'
ac_ct_DUMPBIN='link -dump'
am__EXEEXT_FALSE=''
am__EXEEXT_TRUE='#'
am__fastdepCC_FALSE='#'
am__fastdepCC_TRUE=''
am__fastdepCXX_FALSE='#'
am__fastdepCXX_TRUE=''
am__include='include'
am__isrc=''
am__leading_dot='.'
am__nodep='_no'
am__quote=''
am__tar='$${TAR-tar} chof - "$$tardir"'
am__untar='$${TAR-tar} xf -'
bindir='${exec_prefix}/bin'
build='x86_64-pc-linux-gnu'
build_alias='x86_64-pc-linux-gnu'
build_cpu='x86_64'
build_os='linux-gnu'
build_vendor='pc'
datadir='${datarootdir}'
datarootdir='${prefix}/share'
docdir='${datarootdir}/doc/${PACKAGE_TARNAME}'
dvidir='${docdir}'
exec_prefix='${prefix}'
host='arm-linux-eabi'
host_alias='arm-linux-eabi'
host_cpu='arm'
host_os='eabi'
host_vendor='linux'
htmldir='${docdir}'
includedir='${prefix}/include'
infodir='${datarootdir}/info'
install_sh='${SHELL} /home/mj10777/000_links/geopaparazzi/geopaparazzi.eu/libjsqlite-spatialite-android/libjsqlite-spatialite-android/spatialite-android-library/jni/libspatialite-4.4.0/install-sh'
libdir='${exec_prefix}/lib'
libexecdir='${exec_prefix}/libexec'
localedir='${datarootdir}/locale'
localstatedir='${prefix}/var'
mandir='${datarootdir}/man'
mkdir_p='$(MKDIR_P)'
oldincludedir='/usr/include'
pdfdir='${docdir}'
prefix='/usr/local'
program_transform_name='s,x,x,'
psdir='${docdir}'
sbindir='${exec_prefix}/sbin'
sharedstatedir='${prefix}/com'
sysconfdir='${prefix}/etc'
target_alias=''

## ----------- ##
## confdefs.h. ##
## ----------- ##

/* confdefs.h */
#define PACKAGE_NAME "libspatialite"
#define PACKAGE_TARNAME "libspatialite"
#define PACKAGE_VERSION "4.4.0-RC0"
#define PACKAGE_STRING "libspatialite 4.4.0-RC0"
#define PACKAGE_BUGREPORT "a.furieri@lqt.it"
#define PACKAGE_URL ""
#define PACKAGE "libspatialite"
#define VERSION "4.4.0-RC0"
#define _LARGE_FILE 1
#define _FILE_OFFSET_BITS 64
#define _LARGEFILE_SOURCE 1
#define NDEBUG 1
#define STDC_HEADERS 1
#define HAVE_SYS_TYPES_H 1
#define HAVE_SYS_STAT_H 1
#define HAVE_STDLIB_H 1
#define HAVE_STRING_H 1
#define HAVE_MEMORY_H 1
#define HAVE_STRINGS_H 1
#define HAVE_INTTYPES_H 1
#define HAVE_STDINT_H 1
#define HAVE_UNISTD_H 1
#define HAVE_STDLIB_H 1
#define HAVE_STDIO_H 1
#define HAVE_STRING_H 1
#define HAVE_MEMORY_H 1
#define HAVE_MATH_H 1
#define HAVE_FLOAT_H 1
#define HAVE_FCNTL_H 1
#define HAVE_INTTYPES_H 1
#define HAVE_STDDEF_H 1
#define HAVE_STDINT_H 1
#define HAVE_SYS_TIME_H 1
#define HAVE_UNISTD_H 1
#define HAVE_SQLITE3_H 1
#define HAVE_SQLITE3EXT_H 1
#define HAVE_ZLIB_H 1
#define HAVE_DLFCN_H 1
#define LT_OBJDIR ".libs/"
#define TIME_WITH_SYS_TIME 1
#define HAVE_LSTAT_EMPTY_STRING_BUG 1
#define HAVE_STAT_EMPTY_STRING_BUG 1
#define HAVE_STRFTIME 1
#define HAVE_MEMSET 1
#define HAVE_STRCASECMP 1
#define HAVE_STRERROR 1
#define HAVE_STRNCASECMP 1
#define HAVE_STRSTR 1
#define HAVE_FDATASYNC 1
#define HAVE_FTRUNCATE 1
#define HAVE_GETCWD 1
#define HAVE_GETTIMEOFDAY 1
#define HAVE_LOCALTIME_R 1
#define HAVE_MEMMOVE 1
#define HAVE_STRERROR 1
#define HAVE_LIBSQLITE3 1
#define HAVE_LIBZ 1
#define TARGET_CPU "x86_64-linux-gnu"
#define OMIT_GEOCALLBACKS 1
#define HAVE_LIBSQLITE3 1
#define HAVE_PROJ_API_H 1
#define HAVE_ICONV_H 1
#define HAVE_FREEXL_H 1
#define HAVE_GEOS_C_H 1
#define ENABLE_GCP 1
#define GEOS_ADVANCED 1
#define GEOS_REENTRANT 1
#define HAVE_LIBLWGEOM_H 1
#define ENABLE_LWGEOM 1
#define POSTGIS_2_1 1
#define POSTGIS_2_2 1
#define ENABLE_LIBXML2 1
#define ENABLE_GEOPACKAGE 1

configure: exit 0
