This file contains any messages produced by compilers while
running configure, to aid debugging if configure makes a mistake.

It was created by librasterlite2 configure 0.8, which was
generated by GNU Autoconf 2.69.  Invocation command line was

  $ ./configure --build=x86_64-pc-linux-gnu --host=arm-linux-eabi

## --------- ##
## Platform. ##
## --------- ##

hostname = mj10777-01-l
uname -m = x86_64
uname -r = 3.2.0-63-generic
uname -s = Linux
uname -v = #95-Ubuntu SMP Thu May 15 23:05:57 UTC 2014

/usr/bin/uname -p = unknown
/bin/uname -X     = unknown

/bin/arch              = unknown
/usr/bin/arch -k       = unknown
/usr/convex/getsysinfo = unknown
/usr/bin/hostinfo      = unknown
/bin/machine           = unknown
/usr/bin/oslevel       = unknown
/bin/universe          = unknown

PATH: /usr/local/pgsql/bin
PATH: /usr/local/pgsql/bin
PATH: /home/mj10777/bin
PATH: /home/mj10777/apps/bin
PATH: /usr/local/pgsql/bin
PATH: /usr/lib/lightdm/lightdm
PATH: /usr/local/sbin
PATH: /usr/local/bin
PATH: /usr/sbin
PATH: /usr/bin
PATH: /sbin
PATH: /bin
PATH: /usr/games
PATH: /home/mj10777/000_links/gnu_source/qt_dev/Qt5.1.0/5.1.0/gcc_64/bin
PATH: /home/mj10777/000_links/gnu_source/adt-bundle-linux/sdk
PATH: /home/mj10777/000_links/gnu_source/adt-bundle-linux/sdk/tools/home/mj10777/000_links/gnu_source/adt-bundle-linux/sdk/platform-tools
PATH: /home/mj10777/000_links/gnu_source/adt-bundle-linux/sdk/tools
PATH: /home/mj10777/000_links/gnu_source/adt-bundle-linux/android-ndk-r9d
PATH: /home/mj10777/000_links/gnu_source/adt-bundle-linux/apache-ant/bin


## ----------- ##
## Core tests. ##
## ----------- ##

configure:2524: checking for a BSD-compatible install
configure:2592: result: /usr/bin/install -c
configure:2603: checking whether build environment is sane
configure:2658: result: yes
configure:2717: checking for arm-linux-eabi-strip
configure:2747: result: no
configure:2757: checking for strip
configure:2773: found /usr/bin/strip
configure:2784: result: strip
configure:2796: WARNING: using cross tools not prefixed with host triplet
configure:2809: checking for a thread-safe mkdir -p
configure:2848: result: /bin/mkdir -p
configure:2855: checking for gawk
configure:2871: found /usr/bin/gawk
configure:2882: result: gawk
configure:2893: checking whether make sets $(MAKE)
configure:2915: result: yes
configure:2944: checking whether make supports nested variables
configure:2961: result: yes
configure:3046: checking whether to enable maintainer-specific portions of Makefiles
configure:3055: result: no
configure:3102: checking for style of include used by make
configure:3130: result: GNU
configure:3161: checking for arm-linux-eabi-gcc
configure:3191: result: no
configure:3201: checking for gcc
configure:3217: found /usr/bin/gcc
configure:3228: result: gcc
configure:3457: checking for C compiler version
configure:3466: gcc --version >&5
gcc (Ubuntu 4.8.1-2ubuntu1~12.04) 4.8.1
Copyright (C) 2013 Free Software Foundation, Inc.
This is free software; see the source for copying conditions.  There is NO
warranty; not even for MERCHANTABILITY or FITNESS FOR A PARTICULAR PURPOSE.

configure:3477: $? = 0
configure:3466: gcc -v >&5
Using built-in specs.
COLLECT_GCC=gcc
COLLECT_LTO_WRAPPER=/usr/lib/gcc/x86_64-linux-gnu/4.8/lto-wrapper
Target: x86_64-linux-gnu
Configured with: ../src/configure -v --with-pkgversion='Ubuntu 4.8.1-2ubuntu1~12.04' --with-bugurl=file:///usr/share/doc/gcc-4.8/README.Bugs --enable-languages=c,c++,java,go,d,fortran,objc,obj-c++ --prefix=/usr --program-suffix=-4.8 --enable-shared --enable-linker-build-id --libexecdir=/usr/lib --without-included-gettext --enable-threads=posix --with-gxx-include-dir=/usr/include/c++/4.8 --libdir=/usr/lib --enable-nls --with-sysroot=/ --enable-clocale=gnu --enable-libstdcxx-debug --enable-libstdcxx-time=yes --enable-gnu-unique-object --enable-plugin --with-system-zlib --disable-browser-plugin --enable-java-awt=gtk --enable-gtk-cairo --with-java-home=/usr/lib/jvm/java-1.5.0-gcj-4.8-amd64/jre --enable-java-home --with-jvm-root-dir=/usr/lib/jvm/java-1.5.0-gcj-4.8-amd64 --with-jvm-jar-dir=/usr/lib/jvm-exports/java-1.5.0-gcj-4.8-amd64 --with-arch-directory=amd64 --with-ecj-jar=/usr/share/java/eclipse-ecj.jar --enable-objc-gc --enable-multiarch --disable-werror --with-arch-32=i686 --with-abi=m64 --with-multilib-list=m32,m64 --with-tune=generic --enable-checking=release --build=x86_64-linux-gnu --host=x86_64-linux-gnu --target=x86_64-linux-gnu
Thread model: posix
gcc version 4.8.1 (Ubuntu 4.8.1-2ubuntu1~12.04) 
configure:3477: $? = 0
configure:3466: gcc -V >&5
gcc: error: unrecognized command line option '-V'
gcc: fatal error: no input files
compilation terminated.
configure:3477: $? = 4
configure:3466: gcc -qversion >&5
gcc: error: unrecognized command line option '-qversion'
gcc: fatal error: no input files
compilation terminated.
configure:3477: $? = 4
configure:3497: checking whether the C compiler works
configure:3519: gcc    conftest.c  >&5
configure:3523: $? = 0
configure:3571: result: yes
configure:3574: checking for C compiler default output file name
configure:3576: result: a.out
configure:3582: checking for suffix of executables
configure:3589: gcc -o conftest    conftest.c  >&5
configure:3593: $? = 0
configure:3615: result: 
configure:3637: checking whether we are cross compiling
configure:3675: result: yes
configure:3680: checking for suffix of object files
configure:3702: gcc -c   conftest.c >&5
configure:3706: $? = 0
configure:3727: result: o
configure:3731: checking whether we are using the GNU C compiler
configure:3750: gcc -c   conftest.c >&5
configure:3750: $? = 0
configure:3759: result: yes
configure:3768: checking whether gcc accepts -g
configure:3788: gcc -c -g  conftest.c >&5
configure:3788: $? = 0
configure:3829: result: yes
configure:3846: checking for gcc option to accept ISO C89
configure:3909: gcc  -c -g -O2  conftest.c >&5
configure:3909: $? = 0
configure:3922: result: none needed
configure:3944: checking dependency style of gcc
configure:4055: result: gcc3
configure:4076: checking how to run the C preprocessor
configure:4107: gcc -E  conftest.c
configure:4107: $? = 0
configure:4121: gcc -E  conftest.c
conftest.c:15:28: fatal error: ac_nonexistent.h: No such file or directory
 #include <ac_nonexistent.h>
                            ^
compilation terminated.
configure:4121: $? = 1
configure: failed program was:
| /* confdefs.h */
| #define PACKAGE_NAME "librasterlite2"
| #define PACKAGE_TARNAME "librasterlite2"
| #define PACKAGE_VERSION "0.8"
| #define PACKAGE_STRING "librasterlite2 0.8"
| #define PACKAGE_BUGREPORT "a.furieri@lqt.it"
| #define PACKAGE_URL ""
| #define PACKAGE "librasterlite2"
| #define VERSION "0.8"
| #define _LARGE_FILE 1
| #define _FILE_OFFSET_BITS 64
| #define _LARGEFILE_SOURCE 1
| #define NDEBUG 1
| /* end confdefs.h.  */
| #include <ac_nonexistent.h>
configure:4146: result: gcc -E
configure:4166: gcc -E  conftest.c
configure:4166: $? = 0
configure:4180: gcc -E  conftest.c
conftest.c:15:28: fatal error: ac_nonexistent.h: No such file or directory
 #include <ac_nonexistent.h>
                            ^
compilation terminated.
configure:4180: $? = 1
configure: failed program was:
| /* confdefs.h */
| #define PACKAGE_NAME "librasterlite2"
| #define PACKAGE_TARNAME "librasterlite2"
| #define PACKAGE_VERSION "0.8"
| #define PACKAGE_STRING "librasterlite2 0.8"
| #define PACKAGE_BUGREPORT "a.furieri@lqt.it"
| #define PACKAGE_URL ""
| #define PACKAGE "librasterlite2"
| #define VERSION "0.8"
| #define _LARGE_FILE 1
| #define _FILE_OFFSET_BITS 64
| #define _LARGEFILE_SOURCE 1
| #define NDEBUG 1
| /* end confdefs.h.  */
| #include <ac_nonexistent.h>
configure:4209: checking for grep that handles long lines and -e
configure:4267: result: /bin/grep
configure:4272: checking for egrep
configure:4334: result: /bin/grep -E
configure:4339: checking for ANSI C header files
configure:4359: gcc -c -g -O2  conftest.c >&5
configure:4359: $? = 0
configure:4443: result: yes
configure:4456: checking for sys/types.h
configure:4456: gcc -c -g -O2  conftest.c >&5
configure:4456: $? = 0
configure:4456: result: yes
configure:4456: checking for sys/stat.h
configure:4456: gcc -c -g -O2  conftest.c >&5
configure:4456: $? = 0
configure:4456: result: yes
configure:4456: checking for stdlib.h
configure:4456: gcc -c -g -O2  conftest.c >&5
configure:4456: $? = 0
configure:4456: result: yes
configure:4456: checking for string.h
configure:4456: gcc -c -g -O2  conftest.c >&5
configure:4456: $? = 0
configure:4456: result: yes
configure:4456: checking for memory.h
configure:4456: gcc -c -g -O2  conftest.c >&5
configure:4456: $? = 0
configure:4456: result: yes
configure:4456: checking for strings.h
configure:4456: gcc -c -g -O2  conftest.c >&5
configure:4456: $? = 0
configure:4456: result: yes
configure:4456: checking for inttypes.h
configure:4456: gcc -c -g -O2  conftest.c >&5
configure:4456: $? = 0
configure:4456: result: yes
configure:4456: checking for stdint.h
configure:4456: gcc -c -g -O2  conftest.c >&5
configure:4456: $? = 0
configure:4456: result: yes
configure:4456: checking for unistd.h
configure:4456: gcc -c -g -O2  conftest.c >&5
configure:4456: $? = 0
configure:4456: result: yes
configure:4470: checking for stdlib.h
configure:4470: result: yes
configure:4484: checking stdio.h usability
configure:4484: gcc -c -g -O2  conftest.c >&5
configure:4484: $? = 0
configure:4484: result: yes
configure:4484: checking stdio.h presence
configure:4484: gcc -E  conftest.c
configure:4484: $? = 0
configure:4484: result: yes
configure:4484: checking for stdio.h
configure:4484: result: yes
configure:4498: checking for string.h
configure:4498: result: yes
configure:4512: checking for memory.h
configure:4512: result: yes
configure:4526: checking math.h usability
configure:4526: gcc -c -g -O2  conftest.c >&5
configure:4526: $? = 0
configure:4526: result: yes
configure:4526: checking math.h presence
configure:4526: gcc -E  conftest.c
configure:4526: $? = 0
configure:4526: result: yes
configure:4526: checking for math.h
configure:4526: result: yes
configure:4540: checking float.h usability
configure:4540: gcc -c -g -O2  conftest.c >&5
configure:4540: $? = 0
configure:4540: result: yes
configure:4540: checking float.h presence
configure:4540: gcc -E  conftest.c
configure:4540: $? = 0
configure:4540: result: yes
configure:4540: checking for float.h
configure:4540: result: yes
configure:4554: checking jpeglib.h usability
configure:4554: gcc -c -g -O2  conftest.c >&5
configure:4554: $? = 0
configure:4554: result: yes
configure:4554: checking jpeglib.h presence
configure:4554: gcc -E  conftest.c
configure:4554: $? = 0
configure:4554: result: yes
configure:4554: checking for jpeglib.h
configure:4554: result: yes
configure:4568: checking jerror.h usability
configure:4568: gcc -c -g -O2  conftest.c >&5
configure:4568: $? = 0
configure:4568: result: yes
configure:4568: checking jerror.h presence
configure:4568: gcc -E  conftest.c
configure:4568: $? = 0
configure:4568: result: yes
configure:4568: checking for jerror.h
configure:4568: result: yes
configure:4582: checking png.h usability
configure:4582: gcc -c -g -O2  conftest.c >&5
configure:4582: $? = 0
configure:4582: result: yes
configure:4582: checking png.h presence
configure:4582: gcc -E  conftest.c
configure:4582: $? = 0
configure:4582: result: yes
configure:4582: checking for png.h
configure:4582: result: yes
configure:4596: checking zlib.h usability
configure:4596: gcc -c -g -O2  conftest.c >&5
configure:4596: $? = 0
configure:4596: result: yes
configure:4596: checking zlib.h presence
configure:4596: gcc -E  conftest.c
configure:4596: $? = 0
configure:4596: result: yes
configure:4596: checking for zlib.h
configure:4596: result: yes
configure:4610: checking gif_lib.h usability
configure:4610: gcc -c -g -O2  conftest.c >&5
configure:4610: $? = 0
configure:4610: result: yes
configure:4610: checking gif_lib.h presence
configure:4610: gcc -E  conftest.c
configure:4610: $? = 0
configure:4610: result: yes
configure:4610: checking for gif_lib.h
configure:4610: result: yes
configure:4624: checking lzma.h usability
configure:4624: gcc -c -g -O2  conftest.c >&5
configure:4624: $? = 0
configure:4624: result: yes
configure:4624: checking lzma.h presence
configure:4624: gcc -E  conftest.c
configure:4624: $? = 0
configure:4624: result: yes
configure:4624: checking for lzma.h
configure:4624: result: yes
configure:4648: checking geotiff/geotiff.h usability
configure:4648: gcc -c -g -O2  conftest.c >&5
conftest.c:70:29: fatal error: geotiff/geotiff.h: No such file or directory
 #include <geotiff/geotiff.h>
                             ^
compilation terminated.
configure:4648: $? = 1
configure: failed program was:
| /* confdefs.h */
| #define PACKAGE_NAME "librasterlite2"
| #define PACKAGE_TARNAME "librasterlite2"
| #define PACKAGE_VERSION "0.8"
| #define PACKAGE_STRING "librasterlite2 0.8"
| #define PACKAGE_BUGREPORT "a.furieri@lqt.it"
| #define PACKAGE_URL ""
| #define PACKAGE "librasterlite2"
| #define VERSION "0.8"
| #define _LARGE_FILE 1
| #define _FILE_OFFSET_BITS 64
| #define _LARGEFILE_SOURCE 1
| #define NDEBUG 1
| #define STDC_HEADERS 1
| #define HAVE_SYS_TYPES_H 1
| #define HAVE_SYS_STAT_H 1
| #define HAVE_STDLIB_H 1
| #define HAVE_STRING_H 1
| #define HAVE_MEMORY_H 1
| #define HAVE_STRINGS_H 1
| #define HAVE_INTTYPES_H 1
| #define HAVE_STDINT_H 1
| #define HAVE_UNISTD_H 1
| #define HAVE_STDLIB_H 1
| #define HAVE_STDIO_H 1
| #define HAVE_STRING_H 1
| #define HAVE_MEMORY_H 1
| #define HAVE_MATH_H 1
| #define HAVE_FLOAT_H 1
| #define HAVE_JPEGLIB_H 1
| #define HAVE_JERROR_H 1
| #define HAVE_PNG_H 1
| #define HAVE_ZLIB_H 1
| #define HAVE_GIF_LIB_H 1
| #define HAVE_LZMA_H 1
| /* end confdefs.h.  */
| #include <stdio.h>
| #ifdef HAVE_SYS_TYPES_H
| # include <sys/types.h>
| #endif
| #ifdef HAVE_SYS_STAT_H
| # include <sys/stat.h>
| #endif
| #ifdef STDC_HEADERS
| # include <stdlib.h>
| # include <stddef.h>
| #else
| # ifdef HAVE_STDLIB_H
| #  include <stdlib.h>
| # endif
| #endif
| #ifdef HAVE_STRING_H
| # if !defined STDC_HEADERS && defined HAVE_MEMORY_H
| #  include <memory.h>
| # endif
| # include <string.h>
| #endif
| #ifdef HAVE_STRINGS_H
| # include <strings.h>
| #endif
| #ifdef HAVE_INTTYPES_H
| # include <inttypes.h>
| #endif
| #ifdef HAVE_STDINT_H
| # include <stdint.h>
| #endif
| #ifdef HAVE_UNISTD_H
| # include <unistd.h>
| #endif
| #include <geotiff/geotiff.h>
configure:4648: result: no
configure:4648: checking geotiff/geotiff.h presence
configure:4648: gcc -E  conftest.c
conftest.c:37:29: fatal error: geotiff/geotiff.h: No such file or directory
 #include <geotiff/geotiff.h>
                             ^
compilation terminated.
configure:4648: $? = 1
configure: failed program was:
| /* confdefs.h */
| #define PACKAGE_NAME "librasterlite2"
| #define PACKAGE_TARNAME "librasterlite2"
| #define PACKAGE_VERSION "0.8"
| #define PACKAGE_STRING "librasterlite2 0.8"
| #define PACKAGE_BUGREPORT "a.furieri@lqt.it"
| #define PACKAGE_URL ""
| #define PACKAGE "librasterlite2"
| #define VERSION "0.8"
| #define _LARGE_FILE 1
| #define _FILE_OFFSET_BITS 64
| #define _LARGEFILE_SOURCE 1
| #define NDEBUG 1
| #define STDC_HEADERS 1
| #define HAVE_SYS_TYPES_H 1
| #define HAVE_SYS_STAT_H 1
| #define HAVE_STDLIB_H 1
| #define HAVE_STRING_H 1
| #define HAVE_MEMORY_H 1
| #define HAVE_STRINGS_H 1
| #define HAVE_INTTYPES_H 1
| #define HAVE_STDINT_H 1
| #define HAVE_UNISTD_H 1
| #define HAVE_STDLIB_H 1
| #define HAVE_STDIO_H 1
| #define HAVE_STRING_H 1
| #define HAVE_MEMORY_H 1
| #define HAVE_MATH_H 1
| #define HAVE_FLOAT_H 1
| #define HAVE_JPEGLIB_H 1
| #define HAVE_JERROR_H 1
| #define HAVE_PNG_H 1
| #define HAVE_ZLIB_H 1
| #define HAVE_GIF_LIB_H 1
| #define HAVE_LZMA_H 1
| /* end confdefs.h.  */
| #include <geotiff/geotiff.h>
configure:4648: result: no
configure:4648: checking for geotiff/geotiff.h
configure:4648: result: no
configure:4660: checking libgeotiff/geotiff.h usability
configure:4660: gcc -c -g -O2  conftest.c >&5
conftest.c:70:32: fatal error: libgeotiff/geotiff.h: No such file or directory
 #include <libgeotiff/geotiff.h>
                                ^
compilation terminated.
configure:4660: $? = 1
configure: failed program was:
| /* confdefs.h */
| #define PACKAGE_NAME "librasterlite2"
| #define PACKAGE_TARNAME "librasterlite2"
| #define PACKAGE_VERSION "0.8"
| #define PACKAGE_STRING "librasterlite2 0.8"
| #define PACKAGE_BUGREPORT "a.furieri@lqt.it"
| #define PACKAGE_URL ""
| #define PACKAGE "librasterlite2"
| #define VERSION "0.8"
| #define _LARGE_FILE 1
| #define _FILE_OFFSET_BITS 64
| #define _LARGEFILE_SOURCE 1
| #define NDEBUG 1
| #define STDC_HEADERS 1
| #define HAVE_SYS_TYPES_H 1
| #define HAVE_SYS_STAT_H 1
| #define HAVE_STDLIB_H 1
| #define HAVE_STRING_H 1
| #define HAVE_MEMORY_H 1
| #define HAVE_STRINGS_H 1
| #define HAVE_INTTYPES_H 1
| #define HAVE_STDINT_H 1
| #define HAVE_UNISTD_H 1
| #define HAVE_STDLIB_H 1
| #define HAVE_STDIO_H 1
| #define HAVE_STRING_H 1
| #define HAVE_MEMORY_H 1
| #define HAVE_MATH_H 1
| #define HAVE_FLOAT_H 1
| #define HAVE_JPEGLIB_H 1
| #define HAVE_JERROR_H 1
| #define HAVE_PNG_H 1
| #define HAVE_ZLIB_H 1
| #define HAVE_GIF_LIB_H 1
| #define HAVE_LZMA_H 1
| /* end confdefs.h.  */
| #include <stdio.h>
| #ifdef HAVE_SYS_TYPES_H
| # include <sys/types.h>
| #endif
| #ifdef HAVE_SYS_STAT_H
| # include <sys/stat.h>
| #endif
| #ifdef STDC_HEADERS
| # include <stdlib.h>
| # include <stddef.h>
| #else
| # ifdef HAVE_STDLIB_H
| #  include <stdlib.h>
| # endif
| #endif
| #ifdef HAVE_STRING_H
| # if !defined STDC_HEADERS && defined HAVE_MEMORY_H
| #  include <memory.h>
| # endif
| # include <string.h>
| #endif
| #ifdef HAVE_STRINGS_H
| # include <strings.h>
| #endif
| #ifdef HAVE_INTTYPES_H
| # include <inttypes.h>
| #endif
| #ifdef HAVE_STDINT_H
| # include <stdint.h>
| #endif
| #ifdef HAVE_UNISTD_H
| # include <unistd.h>
| #endif
| #include <libgeotiff/geotiff.h>
configure:4660: result: no
configure:4660: checking libgeotiff/geotiff.h presence
configure:4660: gcc -E  conftest.c
conftest.c:37:32: fatal error: libgeotiff/geotiff.h: No such file or directory
 #include <libgeotiff/geotiff.h>
                                ^
compilation terminated.
configure:4660: $? = 1
configure: failed program was:
| /* confdefs.h */
| #define PACKAGE_NAME "librasterlite2"
| #define PACKAGE_TARNAME "librasterlite2"
| #define PACKAGE_VERSION "0.8"
| #define PACKAGE_STRING "librasterlite2 0.8"
| #define PACKAGE_BUGREPORT "a.furieri@lqt.it"
| #define PACKAGE_URL ""
| #define PACKAGE "librasterlite2"
| #define VERSION "0.8"
| #define _LARGE_FILE 1
| #define _FILE_OFFSET_BITS 64
| #define _LARGEFILE_SOURCE 1
| #define NDEBUG 1
| #define STDC_HEADERS 1
| #define HAVE_SYS_TYPES_H 1
| #define HAVE_SYS_STAT_H 1
| #define HAVE_STDLIB_H 1
| #define HAVE_STRING_H 1
| #define HAVE_MEMORY_H 1
| #define HAVE_STRINGS_H 1
| #define HAVE_INTTYPES_H 1
| #define HAVE_STDINT_H 1
| #define HAVE_UNISTD_H 1
| #define HAVE_STDLIB_H 1
| #define HAVE_STDIO_H 1
| #define HAVE_STRING_H 1
| #define HAVE_MEMORY_H 1
| #define HAVE_MATH_H 1
| #define HAVE_FLOAT_H 1
| #define HAVE_JPEGLIB_H 1
| #define HAVE_JERROR_H 1
| #define HAVE_PNG_H 1
| #define HAVE_ZLIB_H 1
| #define HAVE_GIF_LIB_H 1
| #define HAVE_LZMA_H 1
| /* end confdefs.h.  */
| #include <libgeotiff/geotiff.h>
configure:4660: result: no
configure:4660: checking for libgeotiff/geotiff.h
configure:4660: result: no
configure:4672: checking geotiff.h usability
configure:4672: gcc -c -g -O2  conftest.c >&5
configure:4672: $? = 0
configure:4672: result: yes
configure:4672: checking geotiff.h presence
configure:4672: gcc -E  conftest.c
configure:4672: $? = 0
configure:4672: result: yes
configure:4672: checking for geotiff.h
configure:4672: result: yes
configure:4705: checking for arm-linux-eabi-g++
configure:4735: result: no
configure:4705: checking for arm-linux-eabi-c++
configure:4735: result: no
configure:4705: checking for arm-linux-eabi-gpp
configure:4735: result: no
configure:4705: checking for arm-linux-eabi-aCC
configure:4735: result: no
configure:4705: checking for arm-linux-eabi-CC
configure:4735: result: no
configure:4705: checking for arm-linux-eabi-cxx
configure:4735: result: no
configure:4705: checking for arm-linux-eabi-cc++
configure:4735: result: no
configure:4705: checking for arm-linux-eabi-cl.exe
configure:4735: result: no
configure:4705: checking for arm-linux-eabi-FCC
configure:4735: result: no
configure:4705: checking for arm-linux-eabi-KCC
configure:4735: result: no
configure:4705: checking for arm-linux-eabi-RCC
configure:4735: result: no
configure:4705: checking for arm-linux-eabi-xlC_r
configure:4735: result: no
configure:4705: checking for arm-linux-eabi-xlC
configure:4735: result: no
configure:4749: checking for g++
configure:4765: found /usr/bin/g++
configure:4776: result: g++
configure:4803: checking for C++ compiler version
configure:4812: g++ --version >&5
g++ (Ubuntu 4.8.1-2ubuntu1~12.04) 4.8.1
Copyright (C) 2013 Free Software Foundation, Inc.
This is free software; see the source for copying conditions.  There is NO
warranty; not even for MERCHANTABILITY or FITNESS FOR A PARTICULAR PURPOSE.

configure:4823: $? = 0
configure:4812: g++ -v >&5
Using built-in specs.
COLLECT_GCC=g++
COLLECT_LTO_WRAPPER=/usr/lib/gcc/x86_64-linux-gnu/4.8/lto-wrapper
Target: x86_64-linux-gnu
Configured with: ../src/configure -v --with-pkgversion='Ubuntu 4.8.1-2ubuntu1~12.04' --with-bugurl=file:///usr/share/doc/gcc-4.8/README.Bugs --enable-languages=c,c++,java,go,d,fortran,objc,obj-c++ --prefix=/usr --program-suffix=-4.8 --enable-shared --enable-linker-build-id --libexecdir=/usr/lib --without-included-gettext --enable-threads=posix --with-gxx-include-dir=/usr/include/c++/4.8 --libdir=/usr/lib --enable-nls --with-sysroot=/ --enable-clocale=gnu --enable-libstdcxx-debug --enable-libstdcxx-time=yes --enable-gnu-unique-object --enable-plugin --with-system-zlib --disable-browser-plugin --enable-java-awt=gtk --enable-gtk-cairo --with-java-home=/usr/lib/jvm/java-1.5.0-gcj-4.8-amd64/jre --enable-java-home --with-jvm-root-dir=/usr/lib/jvm/java-1.5.0-gcj-4.8-amd64 --with-jvm-jar-dir=/usr/lib/jvm-exports/java-1.5.0-gcj-4.8-amd64 --with-arch-directory=amd64 --with-ecj-jar=/usr/share/java/eclipse-ecj.jar --enable-objc-gc --enable-multiarch --disable-werror --with-arch-32=i686 --with-abi=m64 --with-multilib-list=m32,m64 --with-tune=generic --enable-checking=release --build=x86_64-linux-gnu --host=x86_64-linux-gnu --target=x86_64-linux-gnu
Thread model: posix
gcc version 4.8.1 (Ubuntu 4.8.1-2ubuntu1~12.04) 
configure:4823: $? = 0
configure:4812: g++ -V >&5
g++: error: unrecognized command line option '-V'
g++: fatal error: no input files
compilation terminated.
configure:4823: $? = 4
configure:4812: g++ -qversion >&5
g++: error: unrecognized command line option '-qversion'
g++: fatal error: no input files
compilation terminated.
configure:4823: $? = 4
configure:4827: checking whether we are using the GNU C++ compiler
configure:4846: g++ -c   conftest.cpp >&5
configure:4846: $? = 0
configure:4855: result: yes
configure:4864: checking whether g++ accepts -g
configure:4884: g++ -c -g  conftest.cpp >&5
configure:4884: $? = 0
configure:4925: result: yes
configure:4950: checking dependency style of g++
configure:5061: result: gcc3
configure:5084: checking for arm-linux-eabi-gcc
configure:5111: result: gcc
configure:5380: checking for C compiler version
configure:5389: gcc --version >&5
gcc (Ubuntu 4.8.1-2ubuntu1~12.04) 4.8.1
Copyright (C) 2013 Free Software Foundation, Inc.
This is free software; see the source for copying conditions.  There is NO
warranty; not even for MERCHANTABILITY or FITNESS FOR A PARTICULAR PURPOSE.

configure:5400: $? = 0
configure:5389: gcc -v >&5
Using built-in specs.
COLLECT_GCC=gcc
COLLECT_LTO_WRAPPER=/usr/lib/gcc/x86_64-linux-gnu/4.8/lto-wrapper
Target: x86_64-linux-gnu
Configured with: ../src/configure -v --with-pkgversion='Ubuntu 4.8.1-2ubuntu1~12.04' --with-bugurl=file:///usr/share/doc/gcc-4.8/README.Bugs --enable-languages=c,c++,java,go,d,fortran,objc,obj-c++ --prefix=/usr --program-suffix=-4.8 --enable-shared --enable-linker-build-id --libexecdir=/usr/lib --without-included-gettext --enable-threads=posix --with-gxx-include-dir=/usr/include/c++/4.8 --libdir=/usr/lib --enable-nls --with-sysroot=/ --enable-clocale=gnu --enable-libstdcxx-debug --enable-libstdcxx-time=yes --enable-gnu-unique-object --enable-plugin --with-system-zlib --disable-browser-plugin --enable-java-awt=gtk --enable-gtk-cairo --with-java-home=/usr/lib/jvm/java-1.5.0-gcj-4.8-amd64/jre --enable-java-home --with-jvm-root-dir=/usr/lib/jvm/java-1.5.0-gcj-4.8-amd64 --with-jvm-jar-dir=/usr/lib/jvm-exports/java-1.5.0-gcj-4.8-amd64 --with-arch-directory=amd64 --with-ecj-jar=/usr/share/java/eclipse-ecj.jar --enable-objc-gc --enable-multiarch --disable-werror --with-arch-32=i686 --with-abi=m64 --with-multilib-list=m32,m64 --with-tune=generic --enable-checking=release --build=x86_64-linux-gnu --host=x86_64-linux-gnu --target=x86_64-linux-gnu
Thread model: posix
gcc version 4.8.1 (Ubuntu 4.8.1-2ubuntu1~12.04) 
configure:5400: $? = 0
configure:5389: gcc -V >&5
gcc: error: unrecognized command line option '-V'
gcc: fatal error: no input files
compilation terminated.
configure:5400: $? = 4
configure:5389: gcc -qversion >&5
gcc: error: unrecognized command line option '-qversion'
gcc: fatal error: no input files
compilation terminated.
configure:5400: $? = 4
configure:5404: checking whether we are using the GNU C compiler
configure:5432: result: yes
configure:5441: checking whether gcc accepts -g
configure:5502: result: yes
configure:5519: checking for gcc option to accept ISO C89
configure:5595: result: none needed
configure:5617: checking dependency style of gcc
configure:5728: result: gcc3
configure:5748: checking how to run the C preprocessor
configure:5818: result: gcc -E
configure:5838: gcc -E  conftest.c
configure:5838: $? = 0
configure:5852: gcc -E  conftest.c
conftest.c:38:28: fatal error: ac_nonexistent.h: No such file or directory
 #include <ac_nonexistent.h>
                            ^
compilation terminated.
configure:5852: $? = 1
configure: failed program was:
| /* confdefs.h */
| #define PACKAGE_NAME "librasterlite2"
| #define PACKAGE_TARNAME "librasterlite2"
| #define PACKAGE_VERSION "0.8"
| #define PACKAGE_STRING "librasterlite2 0.8"
| #define PACKAGE_BUGREPORT "a.furieri@lqt.it"
| #define PACKAGE_URL ""
| #define PACKAGE "librasterlite2"
| #define VERSION "0.8"
| #define _LARGE_FILE 1
| #define _FILE_OFFSET_BITS 64
| #define _LARGEFILE_SOURCE 1
| #define NDEBUG 1
| #define STDC_HEADERS 1
| #define HAVE_SYS_TYPES_H 1
| #define HAVE_SYS_STAT_H 1
| #define HAVE_STDLIB_H 1
| #define HAVE_STRING_H 1
| #define HAVE_MEMORY_H 1
| #define HAVE_STRINGS_H 1
| #define HAVE_INTTYPES_H 1
| #define HAVE_STDINT_H 1
| #define HAVE_UNISTD_H 1
| #define HAVE_STDLIB_H 1
| #define HAVE_STDIO_H 1
| #define HAVE_STRING_H 1
| #define HAVE_MEMORY_H 1
| #define HAVE_MATH_H 1
| #define HAVE_FLOAT_H 1
| #define HAVE_JPEGLIB_H 1
| #define HAVE_JERROR_H 1
| #define HAVE_PNG_H 1
| #define HAVE_ZLIB_H 1
| #define HAVE_GIF_LIB_H 1
| #define HAVE_LZMA_H 1
| #define HAVE_GEOTIFF_H 1
| /* end confdefs.h.  */
| #include <ac_nonexistent.h>
configure:5881: checking whether ln -s works
configure:5885: result: yes
configure:5892: checking whether make sets $(MAKE)
configure:5914: result: yes
configure:5927: checking build system type
configure:5941: result: x86_64-pc-linux-gnu
configure:5961: checking host system type
configure:5974: result: arm-linux-eabi
configure:6343: checking how to print strings
configure:6370: result: printf
configure:6391: checking for a sed that does not truncate output
configure:6455: result: /bin/sed
configure:6473: checking for fgrep
configure:6535: result: /bin/grep -F
configure:6570: checking for ld used by gcc
configure:6637: result: /usr/bin/ld
configure:6644: checking if the linker (/usr/bin/ld) is GNU ld
configure:6659: result: yes
configure:6671: checking for BSD- or MS-compatible name lister (nm)
configure:6720: result: no
configure:6734: checking for arm-linux-eabi-dumpbin
configure:6764: result: no
configure:6734: checking for arm-linux-eabi-link
configure:6764: result: no
configure:6778: checking for dumpbin
configure:6808: result: no
configure:6778: checking for link
configure:6794: found /usr/bin/link
configure:6805: result: link -dump
configure:6850: checking the name lister (nm) interface
configure:6857: gcc -c -g -O2  conftest.c >&5
configure:6860: nm "conftest.o"
configure:6863: output
0000000000000000 B some_variable
configure:6870: result: BSD nm
configure:6874: checking the maximum length of command line arguments
configure:7004: result: 1572864
configure:7021: checking whether the shell understands some XSI constructs
configure:7031: result: yes
configure:7035: checking whether the shell understands "+="
configure:7041: result: yes
configure:7076: checking how to convert x86_64-pc-linux-gnu file names to arm-linux-eabi format
configure:7116: result: func_convert_file_noop
configure:7123: checking how to convert x86_64-pc-linux-gnu file names to toolchain format
configure:7143: result: func_convert_file_noop
configure:7150: checking for /usr/bin/ld option to reload object files
configure:7157: result: -r
configure:7191: checking for arm-linux-eabi-objdump
configure:7218: result: objdump
configure:7287: checking how to recognize dependent libraries
configure:7489: result: unknown
configure:7534: checking for arm-linux-eabi-dlltool
configure:7561: result: dlltool
configure:7631: checking how to associate runtime and link libraries
configure:7658: result: printf %s\n
configure:7674: checking for arm-linux-eabi-ar
configure:7704: result: no
configure:7718: checking for ar
configure:7734: found /usr/bin/ar
configure:7745: result: ar
configure:7782: checking for archiver @FILE support
configure:7799: gcc -c -g -O2  conftest.c >&5
configure:7799: $? = 0
configure:7802: ar cru libconftest.a @conftest.lst >&5
configure:7805: $? = 0
configure:7810: ar cru libconftest.a @conftest.lst >&5
ar: conftest.o: No such file or directory
configure:7813: $? = 1
configure:7825: result: @
configure:7843: checking for arm-linux-eabi-strip
configure:7870: result: strip
configure:7942: checking for arm-linux-eabi-ranlib
configure:7972: result: no
configure:7982: checking for ranlib
configure:7998: found /usr/bin/ranlib
configure:8009: result: ranlib
configure:8111: checking command to parse nm output from gcc object
configure:8231: gcc -c -g -O2  conftest.c >&5
configure:8234: $? = 0
configure:8238: nm conftest.o \| sed -n -e 's/^.*[ ]\([ABCDGIRSTW][ABCDGIRSTW]*\)[ ][ ]*\([_A-Za-z][_A-Za-z0-9]*\)$/\1 \2 \2/p' | sed '/ __gnu_lto/d' \> conftest.nm
configure:8241: $? = 0
configure:8307: gcc -o conftest -g -O2   conftest.c conftstm.o >&5
configure:8310: $? = 0
configure:8348: result: ok
configure:8385: checking for sysroot
configure:8415: result: no
configure:8631: checking for arm-linux-eabi-mt
configure:8661: result: no
configure:8671: checking for mt
configure:8687: found /bin/mt
configure:8698: result: mt
configure:8721: checking if mt is a manifest tool
configure:8727: mt '-?'
configure:8735: result: no
configure:9374: checking for dlfcn.h
configure:9374: gcc -c -g -O2  conftest.c >&5
configure:9374: $? = 0
configure:9374: result: yes
configure:9589: checking for objdir
configure:9604: result: .libs
configure:9875: checking if gcc supports -fno-rtti -fno-exceptions
configure:9893: gcc -c -g -O2  -fno-rtti -fno-exceptions conftest.c >&5
cc1: warning: command line option '-fno-rtti' is valid for C++/ObjC++ but not for C [enabled by default]
configure:9897: $? = 0
configure:9910: result: no
configure:10237: checking for gcc option to produce PIC
configure:10244: result: -fPIC -DPIC
configure:10252: checking if gcc PIC flag -fPIC -DPIC works
configure:10270: gcc -c -g -O2  -fPIC -DPIC -DPIC conftest.c >&5
configure:10274: $? = 0
configure:10287: result: yes
configure:10316: checking if gcc static flag -static works
configure:10344: result: yes
configure:10359: checking if gcc supports -c -o file.o
configure:10380: gcc -c -g -O2  -o out/conftest2.o conftest.c >&5
configure:10384: $? = 0
configure:10406: result: yes
configure:10414: checking if gcc supports -c -o file.o
configure:10461: result: yes
configure:10494: checking whether the gcc linker (/usr/bin/ld) supports shared libraries
configure:11647: result: yes
configure:11684: checking whether -lc should be explicitly linked in
configure:11692: gcc -c -g -O2  conftest.c >&5
configure:11695: $? = 0
configure:11710: gcc -shared  -fPIC -DPIC conftest.o  -v -Wl,-soname -Wl,conftest -o conftest 2\>\&1 \| /bin/grep  -lc  \>/dev/null 2\>\&1
configure:11713: $? = 0
configure:11727: result: no
configure:11887: checking dynamic linker characteristics
configure:12624: result: no
configure:12731: checking how to hardcode library paths into programs
configure:12756: result: immediate
configure:13296: checking whether stripping libraries is possible
configure:13301: result: yes
configure:13336: checking if libtool supports shared libraries
configure:13338: result: no
configure:13341: checking whether to build shared libraries
configure:13362: result: no
configure:13365: checking whether to build static libraries
configure:13369: result: yes
configure:13392: checking how to run the C++ preprocessor
configure:13419: g++ -E  conftest.cpp
configure:13419: $? = 0
configure:13433: g++ -E  conftest.cpp
conftest.cpp:40:28: fatal error: ac_nonexistent.h: No such file or directory
 #include <ac_nonexistent.h>
                            ^
compilation terminated.
configure:13433: $? = 1
configure: failed program was:
| /* confdefs.h */
| #define PACKAGE_NAME "librasterlite2"
| #define PACKAGE_TARNAME "librasterlite2"
| #define PACKAGE_VERSION "0.8"
| #define PACKAGE_STRING "librasterlite2 0.8"
| #define PACKAGE_BUGREPORT "a.furieri@lqt.it"
| #define PACKAGE_URL ""
| #define PACKAGE "librasterlite2"
| #define VERSION "0.8"
| #define _LARGE_FILE 1
| #define _FILE_OFFSET_BITS 64
| #define _LARGEFILE_SOURCE 1
| #define NDEBUG 1
| #define STDC_HEADERS 1
| #define HAVE_SYS_TYPES_H 1
| #define HAVE_SYS_STAT_H 1
| #define HAVE_STDLIB_H 1
| #define HAVE_STRING_H 1
| #define HAVE_MEMORY_H 1
| #define HAVE_STRINGS_H 1
| #define HAVE_INTTYPES_H 1
| #define HAVE_STDINT_H 1
| #define HAVE_UNISTD_H 1
| #define HAVE_STDLIB_H 1
| #define HAVE_STDIO_H 1
| #define HAVE_STRING_H 1
| #define HAVE_MEMORY_H 1
| #define HAVE_MATH_H 1
| #define HAVE_FLOAT_H 1
| #define HAVE_JPEGLIB_H 1
| #define HAVE_JERROR_H 1
| #define HAVE_PNG_H 1
| #define HAVE_ZLIB_H 1
| #define HAVE_GIF_LIB_H 1
| #define HAVE_LZMA_H 1
| #define HAVE_GEOTIFF_H 1
| #define HAVE_DLFCN_H 1
| #define LT_OBJDIR ".libs/"
| /* end confdefs.h.  */
| #include <ac_nonexistent.h>
configure:13458: result: g++ -E
configure:13478: g++ -E  conftest.cpp
configure:13478: $? = 0
configure:13492: g++ -E  conftest.cpp
conftest.cpp:40:28: fatal error: ac_nonexistent.h: No such file or directory
 #include <ac_nonexistent.h>
                            ^
compilation terminated.
configure:13492: $? = 1
configure: failed program was:
| /* confdefs.h */
| #define PACKAGE_NAME "librasterlite2"
| #define PACKAGE_TARNAME "librasterlite2"
| #define PACKAGE_VERSION "0.8"
| #define PACKAGE_STRING "librasterlite2 0.8"
| #define PACKAGE_BUGREPORT "a.furieri@lqt.it"
| #define PACKAGE_URL ""
| #define PACKAGE "librasterlite2"
| #define VERSION "0.8"
| #define _LARGE_FILE 1
| #define _FILE_OFFSET_BITS 64
| #define _LARGEFILE_SOURCE 1
| #define NDEBUG 1
| #define STDC_HEADERS 1
| #define HAVE_SYS_TYPES_H 1
| #define HAVE_SYS_STAT_H 1
| #define HAVE_STDLIB_H 1
| #define HAVE_STRING_H 1
| #define HAVE_MEMORY_H 1
| #define HAVE_STRINGS_H 1
| #define HAVE_INTTYPES_H 1
| #define HAVE_STDINT_H 1
| #define HAVE_UNISTD_H 1
| #define HAVE_STDLIB_H 1
| #define HAVE_STDIO_H 1
| #define HAVE_STRING_H 1
| #define HAVE_MEMORY_H 1
| #define HAVE_MATH_H 1
| #define HAVE_FLOAT_H 1
| #define HAVE_JPEGLIB_H 1
| #define HAVE_JERROR_H 1
| #define HAVE_PNG_H 1
| #define HAVE_ZLIB_H 1
| #define HAVE_GIF_LIB_H 1
| #define HAVE_LZMA_H 1
| #define HAVE_GEOTIFF_H 1
| #define HAVE_DLFCN_H 1
| #define LT_OBJDIR ".libs/"
| /* end confdefs.h.  */
| #include <ac_nonexistent.h>
configure:13661: checking for ld used by g++
configure:13728: result: /usr/bin/ld
configure:13735: checking if the linker (/usr/bin/ld) is GNU ld
configure:13750: result: yes
configure:13805: checking whether the g++ linker (/usr/bin/ld) supports shared libraries
configure:14810: result: no
configure:14846: g++ -c -g -O2  conftest.cpp >&5
configure:14849: $? = 0
configure:15369: checking for g++ option to produce PIC
configure:15376: result: -fPIC -DPIC
configure:15384: checking if g++ PIC flag -fPIC -DPIC works
configure:15402: g++ -c -g -O2  -fPIC -DPIC -DPIC conftest.cpp >&5
configure:15406: $? = 0
configure:15419: result: yes
configure:15442: checking if g++ static flag -static works
configure:15470: result: yes
configure:15482: checking if g++ supports -c -o file.o
configure:15503: g++ -c -g -O2  -o out/conftest2.o conftest.cpp >&5
configure:15507: $? = 0
configure:15529: result: yes
configure:15534: checking if g++ supports -c -o file.o
configure:15581: result: yes
configure:15611: checking whether the g++ linker (/usr/bin/ld) supports shared libraries
configure:15647: result: no
configure:15788: checking dynamic linker characteristics
configure:16459: result: no
configure:16512: checking how to hardcode library paths into programs
configure:16537: result: immediate
configure:16600: checking for an ANSI C-conforming const
configure:16666: gcc -c -g -O2  conftest.c >&5
configure:16666: $? = 0
configure:16673: result: yes
configure:16681: checking for off_t
configure:16681: gcc -c -g -O2  conftest.c >&5
configure:16681: $? = 0
configure:16681: gcc -c -g -O2  conftest.c >&5
conftest.c: In function 'main':
conftest.c:76:20: error: expected expression before ')' token
 if (sizeof ((off_t)))
                    ^
configure:16681: $? = 1
configure: failed program was:
| /* confdefs.h */
| #define PACKAGE_NAME "librasterlite2"
| #define PACKAGE_TARNAME "librasterlite2"
| #define PACKAGE_VERSION "0.8"
| #define PACKAGE_STRING "librasterlite2 0.8"
| #define PACKAGE_BUGREPORT "a.furieri@lqt.it"
| #define PACKAGE_URL ""
| #define PACKAGE "librasterlite2"
| #define VERSION "0.8"
| #define _LARGE_FILE 1
| #define _FILE_OFFSET_BITS 64
| #define _LARGEFILE_SOURCE 1
| #define NDEBUG 1
| #define STDC_HEADERS 1
| #define HAVE_SYS_TYPES_H 1
| #define HAVE_SYS_STAT_H 1
| #define HAVE_STDLIB_H 1
| #define HAVE_STRING_H 1
| #define HAVE_MEMORY_H 1
| #define HAVE_STRINGS_H 1
| #define HAVE_INTTYPES_H 1
| #define HAVE_STDINT_H 1
| #define HAVE_UNISTD_H 1
| #define HAVE_STDLIB_H 1
| #define HAVE_STDIO_H 1
| #define HAVE_STRING_H 1
| #define HAVE_MEMORY_H 1
| #define HAVE_MATH_H 1
| #define HAVE_FLOAT_H 1
| #define HAVE_JPEGLIB_H 1
| #define HAVE_JERROR_H 1
| #define HAVE_PNG_H 1
| #define HAVE_ZLIB_H 1
| #define HAVE_GIF_LIB_H 1
| #define HAVE_LZMA_H 1
| #define HAVE_GEOTIFF_H 1
| #define HAVE_DLFCN_H 1
| #define LT_OBJDIR ".libs/"
| /* end confdefs.h.  */
| #include <stdio.h>
| #ifdef HAVE_SYS_TYPES_H
| # include <sys/types.h>
| #endif
| #ifdef HAVE_SYS_STAT_H
| # include <sys/stat.h>
| #endif
| #ifdef STDC_HEADERS
| # include <stdlib.h>
| # include <stddef.h>
| #else
| # ifdef HAVE_STDLIB_H
| #  include <stdlib.h>
| # endif
| #endif
| #ifdef HAVE_STRING_H
| # if !defined STDC_HEADERS && defined HAVE_MEMORY_H
| #  include <memory.h>
| # endif
| # include <string.h>
| #endif
| #ifdef HAVE_STRINGS_H
| # include <strings.h>
| #endif
| #ifdef HAVE_INTTYPES_H
| # include <inttypes.h>
| #endif
| #ifdef HAVE_STDINT_H
| # include <stdint.h>
| #endif
| #ifdef HAVE_UNISTD_H
| # include <unistd.h>
| #endif
| int
| main ()
| {
| if (sizeof ((off_t)))
| 	    return 0;
|   ;
|   return 0;
| }
configure:16681: result: yes
configure:16692: checking for size_t
configure:16692: gcc -c -g -O2  conftest.c >&5
configure:16692: $? = 0
configure:16692: gcc -c -g -O2  conftest.c >&5
conftest.c: In function 'main':
conftest.c:76:21: error: expected expression before ')' token
 if (sizeof ((size_t)))
                     ^
configure:16692: $? = 1
configure: failed program was:
| /* confdefs.h */
| #define PACKAGE_NAME "librasterlite2"
| #define PACKAGE_TARNAME "librasterlite2"
| #define PACKAGE_VERSION "0.8"
| #define PACKAGE_STRING "librasterlite2 0.8"
| #define PACKAGE_BUGREPORT "a.furieri@lqt.it"
| #define PACKAGE_URL ""
| #define PACKAGE "librasterlite2"
| #define VERSION "0.8"
| #define _LARGE_FILE 1
| #define _FILE_OFFSET_BITS 64
| #define _LARGEFILE_SOURCE 1
| #define NDEBUG 1
| #define STDC_HEADERS 1
| #define HAVE_SYS_TYPES_H 1
| #define HAVE_SYS_STAT_H 1
| #define HAVE_STDLIB_H 1
| #define HAVE_STRING_H 1
| #define HAVE_MEMORY_H 1
| #define HAVE_STRINGS_H 1
| #define HAVE_INTTYPES_H 1
| #define HAVE_STDINT_H 1
| #define HAVE_UNISTD_H 1
| #define HAVE_STDLIB_H 1
| #define HAVE_STDIO_H 1
| #define HAVE_STRING_H 1
| #define HAVE_MEMORY_H 1
| #define HAVE_MATH_H 1
| #define HAVE_FLOAT_H 1
| #define HAVE_JPEGLIB_H 1
| #define HAVE_JERROR_H 1
| #define HAVE_PNG_H 1
| #define HAVE_ZLIB_H 1
| #define HAVE_GIF_LIB_H 1
| #define HAVE_LZMA_H 1
| #define HAVE_GEOTIFF_H 1
| #define HAVE_DLFCN_H 1
| #define LT_OBJDIR ".libs/"
| /* end confdefs.h.  */
| #include <stdio.h>
| #ifdef HAVE_SYS_TYPES_H
| # include <sys/types.h>
| #endif
| #ifdef HAVE_SYS_STAT_H
| # include <sys/stat.h>
| #endif
| #ifdef STDC_HEADERS
| # include <stdlib.h>
| # include <stddef.h>
| #else
| # ifdef HAVE_STDLIB_H
| #  include <stdlib.h>
| # endif
| #endif
| #ifdef HAVE_STRING_H
| # if !defined STDC_HEADERS && defined HAVE_MEMORY_H
| #  include <memory.h>
| # endif
| # include <string.h>
| #endif
| #ifdef HAVE_STRINGS_H
| # include <strings.h>
| #endif
| #ifdef HAVE_INTTYPES_H
| # include <inttypes.h>
| #endif
| #ifdef HAVE_STDINT_H
| # include <stdint.h>
| #endif
| #ifdef HAVE_UNISTD_H
| # include <unistd.h>
| #endif
| int
| main ()
| {
| if (sizeof ((size_t)))
| 	    return 0;
|   ;
|   return 0;
| }
configure:16692: result: yes
configure:16703: checking whether time.h and sys/time.h may both be included
configure:16723: gcc -c -g -O2  conftest.c >&5
configure:16723: $? = 0
configure:16730: result: yes
configure:16738: checking whether struct tm is in sys/time.h or time.h
configure:16758: gcc -c -g -O2  conftest.c >&5
configure:16758: $? = 0
configure:16765: result: time.h
configure:16773: checking for working volatile
configure:16792: gcc -c -g -O2  conftest.c >&5
configure:16792: $? = 0
configure:16799: result: yes
configure:16809: checking whether lstat correctly handles trailing slash
configure:16852: result: no
configure:16871: checking whether lstat accepts an empty string
configure:16901: result: yes
configure:16917: checking whether lstat correctly handles trailing slash
configure:16960: result: no
configure:16979: checking for working memcmp
configure:17032: result: no
configure:17041: checking whether stat accepts an empty string
configure:17071: result: yes
configure:17089: checking for strftime
configure:17089: gcc -o conftest -g -O2   conftest.c  >&5
conftest.c:66:6: warning: conflicting types for built-in function 'strftime' [enabled by default]
 char strftime ();
      ^
configure:17089: $? = 0
configure:17089: result: yes
configure:17145: checking for sqrt
configure:17145: gcc -o conftest -g -O2   conftest.c  >&5
conftest.c:67:6: warning: conflicting types for built-in function 'sqrt' [enabled by default]
 char sqrt ();
      ^
/tmp/cc3VHwif.o: In function `main':
/home/mj10777/000_links/geopaparazzi/geopaparazzi.eu/libjsqlite-spatialite-android/libjsqlite-spatialite-android/spatialite-android-library/jni/librasterlite2-4.2.0/conftest.c:78: undefined reference to `sqrt'
collect2: error: ld returned 1 exit status
configure:17145: $? = 1
configure: failed program was:
| /* confdefs.h */
| #define PACKAGE_NAME "librasterlite2"
| #define PACKAGE_TARNAME "librasterlite2"
| #define PACKAGE_VERSION "0.8"
| #define PACKAGE_STRING "librasterlite2 0.8"
| #define PACKAGE_BUGREPORT "a.furieri@lqt.it"
| #define PACKAGE_URL ""
| #define PACKAGE "librasterlite2"
| #define VERSION "0.8"
| #define _LARGE_FILE 1
| #define _FILE_OFFSET_BITS 64
| #define _LARGEFILE_SOURCE 1
| #define NDEBUG 1
| #define STDC_HEADERS 1
| #define HAVE_SYS_TYPES_H 1
| #define HAVE_SYS_STAT_H 1
| #define HAVE_STDLIB_H 1
| #define HAVE_STRING_H 1
| #define HAVE_MEMORY_H 1
| #define HAVE_STRINGS_H 1
| #define HAVE_INTTYPES_H 1
| #define HAVE_STDINT_H 1
| #define HAVE_UNISTD_H 1
| #define HAVE_STDLIB_H 1
| #define HAVE_STDIO_H 1
| #define HAVE_STRING_H 1
| #define HAVE_MEMORY_H 1
| #define HAVE_MATH_H 1
| #define HAVE_FLOAT_H 1
| #define HAVE_JPEGLIB_H 1
| #define HAVE_JERROR_H 1
| #define HAVE_PNG_H 1
| #define HAVE_ZLIB_H 1
| #define HAVE_GIF_LIB_H 1
| #define HAVE_LZMA_H 1
| #define HAVE_GEOTIFF_H 1
| #define HAVE_DLFCN_H 1
| #define LT_OBJDIR ".libs/"
| #define TIME_WITH_SYS_TIME 1
| #define HAVE_LSTAT_EMPTY_STRING_BUG 1
| #define HAVE_STAT_EMPTY_STRING_BUG 1
| #define HAVE_STRFTIME 1
| /* end confdefs.h.  */
| /* Define sqrt to an innocuous variant, in case <limits.h> declares sqrt.
|    For example, HP-UX 11i <limits.h> declares gettimeofday.  */
| #define sqrt innocuous_sqrt
| 
| /* System header to define __stub macros and hopefully few prototypes,
|     which can conflict with char sqrt (); below.
|     Prefer <limits.h> to <assert.h> if __STDC__ is defined, since
|     <limits.h> exists even on freestanding compilers.  */
| 
| #ifdef __STDC__
| # include <limits.h>
| #else
| # include <assert.h>
| #endif
| 
| #undef sqrt
| 
| /* Override any GCC internal prototype to avoid an error.
|    Use char because int might match the return type of a GCC
|    builtin and then its argument prototype would still apply.  */
| #ifdef __cplusplus
| extern "C"
| #endif
| char sqrt ();
| /* The GNU C library defines this for functions which it implements
|     to always fail with ENOSYS.  Some functions are actually named
|     something starting with __ and the normal name is an alias.  */
| #if defined __stub_sqrt || defined __stub___sqrt
| choke me
| #endif
| 
| int
| main ()
| {
| return sqrt ();
|   ;
|   return 0;
| }
configure:17145: result: no
configure:17145: checking for strcasecmp
configure:17145: gcc -o conftest -g -O2   conftest.c  >&5
conftest.c:67:6: warning: conflicting types for built-in function 'strcasecmp' [enabled by default]
 char strcasecmp ();
      ^
configure:17145: $? = 0
configure:17145: result: yes
configure:17145: checking for strerror
configure:17145: gcc -o conftest -g -O2   conftest.c  >&5
configure:17145: $? = 0
configure:17145: result: yes
configure:17145: checking for strncasecmp
configure:17145: gcc -o conftest -g -O2   conftest.c  >&5
conftest.c:69:6: warning: conflicting types for built-in function 'strncasecmp' [enabled by default]
 char strncasecmp ();
      ^
configure:17145: $? = 0
configure:17145: result: yes
configure:17145: checking for strstr
configure:17145: gcc -o conftest -g -O2   conftest.c  >&5
conftest.c:70:6: warning: conflicting types for built-in function 'strstr' [enabled by default]
 char strstr ();
      ^
configure:17145: $? = 0
configure:17145: result: yes
configure:17145: checking for strerror
configure:17145: result: yes
configure:17177: checking for inflateInit_ in -lz
configure:17202: gcc -o conftest -g -O2   conftest.c -lz -lm  >&5
configure:17202: $? = 0
configure:17211: result: yes
configure:17224: checking for jpeg_start_compress in -ljpeg
configure:17249: gcc -o conftest -g -O2   conftest.c -ljpeg -lm -lz  >&5
configure:17249: $? = 0
configure:17258: result: yes
configure:17271: checking for DGifSlurp in -lgif
configure:17296: gcc -o conftest -g -O2   conftest.c -lgif -lm -ljpeg -lz  >&5
configure:17296: $? = 0
configure:17305: result: yes
configure:17318: checking for TIFFClientOpen in -ltiff
configure:17343: gcc -o conftest -g -O2   conftest.c -ltiff -lm -lgif -ljpeg -lz  >&5
configure:17343: $? = 0
configure:17352: result: yes
configure:17365: checking for GTIFSetFromProj4 in -lgeotiff
configure:17390: gcc -o conftest -g -O2   conftest.c -lgeotiff -lm -ltiff -lgif -ljpeg -lz  >&5
/usr/bin/ld: warning: libtiff.so.5, needed by /usr/local/lib/libgeotiff.so, may conflict with libtiff.so.4
configure:17390: $? = 0
configure:17399: result: yes
configure:17424: checking for arm-linux-eabi-pkg-config
configure:17457: result: no
configure:17467: checking for pkg-config
configure:17485: found /usr/bin/pkg-config
configure:17497: result: /usr/bin/pkg-config
configure:17522: checking pkg-config is at least version 0.9.0
configure:17525: result: yes
configure:17535: checking for LIBPNG
configure:17542: $PKG_CONFIG --exists --print-errors "libpng"
configure:17545: $? = 0
configure:17559: $PKG_CONFIG --exists --print-errors "libpng"
configure:17562: $? = 0
configure:17600: result: yes
configure:17609: checking for LIBWEBP
configure:17616: $PKG_CONFIG --exists --print-errors "libwebp"
configure:17619: $? = 0
configure:17633: $PKG_CONFIG --exists --print-errors "libwebp"
configure:17636: $? = 0
configure:17674: result: yes
configure:17683: checking for LIBLZMA
configure:17690: $PKG_CONFIG --exists --print-errors "liblzma"
configure:17693: $? = 0
configure:17707: $PKG_CONFIG --exists --print-errors "liblzma"
configure:17710: $? = 0
configure:17748: result: yes
configure:17757: checking for LIBSPATIALITE
configure:17764: $PKG_CONFIG --exists --print-errors "spatialite"
configure:17767: $? = 0
configure:17781: $PKG_CONFIG --exists --print-errors "spatialite"
configure:17784: $? = 0
configure:17822: result: yes
configure:17831: checking for LIBCAIRO
configure:17838: $PKG_CONFIG --exists --print-errors "cairo"
configure:17841: $? = 0
configure:17855: $PKG_CONFIG --exists --print-errors "cairo"
configure:17858: $? = 0
configure:17896: result: yes
configure:17905: checking for LIBCURL
configure:17912: $PKG_CONFIG --exists --print-errors "libcurl"
configure:17915: $? = 0
configure:17929: $PKG_CONFIG --exists --print-errors "libcurl"
configure:17932: $? = 0
configure:17970: result: yes
configure:17979: checking for LIBXML2
configure:17986: $PKG_CONFIG --exists --print-errors "libxml-2.0"
configure:17989: $? = 0
configure:18003: $PKG_CONFIG --exists --print-errors "libxml-2.0"
configure:18006: $? = 0
configure:18044: result: yes
configure:18169: checking that generated files are newer than configure
configure:18175: result: done
configure:18214: creating ./config.status

## ---------------------- ##
## Running config.status. ##
## ---------------------- ##

This file was extended by librasterlite2 config.status 0.8, which was
generated by GNU Autoconf 2.69.  Invocation command line was

  CONFIG_FILES    = 
  CONFIG_HEADERS  = 
  CONFIG_LINKS    = 
  CONFIG_COMMANDS = 
  $ ./config.status 

on mj10777-01-l

config.status:1212: creating Makefile
config.status:1212: creating headers/Makefile
config.status:1212: creating src/Makefile
config.status:1212: creating test/Makefile
config.status:1212: creating test/sql_stmt_tests/Makefile
config.status:1212: creating test/sql_stmt_security_tests/Makefile
config.status:1212: creating tools/Makefile
config.status:1212: creating examples/Makefile
config.status:1212: creating Doxyfile
config.status:1212: creating rasterlite2.pc
config.status:1212: creating config.h
config.status:1441: executing depfiles commands
config.status:1441: executing libtool commands

## ---------------- ##
## Cache variables. ##
## ---------------- ##

ac_cv_build=x86_64-pc-linux-gnu
ac_cv_c_compiler_gnu=yes
ac_cv_c_const=yes
ac_cv_c_volatile=yes
ac_cv_cxx_compiler_gnu=yes
ac_cv_env_CCC_set=
ac_cv_env_CCC_value=
ac_cv_env_CC_set=
ac_cv_env_CC_value=
ac_cv_env_CFLAGS_set=
ac_cv_env_CFLAGS_value=
ac_cv_env_CPPFLAGS_set=
ac_cv_env_CPPFLAGS_value=
ac_cv_env_CPP_set=
ac_cv_env_CPP_value=
ac_cv_env_CXXCPP_set=
ac_cv_env_CXXCPP_value=
ac_cv_env_CXXFLAGS_set=
ac_cv_env_CXXFLAGS_value=
ac_cv_env_CXX_set=
ac_cv_env_CXX_value=
ac_cv_env_LDFLAGS_set=
ac_cv_env_LDFLAGS_value=
ac_cv_env_LIBCAIRO_CFLAGS_set=
ac_cv_env_LIBCAIRO_CFLAGS_value=
ac_cv_env_LIBCAIRO_LIBS_set=
ac_cv_env_LIBCAIRO_LIBS_value=
ac_cv_env_LIBCURL_CFLAGS_set=
ac_cv_env_LIBCURL_CFLAGS_value=
ac_cv_env_LIBCURL_LIBS_set=
ac_cv_env_LIBCURL_LIBS_value=
ac_cv_env_LIBLZMA_CFLAGS_set=
ac_cv_env_LIBLZMA_CFLAGS_value=
ac_cv_env_LIBLZMA_LIBS_set=
ac_cv_env_LIBLZMA_LIBS_value=
ac_cv_env_LIBPNG_CFLAGS_set=
ac_cv_env_LIBPNG_CFLAGS_value=
ac_cv_env_LIBPNG_LIBS_set=
ac_cv_env_LIBPNG_LIBS_value=
ac_cv_env_LIBSPATIALITE_CFLAGS_set=
ac_cv_env_LIBSPATIALITE_CFLAGS_value=
ac_cv_env_LIBSPATIALITE_LIBS_set=
ac_cv_env_LIBSPATIALITE_LIBS_value=
ac_cv_env_LIBS_set=
ac_cv_env_LIBS_value=
ac_cv_env_LIBWEBP_CFLAGS_set=
ac_cv_env_LIBWEBP_CFLAGS_value=
ac_cv_env_LIBWEBP_LIBS_set=
ac_cv_env_LIBWEBP_LIBS_value=
ac_cv_env_LIBXML2_CFLAGS_set=
ac_cv_env_LIBXML2_CFLAGS_value=
ac_cv_env_LIBXML2_LIBS_set=
ac_cv_env_LIBXML2_LIBS_value=
ac_cv_env_PKG_CONFIG_LIBDIR_set=
ac_cv_env_PKG_CONFIG_LIBDIR_value=
ac_cv_env_PKG_CONFIG_PATH_set=
ac_cv_env_PKG_CONFIG_PATH_value=
ac_cv_env_PKG_CONFIG_set=
ac_cv_env_PKG_CONFIG_value=
ac_cv_env_build_alias_set=set
ac_cv_env_build_alias_value=x86_64-pc-linux-gnu
ac_cv_env_host_alias_set=set
ac_cv_env_host_alias_value=arm-linux-eabi
ac_cv_env_target_alias_set=
ac_cv_env_target_alias_value=
ac_cv_func_lstat_dereferences_slashed_symlink=no
ac_cv_func_lstat_empty_string_bug=yes
ac_cv_func_memcmp_working=no
ac_cv_func_sqrt=no
ac_cv_func_stat_empty_string_bug=yes
ac_cv_func_strcasecmp=yes
ac_cv_func_strerror=yes
ac_cv_func_strftime=yes
ac_cv_func_strncasecmp=yes
ac_cv_func_strstr=yes
ac_cv_header_dlfcn_h=yes
ac_cv_header_float_h=yes
ac_cv_header_geotiff_geotiff_h=no
ac_cv_header_geotiff_h=yes
ac_cv_header_gif_lib_h=yes
ac_cv_header_inttypes_h=yes
ac_cv_header_jerror_h=yes
ac_cv_header_jpeglib_h=yes
ac_cv_header_libgeotiff_geotiff_h=no
ac_cv_header_lzma_h=yes
ac_cv_header_math_h=yes
ac_cv_header_memory_h=yes
ac_cv_header_png_h=yes
ac_cv_header_stdc=yes
ac_cv_header_stdint_h=yes
ac_cv_header_stdio_h=yes
ac_cv_header_stdlib_h=yes
ac_cv_header_string_h=yes
ac_cv_header_strings_h=yes
ac_cv_header_sys_stat_h=yes
ac_cv_header_sys_types_h=yes
ac_cv_header_time=yes
ac_cv_header_unistd_h=yes
ac_cv_header_zlib_h=yes
ac_cv_host=arm-linux-eabi
ac_cv_lib_geotiff_GTIFSetFromProj4=yes
ac_cv_lib_gif_DGifSlurp=yes
ac_cv_lib_jpeg_jpeg_start_compress=yes
ac_cv_lib_tiff_TIFFClientOpen=yes
ac_cv_lib_z_inflateInit_=yes
ac_cv_objext=o
ac_cv_path_EGREP='/bin/grep -E'
ac_cv_path_FGREP='/bin/grep -F'
ac_cv_path_GREP=/bin/grep
ac_cv_path_SED=/bin/sed
ac_cv_path_ac_pt_PKG_CONFIG=/usr/bin/pkg-config
ac_cv_path_install='/usr/bin/install -c'
ac_cv_path_mkdir=/bin/mkdir
ac_cv_prog_AWK=gawk
ac_cv_prog_CC=gcc
ac_cv_prog_CPP='gcc -E'
ac_cv_prog_CXXCPP='g++ -E'
ac_cv_prog_DLLTOOL=dlltool
ac_cv_prog_OBJDUMP=objdump
ac_cv_prog_STRIP=strip
ac_cv_prog_ac_ct_AR=ar
ac_cv_prog_ac_ct_CC=gcc
ac_cv_prog_ac_ct_CXX=g++
ac_cv_prog_ac_ct_DUMPBIN='link -dump'
ac_cv_prog_ac_ct_MANIFEST_TOOL=mt
ac_cv_prog_ac_ct_RANLIB=ranlib
ac_cv_prog_ac_ct_STRIP=strip
ac_cv_prog_cc_c89=
ac_cv_prog_cc_g=yes
ac_cv_prog_cxx_g=yes
ac_cv_prog_make_make_set=yes
ac_cv_struct_tm=time.h
ac_cv_type_off_t=yes
ac_cv_type_size_t=yes
am_cv_CC_dependencies_compiler_type=gcc3
am_cv_CXX_dependencies_compiler_type=gcc3
am_cv_make_support_nested_variables=yes
lt_cv_ar_at_file=@
lt_cv_archive_cmds_need_lc=no
lt_cv_deplibs_check_method=unknown
lt_cv_file_magic_cmd='$MAGIC_CMD'
lt_cv_file_magic_test_file=
lt_cv_ld_reload_flag=-r
lt_cv_nm_interface='BSD nm'
lt_cv_objdir=.libs
lt_cv_path_LD=/usr/bin/ld
lt_cv_path_LDCXX=/usr/bin/ld
lt_cv_path_NM=no
lt_cv_path_mainfest_tool=no
lt_cv_prog_compiler_c_o=yes
lt_cv_prog_compiler_c_o_CXX=yes
lt_cv_prog_compiler_pic='-fPIC -DPIC'
lt_cv_prog_compiler_pic_CXX='-fPIC -DPIC'
lt_cv_prog_compiler_pic_works=yes
lt_cv_prog_compiler_pic_works_CXX=yes
lt_cv_prog_compiler_rtti_exceptions=no
lt_cv_prog_compiler_static_works=yes
lt_cv_prog_compiler_static_works_CXX=yes
lt_cv_prog_gnu_ld=yes
lt_cv_prog_gnu_ldcxx=yes
lt_cv_sharedlib_from_linklib_cmd='printf %s\n'
lt_cv_sys_global_symbol_pipe='sed -n -e '\''s/^.*[	 ]\([ABCDGIRSTW][ABCDGIRSTW]*\)[	 ][	 ]*\([_A-Za-z][_A-Za-z0-9]*\)$/\1 \2 \2/p'\'' | sed '\''/ __gnu_lto/d'\'''
lt_cv_sys_global_symbol_to_c_name_address='sed -n -e '\''s/^: \([^ ]*\)[ ]*$/  {\"\1\", (void *) 0},/p'\'' -e '\''s/^[ABCDGIRSTW]* \([^ ]*\) \([^ ]*\)$/  {"\2", (void *) \&\2},/p'\'''
lt_cv_sys_global_symbol_to_c_name_address_lib_prefix='sed -n -e '\''s/^: \([^ ]*\)[ ]*$/  {\"\1\", (void *) 0},/p'\'' -e '\''s/^[ABCDGIRSTW]* \([^ ]*\) \(lib[^ ]*\)$/  {"\2", (void *) \&\2},/p'\'' -e '\''s/^[ABCDGIRSTW]* \([^ ]*\) \([^ ]*\)$/  {"lib\2", (void *) \&\2},/p'\'''
lt_cv_sys_global_symbol_to_cdecl='sed -n -e '\''s/^T .* \(.*\)$/extern int \1();/p'\'' -e '\''s/^[ABCDGIRSTW]* .* \(.*\)$/extern char \1;/p'\'''
lt_cv_sys_max_cmd_len=1572864
lt_cv_to_host_file_cmd=func_convert_file_noop
lt_cv_to_tool_file_cmd=func_convert_file_noop
pkg_cv_LIBCAIRO_CFLAGS='-I/usr/local/include/freetype2 -I/usr/local/include -I/usr/local/include/libpng16 -I/usr/include/cairo -I/usr/include/glib-2.0 -I/usr/lib/x86_64-linux-gnu/glib-2.0/include -I/usr/include/pixman-1  '
pkg_cv_LIBCAIRO_LIBS='-lcairo  '
pkg_cv_LIBCURL_CFLAGS=' '
pkg_cv_LIBCURL_LIBS='-lcurl  '
pkg_cv_LIBLZMA_CFLAGS=' '
pkg_cv_LIBLZMA_LIBS='-llzma  '
pkg_cv_LIBPNG_CFLAGS='-I/usr/local/include/libpng16  '
pkg_cv_LIBPNG_LIBS='-L/usr/local/lib -lpng16  '
pkg_cv_LIBSPATIALITE_CFLAGS='-I/usr/local/include  '
pkg_cv_LIBSPATIALITE_LIBS='-L/usr/local/lib -lspatialite -lsqlite3 -lm -lz  '
pkg_cv_LIBWEBP_CFLAGS='-I/usr/local/include  '
pkg_cv_LIBWEBP_LIBS='-L/usr/local/lib -lwebp  '
pkg_cv_LIBXML2_CFLAGS='-I/usr/include/libxml2  '
pkg_cv_LIBXML2_LIBS='-lxml2  '

## ----------------- ##
## Output variables. ##
## ----------------- ##

ACLOCAL='${SHELL} /home/mj10777/000_links/geopaparazzi/geopaparazzi.eu/libjsqlite-spatialite-android/libjsqlite-spatialite-android/spatialite-android-library/jni/librasterlite2-4.2.0/missing aclocal-1.13'
AMDEPBACKSLASH='\'
AMDEP_FALSE='#'
AMDEP_TRUE=''
AMTAR='$${TAR-tar}'
AM_BACKSLASH='\'
AM_DEFAULT_V='$(AM_DEFAULT_VERBOSITY)'
AM_DEFAULT_VERBOSITY='1'
AM_V='$(V)'
AR='ar'
AS='as'
AUTOCONF='${SHELL} /home/mj10777/000_links/geopaparazzi/geopaparazzi.eu/libjsqlite-spatialite-android/libjsqlite-spatialite-android/spatialite-android-library/jni/librasterlite2-4.2.0/missing autoconf'
AUTOHEADER='${SHELL} /home/mj10777/000_links/geopaparazzi/geopaparazzi.eu/libjsqlite-spatialite-android/libjsqlite-spatialite-android/spatialite-android-library/jni/librasterlite2-4.2.0/missing autoheader'
AUTOMAKE='${SHELL} /home/mj10777/000_links/geopaparazzi/geopaparazzi.eu/libjsqlite-spatialite-android/libjsqlite-spatialite-android/spatialite-android-library/jni/librasterlite2-4.2.0/missing automake-1.13'
AWK='gawk'
CC='gcc'
CCDEPMODE='depmode=gcc3'
CFLAGS='-g -O2'
CPP='gcc -E'
CPPFLAGS=''
CXX='g++'
CXXCPP='g++ -E'
CXXDEPMODE='depmode=gcc3'
CXXFLAGS='-g -O2'
CYGPATH_W='echo'
DEFS='-DHAVE_CONFIG_H'
DEPDIR='.deps'
DLLTOOL='dlltool'
DSYMUTIL=''
DUMPBIN=':'
ECHO_C=''
ECHO_N='-n'
ECHO_T=''
EGREP='/bin/grep -E'
EXEEXT=''
FGREP='/bin/grep -F'
GREP='/bin/grep'
INSTALL_DATA='${INSTALL} -m 644'
INSTALL_PROGRAM='${INSTALL}'
INSTALL_SCRIPT='${INSTALL}'
INSTALL_STRIP_PROGRAM='$(install_sh) -c -s'
LD='/usr/bin/ld'
LDFLAGS=''
LIBCAIRO_CFLAGS='-I/usr/local/include/freetype2 -I/usr/local/include -I/usr/local/include/libpng16 -I/usr/include/cairo -I/usr/include/glib-2.0 -I/usr/lib/x86_64-linux-gnu/glib-2.0/include -I/usr/include/pixman-1  '
LIBCAIRO_LIBS='-lcairo  '
LIBCURL_CFLAGS=' '
LIBCURL_LIBS='-lcurl  '
LIBLZMA_CFLAGS=' '
LIBLZMA_LIBS='-llzma  '
LIBOBJS=' ${LIBOBJDIR}lstat$U.o ${LIBOBJDIR}memcmp$U.o ${LIBOBJDIR}stat$U.o'
LIBPNG_CFLAGS='-I/usr/local/include/libpng16  '
LIBPNG_LIBS='-L/usr/local/lib -lpng16  '
LIBS='-lgeotiff -ltiff -lgif -ljpeg -lz '
LIBSPATIALITE_CFLAGS='-I/usr/local/include  '
LIBSPATIALITE_LIBS='-L/usr/local/lib -lspatialite -lsqlite3 -lm -lz  '
LIBTOOL='$(SHELL) $(top_builddir)/libtool'
LIBWEBP_CFLAGS='-I/usr/local/include  '
LIBWEBP_LIBS='-L/usr/local/lib -lwebp  '
LIBXML2_CFLAGS='-I/usr/include/libxml2  '
LIBXML2_LIBS='-lxml2  '
LIPO=''
LN_S='ln -s'
LTLIBOBJS=' ${LIBOBJDIR}lstat$U.lo ${LIBOBJDIR}memcmp$U.lo ${LIBOBJDIR}stat$U.lo'
MAINT='#'
MAINTAINER_MODE_FALSE=''
MAINTAINER_MODE_TRUE='#'
MAKEINFO='${SHELL} /home/mj10777/000_links/geopaparazzi/geopaparazzi.eu/libjsqlite-spatialite-android/libjsqlite-spatialite-android/spatialite-android-library/jni/librasterlite2-4.2.0/missing makeinfo'
MANIFEST_TOOL=':'
MINGW_FALSE=''
MINGW_TRUE='#'
MKDIR_P='/bin/mkdir -p'
NM='nm'
NMEDIT=''
OBJDUMP='objdump'
OBJEXT='o'
OTOOL64=''
OTOOL=''
PACKAGE='librasterlite2'
PACKAGE_BUGREPORT='a.furieri@lqt.it'
PACKAGE_NAME='librasterlite2'
PACKAGE_STRING='librasterlite2 0.8'
PACKAGE_TARNAME='librasterlite2'
PACKAGE_URL=''
PACKAGE_VERSION='0.8'
PATH_SEPARATOR=':'
PKG_CONFIG='/usr/bin/pkg-config'
PKG_CONFIG_LIBDIR=''
PKG_CONFIG_PATH=''
RANLIB='ranlib'
SED='/bin/sed'
SET_MAKE=''
SHELL='/bin/bash'
STRIP='strip'
VERSION='0.8'
ac_ct_AR='ar'
ac_ct_CC='gcc'
ac_ct_CXX='g++'
ac_ct_DUMPBIN='link -dump'
am__EXEEXT_FALSE=''
am__EXEEXT_TRUE='#'
am__fastdepCC_FALSE='#'
am__fastdepCC_TRUE=''
am__fastdepCXX_FALSE='#'
am__fastdepCXX_TRUE=''
am__include='include'
am__isrc=''
am__leading_dot='.'
am__nodep='_no'
am__quote=''
am__tar='$${TAR-tar} chof - "$$tardir"'
am__untar='$${TAR-tar} xf -'
bindir='${exec_prefix}/bin'
build='x86_64-pc-linux-gnu'
build_alias='x86_64-pc-linux-gnu'
build_cpu='x86_64'
build_os='linux-gnu'
build_vendor='pc'
datadir='${datarootdir}'
datarootdir='${prefix}/share'
docdir='${datarootdir}/doc/${PACKAGE_TARNAME}'
dvidir='${docdir}'
exec_prefix='${prefix}'
host='arm-linux-eabi'
host_alias='arm-linux-eabi'
host_cpu='arm'
host_os='eabi'
host_vendor='linux'
htmldir='${docdir}'
includedir='${prefix}/include'
infodir='${datarootdir}/info'
install_sh='${SHELL} /home/mj10777/000_links/geopaparazzi/geopaparazzi.eu/libjsqlite-spatialite-android/libjsqlite-spatialite-android/spatialite-android-library/jni/librasterlite2-4.2.0/install-sh'
libdir='${exec_prefix}/lib'
libexecdir='${exec_prefix}/libexec'
localedir='${datarootdir}/locale'
localstatedir='${prefix}/var'
mandir='${datarootdir}/man'
mkdir_p='$(MKDIR_P)'
oldincludedir='/usr/include'
pdfdir='${docdir}'
prefix='/usr/local'
program_transform_name='s,x,x,'
psdir='${docdir}'
sbindir='${exec_prefix}/sbin'
sharedstatedir='${prefix}/com'
sysconfdir='${prefix}/etc'
target_alias=''

## ----------- ##
## confdefs.h. ##
## ----------- ##

/* confdefs.h */
#define PACKAGE_NAME "librasterlite2"
#define PACKAGE_TARNAME "librasterlite2"
#define PACKAGE_VERSION "0.8"
#define PACKAGE_STRING "librasterlite2 0.8"
#define PACKAGE_BUGREPORT "a.furieri@lqt.it"
#define PACKAGE_URL ""
#define PACKAGE "librasterlite2"
#define VERSION "0.8"
#define _LARGE_FILE 1
#define _FILE_OFFSET_BITS 64
#define _LARGEFILE_SOURCE 1
#define NDEBUG 1
#define STDC_HEADERS 1
#define HAVE_SYS_TYPES_H 1
#define HAVE_SYS_STAT_H 1
#define HAVE_STDLIB_H 1
#define HAVE_STRING_H 1
#define HAVE_MEMORY_H 1
#define HAVE_STRINGS_H 1
#define HAVE_INTTYPES_H 1
#define HAVE_STDINT_H 1
#define HAVE_UNISTD_H 1
#define HAVE_STDLIB_H 1
#define HAVE_STDIO_H 1
#define HAVE_STRING_H 1
#define HAVE_MEMORY_H 1
#define HAVE_MATH_H 1
#define HAVE_FLOAT_H 1
#define HAVE_JPEGLIB_H 1
#define HAVE_JERROR_H 1
#define HAVE_PNG_H 1
#define HAVE_ZLIB_H 1
#define HAVE_GIF_LIB_H 1
#define HAVE_LZMA_H 1
#define HAVE_GEOTIFF_H 1
#define HAVE_DLFCN_H 1
#define LT_OBJDIR ".libs/"
#define TIME_WITH_SYS_TIME 1
#define HAVE_LSTAT_EMPTY_STRING_BUG 1
#define HAVE_STAT_EMPTY_STRING_BUG 1
#define HAVE_STRFTIME 1
#define HAVE_STRCASECMP 1
#define HAVE_STRERROR 1
#define HAVE_STRNCASECMP 1
#define HAVE_STRSTR 1
#define HAVE_STRERROR 1
#define TARGET_CPU "x86_64-linux-gnu"
#define HAVE_LIBZ 1
#define HAVE_LIBJPEG 1
#define HAVE_LIBGIF 1
#define HAVE_LIBTIFF 1
#define HAVE_LIBGEOTIFF 1

configure: exit 0
