This file contains any messages produced by compilers while
running configure, to aid debugging if configure makes a mistake.

It was created by PROJ.4 Projections configure 4.7.0, which was
generated by GNU Autoconf 2.61.  Invocation command line was

  $ ./configure --build=x86_64-pc-linux-gnu --host=arm-linux-eabi

## --------- ##
## Platform. ##
## --------- ##

hostname = mj10777-01-l
uname -m = x86_64
uname -r = 3.2.0-56-generic
uname -s = Linux
uname -v = #86-Ubuntu SMP Wed Oct 23 09:20:45 UTC 2013

/usr/bin/uname -p = unknown
/bin/uname -X     = unknown

/bin/arch              = unknown
/usr/bin/arch -k       = unknown
/usr/convex/getsysinfo = unknown
/usr/bin/hostinfo      = unknown
/bin/machine           = unknown
/usr/bin/oslevel       = unknown
/bin/universe          = unknown

PATH: /usr/local/pgsql/bin
PATH: /usr/local/pgsql/bin
PATH: /home/mj10777/bin
PATH: /usr/local/pgsql/bin
PATH: /usr/lib/lightdm/lightdm
PATH: /usr/local/sbin
PATH: /usr/local/bin
PATH: /usr/sbin
PATH: /usr/bin
PATH: /sbin
PATH: /bin
PATH: /usr/games
PATH: /home/mj10777/000_links/gnu_source/qt_dev/Qt5.1.0/5.1.0/gcc_64/bin
PATH: /home/mj10777/000_links/gnu_source/adt-bundle-linux/sdk
PATH: /home/mj10777/000_links/gnu_source/adt-bundle-linux/sdk/tools/home/mj10777/gnu_source/adt-bundle-linux/sdk/platform-tools
PATH: /home/mj10777/gnu_source/adt-bundle-linux/sdk/tools
PATH: /home/mj10777/gnu_source/adt-bundle-linux/android-ndk-r8e


## ----------- ##
## Core tests. ##
## ----------- ##

configure:1995: checking for a BSD-compatible install
configure:2051: result: /usr/bin/install -c
configure:2062: checking whether build environment is sane
configure:2105: result: yes
configure:2133: checking for a thread-safe mkdir -p
configure:2172: result: /bin/mkdir -p
configure:2185: checking for gawk
configure:2201: found /usr/bin/gawk
configure:2212: result: gawk
configure:2223: checking whether make sets $(MAKE)
configure:2244: result: yes
configure:2324: checking for arm-linux-eabi-strip
configure:2354: result: no
configure:2364: checking for strip
configure:2380: found /usr/bin/strip
configure:2391: result: strip
configure:2405: WARNING: In the future, Autoconf will not detect cross-tools
whose name does not start with the host triplet.  If you think this
configuration is useful to you, please write to autoconf@gnu.org.
configure:2432: checking whether to enable maintainer-specific portions of Makefiles
configure:2441: result: no
configure:2465: checking for arm-linux-eabi-gcc
configure:2495: result: no
configure:2505: checking for gcc
configure:2521: found /usr/bin/gcc
configure:2532: result: gcc
configure:2770: checking for C compiler version
configure:2777: gcc --version >&5
gcc (Ubuntu 4.8.1-2ubuntu1~12.04) 4.8.1
Copyright (C) 2013 Free Software Foundation, Inc.
This is free software; see the source for copying conditions.  There is NO
warranty; not even for MERCHANTABILITY or FITNESS FOR A PARTICULAR PURPOSE.

configure:2780: $? = 0
configure:2787: gcc -v >&5
Using built-in specs.
COLLECT_GCC=gcc
COLLECT_LTO_WRAPPER=/usr/lib/gcc/x86_64-linux-gnu/4.8/lto-wrapper
Target: x86_64-linux-gnu
Configured with: ../src/configure -v --with-pkgversion='Ubuntu 4.8.1-2ubuntu1~12.04' --with-bugurl=file:///usr/share/doc/gcc-4.8/README.Bugs --enable-languages=c,c++,java,go,d,fortran,objc,obj-c++ --prefix=/usr --program-suffix=-4.8 --enable-shared --enable-linker-build-id --libexecdir=/usr/lib --without-included-gettext --enable-threads=posix --with-gxx-include-dir=/usr/include/c++/4.8 --libdir=/usr/lib --enable-nls --with-sysroot=/ --enable-clocale=gnu --enable-libstdcxx-debug --enable-libstdcxx-time=yes --enable-gnu-unique-object --enable-plugin --with-system-zlib --disable-browser-plugin --enable-java-awt=gtk --enable-gtk-cairo --with-java-home=/usr/lib/jvm/java-1.5.0-gcj-4.8-amd64/jre --enable-java-home --with-jvm-root-dir=/usr/lib/jvm/java-1.5.0-gcj-4.8-amd64 --with-jvm-jar-dir=/usr/lib/jvm-exports/java-1.5.0-gcj-4.8-amd64 --with-arch-directory=amd64 --with-ecj-jar=/usr/share/java/eclipse-ecj.jar --enable-objc-gc --enable-multiarch --disable-werror --with-arch-32=i686 --with-abi=m64 --with-multilib-list=m32,m64 --with-tune=generic --enable-checking=release --build=x86_64-linux-gnu --host=x86_64-linux-gnu --target=x86_64-linux-gnu
Thread model: posix
gcc version 4.8.1 (Ubuntu 4.8.1-2ubuntu1~12.04) 
configure:2790: $? = 0
configure:2797: gcc -V >&5
gcc: error: unrecognized command line option '-V'
gcc: fatal error: no input files
compilation terminated.
configure:2800: $? = 4
configure:2823: checking for C compiler default output file name
configure:2850: gcc    conftest.c  >&5
configure:2853: $? = 0
configure:2891: result: a.out
configure:2908: checking whether the C compiler works
configure:2938: result: yes
configure:2945: checking whether we are cross compiling
configure:2947: result: yes
configure:2950: checking for suffix of executables
configure:2957: gcc -o conftest    conftest.c  >&5
configure:2960: $? = 0
configure:2984: result: 
configure:2990: checking for suffix of object files
configure:3016: gcc -c   conftest.c >&5
configure:3019: $? = 0
configure:3042: result: o
configure:3046: checking whether we are using the GNU C compiler
configure:3075: gcc -c   conftest.c >&5
configure:3081: $? = 0
configure:3098: result: yes
configure:3103: checking whether gcc accepts -g
configure:3133: gcc -c -g  conftest.c >&5
configure:3139: $? = 0
configure:3238: result: yes
configure:3255: checking for gcc option to accept ISO C89
configure:3329: gcc  -c -g -O2  conftest.c >&5
configure:3335: $? = 0
configure:3358: result: none needed
configure:3387: checking for style of include used by make
configure:3415: result: GNU
configure:3440: checking dependency style of gcc
configure:3531: result: gcc3
configure:3559: checking for a BSD-compatible install
configure:3615: result: /usr/bin/install -c
configure:3626: checking whether ln -s works
configure:3630: result: yes
configure:3637: checking whether make sets $(MAKE)
configure:3658: result: yes
configure:3745: checking build system type
configure:3763: result: x86_64-pc-linux-gnu
configure:3785: checking host system type
configure:3800: result: arm-linux-eabi
configure:3822: checking for a sed that does not truncate output
configure:3878: result: /bin/sed
configure:3881: checking for grep that handles long lines and -e
configure:3955: result: /bin/grep
configure:3960: checking for egrep
configure:4038: result: /bin/grep -E
configure:4054: checking for ld used by gcc
configure:4121: result: /usr/bin/ld
configure:4130: checking if the linker (/usr/bin/ld) is GNU ld
configure:4145: result: yes
configure:4150: checking for /usr/bin/ld option to reload object files
configure:4157: result: -r
configure:4175: checking for BSD-compatible nm
configure:4224: result: nm
configure:4228: checking how to recognize dependent libraries
configure:4414: result: unknown
configure:4655: checking how to run the C preprocessor
configure:4695: gcc -E  conftest.c
configure:4701: $? = 0
configure:4732: gcc -E  conftest.c
conftest.c:10:28: fatal error: ac_nonexistent.h: No such file or directory
 #include <ac_nonexistent.h>
                            ^
compilation terminated.
configure:4738: $? = 1
configure: failed program was:
| /* confdefs.h.  */
| #define PACKAGE_NAME "PROJ.4 Projections"
| #define PACKAGE_TARNAME "proj"
| #define PACKAGE_VERSION "4.7.0"
| #define PACKAGE_STRING "PROJ.4 Projections 4.7.0"
| #define PACKAGE_BUGREPORT "warmerdam@pobox.com"
| #define PACKAGE "proj"
| #define VERSION "4.7.0"
| /* end confdefs.h.  */
| #include <ac_nonexistent.h>
configure:4771: result: gcc -E
configure:4800: gcc -E  conftest.c
configure:4806: $? = 0
configure:4837: gcc -E  conftest.c
conftest.c:10:28: fatal error: ac_nonexistent.h: No such file or directory
 #include <ac_nonexistent.h>
                            ^
compilation terminated.
configure:4843: $? = 1
configure: failed program was:
| /* confdefs.h.  */
| #define PACKAGE_NAME "PROJ.4 Projections"
| #define PACKAGE_TARNAME "proj"
| #define PACKAGE_VERSION "4.7.0"
| #define PACKAGE_STRING "PROJ.4 Projections 4.7.0"
| #define PACKAGE_BUGREPORT "warmerdam@pobox.com"
| #define PACKAGE "proj"
| #define VERSION "4.7.0"
| /* end confdefs.h.  */
| #include <ac_nonexistent.h>
configure:4881: checking for ANSI C header files
configure:4911: gcc -c -g -O2  conftest.c >&5
configure:4917: $? = 0
configure:5045: result: yes
configure:5069: checking for sys/types.h
configure:5090: gcc -c -g -O2  conftest.c >&5
configure:5096: $? = 0
configure:5112: result: yes
configure:5069: checking for sys/stat.h
configure:5090: gcc -c -g -O2  conftest.c >&5
configure:5096: $? = 0
configure:5112: result: yes
configure:5069: checking for stdlib.h
configure:5090: gcc -c -g -O2  conftest.c >&5
configure:5096: $? = 0
configure:5112: result: yes
configure:5069: checking for string.h
configure:5090: gcc -c -g -O2  conftest.c >&5
configure:5096: $? = 0
configure:5112: result: yes
configure:5069: checking for memory.h
configure:5090: gcc -c -g -O2  conftest.c >&5
configure:5096: $? = 0
configure:5112: result: yes
configure:5069: checking for strings.h
configure:5090: gcc -c -g -O2  conftest.c >&5
configure:5096: $? = 0
configure:5112: result: yes
configure:5069: checking for inttypes.h
configure:5090: gcc -c -g -O2  conftest.c >&5
configure:5096: $? = 0
configure:5112: result: yes
configure:5069: checking for stdint.h
configure:5090: gcc -c -g -O2  conftest.c >&5
configure:5096: $? = 0
configure:5112: result: yes
configure:5069: checking for unistd.h
configure:5090: gcc -c -g -O2  conftest.c >&5
configure:5096: $? = 0
configure:5112: result: yes
configure:5139: checking dlfcn.h usability
configure:5156: gcc -c -g -O2  conftest.c >&5
configure:5162: $? = 0
configure:5176: result: yes
configure:5180: checking dlfcn.h presence
configure:5195: gcc -E  conftest.c
configure:5201: $? = 0
configure:5215: result: yes
configure:5248: checking for dlfcn.h
configure:5256: result: yes
configure:5283: checking for arm-linux-eabi-g++
configure:5313: result: no
configure:5283: checking for arm-linux-eabi-c++
configure:5313: result: no
configure:5283: checking for arm-linux-eabi-gpp
configure:5313: result: no
configure:5283: checking for arm-linux-eabi-aCC
configure:5313: result: no
configure:5283: checking for arm-linux-eabi-CC
configure:5313: result: no
configure:5283: checking for arm-linux-eabi-cxx
configure:5313: result: no
configure:5283: checking for arm-linux-eabi-cc++
configure:5313: result: no
configure:5283: checking for arm-linux-eabi-cl.exe
configure:5313: result: no
configure:5283: checking for arm-linux-eabi-FCC
configure:5313: result: no
configure:5283: checking for arm-linux-eabi-KCC
configure:5313: result: no
configure:5283: checking for arm-linux-eabi-RCC
configure:5313: result: no
configure:5283: checking for arm-linux-eabi-xlC_r
configure:5313: result: no
configure:5283: checking for arm-linux-eabi-xlC
configure:5313: result: no
configure:5327: checking for g++
configure:5343: found /usr/bin/g++
configure:5354: result: g++
configure:5385: checking for C++ compiler version
configure:5392: g++ --version >&5
g++ (Ubuntu 4.8.1-2ubuntu1~12.04) 4.8.1
Copyright (C) 2013 Free Software Foundation, Inc.
This is free software; see the source for copying conditions.  There is NO
warranty; not even for MERCHANTABILITY or FITNESS FOR A PARTICULAR PURPOSE.

configure:5395: $? = 0
configure:5402: g++ -v >&5
Using built-in specs.
COLLECT_GCC=g++
COLLECT_LTO_WRAPPER=/usr/lib/gcc/x86_64-linux-gnu/4.8/lto-wrapper
Target: x86_64-linux-gnu
Configured with: ../src/configure -v --with-pkgversion='Ubuntu 4.8.1-2ubuntu1~12.04' --with-bugurl=file:///usr/share/doc/gcc-4.8/README.Bugs --enable-languages=c,c++,java,go,d,fortran,objc,obj-c++ --prefix=/usr --program-suffix=-4.8 --enable-shared --enable-linker-build-id --libexecdir=/usr/lib --without-included-gettext --enable-threads=posix --with-gxx-include-dir=/usr/include/c++/4.8 --libdir=/usr/lib --enable-nls --with-sysroot=/ --enable-clocale=gnu --enable-libstdcxx-debug --enable-libstdcxx-time=yes --enable-gnu-unique-object --enable-plugin --with-system-zlib --disable-browser-plugin --enable-java-awt=gtk --enable-gtk-cairo --with-java-home=/usr/lib/jvm/java-1.5.0-gcj-4.8-amd64/jre --enable-java-home --with-jvm-root-dir=/usr/lib/jvm/java-1.5.0-gcj-4.8-amd64 --with-jvm-jar-dir=/usr/lib/jvm-exports/java-1.5.0-gcj-4.8-amd64 --with-arch-directory=amd64 --with-ecj-jar=/usr/share/java/eclipse-ecj.jar --enable-objc-gc --enable-multiarch --disable-werror --with-arch-32=i686 --with-abi=m64 --with-multilib-list=m32,m64 --with-tune=generic --enable-checking=release --build=x86_64-linux-gnu --host=x86_64-linux-gnu --target=x86_64-linux-gnu
Thread model: posix
gcc version 4.8.1 (Ubuntu 4.8.1-2ubuntu1~12.04) 
configure:5405: $? = 0
configure:5412: g++ -V >&5
g++: error: unrecognized command line option '-V'
g++: fatal error: no input files
compilation terminated.
configure:5415: $? = 4
configure:5418: checking whether we are using the GNU C++ compiler
configure:5447: g++ -c   conftest.cpp >&5
configure:5453: $? = 0
configure:5470: result: yes
configure:5475: checking whether g++ accepts -g
configure:5505: g++ -c -g  conftest.cpp >&5
configure:5511: $? = 0
configure:5610: result: yes
configure:5635: checking dependency style of g++
configure:5726: result: gcc3
configure:5751: checking how to run the C++ preprocessor
configure:5787: g++ -E  conftest.cpp
configure:5793: $? = 0
configure:5824: g++ -E  conftest.cpp
conftest.cpp:21:28: fatal error: ac_nonexistent.h: No such file or directory
 #include <ac_nonexistent.h>
                            ^
compilation terminated.
configure:5830: $? = 1
configure: failed program was:
| /* confdefs.h.  */
| #define PACKAGE_NAME "PROJ.4 Projections"
| #define PACKAGE_TARNAME "proj"
| #define PACKAGE_VERSION "4.7.0"
| #define PACKAGE_STRING "PROJ.4 Projections 4.7.0"
| #define PACKAGE_BUGREPORT "warmerdam@pobox.com"
| #define PACKAGE "proj"
| #define VERSION "4.7.0"
| #define STDC_HEADERS 1
| #define HAVE_SYS_TYPES_H 1
| #define HAVE_SYS_STAT_H 1
| #define HAVE_STDLIB_H 1
| #define HAVE_STRING_H 1
| #define HAVE_MEMORY_H 1
| #define HAVE_STRINGS_H 1
| #define HAVE_INTTYPES_H 1
| #define HAVE_STDINT_H 1
| #define HAVE_UNISTD_H 1
| #define HAVE_DLFCN_H 1
| /* end confdefs.h.  */
| #include <ac_nonexistent.h>
configure:5863: result: g++ -E
configure:5892: g++ -E  conftest.cpp
configure:5898: $? = 0
configure:5929: g++ -E  conftest.cpp
conftest.cpp:21:28: fatal error: ac_nonexistent.h: No such file or directory
 #include <ac_nonexistent.h>
                            ^
compilation terminated.
configure:5935: $? = 1
configure: failed program was:
| /* confdefs.h.  */
| #define PACKAGE_NAME "PROJ.4 Projections"
| #define PACKAGE_TARNAME "proj"
| #define PACKAGE_VERSION "4.7.0"
| #define PACKAGE_STRING "PROJ.4 Projections 4.7.0"
| #define PACKAGE_BUGREPORT "warmerdam@pobox.com"
| #define PACKAGE "proj"
| #define VERSION "4.7.0"
| #define STDC_HEADERS 1
| #define HAVE_SYS_TYPES_H 1
| #define HAVE_SYS_STAT_H 1
| #define HAVE_STDLIB_H 1
| #define HAVE_STRING_H 1
| #define HAVE_MEMORY_H 1
| #define HAVE_STRINGS_H 1
| #define HAVE_INTTYPES_H 1
| #define HAVE_STDINT_H 1
| #define HAVE_UNISTD_H 1
| #define HAVE_DLFCN_H 1
| /* end confdefs.h.  */
| #include <ac_nonexistent.h>
configure:5984: checking for arm-linux-eabi-g77
configure:6014: result: no
configure:5984: checking for arm-linux-eabi-xlf
configure:6014: result: no
configure:5984: checking for arm-linux-eabi-f77
configure:6014: result: no
configure:5984: checking for arm-linux-eabi-frt
configure:6014: result: no
configure:5984: checking for arm-linux-eabi-pgf77
configure:6014: result: no
configure:5984: checking for arm-linux-eabi-cf77
configure:6014: result: no
configure:5984: checking for arm-linux-eabi-fort77
configure:6014: result: no
configure:5984: checking for arm-linux-eabi-fl32
configure:6014: result: no
configure:5984: checking for arm-linux-eabi-af77
configure:6014: result: no
configure:5984: checking for arm-linux-eabi-xlf90
configure:6014: result: no
configure:5984: checking for arm-linux-eabi-f90
configure:6014: result: no
configure:5984: checking for arm-linux-eabi-pgf90
configure:6014: result: no
configure:5984: checking for arm-linux-eabi-pghpf
configure:6014: result: no
configure:5984: checking for arm-linux-eabi-epcf90
configure:6014: result: no
configure:5984: checking for arm-linux-eabi-gfortran
configure:6014: result: no
configure:5984: checking for arm-linux-eabi-g95
configure:6014: result: no
configure:5984: checking for arm-linux-eabi-xlf95
configure:6014: result: no
configure:5984: checking for arm-linux-eabi-f95
configure:6014: result: no
configure:5984: checking for arm-linux-eabi-fort
configure:6014: result: no
configure:5984: checking for arm-linux-eabi-ifort
configure:6014: result: no
configure:5984: checking for arm-linux-eabi-ifc
configure:6014: result: no
configure:5984: checking for arm-linux-eabi-efc
configure:6014: result: no
configure:5984: checking for arm-linux-eabi-pgf95
configure:6014: result: no
configure:5984: checking for arm-linux-eabi-lf95
configure:6014: result: no
configure:5984: checking for arm-linux-eabi-ftn
configure:6014: result: no
configure:6028: checking for g77
configure:6058: result: no
configure:6028: checking for xlf
configure:6058: result: no
configure:6028: checking for f77
configure:6058: result: no
configure:6028: checking for frt
configure:6058: result: no
configure:6028: checking for pgf77
configure:6058: result: no
configure:6028: checking for cf77
configure:6058: result: no
configure:6028: checking for fort77
configure:6058: result: no
configure:6028: checking for fl32
configure:6058: result: no
configure:6028: checking for af77
configure:6058: result: no
configure:6028: checking for xlf90
configure:6058: result: no
configure:6028: checking for f90
configure:6058: result: no
configure:6028: checking for pgf90
configure:6058: result: no
configure:6028: checking for pghpf
configure:6058: result: no
configure:6028: checking for epcf90
configure:6058: result: no
configure:6028: checking for gfortran
configure:6058: result: no
configure:6028: checking for g95
configure:6058: result: no
configure:6028: checking for xlf95
configure:6058: result: no
configure:6028: checking for f95
configure:6058: result: no
configure:6028: checking for fort
configure:6058: result: no
configure:6028: checking for ifort
configure:6058: result: no
configure:6028: checking for ifc
configure:6058: result: no
configure:6028: checking for efc
configure:6058: result: no
configure:6028: checking for pgf95
configure:6058: result: no
configure:6028: checking for lf95
configure:6058: result: no
configure:6028: checking for ftn
configure:6058: result: no
configure:6085: checking for Fortran 77 compiler version
configure:6092:  --version >&5
./configure: line 6093: --version: command not found
configure:6095: $? = 127
configure:6102:  -v >&5
./configure: line 6103: -v: command not found
configure:6105: $? = 127
configure:6112:  -V >&5
./configure: line 6113: -V: command not found
configure:6115: $? = 127
configure:6123: checking whether we are using the GNU Fortran 77 compiler
configure:6142:  -c  conftest.F >&5
./configure: line 6143: -c: command not found
configure:6148: $? = 127
configure: failed program was:
|       program main
| #ifndef __GNUC__
|        choke me
| #endif
| 
|       end
configure:6165: result: no
configure:6171: checking whether  accepts -g
configure:6188:  -c -g conftest.f >&5
./configure: line 6189: -c: command not found
configure:6194: $? = 127
configure: failed program was:
|       program main
| 
|       end
configure:6210: result: no
configure:6240: checking the maximum length of command line arguments
configure:6352: result: 1572864
configure:6364: checking command to parse nm output from gcc object
configure:6469: gcc -c -g -O2  conftest.c >&5
configure:6472: $? = 0
configure:6476: nm conftest.o \| sed -n -e 's/^.*[ 	]\([ABCDGIRSTW][ABCDGIRSTW]*\)[ 	][ 	]*\([_A-Za-z][_A-Za-z0-9]*\)$/\1 \2 \2/p' \> conftest.nm
configure:6479: $? = 0
configure:6531: gcc -o conftest -g -O2   conftest.c conftstm.o >&5
configure:6534: $? = 0
configure:6572: result: ok
configure:6576: checking for objdir
configure:6591: result: .libs
configure:6643: checking for arm-linux-eabi-ar
configure:6673: result: no
configure:6683: checking for ar
configure:6699: found /usr/bin/ar
configure:6710: result: ar
configure:6739: checking for arm-linux-eabi-ranlib
configure:6769: result: no
configure:6779: checking for ranlib
configure:6795: found /usr/bin/ranlib
configure:6806: result: ranlib
configure:6835: checking for arm-linux-eabi-strip
configure:6862: result: strip
configure:7188: checking if gcc supports -fno-rtti -fno-exceptions
configure:7206: gcc -c -g -O2  -fno-rtti -fno-exceptions conftest.c >&5
cc1: warning: command line option '-fno-rtti' is valid for C++/ObjC++ but not for C [enabled by default]
configure:7210: $? = 0
configure:7223: result: no
configure:7238: checking for gcc option to produce PIC
configure:7470: result: -fPIC
configure:7478: checking if gcc PIC flag -fPIC works
configure:7496: gcc -c -g -O2  -fPIC -DPIC conftest.c >&5
configure:7500: $? = 0
configure:7513: result: yes
configure:7541: checking if gcc static flag -static works
configure:7569: result: yes
configure:7579: checking if gcc supports -c -o file.o
configure:7600: gcc -c -g -O2  -o out/conftest2.o conftest.c >&5
configure:7604: $? = 0
configure:7626: result: yes
configure:7652: checking whether the gcc linker (/usr/bin/ld) supports shared libraries
configure:8633: result: yes
configure:8654: checking whether -lc should be explicitly linked in
configure:8659: gcc -c -g -O2  conftest.c >&5
configure:8662: $? = 0
configure:8677: gcc -shared conftest.o  -v -Wl,-soname -Wl,conftest -o conftest 2\>\&1 \| grep  -lc  \>/dev/null 2\>\&1
configure:8680: $? = 0
configure:8692: result: no
configure:8700: checking dynamic linker characteristics
configure:9314: result: no
configure:9323: checking how to hardcode library paths into programs
configure:9348: result: immediate
configure:9362: checking whether stripping libraries is possible
configure:9367: result: yes
configure:10169: checking if libtool supports shared libraries
configure:10171: result: no
configure:10174: checking whether to build shared libraries
configure:10195: result: no
configure:10198: checking whether to build static libraries
configure:10202: result: yes
configure:10295: creating libtool
configure:10883: checking for ld used by g++
configure:10950: result: /usr/bin/ld
configure:10959: checking if the linker (/usr/bin/ld) is GNU ld
configure:10974: result: yes
configure:11025: checking whether the g++ linker (/usr/bin/ld) supports shared libraries
configure:11999: result: no
configure:12017: g++ -c -g -O2  conftest.cpp >&5
configure:12020: $? = 0
configure:12172: checking for g++ option to produce PIC
configure:12456: result: -fPIC
configure:12464: checking if g++ PIC flag -fPIC works
configure:12482: g++ -c -g -O2  -fPIC -DPIC conftest.cpp >&5
configure:12486: $? = 0
configure:12499: result: yes
configure:12527: checking if g++ static flag -static works
configure:12555: result: yes
configure:12565: checking if g++ supports -c -o file.o
configure:12586: g++ -c -g -O2  -o out/conftest2.o conftest.cpp >&5
configure:12590: $? = 0
configure:12612: result: yes
configure:12638: checking whether the g++ linker (/usr/bin/ld) supports shared libraries
configure:12666: result: no
configure:12733: checking dynamic linker characteristics
configure:13295: result: no
configure:13304: checking how to hardcode library paths into programs
configure:13329: result: immediate
configure:19528: checking for exp in -lm
configure:19563: gcc -o conftest -g -O2   conftest.c -lm   >&5
conftest.c:28:6: warning: conflicting types for built-in function 'exp' [enabled by default]
 char exp ();
      ^
configure:19569: $? = 0
configure:19587: result: yes
configure:19599: checking for ANSI C header files
configure:19763: result: yes
configure:19837: checking jni.h usability
configure:19854: gcc -c -g -O2  conftest.c >&5
conftest.c:56:17: fatal error: jni.h: No such file or directory
 #include <jni.h>
                 ^
compilation terminated.
configure:19860: $? = 1
configure: failed program was:
| /* confdefs.h.  */
| #define PACKAGE_NAME "PROJ.4 Projections"
| #define PACKAGE_TARNAME "proj"
| #define PACKAGE_VERSION "4.7.0"
| #define PACKAGE_STRING "PROJ.4 Projections 4.7.0"
| #define PACKAGE_BUGREPORT "warmerdam@pobox.com"
| #define PACKAGE "proj"
| #define VERSION "4.7.0"
| #define STDC_HEADERS 1
| #define HAVE_SYS_TYPES_H 1
| #define HAVE_SYS_STAT_H 1
| #define HAVE_STDLIB_H 1
| #define HAVE_STRING_H 1
| #define HAVE_MEMORY_H 1
| #define HAVE_STRINGS_H 1
| #define HAVE_INTTYPES_H 1
| #define HAVE_STDINT_H 1
| #define HAVE_UNISTD_H 1
| #define HAVE_DLFCN_H 1
| #define HAVE_LIBM 1
| #define STDC_HEADERS 1
| /* end confdefs.h.  */
| #include <stdio.h>
| #ifdef HAVE_SYS_TYPES_H
| # include <sys/types.h>
| #endif
| #ifdef HAVE_SYS_STAT_H
| # include <sys/stat.h>
| #endif
| #ifdef STDC_HEADERS
| # include <stdlib.h>
| # include <stddef.h>
| #else
| # ifdef HAVE_STDLIB_H
| #  include <stdlib.h>
| # endif
| #endif
| #ifdef HAVE_STRING_H
| # if !defined STDC_HEADERS && defined HAVE_MEMORY_H
| #  include <memory.h>
| # endif
| # include <string.h>
| #endif
| #ifdef HAVE_STRINGS_H
| # include <strings.h>
| #endif
| #ifdef HAVE_INTTYPES_H
| # include <inttypes.h>
| #endif
| #ifdef HAVE_STDINT_H
| # include <stdint.h>
| #endif
| #ifdef HAVE_UNISTD_H
| # include <unistd.h>
| #endif
| #include <jni.h>
configure:19874: result: no
configure:19878: checking jni.h presence
configure:19893: gcc -E  conftest.c
conftest.c:23:17: fatal error: jni.h: No such file or directory
 #include <jni.h>
                 ^
compilation terminated.
configure:19899: $? = 1
configure: failed program was:
| /* confdefs.h.  */
| #define PACKAGE_NAME "PROJ.4 Projections"
| #define PACKAGE_TARNAME "proj"
| #define PACKAGE_VERSION "4.7.0"
| #define PACKAGE_STRING "PROJ.4 Projections 4.7.0"
| #define PACKAGE_BUGREPORT "warmerdam@pobox.com"
| #define PACKAGE "proj"
| #define VERSION "4.7.0"
| #define STDC_HEADERS 1
| #define HAVE_SYS_TYPES_H 1
| #define HAVE_SYS_STAT_H 1
| #define HAVE_STDLIB_H 1
| #define HAVE_STRING_H 1
| #define HAVE_MEMORY_H 1
| #define HAVE_STRINGS_H 1
| #define HAVE_INTTYPES_H 1
| #define HAVE_STDINT_H 1
| #define HAVE_UNISTD_H 1
| #define HAVE_DLFCN_H 1
| #define HAVE_LIBM 1
| #define STDC_HEADERS 1
| /* end confdefs.h.  */
| #include <jni.h>
configure:19913: result: no
configure:19946: checking for jni.h
configure:19954: result: no
configure:19968: checking whether to enable Java/JNI support
configure:19972: result: disabled
configure:20003: checking for mutexes
configure:20007: result: enabled, pthread
configure:20148: creating ./config.status

## ---------------------- ##
## Running config.status. ##
## ---------------------- ##

This file was extended by PROJ.4 Projections config.status 4.7.0, which was
generated by GNU Autoconf 2.61.  Invocation command line was

  CONFIG_FILES    = 
  CONFIG_HEADERS  = 
  CONFIG_LINKS    = 
  CONFIG_COMMANDS = 
  $ ./config.status 

on mj10777-01-l

config.status:675: creating Makefile
config.status:675: creating src/Makefile
config.status:675: creating man/Makefile
config.status:675: creating man/man1/Makefile
config.status:675: creating man/man3/Makefile
config.status:675: creating nad/Makefile
config.status:675: creating jniwrap/Makefile
config.status:675: creating jniwrap/org/Makefile
config.status:675: creating jniwrap/org/proj4/Makefile
config.status:675: creating src/proj_config.h
config.status:950: executing depfiles commands

## ---------------- ##
## Cache variables. ##
## ---------------- ##

ac_cv_build=x86_64-pc-linux-gnu
ac_cv_c_compiler_gnu=yes
ac_cv_cxx_compiler_gnu=yes
ac_cv_env_CCC_set=
ac_cv_env_CCC_value=
ac_cv_env_CC_set=
ac_cv_env_CC_value=
ac_cv_env_CFLAGS_set=
ac_cv_env_CFLAGS_value=
ac_cv_env_CPPFLAGS_set=
ac_cv_env_CPPFLAGS_value=
ac_cv_env_CPP_set=
ac_cv_env_CPP_value=
ac_cv_env_CXXCPP_set=
ac_cv_env_CXXCPP_value=
ac_cv_env_CXXFLAGS_set=
ac_cv_env_CXXFLAGS_value=
ac_cv_env_CXX_set=
ac_cv_env_CXX_value=
ac_cv_env_F77_set=
ac_cv_env_F77_value=
ac_cv_env_FFLAGS_set=
ac_cv_env_FFLAGS_value=
ac_cv_env_LDFLAGS_set=
ac_cv_env_LDFLAGS_value=
ac_cv_env_LIBS_set=
ac_cv_env_LIBS_value=
ac_cv_env_build_alias_set=set
ac_cv_env_build_alias_value=x86_64-pc-linux-gnu
ac_cv_env_host_alias_set=set
ac_cv_env_host_alias_value=arm-linux-eabi
ac_cv_env_target_alias_set=
ac_cv_env_target_alias_value=
ac_cv_f77_compiler_gnu=no
ac_cv_header_dlfcn_h=yes
ac_cv_header_inttypes_h=yes
ac_cv_header_jni_h=no
ac_cv_header_memory_h=yes
ac_cv_header_stdc=yes
ac_cv_header_stdint_h=yes
ac_cv_header_stdlib_h=yes
ac_cv_header_string_h=yes
ac_cv_header_strings_h=yes
ac_cv_header_sys_stat_h=yes
ac_cv_header_sys_types_h=yes
ac_cv_header_unistd_h=yes
ac_cv_host=arm-linux-eabi
ac_cv_lib_m_exp=yes
ac_cv_objext=o
ac_cv_path_EGREP='/bin/grep -E'
ac_cv_path_GREP=/bin/grep
ac_cv_path_install='/usr/bin/install -c'
ac_cv_path_mkdir=/bin/mkdir
ac_cv_prog_AWK=gawk
ac_cv_prog_CPP='gcc -E'
ac_cv_prog_CXXCPP='g++ -E'
ac_cv_prog_STRIP=strip
ac_cv_prog_ac_ct_AR=ar
ac_cv_prog_ac_ct_CC=gcc
ac_cv_prog_ac_ct_CXX=g++
ac_cv_prog_ac_ct_RANLIB=ranlib
ac_cv_prog_ac_ct_STRIP=strip
ac_cv_prog_cc_c89=
ac_cv_prog_cc_g=yes
ac_cv_prog_cxx_g=yes
ac_cv_prog_f77_g=no
ac_cv_prog_make_make_set=yes
am_cv_CC_dependencies_compiler_type=gcc3
am_cv_CXX_dependencies_compiler_type=gcc3
lt_cv_deplibs_check_method=unknown
lt_cv_file_magic_cmd='$MAGIC_CMD'
lt_cv_file_magic_test_file=
lt_cv_ld_reload_flag=-r
lt_cv_objdir=.libs
lt_cv_path_LD=/usr/bin/ld
lt_cv_path_LDCXX=/usr/bin/ld
lt_cv_path_NM=nm
lt_cv_path_SED=/bin/sed
lt_cv_prog_compiler_c_o=yes
lt_cv_prog_compiler_c_o_CXX=yes
lt_cv_prog_compiler_rtti_exceptions=no
lt_cv_prog_gnu_ld=yes
lt_cv_prog_gnu_ldcxx=yes
lt_cv_sys_global_symbol_pipe='sed -n -e '\''s/^.*[ 	]\([ABCDGIRSTW][ABCDGIRSTW]*\)[ 	][ 	]*\([_A-Za-z][_A-Za-z0-9]*\)$/\1 \2 \2/p'\'''
lt_cv_sys_global_symbol_to_c_name_address='sed -n -e '\''s/^: \([^ ]*\) $/  {\"\1\", (lt_ptr) 0},/p'\'' -e '\''s/^[BCDEGRST] \([^ ]*\) \([^ ]*\)$/  {"\2", (lt_ptr) \&\2},/p'\'''
lt_cv_sys_global_symbol_to_cdecl='sed -n -e '\''s/^. .* \(.*\)$/extern int \1;/p'\'''
lt_cv_sys_max_cmd_len=1572864
lt_lt_cv_prog_compiler_c_o='"yes"'
lt_lt_cv_prog_compiler_c_o_CXX='"yes"'
lt_lt_cv_sys_global_symbol_pipe='"sed -n -e '\''s/^.*[ 	]\\([ABCDGIRSTW][ABCDGIRSTW]*\\)[ 	][ 	]*\\([_A-Za-z][_A-Za-z0-9]*\\)\$/\\1 \\2 \\2/p'\''"'
lt_lt_cv_sys_global_symbol_to_c_name_address='"sed -n -e '\''s/^: \\([^ ]*\\) \$/  {\\\"\\1\\\", (lt_ptr) 0},/p'\'' -e '\''s/^[BCDEGRST] \\([^ ]*\\) \\([^ ]*\\)\$/  {\"\\2\", (lt_ptr) \\&\\2},/p'\''"'
lt_lt_cv_sys_global_symbol_to_cdecl='"sed -n -e '\''s/^. .* \\(.*\\)\$/extern int \\1;/p'\''"'

## ----------------- ##
## Output variables. ##
## ----------------- ##

ACLOCAL='${SHELL} /home/mj10777/000_links/gnu_source/adt-bundle-linux/geopaparazzi/spatialite-android/4.1.1.brad/bradh-spatialiteandroid/spatialite-android-library/jni/proj-4.7.0/missing --run aclocal-1.10'
AMDEPBACKSLASH='\'
AMDEP_FALSE='#'
AMDEP_TRUE=''
AMTAR='${SHELL} /home/mj10777/000_links/gnu_source/adt-bundle-linux/geopaparazzi/spatialite-android/4.1.1.brad/bradh-spatialiteandroid/spatialite-android-library/jni/proj-4.7.0/missing --run tar'
AR='ar'
AUTOCONF='${SHELL} /home/mj10777/000_links/gnu_source/adt-bundle-linux/geopaparazzi/spatialite-android/4.1.1.brad/bradh-spatialiteandroid/spatialite-android-library/jni/proj-4.7.0/missing --run autoconf'
AUTOHEADER='${SHELL} /home/mj10777/000_links/gnu_source/adt-bundle-linux/geopaparazzi/spatialite-android/4.1.1.brad/bradh-spatialiteandroid/spatialite-android-library/jni/proj-4.7.0/missing --run autoheader'
AUTOMAKE='${SHELL} /home/mj10777/000_links/gnu_source/adt-bundle-linux/geopaparazzi/spatialite-android/4.1.1.brad/bradh-spatialiteandroid/spatialite-android-library/jni/proj-4.7.0/missing --run automake-1.10'
AWK='gawk'
CC='gcc'
CCDEPMODE='depmode=gcc3'
CFLAGS='-g -O2'
CPP='gcc -E'
CPPFLAGS=''
CXX='g++'
CXXCPP='g++ -E'
CXXDEPMODE='depmode=gcc3'
CXXFLAGS='-g -O2'
CYGPATH_W='echo'
DEFS='-DHAVE_CONFIG_H'
DEPDIR='.deps'
ECHO='echo'
ECHO_C=''
ECHO_N='-n'
ECHO_T=''
EGREP='/bin/grep -E'
EXEEXT=''
F77=''
FFLAGS=''
GREP='/bin/grep'
INSTALL_DATA='${INSTALL} -m 644'
INSTALL_PROGRAM='${INSTALL}'
INSTALL_SCRIPT='${INSTALL}'
INSTALL_STRIP_PROGRAM='$(install_sh) -c -s'
JNI_INCLUDE=''
LDFLAGS=''
LIBOBJS=''
LIBS='-lm '
LIBTOOL='$(SHELL) $(top_builddir)/libtool'
LN_S='ln -s'
LTLIBOBJS=''
MAINT='#'
MAINTAINER_MODE_FALSE=''
MAINTAINER_MODE_TRUE='#'
MAKEINFO='${SHELL} /home/mj10777/000_links/gnu_source/adt-bundle-linux/geopaparazzi/spatialite-android/4.1.1.brad/bradh-spatialiteandroid/spatialite-android-library/jni/proj-4.7.0/missing --run makeinfo'
MUTEX_SETTING='pthread'
OBJEXT='o'
PACKAGE='proj'
PACKAGE_BUGREPORT='warmerdam@pobox.com'
PACKAGE_NAME='PROJ.4 Projections'
PACKAGE_STRING='PROJ.4 Projections 4.7.0'
PACKAGE_TARNAME='proj'
PACKAGE_VERSION='4.7.0'
PATH_SEPARATOR=':'
RANLIB='ranlib'
SED='/bin/sed'
SET_MAKE=''
SHELL='/bin/bash'
STRIP='strip'
VERSION='4.7.0'
ac_ct_CC='gcc'
ac_ct_CXX='g++'
ac_ct_F77=''
am__fastdepCC_FALSE='#'
am__fastdepCC_TRUE=''
am__fastdepCXX_FALSE='#'
am__fastdepCXX_TRUE=''
am__include='include'
am__isrc=''
am__leading_dot='.'
am__quote=''
am__tar='${AMTAR} chof - "$$tardir"'
am__untar='${AMTAR} xf -'
bindir='${exec_prefix}/bin'
build='x86_64-pc-linux-gnu'
build_alias='x86_64-pc-linux-gnu'
build_cpu='x86_64'
build_os='linux-gnu'
build_vendor='pc'
datadir='${datarootdir}'
datarootdir='${prefix}/share'
docdir='${datarootdir}/doc/${PACKAGE_TARNAME}'
dvidir='${docdir}'
exec_prefix='${prefix}'
host='arm-linux-eabi'
host_alias='arm-linux-eabi'
host_cpu='arm'
host_os='eabi'
host_vendor='linux'
htmldir='${docdir}'
includedir='${prefix}/include'
infodir='${datarootdir}/info'
install_sh='$(SHELL) /home/mj10777/000_links/gnu_source/adt-bundle-linux/geopaparazzi/spatialite-android/4.1.1.brad/bradh-spatialiteandroid/spatialite-android-library/jni/proj-4.7.0/install-sh'
libdir='${exec_prefix}/lib'
libexecdir='${exec_prefix}/libexec'
localedir='${datarootdir}/locale'
localstatedir='${prefix}/var'
mandir='${datarootdir}/man'
mkdir_p='/bin/mkdir -p'
oldincludedir='/usr/include'
pdfdir='${docdir}'
prefix='/usr/local'
program_transform_name='s,x,x,'
psdir='${docdir}'
sbindir='${exec_prefix}/sbin'
sharedstatedir='${prefix}/com'
sysconfdir='${prefix}/etc'
target_alias=''

## ----------- ##
## confdefs.h. ##
## ----------- ##

#define PACKAGE_NAME "PROJ.4 Projections"
#define PACKAGE_TARNAME "proj"
#define PACKAGE_VERSION "4.7.0"
#define PACKAGE_STRING "PROJ.4 Projections 4.7.0"
#define PACKAGE_BUGREPORT "warmerdam@pobox.com"
#define PACKAGE "proj"
#define VERSION "4.7.0"
#define STDC_HEADERS 1
#define HAVE_SYS_TYPES_H 1
#define HAVE_SYS_STAT_H 1
#define HAVE_STDLIB_H 1
#define HAVE_STRING_H 1
#define HAVE_MEMORY_H 1
#define HAVE_STRINGS_H 1
#define HAVE_INTTYPES_H 1
#define HAVE_STDINT_H 1
#define HAVE_UNISTD_H 1
#define HAVE_DLFCN_H 1
#define HAVE_LIBM 1
#define STDC_HEADERS 1

configure: exit 0
