This file contains any messages produced by compilers while
running configure, to aid debugging if configure makes a mistake.

It was created by configure, which was
generated by GNU Autoconf 2.68.  Invocation command line was

  $ ./configure --build=x86_64-pc-linux-gnu --host=arm-linux-eabi

## --------- ##
## Platform. ##
## --------- ##

hostname = mj10777-01-l
uname -m = x86_64
uname -r = 3.2.0-56-generic
uname -s = Linux
uname -v = #86-Ubuntu SMP Wed Oct 23 09:20:45 UTC 2013

/usr/bin/uname -p = unknown
/bin/uname -X     = unknown

/bin/arch              = unknown
/usr/bin/arch -k       = unknown
/usr/convex/getsysinfo = unknown
/usr/bin/hostinfo      = unknown
/bin/machine           = unknown
/usr/bin/oslevel       = unknown
/bin/universe          = unknown

PATH: /usr/local/pgsql/bin
PATH: /usr/local/pgsql/bin
PATH: /home/mj10777/bin
PATH: /usr/local/pgsql/bin
PATH: /usr/lib/lightdm/lightdm
PATH: /usr/local/sbin
PATH: /usr/local/bin
PATH: /usr/sbin
PATH: /usr/bin
PATH: /sbin
PATH: /bin
PATH: /usr/games
PATH: /home/mj10777/000_links/gnu_source/qt_dev/Qt5.1.0/5.1.0/gcc_64/bin
PATH: /home/mj10777/000_links/gnu_source/adt-bundle-linux/sdk
PATH: /home/mj10777/000_links/gnu_source/adt-bundle-linux/sdk/tools/home/mj10777/gnu_source/adt-bundle-linux/sdk/platform-tools
PATH: /home/mj10777/gnu_source/adt-bundle-linux/sdk/tools
PATH: /home/mj10777/gnu_source/adt-bundle-linux/android-ndk-r8e


## ----------- ##
## Core tests. ##
## ----------- ##

configure:2339: checking build system type
configure:2353: result: x86_64-pc-linux-gnu
configure:2373: checking host system type
configure:2386: result: arm-linux-eabi
configure:2414: checking for arm-linux-eabi-gcc
configure:2444: result: no
configure:2454: checking for gcc
configure:2470: found /usr/bin/gcc
configure:2481: result: gcc
configure:2493: WARNING: using cross tools not prefixed with host triplet
configure:2710: checking for C compiler version
configure:2719: gcc --version >&5
gcc (Ubuntu 4.8.1-2ubuntu1~12.04) 4.8.1
Copyright (C) 2013 Free Software Foundation, Inc.
This is free software; see the source for copying conditions.  There is NO
warranty; not even for MERCHANTABILITY or FITNESS FOR A PARTICULAR PURPOSE.

configure:2730: $? = 0
configure:2719: gcc -v >&5
Using built-in specs.
COLLECT_GCC=gcc
COLLECT_LTO_WRAPPER=/usr/lib/gcc/x86_64-linux-gnu/4.8/lto-wrapper
Target: x86_64-linux-gnu
Configured with: ../src/configure -v --with-pkgversion='Ubuntu 4.8.1-2ubuntu1~12.04' --with-bugurl=file:///usr/share/doc/gcc-4.8/README.Bugs --enable-languages=c,c++,java,go,d,fortran,objc,obj-c++ --prefix=/usr --program-suffix=-4.8 --enable-shared --enable-linker-build-id --libexecdir=/usr/lib --without-included-gettext --enable-threads=posix --with-gxx-include-dir=/usr/include/c++/4.8 --libdir=/usr/lib --enable-nls --with-sysroot=/ --enable-clocale=gnu --enable-libstdcxx-debug --enable-libstdcxx-time=yes --enable-gnu-unique-object --enable-plugin --with-system-zlib --disable-browser-plugin --enable-java-awt=gtk --enable-gtk-cairo --with-java-home=/usr/lib/jvm/java-1.5.0-gcj-4.8-amd64/jre --enable-java-home --with-jvm-root-dir=/usr/lib/jvm/java-1.5.0-gcj-4.8-amd64 --with-jvm-jar-dir=/usr/lib/jvm-exports/java-1.5.0-gcj-4.8-amd64 --with-arch-directory=amd64 --with-ecj-jar=/usr/share/java/eclipse-ecj.jar --enable-objc-gc --enable-multiarch --disable-werror --with-arch-32=i686 --with-abi=m64 --with-multilib-list=m32,m64 --with-tune=generic --enable-checking=release --build=x86_64-linux-gnu --host=x86_64-linux-gnu --target=x86_64-linux-gnu
Thread model: posix
gcc version 4.8.1 (Ubuntu 4.8.1-2ubuntu1~12.04) 
configure:2730: $? = 0
configure:2719: gcc -V >&5
gcc: error: unrecognized command line option '-V'
gcc: fatal error: no input files
compilation terminated.
configure:2730: $? = 4
configure:2719: gcc -qversion >&5
gcc: error: unrecognized command line option '-qversion'
gcc: fatal error: no input files
compilation terminated.
configure:2730: $? = 4
configure:2750: checking whether the C compiler works
configure:2772: gcc    conftest.c  >&5
configure:2776: $? = 0
configure:2824: result: yes
configure:2827: checking for C compiler default output file name
configure:2829: result: a.out
configure:2835: checking for suffix of executables
configure:2842: gcc -o conftest    conftest.c  >&5
configure:2846: $? = 0
configure:2868: result: 
configure:2890: checking whether we are cross compiling
configure:2928: result: yes
configure:2933: checking for suffix of object files
configure:2955: gcc -c   conftest.c >&5
configure:2959: $? = 0
configure:2980: result: o
configure:2984: checking whether we are using the GNU C compiler
configure:3003: gcc -c   conftest.c >&5
configure:3003: $? = 0
configure:3012: result: yes
configure:3021: checking whether gcc accepts -g
configure:3041: gcc -c -g  conftest.c >&5
configure:3041: $? = 0
configure:3082: result: yes
configure:3099: checking for gcc option to accept ISO C89
configure:3163: gcc  -c -g -O2  conftest.c >&5
configure:3163: $? = 0
configure:3176: result: none needed
configure:3196: checking for a sed that does not truncate output
configure:3260: result: /bin/sed
configure:3278: checking for grep that handles long lines and -e
configure:3336: result: /bin/grep
configure:3341: checking for egrep
configure:3403: result: /bin/grep -E
configure:3408: checking for fgrep
configure:3470: result: /bin/grep -F
configure:3505: checking for ld used by gcc
configure:3572: result: /usr/bin/ld
configure:3579: checking if the linker (/usr/bin/ld) is GNU ld
configure:3594: result: yes
configure:3606: checking for BSD- or MS-compatible name lister (nm)
configure:3655: result: no
configure:3666: checking for arm-linux-eabi-dumpbin
configure:3696: result: no
configure:3666: checking for arm-linux-eabi-link
configure:3696: result: no
configure:3710: checking for dumpbin
configure:3740: result: no
configure:3710: checking for link
configure:3726: found /usr/bin/link
configure:3737: result: link -dump -symbols
configure:3773: checking the name lister (link -dump -symbols) interface
configure:3780: gcc -c -g -O2  conftest.c >&5
configure:3783: link -dump -symbols "conftest.o"
link: invalid option -- 'd'
Try `link --help' for more information.
configure:3786: output
configure:3793: result: BSD nm
configure:3796: checking whether ln -s works
configure:3800: result: yes
configure:3808: checking the maximum length of command line arguments
configure:3928: result: 1572864
configure:3945: checking whether the shell understands some XSI constructs
configure:3955: result: yes
configure:3959: checking whether the shell understands "+="
configure:3965: result: yes
configure:4000: checking for /usr/bin/ld option to reload object files
configure:4007: result: -r
configure:4036: checking for arm-linux-eabi-objdump
configure:4066: result: no
configure:4076: checking for objdump
configure:4092: found /usr/bin/objdump
configure:4103: result: objdump
configure:4135: checking how to recognize dependent libraries
configure:4331: result: unknown
configure:4351: checking for arm-linux-eabi-ar
configure:4381: result: no
configure:4391: checking for ar
configure:4407: found /usr/bin/ar
configure:4418: result: ar
configure:4456: checking for arm-linux-eabi-strip
configure:4486: result: no
configure:4496: checking for strip
configure:4512: found /usr/bin/strip
configure:4523: result: strip
configure:4555: checking for arm-linux-eabi-ranlib
configure:4585: result: no
configure:4595: checking for ranlib
configure:4611: found /usr/bin/ranlib
configure:4622: result: ranlib
configure:4712: checking command to parse link -dump -symbols output from gcc object
configure:4830: gcc -c -g -O2  conftest.c >&5
configure:4833: $? = 0
configure:4837: link -dump -symbols conftest.o \| sed -n -e 's/^.*[	 ]\([BCDEGRST][BCDEGRST]*\)[	 ][	 ]*\([_A-Za-z][_A-Za-z0-9]*\)$/\1 \2 \2/p' \> conftest.nm
link: invalid option -- 'd'
Try `link --help' for more information.
configure:4840: $? = 0
cannot run sed -n -e 's/^.*[	 ]\([BCDEGRST][BCDEGRST]*\)[	 ][	 ]*\([_A-Za-z][_A-Za-z0-9]*\)$/\1 \2 \2/p'
configure:4830: gcc -c -g -O2  conftest.c >&5
configure:4833: $? = 0
configure:4837: link -dump -symbols conftest.o \| sed -n -e 's/^.*[	 ]\([BCDEGRST][BCDEGRST]*\)[	 ][	 ]*_\([_A-Za-z][_A-Za-z0-9]*\)$/\1 _\2 \2/p' \> conftest.nm
link: invalid option -- 'd'
Try `link --help' for more information.
configure:4840: $? = 0
cannot run sed -n -e 's/^.*[	 ]\([BCDEGRST][BCDEGRST]*\)[	 ][	 ]*_\([_A-Za-z][_A-Za-z0-9]*\)$/\1 _\2 \2/p'
configure:4932: result: failed
configure:5744: checking how to run the C preprocessor
configure:5775: gcc -E  conftest.c
configure:5775: $? = 0
configure:5789: gcc -E  conftest.c
conftest.c:9:28: fatal error: ac_nonexistent.h: No such file or directory
 #include <ac_nonexistent.h>
                            ^
compilation terminated.
configure:5789: $? = 1
configure: failed program was:
| /* confdefs.h */
| #define PACKAGE_NAME ""
| #define PACKAGE_TARNAME ""
| #define PACKAGE_VERSION ""
| #define PACKAGE_STRING ""
| #define PACKAGE_BUGREPORT ""
| #define PACKAGE_URL ""
| /* end confdefs.h.  */
| #include <ac_nonexistent.h>
configure:5814: result: gcc -E
configure:5834: gcc -E  conftest.c
configure:5834: $? = 0
configure:5848: gcc -E  conftest.c
conftest.c:9:28: fatal error: ac_nonexistent.h: No such file or directory
 #include <ac_nonexistent.h>
                            ^
compilation terminated.
configure:5848: $? = 1
configure: failed program was:
| /* confdefs.h */
| #define PACKAGE_NAME ""
| #define PACKAGE_TARNAME ""
| #define PACKAGE_VERSION ""
| #define PACKAGE_STRING ""
| #define PACKAGE_BUGREPORT ""
| #define PACKAGE_URL ""
| /* end confdefs.h.  */
| #include <ac_nonexistent.h>
configure:5877: checking for ANSI C header files
configure:5897: gcc -c -g -O2  conftest.c >&5
configure:5897: $? = 0
configure:5981: result: yes
configure:5994: checking for sys/types.h
configure:5994: gcc -c -g -O2  conftest.c >&5
configure:5994: $? = 0
configure:5994: result: yes
configure:5994: checking for sys/stat.h
configure:5994: gcc -c -g -O2  conftest.c >&5
configure:5994: $? = 0
configure:5994: result: yes
configure:5994: checking for stdlib.h
configure:5994: gcc -c -g -O2  conftest.c >&5
configure:5994: $? = 0
configure:5994: result: yes
configure:5994: checking for string.h
configure:5994: gcc -c -g -O2  conftest.c >&5
configure:5994: $? = 0
configure:5994: result: yes
configure:5994: checking for memory.h
configure:5994: gcc -c -g -O2  conftest.c >&5
configure:5994: $? = 0
configure:5994: result: yes
configure:5994: checking for strings.h
configure:5994: gcc -c -g -O2  conftest.c >&5
configure:5994: $? = 0
configure:5994: result: yes
configure:5994: checking for inttypes.h
configure:5994: gcc -c -g -O2  conftest.c >&5
configure:5994: $? = 0
configure:5994: result: yes
configure:5994: checking for stdint.h
configure:5994: gcc -c -g -O2  conftest.c >&5
configure:5994: $? = 0
configure:5994: result: yes
configure:5994: checking for unistd.h
configure:5994: gcc -c -g -O2  conftest.c >&5
configure:5994: $? = 0
configure:5994: result: yes
configure:6008: checking for dlfcn.h
configure:6008: gcc -c -g -O2  conftest.c >&5
configure:6008: $? = 0
configure:6008: result: yes
configure:6162: checking for objdir
configure:6177: result: .libs
configure:6469: checking if gcc supports -fno-rtti -fno-exceptions
configure:6487: gcc -c -g -O2  -fno-rtti -fno-exceptions conftest.c >&5
cc1: warning: command line option '-fno-rtti' is valid for C++/ObjC++ but not for C [enabled by default]
configure:6491: $? = 0
configure:6504: result: no
configure:6524: checking for gcc option to produce PIC
configure:6796: result: -fPIC -DPIC
configure:6808: checking if gcc PIC flag -fPIC -DPIC works
configure:6826: gcc -c -g -O2  -fPIC -DPIC -DPIC conftest.c >&5
configure:6830: $? = 0
configure:6843: result: yes
configure:6867: checking if gcc static flag -static works
configure:6895: result: yes
configure:6910: checking if gcc supports -c -o file.o
configure:6931: gcc -c -g -O2  -o out/conftest2.o conftest.c >&5
configure:6935: $? = 0
configure:6957: result: yes
configure:6965: checking if gcc supports -c -o file.o
configure:7012: result: yes
configure:7045: checking whether the gcc linker (/usr/bin/ld) supports shared libraries
configure:8031: result: yes
configure:8068: checking whether -lc should be explicitly linked in
configure:8073: gcc -c -g -O2  conftest.c >&5
configure:8076: $? = 0
configure:8091: gcc -shared conftest.o  -v -Wl,-soname -Wl,conftest -o conftest 2\>\&1 \| /bin/grep  -lc  \>/dev/null 2\>\&1
configure:8094: $? = 0
configure:8106: result: no
configure:8270: checking dynamic linker characteristics
configure:8924: result: no
configure:9026: checking how to hardcode library paths into programs
configure:9051: result: immediate
configure:9571: checking whether stripping libraries is possible
configure:9576: result: yes
configure:9611: checking if libtool supports shared libraries
configure:9613: result: no
configure:9616: checking whether to build shared libraries
configure:9637: result: no
configure:9640: checking whether to build static libraries
configure:9644: result: yes
configure:9693: checking for a BSD-compatible install
configure:9761: result: /usr/bin/install -c
configure:9778: checking target system type
configure:9791: result: arm-linux-eabi
configure:9865: checking for SQLite header and library
configure:9915: result: no
configure:9917: WARNING: SQLite2 header files and/or library not found
configure:10226: checking for SQLite3 header and library
configure:10314: result: yes
configure:10382: checking for sqlite3_malloc in -lsqlite3
configure:10407: gcc -o conftest -g -O2 -I/usr/include   conftest.c -lsqlite3   -L/usr/lib >&5
configure:10407: $? = 0
configure:10416: result: yes
configure:10424: checking for sqlite3_prepare_v2 in -lsqlite3
configure:10449: gcc -o conftest -g -O2 -I/usr/include   conftest.c -lsqlite3   -L/usr/lib >&5
configure:10449: $? = 0
configure:10458: result: yes
configure:10466: checking for sqlite3_prepare16_v2 in -lsqlite3
configure:10491: gcc -o conftest -g -O2 -I/usr/include   conftest.c -lsqlite3   -L/usr/lib >&5
configure:10491: $? = 0
configure:10500: result: yes
configure:10508: checking for sqlite3_bind_zeroblob in -lsqlite3
configure:10533: gcc -o conftest -g -O2 -I/usr/include   conftest.c -lsqlite3   -L/usr/lib >&5
configure:10533: $? = 0
configure:10542: result: yes
configure:10550: checking for sqlite3_clear_bindings in -lsqlite3
configure:10575: gcc -o conftest -g -O2 -I/usr/include   conftest.c -lsqlite3   -L/usr/lib >&5
configure:10575: $? = 0
configure:10584: result: yes
configure:10592: checking for sqlite3_column_table_name16 in -lsqlite3
configure:10617: gcc -o conftest -g -O2 -I/usr/include   conftest.c -lsqlite3   -L/usr/lib >&5
/tmp/ccxoUojn.o: In function `main':
/home/mj10777/000_links/gnu_source/adt-bundle-linux/geopaparazzi/spatialite-android/4.1.1/spatialite-android/spatialite-android-library/jni/javasqlite-20131124/conftest.c:32: undefined reference to `sqlite3_column_table_name16'
collect2: error: ld returned 1 exit status
configure:10617: $? = 1
configure: failed program was:
| /* confdefs.h */
| #define PACKAGE_NAME ""
| #define PACKAGE_TARNAME ""
| #define PACKAGE_VERSION ""
| #define PACKAGE_STRING ""
| #define PACKAGE_BUGREPORT ""
| #define PACKAGE_URL ""
| #define STDC_HEADERS 1
| #define HAVE_SYS_TYPES_H 1
| #define HAVE_SYS_STAT_H 1
| #define HAVE_STDLIB_H 1
| #define HAVE_STRING_H 1
| #define HAVE_MEMORY_H 1
| #define HAVE_STRINGS_H 1
| #define HAVE_INTTYPES_H 1
| #define HAVE_STDINT_H 1
| #define HAVE_UNISTD_H 1
| #define HAVE_DLFCN_H 1
| #define LT_OBJDIR ".libs/"
| /* end confdefs.h.  */
| 
| /* Override any GCC internal prototype to avoid an error.
|    Use char because int might match the return type of a GCC
|    builtin and then its argument prototype would still apply.  */
| #ifdef __cplusplus
| extern "C"
| #endif
| char sqlite3_column_table_name16 ();
| int
| main ()
| {
| return sqlite3_column_table_name16 ();
|   ;
|   return 0;
| }
configure:10626: result: no
configure:10634: checking for sqlite3_column_database_name16 in -lsqlite3
configure:10659: gcc -o conftest -g -O2 -I/usr/include   conftest.c -lsqlite3   -L/usr/lib >&5
/tmp/ccf1a8Vu.o: In function `main':
/home/mj10777/000_links/gnu_source/adt-bundle-linux/geopaparazzi/spatialite-android/4.1.1/spatialite-android/spatialite-android-library/jni/javasqlite-20131124/conftest.c:32: undefined reference to `sqlite3_column_database_name16'
collect2: error: ld returned 1 exit status
configure:10659: $? = 1
configure: failed program was:
| /* confdefs.h */
| #define PACKAGE_NAME ""
| #define PACKAGE_TARNAME ""
| #define PACKAGE_VERSION ""
| #define PACKAGE_STRING ""
| #define PACKAGE_BUGREPORT ""
| #define PACKAGE_URL ""
| #define STDC_HEADERS 1
| #define HAVE_SYS_TYPES_H 1
| #define HAVE_SYS_STAT_H 1
| #define HAVE_STDLIB_H 1
| #define HAVE_STRING_H 1
| #define HAVE_MEMORY_H 1
| #define HAVE_STRINGS_H 1
| #define HAVE_INTTYPES_H 1
| #define HAVE_STDINT_H 1
| #define HAVE_UNISTD_H 1
| #define HAVE_DLFCN_H 1
| #define LT_OBJDIR ".libs/"
| /* end confdefs.h.  */
| 
| /* Override any GCC internal prototype to avoid an error.
|    Use char because int might match the return type of a GCC
|    builtin and then its argument prototype would still apply.  */
| #ifdef __cplusplus
| extern "C"
| #endif
| char sqlite3_column_database_name16 ();
| int
| main ()
| {
| return sqlite3_column_database_name16 ();
|   ;
|   return 0;
| }
configure:10668: result: no
configure:10676: checking for sqlite3_column_origin_name16 in -lsqlite3
configure:10701: gcc -o conftest -g -O2 -I/usr/include   conftest.c -lsqlite3   -L/usr/lib >&5
/tmp/ccHUyNFB.o: In function `main':
/home/mj10777/000_links/gnu_source/adt-bundle-linux/geopaparazzi/spatialite-android/4.1.1/spatialite-android/spatialite-android-library/jni/javasqlite-20131124/conftest.c:32: undefined reference to `sqlite3_column_origin_name16'
collect2: error: ld returned 1 exit status
configure:10701: $? = 1
configure: failed program was:
| /* confdefs.h */
| #define PACKAGE_NAME ""
| #define PACKAGE_TARNAME ""
| #define PACKAGE_VERSION ""
| #define PACKAGE_STRING ""
| #define PACKAGE_BUGREPORT ""
| #define PACKAGE_URL ""
| #define STDC_HEADERS 1
| #define HAVE_SYS_TYPES_H 1
| #define HAVE_SYS_STAT_H 1
| #define HAVE_STDLIB_H 1
| #define HAVE_STRING_H 1
| #define HAVE_MEMORY_H 1
| #define HAVE_STRINGS_H 1
| #define HAVE_INTTYPES_H 1
| #define HAVE_STDINT_H 1
| #define HAVE_UNISTD_H 1
| #define HAVE_DLFCN_H 1
| #define LT_OBJDIR ".libs/"
| /* end confdefs.h.  */
| 
| /* Override any GCC internal prototype to avoid an error.
|    Use char because int might match the return type of a GCC
|    builtin and then its argument prototype would still apply.  */
| #ifdef __cplusplus
| extern "C"
| #endif
| char sqlite3_column_origin_name16 ();
| int
| main ()
| {
| return sqlite3_column_origin_name16 ();
|   ;
|   return 0;
| }
configure:10710: result: no
configure:10718: checking for sqlite3_bind_parameter_count in -lsqlite3
configure:10743: gcc -o conftest -g -O2 -I/usr/include   conftest.c -lsqlite3   -L/usr/lib >&5
configure:10743: $? = 0
configure:10752: result: yes
configure:10760: checking for sqlite3_bind_parameter_name in -lsqlite3
configure:10785: gcc -o conftest -g -O2 -I/usr/include   conftest.c -lsqlite3   -L/usr/lib >&5
configure:10785: $? = 0
configure:10794: result: yes
configure:10802: checking for sqlite3_bind_parameter_index in -lsqlite3
configure:10827: gcc -o conftest -g -O2 -I/usr/include   conftest.c -lsqlite3   -L/usr/lib >&5
configure:10827: $? = 0
configure:10836: result: yes
configure:10844: checking for sqlite3_result_zeroblob in -lsqlite3
configure:10869: gcc -o conftest -g -O2 -I/usr/include   conftest.c -lsqlite3   -L/usr/lib >&5
configure:10869: $? = 0
configure:10878: result: yes
configure:10886: checking for sqlite3_blob_open in -lsqlite3
configure:10911: gcc -o conftest -g -O2 -I/usr/include   conftest.c -lsqlite3   -L/usr/lib >&5
configure:10911: $? = 0
configure:10920: result: yes
configure:10928: checking for sqlite3_key in -lsqlite3
configure:10953: gcc -o conftest -g -O2 -I/usr/include   conftest.c -lsqlite3   -L/usr/lib >&5
/tmp/ccGnGQm3.o: In function `main':
/home/mj10777/000_links/gnu_source/adt-bundle-linux/geopaparazzi/spatialite-android/4.1.1/spatialite-android/spatialite-android-library/jni/javasqlite-20131124/conftest.c:32: undefined reference to `sqlite3_key'
collect2: error: ld returned 1 exit status
configure:10953: $? = 1
configure: failed program was:
| /* confdefs.h */
| #define PACKAGE_NAME ""
| #define PACKAGE_TARNAME ""
| #define PACKAGE_VERSION ""
| #define PACKAGE_STRING ""
| #define PACKAGE_BUGREPORT ""
| #define PACKAGE_URL ""
| #define STDC_HEADERS 1
| #define HAVE_SYS_TYPES_H 1
| #define HAVE_SYS_STAT_H 1
| #define HAVE_STDLIB_H 1
| #define HAVE_STRING_H 1
| #define HAVE_MEMORY_H 1
| #define HAVE_STRINGS_H 1
| #define HAVE_INTTYPES_H 1
| #define HAVE_STDINT_H 1
| #define HAVE_UNISTD_H 1
| #define HAVE_DLFCN_H 1
| #define LT_OBJDIR ".libs/"
| /* end confdefs.h.  */
| 
| /* Override any GCC internal prototype to avoid an error.
|    Use char because int might match the return type of a GCC
|    builtin and then its argument prototype would still apply.  */
| #ifdef __cplusplus
| extern "C"
| #endif
| char sqlite3_key ();
| int
| main ()
| {
| return sqlite3_key ();
|   ;
|   return 0;
| }
configure:10962: result: no
configure:10970: checking for sqlite3_rekey in -lsqlite3
configure:10995: gcc -o conftest -g -O2 -I/usr/include   conftest.c -lsqlite3   -L/usr/lib >&5
/tmp/cccV8w29.o: In function `main':
/home/mj10777/000_links/gnu_source/adt-bundle-linux/geopaparazzi/spatialite-android/4.1.1/spatialite-android/spatialite-android-library/jni/javasqlite-20131124/conftest.c:32: undefined reference to `sqlite3_rekey'
collect2: error: ld returned 1 exit status
configure:10995: $? = 1
configure: failed program was:
| /* confdefs.h */
| #define PACKAGE_NAME ""
| #define PACKAGE_TARNAME ""
| #define PACKAGE_VERSION ""
| #define PACKAGE_STRING ""
| #define PACKAGE_BUGREPORT ""
| #define PACKAGE_URL ""
| #define STDC_HEADERS 1
| #define HAVE_SYS_TYPES_H 1
| #define HAVE_SYS_STAT_H 1
| #define HAVE_STDLIB_H 1
| #define HAVE_STRING_H 1
| #define HAVE_MEMORY_H 1
| #define HAVE_STRINGS_H 1
| #define HAVE_INTTYPES_H 1
| #define HAVE_STDINT_H 1
| #define HAVE_UNISTD_H 1
| #define HAVE_DLFCN_H 1
| #define LT_OBJDIR ".libs/"
| /* end confdefs.h.  */
| 
| /* Override any GCC internal prototype to avoid an error.
|    Use char because int might match the return type of a GCC
|    builtin and then its argument prototype would still apply.  */
| #ifdef __cplusplus
| extern "C"
| #endif
| char sqlite3_rekey ();
| int
| main ()
| {
| return sqlite3_rekey ();
|   ;
|   return 0;
| }
configure:11004: result: no
configure:11017: checking for sqlite3_enable_shared_cache in -lsqlite3
configure:11042: gcc -o conftest -g -O2 -I/usr/include   conftest.c -lsqlite3   -L/usr/lib >&5
configure:11042: $? = 0
configure:11051: result: yes
configure:11059: checking for sqlite3_open_v2 in -lsqlite3
configure:11084: gcc -o conftest -g -O2 -I/usr/include   conftest.c -lsqlite3   -L/usr/lib >&5
configure:11084: $? = 0
configure:11093: result: yes
configure:11145: checking for sqlite3_backup_init in -lsqlite3
configure:11170: gcc -o conftest -g -O2 -I/usr/include   conftest.c -lsqlite3   -L/usr/lib >&5
configure:11170: $? = 0
configure:11179: result: yes
configure:11187: checking for sqlite3_profile in -lsqlite3
configure:11212: gcc -o conftest -g -O2 -I/usr/include   conftest.c -lsqlite3   -L/usr/lib >&5
configure:11212: $? = 0
configure:11221: result: yes
configure:11229: checking for sqlite3_status in -lsqlite3
configure:11254: gcc -o conftest -g -O2 -I/usr/include   conftest.c -lsqlite3   -L/usr/lib >&5
configure:11254: $? = 0
configure:11263: result: yes
configure:11271: checking for sqlite3_db_status in -lsqlite3
configure:11296: gcc -o conftest -g -O2 -I/usr/include   conftest.c -lsqlite3   -L/usr/lib >&5
configure:11296: $? = 0
configure:11305: result: yes
configure:11313: checking for sqlite3_stmt_status in -lsqlite3
configure:11338: gcc -o conftest -g -O2 -I/usr/include   conftest.c -lsqlite3   -L/usr/lib >&5
configure:11338: $? = 0
configure:11347: result: yes
configure:11392: checking for usable SQLite
configure:11397: result: yes
configure:11405: checking va_list usage
configure:11462: result: NOT using sqlite_exec_vprintf/sqlite_vmprintf
configure:11473: checking for readlink
configure:11489: found /bin/readlink
configure:11500: result: readlink
configure:11528: result: will install sqlite.jar into /usr/lib/jvm/java-6-openjdk-amd64/jre/lib/ext
configure:11549: result: will install libsqlite_jni into /usr/lib/jvm/java-6-openjdk-amd64/jre/lib/arm
configure:11608: result: setting JNI include file directives: -I/usr/lib/jvm/java-6-openjdk-amd64/include -I/usr/lib/jvm/java-6-openjdk-amd64/include/linux
configure:11624: result: using JDBC driver from JDBC2z directory
configure:11807: creating ./config.status

## ---------------------- ##
## Running config.status. ##
## ---------------------- ##

This file was extended by config.status, which was
generated by GNU Autoconf 2.68.  Invocation command line was

  CONFIG_FILES    = 
  CONFIG_HEADERS  = 
  CONFIG_LINKS    = 
  CONFIG_COMMANDS = 
  $ ./config.status 

on mj10777-01-l

config.status:1012: creating Makefile
config.status:1178: executing libtool commands

## ---------------- ##
## Cache variables. ##
## ---------------- ##

ac_cv_build=x86_64-pc-linux-gnu
ac_cv_c_compiler_gnu=yes
ac_cv_env_CC_set=
ac_cv_env_CC_value=
ac_cv_env_CFLAGS_set=
ac_cv_env_CFLAGS_value=
ac_cv_env_CPPFLAGS_set=
ac_cv_env_CPPFLAGS_value=
ac_cv_env_CPP_set=
ac_cv_env_CPP_value=
ac_cv_env_LDFLAGS_set=
ac_cv_env_LDFLAGS_value=
ac_cv_env_LIBS_set=
ac_cv_env_LIBS_value=
ac_cv_env_build_alias_set=set
ac_cv_env_build_alias_value=x86_64-pc-linux-gnu
ac_cv_env_host_alias_set=set
ac_cv_env_host_alias_value=arm-linux-eabi
ac_cv_env_target_alias_set=
ac_cv_env_target_alias_value=
ac_cv_header_dlfcn_h=yes
ac_cv_header_inttypes_h=yes
ac_cv_header_memory_h=yes
ac_cv_header_stdc=yes
ac_cv_header_stdint_h=yes
ac_cv_header_stdlib_h=yes
ac_cv_header_string_h=yes
ac_cv_header_strings_h=yes
ac_cv_header_sys_stat_h=yes
ac_cv_header_sys_types_h=yes
ac_cv_header_unistd_h=yes
ac_cv_host=arm-linux-eabi
ac_cv_lib_sqlite3_sqlite3_backup_init=yes
ac_cv_lib_sqlite3_sqlite3_bind_parameter_count=yes
ac_cv_lib_sqlite3_sqlite3_bind_parameter_index=yes
ac_cv_lib_sqlite3_sqlite3_bind_parameter_name=yes
ac_cv_lib_sqlite3_sqlite3_bind_zeroblob=yes
ac_cv_lib_sqlite3_sqlite3_blob_open=yes
ac_cv_lib_sqlite3_sqlite3_clear_bindings=yes
ac_cv_lib_sqlite3_sqlite3_column_database_name16=no
ac_cv_lib_sqlite3_sqlite3_column_origin_name16=no
ac_cv_lib_sqlite3_sqlite3_column_table_name16=no
ac_cv_lib_sqlite3_sqlite3_db_status=yes
ac_cv_lib_sqlite3_sqlite3_enable_shared_cache=yes
ac_cv_lib_sqlite3_sqlite3_key=no
ac_cv_lib_sqlite3_sqlite3_malloc=yes
ac_cv_lib_sqlite3_sqlite3_open_v2=yes
ac_cv_lib_sqlite3_sqlite3_prepare16_v2=yes
ac_cv_lib_sqlite3_sqlite3_prepare_v2=yes
ac_cv_lib_sqlite3_sqlite3_profile=yes
ac_cv_lib_sqlite3_sqlite3_rekey=no
ac_cv_lib_sqlite3_sqlite3_result_zeroblob=yes
ac_cv_lib_sqlite3_sqlite3_status=yes
ac_cv_lib_sqlite3_sqlite3_stmt_status=yes
ac_cv_objext=o
ac_cv_path_EGREP='/bin/grep -E'
ac_cv_path_FGREP='/bin/grep -F'
ac_cv_path_GREP=/bin/grep
ac_cv_path_SED=/bin/sed
ac_cv_path_install='/usr/bin/install -c'
ac_cv_prog_CPP='gcc -E'
ac_cv_prog_READLINK=readlink
ac_cv_prog_ac_ct_AR=ar
ac_cv_prog_ac_ct_CC=gcc
ac_cv_prog_ac_ct_DUMPBIN='link -dump -symbols'
ac_cv_prog_ac_ct_OBJDUMP=objdump
ac_cv_prog_ac_ct_RANLIB=ranlib
ac_cv_prog_ac_ct_STRIP=strip
ac_cv_prog_cc_c89=
ac_cv_prog_cc_g=yes
ac_cv_target=arm-linux-eabi
lt_cv_deplibs_check_method=unknown
lt_cv_file_magic_cmd='$MAGIC_CMD'
lt_cv_file_magic_test_file=
lt_cv_ld_reload_flag=-r
lt_cv_nm_interface='BSD nm'
lt_cv_objdir=.libs
lt_cv_path_LD=/usr/bin/ld
lt_cv_path_NM=no
lt_cv_prog_compiler_c_o=yes
lt_cv_prog_compiler_pic_works=yes
lt_cv_prog_compiler_rtti_exceptions=no
lt_cv_prog_compiler_static_works=yes
lt_cv_prog_gnu_ld=yes
lt_cv_sys_global_symbol_pipe=
lt_cv_sys_global_symbol_to_c_name_address='sed -n -e '\''s/^: \([^ ]*\) $/  {\"\1\", (void *) 0},/p'\'' -e '\''s/^[BCDEGRST]* \([^ ]*\) \([^ ]*\)$/  {"\2", (void *) \&\2},/p'\'''
lt_cv_sys_global_symbol_to_c_name_address_lib_prefix='sed -n -e '\''s/^: \([^ ]*\) $/  {\"\1\", (void *) 0},/p'\'' -e '\''s/^[BCDEGRST]* \([^ ]*\) \(lib[^ ]*\)$/  {"\2", (void *) \&\2},/p'\'' -e '\''s/^[BCDEGRST]* \([^ ]*\) \([^ ]*\)$/  {"lib\2", (void *) \&\2},/p'\'''
lt_cv_sys_global_symbol_to_cdecl=
lt_cv_sys_max_cmd_len=1572864

## ----------------- ##
## Output variables. ##
## ----------------- ##

AR='ar'
CC='gcc'
CFLAGS='-g -O2'
CPP='gcc -E'
CPPFLAGS=''
DEFS='-DPACKAGE_NAME=\"\" -DPACKAGE_TARNAME=\"\" -DPACKAGE_VERSION=\"\" -DPACKAGE_STRING=\"\" -DPACKAGE_BUGREPORT=\"\" -DPACKAGE_URL=\"\" -DSTDC_HEADERS=1 -DHAVE_SYS_TYPES_H=1 -DHAVE_SYS_STAT_H=1 -DHAVE_STDLIB_H=1 -DHAVE_STRING_H=1 -DHAVE_MEMORY_H=1 -DHAVE_STRINGS_H=1 -DHAVE_INTTYPES_H=1 -DHAVE_STDINT_H=1 -DHAVE_UNISTD_H=1 -DHAVE_DLFCN_H=1 -DLT_OBJDIR=\".libs/\"'
DSYMUTIL=''
DUMPBIN='link -dump -symbols'
ECHO_C=''
ECHO_N='-n'
ECHO_T=''
EGREP='/bin/grep -E'
EXEEXT=''
FGREP='/bin/grep -F'
GREP='/bin/grep'
HAVE_SQLITE2='0'
HAVE_SQLITE3='1'
HAVE_SQLITE3_BACKUPAPI='1'
HAVE_SQLITE3_BIND_PARAMETER_COUNT='1'
HAVE_SQLITE3_BIND_PARAMETER_INDEX='1'
HAVE_SQLITE3_BIND_PARAMETER_NAME='1'
HAVE_SQLITE3_BIND_ZEROBLOB='1'
HAVE_SQLITE3_CLEAR_BINDINGS='1'
HAVE_SQLITE3_COLUMN_DATABASE_NAME16='0'
HAVE_SQLITE3_COLUMN_ORIGIN_NAME16='0'
HAVE_SQLITE3_COLUMN_TABLE_NAME16='0'
HAVE_SQLITE3_DB_STATUS='1'
HAVE_SQLITE3_INCRBLOBIO='1'
HAVE_SQLITE3_KEY='0'
HAVE_SQLITE3_LOAD_EXTENSION='0'
HAVE_SQLITE3_MALLOC='1'
HAVE_SQLITE3_OPEN_V2='1'
HAVE_SQLITE3_PREPARE16_V2='1'
HAVE_SQLITE3_PREPARE_V2='1'
HAVE_SQLITE3_PROFILE='1'
HAVE_SQLITE3_RESULT_ZEROBLOB='1'
HAVE_SQLITE3_SHARED_CACHE='1'
HAVE_SQLITE3_STATUS='1'
HAVE_SQLITE3_STMT_STATUS='1'
HAVE_SQLITE_COMPILE='0'
HAVE_SQLITE_FUNCTION_TYPE='0'
HAVE_SQLITE_OPEN_AUX_FILE='0'
HAVE_SQLITE_PROGRESS_HANDLER='0'
HAVE_SQLITE_SET_AUTHORIZER='0'
HAVE_SQLITE_TRACE='0'
HOSTCC='cc'
HOST_CFLAGS=''
INSTALL_DATA='${INSTALL} -m 644'
INSTALL_PROGRAM='${INSTALL}'
INSTALL_SCRIPT='${INSTALL}'
JAR='/usr/lib/jvm/java-6-openjdk-amd64/bin/jar'
JAR_DIR='/usr/lib/jvm/java-6-openjdk-amd64/jre/lib/ext'
JAVAC='/usr/lib/jvm/java-6-openjdk-amd64/bin/javac -nowarn'
JAVAC_FLAGS=''
JAVADOC='/usr/lib/jvm/java-6-openjdk-amd64/bin/javadoc'
JAVAH='/usr/lib/jvm/java-6-openjdk-amd64/bin/javah -jni'
JAVA_FLAGS=''
JAVA_RUN='/usr/lib/jvm/java-6-openjdk-amd64/bin/java'
JDBCVER='JDBC2z'
JNIINCLUDE='-I/usr/lib/jvm/java-6-openjdk-amd64/include -I/usr/lib/jvm/java-6-openjdk-amd64/include/linux'
LD='/usr/bin/ld'
LDFLAGS=''
LIBOBJS=''
LIBS=''
LIBTOOL='$(SHELL) $(top_builddir)/libtool'
LIPO=''
LN_S='ln -s'
LTLIBOBJS=''
NATIVE_LIB_DIR='/usr/lib/jvm/java-6-openjdk-amd64/jre/lib/arm'
NM='link -dump -symbols'
NMEDIT=''
OBJDUMP='objdump'
OBJEXT='o'
OTOOL64=''
OTOOL=''
PACKAGE_BUGREPORT=''
PACKAGE_NAME=''
PACKAGE_STRING=''
PACKAGE_TARNAME=''
PACKAGE_URL=''
PACKAGE_VERSION=''
PATH_SEPARATOR=':'
RANLIB='ranlib'
READLINK='readlink'
SED='/bin/sed'
SHELL='/bin/bash'
SQLITE3_A10N_C='native/dummy.c'
SQLITE3_A10N_FLAGS=''
SQLITE3_A10N_O='dummy.lo'
SQLITE3_INC='-I/usr/include'
SQLITE3_LIB='/usr/lib/libsqlite3.la'
SQLITE_INC=''
SQLITE_LIB=''
STRIP='strip'
VALIST_FLAGS='-DCANT_PASS_VALIST_AS_CHARPTR=1'
ac_ct_CC='gcc'
ac_ct_DUMPBIN='link -dump -symbols'
bindir='${exec_prefix}/bin'
build='x86_64-pc-linux-gnu'
build_alias='x86_64-pc-linux-gnu'
build_cpu='x86_64'
build_os='linux-gnu'
build_vendor='pc'
datadir='${datarootdir}'
datarootdir='${prefix}/share'
docdir='${datarootdir}/doc/${PACKAGE}'
dvidir='${docdir}'
exec_prefix='/usr/local'
host='arm-linux-eabi'
host_alias='arm-linux-eabi'
host_cpu='arm'
host_os='eabi'
host_vendor='linux'
htmldir='${docdir}'
includedir='${prefix}/include'
infodir='${datarootdir}/info'
libdir='/usr/local/lib'
libexecdir='${exec_prefix}/libexec'
localedir='${datarootdir}/locale'
localstatedir='${prefix}/var'
lt_ECHO='echo'
mandir='${datarootdir}/man'
oldincludedir='/usr/include'
pdfdir='${docdir}'
prefix='/usr/local'
program_transform_name='s,x,x,'
psdir='${docdir}'
sbindir='${exec_prefix}/sbin'
sharedstatedir='${prefix}/com'
sysconfdir='${prefix}/etc'
target='arm-linux-eabi'
target_alias=''
target_cpu='arm'
target_os='eabi'
target_vendor='linux'

## ----------- ##
## confdefs.h. ##
## ----------- ##

/* confdefs.h */
#define PACKAGE_NAME ""
#define PACKAGE_TARNAME ""
#define PACKAGE_VERSION ""
#define PACKAGE_STRING ""
#define PACKAGE_BUGREPORT ""
#define PACKAGE_URL ""
#define STDC_HEADERS 1
#define HAVE_SYS_TYPES_H 1
#define HAVE_SYS_STAT_H 1
#define HAVE_STDLIB_H 1
#define HAVE_STRING_H 1
#define HAVE_MEMORY_H 1
#define HAVE_STRINGS_H 1
#define HAVE_INTTYPES_H 1
#define HAVE_STDINT_H 1
#define HAVE_UNISTD_H 1
#define HAVE_DLFCN_H 1
#define LT_OBJDIR ".libs/"

configure: exit 0
